L 06/17/2016 - 19:51:36: SourceMod error session started
L 06/17/2016 - 19:51:36: Info (map "vsh_apg_v2") (file "errors_20160617.log")
L 06/17/2016 - 19:51:36: [SM] Warning(s) encountered in translation file "freak_fortress_2.phrases.txt"
L 06/17/2016 - 19:51:36: [SM] Invalid token ' ' in #format property on line 71.
L 06/17/2016 - 19:51:36: [SM] Invalid token ' ' in #format property on line 424.
L 06/17/2016 - 19:51:36: [SM] Invalid token ' ' in #format property on line 429.
L 06/17/2016 - 19:51:36: [SM] Invalid token ' ' in #format property on line 429.
L 06/17/2016 - 19:51:36: [SM] Invalid token ' ' in #format property on line 438.
L 06/17/2016 - 19:51:36: [SM] Invalid token ' ' in #format property on line 438.
L 06/17/2016 - 19:51:36: [SM] Invalid token ' ' in #format property on line 438.
L 06/17/2016 - 19:51:37: [SM] Unable to load plugin "rockthevote.smx": Could not find required plugin "mapchooser"
L 06/17/2016 - 19:51:53: [nextmap.smx] FATAL: Cannot load map cycle. Nextmap not loaded.
L 06/17/2016 - 19:51:53: [SM] Plugin encountered error 25: Call was aborted
L 06/17/2016 - 19:51:53: [SM] Native "SetFailState" reported: Mapcycle Not Found
L 06/17/2016 - 19:51:53: [SM] Displaying call stack trace for plugin "nextmap.smx":
L 06/17/2016 - 19:51:53: [SM]   [0]  Line 139, D:\builds\build-sourcemod-msvc12\windows-1.7\build\plugins\nextmap.sp::FindAndSetNextMap()
L 06/17/2016 - 19:51:53: [SM]   [1]  Line 109, D:\builds\build-sourcemod-msvc12\windows-1.7\build\plugins\nextmap.sp::OnConfigsExecuted()
L 06/17/2016 - 19:55:09: Error log file session closed.
L 06/17/2016 - 19:59:30: SourceMod error session started
L 06/17/2016 - 19:59:30: Info (map "vsh_apg_v2") (file "errors_20160617.log")
L 06/17/2016 - 19:59:30: [SM] Warning(s) encountered in translation file "freak_fortress_2.phrases.txt"
L 06/17/2016 - 19:59:30: [SM] Invalid token ' ' in #format property on line 71.
L 06/17/2016 - 19:59:30: [SM] Invalid token ' ' in #format property on line 424.
L 06/17/2016 - 19:59:30: [SM] Invalid token ' ' in #format property on line 429.
L 06/17/2016 - 19:59:30: [SM] Invalid token ' ' in #format property on line 429.
L 06/17/2016 - 19:59:30: [SM] Invalid token ' ' in #format property on line 438.
L 06/17/2016 - 19:59:30: [SM] Invalid token ' ' in #format property on line 438.
L 06/17/2016 - 19:59:30: [SM] Invalid token ' ' in #format property on line 438.
L 06/17/2016 - 19:59:30: [SM] Unable to load plugin "rockthevote.smx": Could not find required plugin "mapchooser"
L 06/17/2016 - 19:59:43: [nextmap.smx] FATAL: Cannot load map cycle. Nextmap not loaded.
L 06/17/2016 - 19:59:43: [SM] Plugin encountered error 25: Call was aborted
L 06/17/2016 - 19:59:43: [SM] Native "SetFailState" reported: Mapcycle Not Found
L 06/17/2016 - 19:59:43: [SM] Displaying call stack trace for plugin "nextmap.smx":
L 06/17/2016 - 19:59:43: [SM]   [0]  Line 139, D:\builds\build-sourcemod-msvc12\windows-1.7\build\plugins\nextmap.sp::FindAndSetNextMap()
L 06/17/2016 - 19:59:43: [SM]   [1]  Line 109, D:\builds\build-sourcemod-msvc12\windows-1.7\build\plugins\nextmap.sp::OnConfigsExecuted()
L 06/17/2016 - 20:07:08: [SM] Native "KvJumpToKey" reported: Invalid key value handle 0 (error 4)
L 06/17/2016 - 20:07:08: [SM] Displaying call stack trace for plugin "freak_fortress_2.smx":
L 06/17/2016 - 20:07:08: [SM]   [0]  Line 8785, C:\ff2_ver2\steamapps\common\Team Fortress 2 Dedicated Server\tf\addons\sourcemod\scripting\freak_fortress_2.sp::MusicTogglePanel()
L 06/17/2016 - 20:07:08: [SM]   [1]  Line 8446, C:\ff2_ver2\steamapps\common\Team Fortress 2 Dedicated Server\tf\addons\sourcemod\scripting\freak_fortress_2.sp::FF2PanelH()
L 06/17/2016 - 20:07:10: [SM] Native "KvJumpToKey" reported: Invalid key value handle 0 (error 4)
L 06/17/2016 - 20:07:10: [SM] Displaying call stack trace for plugin "freak_fortress_2.smx":
L 06/17/2016 - 20:07:10: [SM]   [0]  Line 8785, C:\ff2_ver2\steamapps\common\Team Fortress 2 Dedicated Server\tf\addons\sourcemod\scripting\freak_fortress_2.sp::MusicTogglePanel()
L 06/17/2016 - 20:07:10: [SM]   [1]  Line 8446, C:\ff2_ver2\steamapps\common\Team Fortress 2 Dedicated Server\tf\addons\sourcemod\scripting\freak_fortress_2.sp::FF2PanelH()
L 06/17/2016 - 20:07:20: [SM] Native "KvJumpToKey" reported: Invalid key value handle 0 (error 4)
L 06/17/2016 - 20:07:20: [SM] Displaying call stack trace for plugin "freak_fortress_2.smx":
L 06/17/2016 - 20:07:20: [SM]   [0]  Line 8785, C:\ff2_ver2\steamapps\common\Team Fortress 2 Dedicated Server\tf\addons\sourcemod\scripting\freak_fortress_2.sp::MusicTogglePanel()
L 06/17/2016 - 20:07:20: [SM]   [1]  Line 1350, C:\ff2_ver2\steamapps\common\Team Fortress 2 Dedicated Server\tf\addons\sourcemod\scripting\freak_fortress_2.sp::Listener_Say()
L 06/17/2016 - 20:12:46: Error log file session closed.
L 06/17/2016 - 20:12:59: SourceMod error session started
L 06/17/2016 - 20:12:59: Info (map "vsh_apg_v2") (file "errors_20160617.log")
L 06/17/2016 - 20:12:59: [SM] Warning(s) encountered in translation file "freak_fortress_2.phrases.txt"
L 06/17/2016 - 20:12:59: [SM] Invalid token ' ' in #format property on line 71.
L 06/17/2016 - 20:12:59: [SM] Invalid token ' ' in #format property on line 424.
L 06/17/2016 - 20:12:59: [SM] Invalid token ' ' in #format property on line 429.
L 06/17/2016 - 20:12:59: [SM] Invalid token ' ' in #format property on line 429.
L 06/17/2016 - 20:12:59: [SM] Invalid token ' ' in #format property on line 438.
L 06/17/2016 - 20:12:59: [SM] Invalid token ' ' in #format property on line 438.
L 06/17/2016 - 20:12:59: [SM] Invalid token ' ' in #format property on line 438.
L 06/17/2016 - 20:12:59: [SM] Unable to load plugin "rockthevote.smx": Could not find required plugin "mapchooser"
L 06/17/2016 - 20:13:16: [nextmap.smx] FATAL: Cannot load map cycle. Nextmap not loaded.
L 06/17/2016 - 20:13:16: [SM] Plugin encountered error 25: Call was aborted
L 06/17/2016 - 20:13:16: [SM] Native "SetFailState" reported: Mapcycle Not Found
L 06/17/2016 - 20:13:16: [SM] Displaying call stack trace for plugin "nextmap.smx":
L 06/17/2016 - 20:13:16: [SM]   [0]  Line 139, D:\builds\build-sourcemod-msvc12\windows-1.7\build\plugins\nextmap.sp::FindAndSetNextMap()
L 06/17/2016 - 20:13:16: [SM]   [1]  Line 109, D:\builds\build-sourcemod-msvc12\windows-1.7\build\plugins\nextmap.sp::OnConfigsExecuted()
L 06/17/2016 - 20:19:14: [SM] Native "ReadPackCell" reported: Invalid data pack handle 0 (error 4)
L 06/17/2016 - 20:19:14: [SM] Displaying call stack trace for plugin "ff2_deathmatch.smx":
L 06/17/2016 - 20:19:14: [SM]   [0]  Line 327, C:\ff2_ver2\steamapps\common\Team Fortress 2 Dedicated Server\tf\addons\sourcemod\scripting\ff2_deathmatch.sp::BeLastMan()
L 06/17/2016 - 20:31:14: [SM] Plugin encountered error 8: Not enough space on the stack
L 06/17/2016 - 20:31:14: [SM] Displaying call stack trace for plugin "ff2_deathmatch.smx":
L 06/17/2016 - 20:31:14: [SM]   [0]  Line 103, C:\ff2_ver2\steamapps\common\Team Fortress 2 Dedicated Server\tf\addons\sourcemod\scripting\ff2_deathmatch.sp::OnTakeDamage()
L 06/17/2016 - 21:06:12: [SM] Native "KillTimer" reported: Invalid timer handle 1ce3014e (error 1)
L 06/17/2016 - 21:06:12: [SM] Displaying call stack trace for plugin "freak_fortress_2.smx":
L 06/17/2016 - 21:06:12: [SM]   [0]  Line 1816, C:\ff2_ver2\steamapps\common\Team Fortress 2 Dedicated Server\tf\addons\sourcemod\scripting\freak_fortress_2.sp::DisableFF2()
L 06/17/2016 - 21:06:12: [SM]   [1]  Line 1696, C:\ff2_ver2\steamapps\common\Team Fortress 2 Dedicated Server\tf\addons\sourcemod\scripting\freak_fortress_2.sp::OnMapEnd()
L 06/17/2016 - 21:06:12: Error log file session closed.
L 06/17/2016 - 21:06:26: SourceMod error session started
L 06/17/2016 - 21:06:26: Info (map "vsh_apg_v2") (file "errors_20160617.log")
L 06/17/2016 - 21:06:26: [SM] Warning(s) encountered in translation file "freak_fortress_2.phrases.txt"
L 06/17/2016 - 21:06:26: [SM] Invalid token ' ' in #format property on line 71.
L 06/17/2016 - 21:06:26: [SM] Invalid token ' ' in #format property on line 424.
L 06/17/2016 - 21:06:26: [SM] Invalid token ' ' in #format property on line 429.
L 06/17/2016 - 21:06:26: [SM] Invalid token ' ' in #format property on line 429.
L 06/17/2016 - 21:06:26: [SM] Invalid token ' ' in #format property on line 438.
L 06/17/2016 - 21:06:26: [SM] Invalid token ' ' in #format property on line 438.
L 06/17/2016 - 21:06:26: [SM] Invalid token ' ' in #format property on line 438.
L 06/17/2016 - 21:06:26: [SM] Unable to load plugin "rockthevote.smx": Could not find required plugin "mapchooser"
L 06/17/2016 - 21:06:39: [nextmap.smx] FATAL: Cannot load map cycle. Nextmap not loaded.
L 06/17/2016 - 21:06:39: [SM] Plugin encountered error 25: Call was aborted
L 06/17/2016 - 21:06:39: [SM] Native "SetFailState" reported: Mapcycle Not Found
L 06/17/2016 - 21:06:39: [SM] Displaying call stack trace for plugin "nextmap.smx":
L 06/17/2016 - 21:06:39: [SM]   [0]  Line 139, D:\builds\build-sourcemod-msvc12\windows-1.7\build\plugins\nextmap.sp::FindAndSetNextMap()
L 06/17/2016 - 21:06:39: [SM]   [1]  Line 109, D:\builds\build-sourcemod-msvc12\windows-1.7\build\plugins\nextmap.sp::OnConfigsExecuted()
L 06/17/2016 - 21:11:32: [SM] Native "ReadPackCell" reported: Invalid data pack handle 6f50198 (error 3)
L 06/17/2016 - 21:11:32: [SM] Displaying call stack trace for plugin "ff2_deathmatch.smx":
L 06/17/2016 - 21:11:32: [SM]   [0]  Line 332, C:\ff2_ver2\steamapps\common\Team Fortress 2 Dedicated Server\tf\addons\sourcemod\scripting\ff2_deathmatch.sp::BeLastMan()
L 06/17/2016 - 21:21:59: [freak_fortress_2.smx] [FF2 Bosses] Character spyper is missing file 'sound/vo/taunts/spy_taunt_rps_lose_11.mp3' in section 'sound_stabbed'!
L 06/17/2016 - 21:28:43: [freak_fortress_2.smx] [FF2 Bosses] Character spyper is missing file 'sound/vo/taunts/spy_taunt_rps_lose_11.mp3' in section 'sound_stabbed'!
L 06/17/2016 - 21:31:30: [SM] Native "ReadPackCell" reported: Invalid data pack handle 1bb60148 (error 3)
L 06/17/2016 - 21:31:30: [SM] Displaying call stack trace for plugin "ff2_deathmatch.smx":
L 06/17/2016 - 21:31:30: [SM]   [0]  Line 332, C:\ff2_ver2\steamapps\common\Team Fortress 2 Dedicated Server\tf\addons\sourcemod\scripting\ff2_deathmatch.sp::BeLastMan()
L 06/17/2016 - 21:37:25: [freaks\ff2_1st_set_abilities.ff2] [FF2] Cannot give ammo to weapon tf_weapon_bottle (boss )-check your config!
L 06/17/2016 - 21:37:25: [freaks\ff2_1st_set_abilities.ff2] [FF2] Cannot give ammo to weapon tf_weapon_bottle (boss )-check your config!
L 06/17/2016 - 21:37:25: [freaks\ff2_1st_set_abilities.ff2] [FF2] Cannot give ammo to weapon tf_weapon_bottle (boss )-check your config!
L 06/17/2016 - 21:37:52: [freaks\ff2_1st_set_abilities.ff2] [FF2] Cannot give ammo to weapon tf_weapon_bottle (boss )-check your config!
L 06/17/2016 - 21:37:52: [freaks\ff2_1st_set_abilities.ff2] [FF2] Cannot give ammo to weapon tf_weapon_bottle (boss )-check your config!
L 06/17/2016 - 21:37:52: [SM] Native "ReadPackCell" reported: Invalid data pack handle 1bb60148 (error 3)
L 06/17/2016 - 21:37:52: [SM] Displaying call stack trace for plugin "ff2_deathmatch.smx":
L 06/17/2016 - 21:37:52: [SM]   [0]  Line 332, C:\ff2_ver2\steamapps\common\Team Fortress 2 Dedicated Server\tf\addons\sourcemod\scripting\ff2_deathmatch.sp::BeLastMan()
L 06/17/2016 - 21:37:52: [SM] Native "ReadPackCell" reported: Invalid data pack handle 1bb60148 (error 3)
L 06/17/2016 - 21:37:52: [SM] Displaying call stack trace for plugin "ff2_deathmatch.smx":
L 06/17/2016 - 21:37:52: [SM]   [0]  Line 332, C:\ff2_ver2\steamapps\common\Team Fortress 2 Dedicated Server\tf\addons\sourcemod\scripting\ff2_deathmatch.sp::BeLastMan()
L 06/17/2016 - 21:42:54: Error log file session closed.
L 06/17/2016 - 21:42:54: SourceMod error session started
L 06/17/2016 - 21:42:54: Info (map "vsh_snowflakes_b1") (file "errors_20160617.log")
L 06/17/2016 - 21:42:54: [SM] Warning(s) encountered in translation file "freak_fortress_2.phrases.txt"
L 06/17/2016 - 21:42:54: [SM] Invalid token ' ' in #format property on line 71.
L 06/17/2016 - 21:42:54: [SM] Invalid token ' ' in #format property on line 424.
L 06/17/2016 - 21:42:54: [SM] Invalid token ' ' in #format property on line 429.
L 06/17/2016 - 21:42:54: [SM] Invalid token ' ' in #format property on line 429.
L 06/17/2016 - 21:42:54: [SM] Invalid token ' ' in #format property on line 438.
L 06/17/2016 - 21:42:54: [SM] Invalid token ' ' in #format property on line 438.
L 06/17/2016 - 21:42:54: [SM] Invalid token ' ' in #format property on line 438.
L 06/17/2016 - 21:42:54: [SM] Unable to load plugin "rockthevote.smx": Could not find required plugin "mapchooser"
L 06/17/2016 - 21:43:00: [nextmap.smx] FATAL: Cannot load map cycle. Nextmap not loaded.
L 06/17/2016 - 21:43:00: [SM] Plugin encountered error 25: Call was aborted
L 06/17/2016 - 21:43:00: [SM] Native "SetFailState" reported: Mapcycle Not Found
L 06/17/2016 - 21:43:00: [SM] Displaying call stack trace for plugin "nextmap.smx":
L 06/17/2016 - 21:43:00: [SM]   [0]  Line 139, D:\builds\build-sourcemod-msvc12\windows-1.7\build\plugins\nextmap.sp::FindAndSetNextMap()
L 06/17/2016 - 21:43:00: [SM]   [1]  Line 109, D:\builds\build-sourcemod-msvc12\windows-1.7\build\plugins\nextmap.sp::OnConfigsExecuted()
L 06/17/2016 - 21:45:06: [SM] Native "ReadPackCell" reported: Invalid data pack handle 1bb60148 (error 1)
L 06/17/2016 - 21:45:06: [SM] Displaying call stack trace for plugin "ff2_deathmatch.smx":
L 06/17/2016 - 21:45:06: [SM]   [0]  Line 332, C:\ff2_ver2\steamapps\common\Team Fortress 2 Dedicated Server\tf\addons\sourcemod\scripting\ff2_deathmatch.sp::BeLastMan()
L 06/17/2016 - 22:10:41: [freak_fortress_2.smx] [FF2 Bosses] Character spyper is missing file 'sound/vo/taunts/spy_taunt_rps_lose_11.mp3' in section 'sound_stabbed'!
L 06/17/2016 - 22:14:08: [ff2_deathmatch.smx] Bad weapon attribute passed:   ;  286 
L 06/17/2016 - 22:22:17: Error log file session closed.
L 06/17/2016 - 22:22:19: SourceMod error session started
L 06/17/2016 - 22:22:19: Info (map "vsh_snowflakes_b1") (file "errors_20160617.log")
L 06/17/2016 - 22:22:19: [SM] Warning(s) encountered in translation file "freak_fortress_2.phrases.txt"
L 06/17/2016 - 22:22:19: [SM] Invalid token ' ' in #format property on line 71.
L 06/17/2016 - 22:22:19: [SM] Invalid token ' ' in #format property on line 424.
L 06/17/2016 - 22:22:19: [SM] Invalid token ' ' in #format property on line 429.
L 06/17/2016 - 22:22:19: [SM] Invalid token ' ' in #format property on line 429.
L 06/17/2016 - 22:22:19: [SM] Invalid token ' ' in #format property on line 438.
L 06/17/2016 - 22:22:19: [SM] Invalid token ' ' in #format property on line 438.
L 06/17/2016 - 22:22:19: [SM] Invalid token ' ' in #format property on line 438.
L 06/17/2016 - 22:22:19: [SM] Unable to load plugin "rockthevote.smx": Could not find required plugin "mapchooser"
L 06/17/2016 - 22:22:25: [nextmap.smx] FATAL: Cannot load map cycle. Nextmap not loaded.
L 06/17/2016 - 22:22:25: [SM] Plugin encountered error 25: Call was aborted
L 06/17/2016 - 22:22:25: [SM] Native "SetFailState" reported: Mapcycle Not Found
L 06/17/2016 - 22:22:25: [SM] Displaying call stack trace for plugin "nextmap.smx":
L 06/17/2016 - 22:22:25: [SM]   [0]  Line 139, D:\builds\build-sourcemod-msvc12\windows-1.7\build\plugins\nextmap.sp::FindAndSetNextMap()
L 06/17/2016 - 22:22:25: [SM]   [1]  Line 109, D:\builds\build-sourcemod-msvc12\windows-1.7\build\plugins\nextmap.sp::OnConfigsExecuted()
L 06/17/2016 - 22:22:39: Error log file session closed.
L 06/17/2016 - 22:22:39: SourceMod error session started
L 06/17/2016 - 22:22:39: Info (map "vsh_2fortdesk_v8") (file "errors_20160617.log")
L 06/17/2016 - 22:22:39: [SM] Warning(s) encountered in translation file "freak_fortress_2.phrases.txt"
L 06/17/2016 - 22:22:39: [SM] Invalid token ' ' in #format property on line 71.
L 06/17/2016 - 22:22:39: [SM] Invalid token ' ' in #format property on line 424.
L 06/17/2016 - 22:22:39: [SM] Invalid token ' ' in #format property on line 429.
L 06/17/2016 - 22:22:39: [SM] Invalid token ' ' in #format property on line 429.
L 06/17/2016 - 22:22:39: [SM] Invalid token ' ' in #format property on line 438.
L 06/17/2016 - 22:22:39: [SM] Invalid token ' ' in #format property on line 438.
L 06/17/2016 - 22:22:39: [SM] Invalid token ' ' in #format property on line 438.
L 06/17/2016 - 22:22:39: [SM] Unable to load plugin "rockthevote.smx": Could not find required plugin "mapchooser"
L 06/17/2016 - 22:22:45: [nextmap.smx] FATAL: Cannot load map cycle. Nextmap not loaded.
L 06/17/2016 - 22:22:45: [SM] Plugin encountered error 25: Call was aborted
L 06/17/2016 - 22:22:45: [SM] Native "SetFailState" reported: Mapcycle Not Found
L 06/17/2016 - 22:22:45: [SM] Displaying call stack trace for plugin "nextmap.smx":
L 06/17/2016 - 22:22:45: [SM]   [0]  Line 139, D:\builds\build-sourcemod-msvc12\windows-1.7\build\plugins\nextmap.sp::FindAndSetNextMap()
L 06/17/2016 - 22:22:45: [SM]   [1]  Line 109, D:\builds\build-sourcemod-msvc12\windows-1.7\build\plugins\nextmap.sp::OnConfigsExecuted()
L 06/17/2016 - 22:24:07: [freaks\ff2_1st_set_abilities.ff2] [FF2] Cannot give ammo to weapon tf_weapon_bottle (boss )-check your config!
L 06/17/2016 - 22:24:07: [freaks\ff2_1st_set_abilities.ff2] [FF2] Cannot give ammo to weapon tf_weapon_bottle (boss )-check your config!
L 06/17/2016 - 22:58:57: Error log file session closed.
