L 06/18/2016 - 21:47:45: SourceMod log file session started (file "L20160618.log") (Version "1.7.3-dev+5298")
L 06/18/2016 - 21:47:45: -------- Mapchange to vsh_apg_v2 --------
L 06/18/2016 - 21:47:45: [TF2ITEMS] "GiveNamedItem" offset = 472
L 06/18/2016 - 21:47:48: [boss_selection.smx] [FF2boss] Added chat command: ff2boss
L 06/18/2016 - 21:47:48: [boss_selection.smx] [FF2boss] Added chat command: boss
L 06/18/2016 - 21:47:48: [boss_selection.smx] [FF2boss] Added chat command: 보스
L 06/18/2016 - 21:47:48: [boss_selection.smx] [FF2boss] Added chat command: 보스선택
L 06/18/2016 - 21:47:48: [custompart.smx] Debug for CustomPart
L 06/18/2016 - 21:47:48: [freak_fortress_2.smx] ===Freak Fortress 2 Initializing-v1.10.10 Beta===
L 06/18/2016 - 21:48:02: [boss_selection.smx] [FF2boss] Added chat command: ff2boss
L 06/18/2016 - 21:48:02: [boss_selection.smx] [FF2boss] Added chat command: boss
L 06/18/2016 - 21:48:02: [boss_selection.smx] [FF2boss] Added chat command: 보스
L 06/18/2016 - 21:48:02: [boss_selection.smx] [FF2boss] Added chat command: 보스선택
L 06/18/2016 - 21:51:17: Log file closed.
L 06/18/2016 - 21:54:23: SourceMod log file session started (file "L20160618.log") (Version "1.7.3-dev+5298")
L 06/18/2016 - 21:54:23: -------- Mapchange to vsh_apg_v2 --------
L 06/18/2016 - 21:54:23: [TF2ITEMS] "GiveNamedItem" offset = 472
L 06/18/2016 - 21:54:23: [boss_selection.smx] [FF2boss] Added chat command: ff2boss
L 06/18/2016 - 21:54:23: [boss_selection.smx] [FF2boss] Added chat command: boss
L 06/18/2016 - 21:54:23: [boss_selection.smx] [FF2boss] Added chat command: 보스
L 06/18/2016 - 21:54:23: [boss_selection.smx] [FF2boss] Added chat command: 보스선택
L 06/18/2016 - 21:54:23: [custompart.smx] Debug for CustomPart
L 06/18/2016 - 21:54:23: [freak_fortress_2.smx] ===Freak Fortress 2 Initializing-v1.10.10 Beta===
L 06/18/2016 - 21:54:35: [boss_selection.smx] [FF2boss] Added chat command: ff2boss
L 06/18/2016 - 21:54:35: [boss_selection.smx] [FF2boss] Added chat command: boss
L 06/18/2016 - 21:54:35: [boss_selection.smx] [FF2boss] Added chat command: 보스
L 06/18/2016 - 21:54:35: [boss_selection.smx] [FF2boss] Added chat command: 보스선택
L 06/18/2016 - 21:55:41: [playercommands.smx] "Nopied◎<2><[U:1:103205717]><>" slayed "Nopied◎<2><[U:1:103205717]><>"
L 06/18/2016 - 21:55:46: [playercommands.smx] "Nopied◎<2><[U:1:103205717]><>" slayed "Mega Baboon<3><BOT><>"
L 06/18/2016 - 21:56:40: [boss_selection.smx] Nopied◎의 대기열 포인트: 0, 저장된 대기열포인트: -1
L 06/18/2016 - 21:59:29: [boss_selection.smx] 나에의 대기열 포인트: 20, 저장된 대기열포인트: -1
L 06/18/2016 - 21:59:29: [boss_selection.smx] 팀[DT]탄산음료의 대기열 포인트: 30, 저장된 대기열포인트: -1
L 06/18/2016 - 22:01:20: [boss_selection.smx] Nopied◎의 대기열 포인트: 0, 저장된 대기열포인트: -1
L 06/18/2016 - 22:01:20: [boss_selection.smx] 나에의 대기열 포인트: 30, 저장된 대기열포인트: -1
L 06/18/2016 - 22:02:52: [playercommands.smx] "Nopied◎<2><[U:1:103205717]><>" slayed "Kill Me<4><BOT><>"
L 06/18/2016 - 22:03:06: [boss_selection.smx] Nopied◎의 대기열 포인트: 10, 저장된 대기열포인트: -1
L 06/18/2016 - 22:03:06: [boss_selection.smx] 팀[DT]탄산음료의 대기열 포인트: 0, 저장된 대기열포인트: -1
L 06/18/2016 - 22:06:05: [boss_selection.smx] 나에의 대기열 포인트: 0, 저장된 대기열포인트: -1
L 06/18/2016 - 22:06:05: [boss_selection.smx] 팀[DT]탄산음료의 대기열 포인트: 10, 저장된 대기열포인트: -1
L 06/18/2016 - 22:08:42: [boss_selection.smx] Nopied◎의 대기열 포인트: 0, 저장된 대기열포인트: -1
L 06/18/2016 - 22:08:42: [boss_selection.smx] 달의 대기열 포인트: 40, 저장된 대기열포인트: -1
L 06/18/2016 - 22:08:42: [boss_selection.smx] 나에의 대기열 포인트: 10, 저장된 대기열포인트: -1
L 06/18/2016 - 22:09:24: [playercommands.smx] "Nopied◎<2><[U:1:103205717]><>" slayed "Kill Me<4><BOT><>"
L 06/18/2016 - 22:09:36: [playercommands.smx] "Nopied◎<2><[U:1:103205717]><>" slayed "Mega Baboon<3><BOT><>"
L 06/18/2016 - 22:10:09: [boss_selection.smx] Nopied◎의 대기열 포인트: 10, 저장된 대기열포인트: -1
L 06/18/2016 - 22:10:09: [boss_selection.smx] 나에의 대기열 포인트: 20, 저장된 대기열포인트: -1
L 06/18/2016 - 22:10:09: [boss_selection.smx] 팀[DT]탄산음료의 대기열 포인트: 0, 저장된 대기열포인트: -1
L 06/18/2016 - 22:14:22: [boss_selection.smx] Nopied◎의 대기열 포인트: 20, 저장된 대기열포인트: -1
L 06/18/2016 - 22:14:22: [boss_selection.smx] 달의 대기열 포인트: 0, 저장된 대기열포인트: -1
L 06/18/2016 - 22:14:22: [boss_selection.smx] 팀[DT]탄산음료의 대기열 포인트: 10, 저장된 대기열포인트: -1
L 06/18/2016 - 22:14:45: [playercommands.smx] "Nopied◎<2><[U:1:103205717]><>" slayed "Kill Me<4><BOT><>"
L 06/18/2016 - 22:14:48: [boss_selection.smx] Nopied◎의 대기열 포인트: 30, 저장된 대기열포인트: -1
L 06/18/2016 - 22:14:48: [boss_selection.smx] 달의 대기열 포인트: 10, 저장된 대기열포인트: -1
L 06/18/2016 - 22:14:48: [boss_selection.smx] 나에의 대기열 포인트: 0, 저장된 대기열포인트: -1
L 06/18/2016 - 22:14:48: [boss_selection.smx] 팀[DT]탄산음료의 대기열 포인트: 20, 저장된 대기열포인트: -1
L 06/18/2016 - 22:17:58: [playercommands.smx] "Nopied◎<10><[U:1:103205717]><>" slayed "ThatGuy<12><BOT><>"
L 06/18/2016 - 22:18:32: [boss_selection.smx] Nopied◎의 대기열 포인트: 0, 저장된 대기열포인트: -1
L 06/18/2016 - 22:18:32: [boss_selection.smx] 달의 대기열 포인트: 20, 저장된 대기열포인트: -1
L 06/18/2016 - 22:18:32: [boss_selection.smx] WeLeWe의 대기열 포인트: 0, 저장된 대기열포인트: -1
L 06/18/2016 - 22:18:32: [boss_selection.smx] 팀[DT]탄산음료의 대기열 포인트: 30, 저장된 대기열포인트: -1
L 06/18/2016 - 22:18:54: [freaks\halloween_2014.ff2] Selected 2 by Key: special_greyalien
L 06/18/2016 - 22:20:26: [boss_selection.smx] Nopied◎의 대기열 포인트: 10, 저장된 대기열포인트: -1
L 06/18/2016 - 22:20:26: [boss_selection.smx] 달의 대기열 포인트: 30, 저장된 대기열포인트: -1
L 06/18/2016 - 22:20:26: [boss_selection.smx] WeLeWe의 대기열 포인트: 10, 저장된 대기열포인트: -1
L 06/18/2016 - 22:21:51: [playercommands.smx] "Nopied◎<10><[U:1:103205717]><>" slayed "CryBaby<11><BOT><>"
L 06/18/2016 - 22:21:51: [playercommands.smx] "Nopied◎<10><[U:1:103205717]><>" slayed "ThatGuy<12><BOT><>"
L 06/18/2016 - 22:22:43: [boss_selection.smx] Nopied◎의 대기열 포인트: 20, 저장된 대기열포인트: -1
L 06/18/2016 - 22:22:43: [boss_selection.smx] WeLeWe의 대기열 포인트: 20, 저장된 대기열포인트: -1
L 06/18/2016 - 22:22:43: [boss_selection.smx] 팀[DT]탄산음료의 대기열 포인트: 0, 저장된 대기열포인트: -1
L 06/18/2016 - 22:22:43: [boss_selection.smx] ♪(*´∀｀)(작다)의 대기열 포인트: 10, 저장된 대기열포인트: -1
L 06/18/2016 - 22:25:23: [playercommands.smx] "Nopied◎<10><[U:1:103205717]><>" slayed "CryBaby<11><BOT><>"
L 06/18/2016 - 22:25:23: [playercommands.smx] "Nopied◎<10><[U:1:103205717]><>" slayed "ThatGuy<12><BOT><>"
L 06/18/2016 - 22:27:48: [boss_selection.smx] Nopied◎의 대기열 포인트: 30, 저장된 대기열포인트: -1
L 06/18/2016 - 22:27:48: [boss_selection.smx] 달의 대기열 포인트: 0, 저장된 대기열포인트: -1
L 06/18/2016 - 22:27:48: [boss_selection.smx] 팀[DT]탄산음료의 대기열 포인트: 10, 저장된 대기열포인트: -1
L 06/18/2016 - 22:27:48: [boss_selection.smx] ♪(*´∀｀)(작다)의 대기열 포인트: 20, 저장된 대기열포인트: -1
L 06/18/2016 - 22:27:48: [boss_selection.smx] DandA1025의 대기열 포인트: 29, 저장된 대기열포인트: -1
L 06/18/2016 - 22:32:23: [basechat.smx] "Nopied◎<10><[U:1:103205717]><>" triggered sm_say (text 하고 할말 입력하세요)
L 06/18/2016 - 22:32:40: [boss_selection.smx] 달의 대기열 포인트: 10, 저장된 대기열포인트: -1
L 06/18/2016 - 22:32:40: [boss_selection.smx] WeLeWe의 대기열 포인트: 0, 저장된 대기열포인트: -1
L 06/18/2016 - 22:32:40: [boss_selection.smx] 팀[DT]탄산음료의 대기열 포인트: 20, 저장된 대기열포인트: -1
L 06/18/2016 - 22:32:40: [boss_selection.smx] ♪(*´∀｀)(작다)의 대기열 포인트: 30, 저장된 대기열포인트: -1
L 06/18/2016 - 22:32:40: [boss_selection.smx] DandA1025의 대기열 포인트: 39, 저장된 대기열포인트: -1
L 06/18/2016 - 22:32:48: [basecommands.smx] "Nopied◎<10><[U:1:103205717]><>" changed map to "vsh_minegay_b3"
L 06/18/2016 - 22:32:52: [SM] Changed map to "vsh_minegay_b3"
L 06/18/2016 - 22:32:52: -------- Mapchange to vsh_minegay_b3 --------
L 06/18/2016 - 22:32:58: [boss_selection.smx] [FF2boss] Added chat command: ff2boss
L 06/18/2016 - 22:32:58: [boss_selection.smx] [FF2boss] Added chat command: boss
L 06/18/2016 - 22:32:58: [boss_selection.smx] [FF2boss] Added chat command: 보스
L 06/18/2016 - 22:32:58: [boss_selection.smx] [FF2boss] Added chat command: 보스선택
L 06/18/2016 - 22:35:06: [boss_selection.smx] Nopied◎의 대기열 포인트: 0, 저장된 대기열포인트: -1
L 06/18/2016 - 22:35:06: [boss_selection.smx] WeLeWe의 대기열 포인트: 10, 저장된 대기열포인트: -1
L 06/18/2016 - 22:35:06: [boss_selection.smx] ♪(*´∀｀)(작다)의 대기열 포인트: 40, 저장된 대기열포인트: -1
L 06/18/2016 - 22:38:20: [boss_selection.smx] Nopied◎의 대기열 포인트: 10, 저장된 대기열포인트: -1
L 06/18/2016 - 22:38:20: [boss_selection.smx] WeLeWe의 대기열 포인트: 20, 저장된 대기열포인트: -1
L 06/18/2016 - 22:38:20: [boss_selection.smx] 나는 브로니다! 으아아의 대기열 포인트: -1, 저장된 대기열포인트: -1
L 06/18/2016 - 22:41:06: [boss_selection.smx] Nopied◎의 대기열 포인트: 20, 저장된 대기열포인트: -1
L 06/18/2016 - 22:41:06: [boss_selection.smx] 달의 대기열 포인트: 20, 저장된 대기열포인트: -1
L 06/18/2016 - 22:41:06: [boss_selection.smx] ♪(*´∀｀)(작다)의 대기열 포인트: 0, 저장된 대기열포인트: -1
L 06/18/2016 - 22:41:06: [boss_selection.smx] DandA1025의 대기열 포인트: -1, 저장된 대기열포인트: -1
L 06/18/2016 - 22:41:06: [boss_selection.smx] 나는 브로니다! 으아아의 대기열 포인트: 9, 저장된 대기열포인트: -1
L 06/18/2016 - 22:41:35: [playercommands.smx] "Nopied◎<10><[U:1:103205717]><>" slayed "Numnutz<19><BOT><>"
L 06/18/2016 - 22:41:38: [boss_selection.smx] Nopied◎의 대기열 포인트: 30, 저장된 대기열포인트: -1
L 06/18/2016 - 22:41:38: [boss_selection.smx] 달의 대기열 포인트: 30, 저장된 대기열포인트: -1
L 06/18/2016 - 22:41:38: [boss_selection.smx] WeLeWe의 대기열 포인트: 0, 저장된 대기열포인트: -1
L 06/18/2016 - 22:41:38: [boss_selection.smx] ♪(*´∀｀)(작다)의 대기열 포인트: 10, 저장된 대기열포인트: -1
L 06/18/2016 - 22:41:38: [boss_selection.smx] DandA1025의 대기열 포인트: 9, 저장된 대기열포인트: -1
L 06/18/2016 - 22:41:38: [boss_selection.smx] 나는 브로니다! 으아아의 대기열 포인트: 19, 저장된 대기열포인트: -1
L 06/18/2016 - 22:42:42: [playercommands.smx] "Nopied◎<10><[U:1:103205717]><>" slayed "Hat-Wearing MAN<18><BOT><>"
L 06/18/2016 - 22:42:43: [playercommands.smx] "Nopied◎<10><[U:1:103205717]><>" slayed "Numnutz<19><BOT><>"
L 06/18/2016 - 22:43:19: [basechat.smx] "Nopied◎<10><[U:1:103205717]><>" triggered sm_say (text 고오급 시계가 또?)
L 06/18/2016 - 22:44:21: [basechat.smx] "Nopied◎<10><[U:1:103205717]><>" triggered sm_say (text 샘은 뭔가 너프가 필요하긴 한데)
L 06/18/2016 - 22:44:27: [basechat.smx] "Nopied◎<10><[U:1:103205717]><>" triggered sm_say (text 어떻게 해야지..)
L 06/18/2016 - 22:44:40: [boss_selection.smx] Nopied◎의 대기열 포인트: 40, 저장된 대기열포인트: -1
L 06/18/2016 - 22:44:40: [boss_selection.smx] WeLeWe의 대기열 포인트: 10, 저장된 대기열포인트: -1
L 06/18/2016 - 22:44:40: [boss_selection.smx] ♪(*´∀｀)(작다)의 대기열 포인트: 20, 저장된 대기열포인트: -1
L 06/18/2016 - 22:44:40: [boss_selection.smx] DandA1025의 대기열 포인트: 19, 저장된 대기열포인트: -1
L 06/18/2016 - 22:44:40: [boss_selection.smx] 나는 브로니다! 으아아의 대기열 포인트: 29, 저장된 대기열포인트: -1
L 06/18/2016 - 22:47:13: [boss_selection.smx] 달의 대기열 포인트: 0, 저장된 대기열포인트: -1
L 06/18/2016 - 22:47:13: [boss_selection.smx] WeLeWe의 대기열 포인트: 20, 저장된 대기열포인트: -1
L 06/18/2016 - 22:47:13: [boss_selection.smx] ♪(*´∀｀)(작다)의 대기열 포인트: 30, 저장된 대기열포인트: -1
L 06/18/2016 - 22:47:13: [boss_selection.smx] DandA1025의 대기열 포인트: 29, 저장된 대기열포인트: -1
L 06/18/2016 - 22:47:13: [boss_selection.smx] 나는 브로니다! 으아아의 대기열 포인트: 39, 저장된 대기열포인트: -1
L 06/18/2016 - 22:49:11: [boss_selection.smx] Nopied◎의 대기열 포인트: 0, 저장된 대기열포인트: -1
L 06/18/2016 - 22:49:11: [boss_selection.smx] 달의 대기열 포인트: 10, 저장된 대기열포인트: -1
L 06/18/2016 - 22:49:11: [boss_selection.smx] WeLeWe의 대기열 포인트: 30, 저장된 대기열포인트: -1
L 06/18/2016 - 22:49:11: [boss_selection.smx] DandA1025의 대기열 포인트: 39, 저장된 대기열포인트: -1
L 06/18/2016 - 22:49:11: [boss_selection.smx] ✔의 대기열 포인트: 0, 저장된 대기열포인트: -1
L 06/18/2016 - 22:51:39: [boss_selection.smx] Nopied◎의 대기열 포인트: 10, 저장된 대기열포인트: -1
L 06/18/2016 - 22:51:39: [boss_selection.smx] 달의 대기열 포인트: 20, 저장된 대기열포인트: -1
L 06/18/2016 - 22:51:39: [boss_selection.smx] WeLeWe의 대기열 포인트: 40, 저장된 대기열포인트: -1
L 06/18/2016 - 22:51:39: [boss_selection.smx] ♪(*´∀｀)(작다)의 대기열 포인트: 40, 저장된 대기열포인트: -1
L 06/18/2016 - 22:51:39: [boss_selection.smx] 나는 브로니다! 으아아의 대기열 포인트: 0, 저장된 대기열포인트: -1
L 06/18/2016 - 22:51:39: [boss_selection.smx] ✔의 대기열 포인트: 10, 저장된 대기열포인트: -1
L 06/18/2016 - 22:54:30: [funcommands.smx] "Nopied◎<10><[U:1:103205717]><>" set a TimeBomb on "달<13><[U:1:40881577]><>"
L 06/18/2016 - 22:55:23: [basechat.smx] "Nopied◎<10><[U:1:103205717]><>" triggered sm_say (text 라스트맨 최적화 보스: 바렛)
L 06/18/2016 - 22:55:36: [boss_selection.smx] Nopied◎의 대기열 포인트: 20, 저장된 대기열포인트: -1
L 06/18/2016 - 22:55:36: [boss_selection.smx] 달의 대기열 포인트: 30, 저장된 대기열포인트: -1
L 06/18/2016 - 22:55:36: [boss_selection.smx] WeLeWe의 대기열 포인트: 50, 저장된 대기열포인트: -1
L 06/18/2016 - 22:55:36: [boss_selection.smx] 나는 브로니다! 으아아의 대기열 포인트: 10, 저장된 대기열포인트: -1
L 06/18/2016 - 22:55:36: [boss_selection.smx] ✔의 대기열 포인트: 20, 저장된 대기열포인트: -1
L 06/18/2016 - 22:58:10: [basechat.smx] "Nopied◎<10><[U:1:103205717]><>" triggered sm_say (text 참고로 말하는건데)
L 06/18/2016 - 22:58:14: [basechat.smx] "Nopied◎<10><[U:1:103205717]><>" triggered sm_say (text 샷건 아직도 버그있어요.)
L 06/18/2016 - 22:59:14: [boss_selection.smx] Nopied◎의 대기열 포인트: 30, 저장된 대기열포인트: -1
L 06/18/2016 - 22:59:14: [boss_selection.smx] 달의 대기열 포인트: 40, 저장된 대기열포인트: -1
L 06/18/2016 - 22:59:14: [boss_selection.smx] ♪(*´∀｀)(작다)의 대기열 포인트: 0, 저장된 대기열포인트: -1
L 06/18/2016 - 22:59:14: [boss_selection.smx] 나는 브로니다! 으아아의 대기열 포인트: 20, 저장된 대기열포인트: -1
L 06/18/2016 - 22:59:14: [boss_selection.smx] ✔의 대기열 포인트: 30, 저장된 대기열포인트: -1
L 06/18/2016 - 22:59:14: [boss_selection.smx] Dozon의 대기열 포인트: 0, 저장된 대기열포인트: -1
L 06/18/2016 - 23:02:05: [basechat.smx] "Nopied◎<10><[U:1:103205717]><>" triggered sm_say (text 꿀팁)
L 06/18/2016 - 23:02:14: [basechat.smx] "Nopied◎<10><[U:1:103205717]><>" triggered sm_say (text 꿀팁 하나 알려드리자면)
L 06/18/2016 - 23:02:24: [basechat.smx] "Nopied◎<10><[U:1:103205717]><>" triggered sm_say (text 랭귤러 들면 5초마다 금속참)
L 06/18/2016 - 23:05:30: [boss_selection.smx] Nopied◎의 대기열 포인트: 40, 저장된 대기열포인트: -1
L 06/18/2016 - 23:05:30: [boss_selection.smx] WeLeWe의 대기열 포인트: 0, 저장된 대기열포인트: -1
L 06/18/2016 - 23:05:30: [boss_selection.smx] ♪(*´∀｀)(작다)의 대기열 포인트: 10, 저장된 대기열포인트: -1
L 06/18/2016 - 23:05:30: [boss_selection.smx] DandA1025의 대기열 포인트: -1, 저장된 대기열포인트: -1
L 06/18/2016 - 23:05:30: [boss_selection.smx] 나는 브로니다! 으아아의 대기열 포인트: 30, 저장된 대기열포인트: -1
L 06/18/2016 - 23:05:31: [boss_selection.smx] nenhan(오버워치굿ㅋ)의 대기열 포인트: 0, 저장된 대기열포인트: -1
L 06/18/2016 - 23:05:31: [boss_selection.smx] ✔의 대기열 포인트: 40, 저장된 대기열포인트: -1
L 06/18/2016 - 23:05:31: [boss_selection.smx] Dozon의 대기열 포인트: 10, 저장된 대기열포인트: -1
L 06/18/2016 - 23:08:12: [playercommands.smx] "Nopied◎<10><[U:1:103205717]><>" slayed "Hat-Wearing MAN<18><BOT><>"
L 06/18/2016 - 23:09:42: [basechat.smx] "Nopied◎<10><[U:1:103205717]><>" triggered sm_say (text 금속은 유한하니까..)
L 06/18/2016 - 23:09:48: [basechat.smx] "Nopied◎<10><[U:1:103205717]><>" triggered sm_say (text 하지만 이건 아니다)
L 06/18/2016 - 23:09:53: [funcommands.smx] "Nopied◎<10><[U:1:103205717]><>" set a TimeBomb on "Dozon<26><[U:1:159644927]><>"
L 06/18/2016 - 23:11:06: [basecommands.smx] "Nopied◎<10><[U:1:103205717]><>" changed map to "vsh_mountain_pb2"
L 06/18/2016 - 23:11:09: [SM] Changed map to "vsh_mountain_pb2"
L 06/18/2016 - 23:11:10: -------- Mapchange to vsh_mountain_pb2 --------
L 06/18/2016 - 23:11:15: [boss_selection.smx] [FF2boss] Added chat command: ff2boss
L 06/18/2016 - 23:11:15: [boss_selection.smx] [FF2boss] Added chat command: boss
L 06/18/2016 - 23:11:15: [boss_selection.smx] [FF2boss] Added chat command: 보스
L 06/18/2016 - 23:11:15: [boss_selection.smx] [FF2boss] Added chat command: 보스선택
L 06/18/2016 - 23:11:37: [basecommands.smx] "Nopied◎<10><[U:1:103205717]><>" changed map to "vsh_rockslide_2"
L 06/18/2016 - 23:11:40: [SM] Changed map to "vsh_rockslide_2"
L 06/18/2016 - 23:11:42: -------- Mapchange to vsh_rockslide_2 --------
L 06/18/2016 - 23:11:46: [boss_selection.smx] [FF2boss] Added chat command: ff2boss
L 06/18/2016 - 23:11:46: [boss_selection.smx] [FF2boss] Added chat command: boss
L 06/18/2016 - 23:11:46: [boss_selection.smx] [FF2boss] Added chat command: 보스
L 06/18/2016 - 23:11:46: [boss_selection.smx] [FF2boss] Added chat command: 보스선택
L 06/18/2016 - 23:16:28: [boss_selection.smx] ♪(*´∀｀)(작다)의 대기열 포인트: 20, 저장된 대기열포인트: -1
L 06/18/2016 - 23:16:28: [boss_selection.smx] 나는 브로니다! 으아아의 대기열 포인트: 40, 저장된 대기열포인트: -1
L 06/18/2016 - 23:16:28: [boss_selection.smx] nenhan(오버워치굿ㅋ)의 대기열 포인트: 10, 저장된 대기열포인트: -1
L 06/18/2016 - 23:16:28: [boss_selection.smx] Dozon의 대기열 포인트: 20, 저장된 대기열포인트: -1
L 06/18/2016 - 23:16:50: [freaks\halloween_2014.ff2] Selected 2 by Key: special_greyalien
L 06/18/2016 - 23:18:45: [playercommands.smx] "Nopied◎<10><[U:1:103205717]><>" slayed "Pow!<31><BOT><>"
L 06/18/2016 - 23:18:46: [playercommands.smx] "Nopied◎<10><[U:1:103205717]><>" slayed "THEM<32><BOT><>"
L 06/18/2016 - 23:19:41: [funcommands.smx] "Nopied◎<10><[U:1:103205717]><>" set a beacon on "Dozon<26><[U:1:159644927]><>"
L 06/18/2016 - 23:21:45: [boss_selection.smx] Nopied◎의 대기열 포인트: 0, 저장된 대기열포인트: -1
L 06/18/2016 - 23:21:45: [boss_selection.smx] Cariscal의 대기열 포인트: 0, 저장된 대기열포인트: -1
L 06/18/2016 - 23:21:45: [boss_selection.smx] ♪(*´∀｀)(작다)의 대기열 포인트: 30, 저장된 대기열포인트: -1
L 06/18/2016 - 23:21:45: [boss_selection.smx] ✔의 대기열 포인트: -1, 저장된 대기열포인트: -1
L 06/18/2016 - 23:21:45: [boss_selection.smx] Dozon의 대기열 포인트: 30, 저장된 대기열포인트: -1
L 06/18/2016 - 23:24:11: [funcommands.smx] "Nopied◎<10><[U:1:103205717]><>" set a beacon on "DandA1025<17><[U:1:150941697]><>"
L 06/18/2016 - 23:24:15: [playercommands.smx] "Nopied◎<10><[U:1:103205717]><>" slayed "Pow!<31><BOT><>"
L 06/18/2016 - 23:24:16: [playercommands.smx] "Nopied◎<10><[U:1:103205717]><>" slayed "THEM<32><BOT><>"
L 06/18/2016 - 23:24:49: [funcommands.smx] "Nopied◎<10><[U:1:103205717]><>" set a beacon on "Dozon<26><[U:1:159644927]><>"
L 06/18/2016 - 23:24:50: [funcommands.smx] "Nopied◎<10><[U:1:103205717]><>" removed a beacon on "Dozon<26><[U:1:159644927]><>"
L 06/18/2016 - 23:24:50: [funcommands.smx] "Nopied◎<10><[U:1:103205717]><>" removed a beacon on "DandA1025<17><[U:1:150941697]><>"
L 06/18/2016 - 23:24:51: [funcommands.smx] "Nopied◎<10><[U:1:103205717]><>" set a beacon on "Dozon<26><[U:1:159644927]><>"
L 06/18/2016 - 23:25:39: [boss_selection.smx] Nopied◎의 대기열 포인트: 10, 저장된 대기열포인트: -1
L 06/18/2016 - 23:25:39: [boss_selection.smx] Cariscal의 대기열 포인트: 10, 저장된 대기열포인트: -1
L 06/18/2016 - 23:25:39: [boss_selection.smx] ♪(*´∀｀)(작다)의 대기열 포인트: 40, 저장된 대기열포인트: -1
L 06/18/2016 - 23:25:39: [boss_selection.smx] 나는 브로니다! 으아아의 대기열 포인트: 0, 저장된 대기열포인트: -1
L 06/18/2016 - 23:25:39: [boss_selection.smx] ✔의 대기열 포인트: 9, 저장된 대기열포인트: -1
L 06/18/2016 - 23:27:14: [basechat.smx] "Nopied◎<10><[U:1:103205717]><>" triggered sm_say (text 나이아가라 폭포)
L 06/18/2016 - 23:29:27: [basechat.smx] "Nopied◎<10><[U:1:103205717]><>" triggered sm_say (text 참고로 티바렛 권총은 뻘로 있는게 아닙니다)
L 06/18/2016 - 23:29:34: [basechat.smx] "Nopied◎<10><[U:1:103205717]><>" triggered sm_say (text 너프 먹어도 여전히 쓸만해요)
L 06/18/2016 - 23:30:21: [basechat.smx] "Nopied◎<10><[U:1:103205717]><>" triggered sm_say (text 물론 바렛 권총이 딸피 제거용이란건 알고 계셔야함)
L 06/18/2016 - 23:33:40: [boss_selection.smx] Nopied◎의 대기열 포인트: 20, 저장된 대기열포인트: -1
L 06/18/2016 - 23:33:40: [boss_selection.smx] Cariscal의 대기열 포인트: 20, 저장된 대기열포인트: -1
L 06/18/2016 - 23:33:40: [boss_selection.smx] 나는 브로니다! 으아아의 대기열 포인트: 10, 저장된 대기열포인트: -1
L 06/18/2016 - 23:33:40: [boss_selection.smx] ✔의 대기열 포인트: 19, 저장된 대기열포인트: -1
L 06/18/2016 - 23:33:40: [boss_selection.smx] Dozon의 대기열 포인트: 0, 저장된 대기열포인트: -1
L 06/18/2016 - 23:37:33: [funcommands.smx] "Nopied◎<10><[U:1:103205717]><>" set a beacon on "Dozon<26><[U:1:159644927]><>"
L 06/18/2016 - 23:40:07: [boss_selection.smx] Nopied◎의 대기열 포인트: 30, 저장된 대기열포인트: -1
L 06/18/2016 - 23:40:07: [boss_selection.smx] ♪(*´∀｀)(작다)의 대기열 포인트: 0, 저장된 대기열포인트: -1
L 06/18/2016 - 23:40:07: [boss_selection.smx] 나는 브로니다! 으아아의 대기열 포인트: 20, 저장된 대기열포인트: -1
L 06/18/2016 - 23:40:07: [boss_selection.smx] ✔의 대기열 포인트: 29, 저장된 대기열포인트: -1
L 06/18/2016 - 23:40:07: [boss_selection.smx] Dozon의 대기열 포인트: 10, 저장된 대기열포인트: -1
L 06/18/2016 - 23:41:43: [boss_selection.smx] Cariscal의 대기열 포인트: 0, 저장된 대기열포인트: -1
L 06/18/2016 - 23:41:43: [boss_selection.smx] ♪(*´∀｀)(작다)의 대기열 포인트: 10, 저장된 대기열포인트: -1
L 06/18/2016 - 23:41:43: [boss_selection.smx] 나는 브로니다! 으아아의 대기열 포인트: 30, 저장된 대기열포인트: -1
L 06/18/2016 - 23:41:43: [boss_selection.smx] Dozon의 대기열 포인트: 20, 저장된 대기열포인트: -1
L 06/18/2016 - 23:44:38: [playercommands.smx] "Nopied◎<10><[U:1:103205717]><>" slayed "Pow!<31><BOT><>"
L 06/18/2016 - 23:44:38: [playercommands.smx] "Nopied◎<10><[U:1:103205717]><>" slayed "THEM<32><BOT><>"
L 06/18/2016 - 23:45:11: [funcommands.smx] "Nopied◎<10><[U:1:103205717]><>" set a beacon on "Dozon<26><[U:1:159644927]><>"
L 06/18/2016 - 23:45:51: [funcommands.smx] "Nopied◎<10><[U:1:103205717]><>" set a TimeBomb on "Dozon<26><[U:1:159644927]><>"
L 06/18/2016 - 23:46:53: [boss_selection.smx] Nopied◎의 대기열 포인트: 0, 저장된 대기열포인트: -1
L 06/18/2016 - 23:46:53: [boss_selection.smx] Cariscal의 대기열 포인트: 10, 저장된 대기열포인트: -1
L 06/18/2016 - 23:46:53: [boss_selection.smx] ♪(*´∀｀)(작다)의 대기열 포인트: 20, 저장된 대기열포인트: -1
L 06/18/2016 - 23:46:53: [boss_selection.smx] ✔의 대기열 포인트: 39, 저장된 대기열포인트: -1
L 06/18/2016 - 23:46:53: [boss_selection.smx] Dozon의 대기열 포인트: 30, 저장된 대기열포인트: -1
L 06/18/2016 - 23:47:05: [basecommands.smx] "Nopied◎<10><[U:1:103205717]><>" changed map to "vsh_manncohq_v14"
L 06/18/2016 - 23:47:08: [SM] Changed map to "vsh_manncohq_v14"
L 06/18/2016 - 23:47:10: -------- Mapchange to vsh_manncohq_v14 --------
L 06/18/2016 - 23:47:16: [boss_selection.smx] [FF2boss] Added chat command: ff2boss
L 06/18/2016 - 23:47:16: [boss_selection.smx] [FF2boss] Added chat command: boss
L 06/18/2016 - 23:47:16: [boss_selection.smx] [FF2boss] Added chat command: 보스
L 06/18/2016 - 23:47:16: [boss_selection.smx] [FF2boss] Added chat command: 보스선택
L 06/18/2016 - 23:48:45: [boss_selection.smx] Nopied◎의 대기열 포인트: 10, 저장된 대기열포인트: -1
L 06/18/2016 - 23:48:45: [boss_selection.smx] Cariscal의 대기열 포인트: 20, 저장된 대기열포인트: -1
L 06/18/2016 - 23:48:45: [boss_selection.smx] ♪(*´∀｀)(작다)의 대기열 포인트: 30, 저장된 대기열포인트: -1
L 06/18/2016 - 23:48:45: [boss_selection.smx] ✔의 대기열 포인트: 49, 저장된 대기열포인트: -1
L 06/18/2016 - 23:48:45: [boss_selection.smx] Dozon의 대기열 포인트: 40, 저장된 대기열포인트: -1
L 06/18/2016 - 23:52:16: [boss_selection.smx] Nopied◎의 대기열 포인트: 20, 저장된 대기열포인트: -1
L 06/18/2016 - 23:52:16: [boss_selection.smx] Cariscal의 대기열 포인트: 30, 저장된 대기열포인트: -1
L 06/18/2016 - 23:52:16: [boss_selection.smx] ♪(*´∀｀)(작다)의 대기열 포인트: 40, 저장된 대기열포인트: -1
L 06/18/2016 - 23:52:16: [boss_selection.smx] Dozon의 대기열 포인트: 50, 저장된 대기열포인트: -1
L 06/18/2016 - 23:55:58: [boss_selection.smx] Nopied◎의 대기열 포인트: 30, 저장된 대기열포인트: -1
L 06/18/2016 - 23:55:58: [boss_selection.smx] Cariscal의 대기열 포인트: 40, 저장된 대기열포인트: -1
L 06/18/2016 - 23:55:58: [boss_selection.smx] ♪(*´∀｀)(작다)의 대기열 포인트: 50, 저장된 대기열포인트: -1
L 06/18/2016 - 23:55:58: [boss_selection.smx] ✔의 대기열 포인트: 0, 저장된 대기열포인트: -1
