L 06/19/2016 - 00:02:05: SourceMod log file session started (file "L20160619.log") (Version "1.7.3-dev+5298")
L 06/19/2016 - 00:02:05: [basechat.smx] "Nopied◎<10><[U:1:103205717]><>" triggered sm_say (text 다음라운드까지만 하고 오늘은 이만..)
L 06/19/2016 - 00:02:51: [boss_selection.smx] Nopied◎의 대기열 포인트: 40, 저장된 대기열포인트: -1
L 06/19/2016 - 00:02:51: [boss_selection.smx] Cariscal의 대기열 포인트: 50, 저장된 대기열포인트: -1
L 06/19/2016 - 00:02:51: [boss_selection.smx] DandA1025의 대기열 포인트: -1, 저장된 대기열포인트: -1
L 06/19/2016 - 00:02:51: [boss_selection.smx] ✔의 대기열 포인트: 10, 저장된 대기열포인트: -1
L 06/19/2016 - 00:02:51: [boss_selection.smx] Dozon의 대기열 포인트: 0, 저장된 대기열포인트: -1
L 06/19/2016 - 00:07:02: [funcommands.smx] "Nopied◎<10><[U:1:103205717]><>" ignited "Dozon<26><[U:1:159644927]><>" (seconds "20.000000")
L 06/19/2016 - 00:07:26: [funcommands.smx] "Nopied◎<10><[U:1:103205717]><>" ignited "Dozon<26><[U:1:159644927]><>" (seconds "20.000000")
L 06/19/2016 - 00:08:36: [funcommands.smx] "Nopied◎<10><[U:1:103205717]><>" ignited "Dozon<26><[U:1:159644927]><>" (seconds "20.000000")
L 06/19/2016 - 00:08:57: [funcommands.smx] "Nopied◎<10><[U:1:103205717]><>" ignited "Dozon<26><[U:1:159644927]><>" (seconds "20.000000")
L 06/19/2016 - 00:09:04: [funcommands.smx] "Nopied◎<10><[U:1:103205717]><>" froze "Dozon<26><[U:1:159644927]><>"
L 06/19/2016 - 00:09:07: [boss_selection.smx] Nopied◎의 대기열 포인트: 40, 저장된 대기열포인트: -1
L 06/19/2016 - 00:09:07: [boss_selection.smx] ♪(*´∀｀)(작다)의 대기열 포인트: 0, 저장된 대기열포인트: -1
L 06/19/2016 - 00:09:07: [boss_selection.smx] DandA1025의 대기열 포인트: 9, 저장된 대기열포인트: -1
L 06/19/2016 - 00:09:07: [boss_selection.smx] ✔의 대기열 포인트: 20, 저장된 대기열포인트: -1
L 06/19/2016 - 00:09:07: [boss_selection.smx] Dozon의 대기열 포인트: 10, 저장된 대기열포인트: -1
L 06/19/2016 - 00:09:28: Log file closed.
L 06/19/2016 - 15:42:48: SourceMod log file session started (file "L20160619.log") (Version "1.7.3-dev+5298")
L 06/19/2016 - 15:42:48: -------- Mapchange to vsh_apg_v2 --------
L 06/19/2016 - 15:42:48: [TF2ITEMS] "GiveNamedItem" offset = 472
L 06/19/2016 - 15:42:51: [boss_selection.smx] [FF2boss] Added chat command: ff2boss
L 06/19/2016 - 15:42:51: [boss_selection.smx] [FF2boss] Added chat command: boss
L 06/19/2016 - 15:42:51: [boss_selection.smx] [FF2boss] Added chat command: 보스
L 06/19/2016 - 15:42:51: [boss_selection.smx] [FF2boss] Added chat command: 보스선택
L 06/19/2016 - 15:42:51: [custompart.smx] Debug for CustomPart
L 06/19/2016 - 15:42:51: [freak_fortress_2.smx] ===Freak Fortress 2 Initializing-v1.10.10 Beta===
L 06/19/2016 - 15:43:04: [boss_selection.smx] [FF2boss] Added chat command: ff2boss
L 06/19/2016 - 15:43:04: [boss_selection.smx] [FF2boss] Added chat command: boss
L 06/19/2016 - 15:43:04: [boss_selection.smx] [FF2boss] Added chat command: 보스
L 06/19/2016 - 15:43:04: [boss_selection.smx] [FF2boss] Added chat command: 보스선택
L 06/19/2016 - 15:44:03: Log file closed.
L 06/19/2016 - 15:44:13: SourceMod log file session started (file "L20160619.log") (Version "1.7.3-dev+5298")
L 06/19/2016 - 15:44:13: -------- Mapchange to vsh_apg_v2 --------
L 06/19/2016 - 15:44:14: [TF2ITEMS] "GiveNamedItem" offset = 472
L 06/19/2016 - 15:44:14: [boss_selection.smx] [FF2boss] Added chat command: ff2boss
L 06/19/2016 - 15:44:14: [boss_selection.smx] [FF2boss] Added chat command: boss
L 06/19/2016 - 15:44:14: [boss_selection.smx] [FF2boss] Added chat command: 보스
L 06/19/2016 - 15:44:14: [boss_selection.smx] [FF2boss] Added chat command: 보스선택
L 06/19/2016 - 15:44:14: [custompart.smx] Debug for CustomPart
L 06/19/2016 - 15:44:14: [freak_fortress_2.smx] ===Freak Fortress 2 Initializing-v1.10.10 Beta===
L 06/19/2016 - 15:44:25: [boss_selection.smx] [FF2boss] Added chat command: ff2boss
L 06/19/2016 - 15:44:25: [boss_selection.smx] [FF2boss] Added chat command: boss
L 06/19/2016 - 15:44:25: [boss_selection.smx] [FF2boss] Added chat command: 보스
L 06/19/2016 - 15:44:25: [boss_selection.smx] [FF2boss] Added chat command: 보스선택
L 06/19/2016 - 15:48:13: [playercommands.smx] "Nopied◎<2><[U:1:103205717]><>" slayed "Bot01<3><BOT><>"
L 06/19/2016 - 15:48:13: [playercommands.smx] "Nopied◎<2><[U:1:103205717]><>" slayed "Bot02<4><BOT><>"
L 06/19/2016 - 15:48:13: [playercommands.smx] "Nopied◎<2><[U:1:103205717]><>" slayed "Bot03<5><BOT><>"
L 06/19/2016 - 15:48:13: [playercommands.smx] "Nopied◎<2><[U:1:103205717]><>" slayed "Bot04<6><BOT><>"
L 06/19/2016 - 15:48:13: [playercommands.smx] "Nopied◎<2><[U:1:103205717]><>" slayed "Bot05<7><BOT><>"
L 06/19/2016 - 15:48:13: [playercommands.smx] "Nopied◎<2><[U:1:103205717]><>" slayed "Bot06<8><BOT><>"
L 06/19/2016 - 15:48:13: [playercommands.smx] "Nopied◎<2><[U:1:103205717]><>" slayed "Bot07<9><BOT><>"
L 06/19/2016 - 15:48:13: [playercommands.smx] "Nopied◎<2><[U:1:103205717]><>" slayed "Bot08<10><BOT><>"
L 06/19/2016 - 15:48:13: [playercommands.smx] "Nopied◎<2><[U:1:103205717]><>" slayed "Bot09<11><BOT><>"
L 06/19/2016 - 15:48:13: [playercommands.smx] "Nopied◎<2><[U:1:103205717]><>" slayed "Bot10<12><BOT><>"
L 06/19/2016 - 15:48:17: [boss_selection.smx] Nopied◎의 대기열 포인트: 0, 저장된 대기열포인트: -1
L 06/19/2016 - 15:49:29: [playercommands.smx] "Nopied◎<2><[U:1:103205717]><>" slayed "Bot01<3><BOT><>"
L 06/19/2016 - 15:49:29: [playercommands.smx] "Nopied◎<2><[U:1:103205717]><>" slayed "Bot02<4><BOT><>"
L 06/19/2016 - 15:49:29: [playercommands.smx] "Nopied◎<2><[U:1:103205717]><>" slayed "Bot03<5><BOT><>"
L 06/19/2016 - 15:49:29: [playercommands.smx] "Nopied◎<2><[U:1:103205717]><>" slayed "Bot04<6><BOT><>"
L 06/19/2016 - 15:49:29: [playercommands.smx] "Nopied◎<2><[U:1:103205717]><>" slayed "Bot05<7><BOT><>"
L 06/19/2016 - 15:49:29: [playercommands.smx] "Nopied◎<2><[U:1:103205717]><>" slayed "Bot06<8><BOT><>"
L 06/19/2016 - 15:49:29: [playercommands.smx] "Nopied◎<2><[U:1:103205717]><>" slayed "Bot07<9><BOT><>"
L 06/19/2016 - 15:49:29: [playercommands.smx] "Nopied◎<2><[U:1:103205717]><>" slayed "Bot08<10><BOT><>"
L 06/19/2016 - 15:49:29: [playercommands.smx] "Nopied◎<2><[U:1:103205717]><>" slayed "Bot09<11><BOT><>"
L 06/19/2016 - 15:49:29: [playercommands.smx] "Nopied◎<2><[U:1:103205717]><>" slayed "Bot10<12><BOT><>"
L 06/19/2016 - 15:51:05: Log file closed.
L 06/19/2016 - 15:51:19: SourceMod log file session started (file "L20160619.log") (Version "1.7.3-dev+5298")
L 06/19/2016 - 15:51:19: -------- Mapchange to vsh_apg_v2 --------
L 06/19/2016 - 15:51:19: [TF2ITEMS] "GiveNamedItem" offset = 472
L 06/19/2016 - 15:51:19: [boss_selection.smx] [FF2boss] Added chat command: ff2boss
L 06/19/2016 - 15:51:19: [boss_selection.smx] [FF2boss] Added chat command: boss
L 06/19/2016 - 15:51:19: [boss_selection.smx] [FF2boss] Added chat command: 보스
L 06/19/2016 - 15:51:19: [boss_selection.smx] [FF2boss] Added chat command: 보스선택
L 06/19/2016 - 15:51:19: [custompart.smx] Debug for CustomPart
L 06/19/2016 - 15:51:19: [freak_fortress_2.smx] ===Freak Fortress 2 Initializing-v1.10.10 Beta===
L 06/19/2016 - 15:51:30: [boss_selection.smx] [FF2boss] Added chat command: ff2boss
L 06/19/2016 - 15:51:31: [boss_selection.smx] [FF2boss] Added chat command: boss
L 06/19/2016 - 15:51:31: [boss_selection.smx] [FF2boss] Added chat command: 보스
L 06/19/2016 - 15:51:31: [boss_selection.smx] [FF2boss] Added chat command: 보스선택
L 06/19/2016 - 15:54:19: [SM] Changed map to "vsh_apg_v2"
L 06/19/2016 - 15:54:19: -------- Mapchange to vsh_apg_v2 --------
L 06/19/2016 - 15:54:25: [boss_selection.smx] [FF2boss] Added chat command: ff2boss
L 06/19/2016 - 15:54:25: [boss_selection.smx] [FF2boss] Added chat command: boss
L 06/19/2016 - 15:54:25: [boss_selection.smx] [FF2boss] Added chat command: 보스
L 06/19/2016 - 15:54:25: [boss_selection.smx] [FF2boss] Added chat command: 보스선택
L 06/19/2016 - 15:55:11: [SM] Changed map to "vsh_apg_v2"
L 06/19/2016 - 15:55:11: -------- Mapchange to vsh_apg_v2 --------
L 06/19/2016 - 15:55:16: [boss_selection.smx] [FF2boss] Added chat command: ff2boss
L 06/19/2016 - 15:55:16: [boss_selection.smx] [FF2boss] Added chat command: boss
L 06/19/2016 - 15:55:16: [boss_selection.smx] [FF2boss] Added chat command: 보스
L 06/19/2016 - 15:55:16: [boss_selection.smx] [FF2boss] Added chat command: 보스선택
L 06/19/2016 - 15:55:57: [playercommands.smx] "Nopied◎<2><[U:1:103205717]><>" slayed "Nopied◎<2><[U:1:103205717]><>"
L 06/19/2016 - 15:55:57: [playercommands.smx] "Nopied◎<2><[U:1:103205717]><>" slayed "Bot15<17><BOT><>"
L 06/19/2016 - 15:55:57: [playercommands.smx] "Nopied◎<2><[U:1:103205717]><>" slayed "Bot16<18><BOT><>"
L 06/19/2016 - 15:55:57: [playercommands.smx] "Nopied◎<2><[U:1:103205717]><>" slayed "Bot17<19><BOT><>"
L 06/19/2016 - 15:55:57: [playercommands.smx] "Nopied◎<2><[U:1:103205717]><>" slayed "Bot18<20><BOT><>"
L 06/19/2016 - 15:55:57: [playercommands.smx] "Nopied◎<2><[U:1:103205717]><>" slayed "Bot19<21><BOT><>"
L 06/19/2016 - 15:55:57: [playercommands.smx] "Nopied◎<2><[U:1:103205717]><>" slayed "Bot20<22><BOT><>"
L 06/19/2016 - 15:55:57: [playercommands.smx] "Nopied◎<2><[U:1:103205717]><>" slayed "Bot21<23><BOT><>"
L 06/19/2016 - 15:55:57: [playercommands.smx] "Nopied◎<2><[U:1:103205717]><>" slayed "Bot22<24><BOT><>"
L 06/19/2016 - 15:55:57: [playercommands.smx] "Nopied◎<2><[U:1:103205717]><>" slayed "Bot23<25><BOT><>"
L 06/19/2016 - 15:56:21: [playercommands.smx] "Nopied◎<2><[U:1:103205717]><>" slayed "Bot23<25><BOT><>"
L 06/19/2016 - 15:56:24: [boss_selection.smx] Nopied◎의 대기열 포인트: 0, 저장된 대기열포인트: -1
L 06/19/2016 - 15:58:03: [freaks\halloween_2014.ff2] Selected 2 by Key: special_greyalien
L 06/19/2016 - 15:58:08: [playercommands.smx] "Nopied◎<2><[U:1:103205717]><>" slayed "Nopied◎<2><[U:1:103205717]><>"
L 06/19/2016 - 15:58:08: [playercommands.smx] "Nopied◎<2><[U:1:103205717]><>" slayed "Bot15<17><BOT><>"
L 06/19/2016 - 15:58:08: [playercommands.smx] "Nopied◎<2><[U:1:103205717]><>" slayed "Bot16<18><BOT><>"
L 06/19/2016 - 15:58:08: [playercommands.smx] "Nopied◎<2><[U:1:103205717]><>" slayed "Bot17<19><BOT><>"
L 06/19/2016 - 15:58:08: [playercommands.smx] "Nopied◎<2><[U:1:103205717]><>" slayed "Bot18<20><BOT><>"
L 06/19/2016 - 15:58:08: [playercommands.smx] "Nopied◎<2><[U:1:103205717]><>" slayed "Bot19<21><BOT><>"
L 06/19/2016 - 15:58:08: [playercommands.smx] "Nopied◎<2><[U:1:103205717]><>" slayed "Bot20<22><BOT><>"
L 06/19/2016 - 15:58:08: [playercommands.smx] "Nopied◎<2><[U:1:103205717]><>" slayed "Bot21<23><BOT><>"
L 06/19/2016 - 15:58:08: [playercommands.smx] "Nopied◎<2><[U:1:103205717]><>" slayed "Bot22<24><BOT><>"
L 06/19/2016 - 15:58:08: [playercommands.smx] "Nopied◎<2><[U:1:103205717]><>" slayed "Bot23<25><BOT><>"
L 06/19/2016 - 15:58:14: [playercommands.smx] "Nopied◎<2><[U:1:103205717]><>" slayed "Bot23<25><BOT><>"
L 06/19/2016 - 15:58:17: [boss_selection.smx] Nopied◎의 대기열 포인트: 0, 저장된 대기열포인트: -1
L 06/19/2016 - 16:01:08: [playercommands.smx] "Nopied◎<2><[U:1:103205717]><>" slayed "Nopied◎<2><[U:1:103205717]><>"
L 06/19/2016 - 16:01:08: [playercommands.smx] "Nopied◎<2><[U:1:103205717]><>" slayed "Bot15<17><BOT><>"
L 06/19/2016 - 16:01:08: [playercommands.smx] "Nopied◎<2><[U:1:103205717]><>" slayed "Bot16<18><BOT><>"
L 06/19/2016 - 16:01:08: [playercommands.smx] "Nopied◎<2><[U:1:103205717]><>" slayed "Bot17<19><BOT><>"
L 06/19/2016 - 16:01:08: [playercommands.smx] "Nopied◎<2><[U:1:103205717]><>" slayed "Bot18<20><BOT><>"
L 06/19/2016 - 16:01:08: [playercommands.smx] "Nopied◎<2><[U:1:103205717]><>" slayed "Bot19<21><BOT><>"
L 06/19/2016 - 16:01:08: [playercommands.smx] "Nopied◎<2><[U:1:103205717]><>" slayed "Bot20<22><BOT><>"
L 06/19/2016 - 16:01:08: [playercommands.smx] "Nopied◎<2><[U:1:103205717]><>" slayed "Bot21<23><BOT><>"
L 06/19/2016 - 16:01:08: [playercommands.smx] "Nopied◎<2><[U:1:103205717]><>" slayed "Bot22<24><BOT><>"
L 06/19/2016 - 16:01:08: [playercommands.smx] "Nopied◎<2><[U:1:103205717]><>" slayed "Bot23<25><BOT><>"
L 06/19/2016 - 16:02:06: [boss_selection.smx] Nopied◎의 대기열 포인트: 0, 저장된 대기열포인트: -1
L 06/19/2016 - 16:02:06: [boss_selection.smx] ♪(*´∀｀)(작다)의 대기열 포인트: 10, 저장된 대기열포인트: -1
L 06/19/2016 - 16:03:23: [boss_selection.smx] Nopied◎의 대기열 포인트: 10, 저장된 대기열포인트: -1
L 06/19/2016 - 16:08:33: [playercommands.smx] "Nopied◎<2><[U:1:103205717]><>" slayed "Nopied◎<2><[U:1:103205717]><>"
L 06/19/2016 - 16:08:36: [boss_selection.smx] ♪(*´∀｀)(작다)의 대기열 포인트: 0, 저장된 대기열포인트: -1
L 06/19/2016 - 16:11:07: [boss_selection.smx] Nopied◎의 대기열 포인트: 0, 저장된 대기열포인트: -1
L 06/19/2016 - 16:11:29: [playercommands.smx] "Nopied◎<2><[U:1:103205717]><>" slayed "Bot24<26><BOT><>"
L 06/19/2016 - 16:11:33: [boss_selection.smx] Nopied◎의 대기열 포인트: 10, 저장된 대기열포인트: -1
L 06/19/2016 - 16:11:33: [boss_selection.smx] ♪(*´∀｀)(작다)의 대기열 포인트: 0, 저장된 대기열포인트: -1
L 06/19/2016 - 16:16:01: [boss_selection.smx] ♪(*´∀｀)(작다)의 대기열 포인트: 10, 저장된 대기열포인트: -1
L 06/19/2016 - 16:16:01: [boss_selection.smx] Dozon의 대기열 포인트: 20, 저장된 대기열포인트: -1
L 06/19/2016 - 16:16:01: [boss_selection.smx] DandA1025의 대기열 포인트: 19, 저장된 대기열포인트: -1
L 06/19/2016 - 16:18:32: [boss_selection.smx] Nopied◎의 대기열 포인트: 0, 저장된 대기열포인트: -1
L 06/19/2016 - 16:18:32: [boss_selection.smx] ♪(*´∀｀)(작다)의 대기열 포인트: 20, 저장된 대기열포인트: -1
L 06/19/2016 - 16:18:32: [boss_selection.smx] Dozon의 대기열 포인트: 20, 저장된 대기열포인트: -1
L 06/19/2016 - 16:19:06: [freak_fortress_2.smx] "Nopied◎<2><[U:1:103205717]><>" added 1243 queue points to "Nopied◎<2><[U:1:103205717]><>"
L 06/19/2016 - 16:19:37: [funcommands.smx] "Nopied◎<2><[U:1:103205717]><>" set a TimeBomb on "Nopied◎<2><[U:1:103205717]><>"
L 06/19/2016 - 16:19:37: [funcommands.smx] "Nopied◎<2><[U:1:103205717]><>" set a TimeBomb on "Bot15<17><BOT><>"
L 06/19/2016 - 16:19:37: [funcommands.smx] "Nopied◎<2><[U:1:103205717]><>" set a TimeBomb on "Bot16<18><BOT><>"
L 06/19/2016 - 16:19:37: [funcommands.smx] "Nopied◎<2><[U:1:103205717]><>" set a TimeBomb on "Bot17<19><BOT><>"
L 06/19/2016 - 16:19:37: [funcommands.smx] "Nopied◎<2><[U:1:103205717]><>" set a TimeBomb on "Bot18<20><BOT><>"
L 06/19/2016 - 16:19:37: [funcommands.smx] "Nopied◎<2><[U:1:103205717]><>" set a TimeBomb on "Bot19<21><BOT><>"
L 06/19/2016 - 16:19:37: [funcommands.smx] "Nopied◎<2><[U:1:103205717]><>" set a TimeBomb on "Bot20<22><BOT><>"
L 06/19/2016 - 16:19:37: [funcommands.smx] "Nopied◎<2><[U:1:103205717]><>" set a TimeBomb on "Bot21<23><BOT><>"
L 06/19/2016 - 16:19:37: [funcommands.smx] "Nopied◎<2><[U:1:103205717]><>" set a TimeBomb on "Bot22<24><BOT><>"
L 06/19/2016 - 16:19:37: [funcommands.smx] "Nopied◎<2><[U:1:103205717]><>" set a TimeBomb on "Bot23<25><BOT><>"
L 06/19/2016 - 16:19:37: [funcommands.smx] "Nopied◎<2><[U:1:103205717]><>" set a TimeBomb on "Bot24<26><BOT><>"
L 06/19/2016 - 16:19:37: [funcommands.smx] "Nopied◎<2><[U:1:103205717]><>" set a TimeBomb on "♪(*´∀｀)(작다)<30><[U:1:209760731]><>"
L 06/19/2016 - 16:19:37: [funcommands.smx] "Nopied◎<2><[U:1:103205717]><>" set a TimeBomb on "DandA1025<29><[U:1:150941697]><>"
L 06/19/2016 - 16:20:12: [boss_selection.smx] Nopied◎의 대기열 포인트: 1253, 저장된 대기열포인트: -1
L 06/19/2016 - 16:20:12: [boss_selection.smx] ♪(*´∀｀)(작다)의 대기열 포인트: 30, 저장된 대기열포인트: -1
L 06/19/2016 - 16:20:12: [boss_selection.smx] DandA1025의 대기열 포인트: 0, 저장된 대기열포인트: -1
L 06/19/2016 - 16:24:31: [boss_selection.smx] ♪(*´∀｀)(작다)의 대기열 포인트: 40, 저장된 대기열포인트: -1
L 06/19/2016 - 16:24:31: [boss_selection.smx] Dozon의 대기열 포인트: 0, 저장된 대기열포인트: -1
L 06/19/2016 - 16:24:31: [boss_selection.smx] DandA1025의 대기열 포인트: 10, 저장된 대기열포인트: -1
L 06/19/2016 - 16:28:09: [boss_selection.smx] Nopied◎의 대기열 포인트: 0, 저장된 대기열포인트: -1
L 06/19/2016 - 16:28:09: [boss_selection.smx] Dozon의 대기열 포인트: 10, 저장된 대기열포인트: -1
L 06/19/2016 - 16:28:09: [boss_selection.smx] DandA1025의 대기열 포인트: 20, 저장된 대기열포인트: -1
L 06/19/2016 - 16:28:17: [basechat.smx] "Nopied◎<2><[U:1:103205717]><>" triggered sm_say (text 해골이 그냥..)
L 06/19/2016 - 16:28:19: [basechat.smx] "Nopied◎<2><[U:1:103205717]><>" triggered sm_say (text 폭포수야)
L 06/19/2016 - 16:30:19: [basechat.smx] "Nopied◎<2><[U:1:103205717]><>" triggered sm_say (text 내가 만들었지만)
L 06/19/2016 - 16:30:23: [basechat.smx] "Nopied◎<2><[U:1:103205717]><>" triggered sm_say (text 이 보스는 정말 극혐이다)
L 06/19/2016 - 16:30:34: [basechat.smx] "Nopied◎<2><[U:1:103205717]><>" triggered sm_say (text 일단 이번라운드까지만 하고 이만 끌게요)
L 06/19/2016 - 16:32:21: [boss_selection.smx] Nopied◎의 대기열 포인트: 10, 저장된 대기열포인트: -1
L 06/19/2016 - 16:32:21: [boss_selection.smx] ♪(*´∀｀)(작다)의 대기열 포인트: 0, 저장된 대기열포인트: -1
L 06/19/2016 - 16:32:21: [boss_selection.smx] Dozon의 대기열 포인트: 20, 저장된 대기열포인트: -1
L 06/19/2016 - 16:32:39: Log file closed.
L 06/19/2016 - 19:04:36: SourceMod log file session started (file "L20160619.log") (Version "1.7.3-dev+5298")
L 06/19/2016 - 19:04:36: -------- Mapchange to vsh_apg_v2 --------
L 06/19/2016 - 19:04:36: [TF2ITEMS] "GiveNamedItem" offset = 472
L 06/19/2016 - 19:04:38: [boss_selection.smx] [FF2boss] Added chat command: ff2boss
L 06/19/2016 - 19:04:38: [boss_selection.smx] [FF2boss] Added chat command: boss
L 06/19/2016 - 19:04:38: [boss_selection.smx] [FF2boss] Added chat command: 보스
L 06/19/2016 - 19:04:38: [boss_selection.smx] [FF2boss] Added chat command: 보스선택
L 06/19/2016 - 19:04:38: [custompart.smx] Debug for CustomPart
L 06/19/2016 - 19:04:39: [freak_fortress_2.smx] ===Freak Fortress 2 Initializing-v1.10.10 Beta===
L 06/19/2016 - 19:04:53: [boss_selection.smx] [FF2boss] Added chat command: ff2boss
L 06/19/2016 - 19:04:53: [boss_selection.smx] [FF2boss] Added chat command: boss
L 06/19/2016 - 19:04:53: [boss_selection.smx] [FF2boss] Added chat command: 보스
L 06/19/2016 - 19:04:53: [boss_selection.smx] [FF2boss] Added chat command: 보스선택
L 06/19/2016 - 19:11:15: [boss_selection.smx] DandA1025의 대기열 포인트: 0, 저장된 대기열포인트: -1
L 06/19/2016 - 19:12:07: [boss_selection.smx] Nopied◎의 대기열 포인트: 0, 저장된 대기열포인트: -1
L 06/19/2016 - 19:14:52: [playercommands.smx] "Nopied◎<2><[U:1:103205717]><>" slayed "Nopied◎<2><[U:1:103205717]><>"
L 06/19/2016 - 19:14:55: [boss_selection.smx] DandA1025의 대기열 포인트: 0, 저장된 대기열포인트: -1
L 06/19/2016 - 19:14:55: [boss_selection.smx] Sinanju의 대기열 포인트: 10, 저장된 대기열포인트: -1
L 06/19/2016 - 19:14:55: [boss_selection.smx] Dozon의 대기열 포인트: 30, 저장된 대기열포인트: -1
L 06/19/2016 - 19:16:09: [boss_selection.smx] Nopied◎의 대기열 포인트: 0, 저장된 대기열포인트: -1
L 06/19/2016 - 19:16:09: [boss_selection.smx] DandA1025의 대기열 포인트: 10, 저장된 대기열포인트: -1
L 06/19/2016 - 19:16:09: [boss_selection.smx] Sinanju의 대기열 포인트: 20, 저장된 대기열포인트: -1
L 06/19/2016 - 19:17:24: [boss_selection.smx] Nopied◎의 대기열 포인트: 10, 저장된 대기열포인트: -1
L 06/19/2016 - 19:17:24: [boss_selection.smx] Dozon의 대기열 포인트: 0, 저장된 대기열포인트: -1
L 06/19/2016 - 19:19:35: [boss_selection.smx] DandA1025의 대기열 포인트: 20, 저장된 대기열포인트: -1
L 06/19/2016 - 19:19:35: [boss_selection.smx] Sinanju의 대기열 포인트: 0, 저장된 대기열포인트: -1
L 06/19/2016 - 19:19:35: [boss_selection.smx] Dozon의 대기열 포인트: 10, 저장된 대기열포인트: -1
L 06/19/2016 - 19:21:53: [boss_selection.smx] Nopied◎의 대기열 포인트: 0, 저장된 대기열포인트: -1
L 06/19/2016 - 19:21:53: [boss_selection.smx] Sinanju의 대기열 포인트: 10, 저장된 대기열포인트: -1
L 06/19/2016 - 19:21:53: [boss_selection.smx] Dozon의 대기열 포인트: 20, 저장된 대기열포인트: -1
L 06/19/2016 - 19:24:56: [funcommands.smx] "Nopied◎<2><[U:1:103205717]><>" set a TimeBomb on "Nopied◎<2><[U:1:103205717]><>"
L 06/19/2016 - 19:24:57: [funcommands.smx] "Nopied◎<2><[U:1:103205717]><>" set a TimeBomb on "DandA1025<9><[U:1:150941697]><>"
L 06/19/2016 - 19:27:34: [boss_selection.smx] Nopied◎의 대기열 포인트: 10, 저장된 대기열포인트: -1
L 06/19/2016 - 19:27:34: [boss_selection.smx] DandA1025의 대기열 포인트: 0, 저장된 대기열포인트: -1
L 06/19/2016 - 19:27:34: [boss_selection.smx] Sinanju의 대기열 포인트: 0, 저장된 대기열포인트: -1
L 06/19/2016 - 19:30:14: [boss_selection.smx] DandA1025의 대기열 포인트: 10, 저장된 대기열포인트: -1
L 06/19/2016 - 19:30:14: [boss_selection.smx] 전자제품의 혁명의 대기열 포인트: 0, 저장된 대기열포인트: -1
L 06/19/2016 - 19:30:14: [boss_selection.smx] Sinanju의 대기열 포인트: 10, 저장된 대기열포인트: -1
L 06/19/2016 - 19:30:14: [boss_selection.smx] Dozon의 대기열 포인트: 0, 저장된 대기열포인트: -1
L 06/19/2016 - 19:31:36: [basechat.smx] "Nopied◎<2><[U:1:103205717]><>" triggered sm_say (text 이 맵에서 아무도 못나가!)
L 06/19/2016 - 19:31:39: [basechat.smx] "Nopied◎<2><[U:1:103205717]><>" triggered sm_say (text 빼애액..)
L 06/19/2016 - 19:33:39: [funcommands.smx] "Nopied◎<2><[U:1:103205717]><>" ignited "전자제품의 혁명<10><[U:1:96038124]><>" (seconds "20.000000")
L 06/19/2016 - 19:34:53: [boss_selection.smx] Nopied◎의 대기열 포인트: 0, 저장된 대기열포인트: -1
L 06/19/2016 - 19:34:53: [boss_selection.smx] DandA1025의 대기열 포인트: 20, 저장된 대기열포인트: -1
L 06/19/2016 - 19:34:53: [boss_selection.smx] 전자제품의 혁명의 대기열 포인트: 10, 저장된 대기열포인트: -1
L 06/19/2016 - 19:34:53: [boss_selection.smx] GO mediseun (자연산)의 대기열 포인트: 30, 저장된 대기열포인트: -1
L 06/19/2016 - 19:34:53: [boss_selection.smx] Dozon의 대기열 포인트: 10, 저장된 대기열포인트: -1
L 06/19/2016 - 19:34:53: [boss_selection.smx] Mountain_San의 대기열 포인트: 0, 저장된 대기열포인트: -1
L 06/19/2016 - 19:34:53: [boss_selection.smx] ♪(*´∀｀)(작다)의 대기열 포인트: 10, 저장된 대기열포인트: -1
L 06/19/2016 - 19:34:53: [boss_selection.smx] 『Green๖ۣۜ』의 대기열 포인트: 40, 저장된 대기열포인트: -1
L 06/19/2016 - 19:36:33: [funcommands.smx] "Nopied◎<2><[U:1:103205717]><>" set a TimeBomb on "Dozon<7><[U:1:159644927]><>"
L 06/19/2016 - 19:36:54: [boss_selection.smx] Nopied◎의 대기열 포인트: 10, 저장된 대기열포인트: -1
L 06/19/2016 - 19:36:54: [boss_selection.smx] DandA1025의 대기열 포인트: 30, 저장된 대기열포인트: -1
L 06/19/2016 - 19:36:54: [boss_selection.smx] 전자제품의 혁명의 대기열 포인트: 20, 저장된 대기열포인트: -1
L 06/19/2016 - 19:36:54: [boss_selection.smx] Sinanju의 대기열 포인트: 0, 저장된 대기열포인트: -1
L 06/19/2016 - 19:36:54: [boss_selection.smx] Dozon의 대기열 포인트: 20, 저장된 대기열포인트: -1
L 06/19/2016 - 19:36:54: [boss_selection.smx] Mountain_San의 대기열 포인트: 0, 저장된 대기열포인트: -1
L 06/19/2016 - 19:36:54: [boss_selection.smx] ♪(*´∀｀)(작다)의 대기열 포인트: 20, 저장된 대기열포인트: -1
L 06/19/2016 - 19:40:58: [boss_selection.smx] Nopied◎의 대기열 포인트: 20, 저장된 대기열포인트: -1
L 06/19/2016 - 19:40:59: [boss_selection.smx] DandA1025의 대기열 포인트: 40, 저장된 대기열포인트: -1
L 06/19/2016 - 19:40:59: [boss_selection.smx] 전자제품의 혁명의 대기열 포인트: 30, 저장된 대기열포인트: -1
L 06/19/2016 - 19:40:59: [boss_selection.smx] Sinanju의 대기열 포인트: 10, 저장된 대기열포인트: -1
L 06/19/2016 - 19:40:59: [boss_selection.smx] Dozon의 대기열 포인트: 30, 저장된 대기열포인트: -1
L 06/19/2016 - 19:40:59: [boss_selection.smx] Mountain_San의 대기열 포인트: 10, 저장된 대기열포인트: -1
L 06/19/2016 - 19:40:59: [boss_selection.smx] ♪(*´∀｀)(작다)의 대기열 포인트: 30, 저장된 대기열포인트: -1
L 06/19/2016 - 19:40:59: [boss_selection.smx] 『Green๖ۣۜ』의 대기열 포인트: 0, 저장된 대기열포인트: -1
L 06/19/2016 - 19:45:44: [boss_selection.smx] Nopied◎의 대기열 포인트: 30, 저장된 대기열포인트: -1
L 06/19/2016 - 19:45:44: [boss_selection.smx] 전자제품의 혁명의 대기열 포인트: 40, 저장된 대기열포인트: -1
L 06/19/2016 - 19:45:44: [boss_selection.smx] Sinanju의 대기열 포인트: 20, 저장된 대기열포인트: -1
L 06/19/2016 - 19:45:44: [boss_selection.smx] GO mediseun (자연산)의 대기열 포인트: 0, 저장된 대기열포인트: -1
L 06/19/2016 - 19:45:44: [boss_selection.smx] Dozon의 대기열 포인트: 40, 저장된 대기열포인트: -1
L 06/19/2016 - 19:45:44: [boss_selection.smx] Mountain_San의 대기열 포인트: 20, 저장된 대기열포인트: -1
L 06/19/2016 - 19:45:44: [boss_selection.smx] ♪(*´∀｀)(작다)의 대기열 포인트: 40, 저장된 대기열포인트: -1
L 06/19/2016 - 19:45:44: [boss_selection.smx] 『Green๖ۣۜ』의 대기열 포인트: 10, 저장된 대기열포인트: -1
L 06/19/2016 - 19:47:33: [funcommands.smx] "Nopied◎<2><[U:1:103205717]><>" set a TimeBomb on "♪(*´∀｀)(작다)<12><[U:1:209760731]><>"
L 06/19/2016 - 19:47:46: [boss_selection.smx] Nopied◎의 대기열 포인트: 40, 저장된 대기열포인트: -1
L 06/19/2016 - 19:47:46: [boss_selection.smx] DandA1025의 대기열 포인트: 0, 저장된 대기열포인트: -1
L 06/19/2016 - 19:47:46: [boss_selection.smx] 전자제품의 혁명의 대기열 포인트: 50, 저장된 대기열포인트: -1
L 06/19/2016 - 19:47:46: [boss_selection.smx] Sinanju의 대기열 포인트: 30, 저장된 대기열포인트: -1
L 06/19/2016 - 19:47:46: [boss_selection.smx] GO mediseun (자연산)의 대기열 포인트: 10, 저장된 대기열포인트: -1
L 06/19/2016 - 19:47:46: [boss_selection.smx] Dozon의 대기열 포인트: 50, 저장된 대기열포인트: -1
L 06/19/2016 - 19:47:46: [boss_selection.smx] Mountain_San의 대기열 포인트: 30, 저장된 대기열포인트: -1
L 06/19/2016 - 19:47:46: [boss_selection.smx] 『Green๖ۣۜ』의 대기열 포인트: 20, 저장된 대기열포인트: -1
L 06/19/2016 - 19:49:22: [basechat.smx] "Nopied◎<2><[U:1:103205717]><>" triggered sm_say (text 무기 능력치 중에 눈높이가 허리에 있는 놈 기절하는게 있음.)
L 06/19/2016 - 19:51:47: [boss_selection.smx] Nopied◎의 대기열 포인트: 50, 저장된 대기열포인트: -1
L 06/19/2016 - 19:51:47: [boss_selection.smx] DandA1025의 대기열 포인트: 10, 저장된 대기열포인트: -1
L 06/19/2016 - 19:51:47: [boss_selection.smx] 전자제품의 혁명의 대기열 포인트: 60, 저장된 대기열포인트: -1
L 06/19/2016 - 19:51:47: [boss_selection.smx] Sinanju의 대기열 포인트: 40, 저장된 대기열포인트: -1
L 06/19/2016 - 19:51:47: [boss_selection.smx] GO mediseun (자연산)의 대기열 포인트: 20, 저장된 대기열포인트: -1
L 06/19/2016 - 19:51:47: [boss_selection.smx] Mountain_San의 대기열 포인트: 40, 저장된 대기열포인트: -1
L 06/19/2016 - 19:51:47: [boss_selection.smx] ♪(*´∀｀)(작다)의 대기열 포인트: 0, 저장된 대기열포인트: -1
L 06/19/2016 - 19:51:47: [boss_selection.smx] 『Green๖ۣۜ』의 대기열 포인트: 30, 저장된 대기열포인트: -1
L 06/19/2016 - 19:55:38: [basechat.smx] "Nopied◎<2><[U:1:103205717]><>" triggered sm_say (text 그냥 분노를 쓰세요)
L 06/19/2016 - 19:56:01: [funcommands.smx] "Nopied◎<2><[U:1:103205717]><>" set a TimeBomb on "Dozon<7><[U:1:159644927]><>"
L 06/19/2016 - 19:57:49: [basechat.smx] "Nopied◎<2><[U:1:103205717]><>" triggered sm_say (text 라스트맨은 분노 안쓰고 잡기 어렵게 되어있어요)
L 06/19/2016 - 19:57:52: [boss_selection.smx] Nopied◎의 대기열 포인트: 60, 저장된 대기열포인트: -1
L 06/19/2016 - 19:57:52: [boss_selection.smx] DandA1025의 대기열 포인트: 20, 저장된 대기열포인트: -1
L 06/19/2016 - 19:57:52: [boss_selection.smx] Sinanju의 대기열 포인트: 50, 저장된 대기열포인트: -1
L 06/19/2016 - 19:57:52: [boss_selection.smx] GO mediseun (자연산)의 대기열 포인트: 30, 저장된 대기열포인트: -1
L 06/19/2016 - 19:57:52: [boss_selection.smx] Dozon의 대기열 포인트: 0, 저장된 대기열포인트: -1
L 06/19/2016 - 19:57:52: [boss_selection.smx] ♪(*´∀｀)(작다)의 대기열 포인트: 10, 저장된 대기열포인트: -1
L 06/19/2016 - 19:57:52: [boss_selection.smx] 『Green๖ۣۜ』의 대기열 포인트: 40, 저장된 대기열포인트: -1
L 06/19/2016 - 19:57:56: [basechat.smx] "Nopied◎<2><[U:1:103205717]><>" triggered sm_say (text 그냥 분노를 쓰세요)
L 06/19/2016 - 20:01:28: [playercommands.smx] "Nopied◎<2><[U:1:103205717]><>" slayed "Dozon<7><[U:1:159644927]><>"
L 06/19/2016 - 20:02:33: [boss_selection.smx] DandA1025의 대기열 포인트: 30, 저장된 대기열포인트: -1
L 06/19/2016 - 20:02:33: [boss_selection.smx] 전자제품의 혁명의 대기열 포인트: 0, 저장된 대기열포인트: -1
L 06/19/2016 - 20:02:33: [boss_selection.smx] Sinanju의 대기열 포인트: 60, 저장된 대기열포인트: -1
L 06/19/2016 - 20:02:33: [boss_selection.smx] GO mediseun (자연산)의 대기열 포인트: 40, 저장된 대기열포인트: -1
L 06/19/2016 - 20:02:33: [boss_selection.smx] Dozon의 대기열 포인트: 10, 저장된 대기열포인트: -1
L 06/19/2016 - 20:02:33: [boss_selection.smx] ♪(*´∀｀)(작다)의 대기열 포인트: 20, 저장된 대기열포인트: -1
L 06/19/2016 - 20:02:33: [boss_selection.smx] 『Green๖ۣۜ』의 대기열 포인트: 50, 저장된 대기열포인트: -1
L 06/19/2016 - 20:02:33: [boss_selection.smx] Mountain_San의 대기열 포인트: 50, 저장된 대기열포인트: -1
L 06/19/2016 - 20:02:43: [basecommands.smx] "Nopied◎<2><[U:1:103205717]><>" changed map to "vsh_snowflakes_b1"
L 06/19/2016 - 20:02:46: [SM] Changed map to "vsh_snowflakes_b1"
L 06/19/2016 - 20:02:47: -------- Mapchange to vsh_snowflakes_b1 --------
L 06/19/2016 - 20:02:55: [boss_selection.smx] [FF2boss] Added chat command: ff2boss
L 06/19/2016 - 20:02:55: [boss_selection.smx] [FF2boss] Added chat command: boss
L 06/19/2016 - 20:02:55: [boss_selection.smx] [FF2boss] Added chat command: 보스
L 06/19/2016 - 20:02:55: [boss_selection.smx] [FF2boss] Added chat command: 보스선택
L 06/19/2016 - 20:07:00: [boss_selection.smx] Nopied◎의 대기열 포인트: 0, 저장된 대기열포인트: -1
L 06/19/2016 - 20:07:00: [boss_selection.smx] DandA1025의 대기열 포인트: 40, 저장된 대기열포인트: -1
L 06/19/2016 - 20:07:00: [boss_selection.smx] 전자제품의 혁명의 대기열 포인트: 10, 저장된 대기열포인트: -1
L 06/19/2016 - 20:07:00: [boss_selection.smx] Sinanju의 대기열 포인트: 0, 저장된 대기열포인트: -1
L 06/19/2016 - 20:07:00: [boss_selection.smx] Dozon의 대기열 포인트: 20, 저장된 대기열포인트: -1
L 06/19/2016 - 20:07:00: [boss_selection.smx] ♪(*´∀｀)(작다)의 대기열 포인트: 30, 저장된 대기열포인트: -1
L 06/19/2016 - 20:07:00: [boss_selection.smx] 『Green๖ۣۜ』의 대기열 포인트: 60, 저장된 대기열포인트: -1
L 06/19/2016 - 20:07:00: [boss_selection.smx] Mountain_San의 대기열 포인트: 0, 저장된 대기열포인트: -1
L 06/19/2016 - 20:08:56: [boss_selection.smx] Nopied◎의 대기열 포인트: 10, 저장된 대기열포인트: -1
L 06/19/2016 - 20:08:56: [boss_selection.smx] 전자제품의 혁명의 대기열 포인트: 20, 저장된 대기열포인트: -1
L 06/19/2016 - 20:08:56: [boss_selection.smx] Sinanju의 대기열 포인트: 10, 저장된 대기열포인트: -1
L 06/19/2016 - 20:08:56: [boss_selection.smx] GO mediseun (자연산)의 대기열 포인트: 0, 저장된 대기열포인트: -1
L 06/19/2016 - 20:08:56: [boss_selection.smx] Dozon의 대기열 포인트: 30, 저장된 대기열포인트: -1
L 06/19/2016 - 20:08:56: [boss_selection.smx] ♪(*´∀｀)(작다)의 대기열 포인트: 40, 저장된 대기열포인트: -1
L 06/19/2016 - 20:08:56: [boss_selection.smx] Mountain_San의 대기열 포인트: 10, 저장된 대기열포인트: -1
L 06/19/2016 - 20:12:14: [boss_selection.smx] Nopied◎의 대기열 포인트: 20, 저장된 대기열포인트: -1
L 06/19/2016 - 20:12:14: [boss_selection.smx] DandA1025의 대기열 포인트: 50, 저장된 대기열포인트: -1
L 06/19/2016 - 20:12:14: [boss_selection.smx] 전자제품의 혁명의 대기열 포인트: 30, 저장된 대기열포인트: -1
L 06/19/2016 - 20:12:14: [boss_selection.smx] Sinanju의 대기열 포인트: 20, 저장된 대기열포인트: -1
L 06/19/2016 - 20:12:14: [boss_selection.smx] GO mediseun (자연산)의 대기열 포인트: 10, 저장된 대기열포인트: -1
L 06/19/2016 - 20:12:14: [boss_selection.smx] Dozon의 대기열 포인트: 40, 저장된 대기열포인트: -1
L 06/19/2016 - 20:12:14: [boss_selection.smx] 『Green๖ۣۜ』의 대기열 포인트: 0, 저장된 대기열포인트: -1
L 06/19/2016 - 20:12:14: [boss_selection.smx] Mountain_San의 대기열 포인트: 20, 저장된 대기열포인트: -1
L 06/19/2016 - 20:15:54: [boss_selection.smx] Nopied◎의 대기열 포인트: 30, 저장된 대기열포인트: -1
L 06/19/2016 - 20:15:54: [boss_selection.smx] 전자제품의 혁명의 대기열 포인트: 40, 저장된 대기열포인트: -1
L 06/19/2016 - 20:15:54: [boss_selection.smx] Sinanju의 대기열 포인트: 30, 저장된 대기열포인트: -1
L 06/19/2016 - 20:15:54: [boss_selection.smx] Dozon의 대기열 포인트: 50, 저장된 대기열포인트: -1
L 06/19/2016 - 20:15:54: [boss_selection.smx] ♪(*´∀｀)(작다)의 대기열 포인트: 0, 저장된 대기열포인트: -1
L 06/19/2016 - 20:15:54: [boss_selection.smx] Mountain_San의 대기열 포인트: 30, 저장된 대기열포인트: -1
L 06/19/2016 - 20:21:23: [boss_selection.smx] Nopied◎의 대기열 포인트: 40, 저장된 대기열포인트: -1
L 06/19/2016 - 20:21:23: [boss_selection.smx] 전자제품의 혁명의 대기열 포인트: 50, 저장된 대기열포인트: -1
L 06/19/2016 - 20:21:23: [boss_selection.smx] Sinanju의 대기열 포인트: 40, 저장된 대기열포인트: -1
L 06/19/2016 - 20:21:23: [boss_selection.smx] GO mediseun (자연산)의 대기열 포인트: -1, 저장된 대기열포인트: -1
L 06/19/2016 - 20:21:23: [boss_selection.smx] ♪(*´∀｀)(작다)의 대기열 포인트: 10, 저장된 대기열포인트: -1
L 06/19/2016 - 20:21:23: [boss_selection.smx] Mountain_San의 대기열 포인트: 40, 저장된 대기열포인트: -1
L 06/19/2016 - 20:23:12: [boss_selection.smx] Nopied◎의 대기열 포인트: 50, 저장된 대기열포인트: -1
L 06/19/2016 - 20:23:12: [boss_selection.smx] Sinanju의 대기열 포인트: 50, 저장된 대기열포인트: -1
L 06/19/2016 - 20:23:12: [boss_selection.smx] GO mediseun (자연산)의 대기열 포인트: 9, 저장된 대기열포인트: -1
L 06/19/2016 - 20:23:12: [boss_selection.smx] Dozon의 대기열 포인트: 0, 저장된 대기열포인트: -1
L 06/19/2016 - 20:23:12: [boss_selection.smx] ♪(*´∀｀)(작다)의 대기열 포인트: 20, 저장된 대기열포인트: -1
L 06/19/2016 - 20:23:12: [boss_selection.smx] Mountain_San의 대기열 포인트: 50, 저장된 대기열포인트: -1
L 06/19/2016 - 20:28:11: [boss_selection.smx] Nopied◎의 대기열 포인트: 60, 저장된 대기열포인트: -1
L 06/19/2016 - 20:28:11: [boss_selection.smx] DandA1025의 대기열 포인트: -1, 저장된 대기열포인트: -1
L 06/19/2016 - 20:28:11: [boss_selection.smx] 전자제품의 혁명의 대기열 포인트: 0, 저장된 대기열포인트: -1
L 06/19/2016 - 20:28:11: [boss_selection.smx] Sinanju의 대기열 포인트: 60, 저장된 대기열포인트: -1
L 06/19/2016 - 20:28:11: [boss_selection.smx] GO mediseun (자연산)의 대기열 포인트: 19, 저장된 대기열포인트: -1
L 06/19/2016 - 20:28:11: [boss_selection.smx] Dozon의 대기열 포인트: 10, 저장된 대기열포인트: -1
L 06/19/2016 - 20:28:11: [boss_selection.smx] ♪(*´∀｀)(작다)의 대기열 포인트: 30, 저장된 대기열포인트: -1
L 06/19/2016 - 20:33:45: [funcommands.smx] "Nopied◎<2><[U:1:103205717]><>" ignited "DandA1025<9><[U:1:150941697]><>" (seconds "20.000000")
L 06/19/2016 - 20:33:45: [funcommands.smx] "Nopied◎<2><[U:1:103205717]><>" ignited "전자제품의 혁명<10><[U:1:96038124]><>" (seconds "20.000000")
L 06/19/2016 - 20:33:46: [funcommands.smx] "Nopied◎<2><[U:1:103205717]><>" ignited "Mountain_San<17><[U:1:180991312]><>" (seconds "20.000000")
L 06/19/2016 - 20:34:04: [funcommands.smx] "Nopied◎<2><[U:1:103205717]><>" froze "DandA1025<9><[U:1:150941697]><>"
L 06/19/2016 - 20:34:04: [funcommands.smx] "Nopied◎<2><[U:1:103205717]><>" froze "전자제품의 혁명<10><[U:1:96038124]><>"
L 06/19/2016 - 20:34:05: [funcommands.smx] "Nopied◎<2><[U:1:103205717]><>" froze "Mountain_San<17><[U:1:180991312]><>"
L 06/19/2016 - 20:34:35: [funcommands.smx] "Nopied◎<2><[U:1:103205717]><>" set a beacon on "전자제품의 혁명<10><[U:1:96038124]><>"
L 06/19/2016 - 20:34:38: [funcommands.smx] "Nopied◎<2><[U:1:103205717]><>" set a beacon on "Mountain_San<17><[U:1:180991312]><>"
L 06/19/2016 - 20:35:18: [boss_selection.smx] Nopied◎의 대기열 포인트: 70, 저장된 대기열포인트: -1
L 06/19/2016 - 20:35:18: [boss_selection.smx] DandA1025의 대기열 포인트: 9, 저장된 대기열포인트: -1
L 06/19/2016 - 20:35:18: [boss_selection.smx] 전자제품의 혁명의 대기열 포인트: 10, 저장된 대기열포인트: -1
L 06/19/2016 - 20:35:18: [boss_selection.smx] GO mediseun (자연산)의 대기열 포인트: 29, 저장된 대기열포인트: -1
L 06/19/2016 - 20:35:18: [boss_selection.smx] Dozon의 대기열 포인트: 20, 저장된 대기열포인트: -1
L 06/19/2016 - 20:35:18: [boss_selection.smx] ♪(*´∀｀)(작다)의 대기열 포인트: 40, 저장된 대기열포인트: -1
L 06/19/2016 - 20:35:18: [boss_selection.smx] 티벳여우의 대기열 포인트: 0, 저장된 대기열포인트: -1
L 06/19/2016 - 20:35:18: [boss_selection.smx] Mountain_San의 대기열 포인트: 0, 저장된 대기열포인트: -1
L 06/19/2016 - 20:39:10: [boss_selection.smx] DandA1025의 대기열 포인트: 9, 저장된 대기열포인트: -1
L 06/19/2016 - 20:39:10: [boss_selection.smx] 전자제품의 혁명의 대기열 포인트: 20, 저장된 대기열포인트: -1
L 06/19/2016 - 20:39:10: [boss_selection.smx] Sinanju의 대기열 포인트: 0, 저장된 대기열포인트: -1
L 06/19/2016 - 20:39:10: [boss_selection.smx] GO mediseun (자연산)의 대기열 포인트: 39, 저장된 대기열포인트: -1
L 06/19/2016 - 20:39:10: [boss_selection.smx] Dozon의 대기열 포인트: 30, 저장된 대기열포인트: -1
L 06/19/2016 - 20:39:10: [boss_selection.smx] ♪(*´∀｀)(작다)의 대기열 포인트: 50, 저장된 대기열포인트: -1
L 06/19/2016 - 20:39:10: [boss_selection.smx] 티벳여우의 대기열 포인트: 10, 저장된 대기열포인트: -1
L 06/19/2016 - 20:39:10: [boss_selection.smx] Mountain_San의 대기열 포인트: 10, 저장된 대기열포인트: -1
L 06/19/2016 - 20:39:19: [basecommands.smx] "Nopied◎<2><[U:1:103205717]><>" changed map to "vsh_manncohq_v14"
L 06/19/2016 - 20:39:22: [SM] Changed map to "vsh_manncohq_v14"
L 06/19/2016 - 20:39:24: -------- Mapchange to vsh_manncohq_v14 --------
L 06/19/2016 - 20:39:28: [boss_selection.smx] [FF2boss] Added chat command: ff2boss
L 06/19/2016 - 20:39:28: [boss_selection.smx] [FF2boss] Added chat command: boss
L 06/19/2016 - 20:39:28: [boss_selection.smx] [FF2boss] Added chat command: 보스
L 06/19/2016 - 20:39:28: [boss_selection.smx] [FF2boss] Added chat command: 보스선택
L 06/19/2016 - 20:44:02: [basechat.smx] "Nopied◎<2><[U:1:103205717]><>" triggered sm_say (text 미리 말씀드리지만)
L 06/19/2016 - 20:44:10: [basechat.smx] "Nopied◎<2><[U:1:103205717]><>" triggered sm_say (text 라스트 스나는 헤드데미지가 죽창입니다)
L 06/19/2016 - 20:44:16: [boss_selection.smx] Nopied◎의 대기열 포인트: 0, 저장된 대기열포인트: -1
L 06/19/2016 - 20:44:16: [boss_selection.smx] DandA1025의 대기열 포인트: 19, 저장된 대기열포인트: -1
L 06/19/2016 - 20:44:16: [boss_selection.smx] 전자제품의 혁명의 대기열 포인트: 30, 저장된 대기열포인트: -1
L 06/19/2016 - 20:44:16: [boss_selection.smx] Sinanju의 대기열 포인트: 10, 저장된 대기열포인트: -1
L 06/19/2016 - 20:44:16: [boss_selection.smx] GO mediseun (자연산)의 대기열 포인트: 49, 저장된 대기열포인트: -1
L 06/19/2016 - 20:44:16: [boss_selection.smx] 티벳여우의 대기열 포인트: 20, 저장된 대기열포인트: -1
L 06/19/2016 - 20:44:16: [boss_selection.smx] Mountain_San의 대기열 포인트: 20, 저장된 대기열포인트: -1
L 06/19/2016 - 20:48:51: [boss_selection.smx] Nopied◎의 대기열 포인트: 10, 저장된 대기열포인트: -1
L 06/19/2016 - 20:48:51: [boss_selection.smx] DandA1025의 대기열 포인트: 29, 저장된 대기열포인트: -1
L 06/19/2016 - 20:48:51: [boss_selection.smx] 전자제품의 혁명의 대기열 포인트: 40, 저장된 대기열포인트: -1
L 06/19/2016 - 20:48:51: [boss_selection.smx] Sinanju의 대기열 포인트: 20, 저장된 대기열포인트: -1
L 06/19/2016 - 20:48:51: [boss_selection.smx] ♪(*´∀｀)(작다)의 대기열 포인트: 0, 저장된 대기열포인트: -1
L 06/19/2016 - 20:48:51: [boss_selection.smx] 티벳여우의 대기열 포인트: 30, 저장된 대기열포인트: -1
L 06/19/2016 - 20:48:51: [boss_selection.smx] WeLeWe의 대기열 포인트: 10, 저장된 대기열포인트: -1
L 06/19/2016 - 20:48:51: [boss_selection.smx] Mountain_San의 대기열 포인트: 30, 저장된 대기열포인트: -1
L 06/19/2016 - 20:52:32: [funcommands.smx] "Nopied◎<2><[U:1:103205717]><>" set a FireBomb on "GO mediseun (자연산)<11><[U:1:61271689]><>"
L 06/19/2016 - 20:53:21: [boss_selection.smx] Nopied◎의 대기열 포인트: 20, 저장된 대기열포인트: -1
L 06/19/2016 - 20:53:21: [boss_selection.smx] DandA1025의 대기열 포인트: 39, 저장된 대기열포인트: -1
L 06/19/2016 - 20:53:21: [boss_selection.smx] Sinanju의 대기열 포인트: 30, 저장된 대기열포인트: -1
L 06/19/2016 - 20:53:21: [boss_selection.smx] ♪(*´∀｀)(작다)의 대기열 포인트: 10, 저장된 대기열포인트: -1
L 06/19/2016 - 20:53:21: [boss_selection.smx] 티벳여우의 대기열 포인트: 40, 저장된 대기열포인트: -1
L 06/19/2016 - 20:53:21: [boss_selection.smx] WeLeWe의 대기열 포인트: 20, 저장된 대기열포인트: -1
L 06/19/2016 - 20:53:21: [boss_selection.smx] Mountain_San의 대기열 포인트: 40, 저장된 대기열포인트: -1
L 06/19/2016 - 20:53:30: [basecommands.smx] "Nopied◎<2><[U:1:103205717]><>" changed map to "vsh_apg_v2"
L 06/19/2016 - 20:53:33: [SM] Changed map to "vsh_apg_v2"
L 06/19/2016 - 20:53:34: -------- Mapchange to vsh_apg_v2 --------
L 06/19/2016 - 20:53:38: [boss_selection.smx] [FF2boss] Added chat command: ff2boss
L 06/19/2016 - 20:53:38: [boss_selection.smx] [FF2boss] Added chat command: boss
L 06/19/2016 - 20:53:38: [boss_selection.smx] [FF2boss] Added chat command: 보스
L 06/19/2016 - 20:53:38: [boss_selection.smx] [FF2boss] Added chat command: 보스선택
L 06/19/2016 - 20:55:04: [boss_selection.smx] Nopied◎의 대기열 포인트: 30, 저장된 대기열포인트: -1
L 06/19/2016 - 20:55:04: [boss_selection.smx] 전자제품의 혁명의 대기열 포인트: 0, 저장된 대기열포인트: -1
L 06/19/2016 - 20:55:04: [boss_selection.smx] Sinanju의 대기열 포인트: 40, 저장된 대기열포인트: -1
L 06/19/2016 - 20:55:04: [boss_selection.smx] ♪(*´∀｀)(작다)의 대기열 포인트: 20, 저장된 대기열포인트: -1
L 06/19/2016 - 20:55:04: [boss_selection.smx] 티벳여우의 대기열 포인트: 50, 저장된 대기열포인트: -1
L 06/19/2016 - 20:55:04: [boss_selection.smx] WeLeWe의 대기열 포인트: 30, 저장된 대기열포인트: -1
L 06/19/2016 - 20:55:04: [boss_selection.smx] Mountain_San의 대기열 포인트: 50, 저장된 대기열포인트: -1
L 06/19/2016 - 20:56:54: [basecomm.smx] "Nopied◎<2><[U:1:103205717]><>" gagged "티벳여우<20><[U:1:171130010]><>"
L 06/19/2016 - 20:58:11: [boss_selection.smx] Nopied◎의 대기열 포인트: 40, 저장된 대기열포인트: -1
L 06/19/2016 - 20:58:11: [boss_selection.smx] 전자제품의 혁명의 대기열 포인트: 10, 저장된 대기열포인트: -1
L 06/19/2016 - 20:58:11: [boss_selection.smx] Sinanju의 대기열 포인트: 50, 저장된 대기열포인트: -1
L 06/19/2016 - 20:58:11: [boss_selection.smx] GO mediseun (자연산)의 대기열 포인트: -1, 저장된 대기열포인트: -1
L 06/19/2016 - 20:58:11: [boss_selection.smx] ♪(*´∀｀)(작다)의 대기열 포인트: 20, 저장된 대기열포인트: -1
L 06/19/2016 - 20:58:11: [boss_selection.smx] WeLeWe의 대기열 포인트: 40, 저장된 대기열포인트: -1
L 06/19/2016 - 20:58:33: [freaks\halloween_2014.ff2] Selected 2 by Key: special_greyalien
L 06/19/2016 - 21:00:42: [boss_selection.smx] Nopied◎의 대기열 포인트: 50, 저장된 대기열포인트: -1
L 06/19/2016 - 21:00:42: [boss_selection.smx] DandA1025의 대기열 포인트: -1, 저장된 대기열포인트: -1
L 06/19/2016 - 21:00:42: [boss_selection.smx] 전자제품의 혁명의 대기열 포인트: 20, 저장된 대기열포인트: -1
L 06/19/2016 - 21:00:42: [boss_selection.smx] Sinanju의 대기열 포인트: 60, 저장된 대기열포인트: -1
L 06/19/2016 - 21:00:42: [boss_selection.smx] ♪(*´∀｀)(작다)의 대기열 포인트: 30, 저장된 대기열포인트: -1
L 06/19/2016 - 21:00:42: [boss_selection.smx] WeLeWe의 대기열 포인트: 50, 저장된 대기열포인트: -1
L 06/19/2016 - 21:00:42: [boss_selection.smx] Mountain_San의 대기열 포인트: 0, 저장된 대기열포인트: -1
L 06/19/2016 - 21:00:42: [boss_selection.smx] 달의 대기열 포인트: 0, 저장된 대기열포인트: -1
L 06/19/2016 - 21:01:03: [basecomm.smx] "Nopied◎<2><[U:1:103205717]><>" ungagged "Nopied◎<2><[U:1:103205717]><>"
L 06/19/2016 - 21:01:03: [basecomm.smx] "Nopied◎<2><[U:1:103205717]><>" ungagged "DandA1025<9><[U:1:150941697]><>"
L 06/19/2016 - 21:01:03: [basecomm.smx] "Nopied◎<2><[U:1:103205717]><>" ungagged "전자제품의 혁명<10><[U:1:96038124]><>"
L 06/19/2016 - 21:01:03: [basecomm.smx] "Nopied◎<2><[U:1:103205717]><>" ungagged "Sinanju<5><[U:1:189750934]><>"
L 06/19/2016 - 21:01:03: [basecomm.smx] "Nopied◎<2><[U:1:103205717]><>" ungagged "GO mediseun (자연산)<11><[U:1:61271689]><>"
L 06/19/2016 - 21:01:03: [basecomm.smx] "Nopied◎<2><[U:1:103205717]><>" ungagged "♪(*´∀｀)(작다)<19><[U:1:209760731]><>"
L 06/19/2016 - 21:01:03: [basecomm.smx] "Nopied◎<2><[U:1:103205717]><>" ungagged "티벳여우<20><[U:1:171130010]><>"
L 06/19/2016 - 21:01:03: [basecomm.smx] "Nopied◎<2><[U:1:103205717]><>" ungagged "WeLeWe<22><[U:1:205353783]><>"
L 06/19/2016 - 21:01:03: [basecomm.smx] "Nopied◎<2><[U:1:103205717]><>" ungagged "Mountain_San<17><[U:1:180991312]><>"
L 06/19/2016 - 21:01:03: [basecomm.smx] "Nopied◎<2><[U:1:103205717]><>" ungagged "달<26><[U:1:40881577]><>"
L 06/19/2016 - 21:03:55: [funcommands.smx] "Nopied◎<2><[U:1:103205717]><>" set a TimeBomb on "DandA1025<9><[U:1:150941697]><>"
L 06/19/2016 - 21:03:55: [funcommands.smx] "Nopied◎<2><[U:1:103205717]><>" set a TimeBomb on "WeLeWe<22><[U:1:205353783]><>"
L 06/19/2016 - 21:03:55: [funcommands.smx] "Nopied◎<2><[U:1:103205717]><>" set a TimeBomb on "Mountain_San<17><[U:1:180991312]><>"
L 06/19/2016 - 21:03:57: [boss_selection.smx] Nopied◎의 대기열 포인트: 60, 저장된 대기열포인트: -1
L 06/19/2016 - 21:03:57: [boss_selection.smx] DandA1025의 대기열 포인트: 9, 저장된 대기열포인트: -1
L 06/19/2016 - 21:03:57: [boss_selection.smx] 전자제품의 혁명의 대기열 포인트: 30, 저장된 대기열포인트: -1
L 06/19/2016 - 21:03:57: [boss_selection.smx] ♪(*´∀｀)(작다)의 대기열 포인트: 40, 저장된 대기열포인트: -1
L 06/19/2016 - 21:03:57: [boss_selection.smx] 티벳여우의 대기열 포인트: 0, 저장된 대기열포인트: -1
L 06/19/2016 - 21:03:57: [boss_selection.smx] WeLeWe의 대기열 포인트: 60, 저장된 대기열포인트: -1
L 06/19/2016 - 21:03:57: [boss_selection.smx] Mountain_San의 대기열 포인트: 10, 저장된 대기열포인트: -1
L 06/19/2016 - 21:03:57: [boss_selection.smx] 달의 대기열 포인트: 10, 저장된 대기열포인트: -1
L 06/19/2016 - 21:06:39: [playercommands.smx] "Nopied◎<2><[U:1:103205717]><>" slayed "♪(*´∀｀)(작다)<19><[U:1:209760731]><>"
L 06/19/2016 - 21:07:58: [basecomm.smx] "Nopied◎<2><[U:1:103205717]><>" gagged "GO mediseun (자연산)<11><[U:1:61271689]><>"
L 06/19/2016 - 21:14:17: [boss_selection.smx] DandA1025의 대기열 포인트: 19, 저장된 대기열포인트: -1
L 06/19/2016 - 21:14:17: [boss_selection.smx] 전자제품의 혁명의 대기열 포인트: 40, 저장된 대기열포인트: -1
L 06/19/2016 - 21:14:17: [boss_selection.smx] Sinanju의 대기열 포인트: 0, 저장된 대기열포인트: -1
L 06/19/2016 - 21:14:17: [boss_selection.smx] ♪(*´∀｀)(작다)의 대기열 포인트: 50, 저장된 대기열포인트: -1
L 06/19/2016 - 21:14:17: [boss_selection.smx] 티벳여우의 대기열 포인트: 10, 저장된 대기열포인트: -1
L 06/19/2016 - 21:14:17: [boss_selection.smx] Mountain_San의 대기열 포인트: 20, 저장된 대기열포인트: -1
L 06/19/2016 - 21:14:17: [boss_selection.smx] 달의 대기열 포인트: 20, 저장된 대기열포인트: -1
L 06/19/2016 - 21:14:17: [boss_selection.smx] 나는 브로니다! 으아아의 대기열 포인트: 0, 저장된 대기열포인트: -1
L 06/19/2016 - 21:14:17: [boss_selection.smx] Dozon의 대기열 포인트: 40, 저장된 대기열포인트: -1
L 06/19/2016 - 21:14:17: [boss_selection.smx] 『Green๖ۣۜ』의 대기열 포인트: 10, 저장된 대기열포인트: -1
L 06/19/2016 - 21:16:12: [basecomm.smx] "Nopied◎<2><[U:1:103205717]><>" ungagged "Nopied◎<2><[U:1:103205717]><>"
L 06/19/2016 - 21:16:12: [basecomm.smx] "Nopied◎<2><[U:1:103205717]><>" ungagged "DandA1025<9><[U:1:150941697]><>"
L 06/19/2016 - 21:16:12: [basecomm.smx] "Nopied◎<2><[U:1:103205717]><>" ungagged "전자제품의 혁명<10><[U:1:96038124]><>"
L 06/19/2016 - 21:16:12: [basecomm.smx] "Nopied◎<2><[U:1:103205717]><>" ungagged "Sinanju<5><[U:1:189750934]><>"
L 06/19/2016 - 21:16:13: [basecomm.smx] "Nopied◎<2><[U:1:103205717]><>" ungagged "ㅅㅔ스ㄱㅣ모ㄸㅣ<11><[U:1:61271689]><>"
L 06/19/2016 - 21:16:13: [basecomm.smx] "Nopied◎<2><[U:1:103205717]><>" ungagged "♪(*´∀｀)(작다)<19><[U:1:209760731]><>"
L 06/19/2016 - 21:16:13: [basecomm.smx] "Nopied◎<2><[U:1:103205717]><>" ungagged "티벳여우<20><[U:1:171130010]><>"
L 06/19/2016 - 21:16:13: [basecomm.smx] "Nopied◎<2><[U:1:103205717]><>" ungagged "WeLeWe<22><[U:1:205353783]><>"
L 06/19/2016 - 21:16:13: [basecomm.smx] "Nopied◎<2><[U:1:103205717]><>" ungagged "Mountain_San<17><[U:1:180991312]><>"
L 06/19/2016 - 21:16:13: [basecomm.smx] "Nopied◎<2><[U:1:103205717]><>" ungagged "달<26><[U:1:40881577]><>"
L 06/19/2016 - 21:16:13: [basecomm.smx] "Nopied◎<2><[U:1:103205717]><>" ungagged "나는 브로니다! 으아아<28><[U:1:224567350]><>"
L 06/19/2016 - 21:16:13: [basecomm.smx] "Nopied◎<2><[U:1:103205717]><>" ungagged "Dozon<30><[U:1:159644927]><>"
L 06/19/2016 - 21:16:13: [basecomm.smx] "Nopied◎<2><[U:1:103205717]><>" ungagged "『Green๖ۣۜ』<31><[U:1:300186701]><>"
L 06/19/2016 - 21:27:16: [funcommands.smx] "Nopied◎<2><[U:1:103205717]><>" set a TimeBomb on "달<26><[U:1:40881577]><>"
L 06/19/2016 - 21:28:32: [basechat.smx] "Nopied◎<2><[U:1:103205717]><>" triggered sm_say (text 이번 라운드가 마지막이에요)
L 06/19/2016 - 21:28:52: [funcommands.smx] "Nopied◎<2><[U:1:103205717]><>" set a TimeBomb on "Nopied◎<2><[U:1:103205717]><>"
L 06/19/2016 - 21:28:52: [funcommands.smx] "Nopied◎<2><[U:1:103205717]><>" set a TimeBomb on "DandA1025<9><[U:1:150941697]><>"
L 06/19/2016 - 21:28:52: [funcommands.smx] "Nopied◎<2><[U:1:103205717]><>" set a TimeBomb on "WeLeWe<22><[U:1:205353783]><>"
L 06/19/2016 - 21:28:52: [funcommands.smx] "Nopied◎<2><[U:1:103205717]><>" set a TimeBomb on "Mountain_San<17><[U:1:180991312]><>"
L 06/19/2016 - 21:28:52: [funcommands.smx] "Nopied◎<2><[U:1:103205717]><>" set a TimeBomb on "달<26><[U:1:40881577]><>"
L 06/19/2016 - 21:28:52: [funcommands.smx] "Nopied◎<2><[U:1:103205717]><>" set a TimeBomb on "나는 브로니다! 으아아<28><[U:1:224567350]><>"
L 06/19/2016 - 21:28:56: [funcommands.smx] "Nopied◎<2><[U:1:103205717]><>" removed a TimeBomb on "Nopied◎<2><[U:1:103205717]><>"
L 06/19/2016 - 21:28:56: [funcommands.smx] "Nopied◎<2><[U:1:103205717]><>" removed a TimeBomb on "DandA1025<9><[U:1:150941697]><>"
L 06/19/2016 - 21:28:56: [funcommands.smx] "Nopied◎<2><[U:1:103205717]><>" removed a TimeBomb on "WeLeWe<22><[U:1:205353783]><>"
L 06/19/2016 - 21:28:56: [funcommands.smx] "Nopied◎<2><[U:1:103205717]><>" removed a TimeBomb on "Mountain_San<17><[U:1:180991312]><>"
L 06/19/2016 - 21:28:57: [funcommands.smx] "Nopied◎<2><[U:1:103205717]><>" removed a TimeBomb on "달<26><[U:1:40881577]><>"
L 06/19/2016 - 21:28:57: [funcommands.smx] "Nopied◎<2><[U:1:103205717]><>" removed a TimeBomb on "나는 브로니다! 으아아<28><[U:1:224567350]><>"
L 06/19/2016 - 21:37:27: [basecomm.smx] "Nopied◎<2><[U:1:103205717]><>" gagged "Nopied◎<2><[U:1:103205717]><>"
L 06/19/2016 - 21:37:27: [basecomm.smx] "Nopied◎<2><[U:1:103205717]><>" gagged "DandA1025<9><[U:1:150941697]><>"
L 06/19/2016 - 21:37:27: [basecomm.smx] "Nopied◎<2><[U:1:103205717]><>" gagged "Sinanju<5><[U:1:189750934]><>"
L 06/19/2016 - 21:37:27: [basecomm.smx] "Nopied◎<2><[U:1:103205717]><>" gagged "♪(*´∀｀)(작다)<19><[U:1:209760731]><>"
L 06/19/2016 - 21:37:27: [basecomm.smx] "Nopied◎<2><[U:1:103205717]><>" gagged "티벳여우<20><[U:1:171130010]><>"
L 06/19/2016 - 21:37:27: [basecomm.smx] "Nopied◎<2><[U:1:103205717]><>" gagged "WeLeWe<22><[U:1:205353783]><>"
L 06/19/2016 - 21:37:27: [basecomm.smx] "Nopied◎<2><[U:1:103205717]><>" gagged "Mountain_San<17><[U:1:180991312]><>"
L 06/19/2016 - 21:37:27: [basecomm.smx] "Nopied◎<2><[U:1:103205717]><>" gagged "달<26><[U:1:40881577]><>"
L 06/19/2016 - 21:37:27: [basecomm.smx] "Nopied◎<2><[U:1:103205717]><>" gagged "나는 브로니다! 으아아<28><[U:1:224567350]><>"
L 06/19/2016 - 21:37:27: [basecomm.smx] "Nopied◎<2><[U:1:103205717]><>" gagged "Dozon<30><[U:1:159644927]><>"
L 06/19/2016 - 21:37:36: [basecomm.smx] "Nopied◎<2><[U:1:103205717]><>" ungagged "Nopied◎<2><[U:1:103205717]><>"
L 06/19/2016 - 21:38:29: [basechat.smx] "Nopied◎<2><[U:1:103205717]><>" triggered sm_say (text 그럼 이만)
L 06/19/2016 - 21:38:36: [basecommands.smx] "Nopied◎<2><[U:1:103205717]><>" kicked "DandA1025<9><[U:1:150941697]><>" (reason "")
L 06/19/2016 - 21:38:36: [basecommands.smx] "Nopied◎<2><[U:1:103205717]><>" kicked "cabar<33><[U:1:118878229]><>" (reason "")
L 06/19/2016 - 21:38:36: [basecommands.smx] "Nopied◎<2><[U:1:103205717]><>" kicked "Sinanju<5><[U:1:189750934]><>" (reason "")
L 06/19/2016 - 21:38:36: [basecommands.smx] "Nopied◎<2><[U:1:103205717]><>" kicked "✔<34><[U:1:168642180]><>" (reason "")
L 06/19/2016 - 21:38:36: [basecommands.smx] "Nopied◎<2><[U:1:103205717]><>" kicked "Phantom<27><[U:1:188805772]><>" (reason "")
L 06/19/2016 - 21:38:36: [basecommands.smx] "Nopied◎<2><[U:1:103205717]><>" kicked "♪(*´∀｀)(작다)<19><[U:1:209760731]><>" (reason "")
L 06/19/2016 - 21:38:36: [basecommands.smx] "Nopied◎<2><[U:1:103205717]><>" kicked "티벳여우<20><[U:1:171130010]><>" (reason "")
L 06/19/2016 - 21:38:36: [basecommands.smx] "Nopied◎<2><[U:1:103205717]><>" kicked "WeLeWe<22><[U:1:205353783]><>" (reason "")
L 06/19/2016 - 21:38:36: [basecommands.smx] "Nopied◎<2><[U:1:103205717]><>" kicked "Mountain_San<17><[U:1:180991312]><>" (reason "")
L 06/19/2016 - 21:38:36: [basecommands.smx] "Nopied◎<2><[U:1:103205717]><>" kicked "달<26><[U:1:40881577]><>" (reason "")
L 06/19/2016 - 21:38:36: [basecommands.smx] "Nopied◎<2><[U:1:103205717]><>" kicked "Dozon<30><[U:1:159644927]><>" (reason "")
L 06/19/2016 - 21:38:36: [basecommands.smx] "Nopied◎<2><[U:1:103205717]><>" kicked "Nopied◎<2><[U:1:103205717]><>" (reason "")
L 06/19/2016 - 21:38:44: Log file closed.
