L 06/16/2016 - 20:41:14: SourceMod log file session started (file "L20160616.log") (Version "1.7.3-dev+5298")
L 06/16/2016 - 20:41:14: -------- Mapchange to vsh_apg_v2 --------
L 06/16/2016 - 20:41:14: [TF2ITEMS] "GiveNamedItem" offset = 472
L 06/16/2016 - 20:41:14: [boss_selection.smx] [FF2boss] Added chat command: ff2boss
L 06/16/2016 - 20:41:14: [boss_selection.smx] [FF2boss] Added chat command: boss
L 06/16/2016 - 20:41:14: [boss_selection.smx] [FF2boss] Added chat command: 보스
L 06/16/2016 - 20:41:14: [boss_selection.smx] [FF2boss] Added chat command: 보스선택
L 06/16/2016 - 20:41:14: [custompart.smx] Debug for CustomPart
L 06/16/2016 - 20:41:14: [freak_fortress_2.smx] ===Freak Fortress 2 Initializing-v1.10.10 Beta===
L 06/16/2016 - 20:41:26: [boss_selection.smx] [FF2boss] Added chat command: ff2boss
L 06/16/2016 - 20:41:26: [boss_selection.smx] [FF2boss] Added chat command: boss
L 06/16/2016 - 20:41:26: [boss_selection.smx] [FF2boss] Added chat command: 보스
L 06/16/2016 - 20:41:26: [boss_selection.smx] [FF2boss] Added chat command: 보스선택
L 06/16/2016 - 20:44:58: [playercommands.smx] "Nopied◎<7><[U:1:103205717]><>" slayed "Nopied◎<7><[U:1:103205717]><>"
L 06/16/2016 - 20:44:58: [playercommands.smx] "Nopied◎<7><[U:1:103205717]><>" slayed "THEM<8><BOT><>"
L 06/16/2016 - 20:44:58: [playercommands.smx] "Nopied◎<7><[U:1:103205717]><>" slayed "10001011101<9><BOT><>"
L 06/16/2016 - 20:44:58: [playercommands.smx] "Nopied◎<7><[U:1:103205717]><>" slayed "ZAWMBEEZ<10><BOT><>"
L 06/16/2016 - 20:44:58: [playercommands.smx] "Nopied◎<7><[U:1:103205717]><>" slayed "TAAAAANK!<11><BOT><>"
L 06/16/2016 - 20:45:01: [boss_selection.smx] Nopied◎의 대기열 포인트: 0, 저장된 대기열포인트: -1
L 06/16/2016 - 20:47:04: [boss_selection.smx] ♪(*´∀｀)(작다)의 대기열 포인트: 0, 저장된 대기열포인트: -1
L 06/16/2016 - 20:47:17: Log file closed.
L 06/16/2016 - 20:51:30: SourceMod log file session started (file "L20160616.log") (Version "1.7.3-dev+5298")
L 06/16/2016 - 20:51:30: -------- Mapchange to vsh_apg_v2 --------
L 06/16/2016 - 20:51:30: [TF2ITEMS] "GiveNamedItem" offset = 472
L 06/16/2016 - 20:51:30: [boss_selection.smx] [FF2boss] Added chat command: ff2boss
L 06/16/2016 - 20:51:30: [boss_selection.smx] [FF2boss] Added chat command: boss
L 06/16/2016 - 20:51:30: [boss_selection.smx] [FF2boss] Added chat command: 보스
L 06/16/2016 - 20:51:30: [boss_selection.smx] [FF2boss] Added chat command: 보스선택
L 06/16/2016 - 20:51:30: [custompart.smx] Debug for CustomPart
L 06/16/2016 - 20:51:30: [freak_fortress_2.smx] ===Freak Fortress 2 Initializing-v1.10.10 Beta===
L 06/16/2016 - 20:51:42: [boss_selection.smx] [FF2boss] Added chat command: ff2boss
L 06/16/2016 - 20:51:42: [boss_selection.smx] [FF2boss] Added chat command: boss
L 06/16/2016 - 20:51:42: [boss_selection.smx] [FF2boss] Added chat command: 보스
L 06/16/2016 - 20:51:42: [boss_selection.smx] [FF2boss] Added chat command: 보스선택
L 06/16/2016 - 20:55:42: [boss_selection.smx] Nopied◎의 대기열 포인트: 0, 저장된 대기열포인트: -1
L 06/16/2016 - 20:56:50: [boss_selection.smx] 티벳여우의 대기열 포인트: 0, 저장된 대기열포인트: -1
L 06/16/2016 - 20:57:12: Log file closed.
L 06/16/2016 - 20:57:50: SourceMod log file session started (file "L20160616.log") (Version "1.7.3-dev+5298")
L 06/16/2016 - 20:57:50: -------- Mapchange to vsh_apg_v2 --------
L 06/16/2016 - 20:57:50: [TF2ITEMS] "GiveNamedItem" offset = 472
L 06/16/2016 - 20:57:51: [boss_selection.smx] [FF2boss] Added chat command: ff2boss
L 06/16/2016 - 20:57:51: [boss_selection.smx] [FF2boss] Added chat command: boss
L 06/16/2016 - 20:57:51: [boss_selection.smx] [FF2boss] Added chat command: 보스
L 06/16/2016 - 20:57:51: [boss_selection.smx] [FF2boss] Added chat command: 보스선택
L 06/16/2016 - 20:57:51: [custompart.smx] Debug for CustomPart
L 06/16/2016 - 20:57:51: [freak_fortress_2.smx] ===Freak Fortress 2 Initializing-v1.10.10 Beta===
L 06/16/2016 - 20:58:02: [boss_selection.smx] [FF2boss] Added chat command: ff2boss
L 06/16/2016 - 20:58:02: [boss_selection.smx] [FF2boss] Added chat command: boss
L 06/16/2016 - 20:58:02: [boss_selection.smx] [FF2boss] Added chat command: 보스
L 06/16/2016 - 20:58:02: [boss_selection.smx] [FF2boss] Added chat command: 보스선택
L 06/16/2016 - 21:01:16: [boss_selection.smx] Nopied◎의 대기열 포인트: 0, 저장된 대기열포인트: -1
L 06/16/2016 - 21:02:06: [boss_selection.smx] 티벳여우의 대기열 포인트: 0, 저장된 대기열포인트: -1
L 06/16/2016 - 21:02:51: [playercommands.smx] "Nopied◎<2><[U:1:103205717]><>" slayed "Nopied◎<2><[U:1:103205717]><>"
L 06/16/2016 - 21:02:51: [playercommands.smx] "Nopied◎<2><[U:1:103205717]><>" slayed "DandA1025<4><[U:1:150941697]><>"
L 06/16/2016 - 21:05:30: [boss_selection.smx] Nopied◎의 대기열 포인트: 0, 저장된 대기열포인트: -1
L 06/16/2016 - 21:05:30: [boss_selection.smx] ♪(*´∀｀)(작다)의 대기열 포인트: 0, 저장된 대기열포인트: -1
L 06/16/2016 - 21:06:44: [boss_selection.smx] Nopied◎의 대기열 포인트: 10, 저장된 대기열포인트: -1
L 06/16/2016 - 21:06:44: [boss_selection.smx] 티벳여우의 대기열 포인트: 0, 저장된 대기열포인트: -1
L 06/16/2016 - 21:06:44: [boss_selection.smx] ♪(*´∀｀)(작다)의 대기열 포인트: 10, 저장된 대기열포인트: -1
L 06/16/2016 - 21:09:24: [playercommands.smx] "Nopied◎<2><[U:1:103205717]><>" slayed "Bot01<5><BOT><>"
L 06/16/2016 - 21:09:27: [boss_selection.smx] Nopied◎의 대기열 포인트: 20, 저장된 대기열포인트: -1
L 06/16/2016 - 21:09:27: [boss_selection.smx] 티벳여우의 대기열 포인트: 10, 저장된 대기열포인트: -1
L 06/16/2016 - 21:09:38: Log file closed.
L 06/16/2016 - 21:09:50: SourceMod log file session started (file "L20160616.log") (Version "1.7.3-dev+5298")
L 06/16/2016 - 21:09:50: -------- Mapchange to vsh_apg_v2 --------
L 06/16/2016 - 21:09:50: [TF2ITEMS] "GiveNamedItem" offset = 472
L 06/16/2016 - 21:09:50: [boss_selection.smx] [FF2boss] Added chat command: ff2boss
L 06/16/2016 - 21:09:50: [boss_selection.smx] [FF2boss] Added chat command: boss
L 06/16/2016 - 21:09:50: [boss_selection.smx] [FF2boss] Added chat command: 보스
L 06/16/2016 - 21:09:50: [boss_selection.smx] [FF2boss] Added chat command: 보스선택
L 06/16/2016 - 21:09:50: [custompart.smx] Debug for CustomPart
L 06/16/2016 - 21:09:50: [freak_fortress_2.smx] ===Freak Fortress 2 Initializing-v1.10.10 Beta===
L 06/16/2016 - 21:10:01: [boss_selection.smx] [FF2boss] Added chat command: ff2boss
L 06/16/2016 - 21:10:01: [boss_selection.smx] [FF2boss] Added chat command: boss
L 06/16/2016 - 21:10:01: [boss_selection.smx] [FF2boss] Added chat command: 보스
L 06/16/2016 - 21:10:01: [boss_selection.smx] [FF2boss] Added chat command: 보스선택
L 06/16/2016 - 21:13:29: [boss_selection.smx] 티벳여우의 대기열 포인트: 20, 저장된 대기열포인트: -1
L 06/16/2016 - 21:13:29: [boss_selection.smx] ♪(*´∀｀)(작다)의 대기열 포인트: 0, 저장된 대기열포인트: -1
L 06/16/2016 - 21:16:12: [freak_fortress_2.smx] ===Freak Fortress 2 Initializing-v1.10.10 Beta===
L 06/16/2016 - 21:16:37: [boss_selection.smx] Nopied◎의 대기열 포인트: 0, 저장된 대기열포인트: -1
L 06/16/2016 - 21:16:37: [boss_selection.smx] 티벳여우의 대기열 포인트: 0, 저장된 대기열포인트: -1
L 06/16/2016 - 21:16:37: [boss_selection.smx] ♪(*´∀｀)(작다)의 대기열 포인트: 10, 저장된 대기열포인트: -1
L 06/16/2016 - 21:16:37: [boss_selection.smx] GO mediseun (자연산)의 대기열 포인트: 20, 저장된 대기열포인트: -1
L 06/16/2016 - 21:16:59: [freaks\halloween_2014.ff2] Selected 2 by Key: special_greyalien
L 06/16/2016 - 21:18:05: [boss_selection.smx] Nopied◎의 대기열 포인트: 10, 저장된 대기열포인트: -1
L 06/16/2016 - 21:18:05: [boss_selection.smx] 티벳여우의 대기열 포인트: 10, 저장된 대기열포인트: -1
L 06/16/2016 - 21:18:05: [boss_selection.smx] ♪(*´∀｀)(작다)의 대기열 포인트: 20, 저장된 대기열포인트: -1
L 06/16/2016 - 21:19:43: [boss_selection.smx] Nopied◎의 대기열 포인트: 20, 저장된 대기열포인트: -1
L 06/16/2016 - 21:19:43: [boss_selection.smx] 티벳여우의 대기열 포인트: 10, 저장된 대기열포인트: -1
L 06/16/2016 - 21:19:43: [boss_selection.smx] GO mediseun (자연산)의 대기열 포인트: 0, 저장된 대기열포인트: -1
L 06/16/2016 - 21:20:37: [boss_selection.smx] 티벳여우의 대기열 포인트: 20, 저장된 대기열포인트: -1
L 06/16/2016 - 21:20:37: [boss_selection.smx] ♪(*´∀｀)(작다)의 대기열 포인트: 0, 저장된 대기열포인트: -1
L 06/16/2016 - 21:20:37: [boss_selection.smx] GO mediseun (자연산)의 대기열 포인트: 10, 저장된 대기열포인트: -1
L 06/16/2016 - 21:24:30: [boss_selection.smx] Nopied◎의 대기열 포인트: 0, 저장된 대기열포인트: -1
L 06/16/2016 - 21:24:30: [boss_selection.smx] ♪(*´∀｀)(작다)의 대기열 포인트: 10, 저장된 대기열포인트: -1
L 06/16/2016 - 21:24:30: [boss_selection.smx] GO mediseun (자연산)의 대기열 포인트: 20, 저장된 대기열포인트: -1
L 06/16/2016 - 21:26:30: [boss_selection.smx] Nopied◎의 대기열 포인트: 10, 저장된 대기열포인트: -1
L 06/16/2016 - 21:26:30: [boss_selection.smx] 티벳여우의 대기열 포인트: 0, 저장된 대기열포인트: -1
L 06/16/2016 - 21:26:30: [boss_selection.smx] ♪(*´∀｀)(작다)의 대기열 포인트: 20, 저장된 대기열포인트: -1
L 06/16/2016 - 21:26:51: [freak_fortress_2.smx] ===Freak Fortress 2 Initializing-v1.10.10 Beta===
L 06/16/2016 - 21:27:04: [playercommands.smx] "Nopied◎<2><[U:1:103205717]><>" slayed "Nopied◎<2><[U:1:103205717]><>"
L 06/16/2016 - 21:27:04: [playercommands.smx] "Nopied◎<2><[U:1:103205717]><>" slayed "티벳여우<9><[U:1:171130010]><>"
L 06/16/2016 - 21:27:04: [playercommands.smx] "Nopied◎<2><[U:1:103205717]><>" slayed "♪(*´∀｀)(작다)<4><[U:1:209760731]><>"
L 06/16/2016 - 21:27:04: [playercommands.smx] "Nopied◎<2><[U:1:103205717]><>" slayed "DandA1025<5><[U:1:150941697]><>"
L 06/16/2016 - 21:27:04: [playercommands.smx] "Nopied◎<2><[U:1:103205717]><>" slayed "GO mediseun (자연산)<8><[U:1:61271689]><>"
L 06/16/2016 - 21:27:07: [boss_selection.smx] Nopied◎의 대기열 포인트: 20, 저장된 대기열포인트: -1
L 06/16/2016 - 21:27:07: [boss_selection.smx] 티벳여우의 대기열 포인트: 10, 저장된 대기열포인트: -1
L 06/16/2016 - 21:27:07: [boss_selection.smx] ♪(*´∀｀)(작다)의 대기열 포인트: 0, 저장된 대기열포인트: -1
L 06/16/2016 - 21:27:59: [playercommands.smx] "Nopied◎<2><[U:1:103205717]><>" slayed "Nopied◎<2><[U:1:103205717]><>"
L 06/16/2016 - 21:28:02: [boss_selection.smx] 티벳여우의 대기열 포인트: 20, 저장된 대기열포인트: -1
L 06/16/2016 - 21:28:02: [boss_selection.smx] ♪(*´∀｀)(작다)의 대기열 포인트: 10, 저장된 대기열포인트: -1
L 06/16/2016 - 21:28:02: [boss_selection.smx] GO mediseun (자연산)의 대기열 포인트: -1, 저장된 대기열포인트: -1
L 06/16/2016 - 21:30:07: [boss_selection.smx] Nopied◎의 대기열 포인트: 0, 저장된 대기열포인트: -1
L 06/16/2016 - 21:30:07: [boss_selection.smx] GO mediseun (자연산)의 대기열 포인트: 9, 저장된 대기열포인트: -1
L 06/16/2016 - 21:30:44: [playercommands.smx] "Nopied◎<2><[U:1:103205717]><>" slayed "Nopied◎<2><[U:1:103205717]><>"
L 06/16/2016 - 21:30:44: [playercommands.smx] "Nopied◎<2><[U:1:103205717]><>" slayed "티벳여우<9><[U:1:171130010]><>"
L 06/16/2016 - 21:30:44: [playercommands.smx] "Nopied◎<2><[U:1:103205717]><>" slayed "DandA1025<5><[U:1:150941697]><>"
L 06/16/2016 - 21:30:44: [playercommands.smx] "Nopied◎<2><[U:1:103205717]><>" slayed "GO mediseun (자연산)<8><[U:1:61271689]><>"
L 06/16/2016 - 21:30:47: [boss_selection.smx] Nopied◎의 대기열 포인트: 10, 저장된 대기열포인트: -1
L 06/16/2016 - 21:30:47: [boss_selection.smx] 티벳여우의 대기열 포인트: 0, 저장된 대기열포인트: -1
L 06/16/2016 - 21:30:47: [boss_selection.smx] DandA1025의 대기열 포인트: -1, 저장된 대기열포인트: -1
L 06/16/2016 - 21:32:15: [boss_selection.smx] 티벳여우의 대기열 포인트: 10, 저장된 대기열포인트: -1
L 06/16/2016 - 21:32:15: [boss_selection.smx] ♪(*´∀｀)(작다)의 대기열 포인트: 0, 저장된 대기열포인트: -1
L 06/16/2016 - 21:32:15: [boss_selection.smx] DandA1025의 대기열 포인트: 9, 저장된 대기열포인트: -1
L 06/16/2016 - 21:32:58: Log file closed.
L 06/16/2016 - 21:33:34: SourceMod log file session started (file "L20160616.log") (Version "1.7.3-dev+5298")
L 06/16/2016 - 21:33:34: -------- Mapchange to vsh_apg_v2 --------
L 06/16/2016 - 21:33:34: [TF2ITEMS] "GiveNamedItem" offset = 472
L 06/16/2016 - 21:33:34: [boss_selection.smx] [FF2boss] Added chat command: ff2boss
L 06/16/2016 - 21:33:34: [boss_selection.smx] [FF2boss] Added chat command: boss
L 06/16/2016 - 21:33:34: [boss_selection.smx] [FF2boss] Added chat command: 보스
L 06/16/2016 - 21:33:34: [boss_selection.smx] [FF2boss] Added chat command: 보스선택
L 06/16/2016 - 21:33:34: [custompart.smx] Debug for CustomPart
L 06/16/2016 - 21:33:34: [freak_fortress_2.smx] ===Freak Fortress 2 Initializing-v1.10.10 Beta===
L 06/16/2016 - 21:33:46: [boss_selection.smx] [FF2boss] Added chat command: ff2boss
L 06/16/2016 - 21:33:46: [boss_selection.smx] [FF2boss] Added chat command: boss
L 06/16/2016 - 21:33:46: [boss_selection.smx] [FF2boss] Added chat command: 보스
L 06/16/2016 - 21:33:46: [boss_selection.smx] [FF2boss] Added chat command: 보스선택
L 06/16/2016 - 21:38:14: Log file closed.
L 06/16/2016 - 21:38:25: SourceMod log file session started (file "L20160616.log") (Version "1.7.3-dev+5298")
L 06/16/2016 - 21:38:25: -------- Mapchange to vsh_apg_v2 --------
L 06/16/2016 - 21:38:25: [TF2ITEMS] "GiveNamedItem" offset = 472
L 06/16/2016 - 21:38:25: [boss_selection.smx] [FF2boss] Added chat command: ff2boss
L 06/16/2016 - 21:38:25: [boss_selection.smx] [FF2boss] Added chat command: boss
L 06/16/2016 - 21:38:25: [boss_selection.smx] [FF2boss] Added chat command: 보스
L 06/16/2016 - 21:38:25: [boss_selection.smx] [FF2boss] Added chat command: 보스선택
L 06/16/2016 - 21:38:25: [custompart.smx] Debug for CustomPart
L 06/16/2016 - 21:38:25: [freak_fortress_2.smx] ===Freak Fortress 2 Initializing-v1.10.10 Beta===
L 06/16/2016 - 21:38:37: [boss_selection.smx] [FF2boss] Added chat command: ff2boss
L 06/16/2016 - 21:38:37: [boss_selection.smx] [FF2boss] Added chat command: boss
L 06/16/2016 - 21:38:37: [boss_selection.smx] [FF2boss] Added chat command: 보스
L 06/16/2016 - 21:38:37: [boss_selection.smx] [FF2boss] Added chat command: 보스선택
L 06/16/2016 - 21:39:54: [playercommands.smx] "Nopied◎<7><[U:1:103205717]><>" slayed "Saxton Hale<8><BOT><>"
L 06/16/2016 - 21:39:54: [playercommands.smx] "Nopied◎<7><[U:1:103205717]><>" slayed "Screamin' Eagles<9><BOT><>"
L 06/16/2016 - 21:39:54: [playercommands.smx] "Nopied◎<7><[U:1:103205717]><>" slayed "Maggot<10><BOT><>"
L 06/16/2016 - 21:39:54: [playercommands.smx] "Nopied◎<7><[U:1:103205717]><>" slayed "Herr Doktor<11><BOT><>"
L 06/16/2016 - 21:41:46: [playercommands.smx] "Console<0><Console><Console>" slayed "Nopied◎<7><[U:1:103205717]><>"
L 06/16/2016 - 21:41:46: [playercommands.smx] "Console<0><Console><Console>" slayed "Companion Cube<12><BOT><>"
L 06/16/2016 - 21:41:49: [boss_selection.smx] Nopied◎의 대기열 포인트: 0, 저장된 대기열포인트: -1
L 06/16/2016 - 21:47:05: [playercommands.smx] "Nopied◎<7><[U:1:103205717]><>" slayed "Nopied◎<7><[U:1:103205717]><>"
L 06/16/2016 - 21:47:05: [playercommands.smx] "Nopied◎<7><[U:1:103205717]><>" slayed "Maggot<10><BOT><>"
L 06/16/2016 - 21:47:49: [playercommands.smx] "Nopied◎<7><[U:1:103205717]><>" slayed "Nopied◎<7><[U:1:103205717]><>"
L 06/16/2016 - 21:47:49: [playercommands.smx] "Nopied◎<7><[U:1:103205717]><>" slayed "Saxton Hale<8><BOT><>"
L 06/16/2016 - 21:47:49: [playercommands.smx] "Nopied◎<7><[U:1:103205717]><>" slayed "Screamin' Eagles<9><BOT><>"
L 06/16/2016 - 21:47:49: [playercommands.smx] "Nopied◎<7><[U:1:103205717]><>" slayed "Maggot<10><BOT><>"
L 06/16/2016 - 21:47:49: [playercommands.smx] "Nopied◎<7><[U:1:103205717]><>" slayed "Herr Doktor<11><BOT><>"
L 06/16/2016 - 21:47:52: [boss_selection.smx] Nopied◎의 대기열 포인트: 0, 저장된 대기열포인트: -1
L 06/16/2016 - 21:51:56: [playercommands.smx] "Nopied◎<7><[U:1:103205717]><>" slayed "Nopied◎<7><[U:1:103205717]><>"
L 06/16/2016 - 21:51:56: [playercommands.smx] "Nopied◎<7><[U:1:103205717]><>" slayed "Saxton Hale<8><BOT><>"
L 06/16/2016 - 21:51:56: [playercommands.smx] "Nopied◎<7><[U:1:103205717]><>" slayed "Screamin' Eagles<9><BOT><>"
L 06/16/2016 - 21:51:56: [playercommands.smx] "Nopied◎<7><[U:1:103205717]><>" slayed "Maggot<10><BOT><>"
L 06/16/2016 - 21:51:56: [playercommands.smx] "Nopied◎<7><[U:1:103205717]><>" slayed "Herr Doktor<11><BOT><>"
L 06/16/2016 - 21:55:03: [playercommands.smx] "Nopied◎<7><[U:1:103205717]><>" slayed "Nopied◎<7><[U:1:103205717]><>"
L 06/16/2016 - 21:55:06: [boss_selection.smx] Nopied◎의 대기열 포인트: 0, 저장된 대기열포인트: -1
L 06/16/2016 - 21:59:06: Log file closed.
L 06/16/2016 - 21:59:17: SourceMod log file session started (file "L20160616.log") (Version "1.7.3-dev+5298")
L 06/16/2016 - 21:59:17: -------- Mapchange to vsh_apg_v2 --------
L 06/16/2016 - 21:59:17: [TF2ITEMS] "GiveNamedItem" offset = 472
L 06/16/2016 - 21:59:18: [boss_selection.smx] [FF2boss] Added chat command: ff2boss
L 06/16/2016 - 21:59:18: [boss_selection.smx] [FF2boss] Added chat command: boss
L 06/16/2016 - 21:59:18: [boss_selection.smx] [FF2boss] Added chat command: 보스
L 06/16/2016 - 21:59:18: [boss_selection.smx] [FF2boss] Added chat command: 보스선택
L 06/16/2016 - 21:59:18: [custompart.smx] Debug for CustomPart
L 06/16/2016 - 21:59:18: [freak_fortress_2.smx] ===Freak Fortress 2 Initializing-v1.10.10 Beta===
L 06/16/2016 - 21:59:29: [boss_selection.smx] [FF2boss] Added chat command: ff2boss
L 06/16/2016 - 21:59:29: [boss_selection.smx] [FF2boss] Added chat command: boss
L 06/16/2016 - 21:59:29: [boss_selection.smx] [FF2boss] Added chat command: 보스
L 06/16/2016 - 21:59:29: [boss_selection.smx] [FF2boss] Added chat command: 보스선택
L 06/16/2016 - 22:02:06: [playercommands.smx] "Nopied◎<7><[U:1:103205717]><>" slayed "10001011101<9><BOT><>"
L 06/16/2016 - 22:02:06: [playercommands.smx] "Nopied◎<7><[U:1:103205717]><>" slayed "ZAWMBEEZ<10><BOT><>"
L 06/16/2016 - 22:02:06: [playercommands.smx] "Nopied◎<7><[U:1:103205717]><>" slayed "TAAAAANK!<11><BOT><>"
L 06/16/2016 - 22:02:07: [playercommands.smx] "Nopied◎<7><[U:1:103205717]><>" slayed "Black Mesa<12><BOT><>"
L 06/16/2016 - 22:02:08: [playercommands.smx] "Nopied◎<7><[U:1:103205717]><>" slayed "Nopied◎<7><[U:1:103205717]><>"
L 06/16/2016 - 22:04:26: [playercommands.smx] "Nopied◎<7><[U:1:103205717]><>" slayed "Nopied◎<7><[U:1:103205717]><>"
L 06/16/2016 - 22:06:25: [playercommands.smx] "Nopied◎<7><[U:1:103205717]><>" slayed "Nopied◎<7><[U:1:103205717]><>"
L 06/16/2016 - 22:06:28: [boss_selection.smx] Nopied◎의 대기열 포인트: 0, 저장된 대기열포인트: -1
L 06/16/2016 - 22:06:32: [freak_fortress_2.smx] "Nopied◎<7><[U:1:103205717]><>" added 123 queue points to "Nopied◎<7><[U:1:103205717]><>"
L 06/16/2016 - 22:10:14: Log file closed.
L 06/16/2016 - 22:22:51: SourceMod log file session started (file "L20160616.log") (Version "1.7.3-dev+5298")
L 06/16/2016 - 22:22:51: -------- Mapchange to vsh_apg_v2 --------
L 06/16/2016 - 22:22:51: [TF2ITEMS] "GiveNamedItem" offset = 472
L 06/16/2016 - 22:22:51: [boss_selection.smx] [FF2boss] Added chat command: ff2boss
L 06/16/2016 - 22:22:51: [boss_selection.smx] [FF2boss] Added chat command: boss
L 06/16/2016 - 22:22:51: [boss_selection.smx] [FF2boss] Added chat command: 보스
L 06/16/2016 - 22:22:51: [boss_selection.smx] [FF2boss] Added chat command: 보스선택
L 06/16/2016 - 22:22:51: [custompart.smx] Debug for CustomPart
L 06/16/2016 - 22:22:52: [freak_fortress_2.smx] ===Freak Fortress 2 Initializing-v1.10.10 Beta===
L 06/16/2016 - 22:23:04: [boss_selection.smx] [FF2boss] Added chat command: ff2boss
L 06/16/2016 - 22:23:04: [boss_selection.smx] [FF2boss] Added chat command: boss
L 06/16/2016 - 22:23:04: [boss_selection.smx] [FF2boss] Added chat command: 보스
L 06/16/2016 - 22:23:04: [boss_selection.smx] [FF2boss] Added chat command: 보스선택
L 06/16/2016 - 22:24:37: [funcommands.smx] "Nopied◎<2><[U:1:103205717]><>" set a TimeBomb on "It's Filthy in There!<3><BOT><>"
L 06/16/2016 - 22:24:37: [funcommands.smx] "Nopied◎<2><[U:1:103205717]><>" set a TimeBomb on "Mega Baboon<4><BOT><>"
L 06/16/2016 - 22:24:37: [funcommands.smx] "Nopied◎<2><[U:1:103205717]><>" set a TimeBomb on "Kill Me<5><BOT><>"
L 06/16/2016 - 22:24:38: [funcommands.smx] "Nopied◎<2><[U:1:103205717]><>" set a TimeBomb on "Chucklenuts<6><BOT><>"
L 06/16/2016 - 22:24:40: [funcommands.smx] "Nopied◎<2><[U:1:103205717]><>" set a TimeBomb on "Nopied◎<2><[U:1:103205717]><>"
L 06/16/2016 - 22:29:15: [playercommands.smx] "Nopied◎<2><[U:1:103205717]><>" slayed "Nopied◎<2><[U:1:103205717]><>"
L 06/16/2016 - 22:29:18: [boss_selection.smx] Nopied◎의 대기열 포인트: 0, 저장된 대기열포인트: -1
L 06/16/2016 - 22:29:22: Log file closed.
