L 06/17/2016 - 19:51:33: SourceMod log file session started (file "L20160617.log") (Version "1.7.3-dev+5298")
L 06/17/2016 - 19:51:33: -------- Mapchange to vsh_apg_v2 --------
L 06/17/2016 - 19:51:33: [TF2ITEMS] "GiveNamedItem" offset = 472
L 06/17/2016 - 19:51:36: [boss_selection.smx] [FF2boss] Added chat command: ff2boss
L 06/17/2016 - 19:51:36: [boss_selection.smx] [FF2boss] Added chat command: boss
L 06/17/2016 - 19:51:36: [boss_selection.smx] [FF2boss] Added chat command: 보스
L 06/17/2016 - 19:51:36: [boss_selection.smx] [FF2boss] Added chat command: 보스선택
L 06/17/2016 - 19:51:36: [custompart.smx] Debug for CustomPart
L 06/17/2016 - 19:51:36: [freak_fortress_2.smx] ===Freak Fortress 2 Initializing-v1.10.10 Beta===
L 06/17/2016 - 19:51:51: [boss_selection.smx] [FF2boss] Added chat command: ff2boss
L 06/17/2016 - 19:51:51: [boss_selection.smx] [FF2boss] Added chat command: boss
L 06/17/2016 - 19:51:51: [boss_selection.smx] [FF2boss] Added chat command: 보스
L 06/17/2016 - 19:51:51: [boss_selection.smx] [FF2boss] Added chat command: 보스선택
L 06/17/2016 - 19:51:51: [UPDATER] Successfully updated gamedata file "sm-cstrike.games/game.csgo.txt"
L 06/17/2016 - 19:51:51: [UPDATER] SourceMod has been updated, please reload it or restart your server.
L 06/17/2016 - 19:55:09: Log file closed.
L 06/17/2016 - 19:59:30: SourceMod log file session started (file "L20160617.log") (Version "1.7.3-dev+5298")
L 06/17/2016 - 19:59:30: -------- Mapchange to vsh_apg_v2 --------
L 06/17/2016 - 19:59:30: [TF2ITEMS] "GiveNamedItem" offset = 472
L 06/17/2016 - 19:59:30: [boss_selection.smx] [FF2boss] Added chat command: ff2boss
L 06/17/2016 - 19:59:30: [boss_selection.smx] [FF2boss] Added chat command: boss
L 06/17/2016 - 19:59:30: [boss_selection.smx] [FF2boss] Added chat command: 보스
L 06/17/2016 - 19:59:30: [boss_selection.smx] [FF2boss] Added chat command: 보스선택
L 06/17/2016 - 19:59:30: [custompart.smx] Debug for CustomPart
L 06/17/2016 - 19:59:30: [freak_fortress_2.smx] ===Freak Fortress 2 Initializing-v1.10.10 Beta===
L 06/17/2016 - 19:59:42: [boss_selection.smx] [FF2boss] Added chat command: ff2boss
L 06/17/2016 - 19:59:42: [boss_selection.smx] [FF2boss] Added chat command: boss
L 06/17/2016 - 19:59:42: [boss_selection.smx] [FF2boss] Added chat command: 보스
L 06/17/2016 - 19:59:42: [boss_selection.smx] [FF2boss] Added chat command: 보스선택
L 06/17/2016 - 20:08:47: [playercommands.smx] "Nopied◎<2><[U:1:103205717]><>" slayed "Nopied◎<2><[U:1:103205717]><>"
L 06/17/2016 - 20:08:47: [playercommands.smx] "Nopied◎<2><[U:1:103205717]><>" slayed "Bot01<3><BOT><>"
L 06/17/2016 - 20:12:46: Log file closed.
L 06/17/2016 - 20:12:57: SourceMod log file session started (file "L20160617.log") (Version "1.7.3-dev+5298")
L 06/17/2016 - 20:12:57: -------- Mapchange to vsh_apg_v2 --------
L 06/17/2016 - 20:12:57: [TF2ITEMS] "GiveNamedItem" offset = 472
L 06/17/2016 - 20:12:59: [boss_selection.smx] [FF2boss] Added chat command: ff2boss
L 06/17/2016 - 20:12:59: [boss_selection.smx] [FF2boss] Added chat command: boss
L 06/17/2016 - 20:12:59: [boss_selection.smx] [FF2boss] Added chat command: 보스
L 06/17/2016 - 20:12:59: [boss_selection.smx] [FF2boss] Added chat command: 보스선택
L 06/17/2016 - 20:12:59: [custompart.smx] Debug for CustomPart
L 06/17/2016 - 20:12:59: [freak_fortress_2.smx] ===Freak Fortress 2 Initializing-v1.10.10 Beta===
L 06/17/2016 - 20:13:12: [boss_selection.smx] [FF2boss] Added chat command: ff2boss
L 06/17/2016 - 20:13:12: [boss_selection.smx] [FF2boss] Added chat command: boss
L 06/17/2016 - 20:13:12: [boss_selection.smx] [FF2boss] Added chat command: 보스
L 06/17/2016 - 20:13:12: [boss_selection.smx] [FF2boss] Added chat command: 보스선택
L 06/17/2016 - 20:14:23: [playercommands.smx] "Nopied◎<2><[U:1:103205717]><>" slayed "Bot01<3><BOT><>"
L 06/17/2016 - 20:20:17: [boss_selection.smx] Nopied◎의 대기열 포인트: 10, 저장된 대기열포인트: -1
L 06/17/2016 - 20:29:22: [funcommands.smx] "Nopied◎<2><[U:1:103205717]><>" set a TimeBomb on "Nopied◎<2><[U:1:103205717]><>"
L 06/17/2016 - 20:29:22: [funcommands.smx] "Nopied◎<2><[U:1:103205717]><>" set a TimeBomb on "Bot01<3><BOT><>"
L 06/17/2016 - 20:29:22: [funcommands.smx] "Nopied◎<2><[U:1:103205717]><>" set a TimeBomb on "GO mediseun (자연산)<5><[U:1:61271689]><>"
L 06/17/2016 - 20:30:26: [boss_selection.smx] Nopied◎의 대기열 포인트: 0, 저장된 대기열포인트: -1
L 06/17/2016 - 20:32:38: [boss_selection.smx] Nopied◎의 대기열 포인트: 0, 저장된 대기열포인트: -1
L 06/17/2016 - 20:33:38: [playercommands.smx] "Nopied◎<2><[U:1:103205717]><>" slayed "Bot01<3><BOT><>"
L 06/17/2016 - 20:33:38: [playercommands.smx] "Nopied◎<2><[U:1:103205717]><>" slayed "Bot02<4><BOT><>"
L 06/17/2016 - 20:33:38: [playercommands.smx] "Nopied◎<2><[U:1:103205717]><>" slayed "GO mediseun (자연산)<5><[U:1:61271689]><>"
L 06/17/2016 - 20:35:08: [basecommands.smx] "Nopied◎<2><[U:1:103205717]><>" kicked "Nopied◎<2><[U:1:103205717]><>" (reason "")
L 06/17/2016 - 21:06:12: Log file closed.
L 06/17/2016 - 21:06:26: SourceMod log file session started (file "L20160617.log") (Version "1.7.3-dev+5298")
L 06/17/2016 - 21:06:26: -------- Mapchange to vsh_apg_v2 --------
L 06/17/2016 - 21:06:26: [TF2ITEMS] "GiveNamedItem" offset = 472
L 06/17/2016 - 21:06:26: [boss_selection.smx] [FF2boss] Added chat command: ff2boss
L 06/17/2016 - 21:06:26: [boss_selection.smx] [FF2boss] Added chat command: boss
L 06/17/2016 - 21:06:26: [boss_selection.smx] [FF2boss] Added chat command: 보스
L 06/17/2016 - 21:06:26: [boss_selection.smx] [FF2boss] Added chat command: 보스선택
L 06/17/2016 - 21:06:26: [custompart.smx] Debug for CustomPart
L 06/17/2016 - 21:06:26: [freak_fortress_2.smx] ===Freak Fortress 2 Initializing-v1.10.10 Beta===
L 06/17/2016 - 21:06:37: [boss_selection.smx] [FF2boss] Added chat command: ff2boss
L 06/17/2016 - 21:06:37: [boss_selection.smx] [FF2boss] Added chat command: boss
L 06/17/2016 - 21:06:37: [boss_selection.smx] [FF2boss] Added chat command: 보스
L 06/17/2016 - 21:06:37: [boss_selection.smx] [FF2boss] Added chat command: 보스선택
L 06/17/2016 - 21:09:54: [boss_selection.smx] Nopied◎의 대기열 포인트: 0, 저장된 대기열포인트: -1
L 06/17/2016 - 21:11:46: [boss_selection.smx] 『Green๖ۣۜ』의 대기열 포인트: 0, 저장된 대기열포인트: -1
L 06/17/2016 - 21:13:41: [boss_selection.smx] Nopied◎의 대기열 포인트: 0, 저장된 대기열포인트: -1
L 06/17/2016 - 21:13:41: [boss_selection.smx] 『Green๖ۣۜ』의 대기열 포인트: 10, 저장된 대기열포인트: -1
L 06/17/2016 - 21:20:20: [boss_selection.smx] 『Green๖ۣۜ』의 대기열 포인트: 0, 저장된 대기열포인트: -1
L 06/17/2016 - 21:20:48: [playercommands.smx] "Nopied◎<2><[U:1:103205717]><>" slayed "Mann Co.<4><BOT><>"
L 06/17/2016 - 21:20:51: [boss_selection.smx] Nopied◎의 대기열 포인트: 0, 저장된 대기열포인트: -1
L 06/17/2016 - 21:20:51: [boss_selection.smx] 『Green๖ۣۜ』의 대기열 포인트: 10, 저장된 대기열포인트: -1
L 06/17/2016 - 21:24:29: [boss_selection.smx] 『Green๖ۣۜ』의 대기열 포인트: 0, 저장된 대기열포인트: -1
L 06/17/2016 - 21:24:29: [boss_selection.smx] Sinanju의 대기열 포인트: 0, 저장된 대기열포인트: -1
L 06/17/2016 - 21:26:52: [boss_selection.smx] Nopied◎의 대기열 포인트: 0, 저장된 대기열포인트: -1
L 06/17/2016 - 21:26:52: [boss_selection.smx] 『Green๖ۣۜ』의 대기열 포인트: 10, 저장된 대기열포인트: -1
L 06/17/2016 - 21:28:31: [boss_selection.smx] Nopied◎의 대기열 포인트: 10, 저장된 대기열포인트: -1
L 06/17/2016 - 21:28:31: [boss_selection.smx] 『Green๖ۣۜ』의 대기열 포인트: 10, 저장된 대기열포인트: -1
L 06/17/2016 - 21:28:31: [boss_selection.smx] Sinanju의 대기열 포인트: 0, 저장된 대기열포인트: -1
L 06/17/2016 - 21:32:19: [boss_selection.smx] 『Green๖ۣۜ』의 대기열 포인트: 10, 저장된 대기열포인트: -1
L 06/17/2016 - 21:32:19: [boss_selection.smx] MAGGOTS!의 대기열 포인트: 0, 저장된 대기열포인트: -1
L 06/17/2016 - 21:32:19: [boss_selection.smx] Sinanju의 대기열 포인트: 10, 저장된 대기열포인트: -1
L 06/17/2016 - 21:35:27: [boss_selection.smx] Nopied◎의 대기열 포인트: 0, 저장된 대기열포인트: -1
L 06/17/2016 - 21:35:27: [boss_selection.smx] 『Green๖ۣۜ』의 대기열 포인트: 20, 저장된 대기열포인트: -1
L 06/17/2016 - 21:35:27: [boss_selection.smx] MAGGOTS!의 대기열 포인트: 10, 저장된 대기열포인트: -1
L 06/17/2016 - 21:37:59: [boss_selection.smx] Nopied◎의 대기열 포인트: 10, 저장된 대기열포인트: -1
L 06/17/2016 - 21:37:59: [boss_selection.smx] Sinanju의 대기열 포인트: 0, 저장된 대기열포인트: -1
L 06/17/2016 - 21:39:53: [boss_selection.smx] 『Green๖ۣۜ』의 대기열 포인트: 0, 저장된 대기열포인트: -1
L 06/17/2016 - 21:39:53: [boss_selection.smx] GO mediseun (자연산)의 대기열 포인트: -1, 저장된 대기열포인트: -1
L 06/17/2016 - 21:39:53: [boss_selection.smx] Sinanju의 대기열 포인트: 10, 저장된 대기열포인트: -1
L 06/17/2016 - 21:42:38: [boss_selection.smx] Nopied◎의 대기열 포인트: 20, 저장된 대기열포인트: -1
L 06/17/2016 - 21:42:38: [boss_selection.smx] 『Green๖ۣۜ』의 대기열 포인트: 10, 저장된 대기열포인트: -1
L 06/17/2016 - 21:42:38: [boss_selection.smx] GO mediseun (자연산)의 대기열 포인트: 9, 저장된 대기열포인트: -1
L 06/17/2016 - 21:42:38: [boss_selection.smx] MAGGOTS!의 대기열 포인트: 0, 저장된 대기열포인트: -1
L 06/17/2016 - 21:42:38: [boss_selection.smx] 티벳여우의 대기열 포인트: 0, 저장된 대기열포인트: -1
L 06/17/2016 - 21:42:50: [basecommands.smx] "Nopied◎<2><[U:1:103205717]><>" changed map to "vsh_snowflakes_b1"
L 06/17/2016 - 21:42:53: [SM] Changed map to "vsh_snowflakes_b1"
L 06/17/2016 - 21:42:54: -------- Mapchange to vsh_snowflakes_b1 --------
L 06/17/2016 - 21:43:00: [boss_selection.smx] [FF2boss] Added chat command: ff2boss
L 06/17/2016 - 21:43:00: [boss_selection.smx] [FF2boss] Added chat command: boss
L 06/17/2016 - 21:43:00: [boss_selection.smx] [FF2boss] Added chat command: 보스
L 06/17/2016 - 21:43:00: [boss_selection.smx] [FF2boss] Added chat command: 보스선택
L 06/17/2016 - 21:43:41: [freaks\halloween_2014.ff2] Selected 2 by Key: special_greyalien
L 06/17/2016 - 21:45:20: [boss_selection.smx] 『Green๖ۣۜ』의 대기열 포인트: 20, 저장된 대기열포인트: -1
L 06/17/2016 - 21:45:20: [boss_selection.smx] GO mediseun (자연산)의 대기열 포인트: 19, 저장된 대기열포인트: -1
L 06/17/2016 - 21:45:20: [boss_selection.smx] MAGGOTS!의 대기열 포인트: 10, 저장된 대기열포인트: -1
L 06/17/2016 - 21:45:20: [boss_selection.smx] Sinanju의 대기열 포인트: 0, 저장된 대기열포인트: -1
L 06/17/2016 - 21:45:20: [boss_selection.smx] 티벳여우의 대기열 포인트: 10, 저장된 대기열포인트: -1
L 06/17/2016 - 21:45:43: [playercommands.smx] "Nopied◎<2><[U:1:103205717]><>" slayed "Kaboom!<10><BOT><>"
L 06/17/2016 - 21:45:46: [boss_selection.smx] Nopied◎의 대기열 포인트: 0, 저장된 대기열포인트: -1
L 06/17/2016 - 21:45:46: [boss_selection.smx] 『Green๖ۣۜ』의 대기열 포인트: 20, 저장된 대기열포인트: -1
L 06/17/2016 - 21:45:46: [boss_selection.smx] GO mediseun (자연산)의 대기열 포인트: 29, 저장된 대기열포인트: -1
L 06/17/2016 - 21:45:46: [boss_selection.smx] MAGGOTS!의 대기열 포인트: 20, 저장된 대기열포인트: -1
L 06/17/2016 - 21:45:46: [boss_selection.smx] Sinanju의 대기열 포인트: 10, 저장된 대기열포인트: -1
L 06/17/2016 - 21:45:46: [boss_selection.smx] 티벳여우의 대기열 포인트: 20, 저장된 대기열포인트: -1
L 06/17/2016 - 21:49:24: [basechat.smx] "Nopied◎<2><[U:1:103205717]><>" triggered sm_say (text 공중 도발은 가능하게 해둔겁니다.)
L 06/17/2016 - 21:49:47: [basechat.smx] "Nopied◎<2><[U:1:103205717]><>" triggered sm_say (text 색스턴헤일 슬램 에니메이션 효과때문에..)
L 06/17/2016 - 21:50:44: [boss_selection.smx] Nopied◎의 대기열 포인트: 10, 저장된 대기열포인트: -1
L 06/17/2016 - 21:50:44: [boss_selection.smx] 『Green๖ۣۜ』의 대기열 포인트: 30, 저장된 대기열포인트: -1
L 06/17/2016 - 21:50:44: [boss_selection.smx] MAGGOTS!의 대기열 포인트: 30, 저장된 대기열포인트: -1
L 06/17/2016 - 21:50:44: [boss_selection.smx] Sinanju의 대기열 포인트: 20, 저장된 대기열포인트: -1
L 06/17/2016 - 21:50:44: [boss_selection.smx] 티벳여우의 대기열 포인트: 30, 저장된 대기열포인트: -1
L 06/17/2016 - 21:52:30: [basechat.smx] "Nopied◎<2><[U:1:103205717]><>" triggered sm_say (text 개그라..)
L 06/17/2016 - 21:52:32: [basechat.smx] "Nopied◎<2><[U:1:103205717]><>" triggered sm_say (text gag?)
L 06/17/2016 - 21:52:37: [basechat.smx] "Nopied◎<2><[U:1:103205717]><>" triggered sm_say (text !gag 티뱃)
L 06/17/2016 - 21:54:48: [funcommands.smx] "Nopied◎<2><[U:1:103205717]><>" set a TimeBomb on "DandA1025<14><[U:1:150941697]><>"
L 06/17/2016 - 21:55:23: [basechat.smx] "Nopied◎<2><[U:1:103205717]><>" triggered sm_say (text 샷건 사용하지 마세요.)
L 06/17/2016 - 21:55:32: [basechat.smx] "Nopied◎<2><[U:1:103205717]><>" triggered sm_say (text 픽스 전까지는..)
L 06/17/2016 - 21:55:39: [basechat.smx] "Nopied◎<2><[U:1:103205717]><>" triggered sm_say (text 빕맨 버그입니다)
L 06/17/2016 - 21:55:44: [basechat.smx] "Nopied◎<2><[U:1:103205717]><>" triggered sm_say (text 주말에 픽스해놓을게요)
L 06/17/2016 - 21:55:55: [basechat.smx] "Nopied◎<2><[U:1:103205717]><>" triggered sm_say (text 체력 낮아지면 다시 빨라질겁니다)
L 06/17/2016 - 21:57:00: [boss_selection.smx] Nopied◎의 대기열 포인트: 20, 저장된 대기열포인트: -1
L 06/17/2016 - 21:57:00: [boss_selection.smx] MAGGOTS!의 대기열 포인트: 40, 저장된 대기열포인트: -1
L 06/17/2016 - 21:57:00: [boss_selection.smx] Sinanju의 대기열 포인트: 30, 저장된 대기열포인트: -1
L 06/17/2016 - 21:57:00: [boss_selection.smx] DandA1025의 대기열 포인트: 19, 저장된 대기열포인트: -1
L 06/17/2016 - 21:59:13: [basechat.smx] "Nopied◎<2><[U:1:103205717]><>" triggered sm_say (text 리빙포인트: 버지니어는 노스턴이다)
L 06/17/2016 - 22:00:01: [basechat.smx] "Nopied◎<2><[U:1:103205717]><>" triggered sm_say (text 혹은 timebomb이러던가)
L 06/17/2016 - 22:00:18: [funcommands.smx] "Nopied◎<2><[U:1:103205717]><>" set a TimeBomb on "GO mediseun (자연산)<5><[U:1:61271689]><>"
L 06/17/2016 - 22:00:18: [funcommands.smx] "Nopied◎<2><[U:1:103205717]><>" set a TimeBomb on "DandA1025<14><[U:1:150941697]><>"
L 06/17/2016 - 22:01:35: [boss_selection.smx] Nopied◎의 대기열 포인트: 30, 저장된 대기열포인트: -1
L 06/17/2016 - 22:01:35: [boss_selection.smx] Sinanju의 대기열 포인트: 30, 저장된 대기열포인트: -1
L 06/17/2016 - 22:01:35: [boss_selection.smx] 티벳여우의 대기열 포인트: 0, 저장된 대기열포인트: -1
L 06/17/2016 - 22:01:35: [boss_selection.smx] DandA1025의 대기열 포인트: 29, 저장된 대기열포인트: -1
L 06/17/2016 - 22:01:51: [basechat.smx] "Nopied◎<2><[U:1:103205717]><>" triggered sm_say (text 또다른 리빙포인트: 브금 없는 보스는 라스트맨 브금도 씹힌다)
L 06/17/2016 - 22:04:27: [boss_selection.smx] Nopied◎의 대기열 포인트: 40, 저장된 대기열포인트: -1
L 06/17/2016 - 22:04:27: [boss_selection.smx] GO mediseun (자연산)의 대기열 포인트: -1, 저장된 대기열포인트: -1
L 06/17/2016 - 22:04:27: [boss_selection.smx] MAGGOTS!의 대기열 포인트: 0, 저장된 대기열포인트: -1
L 06/17/2016 - 22:04:27: [boss_selection.smx] 티벳여우의 대기열 포인트: 10, 저장된 대기열포인트: -1
L 06/17/2016 - 22:04:27: [boss_selection.smx] DandA1025의 대기열 포인트: 39, 저장된 대기열포인트: -1
L 06/17/2016 - 22:04:49: [basechat.smx] "Nopied◎<2><[U:1:103205717]><>" triggered sm_say (text 리빙 포인트: 라스트맨 브금은 개인당 무작위로 틀어진다)
L 06/17/2016 - 22:04:49: [freaks\halloween_2014.ff2] Selected 2 by Key: special_greyalien
L 06/17/2016 - 22:04:53: [basechat.smx] "Nopied◎<2><[U:1:103205717]><>" triggered sm_say (text 그래서 뭘 들었는지 모른다)
L 06/17/2016 - 22:07:03: [boss_selection.smx] GO mediseun (자연산)의 대기열 포인트: 9, 저장된 대기열포인트: -1
L 06/17/2016 - 22:07:03: [boss_selection.smx] MAGGOTS!의 대기열 포인트: 10, 저장된 대기열포인트: -1
L 06/17/2016 - 22:07:03: [boss_selection.smx] Sinanju의 대기열 포인트: 0, 저장된 대기열포인트: -1
L 06/17/2016 - 22:07:03: [boss_selection.smx] 티벳여우의 대기열 포인트: 20, 저장된 대기열포인트: -1
L 06/17/2016 - 22:07:03: [boss_selection.smx] DandA1025의 대기열 포인트: 49, 저장된 대기열포인트: -1
L 06/17/2016 - 22:10:29: [boss_selection.smx] Nopied◎의 대기열 포인트: 0, 저장된 대기열포인트: -1
L 06/17/2016 - 22:10:29: [boss_selection.smx] GO mediseun (자연산)의 대기열 포인트: 19, 저장된 대기열포인트: -1
L 06/17/2016 - 22:10:29: [boss_selection.smx] Sinanju의 대기열 포인트: 10, 저장된 대기열포인트: -1
L 06/17/2016 - 22:10:29: [boss_selection.smx] 티벳여우의 대기열 포인트: 30, 저장된 대기열포인트: -1
L 06/17/2016 - 22:12:34: [basechat.smx] "Nopied◎<2><[U:1:103205717]><>" triggered sm_say (text 패시브입니다)
L 06/17/2016 - 22:12:39: [basechat.smx] "Nopied◎<2><[U:1:103205717]><>" triggered sm_say (text !보스정보로 확인 가능)
L 06/17/2016 - 22:14:34: [basechat.smx] "Nopied◎<2><[U:1:103205717]><>" triggered sm_say (text 캬)
L 06/17/2016 - 22:14:45: [basechat.smx] "Nopied◎<2><[U:1:103205717]><>" triggered sm_say (text 렌치님 가셨습니다)
L 06/17/2016 - 22:15:00: [boss_selection.smx] Nopied◎의 대기열 포인트: 10, 저장된 대기열포인트: -1
L 06/17/2016 - 22:15:00: [boss_selection.smx] GO mediseun (자연산)의 대기열 포인트: 29, 저장된 대기열포인트: -1
L 06/17/2016 - 22:15:00: [boss_selection.smx] Sinanju의 대기열 포인트: 20, 저장된 대기열포인트: -1
L 06/17/2016 - 22:17:48: [boss_selection.smx] Nopied◎의 대기열 포인트: 20, 저장된 대기열포인트: -1
L 06/17/2016 - 22:17:48: [boss_selection.smx] Sinanju의 대기열 포인트: 30, 저장된 대기열포인트: -1
L 06/17/2016 - 22:17:48: [boss_selection.smx] 티벳여우의 대기열 포인트: 0, 저장된 대기열포인트: -1
L 06/17/2016 - 22:17:49: [basechat.smx] "Nopied◎<2><[U:1:103205717]><>" triggered sm_say (text 샷건 쓰지 말라고)
L 06/17/2016 - 22:17:52: [basechat.smx] "Nopied◎<2><[U:1:103205717]><>" triggered sm_say (text 아까 말했을텐데요.)
L 06/17/2016 - 22:21:55: [boss_selection.smx] Nopied◎의 대기열 포인트: 30, 저장된 대기열포인트: -1
L 06/17/2016 - 22:21:55: [boss_selection.smx] GO mediseun (자연산)의 대기열 포인트: 0, 저장된 대기열포인트: -1
L 06/17/2016 - 22:21:55: [boss_selection.smx] 티벳여우의 대기열 포인트: 10, 저장된 대기열포인트: -1
L 06/17/2016 - 22:21:55: [boss_selection.smx] DandA1025의 대기열 포인트: -1, 저장된 대기열포인트: -1
L 06/17/2016 - 22:22:17: [SM] Changed map to "vsh_snowflakes_b1"
L 06/17/2016 - 22:22:17: -------- Mapchange to vsh_snowflakes_b1 --------
L 06/17/2016 - 22:22:23: [boss_selection.smx] [FF2boss] Added chat command: ff2boss
L 06/17/2016 - 22:22:23: [boss_selection.smx] [FF2boss] Added chat command: boss
L 06/17/2016 - 22:22:23: [boss_selection.smx] [FF2boss] Added chat command: 보스
L 06/17/2016 - 22:22:23: [boss_selection.smx] [FF2boss] Added chat command: 보스선택
L 06/17/2016 - 22:22:39: -------- Mapchange to vsh_2fortdesk_v8 --------
L 06/17/2016 - 22:22:44: [boss_selection.smx] [FF2boss] Added chat command: ff2boss
L 06/17/2016 - 22:22:44: [boss_selection.smx] [FF2boss] Added chat command: boss
L 06/17/2016 - 22:22:44: [boss_selection.smx] [FF2boss] Added chat command: 보스
L 06/17/2016 - 22:22:44: [boss_selection.smx] [FF2boss] Added chat command: 보스선택
L 06/17/2016 - 22:24:11: [boss_selection.smx] GO mediseun (자연산)의 대기열 포인트: 10, 저장된 대기열포인트: -1
L 06/17/2016 - 22:24:11: [boss_selection.smx] Sinanju의 대기열 포인트: 0, 저장된 대기열포인트: -1
L 06/17/2016 - 22:24:11: [boss_selection.smx] 티벳여우의 대기열 포인트: 20, 저장된 대기열포인트: -1
L 06/17/2016 - 22:24:11: [boss_selection.smx] DandA1025의 대기열 포인트: 9, 저장된 대기열포인트: -1
L 06/17/2016 - 22:24:33: [freaks\halloween_2014.ff2] Selected 2 by Key: special_greyalien
L 06/17/2016 - 22:27:14: [boss_selection.smx] GO mediseun (자연산)의 대기열 포인트: 10, 저장된 대기열포인트: -1
L 06/17/2016 - 22:27:14: [boss_selection.smx] Sinanju의 대기열 포인트: 10, 저장된 대기열포인트: -1
L 06/17/2016 - 22:27:14: [boss_selection.smx] 티벳여우의 대기열 포인트: 30, 저장된 대기열포인트: -1
L 06/17/2016 - 22:27:14: [boss_selection.smx] DandA1025의 대기열 포인트: 19, 저장된 대기열포인트: -1
L 06/17/2016 - 22:29:56: [boss_selection.smx] Nopied◎의 대기열 포인트: 0, 저장된 대기열포인트: -1
L 06/17/2016 - 22:29:56: [boss_selection.smx] GO mediseun (자연산)의 대기열 포인트: 20, 저장된 대기열포인트: -1
L 06/17/2016 - 22:29:56: [boss_selection.smx] Sinanju의 대기열 포인트: 20, 저장된 대기열포인트: -1
L 06/17/2016 - 22:29:56: [boss_selection.smx] DandA1025의 대기열 포인트: 29, 저장된 대기열포인트: -1
L 06/17/2016 - 22:32:58: [boss_selection.smx] Nopied◎의 대기열 포인트: 10, 저장된 대기열포인트: -1
L 06/17/2016 - 22:32:58: [boss_selection.smx] GO mediseun (자연산)의 대기열 포인트: 30, 저장된 대기열포인트: -1
L 06/17/2016 - 22:32:58: [boss_selection.smx] Sinanju의 대기열 포인트: 30, 저장된 대기열포인트: -1
L 06/17/2016 - 22:32:58: [boss_selection.smx] 티벳여우의 대기열 포인트: 0, 저장된 대기열포인트: -1
L 06/17/2016 - 22:36:46: [boss_selection.smx] Nopied◎의 대기열 포인트: 20, 저장된 대기열포인트: -1
L 06/17/2016 - 22:36:46: [boss_selection.smx] 티벳여우의 대기열 포인트: 10, 저장된 대기열포인트: -1
L 06/17/2016 - 22:37:08: [freaks\halloween_2014.ff2] Selected 2 by Key: special_greyalien
L 06/17/2016 - 22:39:44: [boss_selection.smx] Sinanju의 대기열 포인트: 0, 저장된 대기열포인트: -1
L 06/17/2016 - 22:39:44: [boss_selection.smx] 티벳여우의 대기열 포인트: 20, 저장된 대기열포인트: -1
L 06/17/2016 - 22:44:26: [boss_selection.smx] Nopied◎의 대기열 포인트: 0, 저장된 대기열포인트: -1
L 06/17/2016 - 22:44:26: [boss_selection.smx] ✔의 대기열 포인트: 0, 저장된 대기열포인트: -1
L 06/17/2016 - 22:44:26: [boss_selection.smx] DandA1025의 대기열 포인트: -1, 저장된 대기열포인트: -1
L 06/17/2016 - 22:46:08: [basechat.smx] "Nopied◎<2><[U:1:103205717]><>" triggered sm_say (text !외부음악)
L 06/17/2016 - 22:46:41: [boss_selection.smx] Nopied◎의 대기열 포인트: 10, 저장된 대기열포인트: -1
L 06/17/2016 - 22:46:41: [boss_selection.smx] DandA1025의 대기열 포인트: 9, 저장된 대기열포인트: -1
L 06/17/2016 - 22:47:03: [freaks\halloween_2014.ff2] Selected 2 by Key: special_greyalien
L 06/17/2016 - 22:47:10: [playercommands.smx] "Nopied◎<2><[U:1:103205717]><>" slayed "Nopied◎<2><[U:1:103205717]><>"
L 06/17/2016 - 22:47:13: [boss_selection.smx] ✔의 대기열 포인트: 10, 저장된 대기열포인트: -1
L 06/17/2016 - 22:47:13: [boss_selection.smx] DandA1025의 대기열 포인트: 19, 저장된 대기열포인트: -1
L 06/17/2016 - 22:49:43: [boss_selection.smx] Nopied◎의 대기열 포인트: 0, 저장된 대기열포인트: -1
L 06/17/2016 - 22:49:43: [boss_selection.smx] ✔의 대기열 포인트: 20, 저장된 대기열포인트: -1
L 06/17/2016 - 22:53:33: [basechat.smx] "Nopied◎<2><[U:1:103205717]><>" triggered sm_say (text 저런)
L 06/17/2016 - 22:53:43: [funcommands.smx] "Nopied◎<2><[U:1:103205717]><>" set a TimeBomb on "0xDEADBEEF<17><BOT><>"
L 06/17/2016 - 22:53:56: [boss_selection.smx] Nopied◎의 대기열 포인트: 10, 저장된 대기열포인트: -1
L 06/17/2016 - 22:54:18: [freaks\halloween_2014.ff2] Selected 2 by Key: special_greyalien
L 06/17/2016 - 22:54:18: [playercommands.smx] "Nopied◎<2><[U:1:103205717]><>" slayed "Nopied◎<2><[U:1:103205717]><>"
L 06/17/2016 - 22:54:21: [boss_selection.smx] ✔의 대기열 포인트: 0, 저장된 대기열포인트: -1
L 06/17/2016 - 22:54:22: [boss_selection.smx] DandA1025의 대기열 포인트: -1, 저장된 대기열포인트: -1
L 06/17/2016 - 22:54:25: [freak_fortress_2.smx] "Nopied◎<2><[U:1:103205717]><>" added 123 queue points to "Nopied◎<2><[U:1:103205717]><>"
L 06/17/2016 - 22:56:46: [boss_selection.smx] ✔의 대기열 포인트: 10, 저장된 대기열포인트: -1
L 06/17/2016 - 22:56:46: [boss_selection.smx] DandA1025의 대기열 포인트: 9, 저장된 대기열포인트: -1
L 06/17/2016 - 22:57:54: [basechat.smx] "Nopied◎<2><[U:1:103205717]><>" triggered sm_say (text 이게 마지막 라운드입니다)
L 06/17/2016 - 22:58:03: [basechat.smx] "Nopied◎<2><[U:1:103205717]><>" triggered sm_say (text 매번 와주셔서 고마워요)
L 06/17/2016 - 22:58:49: [boss_selection.smx] Nopied◎의 대기열 포인트: 0, 저장된 대기열포인트: -1
L 06/17/2016 - 22:58:49: [boss_selection.smx] DandA1025의 대기열 포인트: 19, 저장된 대기열포인트: -1
L 06/17/2016 - 22:58:57: Log file closed.
