L 05/23/2016 - 20:59:48: SourceMod error session started
L 05/23/2016 - 20:59:48: Info (map "vsh_apg_v2") (file "errors_20160523.log")
L 05/23/2016 - 20:59:48: [SM] Warning(s) encountered in translation file "freak_fortress_2.phrases.txt"
L 05/23/2016 - 20:59:48: [SM] Invalid token ' ' in #format property on line 71.
L 05/23/2016 - 20:59:48: [SM] Invalid token ' ' in #format property on line 230.
L 05/23/2016 - 20:59:48: [SM] Invalid token ' ' in #format property on line 230.
L 05/23/2016 - 20:59:48: [SM] Invalid token ' ' in #format property on line 230.
L 05/23/2016 - 20:59:48: [SM] Invalid token ' ' in #format property on line 230.
L 05/23/2016 - 20:59:48: [SM] Invalid token ' ' in #format property on line 235.
L 05/23/2016 - 20:59:48: [SM] Invalid token ' ' in #format property on line 424.
L 05/23/2016 - 20:59:48: [SM] Invalid token ' ' in #format property on line 429.
L 05/23/2016 - 20:59:48: [SM] Invalid token ' ' in #format property on line 429.
L 05/23/2016 - 20:59:48: [SM] Invalid token ' ' in #format property on line 438.
L 05/23/2016 - 20:59:48: [SM] Invalid token ' ' in #format property on line 438.
L 05/23/2016 - 20:59:48: [SM] Invalid token ' ' in #format property on line 438.
L 05/23/2016 - 20:59:49: [SM] Unable to load plugin "rockthevote.smx": Could not find required plugin "mapchooser"
L 05/23/2016 - 21:00:05: [nextmap.smx] FATAL: Cannot load map cycle. Nextmap not loaded.
L 05/23/2016 - 21:00:05: [SM] Plugin encountered error 25: Call was aborted
L 05/23/2016 - 21:00:05: [SM] Native "SetFailState" reported: Mapcycle Not Found
L 05/23/2016 - 21:00:05: [SM] Displaying call stack trace for plugin "nextmap.smx":
L 05/23/2016 - 21:00:05: [SM]   [0]  Line 139, D:\builds\build-sourcemod-msvc12\windows-1.7\build\plugins\nextmap.sp::FindAndSetNextMap()
L 05/23/2016 - 21:00:05: [SM]   [1]  Line 109, D:\builds\build-sourcemod-msvc12\windows-1.7\build\plugins\nextmap.sp::OnConfigsExecuted()
L 05/23/2016 - 21:36:23: Error log file session closed.
L 05/23/2016 - 21:36:23: SourceMod error session started
L 05/23/2016 - 21:36:23: Info (map "vsh_streets_v3") (file "errors_20160523.log")
L 05/23/2016 - 21:36:23: [SM] Warning(s) encountered in translation file "freak_fortress_2.phrases.txt"
L 05/23/2016 - 21:36:23: [SM] Invalid token ' ' in #format property on line 71.
L 05/23/2016 - 21:36:23: [SM] Invalid token ' ' in #format property on line 230.
L 05/23/2016 - 21:36:23: [SM] Invalid token ' ' in #format property on line 230.
L 05/23/2016 - 21:36:23: [SM] Invalid token ' ' in #format property on line 230.
L 05/23/2016 - 21:36:23: [SM] Invalid token ' ' in #format property on line 230.
L 05/23/2016 - 21:36:23: [SM] Invalid token ' ' in #format property on line 235.
L 05/23/2016 - 21:36:23: [SM] Invalid token ' ' in #format property on line 424.
L 05/23/2016 - 21:36:23: [SM] Invalid token ' ' in #format property on line 429.
L 05/23/2016 - 21:36:23: [SM] Invalid token ' ' in #format property on line 429.
L 05/23/2016 - 21:36:23: [SM] Invalid token ' ' in #format property on line 438.
L 05/23/2016 - 21:36:23: [SM] Invalid token ' ' in #format property on line 438.
L 05/23/2016 - 21:36:23: [SM] Invalid token ' ' in #format property on line 438.
L 05/23/2016 - 21:36:23: [SM] Unable to load plugin "rockthevote.smx": Could not find required plugin "mapchooser"
L 05/23/2016 - 21:36:29: [nextmap.smx] FATAL: Cannot load map cycle. Nextmap not loaded.
L 05/23/2016 - 21:36:29: [SM] Plugin encountered error 25: Call was aborted
L 05/23/2016 - 21:36:29: [SM] Native "SetFailState" reported: Mapcycle Not Found
L 05/23/2016 - 21:36:29: [SM] Displaying call stack trace for plugin "nextmap.smx":
L 05/23/2016 - 21:36:29: [SM]   [0]  Line 139, D:\builds\build-sourcemod-msvc12\windows-1.7\build\plugins\nextmap.sp::FindAndSetNextMap()
L 05/23/2016 - 21:36:29: [SM]   [1]  Line 109, D:\builds\build-sourcemod-msvc12\windows-1.7\build\plugins\nextmap.sp::OnConfigsExecuted()
L 05/23/2016 - 21:42:32: [SM] Plugin encountered error 4: Invalid parameter or parameter type
L 05/23/2016 - 21:42:32: [SM] Native "Format" reported: Language phrase "" not found
L 05/23/2016 - 21:42:32: [SM] Displaying call stack trace for plugin "freak_fortress_2.smx":
L 05/23/2016 - 21:42:32: [SM]   [0]  Line 3609, C:\ff2_ver2\steamapps\common\Team Fortress 2 Dedicated Server\tf\addons\sourcemod\scripting\freak_fortress_2.sp::MessageTimer()
L 05/23/2016 - 21:56:10: [SM] Plugin encountered error 4: Invalid parameter or parameter type
L 05/23/2016 - 21:56:10: [SM] Native "Format" reported: Language phrase "" not found
L 05/23/2016 - 21:56:10: [SM] Displaying call stack trace for plugin "freak_fortress_2.smx":
L 05/23/2016 - 21:56:10: [SM]   [0]  Line 3609, C:\ff2_ver2\steamapps\common\Team Fortress 2 Dedicated Server\tf\addons\sourcemod\scripting\freak_fortress_2.sp::MessageTimer()
L 05/23/2016 - 22:13:46: Error log file session closed.
