L 05/12/2016 - 23:07:27: SourceMod error session started
L 05/12/2016 - 23:07:27: Info (map "vsh_apg_v2") (file "errors_20160512.log")
L 05/12/2016 - 23:07:27: [SM] Warning(s) encountered in translation file "freak_fortress_2.phrases.txt"
L 05/12/2016 - 23:07:27: [SM] Invalid token ' ' in #format property on line 71.
L 05/12/2016 - 23:07:27: [SM] Invalid token ' ' in #format property on line 230.
L 05/12/2016 - 23:07:27: [SM] Invalid token '[' in #format property on line 230.
L 05/12/2016 - 23:07:27: [SM] Invalid token '3' in #format property on line 230.
L 05/12/2016 - 23:07:27: [SM] Invalid token ':' in #format property on line 230.
L 05/12/2016 - 23:07:27: [SM] Invalid token ']' in #format property on line 230.
L 05/12/2016 - 23:07:27: [SM] Invalid token ' ' in #format property on line 235.
L 05/12/2016 - 23:07:27: [SM] Invalid token ' ' in #format property on line 424.
L 05/12/2016 - 23:07:27: [SM] Invalid token ' ' in #format property on line 429.
L 05/12/2016 - 23:07:27: [SM] Invalid token ' ' in #format property on line 429.
L 05/12/2016 - 23:07:27: [SM] Invalid token ' ' in #format property on line 438.
L 05/12/2016 - 23:07:27: [SM] Invalid token ' ' in #format property on line 438.
L 05/12/2016 - 23:07:27: [SM] Invalid token ' ' in #format property on line 438.
L 05/12/2016 - 23:09:53: Error log file session closed.
L 05/12/2016 - 23:11:39: SourceMod error session started
L 05/12/2016 - 23:11:39: Info (map "vsh_apg_v2") (file "errors_20160512.log")
L 05/12/2016 - 23:11:39: [SM] Warning(s) encountered in translation file "freak_fortress_2.phrases.txt"
L 05/12/2016 - 23:11:39: [SM] Invalid token ' ' in #format property on line 71.
L 05/12/2016 - 23:11:39: [SM] Invalid token ' ' in #format property on line 230.
L 05/12/2016 - 23:11:39: [SM] Invalid token '[' in #format property on line 230.
L 05/12/2016 - 23:11:39: [SM] Invalid token '3' in #format property on line 230.
L 05/12/2016 - 23:11:39: [SM] Invalid token ':' in #format property on line 230.
L 05/12/2016 - 23:11:39: [SM] Invalid token ']' in #format property on line 230.
L 05/12/2016 - 23:11:39: [SM] Invalid token ' ' in #format property on line 235.
L 05/12/2016 - 23:11:39: [SM] Invalid token ' ' in #format property on line 424.
L 05/12/2016 - 23:11:39: [SM] Invalid token ' ' in #format property on line 429.
L 05/12/2016 - 23:11:39: [SM] Invalid token ' ' in #format property on line 429.
L 05/12/2016 - 23:11:39: [SM] Invalid token ' ' in #format property on line 438.
L 05/12/2016 - 23:11:39: [SM] Invalid token ' ' in #format property on line 438.
L 05/12/2016 - 23:11:39: [SM] Invalid token ' ' in #format property on line 438.
L 05/12/2016 - 23:27:26: Error log file session closed.
