L 05/22/2016 - 13:25:12: SourceMod error session started
L 05/22/2016 - 13:25:12: Info (map "vsh_apg_v2") (file "errors_20160522.log")
L 05/22/2016 - 13:25:12: [SM] Warning(s) encountered in translation file "freak_fortress_2.phrases.txt"
L 05/22/2016 - 13:25:12: [SM] Invalid token ' ' in #format property on line 71.
L 05/22/2016 - 13:25:12: [SM] Invalid token ' ' in #format property on line 230.
L 05/22/2016 - 13:25:12: [SM] Invalid token ' ' in #format property on line 230.
L 05/22/2016 - 13:25:12: [SM] Invalid token ' ' in #format property on line 230.
L 05/22/2016 - 13:25:12: [SM] Invalid token ' ' in #format property on line 230.
L 05/22/2016 - 13:25:12: [SM] Invalid token ' ' in #format property on line 235.
L 05/22/2016 - 13:25:12: [SM] Invalid token ' ' in #format property on line 424.
L 05/22/2016 - 13:25:12: [SM] Invalid token ' ' in #format property on line 429.
L 05/22/2016 - 13:25:12: [SM] Invalid token ' ' in #format property on line 429.
L 05/22/2016 - 13:25:12: [SM] Invalid token ' ' in #format property on line 438.
L 05/22/2016 - 13:25:12: [SM] Invalid token ' ' in #format property on line 438.
L 05/22/2016 - 13:25:12: [SM] Invalid token ' ' in #format property on line 438.
L 05/22/2016 - 13:25:13: [SM] Unable to load plugin "rockthevote.smx": Could not find required plugin "mapchooser"
L 05/22/2016 - 13:25:28: [nextmap.smx] FATAL: Cannot load map cycle. Nextmap not loaded.
L 05/22/2016 - 13:25:28: [SM] Plugin encountered error 25: Call was aborted
L 05/22/2016 - 13:25:28: [SM] Native "SetFailState" reported: Mapcycle Not Found
L 05/22/2016 - 13:25:28: [SM] Displaying call stack trace for plugin "nextmap.smx":
L 05/22/2016 - 13:25:28: [SM]   [0]  Line 139, D:\builds\build-sourcemod-msvc12\windows-1.7\build\plugins\nextmap.sp::FindAndSetNextMap()
L 05/22/2016 - 13:25:28: [SM]   [1]  Line 109, D:\builds\build-sourcemod-msvc12\windows-1.7\build\plugins\nextmap.sp::OnConfigsExecuted()
L 05/22/2016 - 13:41:57: Error log file session closed.
L 05/22/2016 - 14:48:20: SourceMod error session started
L 05/22/2016 - 14:48:20: Info (map "vsh_apg_v2") (file "errors_20160522.log")
L 05/22/2016 - 14:48:20: [SM] Warning(s) encountered in translation file "freak_fortress_2.phrases.txt"
L 05/22/2016 - 14:48:20: [SM] Invalid token ' ' in #format property on line 71.
L 05/22/2016 - 14:48:20: [SM] Invalid token ' ' in #format property on line 230.
L 05/22/2016 - 14:48:20: [SM] Invalid token ' ' in #format property on line 230.
L 05/22/2016 - 14:48:20: [SM] Invalid token ' ' in #format property on line 230.
L 05/22/2016 - 14:48:20: [SM] Invalid token ' ' in #format property on line 230.
L 05/22/2016 - 14:48:20: [SM] Invalid token ' ' in #format property on line 235.
L 05/22/2016 - 14:48:20: [SM] Invalid token ' ' in #format property on line 424.
L 05/22/2016 - 14:48:20: [SM] Invalid token ' ' in #format property on line 429.
L 05/22/2016 - 14:48:20: [SM] Invalid token ' ' in #format property on line 429.
L 05/22/2016 - 14:48:20: [SM] Invalid token ' ' in #format property on line 438.
L 05/22/2016 - 14:48:20: [SM] Invalid token ' ' in #format property on line 438.
L 05/22/2016 - 14:48:20: [SM] Invalid token ' ' in #format property on line 438.
L 05/22/2016 - 14:48:20: [SM] Unable to load plugin "rockthevote.smx": Could not find required plugin "mapchooser"
L 05/22/2016 - 14:48:35: [nextmap.smx] FATAL: Cannot load map cycle. Nextmap not loaded.
L 05/22/2016 - 14:48:35: [SM] Plugin encountered error 25: Call was aborted
L 05/22/2016 - 14:48:35: [SM] Native "SetFailState" reported: Mapcycle Not Found
L 05/22/2016 - 14:48:35: [SM] Displaying call stack trace for plugin "nextmap.smx":
L 05/22/2016 - 14:48:35: [SM]   [0]  Line 139, D:\builds\build-sourcemod-msvc12\windows-1.7\build\plugins\nextmap.sp::FindAndSetNextMap()
L 05/22/2016 - 14:48:35: [SM]   [1]  Line 109, D:\builds\build-sourcemod-msvc12\windows-1.7\build\plugins\nextmap.sp::OnConfigsExecuted()
L 05/22/2016 - 15:05:03: [SM] Plugin encountered error 4: Invalid parameter or parameter type
L 05/22/2016 - 15:05:03: [SM] Native "Format" reported: Language phrase "" not found
L 05/22/2016 - 15:05:03: [SM] Displaying call stack trace for plugin "freak_fortress_2.smx":
L 05/22/2016 - 15:05:03: [SM]   [0]  Line 3485, C:\ff2_ver2\steamapps\common\Team Fortress 2 Dedicated Server\tf\addons\sourcemod\scripting\freak_fortress_2.sp::MessageTimer()
L 05/22/2016 - 15:22:35: [SM] Plugin encountered error 4: Invalid parameter or parameter type
L 05/22/2016 - 15:22:35: [SM] Native "Format" reported: Language phrase "" not found
L 05/22/2016 - 15:22:35: [SM] Displaying call stack trace for plugin "freak_fortress_2.smx":
L 05/22/2016 - 15:22:35: [SM]   [0]  Line 3485, C:\ff2_ver2\steamapps\common\Team Fortress 2 Dedicated Server\tf\addons\sourcemod\scripting\freak_fortress_2.sp::MessageTimer()
L 05/22/2016 - 15:23:15: [freaks\ff2_1st_set_abilities.ff2] [FF2] Cannot give ammo to weapon tf_weapon_bottle (boss )-check your config!
L 05/22/2016 - 15:26:20: Error log file session closed.
L 05/22/2016 - 15:26:20: SourceMod error session started
L 05/22/2016 - 15:26:20: Info (map "vsh_rockslide_2") (file "errors_20160522.log")
L 05/22/2016 - 15:26:20: [SM] Warning(s) encountered in translation file "freak_fortress_2.phrases.txt"
L 05/22/2016 - 15:26:20: [SM] Invalid token ' ' in #format property on line 71.
L 05/22/2016 - 15:26:20: [SM] Invalid token ' ' in #format property on line 230.
L 05/22/2016 - 15:26:20: [SM] Invalid token ' ' in #format property on line 230.
L 05/22/2016 - 15:26:20: [SM] Invalid token ' ' in #format property on line 230.
L 05/22/2016 - 15:26:20: [SM] Invalid token ' ' in #format property on line 230.
L 05/22/2016 - 15:26:20: [SM] Invalid token ' ' in #format property on line 235.
L 05/22/2016 - 15:26:20: [SM] Invalid token ' ' in #format property on line 424.
L 05/22/2016 - 15:26:20: [SM] Invalid token ' ' in #format property on line 429.
L 05/22/2016 - 15:26:20: [SM] Invalid token ' ' in #format property on line 429.
L 05/22/2016 - 15:26:20: [SM] Invalid token ' ' in #format property on line 438.
L 05/22/2016 - 15:26:20: [SM] Invalid token ' ' in #format property on line 438.
L 05/22/2016 - 15:26:20: [SM] Invalid token ' ' in #format property on line 438.
L 05/22/2016 - 15:26:20: [SM] Unable to load plugin "rockthevote.smx": Could not find required plugin "mapchooser"
L 05/22/2016 - 15:26:26: [nextmap.smx] FATAL: Cannot load map cycle. Nextmap not loaded.
L 05/22/2016 - 15:26:26: [SM] Plugin encountered error 25: Call was aborted
L 05/22/2016 - 15:26:26: [SM] Native "SetFailState" reported: Mapcycle Not Found
L 05/22/2016 - 15:26:26: [SM] Displaying call stack trace for plugin "nextmap.smx":
L 05/22/2016 - 15:26:26: [SM]   [0]  Line 139, D:\builds\build-sourcemod-msvc12\windows-1.7\build\plugins\nextmap.sp::FindAndSetNextMap()
L 05/22/2016 - 15:26:26: [SM]   [1]  Line 109, D:\builds\build-sourcemod-msvc12\windows-1.7\build\plugins\nextmap.sp::OnConfigsExecuted()
L 05/22/2016 - 15:32:45: [SM] Native "KillTimer" reported: Invalid timer handle 2c310133 (error 1)
L 05/22/2016 - 15:32:45: [SM] Displaying call stack trace for plugin "freak_fortress_2.smx":
L 05/22/2016 - 15:32:45: [SM]   [0]  Line 3240, C:\ff2_ver2\steamapps\common\Team Fortress 2 Dedicated Server\tf\addons\sourcemod\scripting\freak_fortress_2.sp::StopMusic()
L 05/22/2016 - 15:32:45: [SM]   [1]  Line 2770, C:\ff2_ver2\steamapps\common\Team Fortress 2 Dedicated Server\tf\addons\sourcemod\scripting\freak_fortress_2.sp::OnRoundEnd()
L 05/22/2016 - 15:36:05: [SM] Native "KillTimer" reported: Invalid timer handle 2c310133 (error 3)
L 05/22/2016 - 15:36:05: [SM] Displaying call stack trace for plugin "freak_fortress_2.smx":
L 05/22/2016 - 15:36:05: [SM]   [0]  Line 3240, C:\ff2_ver2\steamapps\common\Team Fortress 2 Dedicated Server\tf\addons\sourcemod\scripting\freak_fortress_2.sp::StopMusic()
L 05/22/2016 - 15:36:05: [SM]   [1]  Line 2770, C:\ff2_ver2\steamapps\common\Team Fortress 2 Dedicated Server\tf\addons\sourcemod\scripting\freak_fortress_2.sp::OnRoundEnd()
L 05/22/2016 - 15:39:54: [SM] Native "KillTimer" reported: Invalid timer handle 2c310133 (error 3)
L 05/22/2016 - 15:39:54: [SM] Displaying call stack trace for plugin "freak_fortress_2.smx":
L 05/22/2016 - 15:39:54: [SM]   [0]  Line 3240, C:\ff2_ver2\steamapps\common\Team Fortress 2 Dedicated Server\tf\addons\sourcemod\scripting\freak_fortress_2.sp::StopMusic()
L 05/22/2016 - 15:39:54: [SM]   [1]  Line 2770, C:\ff2_ver2\steamapps\common\Team Fortress 2 Dedicated Server\tf\addons\sourcemod\scripting\freak_fortress_2.sp::OnRoundEnd()
L 05/22/2016 - 15:44:08: [SM] Native "KillTimer" reported: Invalid timer handle 2c310133 (error 3)
L 05/22/2016 - 15:44:08: [SM] Displaying call stack trace for plugin "freak_fortress_2.smx":
L 05/22/2016 - 15:44:08: [SM]   [0]  Line 3240, C:\ff2_ver2\steamapps\common\Team Fortress 2 Dedicated Server\tf\addons\sourcemod\scripting\freak_fortress_2.sp::StopMusic()
L 05/22/2016 - 15:44:08: [SM]   [1]  Line 2770, C:\ff2_ver2\steamapps\common\Team Fortress 2 Dedicated Server\tf\addons\sourcemod\scripting\freak_fortress_2.sp::OnRoundEnd()
L 05/22/2016 - 16:02:50: Error log file session closed.
L 05/22/2016 - 16:02:50: SourceMod error session started
L 05/22/2016 - 16:02:50: Info (map "vsh_snowflakes_b1") (file "errors_20160522.log")
L 05/22/2016 - 16:02:50: [SM] Warning(s) encountered in translation file "freak_fortress_2.phrases.txt"
L 05/22/2016 - 16:02:50: [SM] Invalid token ' ' in #format property on line 71.
L 05/22/2016 - 16:02:50: [SM] Invalid token ' ' in #format property on line 230.
L 05/22/2016 - 16:02:50: [SM] Invalid token ' ' in #format property on line 230.
L 05/22/2016 - 16:02:50: [SM] Invalid token ' ' in #format property on line 230.
L 05/22/2016 - 16:02:50: [SM] Invalid token ' ' in #format property on line 230.
L 05/22/2016 - 16:02:50: [SM] Invalid token ' ' in #format property on line 235.
L 05/22/2016 - 16:02:50: [SM] Invalid token ' ' in #format property on line 424.
L 05/22/2016 - 16:02:50: [SM] Invalid token ' ' in #format property on line 429.
L 05/22/2016 - 16:02:50: [SM] Invalid token ' ' in #format property on line 429.
L 05/22/2016 - 16:02:50: [SM] Invalid token ' ' in #format property on line 438.
L 05/22/2016 - 16:02:50: [SM] Invalid token ' ' in #format property on line 438.
L 05/22/2016 - 16:02:50: [SM] Invalid token ' ' in #format property on line 438.
L 05/22/2016 - 16:02:50: [SM] Unable to load plugin "rockthevote.smx": Could not find required plugin "mapchooser"
L 05/22/2016 - 16:02:55: [nextmap.smx] FATAL: Cannot load map cycle. Nextmap not loaded.
L 05/22/2016 - 16:02:55: [SM] Plugin encountered error 25: Call was aborted
L 05/22/2016 - 16:02:55: [SM] Native "SetFailState" reported: Mapcycle Not Found
L 05/22/2016 - 16:02:55: [SM] Displaying call stack trace for plugin "nextmap.smx":
L 05/22/2016 - 16:02:55: [SM]   [0]  Line 139, D:\builds\build-sourcemod-msvc12\windows-1.7\build\plugins\nextmap.sp::FindAndSetNextMap()
L 05/22/2016 - 16:02:55: [SM]   [1]  Line 109, D:\builds\build-sourcemod-msvc12\windows-1.7\build\plugins\nextmap.sp::OnConfigsExecuted()
L 05/22/2016 - 16:19:16: Error log file session closed.
L 05/22/2016 - 19:40:13: SourceMod error session started
L 05/22/2016 - 19:40:13: Info (map "vsh_apg_v2") (file "errors_20160522.log")
L 05/22/2016 - 19:40:13: [SM] Warning(s) encountered in translation file "freak_fortress_2.phrases.txt"
L 05/22/2016 - 19:40:13: [SM] Invalid token ' ' in #format property on line 71.
L 05/22/2016 - 19:40:13: [SM] Invalid token ' ' in #format property on line 230.
L 05/22/2016 - 19:40:13: [SM] Invalid token ' ' in #format property on line 230.
L 05/22/2016 - 19:40:13: [SM] Invalid token ' ' in #format property on line 230.
L 05/22/2016 - 19:40:13: [SM] Invalid token ' ' in #format property on line 230.
L 05/22/2016 - 19:40:13: [SM] Invalid token ' ' in #format property on line 235.
L 05/22/2016 - 19:40:13: [SM] Invalid token ' ' in #format property on line 424.
L 05/22/2016 - 19:40:13: [SM] Invalid token ' ' in #format property on line 429.
L 05/22/2016 - 19:40:13: [SM] Invalid token ' ' in #format property on line 429.
L 05/22/2016 - 19:40:13: [SM] Invalid token ' ' in #format property on line 438.
L 05/22/2016 - 19:40:13: [SM] Invalid token ' ' in #format property on line 438.
L 05/22/2016 - 19:40:13: [SM] Invalid token ' ' in #format property on line 438.
L 05/22/2016 - 19:40:14: [SM] Unable to load plugin "rockthevote.smx": Could not find required plugin "mapchooser"
L 05/22/2016 - 19:40:31: [nextmap.smx] FATAL: Cannot load map cycle. Nextmap not loaded.
L 05/22/2016 - 19:40:31: [SM] Plugin encountered error 25: Call was aborted
L 05/22/2016 - 19:40:31: [SM] Native "SetFailState" reported: Mapcycle Not Found
L 05/22/2016 - 19:40:31: [SM] Displaying call stack trace for plugin "nextmap.smx":
L 05/22/2016 - 19:40:31: [SM]   [0]  Line 139, D:\builds\build-sourcemod-msvc12\windows-1.7\build\plugins\nextmap.sp::FindAndSetNextMap()
L 05/22/2016 - 19:40:31: [SM]   [1]  Line 109, D:\builds\build-sourcemod-msvc12\windows-1.7\build\plugins\nextmap.sp::OnConfigsExecuted()
L 05/22/2016 - 19:49:16: [SM] Plugin encountered error 4: Invalid parameter or parameter type
L 05/22/2016 - 19:49:16: [SM] Native "Format" reported: Language phrase "" not found
L 05/22/2016 - 19:49:16: [SM] Displaying call stack trace for plugin "freak_fortress_2.smx":
L 05/22/2016 - 19:49:16: [SM]   [0]  Line 3484, C:\ff2_ver2\steamapps\common\Team Fortress 2 Dedicated Server\tf\addons\sourcemod\scripting\freak_fortress_2.sp::MessageTimer()
L 05/22/2016 - 19:50:54: [SM] Native "GetEntProp" reported: Entity 10 (10) is invalid
L 05/22/2016 - 19:50:54: [SM] Displaying call stack trace for plugin "freak_fortress_2.smx":
L 05/22/2016 - 19:50:54: [SM]   [0]  Line 558, C:\ff2_ver2\steamapps\common\Team Fortress 2 Dedicated Server\tf\addons\sourcemod\scripting\include\entity_prop_stocks.inc::GetClientButtons()
L 05/22/2016 - 19:50:54: [SM]   [1]  Line 574, C:\ff2_ver2\steamapps\common\Team Fortress 2 Dedicated Server\tf\addons\sourcemod\scripting\include\freak_fortress_2.inc::FF2_ShowSyncHudText()
L 05/22/2016 - 19:50:54: [SM]   [2]  Line 2694, C:\ff2_ver2\steamapps\common\Team Fortress 2 Dedicated Server\tf\addons\sourcemod\scripting\freak_fortress_2.sp::BossInfoTimer_ShowInfo()
L 05/22/2016 - 20:02:59: Error log file session closed.
