L 03/31/2016 - 19:41:08: SourceMod error session started
L 03/31/2016 - 19:41:08: Info (map "arena_badlands") (file "errors_20160331.log")
L 03/31/2016 - 19:41:08: [SM] Warning(s) encountered in translation file "freak_fortress_2.phrases.txt"
L 03/31/2016 - 19:41:08: [SM] Invalid token ' ' in #format property on line 59.
L 03/31/2016 - 19:41:08: [SM] Invalid token ' ' in #format property on line 407.
L 03/31/2016 - 19:41:08: [SM] Invalid token ' ' in #format property on line 412.
L 03/31/2016 - 19:41:08: [SM] Invalid token ' ' in #format property on line 412.
L 03/31/2016 - 19:41:08: [SM] Invalid token ' ' in #format property on line 421.
L 03/31/2016 - 19:41:08: [SM] Invalid token ' ' in #format property on line 421.
L 03/31/2016 - 19:41:08: [SM] Invalid token ' ' in #format property on line 421.
L 03/31/2016 - 19:44:01: [SM] Native "IsClientInGame" reported: Client index 0 is invalid
L 03/31/2016 - 19:44:01: [SM] Displaying call stack trace for plugin "freaks\ff2_1st_set_abilities.ff2":
L 03/31/2016 - 19:44:01: [SM]   [0]  Line 114, C:\ff2\steamapps\common\Team Fortress 2 Dedicated Server\tf\addons\sourcemod\scripting\ff2_1st_set_abilities.sp::OnRoundEnd()
L 03/31/2016 - 19:45:56: [SM] Native "IsClientInGame" reported: Client index 0 is invalid
L 03/31/2016 - 19:45:56: [SM] Displaying call stack trace for plugin "freaks\ff2_1st_set_abilities.ff2":
L 03/31/2016 - 19:45:56: [SM]   [0]  Line 114, C:\ff2\steamapps\common\Team Fortress 2 Dedicated Server\tf\addons\sourcemod\scripting\ff2_1st_set_abilities.sp::OnRoundEnd()
L 03/31/2016 - 19:48:13: [SM] Native "IsClientInGame" reported: Client index 0 is invalid
L 03/31/2016 - 19:48:13: [SM] Displaying call stack trace for plugin "freaks\ff2_1st_set_abilities.ff2":
L 03/31/2016 - 19:48:13: [SM]   [0]  Line 114, C:\ff2\steamapps\common\Team Fortress 2 Dedicated Server\tf\addons\sourcemod\scripting\ff2_1st_set_abilities.sp::OnRoundEnd()
L 03/31/2016 - 19:49:41: [SM] Native "IsClientInGame" reported: Client index 0 is invalid
L 03/31/2016 - 19:49:41: [SM] Displaying call stack trace for plugin "freaks\ff2_1st_set_abilities.ff2":
L 03/31/2016 - 19:49:41: [SM]   [0]  Line 114, C:\ff2\steamapps\common\Team Fortress 2 Dedicated Server\tf\addons\sourcemod\scripting\ff2_1st_set_abilities.sp::OnRoundEnd()
L 03/31/2016 - 19:51:04: [SM] Native "IsClientInGame" reported: Client index 0 is invalid
L 03/31/2016 - 19:51:04: [SM] Displaying call stack trace for plugin "freaks\ff2_1st_set_abilities.ff2":
L 03/31/2016 - 19:51:04: [SM]   [0]  Line 114, C:\ff2\steamapps\common\Team Fortress 2 Dedicated Server\tf\addons\sourcemod\scripting\ff2_1st_set_abilities.sp::OnRoundEnd()
L 03/31/2016 - 19:52:44: [SM] Native "IsClientInGame" reported: Client index 0 is invalid
L 03/31/2016 - 19:52:44: [SM] Displaying call stack trace for plugin "freaks\ff2_1st_set_abilities.ff2":
L 03/31/2016 - 19:52:44: [SM]   [0]  Line 114, C:\ff2\steamapps\common\Team Fortress 2 Dedicated Server\tf\addons\sourcemod\scripting\ff2_1st_set_abilities.sp::OnRoundEnd()
L 03/31/2016 - 19:55:09: [SM] Native "IsClientInGame" reported: Client index 0 is invalid
L 03/31/2016 - 19:55:09: [SM] Displaying call stack trace for plugin "freaks\ff2_1st_set_abilities.ff2":
L 03/31/2016 - 19:55:09: [SM]   [0]  Line 114, C:\ff2\steamapps\common\Team Fortress 2 Dedicated Server\tf\addons\sourcemod\scripting\ff2_1st_set_abilities.sp::OnRoundEnd()
L 03/31/2016 - 19:56:08: [SM] Native "IsClientInGame" reported: Client index 0 is invalid
L 03/31/2016 - 19:56:08: [SM] Displaying call stack trace for plugin "freaks\ff2_1st_set_abilities.ff2":
L 03/31/2016 - 19:56:08: [SM]   [0]  Line 114, C:\ff2\steamapps\common\Team Fortress 2 Dedicated Server\tf\addons\sourcemod\scripting\ff2_1st_set_abilities.sp::OnRoundEnd()
L 03/31/2016 - 19:57:39: [SM] Native "IsClientInGame" reported: Client index 0 is invalid
L 03/31/2016 - 19:57:39: [SM] Displaying call stack trace for plugin "freaks\ff2_1st_set_abilities.ff2":
L 03/31/2016 - 19:57:39: [SM]   [0]  Line 114, C:\ff2\steamapps\common\Team Fortress 2 Dedicated Server\tf\addons\sourcemod\scripting\ff2_1st_set_abilities.sp::OnRoundEnd()
L 03/31/2016 - 19:59:57: [SM] Native "IsClientInGame" reported: Client index 0 is invalid
L 03/31/2016 - 19:59:57: [SM] Displaying call stack trace for plugin "freaks\ff2_1st_set_abilities.ff2":
L 03/31/2016 - 19:59:57: [SM]   [0]  Line 114, C:\ff2\steamapps\common\Team Fortress 2 Dedicated Server\tf\addons\sourcemod\scripting\ff2_1st_set_abilities.sp::OnRoundEnd()
L 03/31/2016 - 20:01:27: [SM] Native "IsClientInGame" reported: Client index 0 is invalid
L 03/31/2016 - 20:01:27: [SM] Displaying call stack trace for plugin "freaks\ff2_1st_set_abilities.ff2":
L 03/31/2016 - 20:01:27: [SM]   [0]  Line 114, C:\ff2\steamapps\common\Team Fortress 2 Dedicated Server\tf\addons\sourcemod\scripting\ff2_1st_set_abilities.sp::OnRoundEnd()
L 03/31/2016 - 20:03:37: [SM] Native "IsClientInGame" reported: Client index 0 is invalid
L 03/31/2016 - 20:03:37: [SM] Displaying call stack trace for plugin "freaks\ff2_1st_set_abilities.ff2":
L 03/31/2016 - 20:03:37: [SM]   [0]  Line 114, C:\ff2\steamapps\common\Team Fortress 2 Dedicated Server\tf\addons\sourcemod\scripting\ff2_1st_set_abilities.sp::OnRoundEnd()
L 03/31/2016 - 20:04:12: [SM] Native "IsClientInGame" reported: Client index 0 is invalid
L 03/31/2016 - 20:04:12: [SM] Displaying call stack trace for plugin "freaks\ff2_1st_set_abilities.ff2":
L 03/31/2016 - 20:04:12: [SM]   [0]  Line 114, C:\ff2\steamapps\common\Team Fortress 2 Dedicated Server\tf\addons\sourcemod\scripting\ff2_1st_set_abilities.sp::OnRoundEnd()
L 03/31/2016 - 20:05:15: [SM] Native "IsClientInGame" reported: Client index 0 is invalid
L 03/31/2016 - 20:05:15: [SM] Displaying call stack trace for plugin "freaks\ff2_1st_set_abilities.ff2":
L 03/31/2016 - 20:05:15: [SM]   [0]  Line 114, C:\ff2\steamapps\common\Team Fortress 2 Dedicated Server\tf\addons\sourcemod\scripting\ff2_1st_set_abilities.sp::OnRoundEnd()
L 03/31/2016 - 20:07:19: [SM] Native "IsClientInGame" reported: Client index 0 is invalid
L 03/31/2016 - 20:07:19: [SM] Displaying call stack trace for plugin "freaks\ff2_1st_set_abilities.ff2":
L 03/31/2016 - 20:07:19: [SM]   [0]  Line 114, C:\ff2\steamapps\common\Team Fortress 2 Dedicated Server\tf\addons\sourcemod\scripting\ff2_1st_set_abilities.sp::OnRoundEnd()
L 03/31/2016 - 20:11:02: [SM] Native "IsClientInGame" reported: Client index 0 is invalid
L 03/31/2016 - 20:11:02: [SM] Displaying call stack trace for plugin "freaks\ff2_1st_set_abilities.ff2":
L 03/31/2016 - 20:11:02: [SM]   [0]  Line 114, C:\ff2\steamapps\common\Team Fortress 2 Dedicated Server\tf\addons\sourcemod\scripting\ff2_1st_set_abilities.sp::OnRoundEnd()
L 03/31/2016 - 20:11:19: Error log file session closed.
L 03/31/2016 - 20:11:19: SourceMod error session started
L 03/31/2016 - 20:11:19: Info (map "mvm_rottenburg") (file "errors_20160331.log")
L 03/31/2016 - 20:11:19: [SM] Warning(s) encountered in translation file "freak_fortress_2.phrases.txt"
L 03/31/2016 - 20:11:19: [SM] Invalid token ' ' in #format property on line 59.
L 03/31/2016 - 20:11:19: [SM] Invalid token ' ' in #format property on line 407.
L 03/31/2016 - 20:11:19: [SM] Invalid token ' ' in #format property on line 412.
L 03/31/2016 - 20:11:19: [SM] Invalid token ' ' in #format property on line 412.
L 03/31/2016 - 20:11:19: [SM] Invalid token ' ' in #format property on line 421.
L 03/31/2016 - 20:11:19: [SM] Invalid token ' ' in #format property on line 421.
L 03/31/2016 - 20:11:19: [SM] Invalid token ' ' in #format property on line 421.
L 03/31/2016 - 20:15:32: [SM] Native "IsClientInGame" reported: Client index 0 is invalid
L 03/31/2016 - 20:15:32: [SM] Displaying call stack trace for plugin "freaks\ff2_1st_set_abilities.ff2":
L 03/31/2016 - 20:15:32: [SM]   [0]  Line 114, C:\ff2\steamapps\common\Team Fortress 2 Dedicated Server\tf\addons\sourcemod\scripting\ff2_1st_set_abilities.sp::OnRoundEnd()
L 03/31/2016 - 20:19:14: Error log file session closed.
L 03/31/2016 - 20:19:14: SourceMod error session started
L 03/31/2016 - 20:19:14: Info (map "arena_sawmill") (file "errors_20160331.log")
L 03/31/2016 - 20:19:14: [SM] Warning(s) encountered in translation file "freak_fortress_2.phrases.txt"
L 03/31/2016 - 20:19:14: [SM] Invalid token ' ' in #format property on line 59.
L 03/31/2016 - 20:19:14: [SM] Invalid token ' ' in #format property on line 407.
L 03/31/2016 - 20:19:14: [SM] Invalid token ' ' in #format property on line 412.
L 03/31/2016 - 20:19:14: [SM] Invalid token ' ' in #format property on line 412.
L 03/31/2016 - 20:19:14: [SM] Invalid token ' ' in #format property on line 421.
L 03/31/2016 - 20:19:14: [SM] Invalid token ' ' in #format property on line 421.
L 03/31/2016 - 20:19:14: [SM] Invalid token ' ' in #format property on line 421.
L 03/31/2016 - 20:23:22: [SM] Native "IsClientInGame" reported: Client index 0 is invalid
L 03/31/2016 - 20:23:22: [SM] Displaying call stack trace for plugin "freaks\ff2_1st_set_abilities.ff2":
L 03/31/2016 - 20:23:22: [SM]   [0]  Line 114, C:\ff2\steamapps\common\Team Fortress 2 Dedicated Server\tf\addons\sourcemod\scripting\ff2_1st_set_abilities.sp::OnRoundEnd()
L 03/31/2016 - 20:26:44: [SM] Native "IsClientInGame" reported: Client index 0 is invalid
L 03/31/2016 - 20:26:44: [SM] Displaying call stack trace for plugin "freaks\ff2_1st_set_abilities.ff2":
L 03/31/2016 - 20:26:44: [SM]   [0]  Line 114, C:\ff2\steamapps\common\Team Fortress 2 Dedicated Server\tf\addons\sourcemod\scripting\ff2_1st_set_abilities.sp::OnRoundEnd()
L 03/31/2016 - 20:28:52: [SM] Native "IsClientInGame" reported: Client index 0 is invalid
L 03/31/2016 - 20:28:52: [SM] Displaying call stack trace for plugin "freaks\ff2_1st_set_abilities.ff2":
L 03/31/2016 - 20:28:52: [SM]   [0]  Line 114, C:\ff2\steamapps\common\Team Fortress 2 Dedicated Server\tf\addons\sourcemod\scripting\ff2_1st_set_abilities.sp::OnRoundEnd()
L 03/31/2016 - 20:30:09: [SM] Native "IsClientInGame" reported: Client index 0 is invalid
L 03/31/2016 - 20:30:09: [SM] Displaying call stack trace for plugin "freaks\ff2_1st_set_abilities.ff2":
L 03/31/2016 - 20:30:09: [SM]   [0]  Line 114, C:\ff2\steamapps\common\Team Fortress 2 Dedicated Server\tf\addons\sourcemod\scripting\ff2_1st_set_abilities.sp::OnRoundEnd()
L 03/31/2016 - 20:31:38: [SM] Native "IsClientInGame" reported: Client index 0 is invalid
L 03/31/2016 - 20:31:38: [SM] Displaying call stack trace for plugin "freaks\ff2_1st_set_abilities.ff2":
L 03/31/2016 - 20:31:38: [SM]   [0]  Line 114, C:\ff2\steamapps\common\Team Fortress 2 Dedicated Server\tf\addons\sourcemod\scripting\ff2_1st_set_abilities.sp::OnRoundEnd()
L 03/31/2016 - 20:35:12: [SM] Native "IsClientInGame" reported: Client index 0 is invalid
L 03/31/2016 - 20:35:12: [SM] Displaying call stack trace for plugin "freaks\ff2_1st_set_abilities.ff2":
L 03/31/2016 - 20:35:12: [SM]   [0]  Line 114, C:\ff2\steamapps\common\Team Fortress 2 Dedicated Server\tf\addons\sourcemod\scripting\ff2_1st_set_abilities.sp::OnRoundEnd()
L 03/31/2016 - 20:36:04: [SM] Native "IsClientInGame" reported: Client index 0 is invalid
L 03/31/2016 - 20:36:04: [SM] Displaying call stack trace for plugin "freaks\ff2_1st_set_abilities.ff2":
L 03/31/2016 - 20:36:04: [SM]   [0]  Line 114, C:\ff2\steamapps\common\Team Fortress 2 Dedicated Server\tf\addons\sourcemod\scripting\ff2_1st_set_abilities.sp::OnRoundEnd()
L 03/31/2016 - 20:38:20: [SM] Native "IsClientInGame" reported: Client index 0 is invalid
L 03/31/2016 - 20:38:20: [SM] Displaying call stack trace for plugin "freaks\ff2_1st_set_abilities.ff2":
L 03/31/2016 - 20:38:20: [SM]   [0]  Line 114, C:\ff2\steamapps\common\Team Fortress 2 Dedicated Server\tf\addons\sourcemod\scripting\ff2_1st_set_abilities.sp::OnRoundEnd()
L 03/31/2016 - 20:40:21: [SM] Native "IsClientInGame" reported: Client index 0 is invalid
L 03/31/2016 - 20:40:21: [SM] Displaying call stack trace for plugin "freaks\ff2_1st_set_abilities.ff2":
L 03/31/2016 - 20:40:21: [SM]   [0]  Line 114, C:\ff2\steamapps\common\Team Fortress 2 Dedicated Server\tf\addons\sourcemod\scripting\ff2_1st_set_abilities.sp::OnRoundEnd()
L 03/31/2016 - 20:40:52: Error log file session closed.
L 03/31/2016 - 20:40:52: SourceMod error session started
L 03/31/2016 - 20:40:52: Info (map "arena_badlands") (file "errors_20160331.log")
L 03/31/2016 - 20:40:52: [SM] Warning(s) encountered in translation file "freak_fortress_2.phrases.txt"
L 03/31/2016 - 20:40:52: [SM] Invalid token ' ' in #format property on line 59.
L 03/31/2016 - 20:40:52: [SM] Invalid token ' ' in #format property on line 407.
L 03/31/2016 - 20:40:52: [SM] Invalid token ' ' in #format property on line 412.
L 03/31/2016 - 20:40:52: [SM] Invalid token ' ' in #format property on line 412.
L 03/31/2016 - 20:40:52: [SM] Invalid token ' ' in #format property on line 421.
L 03/31/2016 - 20:40:52: [SM] Invalid token ' ' in #format property on line 421.
L 03/31/2016 - 20:40:52: [SM] Invalid token ' ' in #format property on line 421.
L 03/31/2016 - 20:43:59: [SM] Native "IsClientInGame" reported: Client index 0 is invalid
L 03/31/2016 - 20:43:59: [SM] Displaying call stack trace for plugin "freaks\ff2_1st_set_abilities.ff2":
L 03/31/2016 - 20:43:59: [SM]   [0]  Line 114, C:\ff2\steamapps\common\Team Fortress 2 Dedicated Server\tf\addons\sourcemod\scripting\ff2_1st_set_abilities.sp::OnRoundEnd()
L 03/31/2016 - 20:44:49: [SM] Native "IsClientInGame" reported: Client index 0 is invalid
L 03/31/2016 - 20:44:49: [SM] Displaying call stack trace for plugin "freaks\ff2_1st_set_abilities.ff2":
L 03/31/2016 - 20:44:49: [SM]   [0]  Line 114, C:\ff2\steamapps\common\Team Fortress 2 Dedicated Server\tf\addons\sourcemod\scripting\ff2_1st_set_abilities.sp::OnRoundEnd()
L 03/31/2016 - 20:45:53: [SM] Native "IsClientInGame" reported: Client index 0 is invalid
L 03/31/2016 - 20:45:53: [SM] Displaying call stack trace for plugin "freaks\ff2_1st_set_abilities.ff2":
L 03/31/2016 - 20:45:53: [SM]   [0]  Line 114, C:\ff2\steamapps\common\Team Fortress 2 Dedicated Server\tf\addons\sourcemod\scripting\ff2_1st_set_abilities.sp::OnRoundEnd()
L 03/31/2016 - 20:45:54: Error log file session closed.
L 03/31/2016 - 20:45:54: SourceMod error session started
L 03/31/2016 - 20:45:54: Info (map "arena_badlands") (file "errors_20160331.log")
L 03/31/2016 - 20:45:54: [SM] Warning(s) encountered in translation file "freak_fortress_2.phrases.txt"
L 03/31/2016 - 20:45:54: [SM] Invalid token ' ' in #format property on line 59.
L 03/31/2016 - 20:45:54: [SM] Invalid token ' ' in #format property on line 407.
L 03/31/2016 - 20:45:54: [SM] Invalid token ' ' in #format property on line 412.
L 03/31/2016 - 20:45:54: [SM] Invalid token ' ' in #format property on line 412.
L 03/31/2016 - 20:45:54: [SM] Invalid token ' ' in #format property on line 421.
L 03/31/2016 - 20:45:54: [SM] Invalid token ' ' in #format property on line 421.
L 03/31/2016 - 20:45:54: [SM] Invalid token ' ' in #format property on line 421.
L 03/31/2016 - 20:48:51: [SM] Native "IsClientInGame" reported: Client index 0 is invalid
L 03/31/2016 - 20:48:51: [SM] Displaying call stack trace for plugin "freaks\ff2_1st_set_abilities.ff2":
L 03/31/2016 - 20:48:51: [SM]   [0]  Line 114, C:\ff2\steamapps\common\Team Fortress 2 Dedicated Server\tf\addons\sourcemod\scripting\ff2_1st_set_abilities.sp::OnRoundEnd()
L 03/31/2016 - 20:51:13: [SM] Native "IsClientInGame" reported: Client index 0 is invalid
L 03/31/2016 - 20:51:13: [SM] Displaying call stack trace for plugin "freaks\ff2_1st_set_abilities.ff2":
L 03/31/2016 - 20:51:13: [SM]   [0]  Line 114, C:\ff2\steamapps\common\Team Fortress 2 Dedicated Server\tf\addons\sourcemod\scripting\ff2_1st_set_abilities.sp::OnRoundEnd()
L 03/31/2016 - 20:51:31: Error log file session closed.
L 03/31/2016 - 21:06:10: SourceMod error session started
L 03/31/2016 - 21:06:10: Info (map "arena_badlands") (file "errors_20160331.log")
L 03/31/2016 - 21:06:10: [SM] Warning(s) encountered in translation file "freak_fortress_2.phrases.txt"
L 03/31/2016 - 21:06:10: [SM] Invalid token ' ' in #format property on line 59.
L 03/31/2016 - 21:06:10: [SM] Invalid token ' ' in #format property on line 407.
L 03/31/2016 - 21:06:10: [SM] Invalid token ' ' in #format property on line 412.
L 03/31/2016 - 21:06:10: [SM] Invalid token ' ' in #format property on line 412.
L 03/31/2016 - 21:06:10: [SM] Invalid token ' ' in #format property on line 421.
L 03/31/2016 - 21:06:10: [SM] Invalid token ' ' in #format property on line 421.
L 03/31/2016 - 21:06:10: [SM] Invalid token ' ' in #format property on line 421.
L 03/31/2016 - 21:09:26: [SM] Native "IsClientInGame" reported: Client index 0 is invalid
L 03/31/2016 - 21:09:26: [SM] Displaying call stack trace for plugin "freaks\ff2_1st_set_abilities.ff2":
L 03/31/2016 - 21:09:26: [SM]   [0]  Line 114, C:\ff2\steamapps\common\Team Fortress 2 Dedicated Server\tf\addons\sourcemod\scripting\ff2_1st_set_abilities.sp::OnRoundEnd()
L 03/31/2016 - 21:14:02: Error log file session closed.
L 03/31/2016 - 21:14:02: SourceMod error session started
L 03/31/2016 - 21:14:02: Info (map "arena_badlands") (file "errors_20160331.log")
L 03/31/2016 - 21:14:02: [SM] Warning(s) encountered in translation file "freak_fortress_2.phrases.txt"
L 03/31/2016 - 21:14:02: [SM] Invalid token ' ' in #format property on line 59.
L 03/31/2016 - 21:14:02: [SM] Invalid token ' ' in #format property on line 407.
L 03/31/2016 - 21:14:02: [SM] Invalid token ' ' in #format property on line 412.
L 03/31/2016 - 21:14:02: [SM] Invalid token ' ' in #format property on line 412.
L 03/31/2016 - 21:14:02: [SM] Invalid token ' ' in #format property on line 421.
L 03/31/2016 - 21:14:02: [SM] Invalid token ' ' in #format property on line 421.
L 03/31/2016 - 21:14:02: [SM] Invalid token ' ' in #format property on line 421.
L 03/31/2016 - 21:14:48: Error log file session closed.
L 03/31/2016 - 21:14:50: SourceMod error session started
L 03/31/2016 - 21:14:50: Info (map "arena_badlands") (file "errors_20160331.log")
L 03/31/2016 - 21:14:50: [SM] Warning(s) encountered in translation file "freak_fortress_2.phrases.txt"
L 03/31/2016 - 21:14:50: [SM] Invalid token ' ' in #format property on line 59.
L 03/31/2016 - 21:14:50: [SM] Invalid token ' ' in #format property on line 407.
L 03/31/2016 - 21:14:50: [SM] Invalid token ' ' in #format property on line 412.
L 03/31/2016 - 21:14:50: [SM] Invalid token ' ' in #format property on line 412.
L 03/31/2016 - 21:14:50: [SM] Invalid token ' ' in #format property on line 421.
L 03/31/2016 - 21:14:50: [SM] Invalid token ' ' in #format property on line 421.
L 03/31/2016 - 21:14:50: [SM] Invalid token ' ' in #format property on line 421.
L 03/31/2016 - 21:17:48: [SM] Native "IsClientInGame" reported: Client index 0 is invalid
L 03/31/2016 - 21:17:48: [SM] Displaying call stack trace for plugin "freaks\ff2_1st_set_abilities.ff2":
L 03/31/2016 - 21:17:48: [SM]   [0]  Line 114, C:\ff2\steamapps\common\Team Fortress 2 Dedicated Server\tf\addons\sourcemod\scripting\ff2_1st_set_abilities.sp::OnRoundEnd()
L 03/31/2016 - 21:20:03: [SM] Native "IsClientInGame" reported: Client index 0 is invalid
L 03/31/2016 - 21:20:03: [SM] Displaying call stack trace for plugin "freaks\ff2_1st_set_abilities.ff2":
L 03/31/2016 - 21:20:03: [SM]   [0]  Line 114, C:\ff2\steamapps\common\Team Fortress 2 Dedicated Server\tf\addons\sourcemod\scripting\ff2_1st_set_abilities.sp::OnRoundEnd()
L 03/31/2016 - 21:32:51: [SM] Native "IsClientInGame" reported: Client index 0 is invalid
L 03/31/2016 - 21:32:51: [SM] Displaying call stack trace for plugin "freaks\ff2_1st_set_abilities.ff2":
L 03/31/2016 - 21:32:51: [SM]   [0]  Line 114, C:\ff2\steamapps\common\Team Fortress 2 Dedicated Server\tf\addons\sourcemod\scripting\ff2_1st_set_abilities.sp::OnRoundEnd()
L 03/31/2016 - 21:33:41: [SM] Native "IsClientInGame" reported: Client index 0 is invalid
L 03/31/2016 - 21:33:41: [SM] Displaying call stack trace for plugin "freaks\ff2_1st_set_abilities.ff2":
L 03/31/2016 - 21:33:41: [SM]   [0]  Line 114, C:\ff2\steamapps\common\Team Fortress 2 Dedicated Server\tf\addons\sourcemod\scripting\ff2_1st_set_abilities.sp::OnRoundEnd()
L 03/31/2016 - 21:36:11: [SM] Native "IsClientInGame" reported: Client index 0 is invalid
L 03/31/2016 - 21:36:11: [SM] Displaying call stack trace for plugin "freaks\ff2_1st_set_abilities.ff2":
L 03/31/2016 - 21:36:11: [SM]   [0]  Line 114, C:\ff2\steamapps\common\Team Fortress 2 Dedicated Server\tf\addons\sourcemod\scripting\ff2_1st_set_abilities.sp::OnRoundEnd()
L 03/31/2016 - 21:38:29: [SM] Native "IsClientInGame" reported: Client index 0 is invalid
L 03/31/2016 - 21:38:30: [SM] Displaying call stack trace for plugin "freaks\ff2_1st_set_abilities.ff2":
L 03/31/2016 - 21:38:30: [SM]   [0]  Line 114, C:\ff2\steamapps\common\Team Fortress 2 Dedicated Server\tf\addons\sourcemod\scripting\ff2_1st_set_abilities.sp::OnRoundEnd()
L 03/31/2016 - 21:56:38: Error log file session closed.
