L 06/11/2016 - 21:14:37: SourceMod error session started
L 06/11/2016 - 21:14:37: Info (map "vsh_apg_v2") (file "errors_20160611.log")
L 06/11/2016 - 21:14:37: [SM] Warning(s) encountered in translation file "freak_fortress_2.phrases.txt"
L 06/11/2016 - 21:14:37: [SM] Invalid token ' ' in #format property on line 71.
L 06/11/2016 - 21:14:37: [SM] Invalid token ' ' in #format property on line 424.
L 06/11/2016 - 21:14:37: [SM] Invalid token ' ' in #format property on line 429.
L 06/11/2016 - 21:14:37: [SM] Invalid token ' ' in #format property on line 429.
L 06/11/2016 - 21:14:37: [SM] Invalid token ' ' in #format property on line 438.
L 06/11/2016 - 21:14:37: [SM] Invalid token ' ' in #format property on line 438.
L 06/11/2016 - 21:14:37: [SM] Invalid token ' ' in #format property on line 438.
L 06/11/2016 - 21:14:38: [SM] Unable to load plugin "rockthevote.smx": Could not find required plugin "mapchooser"
L 06/11/2016 - 21:14:56: [nextmap.smx] FATAL: Cannot load map cycle. Nextmap not loaded.
L 06/11/2016 - 21:14:56: [SM] Plugin encountered error 25: Call was aborted
L 06/11/2016 - 21:14:56: [SM] Native "SetFailState" reported: Mapcycle Not Found
L 06/11/2016 - 21:14:56: [SM] Displaying call stack trace for plugin "nextmap.smx":
L 06/11/2016 - 21:14:56: [SM]   [0]  Line 139, D:\builds\build-sourcemod-msvc12\windows-1.7\build\plugins\nextmap.sp::FindAndSetNextMap()
L 06/11/2016 - 21:14:56: [SM]   [1]  Line 109, D:\builds\build-sourcemod-msvc12\windows-1.7\build\plugins\nextmap.sp::OnConfigsExecuted()
L 06/11/2016 - 21:38:53: [freak_fortress_2.smx] [FF2 Bosses] Character spyper is missing file 'sound/vo/taunts/spy_taunt_rps_lose_11.mp3' in section 'sound_stabbed'!
L 06/11/2016 - 21:54:02: Error log file session closed.
L 06/11/2016 - 21:54:04: SourceMod error session started
L 06/11/2016 - 21:54:04: Info (map "vsh_snowflakes_b1") (file "errors_20160611.log")
L 06/11/2016 - 21:54:04: [SM] Warning(s) encountered in translation file "freak_fortress_2.phrases.txt"
L 06/11/2016 - 21:54:04: [SM] Invalid token ' ' in #format property on line 71.
L 06/11/2016 - 21:54:04: [SM] Invalid token ' ' in #format property on line 424.
L 06/11/2016 - 21:54:04: [SM] Invalid token ' ' in #format property on line 429.
L 06/11/2016 - 21:54:04: [SM] Invalid token ' ' in #format property on line 429.
L 06/11/2016 - 21:54:04: [SM] Invalid token ' ' in #format property on line 438.
L 06/11/2016 - 21:54:04: [SM] Invalid token ' ' in #format property on line 438.
L 06/11/2016 - 21:54:04: [SM] Invalid token ' ' in #format property on line 438.
L 06/11/2016 - 21:54:04: [SM] Unable to load plugin "rockthevote.smx": Could not find required plugin "mapchooser"
L 06/11/2016 - 21:54:12: [nextmap.smx] FATAL: Cannot load map cycle. Nextmap not loaded.
L 06/11/2016 - 21:54:12: [SM] Plugin encountered error 25: Call was aborted
L 06/11/2016 - 21:54:12: [SM] Native "SetFailState" reported: Mapcycle Not Found
L 06/11/2016 - 21:54:12: [SM] Displaying call stack trace for plugin "nextmap.smx":
L 06/11/2016 - 21:54:12: [SM]   [0]  Line 139, D:\builds\build-sourcemod-msvc12\windows-1.7\build\plugins\nextmap.sp::FindAndSetNextMap()
L 06/11/2016 - 21:54:12: [SM]   [1]  Line 109, D:\builds\build-sourcemod-msvc12\windows-1.7\build\plugins\nextmap.sp::OnConfigsExecuted()
L 06/11/2016 - 22:31:22: Error log file session closed.
L 06/11/2016 - 22:31:22: SourceMod error session started
L 06/11/2016 - 22:31:22: Info (map "vsh_snowflakes_b1") (file "errors_20160611.log")
L 06/11/2016 - 22:31:22: [SM] Warning(s) encountered in translation file "freak_fortress_2.phrases.txt"
L 06/11/2016 - 22:31:22: [SM] Invalid token ' ' in #format property on line 71.
L 06/11/2016 - 22:31:22: [SM] Invalid token ' ' in #format property on line 424.
L 06/11/2016 - 22:31:22: [SM] Invalid token ' ' in #format property on line 429.
L 06/11/2016 - 22:31:22: [SM] Invalid token ' ' in #format property on line 429.
L 06/11/2016 - 22:31:22: [SM] Invalid token ' ' in #format property on line 438.
L 06/11/2016 - 22:31:22: [SM] Invalid token ' ' in #format property on line 438.
L 06/11/2016 - 22:31:22: [SM] Invalid token ' ' in #format property on line 438.
L 06/11/2016 - 22:31:22: [SM] Unable to load plugin "rockthevote.smx": Could not find required plugin "mapchooser"
L 06/11/2016 - 22:31:27: [nextmap.smx] FATAL: Cannot load map cycle. Nextmap not loaded.
L 06/11/2016 - 22:31:27: [SM] Plugin encountered error 25: Call was aborted
L 06/11/2016 - 22:31:27: [SM] Native "SetFailState" reported: Mapcycle Not Found
L 06/11/2016 - 22:31:27: [SM] Displaying call stack trace for plugin "nextmap.smx":
L 06/11/2016 - 22:31:27: [SM]   [0]  Line 139, D:\builds\build-sourcemod-msvc12\windows-1.7\build\plugins\nextmap.sp::FindAndSetNextMap()
L 06/11/2016 - 22:31:27: [SM]   [1]  Line 109, D:\builds\build-sourcemod-msvc12\windows-1.7\build\plugins\nextmap.sp::OnConfigsExecuted()
L 06/11/2016 - 22:32:00: Error log file session closed.
L 06/11/2016 - 22:32:01: SourceMod error session started
L 06/11/2016 - 22:32:01: Info (map "vsh_mountain_pb2") (file "errors_20160611.log")
L 06/11/2016 - 22:32:01: [SM] Warning(s) encountered in translation file "freak_fortress_2.phrases.txt"
L 06/11/2016 - 22:32:01: [SM] Invalid token ' ' in #format property on line 71.
L 06/11/2016 - 22:32:01: [SM] Invalid token ' ' in #format property on line 424.
L 06/11/2016 - 22:32:01: [SM] Invalid token ' ' in #format property on line 429.
L 06/11/2016 - 22:32:01: [SM] Invalid token ' ' in #format property on line 429.
L 06/11/2016 - 22:32:01: [SM] Invalid token ' ' in #format property on line 438.
L 06/11/2016 - 22:32:01: [SM] Invalid token ' ' in #format property on line 438.
L 06/11/2016 - 22:32:01: [SM] Invalid token ' ' in #format property on line 438.
L 06/11/2016 - 22:32:01: [SM] Unable to load plugin "rockthevote.smx": Could not find required plugin "mapchooser"
L 06/11/2016 - 22:32:05: [nextmap.smx] FATAL: Cannot load map cycle. Nextmap not loaded.
L 06/11/2016 - 22:32:05: [SM] Plugin encountered error 25: Call was aborted
L 06/11/2016 - 22:32:05: [SM] Native "SetFailState" reported: Mapcycle Not Found
L 06/11/2016 - 22:32:05: [SM] Displaying call stack trace for plugin "nextmap.smx":
L 06/11/2016 - 22:32:05: [SM]   [0]  Line 139, D:\builds\build-sourcemod-msvc12\windows-1.7\build\plugins\nextmap.sp::FindAndSetNextMap()
L 06/11/2016 - 22:32:05: [SM]   [1]  Line 109, D:\builds\build-sourcemod-msvc12\windows-1.7\build\plugins\nextmap.sp::OnConfigsExecuted()
L 06/11/2016 - 22:37:10: [SM] Native "ChangeClientTeam" reported: Client 11 is not in game
L 06/11/2016 - 22:37:10: [SM] Displaying call stack trace for plugin "ff2_deathmatch.smx":
L 06/11/2016 - 22:37:10: [SM]   [0]  Line 343, C:\ff2_ver2\steamapps\common\Team Fortress 2 Dedicated Server\tf\addons\sourcemod\scripting\include\tf2_stocks.inc::TF2_ChangeClientTeam()
L 06/11/2016 - 22:37:10: [SM]   [1]  Line 348, C:\ff2_ver2\steamapps\common\Team Fortress 2 Dedicated Server\tf\addons\sourcemod\scripting\ff2_deathmatch.sp::BeLastMan()
L 06/11/2016 - 22:37:10: [SM] Native "ChangeClientTeam" reported: Client 11 is not in game
L 06/11/2016 - 22:37:10: [SM] Displaying call stack trace for plugin "ff2_deathmatch.smx":
L 06/11/2016 - 22:37:10: [SM]   [0]  Line 343, C:\ff2_ver2\steamapps\common\Team Fortress 2 Dedicated Server\tf\addons\sourcemod\scripting\include\tf2_stocks.inc::TF2_ChangeClientTeam()
L 06/11/2016 - 22:37:11: [SM]   [1]  Line 348, C:\ff2_ver2\steamapps\common\Team Fortress 2 Dedicated Server\tf\addons\sourcemod\scripting\ff2_deathmatch.sp::BeLastMan()
L 06/11/2016 - 22:37:11: [SM] Native "ChangeClientTeam" reported: Client 11 is not in game
L 06/11/2016 - 22:37:11: [SM] Displaying call stack trace for plugin "ff2_deathmatch.smx":
L 06/11/2016 - 22:37:11: [SM]   [0]  Line 343, C:\ff2_ver2\steamapps\common\Team Fortress 2 Dedicated Server\tf\addons\sourcemod\scripting\include\tf2_stocks.inc::TF2_ChangeClientTeam()
L 06/11/2016 - 22:37:11: [SM]   [1]  Line 348, C:\ff2_ver2\steamapps\common\Team Fortress 2 Dedicated Server\tf\addons\sourcemod\scripting\ff2_deathmatch.sp::BeLastMan()
L 06/11/2016 - 22:37:11: [SM] Native "ChangeClientTeam" reported: Client 11 is not in game
L 06/11/2016 - 22:37:11: [SM] Displaying call stack trace for plugin "ff2_deathmatch.smx":
L 06/11/2016 - 22:37:11: [SM]   [0]  Line 343, C:\ff2_ver2\steamapps\common\Team Fortress 2 Dedicated Server\tf\addons\sourcemod\scripting\include\tf2_stocks.inc::TF2_ChangeClientTeam()
L 06/11/2016 - 22:37:11: [SM]   [1]  Line 348, C:\ff2_ver2\steamapps\common\Team Fortress 2 Dedicated Server\tf\addons\sourcemod\scripting\ff2_deathmatch.sp::BeLastMan()
L 06/11/2016 - 22:37:11: [SM] Native "ChangeClientTeam" reported: Client 11 is not in game
L 06/11/2016 - 22:37:11: [SM] Displaying call stack trace for plugin "ff2_deathmatch.smx":
L 06/11/2016 - 22:37:11: [SM]   [0]  Line 343, C:\ff2_ver2\steamapps\common\Team Fortress 2 Dedicated Server\tf\addons\sourcemod\scripting\include\tf2_stocks.inc::TF2_ChangeClientTeam()
L 06/11/2016 - 22:37:11: [SM]   [1]  Line 348, C:\ff2_ver2\steamapps\common\Team Fortress 2 Dedicated Server\tf\addons\sourcemod\scripting\ff2_deathmatch.sp::BeLastMan()
L 06/11/2016 - 22:37:11: [SM] Native "ChangeClientTeam" reported: Client 11 is not in game
L 06/11/2016 - 22:37:11: [SM] Displaying call stack trace for plugin "ff2_deathmatch.smx":
L 06/11/2016 - 22:37:11: [SM]   [0]  Line 343, C:\ff2_ver2\steamapps\common\Team Fortress 2 Dedicated Server\tf\addons\sourcemod\scripting\include\tf2_stocks.inc::TF2_ChangeClientTeam()
L 06/11/2016 - 22:37:11: [SM]   [1]  Line 348, C:\ff2_ver2\steamapps\common\Team Fortress 2 Dedicated Server\tf\addons\sourcemod\scripting\ff2_deathmatch.sp::BeLastMan()
L 06/11/2016 - 22:37:11: [SM] Native "ChangeClientTeam" reported: Client 11 is not in game
L 06/11/2016 - 22:37:11: [SM] Displaying call stack trace for plugin "ff2_deathmatch.smx":
L 06/11/2016 - 22:37:11: [SM]   [0]  Line 343, C:\ff2_ver2\steamapps\common\Team Fortress 2 Dedicated Server\tf\addons\sourcemod\scripting\include\tf2_stocks.inc::TF2_ChangeClientTeam()
L 06/11/2016 - 22:37:11: [SM]   [1]  Line 348, C:\ff2_ver2\steamapps\common\Team Fortress 2 Dedicated Server\tf\addons\sourcemod\scripting\ff2_deathmatch.sp::BeLastMan()
L 06/11/2016 - 22:37:12: [SM] Native "ChangeClientTeam" reported: Client 11 is not in game
L 06/11/2016 - 22:37:12: [SM] Displaying call stack trace for plugin "ff2_deathmatch.smx":
L 06/11/2016 - 22:37:12: [SM]   [0]  Line 343, C:\ff2_ver2\steamapps\common\Team Fortress 2 Dedicated Server\tf\addons\sourcemod\scripting\include\tf2_stocks.inc::TF2_ChangeClientTeam()
L 06/11/2016 - 22:37:12: [SM]   [1]  Line 348, C:\ff2_ver2\steamapps\common\Team Fortress 2 Dedicated Server\tf\addons\sourcemod\scripting\ff2_deathmatch.sp::BeLastMan()
L 06/11/2016 - 22:37:12: [SM] Native "ChangeClientTeam" reported: Client 11 is not in game
L 06/11/2016 - 22:37:12: [SM] Displaying call stack trace for plugin "ff2_deathmatch.smx":
L 06/11/2016 - 22:37:12: [SM]   [0]  Line 343, C:\ff2_ver2\steamapps\common\Team Fortress 2 Dedicated Server\tf\addons\sourcemod\scripting\include\tf2_stocks.inc::TF2_ChangeClientTeam()
L 06/11/2016 - 22:37:12: [SM]   [1]  Line 348, C:\ff2_ver2\steamapps\common\Team Fortress 2 Dedicated Server\tf\addons\sourcemod\scripting\ff2_deathmatch.sp::BeLastMan()
L 06/11/2016 - 22:37:12: [SM] Native "ChangeClientTeam" reported: Client 11 is not in game
L 06/11/2016 - 22:37:12: [SM] Displaying call stack trace for plugin "ff2_deathmatch.smx":
L 06/11/2016 - 22:37:12: [SM]   [0]  Line 343, C:\ff2_ver2\steamapps\common\Team Fortress 2 Dedicated Server\tf\addons\sourcemod\scripting\include\tf2_stocks.inc::TF2_ChangeClientTeam()
L 06/11/2016 - 22:37:12: [SM]   [1]  Line 348, C:\ff2_ver2\steamapps\common\Team Fortress 2 Dedicated Server\tf\addons\sourcemod\scripting\ff2_deathmatch.sp::BeLastMan()
L 06/11/2016 - 22:37:12: [SM] Native "ChangeClientTeam" reported: Client 11 is not in game
L 06/11/2016 - 22:37:12: [SM] Displaying call stack trace for plugin "ff2_deathmatch.smx":
L 06/11/2016 - 22:37:12: [SM]   [0]  Line 343, C:\ff2_ver2\steamapps\common\Team Fortress 2 Dedicated Server\tf\addons\sourcemod\scripting\include\tf2_stocks.inc::TF2_ChangeClientTeam()
L 06/11/2016 - 22:37:12: [SM]   [1]  Line 348, C:\ff2_ver2\steamapps\common\Team Fortress 2 Dedicated Server\tf\addons\sourcemod\scripting\ff2_deathmatch.sp::BeLastMan()
L 06/11/2016 - 22:37:12: [SM] Native "ChangeClientTeam" reported: Client 11 is not in game
L 06/11/2016 - 22:37:12: [SM] Displaying call stack trace for plugin "ff2_deathmatch.smx":
L 06/11/2016 - 22:37:12: [SM]   [0]  Line 343, C:\ff2_ver2\steamapps\common\Team Fortress 2 Dedicated Server\tf\addons\sourcemod\scripting\include\tf2_stocks.inc::TF2_ChangeClientTeam()
L 06/11/2016 - 22:37:12: [SM]   [1]  Line 348, C:\ff2_ver2\steamapps\common\Team Fortress 2 Dedicated Server\tf\addons\sourcemod\scripting\ff2_deathmatch.sp::BeLastMan()
L 06/11/2016 - 22:37:12: [SM] Native "ChangeClientTeam" reported: Client 11 is not in game
L 06/11/2016 - 22:37:12: [SM] Displaying call stack trace for plugin "ff2_deathmatch.smx":
L 06/11/2016 - 22:37:12: [SM]   [0]  Line 343, C:\ff2_ver2\steamapps\common\Team Fortress 2 Dedicated Server\tf\addons\sourcemod\scripting\include\tf2_stocks.inc::TF2_ChangeClientTeam()
L 06/11/2016 - 22:37:12: [SM]   [1]  Line 348, C:\ff2_ver2\steamapps\common\Team Fortress 2 Dedicated Server\tf\addons\sourcemod\scripting\ff2_deathmatch.sp::BeLastMan()
L 06/11/2016 - 22:37:13: [SM] Native "ChangeClientTeam" reported: Client 11 is not in game
L 06/11/2016 - 22:37:13: [SM] Displaying call stack trace for plugin "ff2_deathmatch.smx":
L 06/11/2016 - 22:37:13: [SM]   [0]  Line 343, C:\ff2_ver2\steamapps\common\Team Fortress 2 Dedicated Server\tf\addons\sourcemod\scripting\include\tf2_stocks.inc::TF2_ChangeClientTeam()
L 06/11/2016 - 22:37:13: [SM]   [1]  Line 348, C:\ff2_ver2\steamapps\common\Team Fortress 2 Dedicated Server\tf\addons\sourcemod\scripting\ff2_deathmatch.sp::BeLastMan()
L 06/11/2016 - 22:37:13: [SM] Native "ChangeClientTeam" reported: Client 11 is not in game
L 06/11/2016 - 22:37:13: [SM] Displaying call stack trace for plugin "ff2_deathmatch.smx":
L 06/11/2016 - 22:37:13: [SM]   [0]  Line 343, C:\ff2_ver2\steamapps\common\Team Fortress 2 Dedicated Server\tf\addons\sourcemod\scripting\include\tf2_stocks.inc::TF2_ChangeClientTeam()
L 06/11/2016 - 22:37:13: [SM]   [1]  Line 348, C:\ff2_ver2\steamapps\common\Team Fortress 2 Dedicated Server\tf\addons\sourcemod\scripting\ff2_deathmatch.sp::BeLastMan()
L 06/11/2016 - 22:37:13: [SM] Native "ChangeClientTeam" reported: Client 11 is not in game
L 06/11/2016 - 22:37:13: [SM] Displaying call stack trace for plugin "ff2_deathmatch.smx":
L 06/11/2016 - 22:37:13: [SM]   [0]  Line 343, C:\ff2_ver2\steamapps\common\Team Fortress 2 Dedicated Server\tf\addons\sourcemod\scripting\include\tf2_stocks.inc::TF2_ChangeClientTeam()
L 06/11/2016 - 22:37:13: [SM]   [1]  Line 348, C:\ff2_ver2\steamapps\common\Team Fortress 2 Dedicated Server\tf\addons\sourcemod\scripting\ff2_deathmatch.sp::BeLastMan()
L 06/11/2016 - 22:37:13: [SM] Native "ChangeClientTeam" reported: Client 11 is not in game
L 06/11/2016 - 22:37:13: [SM] Displaying call stack trace for plugin "ff2_deathmatch.smx":
L 06/11/2016 - 22:37:13: [SM]   [0]  Line 343, C:\ff2_ver2\steamapps\common\Team Fortress 2 Dedicated Server\tf\addons\sourcemod\scripting\include\tf2_stocks.inc::TF2_ChangeClientTeam()
L 06/11/2016 - 22:37:13: [SM]   [1]  Line 348, C:\ff2_ver2\steamapps\common\Team Fortress 2 Dedicated Server\tf\addons\sourcemod\scripting\ff2_deathmatch.sp::BeLastMan()
L 06/11/2016 - 22:37:13: [SM] Native "ChangeClientTeam" reported: Client 11 is not in game
L 06/11/2016 - 22:37:13: [SM] Displaying call stack trace for plugin "ff2_deathmatch.smx":
L 06/11/2016 - 22:37:13: [SM]   [0]  Line 343, C:\ff2_ver2\steamapps\common\Team Fortress 2 Dedicated Server\tf\addons\sourcemod\scripting\include\tf2_stocks.inc::TF2_ChangeClientTeam()
L 06/11/2016 - 22:37:13: [SM]   [1]  Line 348, C:\ff2_ver2\steamapps\common\Team Fortress 2 Dedicated Server\tf\addons\sourcemod\scripting\ff2_deathmatch.sp::BeLastMan()
L 06/11/2016 - 22:37:13: [SM] Native "ChangeClientTeam" reported: Client 11 is not in game
L 06/11/2016 - 22:37:13: [SM] Displaying call stack trace for plugin "ff2_deathmatch.smx":
L 06/11/2016 - 22:37:13: [SM]   [0]  Line 343, C:\ff2_ver2\steamapps\common\Team Fortress 2 Dedicated Server\tf\addons\sourcemod\scripting\include\tf2_stocks.inc::TF2_ChangeClientTeam()
L 06/11/2016 - 22:37:13: [SM]   [1]  Line 348, C:\ff2_ver2\steamapps\common\Team Fortress 2 Dedicated Server\tf\addons\sourcemod\scripting\ff2_deathmatch.sp::BeLastMan()
L 06/11/2016 - 22:37:14: [SM] Native "ChangeClientTeam" reported: Client 11 is not in game
L 06/11/2016 - 22:37:14: [SM] Displaying call stack trace for plugin "ff2_deathmatch.smx":
L 06/11/2016 - 22:37:14: [SM]   [0]  Line 343, C:\ff2_ver2\steamapps\common\Team Fortress 2 Dedicated Server\tf\addons\sourcemod\scripting\include\tf2_stocks.inc::TF2_ChangeClientTeam()
L 06/11/2016 - 22:37:14: [SM]   [1]  Line 348, C:\ff2_ver2\steamapps\common\Team Fortress 2 Dedicated Server\tf\addons\sourcemod\scripting\ff2_deathmatch.sp::BeLastMan()
L 06/11/2016 - 22:37:14: [SM] Native "ChangeClientTeam" reported: Client 11 is not in game
L 06/11/2016 - 22:37:14: [SM] Displaying call stack trace for plugin "ff2_deathmatch.smx":
L 06/11/2016 - 22:37:14: [SM]   [0]  Line 343, C:\ff2_ver2\steamapps\common\Team Fortress 2 Dedicated Server\tf\addons\sourcemod\scripting\include\tf2_stocks.inc::TF2_ChangeClientTeam()
L 06/11/2016 - 22:37:14: [SM]   [1]  Line 348, C:\ff2_ver2\steamapps\common\Team Fortress 2 Dedicated Server\tf\addons\sourcemod\scripting\ff2_deathmatch.sp::BeLastMan()
L 06/11/2016 - 22:37:14: [SM] Native "ChangeClientTeam" reported: Client 11 is not in game
L 06/11/2016 - 22:37:14: [SM] Displaying call stack trace for plugin "ff2_deathmatch.smx":
L 06/11/2016 - 22:37:14: [SM]   [0]  Line 343, C:\ff2_ver2\steamapps\common\Team Fortress 2 Dedicated Server\tf\addons\sourcemod\scripting\include\tf2_stocks.inc::TF2_ChangeClientTeam()
L 06/11/2016 - 22:37:14: [SM]   [1]  Line 348, C:\ff2_ver2\steamapps\common\Team Fortress 2 Dedicated Server\tf\addons\sourcemod\scripting\ff2_deathmatch.sp::BeLastMan()
L 06/11/2016 - 22:37:14: [SM] Native "ChangeClientTeam" reported: Client 11 is not in game
L 06/11/2016 - 22:37:14: [SM] Displaying call stack trace for plugin "ff2_deathmatch.smx":
L 06/11/2016 - 22:37:14: [SM]   [0]  Line 343, C:\ff2_ver2\steamapps\common\Team Fortress 2 Dedicated Server\tf\addons\sourcemod\scripting\include\tf2_stocks.inc::TF2_ChangeClientTeam()
L 06/11/2016 - 22:37:14: [SM]   [1]  Line 348, C:\ff2_ver2\steamapps\common\Team Fortress 2 Dedicated Server\tf\addons\sourcemod\scripting\ff2_deathmatch.sp::BeLastMan()
L 06/11/2016 - 22:37:14: [SM] Native "ChangeClientTeam" reported: Client 11 is not in game
L 06/11/2016 - 22:37:14: [SM] Displaying call stack trace for plugin "ff2_deathmatch.smx":
L 06/11/2016 - 22:37:14: [SM]   [0]  Line 343, C:\ff2_ver2\steamapps\common\Team Fortress 2 Dedicated Server\tf\addons\sourcemod\scripting\include\tf2_stocks.inc::TF2_ChangeClientTeam()
L 06/11/2016 - 22:37:14: [SM]   [1]  Line 348, C:\ff2_ver2\steamapps\common\Team Fortress 2 Dedicated Server\tf\addons\sourcemod\scripting\ff2_deathmatch.sp::BeLastMan()
L 06/11/2016 - 22:37:15: [SM] Native "ChangeClientTeam" reported: Client 11 is not in game
L 06/11/2016 - 22:37:15: [SM] Displaying call stack trace for plugin "ff2_deathmatch.smx":
L 06/11/2016 - 22:37:15: [SM]   [0]  Line 343, C:\ff2_ver2\steamapps\common\Team Fortress 2 Dedicated Server\tf\addons\sourcemod\scripting\include\tf2_stocks.inc::TF2_ChangeClientTeam()
L 06/11/2016 - 22:37:15: [SM]   [1]  Line 348, C:\ff2_ver2\steamapps\common\Team Fortress 2 Dedicated Server\tf\addons\sourcemod\scripting\ff2_deathmatch.sp::BeLastMan()
L 06/11/2016 - 22:37:15: [SM] Native "ChangeClientTeam" reported: Client 11 is not in game
L 06/11/2016 - 22:37:15: [SM] Displaying call stack trace for plugin "ff2_deathmatch.smx":
L 06/11/2016 - 22:37:15: [SM]   [0]  Line 343, C:\ff2_ver2\steamapps\common\Team Fortress 2 Dedicated Server\tf\addons\sourcemod\scripting\include\tf2_stocks.inc::TF2_ChangeClientTeam()
L 06/11/2016 - 22:37:15: [SM]   [1]  Line 348, C:\ff2_ver2\steamapps\common\Team Fortress 2 Dedicated Server\tf\addons\sourcemod\scripting\ff2_deathmatch.sp::BeLastMan()
L 06/11/2016 - 22:37:15: [SM] Native "ChangeClientTeam" reported: Client 11 is not in game
L 06/11/2016 - 22:37:15: [SM] Displaying call stack trace for plugin "ff2_deathmatch.smx":
L 06/11/2016 - 22:37:15: [SM]   [0]  Line 343, C:\ff2_ver2\steamapps\common\Team Fortress 2 Dedicated Server\tf\addons\sourcemod\scripting\include\tf2_stocks.inc::TF2_ChangeClientTeam()
L 06/11/2016 - 22:37:15: [SM]   [1]  Line 348, C:\ff2_ver2\steamapps\common\Team Fortress 2 Dedicated Server\tf\addons\sourcemod\scripting\ff2_deathmatch.sp::BeLastMan()
L 06/11/2016 - 22:37:15: [SM] Native "ChangeClientTeam" reported: Client 11 is not in game
L 06/11/2016 - 22:37:15: [SM] Displaying call stack trace for plugin "ff2_deathmatch.smx":
L 06/11/2016 - 22:37:15: [SM]   [0]  Line 343, C:\ff2_ver2\steamapps\common\Team Fortress 2 Dedicated Server\tf\addons\sourcemod\scripting\include\tf2_stocks.inc::TF2_ChangeClientTeam()
L 06/11/2016 - 22:37:15: [SM]   [1]  Line 348, C:\ff2_ver2\steamapps\common\Team Fortress 2 Dedicated Server\tf\addons\sourcemod\scripting\ff2_deathmatch.sp::BeLastMan()
L 06/11/2016 - 22:37:15: [SM] Native "ChangeClientTeam" reported: Client 11 is not in game
L 06/11/2016 - 22:37:15: [SM] Displaying call stack trace for plugin "ff2_deathmatch.smx":
L 06/11/2016 - 22:37:15: [SM]   [0]  Line 343, C:\ff2_ver2\steamapps\common\Team Fortress 2 Dedicated Server\tf\addons\sourcemod\scripting\include\tf2_stocks.inc::TF2_ChangeClientTeam()
L 06/11/2016 - 22:37:15: [SM]   [1]  Line 348, C:\ff2_ver2\steamapps\common\Team Fortress 2 Dedicated Server\tf\addons\sourcemod\scripting\ff2_deathmatch.sp::BeLastMan()
L 06/11/2016 - 22:37:16: [SM] Native "ChangeClientTeam" reported: Client 11 is not in game
L 06/11/2016 - 22:37:16: [SM] Displaying call stack trace for plugin "ff2_deathmatch.smx":
L 06/11/2016 - 22:37:16: [SM]   [0]  Line 343, C:\ff2_ver2\steamapps\common\Team Fortress 2 Dedicated Server\tf\addons\sourcemod\scripting\include\tf2_stocks.inc::TF2_ChangeClientTeam()
L 06/11/2016 - 22:37:16: [SM]   [1]  Line 348, C:\ff2_ver2\steamapps\common\Team Fortress 2 Dedicated Server\tf\addons\sourcemod\scripting\ff2_deathmatch.sp::BeLastMan()
L 06/11/2016 - 22:37:16: [SM] Native "ChangeClientTeam" reported: Client 11 is not in game
L 06/11/2016 - 22:37:16: [SM] Displaying call stack trace for plugin "ff2_deathmatch.smx":
L 06/11/2016 - 22:37:16: [SM]   [0]  Line 343, C:\ff2_ver2\steamapps\common\Team Fortress 2 Dedicated Server\tf\addons\sourcemod\scripting\include\tf2_stocks.inc::TF2_ChangeClientTeam()
L 06/11/2016 - 22:37:16: [SM]   [1]  Line 348, C:\ff2_ver2\steamapps\common\Team Fortress 2 Dedicated Server\tf\addons\sourcemod\scripting\ff2_deathmatch.sp::BeLastMan()
L 06/11/2016 - 22:37:16: [SM] Native "ChangeClientTeam" reported: Client 11 is not in game
L 06/11/2016 - 22:37:16: [SM] Displaying call stack trace for plugin "ff2_deathmatch.smx":
L 06/11/2016 - 22:37:16: [SM]   [0]  Line 343, C:\ff2_ver2\steamapps\common\Team Fortress 2 Dedicated Server\tf\addons\sourcemod\scripting\include\tf2_stocks.inc::TF2_ChangeClientTeam()
L 06/11/2016 - 22:37:16: [SM]   [1]  Line 348, C:\ff2_ver2\steamapps\common\Team Fortress 2 Dedicated Server\tf\addons\sourcemod\scripting\ff2_deathmatch.sp::BeLastMan()
L 06/11/2016 - 22:37:16: [SM] Native "ChangeClientTeam" reported: Client 11 is not in game
L 06/11/2016 - 22:37:16: [SM] Displaying call stack trace for plugin "ff2_deathmatch.smx":
L 06/11/2016 - 22:37:16: [SM]   [0]  Line 343, C:\ff2_ver2\steamapps\common\Team Fortress 2 Dedicated Server\tf\addons\sourcemod\scripting\include\tf2_stocks.inc::TF2_ChangeClientTeam()
L 06/11/2016 - 22:37:16: [SM]   [1]  Line 348, C:\ff2_ver2\steamapps\common\Team Fortress 2 Dedicated Server\tf\addons\sourcemod\scripting\ff2_deathmatch.sp::BeLastMan()
L 06/11/2016 - 22:37:16: [SM] Native "ChangeClientTeam" reported: Client 11 is not in game
L 06/11/2016 - 22:37:16: [SM] Displaying call stack trace for plugin "ff2_deathmatch.smx":
L 06/11/2016 - 22:37:16: [SM]   [0]  Line 343, C:\ff2_ver2\steamapps\common\Team Fortress 2 Dedicated Server\tf\addons\sourcemod\scripting\include\tf2_stocks.inc::TF2_ChangeClientTeam()
L 06/11/2016 - 22:37:16: [SM]   [1]  Line 348, C:\ff2_ver2\steamapps\common\Team Fortress 2 Dedicated Server\tf\addons\sourcemod\scripting\ff2_deathmatch.sp::BeLastMan()
L 06/11/2016 - 22:37:16: [SM] Native "ChangeClientTeam" reported: Client 11 is not in game
L 06/11/2016 - 22:37:16: [SM] Displaying call stack trace for plugin "ff2_deathmatch.smx":
L 06/11/2016 - 22:37:16: [SM]   [0]  Line 343, C:\ff2_ver2\steamapps\common\Team Fortress 2 Dedicated Server\tf\addons\sourcemod\scripting\include\tf2_stocks.inc::TF2_ChangeClientTeam()
L 06/11/2016 - 22:37:16: [SM]   [1]  Line 348, C:\ff2_ver2\steamapps\common\Team Fortress 2 Dedicated Server\tf\addons\sourcemod\scripting\ff2_deathmatch.sp::BeLastMan()
L 06/11/2016 - 22:37:17: [SM] Native "ChangeClientTeam" reported: Client 11 is not in game
L 06/11/2016 - 22:37:17: [SM] Displaying call stack trace for plugin "ff2_deathmatch.smx":
L 06/11/2016 - 22:37:17: [SM]   [0]  Line 343, C:\ff2_ver2\steamapps\common\Team Fortress 2 Dedicated Server\tf\addons\sourcemod\scripting\include\tf2_stocks.inc::TF2_ChangeClientTeam()
L 06/11/2016 - 22:37:17: [SM]   [1]  Line 348, C:\ff2_ver2\steamapps\common\Team Fortress 2 Dedicated Server\tf\addons\sourcemod\scripting\ff2_deathmatch.sp::BeLastMan()
L 06/11/2016 - 22:37:17: [SM] Native "ChangeClientTeam" reported: Client 11 is not in game
L 06/11/2016 - 22:37:17: [SM] Displaying call stack trace for plugin "ff2_deathmatch.smx":
L 06/11/2016 - 22:37:17: [SM]   [0]  Line 343, C:\ff2_ver2\steamapps\common\Team Fortress 2 Dedicated Server\tf\addons\sourcemod\scripting\include\tf2_stocks.inc::TF2_ChangeClientTeam()
L 06/11/2016 - 22:37:17: [SM]   [1]  Line 348, C:\ff2_ver2\steamapps\common\Team Fortress 2 Dedicated Server\tf\addons\sourcemod\scripting\ff2_deathmatch.sp::BeLastMan()
L 06/11/2016 - 22:37:17: [SM] Native "ChangeClientTeam" reported: Client 11 is not in game
L 06/11/2016 - 22:37:17: [SM] Displaying call stack trace for plugin "ff2_deathmatch.smx":
L 06/11/2016 - 22:37:17: [SM]   [0]  Line 343, C:\ff2_ver2\steamapps\common\Team Fortress 2 Dedicated Server\tf\addons\sourcemod\scripting\include\tf2_stocks.inc::TF2_ChangeClientTeam()
L 06/11/2016 - 22:37:17: [SM]   [1]  Line 348, C:\ff2_ver2\steamapps\common\Team Fortress 2 Dedicated Server\tf\addons\sourcemod\scripting\ff2_deathmatch.sp::BeLastMan()
L 06/11/2016 - 22:37:17: [SM] Native "ChangeClientTeam" reported: Client 11 is not in game
L 06/11/2016 - 22:37:17: [SM] Displaying call stack trace for plugin "ff2_deathmatch.smx":
L 06/11/2016 - 22:37:17: [SM]   [0]  Line 343, C:\ff2_ver2\steamapps\common\Team Fortress 2 Dedicated Server\tf\addons\sourcemod\scripting\include\tf2_stocks.inc::TF2_ChangeClientTeam()
L 06/11/2016 - 22:37:17: [SM]   [1]  Line 348, C:\ff2_ver2\steamapps\common\Team Fortress 2 Dedicated Server\tf\addons\sourcemod\scripting\ff2_deathmatch.sp::BeLastMan()
L 06/11/2016 - 22:37:17: [SM] Native "ChangeClientTeam" reported: Client 11 is not in game
L 06/11/2016 - 22:37:17: [SM] Displaying call stack trace for plugin "ff2_deathmatch.smx":
L 06/11/2016 - 22:37:17: [SM]   [0]  Line 343, C:\ff2_ver2\steamapps\common\Team Fortress 2 Dedicated Server\tf\addons\sourcemod\scripting\include\tf2_stocks.inc::TF2_ChangeClientTeam()
L 06/11/2016 - 22:37:17: [SM]   [1]  Line 348, C:\ff2_ver2\steamapps\common\Team Fortress 2 Dedicated Server\tf\addons\sourcemod\scripting\ff2_deathmatch.sp::BeLastMan()
L 06/11/2016 - 22:37:18: [SM] Native "ChangeClientTeam" reported: Client 11 is not in game
L 06/11/2016 - 22:37:18: [SM] Displaying call stack trace for plugin "ff2_deathmatch.smx":
L 06/11/2016 - 22:37:18: [SM]   [0]  Line 343, C:\ff2_ver2\steamapps\common\Team Fortress 2 Dedicated Server\tf\addons\sourcemod\scripting\include\tf2_stocks.inc::TF2_ChangeClientTeam()
L 06/11/2016 - 22:37:18: [SM]   [1]  Line 348, C:\ff2_ver2\steamapps\common\Team Fortress 2 Dedicated Server\tf\addons\sourcemod\scripting\ff2_deathmatch.sp::BeLastMan()
L 06/11/2016 - 22:37:18: [SM] Native "ChangeClientTeam" reported: Client 11 is not in game
L 06/11/2016 - 22:37:18: [SM] Displaying call stack trace for plugin "ff2_deathmatch.smx":
L 06/11/2016 - 22:37:18: [SM]   [0]  Line 343, C:\ff2_ver2\steamapps\common\Team Fortress 2 Dedicated Server\tf\addons\sourcemod\scripting\include\tf2_stocks.inc::TF2_ChangeClientTeam()
L 06/11/2016 - 22:37:18: [SM]   [1]  Line 348, C:\ff2_ver2\steamapps\common\Team Fortress 2 Dedicated Server\tf\addons\sourcemod\scripting\ff2_deathmatch.sp::BeLastMan()
L 06/11/2016 - 22:37:18: [SM] Native "ChangeClientTeam" reported: Client 11 is not in game
L 06/11/2016 - 22:37:18: [SM] Displaying call stack trace for plugin "ff2_deathmatch.smx":
L 06/11/2016 - 22:37:18: [SM]   [0]  Line 343, C:\ff2_ver2\steamapps\common\Team Fortress 2 Dedicated Server\tf\addons\sourcemod\scripting\include\tf2_stocks.inc::TF2_ChangeClientTeam()
L 06/11/2016 - 22:37:18: [SM]   [1]  Line 348, C:\ff2_ver2\steamapps\common\Team Fortress 2 Dedicated Server\tf\addons\sourcemod\scripting\ff2_deathmatch.sp::BeLastMan()
L 06/11/2016 - 22:37:18: [SM] Native "ChangeClientTeam" reported: Client 11 is not in game
L 06/11/2016 - 22:37:18: [SM] Displaying call stack trace for plugin "ff2_deathmatch.smx":
L 06/11/2016 - 22:37:18: [SM]   [0]  Line 343, C:\ff2_ver2\steamapps\common\Team Fortress 2 Dedicated Server\tf\addons\sourcemod\scripting\include\tf2_stocks.inc::TF2_ChangeClientTeam()
L 06/11/2016 - 22:37:18: [SM]   [1]  Line 348, C:\ff2_ver2\steamapps\common\Team Fortress 2 Dedicated Server\tf\addons\sourcemod\scripting\ff2_deathmatch.sp::BeLastMan()
L 06/11/2016 - 22:37:18: [SM] Native "ChangeClientTeam" reported: Client 11 is not in game
L 06/11/2016 - 22:37:18: [SM] Displaying call stack trace for plugin "ff2_deathmatch.smx":
L 06/11/2016 - 22:37:18: [SM]   [0]  Line 343, C:\ff2_ver2\steamapps\common\Team Fortress 2 Dedicated Server\tf\addons\sourcemod\scripting\include\tf2_stocks.inc::TF2_ChangeClientTeam()
L 06/11/2016 - 22:37:18: [SM]   [1]  Line 348, C:\ff2_ver2\steamapps\common\Team Fortress 2 Dedicated Server\tf\addons\sourcemod\scripting\ff2_deathmatch.sp::BeLastMan()
L 06/11/2016 - 22:37:19: [SM] Native "ChangeClientTeam" reported: Client 11 is not in game
L 06/11/2016 - 22:37:19: [SM] Displaying call stack trace for plugin "ff2_deathmatch.smx":
L 06/11/2016 - 22:37:19: [SM]   [0]  Line 343, C:\ff2_ver2\steamapps\common\Team Fortress 2 Dedicated Server\tf\addons\sourcemod\scripting\include\tf2_stocks.inc::TF2_ChangeClientTeam()
L 06/11/2016 - 22:37:19: [SM]   [1]  Line 348, C:\ff2_ver2\steamapps\common\Team Fortress 2 Dedicated Server\tf\addons\sourcemod\scripting\ff2_deathmatch.sp::BeLastMan()
L 06/11/2016 - 22:37:19: [SM] Native "ChangeClientTeam" reported: Client 11 is not in game
L 06/11/2016 - 22:37:19: [SM] Displaying call stack trace for plugin "ff2_deathmatch.smx":
L 06/11/2016 - 22:37:19: [SM]   [0]  Line 343, C:\ff2_ver2\steamapps\common\Team Fortress 2 Dedicated Server\tf\addons\sourcemod\scripting\include\tf2_stocks.inc::TF2_ChangeClientTeam()
L 06/11/2016 - 22:37:19: [SM]   [1]  Line 348, C:\ff2_ver2\steamapps\common\Team Fortress 2 Dedicated Server\tf\addons\sourcemod\scripting\ff2_deathmatch.sp::BeLastMan()
L 06/11/2016 - 22:37:19: [SM] Native "ChangeClientTeam" reported: Client 11 is not in game
L 06/11/2016 - 22:37:19: [SM] Displaying call stack trace for plugin "ff2_deathmatch.smx":
L 06/11/2016 - 22:37:19: [SM]   [0]  Line 343, C:\ff2_ver2\steamapps\common\Team Fortress 2 Dedicated Server\tf\addons\sourcemod\scripting\include\tf2_stocks.inc::TF2_ChangeClientTeam()
L 06/11/2016 - 22:37:19: [SM]   [1]  Line 348, C:\ff2_ver2\steamapps\common\Team Fortress 2 Dedicated Server\tf\addons\sourcemod\scripting\ff2_deathmatch.sp::BeLastMan()
L 06/11/2016 - 22:37:19: [SM] Native "ChangeClientTeam" reported: Client 11 is not in game
L 06/11/2016 - 22:37:19: [SM] Displaying call stack trace for plugin "ff2_deathmatch.smx":
L 06/11/2016 - 22:37:19: [SM]   [0]  Line 343, C:\ff2_ver2\steamapps\common\Team Fortress 2 Dedicated Server\tf\addons\sourcemod\scripting\include\tf2_stocks.inc::TF2_ChangeClientTeam()
L 06/11/2016 - 22:37:19: [SM]   [1]  Line 348, C:\ff2_ver2\steamapps\common\Team Fortress 2 Dedicated Server\tf\addons\sourcemod\scripting\ff2_deathmatch.sp::BeLastMan()
L 06/11/2016 - 22:37:19: [SM] Native "ChangeClientTeam" reported: Client 11 is not in game
L 06/11/2016 - 22:37:19: [SM] Displaying call stack trace for plugin "ff2_deathmatch.smx":
L 06/11/2016 - 22:37:19: [SM]   [0]  Line 343, C:\ff2_ver2\steamapps\common\Team Fortress 2 Dedicated Server\tf\addons\sourcemod\scripting\include\tf2_stocks.inc::TF2_ChangeClientTeam()
L 06/11/2016 - 22:37:19: [SM]   [1]  Line 348, C:\ff2_ver2\steamapps\common\Team Fortress 2 Dedicated Server\tf\addons\sourcemod\scripting\ff2_deathmatch.sp::BeLastMan()
L 06/11/2016 - 22:37:19: [SM] Native "ChangeClientTeam" reported: Client 11 is not in game
L 06/11/2016 - 22:37:19: [SM] Displaying call stack trace for plugin "ff2_deathmatch.smx":
L 06/11/2016 - 22:37:19: [SM]   [0]  Line 343, C:\ff2_ver2\steamapps\common\Team Fortress 2 Dedicated Server\tf\addons\sourcemod\scripting\include\tf2_stocks.inc::TF2_ChangeClientTeam()
L 06/11/2016 - 22:37:19: [SM]   [1]  Line 348, C:\ff2_ver2\steamapps\common\Team Fortress 2 Dedicated Server\tf\addons\sourcemod\scripting\ff2_deathmatch.sp::BeLastMan()
L 06/11/2016 - 22:37:20: [SM] Native "ChangeClientTeam" reported: Client 11 is not in game
L 06/11/2016 - 22:37:20: [SM] Displaying call stack trace for plugin "ff2_deathmatch.smx":
L 06/11/2016 - 22:37:20: [SM]   [0]  Line 343, C:\ff2_ver2\steamapps\common\Team Fortress 2 Dedicated Server\tf\addons\sourcemod\scripting\include\tf2_stocks.inc::TF2_ChangeClientTeam()
L 06/11/2016 - 22:37:20: [SM]   [1]  Line 348, C:\ff2_ver2\steamapps\common\Team Fortress 2 Dedicated Server\tf\addons\sourcemod\scripting\ff2_deathmatch.sp::BeLastMan()
L 06/11/2016 - 22:37:20: [SM] Native "ChangeClientTeam" reported: Client 11 is not in game
L 06/11/2016 - 22:37:20: [SM] Displaying call stack trace for plugin "ff2_deathmatch.smx":
L 06/11/2016 - 22:37:20: [SM]   [0]  Line 343, C:\ff2_ver2\steamapps\common\Team Fortress 2 Dedicated Server\tf\addons\sourcemod\scripting\include\tf2_stocks.inc::TF2_ChangeClientTeam()
L 06/11/2016 - 22:37:20: [SM]   [1]  Line 348, C:\ff2_ver2\steamapps\common\Team Fortress 2 Dedicated Server\tf\addons\sourcemod\scripting\ff2_deathmatch.sp::BeLastMan()
L 06/11/2016 - 22:37:20: [SM] Native "ChangeClientTeam" reported: Client 11 is not in game
L 06/11/2016 - 22:37:20: [SM] Displaying call stack trace for plugin "ff2_deathmatch.smx":
L 06/11/2016 - 22:37:20: [SM]   [0]  Line 343, C:\ff2_ver2\steamapps\common\Team Fortress 2 Dedicated Server\tf\addons\sourcemod\scripting\include\tf2_stocks.inc::TF2_ChangeClientTeam()
L 06/11/2016 - 22:37:20: [SM]   [1]  Line 348, C:\ff2_ver2\steamapps\common\Team Fortress 2 Dedicated Server\tf\addons\sourcemod\scripting\ff2_deathmatch.sp::BeLastMan()
L 06/11/2016 - 22:37:20: [SM] Native "ChangeClientTeam" reported: Client 11 is not in game
L 06/11/2016 - 22:37:20: [SM] Displaying call stack trace for plugin "ff2_deathmatch.smx":
L 06/11/2016 - 22:37:20: [SM]   [0]  Line 343, C:\ff2_ver2\steamapps\common\Team Fortress 2 Dedicated Server\tf\addons\sourcemod\scripting\include\tf2_stocks.inc::TF2_ChangeClientTeam()
L 06/11/2016 - 22:37:20: [SM]   [1]  Line 348, C:\ff2_ver2\steamapps\common\Team Fortress 2 Dedicated Server\tf\addons\sourcemod\scripting\ff2_deathmatch.sp::BeLastMan()
L 06/11/2016 - 22:37:20: [SM] Native "ChangeClientTeam" reported: Client 11 is not in game
L 06/11/2016 - 22:37:20: [SM] Displaying call stack trace for plugin "ff2_deathmatch.smx":
L 06/11/2016 - 22:37:20: [SM]   [0]  Line 343, C:\ff2_ver2\steamapps\common\Team Fortress 2 Dedicated Server\tf\addons\sourcemod\scripting\include\tf2_stocks.inc::TF2_ChangeClientTeam()
L 06/11/2016 - 22:37:20: [SM]   [1]  Line 348, C:\ff2_ver2\steamapps\common\Team Fortress 2 Dedicated Server\tf\addons\sourcemod\scripting\ff2_deathmatch.sp::BeLastMan()
L 06/11/2016 - 22:37:21: [SM] Native "ChangeClientTeam" reported: Client 11 is not in game
L 06/11/2016 - 22:37:21: [SM] Displaying call stack trace for plugin "ff2_deathmatch.smx":
L 06/11/2016 - 22:37:21: [SM]   [0]  Line 343, C:\ff2_ver2\steamapps\common\Team Fortress 2 Dedicated Server\tf\addons\sourcemod\scripting\include\tf2_stocks.inc::TF2_ChangeClientTeam()
L 06/11/2016 - 22:37:21: [SM]   [1]  Line 348, C:\ff2_ver2\steamapps\common\Team Fortress 2 Dedicated Server\tf\addons\sourcemod\scripting\ff2_deathmatch.sp::BeLastMan()
L 06/11/2016 - 22:37:21: [SM] Native "ChangeClientTeam" reported: Client 11 is not in game
L 06/11/2016 - 22:37:21: [SM] Displaying call stack trace for plugin "ff2_deathmatch.smx":
L 06/11/2016 - 22:37:21: [SM]   [0]  Line 343, C:\ff2_ver2\steamapps\common\Team Fortress 2 Dedicated Server\tf\addons\sourcemod\scripting\include\tf2_stocks.inc::TF2_ChangeClientTeam()
L 06/11/2016 - 22:37:21: [SM]   [1]  Line 348, C:\ff2_ver2\steamapps\common\Team Fortress 2 Dedicated Server\tf\addons\sourcemod\scripting\ff2_deathmatch.sp::BeLastMan()
L 06/11/2016 - 22:37:21: [SM] Native "ChangeClientTeam" reported: Client 11 is not in game
L 06/11/2016 - 22:37:21: [SM] Displaying call stack trace for plugin "ff2_deathmatch.smx":
L 06/11/2016 - 22:37:21: [SM]   [0]  Line 343, C:\ff2_ver2\steamapps\common\Team Fortress 2 Dedicated Server\tf\addons\sourcemod\scripting\include\tf2_stocks.inc::TF2_ChangeClientTeam()
L 06/11/2016 - 22:37:21: [SM]   [1]  Line 348, C:\ff2_ver2\steamapps\common\Team Fortress 2 Dedicated Server\tf\addons\sourcemod\scripting\ff2_deathmatch.sp::BeLastMan()
L 06/11/2016 - 22:37:21: [SM] Native "ChangeClientTeam" reported: Client 11 is not in game
L 06/11/2016 - 22:37:21: [SM] Displaying call stack trace for plugin "ff2_deathmatch.smx":
L 06/11/2016 - 22:37:21: [SM]   [0]  Line 343, C:\ff2_ver2\steamapps\common\Team Fortress 2 Dedicated Server\tf\addons\sourcemod\scripting\include\tf2_stocks.inc::TF2_ChangeClientTeam()
L 06/11/2016 - 22:37:21: [SM]   [1]  Line 348, C:\ff2_ver2\steamapps\common\Team Fortress 2 Dedicated Server\tf\addons\sourcemod\scripting\ff2_deathmatch.sp::BeLastMan()
L 06/11/2016 - 22:37:21: [SM] Native "ChangeClientTeam" reported: Client 11 is not in game
L 06/11/2016 - 22:37:21: [SM] Displaying call stack trace for plugin "ff2_deathmatch.smx":
L 06/11/2016 - 22:37:21: [SM]   [0]  Line 343, C:\ff2_ver2\steamapps\common\Team Fortress 2 Dedicated Server\tf\addons\sourcemod\scripting\include\tf2_stocks.inc::TF2_ChangeClientTeam()
L 06/11/2016 - 22:37:21: [SM]   [1]  Line 348, C:\ff2_ver2\steamapps\common\Team Fortress 2 Dedicated Server\tf\addons\sourcemod\scripting\ff2_deathmatch.sp::BeLastMan()
L 06/11/2016 - 22:37:21: [SM] Native "ChangeClientTeam" reported: Client 11 is not in game
L 06/11/2016 - 22:37:21: [SM] Displaying call stack trace for plugin "ff2_deathmatch.smx":
L 06/11/2016 - 22:37:21: [SM]   [0]  Line 343, C:\ff2_ver2\steamapps\common\Team Fortress 2 Dedicated Server\tf\addons\sourcemod\scripting\include\tf2_stocks.inc::TF2_ChangeClientTeam()
L 06/11/2016 - 22:37:22: [SM]   [1]  Line 348, C:\ff2_ver2\steamapps\common\Team Fortress 2 Dedicated Server\tf\addons\sourcemod\scripting\ff2_deathmatch.sp::BeLastMan()
L 06/11/2016 - 22:37:22: [SM] Native "ChangeClientTeam" reported: Client 11 is not in game
L 06/11/2016 - 22:37:22: [SM] Displaying call stack trace for plugin "ff2_deathmatch.smx":
L 06/11/2016 - 22:37:22: [SM]   [0]  Line 343, C:\ff2_ver2\steamapps\common\Team Fortress 2 Dedicated Server\tf\addons\sourcemod\scripting\include\tf2_stocks.inc::TF2_ChangeClientTeam()
L 06/11/2016 - 22:37:22: [SM]   [1]  Line 348, C:\ff2_ver2\steamapps\common\Team Fortress 2 Dedicated Server\tf\addons\sourcemod\scripting\ff2_deathmatch.sp::BeLastMan()
L 06/11/2016 - 22:37:22: [SM] Native "ChangeClientTeam" reported: Client 11 is not in game
L 06/11/2016 - 22:37:22: [SM] Displaying call stack trace for plugin "ff2_deathmatch.smx":
L 06/11/2016 - 22:37:22: [SM]   [0]  Line 343, C:\ff2_ver2\steamapps\common\Team Fortress 2 Dedicated Server\tf\addons\sourcemod\scripting\include\tf2_stocks.inc::TF2_ChangeClientTeam()
L 06/11/2016 - 22:37:22: [SM]   [1]  Line 348, C:\ff2_ver2\steamapps\common\Team Fortress 2 Dedicated Server\tf\addons\sourcemod\scripting\ff2_deathmatch.sp::BeLastMan()
L 06/11/2016 - 22:37:22: [SM] Native "ChangeClientTeam" reported: Client 11 is not in game
L 06/11/2016 - 22:37:22: [SM] Displaying call stack trace for plugin "ff2_deathmatch.smx":
L 06/11/2016 - 22:37:22: [SM]   [0]  Line 343, C:\ff2_ver2\steamapps\common\Team Fortress 2 Dedicated Server\tf\addons\sourcemod\scripting\include\tf2_stocks.inc::TF2_ChangeClientTeam()
L 06/11/2016 - 22:37:22: [SM]   [1]  Line 348, C:\ff2_ver2\steamapps\common\Team Fortress 2 Dedicated Server\tf\addons\sourcemod\scripting\ff2_deathmatch.sp::BeLastMan()
L 06/11/2016 - 22:37:22: [SM] Native "ChangeClientTeam" reported: Client 11 is not in game
L 06/11/2016 - 22:37:22: [SM] Displaying call stack trace for plugin "ff2_deathmatch.smx":
L 06/11/2016 - 22:37:22: [SM]   [0]  Line 343, C:\ff2_ver2\steamapps\common\Team Fortress 2 Dedicated Server\tf\addons\sourcemod\scripting\include\tf2_stocks.inc::TF2_ChangeClientTeam()
L 06/11/2016 - 22:37:22: [SM]   [1]  Line 348, C:\ff2_ver2\steamapps\common\Team Fortress 2 Dedicated Server\tf\addons\sourcemod\scripting\ff2_deathmatch.sp::BeLastMan()
L 06/11/2016 - 22:37:22: [SM] Native "ChangeClientTeam" reported: Client 11 is not in game
L 06/11/2016 - 22:37:22: [SM] Displaying call stack trace for plugin "ff2_deathmatch.smx":
L 06/11/2016 - 22:37:22: [SM]   [0]  Line 343, C:\ff2_ver2\steamapps\common\Team Fortress 2 Dedicated Server\tf\addons\sourcemod\scripting\include\tf2_stocks.inc::TF2_ChangeClientTeam()
L 06/11/2016 - 22:37:22: [SM]   [1]  Line 348, C:\ff2_ver2\steamapps\common\Team Fortress 2 Dedicated Server\tf\addons\sourcemod\scripting\ff2_deathmatch.sp::BeLastMan()
L 06/11/2016 - 22:37:23: [SM] Native "ChangeClientTeam" reported: Client 11 is not in game
L 06/11/2016 - 22:37:23: [SM] Displaying call stack trace for plugin "ff2_deathmatch.smx":
L 06/11/2016 - 22:37:23: [SM]   [0]  Line 343, C:\ff2_ver2\steamapps\common\Team Fortress 2 Dedicated Server\tf\addons\sourcemod\scripting\include\tf2_stocks.inc::TF2_ChangeClientTeam()
L 06/11/2016 - 22:37:23: [SM]   [1]  Line 348, C:\ff2_ver2\steamapps\common\Team Fortress 2 Dedicated Server\tf\addons\sourcemod\scripting\ff2_deathmatch.sp::BeLastMan()
L 06/11/2016 - 22:37:23: [SM] Native "ChangeClientTeam" reported: Client 11 is not in game
L 06/11/2016 - 22:37:23: [SM] Displaying call stack trace for plugin "ff2_deathmatch.smx":
L 06/11/2016 - 22:37:23: [SM]   [0]  Line 343, C:\ff2_ver2\steamapps\common\Team Fortress 2 Dedicated Server\tf\addons\sourcemod\scripting\include\tf2_stocks.inc::TF2_ChangeClientTeam()
L 06/11/2016 - 22:37:23: [SM]   [1]  Line 348, C:\ff2_ver2\steamapps\common\Team Fortress 2 Dedicated Server\tf\addons\sourcemod\scripting\ff2_deathmatch.sp::BeLastMan()
L 06/11/2016 - 22:37:23: [SM] Native "ChangeClientTeam" reported: Client 11 is not in game
L 06/11/2016 - 22:37:23: [SM] Displaying call stack trace for plugin "ff2_deathmatch.smx":
L 06/11/2016 - 22:37:23: [SM]   [0]  Line 343, C:\ff2_ver2\steamapps\common\Team Fortress 2 Dedicated Server\tf\addons\sourcemod\scripting\include\tf2_stocks.inc::TF2_ChangeClientTeam()
L 06/11/2016 - 22:37:23: [SM]   [1]  Line 348, C:\ff2_ver2\steamapps\common\Team Fortress 2 Dedicated Server\tf\addons\sourcemod\scripting\ff2_deathmatch.sp::BeLastMan()
L 06/11/2016 - 22:37:23: [SM] Native "ChangeClientTeam" reported: Client 11 is not in game
L 06/11/2016 - 22:37:23: [SM] Displaying call stack trace for plugin "ff2_deathmatch.smx":
L 06/11/2016 - 22:37:23: [SM]   [0]  Line 343, C:\ff2_ver2\steamapps\common\Team Fortress 2 Dedicated Server\tf\addons\sourcemod\scripting\include\tf2_stocks.inc::TF2_ChangeClientTeam()
L 06/11/2016 - 22:37:23: [SM]   [1]  Line 348, C:\ff2_ver2\steamapps\common\Team Fortress 2 Dedicated Server\tf\addons\sourcemod\scripting\ff2_deathmatch.sp::BeLastMan()
L 06/11/2016 - 22:37:23: [SM] Native "ChangeClientTeam" reported: Client 11 is not in game
L 06/11/2016 - 22:37:23: [SM] Displaying call stack trace for plugin "ff2_deathmatch.smx":
L 06/11/2016 - 22:37:23: [SM]   [0]  Line 343, C:\ff2_ver2\steamapps\common\Team Fortress 2 Dedicated Server\tf\addons\sourcemod\scripting\include\tf2_stocks.inc::TF2_ChangeClientTeam()
L 06/11/2016 - 22:37:23: [SM]   [1]  Line 348, C:\ff2_ver2\steamapps\common\Team Fortress 2 Dedicated Server\tf\addons\sourcemod\scripting\ff2_deathmatch.sp::BeLastMan()
L 06/11/2016 - 22:37:23: [SM] Native "ChangeClientTeam" reported: Client 11 is not in game
L 06/11/2016 - 22:37:23: [SM] Displaying call stack trace for plugin "ff2_deathmatch.smx":
L 06/11/2016 - 22:37:23: [SM]   [0]  Line 343, C:\ff2_ver2\steamapps\common\Team Fortress 2 Dedicated Server\tf\addons\sourcemod\scripting\include\tf2_stocks.inc::TF2_ChangeClientTeam()
L 06/11/2016 - 22:37:23: [SM]   [1]  Line 348, C:\ff2_ver2\steamapps\common\Team Fortress 2 Dedicated Server\tf\addons\sourcemod\scripting\ff2_deathmatch.sp::BeLastMan()
L 06/11/2016 - 22:37:24: [SM] Native "ChangeClientTeam" reported: Client 11 is not in game
L 06/11/2016 - 22:37:24: [SM] Displaying call stack trace for plugin "ff2_deathmatch.smx":
L 06/11/2016 - 22:37:24: [SM]   [0]  Line 343, C:\ff2_ver2\steamapps\common\Team Fortress 2 Dedicated Server\tf\addons\sourcemod\scripting\include\tf2_stocks.inc::TF2_ChangeClientTeam()
L 06/11/2016 - 22:37:24: [SM]   [1]  Line 348, C:\ff2_ver2\steamapps\common\Team Fortress 2 Dedicated Server\tf\addons\sourcemod\scripting\ff2_deathmatch.sp::BeLastMan()
L 06/11/2016 - 22:37:24: [SM] Native "ChangeClientTeam" reported: Client 11 is not in game
L 06/11/2016 - 22:37:24: [SM] Displaying call stack trace for plugin "ff2_deathmatch.smx":
L 06/11/2016 - 22:37:24: [SM]   [0]  Line 343, C:\ff2_ver2\steamapps\common\Team Fortress 2 Dedicated Server\tf\addons\sourcemod\scripting\include\tf2_stocks.inc::TF2_ChangeClientTeam()
L 06/11/2016 - 22:37:24: [SM]   [1]  Line 348, C:\ff2_ver2\steamapps\common\Team Fortress 2 Dedicated Server\tf\addons\sourcemod\scripting\ff2_deathmatch.sp::BeLastMan()
L 06/11/2016 - 22:37:24: [SM] Native "ChangeClientTeam" reported: Client 11 is not in game
L 06/11/2016 - 22:37:24: [SM] Displaying call stack trace for plugin "ff2_deathmatch.smx":
L 06/11/2016 - 22:37:24: [SM]   [0]  Line 343, C:\ff2_ver2\steamapps\common\Team Fortress 2 Dedicated Server\tf\addons\sourcemod\scripting\include\tf2_stocks.inc::TF2_ChangeClientTeam()
L 06/11/2016 - 22:37:24: [SM]   [1]  Line 348, C:\ff2_ver2\steamapps\common\Team Fortress 2 Dedicated Server\tf\addons\sourcemod\scripting\ff2_deathmatch.sp::BeLastMan()
L 06/11/2016 - 22:37:24: [SM] Native "ChangeClientTeam" reported: Client 11 is not in game
L 06/11/2016 - 22:37:24: [SM] Displaying call stack trace for plugin "ff2_deathmatch.smx":
L 06/11/2016 - 22:37:24: [SM]   [0]  Line 343, C:\ff2_ver2\steamapps\common\Team Fortress 2 Dedicated Server\tf\addons\sourcemod\scripting\include\tf2_stocks.inc::TF2_ChangeClientTeam()
L 06/11/2016 - 22:37:24: [SM]   [1]  Line 348, C:\ff2_ver2\steamapps\common\Team Fortress 2 Dedicated Server\tf\addons\sourcemod\scripting\ff2_deathmatch.sp::BeLastMan()
L 06/11/2016 - 22:37:24: [SM] Native "ChangeClientTeam" reported: Client 11 is not in game
L 06/11/2016 - 22:37:24: [SM] Displaying call stack trace for plugin "ff2_deathmatch.smx":
L 06/11/2016 - 22:37:24: [SM]   [0]  Line 343, C:\ff2_ver2\steamapps\common\Team Fortress 2 Dedicated Server\tf\addons\sourcemod\scripting\include\tf2_stocks.inc::TF2_ChangeClientTeam()
L 06/11/2016 - 22:37:24: [SM]   [1]  Line 348, C:\ff2_ver2\steamapps\common\Team Fortress 2 Dedicated Server\tf\addons\sourcemod\scripting\ff2_deathmatch.sp::BeLastMan()
L 06/11/2016 - 22:37:25: [SM] Native "ChangeClientTeam" reported: Client 11 is not in game
L 06/11/2016 - 22:37:25: [SM] Displaying call stack trace for plugin "ff2_deathmatch.smx":
L 06/11/2016 - 22:37:25: [SM]   [0]  Line 343, C:\ff2_ver2\steamapps\common\Team Fortress 2 Dedicated Server\tf\addons\sourcemod\scripting\include\tf2_stocks.inc::TF2_ChangeClientTeam()
L 06/11/2016 - 22:37:25: [SM]   [1]  Line 348, C:\ff2_ver2\steamapps\common\Team Fortress 2 Dedicated Server\tf\addons\sourcemod\scripting\ff2_deathmatch.sp::BeLastMan()
L 06/11/2016 - 22:37:25: [SM] Native "ChangeClientTeam" reported: Client 11 is not in game
L 06/11/2016 - 22:37:25: [SM] Displaying call stack trace for plugin "ff2_deathmatch.smx":
L 06/11/2016 - 22:37:25: [SM]   [0]  Line 343, C:\ff2_ver2\steamapps\common\Team Fortress 2 Dedicated Server\tf\addons\sourcemod\scripting\include\tf2_stocks.inc::TF2_ChangeClientTeam()
L 06/11/2016 - 22:37:25: [SM]   [1]  Line 348, C:\ff2_ver2\steamapps\common\Team Fortress 2 Dedicated Server\tf\addons\sourcemod\scripting\ff2_deathmatch.sp::BeLastMan()
L 06/11/2016 - 22:37:25: [SM] Native "ChangeClientTeam" reported: Client 11 is not in game
L 06/11/2016 - 22:37:25: [SM] Displaying call stack trace for plugin "ff2_deathmatch.smx":
L 06/11/2016 - 22:37:25: [SM]   [0]  Line 343, C:\ff2_ver2\steamapps\common\Team Fortress 2 Dedicated Server\tf\addons\sourcemod\scripting\include\tf2_stocks.inc::TF2_ChangeClientTeam()
L 06/11/2016 - 22:37:25: [SM]   [1]  Line 348, C:\ff2_ver2\steamapps\common\Team Fortress 2 Dedicated Server\tf\addons\sourcemod\scripting\ff2_deathmatch.sp::BeLastMan()
L 06/11/2016 - 22:37:25: [SM] Native "ChangeClientTeam" reported: Client 11 is not in game
L 06/11/2016 - 22:37:25: [SM] Displaying call stack trace for plugin "ff2_deathmatch.smx":
L 06/11/2016 - 22:37:25: [SM]   [0]  Line 343, C:\ff2_ver2\steamapps\common\Team Fortress 2 Dedicated Server\tf\addons\sourcemod\scripting\include\tf2_stocks.inc::TF2_ChangeClientTeam()
L 06/11/2016 - 22:37:25: [SM]   [1]  Line 348, C:\ff2_ver2\steamapps\common\Team Fortress 2 Dedicated Server\tf\addons\sourcemod\scripting\ff2_deathmatch.sp::BeLastMan()
L 06/11/2016 - 22:37:25: [SM] Native "ChangeClientTeam" reported: Client 11 is not in game
L 06/11/2016 - 22:37:25: [SM] Displaying call stack trace for plugin "ff2_deathmatch.smx":
L 06/11/2016 - 22:37:25: [SM]   [0]  Line 343, C:\ff2_ver2\steamapps\common\Team Fortress 2 Dedicated Server\tf\addons\sourcemod\scripting\include\tf2_stocks.inc::TF2_ChangeClientTeam()
L 06/11/2016 - 22:37:25: [SM]   [1]  Line 348, C:\ff2_ver2\steamapps\common\Team Fortress 2 Dedicated Server\tf\addons\sourcemod\scripting\ff2_deathmatch.sp::BeLastMan()
L 06/11/2016 - 22:37:26: [SM] Native "ChangeClientTeam" reported: Client 11 is not in game
L 06/11/2016 - 22:37:26: [SM] Displaying call stack trace for plugin "ff2_deathmatch.smx":
L 06/11/2016 - 22:37:26: [SM]   [0]  Line 343, C:\ff2_ver2\steamapps\common\Team Fortress 2 Dedicated Server\tf\addons\sourcemod\scripting\include\tf2_stocks.inc::TF2_ChangeClientTeam()
L 06/11/2016 - 22:37:26: [SM]   [1]  Line 348, C:\ff2_ver2\steamapps\common\Team Fortress 2 Dedicated Server\tf\addons\sourcemod\scripting\ff2_deathmatch.sp::BeLastMan()
L 06/11/2016 - 22:37:26: [SM] Native "ChangeClientTeam" reported: Client 11 is not in game
L 06/11/2016 - 22:37:26: [SM] Displaying call stack trace for plugin "ff2_deathmatch.smx":
L 06/11/2016 - 22:37:26: [SM]   [0]  Line 343, C:\ff2_ver2\steamapps\common\Team Fortress 2 Dedicated Server\tf\addons\sourcemod\scripting\include\tf2_stocks.inc::TF2_ChangeClientTeam()
L 06/11/2016 - 22:37:26: [SM]   [1]  Line 348, C:\ff2_ver2\steamapps\common\Team Fortress 2 Dedicated Server\tf\addons\sourcemod\scripting\ff2_deathmatch.sp::BeLastMan()
L 06/11/2016 - 22:37:26: [SM] Native "ChangeClientTeam" reported: Client 11 is not in game
L 06/11/2016 - 22:37:26: [SM] Displaying call stack trace for plugin "ff2_deathmatch.smx":
L 06/11/2016 - 22:37:26: [SM]   [0]  Line 343, C:\ff2_ver2\steamapps\common\Team Fortress 2 Dedicated Server\tf\addons\sourcemod\scripting\include\tf2_stocks.inc::TF2_ChangeClientTeam()
L 06/11/2016 - 22:37:26: [SM]   [1]  Line 348, C:\ff2_ver2\steamapps\common\Team Fortress 2 Dedicated Server\tf\addons\sourcemod\scripting\ff2_deathmatch.sp::BeLastMan()
L 06/11/2016 - 22:37:26: [SM] Native "ChangeClientTeam" reported: Client 11 is not in game
L 06/11/2016 - 22:37:26: [SM] Displaying call stack trace for plugin "ff2_deathmatch.smx":
L 06/11/2016 - 22:37:26: [SM]   [0]  Line 343, C:\ff2_ver2\steamapps\common\Team Fortress 2 Dedicated Server\tf\addons\sourcemod\scripting\include\tf2_stocks.inc::TF2_ChangeClientTeam()
L 06/11/2016 - 22:37:26: [SM]   [1]  Line 348, C:\ff2_ver2\steamapps\common\Team Fortress 2 Dedicated Server\tf\addons\sourcemod\scripting\ff2_deathmatch.sp::BeLastMan()
L 06/11/2016 - 22:37:26: [SM] Native "ChangeClientTeam" reported: Client 11 is not in game
L 06/11/2016 - 22:37:26: [SM] Displaying call stack trace for plugin "ff2_deathmatch.smx":
L 06/11/2016 - 22:37:26: [SM]   [0]  Line 343, C:\ff2_ver2\steamapps\common\Team Fortress 2 Dedicated Server\tf\addons\sourcemod\scripting\include\tf2_stocks.inc::TF2_ChangeClientTeam()
L 06/11/2016 - 22:37:26: [SM]   [1]  Line 348, C:\ff2_ver2\steamapps\common\Team Fortress 2 Dedicated Server\tf\addons\sourcemod\scripting\ff2_deathmatch.sp::BeLastMan()
L 06/11/2016 - 22:37:26: [SM] Native "ChangeClientTeam" reported: Client 11 is not in game
L 06/11/2016 - 22:37:26: [SM] Displaying call stack trace for plugin "ff2_deathmatch.smx":
L 06/11/2016 - 22:37:26: [SM]   [0]  Line 343, C:\ff2_ver2\steamapps\common\Team Fortress 2 Dedicated Server\tf\addons\sourcemod\scripting\include\tf2_stocks.inc::TF2_ChangeClientTeam()
L 06/11/2016 - 22:37:26: [SM]   [1]  Line 348, C:\ff2_ver2\steamapps\common\Team Fortress 2 Dedicated Server\tf\addons\sourcemod\scripting\ff2_deathmatch.sp::BeLastMan()
L 06/11/2016 - 22:37:26: [SM] Native "ChangeClientTeam" reported: Client 11 is not in game
L 06/11/2016 - 22:37:26: [SM] Displaying call stack trace for plugin "ff2_deathmatch.smx":
L 06/11/2016 - 22:37:26: [SM]   [0]  Line 343, C:\ff2_ver2\steamapps\common\Team Fortress 2 Dedicated Server\tf\addons\sourcemod\scripting\include\tf2_stocks.inc::TF2_ChangeClientTeam()
L 06/11/2016 - 22:37:26: [SM]   [1]  Line 348, C:\ff2_ver2\steamapps\common\Team Fortress 2 Dedicated Server\tf\addons\sourcemod\scripting\ff2_deathmatch.sp::BeLastMan()
L 06/11/2016 - 22:37:26: [SM] Native "ChangeClientTeam" reported: Client 11 is not in game
L 06/11/2016 - 22:37:26: [SM] Displaying call stack trace for plugin "ff2_deathmatch.smx":
L 06/11/2016 - 22:37:26: [SM]   [0]  Line 343, C:\ff2_ver2\steamapps\common\Team Fortress 2 Dedicated Server\tf\addons\sourcemod\scripting\include\tf2_stocks.inc::TF2_ChangeClientTeam()
L 06/11/2016 - 22:37:26: [SM]   [1]  Line 348, C:\ff2_ver2\steamapps\common\Team Fortress 2 Dedicated Server\tf\addons\sourcemod\scripting\ff2_deathmatch.sp::BeLastMan()
L 06/11/2016 - 22:37:26: [SM] Native "ChangeClientTeam" reported: Client 11 is not in game
L 06/11/2016 - 22:37:26: [SM] Displaying call stack trace for plugin "ff2_deathmatch.smx":
L 06/11/2016 - 22:37:26: [SM]   [0]  Line 343, C:\ff2_ver2\steamapps\common\Team Fortress 2 Dedicated Server\tf\addons\sourcemod\scripting\include\tf2_stocks.inc::TF2_ChangeClientTeam()
L 06/11/2016 - 22:37:26: [SM]   [1]  Line 348, C:\ff2_ver2\steamapps\common\Team Fortress 2 Dedicated Server\tf\addons\sourcemod\scripting\ff2_deathmatch.sp::BeLastMan()
L 06/11/2016 - 22:37:27: [SM] Native "ChangeClientTeam" reported: Client 11 is not in game
L 06/11/2016 - 22:37:27: [SM] Displaying call stack trace for plugin "ff2_deathmatch.smx":
L 06/11/2016 - 22:37:27: [SM]   [0]  Line 343, C:\ff2_ver2\steamapps\common\Team Fortress 2 Dedicated Server\tf\addons\sourcemod\scripting\include\tf2_stocks.inc::TF2_ChangeClientTeam()
L 06/11/2016 - 22:37:27: [SM]   [1]  Line 348, C:\ff2_ver2\steamapps\common\Team Fortress 2 Dedicated Server\tf\addons\sourcemod\scripting\ff2_deathmatch.sp::BeLastMan()
L 06/11/2016 - 22:37:27: [SM] Native "ChangeClientTeam" reported: Client 11 is not in game
L 06/11/2016 - 22:37:27: [SM] Displaying call stack trace for plugin "ff2_deathmatch.smx":
L 06/11/2016 - 22:37:27: [SM]   [0]  Line 343, C:\ff2_ver2\steamapps\common\Team Fortress 2 Dedicated Server\tf\addons\sourcemod\scripting\include\tf2_stocks.inc::TF2_ChangeClientTeam()
L 06/11/2016 - 22:37:27: [SM]   [1]  Line 348, C:\ff2_ver2\steamapps\common\Team Fortress 2 Dedicated Server\tf\addons\sourcemod\scripting\ff2_deathmatch.sp::BeLastMan()
L 06/11/2016 - 22:37:27: [SM] Native "ChangeClientTeam" reported: Client 11 is not in game
L 06/11/2016 - 22:37:27: [SM] Displaying call stack trace for plugin "ff2_deathmatch.smx":
L 06/11/2016 - 22:37:27: [SM]   [0]  Line 343, C:\ff2_ver2\steamapps\common\Team Fortress 2 Dedicated Server\tf\addons\sourcemod\scripting\include\tf2_stocks.inc::TF2_ChangeClientTeam()
L 06/11/2016 - 22:37:27: [SM]   [1]  Line 348, C:\ff2_ver2\steamapps\common\Team Fortress 2 Dedicated Server\tf\addons\sourcemod\scripting\ff2_deathmatch.sp::BeLastMan()
L 06/11/2016 - 22:37:27: [SM] Native "ChangeClientTeam" reported: Client 11 is not in game
L 06/11/2016 - 22:37:27: [SM] Displaying call stack trace for plugin "ff2_deathmatch.smx":
L 06/11/2016 - 22:37:27: [SM]   [0]  Line 343, C:\ff2_ver2\steamapps\common\Team Fortress 2 Dedicated Server\tf\addons\sourcemod\scripting\include\tf2_stocks.inc::TF2_ChangeClientTeam()
L 06/11/2016 - 22:37:27: [SM]   [1]  Line 348, C:\ff2_ver2\steamapps\common\Team Fortress 2 Dedicated Server\tf\addons\sourcemod\scripting\ff2_deathmatch.sp::BeLastMan()
L 06/11/2016 - 22:37:27: [SM] Native "ChangeClientTeam" reported: Client 11 is not in game
L 06/11/2016 - 22:37:27: [SM] Displaying call stack trace for plugin "ff2_deathmatch.smx":
L 06/11/2016 - 22:37:27: [SM]   [0]  Line 343, C:\ff2_ver2\steamapps\common\Team Fortress 2 Dedicated Server\tf\addons\sourcemod\scripting\include\tf2_stocks.inc::TF2_ChangeClientTeam()
L 06/11/2016 - 22:37:27: [SM]   [1]  Line 348, C:\ff2_ver2\steamapps\common\Team Fortress 2 Dedicated Server\tf\addons\sourcemod\scripting\ff2_deathmatch.sp::BeLastMan()
L 06/11/2016 - 22:37:27: [SM] Native "ChangeClientTeam" reported: Client 11 is not in game
L 06/11/2016 - 22:37:27: [SM] Displaying call stack trace for plugin "ff2_deathmatch.smx":
L 06/11/2016 - 22:37:27: [SM]   [0]  Line 343, C:\ff2_ver2\steamapps\common\Team Fortress 2 Dedicated Server\tf\addons\sourcemod\scripting\include\tf2_stocks.inc::TF2_ChangeClientTeam()
L 06/11/2016 - 22:37:27: [SM]   [1]  Line 348, C:\ff2_ver2\steamapps\common\Team Fortress 2 Dedicated Server\tf\addons\sourcemod\scripting\ff2_deathmatch.sp::BeLastMan()
L 06/11/2016 - 22:37:27: [SM] Native "ChangeClientTeam" reported: Client 11 is not in game
L 06/11/2016 - 22:37:27: [SM] Displaying call stack trace for plugin "ff2_deathmatch.smx":
L 06/11/2016 - 22:37:27: [SM]   [0]  Line 343, C:\ff2_ver2\steamapps\common\Team Fortress 2 Dedicated Server\tf\addons\sourcemod\scripting\include\tf2_stocks.inc::TF2_ChangeClientTeam()
L 06/11/2016 - 22:37:27: [SM]   [1]  Line 348, C:\ff2_ver2\steamapps\common\Team Fortress 2 Dedicated Server\tf\addons\sourcemod\scripting\ff2_deathmatch.sp::BeLastMan()
L 06/11/2016 - 22:37:27: [SM] Native "ChangeClientTeam" reported: Client 11 is not in game
L 06/11/2016 - 22:37:27: [SM] Displaying call stack trace for plugin "ff2_deathmatch.smx":
L 06/11/2016 - 22:37:27: [SM]   [0]  Line 343, C:\ff2_ver2\steamapps\common\Team Fortress 2 Dedicated Server\tf\addons\sourcemod\scripting\include\tf2_stocks.inc::TF2_ChangeClientTeam()
L 06/11/2016 - 22:37:27: [SM]   [1]  Line 348, C:\ff2_ver2\steamapps\common\Team Fortress 2 Dedicated Server\tf\addons\sourcemod\scripting\ff2_deathmatch.sp::BeLastMan()
L 06/11/2016 - 22:37:27: [SM] Native "ChangeClientTeam" reported: Client 11 is not in game
L 06/11/2016 - 22:37:27: [SM] Displaying call stack trace for plugin "ff2_deathmatch.smx":
L 06/11/2016 - 22:37:27: [SM]   [0]  Line 343, C:\ff2_ver2\steamapps\common\Team Fortress 2 Dedicated Server\tf\addons\sourcemod\scripting\include\tf2_stocks.inc::TF2_ChangeClientTeam()
L 06/11/2016 - 22:37:27: [SM]   [1]  Line 348, C:\ff2_ver2\steamapps\common\Team Fortress 2 Dedicated Server\tf\addons\sourcemod\scripting\ff2_deathmatch.sp::BeLastMan()
L 06/11/2016 - 22:37:27: [SM] Native "ChangeClientTeam" reported: Client 11 is not in game
L 06/11/2016 - 22:37:27: [SM] Displaying call stack trace for plugin "ff2_deathmatch.smx":
L 06/11/2016 - 22:37:27: [SM]   [0]  Line 343, C:\ff2_ver2\steamapps\common\Team Fortress 2 Dedicated Server\tf\addons\sourcemod\scripting\include\tf2_stocks.inc::TF2_ChangeClientTeam()
L 06/11/2016 - 22:37:27: [SM]   [1]  Line 348, C:\ff2_ver2\steamapps\common\Team Fortress 2 Dedicated Server\tf\addons\sourcemod\scripting\ff2_deathmatch.sp::BeLastMan()
L 06/11/2016 - 22:37:28: [SM] Native "ChangeClientTeam" reported: Client 11 is not in game
L 06/11/2016 - 22:37:28: [SM] Displaying call stack trace for plugin "ff2_deathmatch.smx":
L 06/11/2016 - 22:37:28: [SM]   [0]  Line 343, C:\ff2_ver2\steamapps\common\Team Fortress 2 Dedicated Server\tf\addons\sourcemod\scripting\include\tf2_stocks.inc::TF2_ChangeClientTeam()
L 06/11/2016 - 22:37:28: [SM]   [1]  Line 348, C:\ff2_ver2\steamapps\common\Team Fortress 2 Dedicated Server\tf\addons\sourcemod\scripting\ff2_deathmatch.sp::BeLastMan()
L 06/11/2016 - 22:37:28: [SM] Native "ChangeClientTeam" reported: Client 11 is not in game
L 06/11/2016 - 22:37:28: [SM] Displaying call stack trace for plugin "ff2_deathmatch.smx":
L 06/11/2016 - 22:37:28: [SM]   [0]  Line 343, C:\ff2_ver2\steamapps\common\Team Fortress 2 Dedicated Server\tf\addons\sourcemod\scripting\include\tf2_stocks.inc::TF2_ChangeClientTeam()
L 06/11/2016 - 22:37:28: [SM]   [1]  Line 348, C:\ff2_ver2\steamapps\common\Team Fortress 2 Dedicated Server\tf\addons\sourcemod\scripting\ff2_deathmatch.sp::BeLastMan()
L 06/11/2016 - 22:37:28: [SM] Native "ChangeClientTeam" reported: Client 11 is not in game
L 06/11/2016 - 22:37:28: [SM] Displaying call stack trace for plugin "ff2_deathmatch.smx":
L 06/11/2016 - 22:37:28: [SM]   [0]  Line 343, C:\ff2_ver2\steamapps\common\Team Fortress 2 Dedicated Server\tf\addons\sourcemod\scripting\include\tf2_stocks.inc::TF2_ChangeClientTeam()
L 06/11/2016 - 22:37:28: [SM]   [1]  Line 348, C:\ff2_ver2\steamapps\common\Team Fortress 2 Dedicated Server\tf\addons\sourcemod\scripting\ff2_deathmatch.sp::BeLastMan()
L 06/11/2016 - 22:37:28: [SM] Native "ChangeClientTeam" reported: Client 11 is not in game
L 06/11/2016 - 22:37:28: [SM] Displaying call stack trace for plugin "ff2_deathmatch.smx":
L 06/11/2016 - 22:37:28: [SM]   [0]  Line 343, C:\ff2_ver2\steamapps\common\Team Fortress 2 Dedicated Server\tf\addons\sourcemod\scripting\include\tf2_stocks.inc::TF2_ChangeClientTeam()
L 06/11/2016 - 22:37:28: [SM]   [1]  Line 348, C:\ff2_ver2\steamapps\common\Team Fortress 2 Dedicated Server\tf\addons\sourcemod\scripting\ff2_deathmatch.sp::BeLastMan()
L 06/11/2016 - 22:37:28: [SM] Native "ChangeClientTeam" reported: Client 11 is not in game
L 06/11/2016 - 22:37:28: [SM] Displaying call stack trace for plugin "ff2_deathmatch.smx":
L 06/11/2016 - 22:37:28: [SM]   [0]  Line 343, C:\ff2_ver2\steamapps\common\Team Fortress 2 Dedicated Server\tf\addons\sourcemod\scripting\include\tf2_stocks.inc::TF2_ChangeClientTeam()
L 06/11/2016 - 22:37:28: [SM]   [1]  Line 348, C:\ff2_ver2\steamapps\common\Team Fortress 2 Dedicated Server\tf\addons\sourcemod\scripting\ff2_deathmatch.sp::BeLastMan()
L 06/11/2016 - 22:37:28: [SM] Native "ChangeClientTeam" reported: Client 11 is not in game
L 06/11/2016 - 22:37:28: [SM] Displaying call stack trace for plugin "ff2_deathmatch.smx":
L 06/11/2016 - 22:37:28: [SM]   [0]  Line 343, C:\ff2_ver2\steamapps\common\Team Fortress 2 Dedicated Server\tf\addons\sourcemod\scripting\include\tf2_stocks.inc::TF2_ChangeClientTeam()
L 06/11/2016 - 22:37:28: [SM]   [1]  Line 348, C:\ff2_ver2\steamapps\common\Team Fortress 2 Dedicated Server\tf\addons\sourcemod\scripting\ff2_deathmatch.sp::BeLastMan()
L 06/11/2016 - 22:37:28: [SM] Native "ChangeClientTeam" reported: Client 11 is not in game
L 06/11/2016 - 22:37:28: [SM] Displaying call stack trace for plugin "ff2_deathmatch.smx":
L 06/11/2016 - 22:37:28: [SM]   [0]  Line 343, C:\ff2_ver2\steamapps\common\Team Fortress 2 Dedicated Server\tf\addons\sourcemod\scripting\include\tf2_stocks.inc::TF2_ChangeClientTeam()
L 06/11/2016 - 22:37:28: [SM]   [1]  Line 348, C:\ff2_ver2\steamapps\common\Team Fortress 2 Dedicated Server\tf\addons\sourcemod\scripting\ff2_deathmatch.sp::BeLastMan()
L 06/11/2016 - 22:37:28: [SM] Native "ChangeClientTeam" reported: Client 11 is not in game
L 06/11/2016 - 22:37:28: [SM] Displaying call stack trace for plugin "ff2_deathmatch.smx":
L 06/11/2016 - 22:37:28: [SM]   [0]  Line 343, C:\ff2_ver2\steamapps\common\Team Fortress 2 Dedicated Server\tf\addons\sourcemod\scripting\include\tf2_stocks.inc::TF2_ChangeClientTeam()
L 06/11/2016 - 22:37:28: [SM]   [1]  Line 348, C:\ff2_ver2\steamapps\common\Team Fortress 2 Dedicated Server\tf\addons\sourcemod\scripting\ff2_deathmatch.sp::BeLastMan()
L 06/11/2016 - 22:37:28: [SM] Native "ChangeClientTeam" reported: Client 11 is not in game
L 06/11/2016 - 22:37:28: [SM] Displaying call stack trace for plugin "ff2_deathmatch.smx":
L 06/11/2016 - 22:37:29: [SM]   [0]  Line 343, C:\ff2_ver2\steamapps\common\Team Fortress 2 Dedicated Server\tf\addons\sourcemod\scripting\include\tf2_stocks.inc::TF2_ChangeClientTeam()
L 06/11/2016 - 22:37:29: [SM]   [1]  Line 348, C:\ff2_ver2\steamapps\common\Team Fortress 2 Dedicated Server\tf\addons\sourcemod\scripting\ff2_deathmatch.sp::BeLastMan()
L 06/11/2016 - 22:37:29: [SM] Native "ChangeClientTeam" reported: Client 11 is not in game
L 06/11/2016 - 22:37:29: [SM] Displaying call stack trace for plugin "ff2_deathmatch.smx":
L 06/11/2016 - 22:37:29: [SM]   [0]  Line 343, C:\ff2_ver2\steamapps\common\Team Fortress 2 Dedicated Server\tf\addons\sourcemod\scripting\include\tf2_stocks.inc::TF2_ChangeClientTeam()
L 06/11/2016 - 22:37:29: [SM]   [1]  Line 348, C:\ff2_ver2\steamapps\common\Team Fortress 2 Dedicated Server\tf\addons\sourcemod\scripting\ff2_deathmatch.sp::BeLastMan()
L 06/11/2016 - 22:37:29: [SM] Native "ChangeClientTeam" reported: Client 11 is not in game
L 06/11/2016 - 22:37:29: [SM] Displaying call stack trace for plugin "ff2_deathmatch.smx":
L 06/11/2016 - 22:37:29: [SM]   [0]  Line 343, C:\ff2_ver2\steamapps\common\Team Fortress 2 Dedicated Server\tf\addons\sourcemod\scripting\include\tf2_stocks.inc::TF2_ChangeClientTeam()
L 06/11/2016 - 22:37:29: [SM]   [1]  Line 348, C:\ff2_ver2\steamapps\common\Team Fortress 2 Dedicated Server\tf\addons\sourcemod\scripting\ff2_deathmatch.sp::BeLastMan()
L 06/11/2016 - 22:37:29: [SM] Native "ChangeClientTeam" reported: Client 11 is not in game
L 06/11/2016 - 22:37:29: [SM] Displaying call stack trace for plugin "ff2_deathmatch.smx":
L 06/11/2016 - 22:37:29: [SM]   [0]  Line 343, C:\ff2_ver2\steamapps\common\Team Fortress 2 Dedicated Server\tf\addons\sourcemod\scripting\include\tf2_stocks.inc::TF2_ChangeClientTeam()
L 06/11/2016 - 22:37:29: [SM]   [1]  Line 348, C:\ff2_ver2\steamapps\common\Team Fortress 2 Dedicated Server\tf\addons\sourcemod\scripting\ff2_deathmatch.sp::BeLastMan()
L 06/11/2016 - 22:37:29: [SM] Native "ChangeClientTeam" reported: Client 11 is not in game
L 06/11/2016 - 22:37:29: [SM] Displaying call stack trace for plugin "ff2_deathmatch.smx":
L 06/11/2016 - 22:37:29: [SM]   [0]  Line 343, C:\ff2_ver2\steamapps\common\Team Fortress 2 Dedicated Server\tf\addons\sourcemod\scripting\include\tf2_stocks.inc::TF2_ChangeClientTeam()
L 06/11/2016 - 22:37:29: [SM]   [1]  Line 348, C:\ff2_ver2\steamapps\common\Team Fortress 2 Dedicated Server\tf\addons\sourcemod\scripting\ff2_deathmatch.sp::BeLastMan()
L 06/11/2016 - 22:37:29: [SM] Native "ChangeClientTeam" reported: Client 11 is not in game
L 06/11/2016 - 22:37:29: [SM] Displaying call stack trace for plugin "ff2_deathmatch.smx":
L 06/11/2016 - 22:37:29: [SM]   [0]  Line 343, C:\ff2_ver2\steamapps\common\Team Fortress 2 Dedicated Server\tf\addons\sourcemod\scripting\include\tf2_stocks.inc::TF2_ChangeClientTeam()
L 06/11/2016 - 22:37:29: [SM]   [1]  Line 348, C:\ff2_ver2\steamapps\common\Team Fortress 2 Dedicated Server\tf\addons\sourcemod\scripting\ff2_deathmatch.sp::BeLastMan()
L 06/11/2016 - 22:37:29: [SM] Native "ChangeClientTeam" reported: Client 11 is not in game
L 06/11/2016 - 22:37:29: [SM] Displaying call stack trace for plugin "ff2_deathmatch.smx":
L 06/11/2016 - 22:37:29: [SM]   [0]  Line 343, C:\ff2_ver2\steamapps\common\Team Fortress 2 Dedicated Server\tf\addons\sourcemod\scripting\include\tf2_stocks.inc::TF2_ChangeClientTeam()
L 06/11/2016 - 22:37:29: [SM]   [1]  Line 348, C:\ff2_ver2\steamapps\common\Team Fortress 2 Dedicated Server\tf\addons\sourcemod\scripting\ff2_deathmatch.sp::BeLastMan()
L 06/11/2016 - 22:37:29: [SM] Native "ChangeClientTeam" reported: Client 11 is not in game
L 06/11/2016 - 22:37:29: [SM] Displaying call stack trace for plugin "ff2_deathmatch.smx":
L 06/11/2016 - 22:37:29: [SM]   [0]  Line 343, C:\ff2_ver2\steamapps\common\Team Fortress 2 Dedicated Server\tf\addons\sourcemod\scripting\include\tf2_stocks.inc::TF2_ChangeClientTeam()
L 06/11/2016 - 22:37:29: [SM]   [1]  Line 348, C:\ff2_ver2\steamapps\common\Team Fortress 2 Dedicated Server\tf\addons\sourcemod\scripting\ff2_deathmatch.sp::BeLastMan()
L 06/11/2016 - 22:37:29: [SM] Native "ChangeClientTeam" reported: Client 11 is not in game
L 06/11/2016 - 22:37:29: [SM] Displaying call stack trace for plugin "ff2_deathmatch.smx":
L 06/11/2016 - 22:37:29: [SM]   [0]  Line 343, C:\ff2_ver2\steamapps\common\Team Fortress 2 Dedicated Server\tf\addons\sourcemod\scripting\include\tf2_stocks.inc::TF2_ChangeClientTeam()
L 06/11/2016 - 22:37:29: [SM]   [1]  Line 348, C:\ff2_ver2\steamapps\common\Team Fortress 2 Dedicated Server\tf\addons\sourcemod\scripting\ff2_deathmatch.sp::BeLastMan()
L 06/11/2016 - 22:37:29: [SM] Native "ChangeClientTeam" reported: Client 11 is not in game
L 06/11/2016 - 22:37:29: [SM] Displaying call stack trace for plugin "ff2_deathmatch.smx":
L 06/11/2016 - 22:37:29: [SM]   [0]  Line 343, C:\ff2_ver2\steamapps\common\Team Fortress 2 Dedicated Server\tf\addons\sourcemod\scripting\include\tf2_stocks.inc::TF2_ChangeClientTeam()
L 06/11/2016 - 22:37:29: [SM]   [1]  Line 348, C:\ff2_ver2\steamapps\common\Team Fortress 2 Dedicated Server\tf\addons\sourcemod\scripting\ff2_deathmatch.sp::BeLastMan()
L 06/11/2016 - 22:37:29: [SM] Native "ChangeClientTeam" reported: Client 11 is not in game
L 06/11/2016 - 22:37:30: [SM] Displaying call stack trace for plugin "ff2_deathmatch.smx":
L 06/11/2016 - 22:37:30: [SM]   [0]  Line 343, C:\ff2_ver2\steamapps\common\Team Fortress 2 Dedicated Server\tf\addons\sourcemod\scripting\include\tf2_stocks.inc::TF2_ChangeClientTeam()
L 06/11/2016 - 22:37:30: [SM]   [1]  Line 348, C:\ff2_ver2\steamapps\common\Team Fortress 2 Dedicated Server\tf\addons\sourcemod\scripting\ff2_deathmatch.sp::BeLastMan()
L 06/11/2016 - 22:37:30: [SM] Native "ChangeClientTeam" reported: Client 11 is not in game
L 06/11/2016 - 22:37:30: [SM] Displaying call stack trace for plugin "ff2_deathmatch.smx":
L 06/11/2016 - 22:37:30: [SM]   [0]  Line 343, C:\ff2_ver2\steamapps\common\Team Fortress 2 Dedicated Server\tf\addons\sourcemod\scripting\include\tf2_stocks.inc::TF2_ChangeClientTeam()
L 06/11/2016 - 22:37:30: [SM]   [1]  Line 348, C:\ff2_ver2\steamapps\common\Team Fortress 2 Dedicated Server\tf\addons\sourcemod\scripting\ff2_deathmatch.sp::BeLastMan()
L 06/11/2016 - 22:37:30: [SM] Native "ChangeClientTeam" reported: Client 11 is not in game
L 06/11/2016 - 22:37:30: [SM] Displaying call stack trace for plugin "ff2_deathmatch.smx":
L 06/11/2016 - 22:37:30: [SM]   [0]  Line 343, C:\ff2_ver2\steamapps\common\Team Fortress 2 Dedicated Server\tf\addons\sourcemod\scripting\include\tf2_stocks.inc::TF2_ChangeClientTeam()
L 06/11/2016 - 22:37:30: [SM]   [1]  Line 348, C:\ff2_ver2\steamapps\common\Team Fortress 2 Dedicated Server\tf\addons\sourcemod\scripting\ff2_deathmatch.sp::BeLastMan()
L 06/11/2016 - 22:37:30: [SM] Native "ChangeClientTeam" reported: Client 11 is not in game
L 06/11/2016 - 22:37:30: [SM] Displaying call stack trace for plugin "ff2_deathmatch.smx":
L 06/11/2016 - 22:37:30: [SM]   [0]  Line 343, C:\ff2_ver2\steamapps\common\Team Fortress 2 Dedicated Server\tf\addons\sourcemod\scripting\include\tf2_stocks.inc::TF2_ChangeClientTeam()
L 06/11/2016 - 22:37:30: [SM]   [1]  Line 348, C:\ff2_ver2\steamapps\common\Team Fortress 2 Dedicated Server\tf\addons\sourcemod\scripting\ff2_deathmatch.sp::BeLastMan()
L 06/11/2016 - 22:37:30: [SM] Native "ChangeClientTeam" reported: Client 11 is not in game
L 06/11/2016 - 22:37:30: [SM] Displaying call stack trace for plugin "ff2_deathmatch.smx":
L 06/11/2016 - 22:37:30: [SM]   [0]  Line 343, C:\ff2_ver2\steamapps\common\Team Fortress 2 Dedicated Server\tf\addons\sourcemod\scripting\include\tf2_stocks.inc::TF2_ChangeClientTeam()
L 06/11/2016 - 22:37:30: [SM]   [1]  Line 348, C:\ff2_ver2\steamapps\common\Team Fortress 2 Dedicated Server\tf\addons\sourcemod\scripting\ff2_deathmatch.sp::BeLastMan()
L 06/11/2016 - 22:37:30: [SM] Native "ChangeClientTeam" reported: Client 11 is not in game
L 06/11/2016 - 22:37:30: [SM] Displaying call stack trace for plugin "ff2_deathmatch.smx":
L 06/11/2016 - 22:37:30: [SM]   [0]  Line 343, C:\ff2_ver2\steamapps\common\Team Fortress 2 Dedicated Server\tf\addons\sourcemod\scripting\include\tf2_stocks.inc::TF2_ChangeClientTeam()
L 06/11/2016 - 22:37:30: [SM]   [1]  Line 348, C:\ff2_ver2\steamapps\common\Team Fortress 2 Dedicated Server\tf\addons\sourcemod\scripting\ff2_deathmatch.sp::BeLastMan()
L 06/11/2016 - 22:37:30: [SM] Native "ChangeClientTeam" reported: Client 11 is not in game
L 06/11/2016 - 22:37:30: [SM] Displaying call stack trace for plugin "ff2_deathmatch.smx":
L 06/11/2016 - 22:37:30: [SM]   [0]  Line 343, C:\ff2_ver2\steamapps\common\Team Fortress 2 Dedicated Server\tf\addons\sourcemod\scripting\include\tf2_stocks.inc::TF2_ChangeClientTeam()
L 06/11/2016 - 22:37:30: [SM]   [1]  Line 348, C:\ff2_ver2\steamapps\common\Team Fortress 2 Dedicated Server\tf\addons\sourcemod\scripting\ff2_deathmatch.sp::BeLastMan()
L 06/11/2016 - 22:37:30: [SM] Native "ChangeClientTeam" reported: Client 11 is not in game
L 06/11/2016 - 22:37:30: [SM] Displaying call stack trace for plugin "ff2_deathmatch.smx":
L 06/11/2016 - 22:37:30: [SM]   [0]  Line 343, C:\ff2_ver2\steamapps\common\Team Fortress 2 Dedicated Server\tf\addons\sourcemod\scripting\include\tf2_stocks.inc::TF2_ChangeClientTeam()
L 06/11/2016 - 22:37:30: [SM]   [1]  Line 348, C:\ff2_ver2\steamapps\common\Team Fortress 2 Dedicated Server\tf\addons\sourcemod\scripting\ff2_deathmatch.sp::BeLastMan()
L 06/11/2016 - 22:37:30: [SM] Native "ChangeClientTeam" reported: Client 11 is not in game
L 06/11/2016 - 22:37:30: [SM] Displaying call stack trace for plugin "ff2_deathmatch.smx":
L 06/11/2016 - 22:37:30: [SM]   [0]  Line 343, C:\ff2_ver2\steamapps\common\Team Fortress 2 Dedicated Server\tf\addons\sourcemod\scripting\include\tf2_stocks.inc::TF2_ChangeClientTeam()
L 06/11/2016 - 22:37:30: [SM]   [1]  Line 348, C:\ff2_ver2\steamapps\common\Team Fortress 2 Dedicated Server\tf\addons\sourcemod\scripting\ff2_deathmatch.sp::BeLastMan()
L 06/11/2016 - 22:37:30: [SM] Native "ChangeClientTeam" reported: Client 11 is not in game
L 06/11/2016 - 22:37:30: [SM] Displaying call stack trace for plugin "ff2_deathmatch.smx":
L 06/11/2016 - 22:37:30: [SM]   [0]  Line 343, C:\ff2_ver2\steamapps\common\Team Fortress 2 Dedicated Server\tf\addons\sourcemod\scripting\include\tf2_stocks.inc::TF2_ChangeClientTeam()
L 06/11/2016 - 22:37:30: [SM]   [1]  Line 348, C:\ff2_ver2\steamapps\common\Team Fortress 2 Dedicated Server\tf\addons\sourcemod\scripting\ff2_deathmatch.sp::BeLastMan()
L 06/11/2016 - 22:37:31: [SM] Native "ChangeClientTeam" reported: Client 11 is not in game
L 06/11/2016 - 22:37:31: [SM] Displaying call stack trace for plugin "ff2_deathmatch.smx":
L 06/11/2016 - 22:37:31: [SM]   [0]  Line 343, C:\ff2_ver2\steamapps\common\Team Fortress 2 Dedicated Server\tf\addons\sourcemod\scripting\include\tf2_stocks.inc::TF2_ChangeClientTeam()
L 06/11/2016 - 22:37:31: [SM]   [1]  Line 348, C:\ff2_ver2\steamapps\common\Team Fortress 2 Dedicated Server\tf\addons\sourcemod\scripting\ff2_deathmatch.sp::BeLastMan()
L 06/11/2016 - 22:37:31: [SM] Native "ChangeClientTeam" reported: Client 11 is not in game
L 06/11/2016 - 22:37:31: [SM] Displaying call stack trace for plugin "ff2_deathmatch.smx":
L 06/11/2016 - 22:37:31: [SM]   [0]  Line 343, C:\ff2_ver2\steamapps\common\Team Fortress 2 Dedicated Server\tf\addons\sourcemod\scripting\include\tf2_stocks.inc::TF2_ChangeClientTeam()
L 06/11/2016 - 22:37:31: [SM]   [1]  Line 348, C:\ff2_ver2\steamapps\common\Team Fortress 2 Dedicated Server\tf\addons\sourcemod\scripting\ff2_deathmatch.sp::BeLastMan()
L 06/11/2016 - 22:37:31: [SM] Native "ChangeClientTeam" reported: Client 11 is not in game
L 06/11/2016 - 22:37:31: [SM] Displaying call stack trace for plugin "ff2_deathmatch.smx":
L 06/11/2016 - 22:37:31: [SM]   [0]  Line 343, C:\ff2_ver2\steamapps\common\Team Fortress 2 Dedicated Server\tf\addons\sourcemod\scripting\include\tf2_stocks.inc::TF2_ChangeClientTeam()
L 06/11/2016 - 22:37:31: [SM]   [1]  Line 348, C:\ff2_ver2\steamapps\common\Team Fortress 2 Dedicated Server\tf\addons\sourcemod\scripting\ff2_deathmatch.sp::BeLastMan()
L 06/11/2016 - 22:37:31: [SM] Native "ChangeClientTeam" reported: Client 11 is not in game
L 06/11/2016 - 22:37:31: [SM] Displaying call stack trace for plugin "ff2_deathmatch.smx":
L 06/11/2016 - 22:37:31: [SM]   [0]  Line 343, C:\ff2_ver2\steamapps\common\Team Fortress 2 Dedicated Server\tf\addons\sourcemod\scripting\include\tf2_stocks.inc::TF2_ChangeClientTeam()
L 06/11/2016 - 22:37:31: [SM]   [1]  Line 348, C:\ff2_ver2\steamapps\common\Team Fortress 2 Dedicated Server\tf\addons\sourcemod\scripting\ff2_deathmatch.sp::BeLastMan()
L 06/11/2016 - 22:37:31: [SM] Native "ChangeClientTeam" reported: Client 11 is not in game
L 06/11/2016 - 22:37:31: [SM] Displaying call stack trace for plugin "ff2_deathmatch.smx":
L 06/11/2016 - 22:37:31: [SM]   [0]  Line 343, C:\ff2_ver2\steamapps\common\Team Fortress 2 Dedicated Server\tf\addons\sourcemod\scripting\include\tf2_stocks.inc::TF2_ChangeClientTeam()
L 06/11/2016 - 22:37:31: [SM]   [1]  Line 348, C:\ff2_ver2\steamapps\common\Team Fortress 2 Dedicated Server\tf\addons\sourcemod\scripting\ff2_deathmatch.sp::BeLastMan()
L 06/11/2016 - 22:37:31: [SM] Native "ChangeClientTeam" reported: Client 11 is not in game
L 06/11/2016 - 22:37:31: [SM] Displaying call stack trace for plugin "ff2_deathmatch.smx":
L 06/11/2016 - 22:37:31: [SM]   [0]  Line 343, C:\ff2_ver2\steamapps\common\Team Fortress 2 Dedicated Server\tf\addons\sourcemod\scripting\include\tf2_stocks.inc::TF2_ChangeClientTeam()
L 06/11/2016 - 22:37:31: [SM]   [1]  Line 348, C:\ff2_ver2\steamapps\common\Team Fortress 2 Dedicated Server\tf\addons\sourcemod\scripting\ff2_deathmatch.sp::BeLastMan()
L 06/11/2016 - 22:37:31: [SM] Native "ChangeClientTeam" reported: Client 11 is not in game
L 06/11/2016 - 22:37:31: [SM] Displaying call stack trace for plugin "ff2_deathmatch.smx":
L 06/11/2016 - 22:37:31: [SM]   [0]  Line 343, C:\ff2_ver2\steamapps\common\Team Fortress 2 Dedicated Server\tf\addons\sourcemod\scripting\include\tf2_stocks.inc::TF2_ChangeClientTeam()
L 06/11/2016 - 22:37:31: [SM]   [1]  Line 348, C:\ff2_ver2\steamapps\common\Team Fortress 2 Dedicated Server\tf\addons\sourcemod\scripting\ff2_deathmatch.sp::BeLastMan()
L 06/11/2016 - 22:37:31: [SM] Native "ChangeClientTeam" reported: Client 11 is not in game
L 06/11/2016 - 22:37:31: [SM] Displaying call stack trace for plugin "ff2_deathmatch.smx":
L 06/11/2016 - 22:37:31: [SM]   [0]  Line 343, C:\ff2_ver2\steamapps\common\Team Fortress 2 Dedicated Server\tf\addons\sourcemod\scripting\include\tf2_stocks.inc::TF2_ChangeClientTeam()
L 06/11/2016 - 22:37:31: [SM]   [1]  Line 348, C:\ff2_ver2\steamapps\common\Team Fortress 2 Dedicated Server\tf\addons\sourcemod\scripting\ff2_deathmatch.sp::BeLastMan()
L 06/11/2016 - 22:37:31: [SM] Native "ChangeClientTeam" reported: Client 11 is not in game
L 06/11/2016 - 22:37:31: [SM] Displaying call stack trace for plugin "ff2_deathmatch.smx":
L 06/11/2016 - 22:37:31: [SM]   [0]  Line 343, C:\ff2_ver2\steamapps\common\Team Fortress 2 Dedicated Server\tf\addons\sourcemod\scripting\include\tf2_stocks.inc::TF2_ChangeClientTeam()
L 06/11/2016 - 22:37:31: [SM]   [1]  Line 348, C:\ff2_ver2\steamapps\common\Team Fortress 2 Dedicated Server\tf\addons\sourcemod\scripting\ff2_deathmatch.sp::BeLastMan()
L 06/11/2016 - 22:37:31: [SM] Native "ChangeClientTeam" reported: Client 11 is not in game
L 06/11/2016 - 22:37:31: [SM] Displaying call stack trace for plugin "ff2_deathmatch.smx":
L 06/11/2016 - 22:37:31: [SM]   [0]  Line 343, C:\ff2_ver2\steamapps\common\Team Fortress 2 Dedicated Server\tf\addons\sourcemod\scripting\include\tf2_stocks.inc::TF2_ChangeClientTeam()
L 06/11/2016 - 22:37:32: [SM]   [1]  Line 348, C:\ff2_ver2\steamapps\common\Team Fortress 2 Dedicated Server\tf\addons\sourcemod\scripting\ff2_deathmatch.sp::BeLastMan()
L 06/11/2016 - 22:37:32: [SM] Native "ChangeClientTeam" reported: Client 11 is not in game
L 06/11/2016 - 22:37:32: [SM] Displaying call stack trace for plugin "ff2_deathmatch.smx":
L 06/11/2016 - 22:37:32: [SM]   [0]  Line 343, C:\ff2_ver2\steamapps\common\Team Fortress 2 Dedicated Server\tf\addons\sourcemod\scripting\include\tf2_stocks.inc::TF2_ChangeClientTeam()
L 06/11/2016 - 22:37:32: [SM]   [1]  Line 348, C:\ff2_ver2\steamapps\common\Team Fortress 2 Dedicated Server\tf\addons\sourcemod\scripting\ff2_deathmatch.sp::BeLastMan()
L 06/11/2016 - 22:37:32: [SM] Native "ChangeClientTeam" reported: Client 11 is not in game
L 06/11/2016 - 22:37:32: [SM] Displaying call stack trace for plugin "ff2_deathmatch.smx":
L 06/11/2016 - 22:37:32: [SM]   [0]  Line 343, C:\ff2_ver2\steamapps\common\Team Fortress 2 Dedicated Server\tf\addons\sourcemod\scripting\include\tf2_stocks.inc::TF2_ChangeClientTeam()
L 06/11/2016 - 22:37:32: [SM]   [1]  Line 348, C:\ff2_ver2\steamapps\common\Team Fortress 2 Dedicated Server\tf\addons\sourcemod\scripting\ff2_deathmatch.sp::BeLastMan()
L 06/11/2016 - 22:37:32: [SM] Native "ChangeClientTeam" reported: Client 11 is not in game
L 06/11/2016 - 22:37:32: [SM] Displaying call stack trace for plugin "ff2_deathmatch.smx":
L 06/11/2016 - 22:37:32: [SM]   [0]  Line 343, C:\ff2_ver2\steamapps\common\Team Fortress 2 Dedicated Server\tf\addons\sourcemod\scripting\include\tf2_stocks.inc::TF2_ChangeClientTeam()
L 06/11/2016 - 22:37:32: [SM]   [1]  Line 348, C:\ff2_ver2\steamapps\common\Team Fortress 2 Dedicated Server\tf\addons\sourcemod\scripting\ff2_deathmatch.sp::BeLastMan()
L 06/11/2016 - 22:37:32: [SM] Native "ChangeClientTeam" reported: Client 11 is not in game
L 06/11/2016 - 22:37:32: [SM] Displaying call stack trace for plugin "ff2_deathmatch.smx":
L 06/11/2016 - 22:37:32: [SM]   [0]  Line 343, C:\ff2_ver2\steamapps\common\Team Fortress 2 Dedicated Server\tf\addons\sourcemod\scripting\include\tf2_stocks.inc::TF2_ChangeClientTeam()
L 06/11/2016 - 22:37:32: [SM]   [1]  Line 348, C:\ff2_ver2\steamapps\common\Team Fortress 2 Dedicated Server\tf\addons\sourcemod\scripting\ff2_deathmatch.sp::BeLastMan()
L 06/11/2016 - 22:37:32: [SM] Native "ChangeClientTeam" reported: Client 11 is not in game
L 06/11/2016 - 22:37:32: [SM] Displaying call stack trace for plugin "ff2_deathmatch.smx":
L 06/11/2016 - 22:37:32: [SM]   [0]  Line 343, C:\ff2_ver2\steamapps\common\Team Fortress 2 Dedicated Server\tf\addons\sourcemod\scripting\include\tf2_stocks.inc::TF2_ChangeClientTeam()
L 06/11/2016 - 22:37:32: [SM]   [1]  Line 348, C:\ff2_ver2\steamapps\common\Team Fortress 2 Dedicated Server\tf\addons\sourcemod\scripting\ff2_deathmatch.sp::BeLastMan()
L 06/11/2016 - 22:37:32: [SM] Native "ChangeClientTeam" reported: Client 11 is not in game
L 06/11/2016 - 22:37:32: [SM] Displaying call stack trace for plugin "ff2_deathmatch.smx":
L 06/11/2016 - 22:37:32: [SM]   [0]  Line 343, C:\ff2_ver2\steamapps\common\Team Fortress 2 Dedicated Server\tf\addons\sourcemod\scripting\include\tf2_stocks.inc::TF2_ChangeClientTeam()
L 06/11/2016 - 22:37:32: [SM]   [1]  Line 348, C:\ff2_ver2\steamapps\common\Team Fortress 2 Dedicated Server\tf\addons\sourcemod\scripting\ff2_deathmatch.sp::BeLastMan()
L 06/11/2016 - 22:37:32: [SM] Native "ChangeClientTeam" reported: Client 11 is not in game
L 06/11/2016 - 22:37:32: [SM] Displaying call stack trace for plugin "ff2_deathmatch.smx":
L 06/11/2016 - 22:37:32: [SM]   [0]  Line 343, C:\ff2_ver2\steamapps\common\Team Fortress 2 Dedicated Server\tf\addons\sourcemod\scripting\include\tf2_stocks.inc::TF2_ChangeClientTeam()
L 06/11/2016 - 22:37:32: [SM]   [1]  Line 348, C:\ff2_ver2\steamapps\common\Team Fortress 2 Dedicated Server\tf\addons\sourcemod\scripting\ff2_deathmatch.sp::BeLastMan()
L 06/11/2016 - 22:37:32: [SM] Native "ChangeClientTeam" reported: Client 11 is not in game
L 06/11/2016 - 22:37:32: [SM] Displaying call stack trace for plugin "ff2_deathmatch.smx":
L 06/11/2016 - 22:37:32: [SM]   [0]  Line 343, C:\ff2_ver2\steamapps\common\Team Fortress 2 Dedicated Server\tf\addons\sourcemod\scripting\include\tf2_stocks.inc::TF2_ChangeClientTeam()
L 06/11/2016 - 22:37:32: [SM]   [1]  Line 348, C:\ff2_ver2\steamapps\common\Team Fortress 2 Dedicated Server\tf\addons\sourcemod\scripting\ff2_deathmatch.sp::BeLastMan()
L 06/11/2016 - 22:37:32: [SM] Native "ChangeClientTeam" reported: Client 11 is not in game
L 06/11/2016 - 22:37:32: [SM] Displaying call stack trace for plugin "ff2_deathmatch.smx":
L 06/11/2016 - 22:37:32: [SM]   [0]  Line 343, C:\ff2_ver2\steamapps\common\Team Fortress 2 Dedicated Server\tf\addons\sourcemod\scripting\include\tf2_stocks.inc::TF2_ChangeClientTeam()
L 06/11/2016 - 22:37:32: [SM]   [1]  Line 348, C:\ff2_ver2\steamapps\common\Team Fortress 2 Dedicated Server\tf\addons\sourcemod\scripting\ff2_deathmatch.sp::BeLastMan()
L 06/11/2016 - 22:37:32: [SM] Native "ChangeClientTeam" reported: Client 11 is not in game
L 06/11/2016 - 22:37:32: [SM] Displaying call stack trace for plugin "ff2_deathmatch.smx":
L 06/11/2016 - 22:37:32: [SM]   [0]  Line 343, C:\ff2_ver2\steamapps\common\Team Fortress 2 Dedicated Server\tf\addons\sourcemod\scripting\include\tf2_stocks.inc::TF2_ChangeClientTeam()
L 06/11/2016 - 22:37:33: [SM]   [1]  Line 348, C:\ff2_ver2\steamapps\common\Team Fortress 2 Dedicated Server\tf\addons\sourcemod\scripting\ff2_deathmatch.sp::BeLastMan()
L 06/11/2016 - 22:37:33: [SM] Native "ChangeClientTeam" reported: Client 11 is not in game
L 06/11/2016 - 22:37:33: [SM] Displaying call stack trace for plugin "ff2_deathmatch.smx":
L 06/11/2016 - 22:37:33: [SM]   [0]  Line 343, C:\ff2_ver2\steamapps\common\Team Fortress 2 Dedicated Server\tf\addons\sourcemod\scripting\include\tf2_stocks.inc::TF2_ChangeClientTeam()
L 06/11/2016 - 22:37:33: [SM]   [1]  Line 348, C:\ff2_ver2\steamapps\common\Team Fortress 2 Dedicated Server\tf\addons\sourcemod\scripting\ff2_deathmatch.sp::BeLastMan()
L 06/11/2016 - 22:37:33: [SM] Native "ChangeClientTeam" reported: Client 11 is not in game
L 06/11/2016 - 22:37:33: [SM] Displaying call stack trace for plugin "ff2_deathmatch.smx":
L 06/11/2016 - 22:37:33: [SM]   [0]  Line 343, C:\ff2_ver2\steamapps\common\Team Fortress 2 Dedicated Server\tf\addons\sourcemod\scripting\include\tf2_stocks.inc::TF2_ChangeClientTeam()
L 06/11/2016 - 22:37:33: [SM]   [1]  Line 348, C:\ff2_ver2\steamapps\common\Team Fortress 2 Dedicated Server\tf\addons\sourcemod\scripting\ff2_deathmatch.sp::BeLastMan()
L 06/11/2016 - 22:37:33: [SM] Native "ChangeClientTeam" reported: Client 11 is not in game
L 06/11/2016 - 22:37:33: [SM] Displaying call stack trace for plugin "ff2_deathmatch.smx":
L 06/11/2016 - 22:37:33: [SM]   [0]  Line 343, C:\ff2_ver2\steamapps\common\Team Fortress 2 Dedicated Server\tf\addons\sourcemod\scripting\include\tf2_stocks.inc::TF2_ChangeClientTeam()
L 06/11/2016 - 22:37:33: [SM]   [1]  Line 348, C:\ff2_ver2\steamapps\common\Team Fortress 2 Dedicated Server\tf\addons\sourcemod\scripting\ff2_deathmatch.sp::BeLastMan()
L 06/11/2016 - 22:37:33: [SM] Native "ChangeClientTeam" reported: Client 11 is not in game
L 06/11/2016 - 22:37:33: [SM] Displaying call stack trace for plugin "ff2_deathmatch.smx":
L 06/11/2016 - 22:37:33: [SM]   [0]  Line 343, C:\ff2_ver2\steamapps\common\Team Fortress 2 Dedicated Server\tf\addons\sourcemod\scripting\include\tf2_stocks.inc::TF2_ChangeClientTeam()
L 06/11/2016 - 22:37:33: [SM]   [1]  Line 348, C:\ff2_ver2\steamapps\common\Team Fortress 2 Dedicated Server\tf\addons\sourcemod\scripting\ff2_deathmatch.sp::BeLastMan()
L 06/11/2016 - 22:37:33: [SM] Native "ChangeClientTeam" reported: Client 11 is not in game
L 06/11/2016 - 22:37:33: [SM] Displaying call stack trace for plugin "ff2_deathmatch.smx":
L 06/11/2016 - 22:37:33: [SM]   [0]  Line 343, C:\ff2_ver2\steamapps\common\Team Fortress 2 Dedicated Server\tf\addons\sourcemod\scripting\include\tf2_stocks.inc::TF2_ChangeClientTeam()
L 06/11/2016 - 22:37:33: [SM]   [1]  Line 348, C:\ff2_ver2\steamapps\common\Team Fortress 2 Dedicated Server\tf\addons\sourcemod\scripting\ff2_deathmatch.sp::BeLastMan()
L 06/11/2016 - 22:37:33: [SM] Native "ChangeClientTeam" reported: Client 11 is not in game
L 06/11/2016 - 22:37:33: [SM] Displaying call stack trace for plugin "ff2_deathmatch.smx":
L 06/11/2016 - 22:37:33: [SM]   [0]  Line 343, C:\ff2_ver2\steamapps\common\Team Fortress 2 Dedicated Server\tf\addons\sourcemod\scripting\include\tf2_stocks.inc::TF2_ChangeClientTeam()
L 06/11/2016 - 22:37:33: [SM]   [1]  Line 348, C:\ff2_ver2\steamapps\common\Team Fortress 2 Dedicated Server\tf\addons\sourcemod\scripting\ff2_deathmatch.sp::BeLastMan()
L 06/11/2016 - 22:37:33: [SM] Native "ChangeClientTeam" reported: Client 11 is not in game
L 06/11/2016 - 22:37:33: [SM] Displaying call stack trace for plugin "ff2_deathmatch.smx":
L 06/11/2016 - 22:37:33: [SM]   [0]  Line 343, C:\ff2_ver2\steamapps\common\Team Fortress 2 Dedicated Server\tf\addons\sourcemod\scripting\include\tf2_stocks.inc::TF2_ChangeClientTeam()
L 06/11/2016 - 22:37:33: [SM]   [1]  Line 348, C:\ff2_ver2\steamapps\common\Team Fortress 2 Dedicated Server\tf\addons\sourcemod\scripting\ff2_deathmatch.sp::BeLastMan()
L 06/11/2016 - 22:37:33: [SM] Native "ChangeClientTeam" reported: Client 11 is not in game
L 06/11/2016 - 22:37:33: [SM] Displaying call stack trace for plugin "ff2_deathmatch.smx":
L 06/11/2016 - 22:37:33: [SM]   [0]  Line 343, C:\ff2_ver2\steamapps\common\Team Fortress 2 Dedicated Server\tf\addons\sourcemod\scripting\include\tf2_stocks.inc::TF2_ChangeClientTeam()
L 06/11/2016 - 22:37:33: [SM]   [1]  Line 348, C:\ff2_ver2\steamapps\common\Team Fortress 2 Dedicated Server\tf\addons\sourcemod\scripting\ff2_deathmatch.sp::BeLastMan()
L 06/11/2016 - 22:52:16: Error log file session closed.
L 06/11/2016 - 22:52:16: SourceMod error session started
L 06/11/2016 - 22:52:16: Info (map "arena_badlands") (file "errors_20160611.log")
L 06/11/2016 - 22:52:16: [SM] Warning(s) encountered in translation file "freak_fortress_2.phrases.txt"
L 06/11/2016 - 22:52:16: [SM] Invalid token ' ' in #format property on line 71.
L 06/11/2016 - 22:52:16: [SM] Invalid token ' ' in #format property on line 424.
L 06/11/2016 - 22:52:16: [SM] Invalid token ' ' in #format property on line 429.
L 06/11/2016 - 22:52:16: [SM] Invalid token ' ' in #format property on line 429.
L 06/11/2016 - 22:52:16: [SM] Invalid token ' ' in #format property on line 438.
L 06/11/2016 - 22:52:16: [SM] Invalid token ' ' in #format property on line 438.
L 06/11/2016 - 22:52:16: [SM] Invalid token ' ' in #format property on line 438.
L 06/11/2016 - 22:52:16: [SM] Unable to load plugin "rockthevote.smx": Could not find required plugin "mapchooser"
L 06/11/2016 - 22:52:21: [nextmap.smx] FATAL: Cannot load map cycle. Nextmap not loaded.
L 06/11/2016 - 22:52:21: [SM] Plugin encountered error 25: Call was aborted
L 06/11/2016 - 22:52:21: [SM] Native "SetFailState" reported: Mapcycle Not Found
L 06/11/2016 - 22:52:21: [SM] Displaying call stack trace for plugin "nextmap.smx":
L 06/11/2016 - 22:52:21: [SM]   [0]  Line 139, D:\builds\build-sourcemod-msvc12\windows-1.7\build\plugins\nextmap.sp::FindAndSetNextMap()
L 06/11/2016 - 22:52:21: [SM]   [1]  Line 109, D:\builds\build-sourcemod-msvc12\windows-1.7\build\plugins\nextmap.sp::OnConfigsExecuted()
L 06/11/2016 - 23:09:34: Error log file session closed.
