L 05/31/2016 - 20:09:23: SourceMod error session started
L 05/31/2016 - 20:09:23: Info (map "vsh_apg_v2") (file "errors_20160531.log")
L 05/31/2016 - 20:09:23: [SM] Warning(s) encountered in translation file "freak_fortress_2.phrases.txt"
L 05/31/2016 - 20:09:23: [SM] Invalid token ' ' in #format property on line 71.
L 05/31/2016 - 20:09:23: [SM] Invalid token ' ' in #format property on line 424.
L 05/31/2016 - 20:09:23: [SM] Invalid token ' ' in #format property on line 429.
L 05/31/2016 - 20:09:23: [SM] Invalid token ' ' in #format property on line 429.
L 05/31/2016 - 20:09:23: [SM] Invalid token ' ' in #format property on line 438.
L 05/31/2016 - 20:09:23: [SM] Invalid token ' ' in #format property on line 438.
L 05/31/2016 - 20:09:23: [SM] Invalid token ' ' in #format property on line 438.
L 05/31/2016 - 20:09:24: [SM] Unable to load plugin "rockthevote.smx": Could not find required plugin "mapchooser"
L 05/31/2016 - 20:09:39: [nextmap.smx] FATAL: Cannot load map cycle. Nextmap not loaded.
L 05/31/2016 - 20:09:39: [SM] Plugin encountered error 25: Call was aborted
L 05/31/2016 - 20:09:39: [SM] Native "SetFailState" reported: Mapcycle Not Found
L 05/31/2016 - 20:09:39: [SM] Displaying call stack trace for plugin "nextmap.smx":
L 05/31/2016 - 20:09:39: [SM]   [0]  Line 139, D:\builds\build-sourcemod-msvc12\windows-1.7\build\plugins\nextmap.sp::FindAndSetNextMap()
L 05/31/2016 - 20:09:39: [SM]   [1]  Line 109, D:\builds\build-sourcemod-msvc12\windows-1.7\build\plugins\nextmap.sp::OnConfigsExecuted()
L 05/31/2016 - 20:23:43: [SM] Plugin encountered error 14: Divide by zero
L 05/31/2016 - 20:23:43: [SM] Displaying call stack trace for plugin "ff2_deathmatch.smx":
L 05/31/2016 - 20:23:43: [SM]   [0]  Line 109, C:\ff2_ver2\steamapps\common\Team Fortress 2 Dedicated Server\tf\addons\sourcemod\scripting\ff2_deathmatch.sp::OnPlayerDeath()
L 05/31/2016 - 20:30:31: [freak_fortress_2.smx] [FF2 Bosses] Character spyper is missing file 'sound/vo/taunts/spy_taunt_rps_lose_11.mp3' in section 'sound_stabbed'!
L 05/31/2016 - 20:33:35: [freak_fortress_2.smx] [FF2 Bosses] Character spyper is missing file 'sound/vo/taunts/spy_taunt_rps_lose_11.mp3' in section 'sound_stabbed'!
L 05/31/2016 - 20:34:14: [SM] Plugin encountered error 14: Divide by zero
L 05/31/2016 - 20:34:14: [SM] Displaying call stack trace for plugin "ff2_deathmatch.smx":
L 05/31/2016 - 20:34:14: [SM]   [0]  Line 109, C:\ff2_ver2\steamapps\common\Team Fortress 2 Dedicated Server\tf\addons\sourcemod\scripting\ff2_deathmatch.sp::OnPlayerDeath()
L 05/31/2016 - 20:34:29: [freak_fortress_2.smx] [FF2 Bosses] Character spyper is missing file 'sound/vo/taunts/spy_taunt_rps_lose_11.mp3' in section 'sound_stabbed'!
L 05/31/2016 - 20:38:02: [SM] Plugin encountered error 14: Divide by zero
L 05/31/2016 - 20:38:02: [SM] Displaying call stack trace for plugin "ff2_deathmatch.smx":
L 05/31/2016 - 20:38:02: [SM]   [0]  Line 109, C:\ff2_ver2\steamapps\common\Team Fortress 2 Dedicated Server\tf\addons\sourcemod\scripting\ff2_deathmatch.sp::OnPlayerDeath()
L 05/31/2016 - 20:38:53: [freak_fortress_2.smx] [FF2 Bosses] Character fnaf_foxy is missing file 'sound/freak_fortress_2/fnaf_foxy/fnaf3.mp3' in section 'sound_precache'!
L 05/31/2016 - 20:42:06: [SM] Plugin encountered error 14: Divide by zero
L 05/31/2016 - 20:42:06: [SM] Displaying call stack trace for plugin "ff2_deathmatch.smx":
L 05/31/2016 - 20:42:06: [SM]   [0]  Line 109, C:\ff2_ver2\steamapps\common\Team Fortress 2 Dedicated Server\tf\addons\sourcemod\scripting\ff2_deathmatch.sp::OnPlayerDeath()
L 05/31/2016 - 20:45:38: [freak_fortress_2.smx] [FF2 Bosses] Could not find boss svs_white_duo!
L 05/31/2016 - 20:47:34: [SM] Plugin encountered error 14: Divide by zero
L 05/31/2016 - 20:47:34: [SM] Displaying call stack trace for plugin "ff2_deathmatch.smx":
L 05/31/2016 - 20:47:34: [SM]   [0]  Line 109, C:\ff2_ver2\steamapps\common\Team Fortress 2 Dedicated Server\tf\addons\sourcemod\scripting\ff2_deathmatch.sp::OnPlayerDeath()
L 05/31/2016 - 20:51:50: [freak_fortress_2.smx] [FF2 Bosses] Character fnaf_foxy is missing file 'sound/freak_fortress_2/fnaf_foxy/fnaf3.mp3' in section 'sound_precache'!
L 05/31/2016 - 20:56:55: [freak_fortress_2.smx] [FF2 Bosses] Character spyper is missing file 'sound/vo/taunts/spy_taunt_rps_lose_11.mp3' in section 'sound_stabbed'!
L 05/31/2016 - 21:08:45: [freak_fortress_2.smx] [FF2 Bosses] Character fnaf_foxy is missing file 'sound/freak_fortress_2/fnaf_foxy/fnaf3.mp3' in section 'sound_precache'!
L 05/31/2016 - 21:15:16: [SM] Native "TF2_RespawnPlayer" reported: Client index 0 is not valid
L 05/31/2016 - 21:15:16: [SM] Displaying call stack trace for plugin "ff2_deathmatch.smx":
L 05/31/2016 - 21:15:16: [SM]   [0]  Line 124, C:\ff2_ver2\steamapps\common\Team Fortress 2 Dedicated Server\tf\addons\sourcemod\scripting\ff2_deathmatch.sp::OnPlayerDeath()
L 05/31/2016 - 21:15:31: [freak_fortress_2.smx] [FF2 Bosses] Could not find boss svs_white_duo!
L 05/31/2016 - 21:18:27: [SM] Plugin encountered error 14: Divide by zero
L 05/31/2016 - 21:18:27: [SM] Displaying call stack trace for plugin "ff2_deathmatch.smx":
L 05/31/2016 - 21:18:27: [SM]   [0]  Line 109, C:\ff2_ver2\steamapps\common\Team Fortress 2 Dedicated Server\tf\addons\sourcemod\scripting\ff2_deathmatch.sp::OnPlayerDeath()
L 05/31/2016 - 21:21:38: [freak_fortress_2.smx] [FF2 Bosses] Could not find boss svs_white_duo!
L 05/31/2016 - 21:25:52: [SM] Native "TF2_RespawnPlayer" reported: Client index 0 is not valid
L 05/31/2016 - 21:25:52: [SM] Displaying call stack trace for plugin "ff2_deathmatch.smx":
L 05/31/2016 - 21:25:52: [SM]   [0]  Line 124, C:\ff2_ver2\steamapps\common\Team Fortress 2 Dedicated Server\tf\addons\sourcemod\scripting\ff2_deathmatch.sp::OnPlayerDeath()
L 05/31/2016 - 21:29:57: [freak_fortress_2.smx] [FF2 Bosses] Character fnaf_foxy is missing file 'sound/freak_fortress_2/fnaf_foxy/fnaf3.mp3' in section 'sound_precache'!
L 05/31/2016 - 21:29:58: Error log file session closed.
L 05/31/2016 - 21:29:58: SourceMod error session started
L 05/31/2016 - 21:29:58: Info (map "vsh_rooftop_b2") (file "errors_20160531.log")
L 05/31/2016 - 21:29:58: [SM] Warning(s) encountered in translation file "freak_fortress_2.phrases.txt"
L 05/31/2016 - 21:29:58: [SM] Invalid token ' ' in #format property on line 71.
L 05/31/2016 - 21:29:58: [SM] Invalid token ' ' in #format property on line 424.
L 05/31/2016 - 21:29:58: [SM] Invalid token ' ' in #format property on line 429.
L 05/31/2016 - 21:29:58: [SM] Invalid token ' ' in #format property on line 429.
L 05/31/2016 - 21:29:58: [SM] Invalid token ' ' in #format property on line 438.
L 05/31/2016 - 21:29:58: [SM] Invalid token ' ' in #format property on line 438.
L 05/31/2016 - 21:29:58: [SM] Invalid token ' ' in #format property on line 438.
L 05/31/2016 - 21:29:58: [SM] Unable to load plugin "rockthevote.smx": Could not find required plugin "mapchooser"
L 05/31/2016 - 21:30:04: [nextmap.smx] FATAL: Cannot load map cycle. Nextmap not loaded.
L 05/31/2016 - 21:30:04: [SM] Plugin encountered error 25: Call was aborted
L 05/31/2016 - 21:30:04: [SM] Native "SetFailState" reported: Mapcycle Not Found
L 05/31/2016 - 21:30:04: [SM] Displaying call stack trace for plugin "nextmap.smx":
L 05/31/2016 - 21:30:04: [SM]   [0]  Line 139, D:\builds\build-sourcemod-msvc12\windows-1.7\build\plugins\nextmap.sp::FindAndSetNextMap()
L 05/31/2016 - 21:30:04: [SM]   [1]  Line 109, D:\builds\build-sourcemod-msvc12\windows-1.7\build\plugins\nextmap.sp::OnConfigsExecuted()
L 05/31/2016 - 21:39:19: [freak_fortress_2.smx] [FF2 Bosses] Character spyper is missing file 'sound/vo/taunts/spy_taunt_rps_lose_11.mp3' in section 'sound_stabbed'!
L 05/31/2016 - 21:47:19: [freak_fortress_2.smx] [FF2 Bosses] Character spyper is missing file 'sound/vo/taunts/spy_taunt_rps_lose_11.mp3' in section 'sound_stabbed'!
L 05/31/2016 - 21:49:03: [SM] Plugin encountered error 14: Divide by zero
L 05/31/2016 - 21:49:03: [SM] Displaying call stack trace for plugin "ff2_deathmatch.smx":
L 05/31/2016 - 21:49:03: [SM]   [0]  Line 109, C:\ff2_ver2\steamapps\common\Team Fortress 2 Dedicated Server\tf\addons\sourcemod\scripting\ff2_deathmatch.sp::OnPlayerDeath()
L 05/31/2016 - 21:54:19: [SM] Plugin encountered error 14: Divide by zero
L 05/31/2016 - 21:54:19: [SM] Displaying call stack trace for plugin "ff2_deathmatch.smx":
L 05/31/2016 - 21:54:19: [SM]   [0]  Line 109, C:\ff2_ver2\steamapps\common\Team Fortress 2 Dedicated Server\tf\addons\sourcemod\scripting\ff2_deathmatch.sp::OnPlayerDeath()
L 05/31/2016 - 21:57:41: [SM] Native "TF2_RespawnPlayer" reported: Client index 0 is not valid
L 05/31/2016 - 21:57:41: [SM] Displaying call stack trace for plugin "ff2_deathmatch.smx":
L 05/31/2016 - 21:57:41: [SM]   [0]  Line 124, C:\ff2_ver2\steamapps\common\Team Fortress 2 Dedicated Server\tf\addons\sourcemod\scripting\ff2_deathmatch.sp::OnPlayerDeath()
L 05/31/2016 - 22:00:30: [SM] Plugin encountered error 14: Divide by zero
L 05/31/2016 - 22:00:30: [SM] Displaying call stack trace for plugin "ff2_deathmatch.smx":
L 05/31/2016 - 22:00:30: [SM]   [0]  Line 109, C:\ff2_ver2\steamapps\common\Team Fortress 2 Dedicated Server\tf\addons\sourcemod\scripting\ff2_deathmatch.sp::OnPlayerDeath()
L 05/31/2016 - 22:04:38: [SM] Native "TF2_RespawnPlayer" reported: Client index 0 is not valid
L 05/31/2016 - 22:04:38: [SM] Displaying call stack trace for plugin "ff2_deathmatch.smx":
L 05/31/2016 - 22:04:38: [SM]   [0]  Line 124, C:\ff2_ver2\steamapps\common\Team Fortress 2 Dedicated Server\tf\addons\sourcemod\scripting\ff2_deathmatch.sp::OnPlayerDeath()
L 05/31/2016 - 22:05:52: Error log file session closed.
L 05/31/2016 - 22:05:52: SourceMod error session started
L 05/31/2016 - 22:05:52: Info (map "vsh_rooftop_b2") (file "errors_20160531.log")
L 05/31/2016 - 22:05:52: [SM] Warning(s) encountered in translation file "freak_fortress_2.phrases.txt"
L 05/31/2016 - 22:05:52: [SM] Invalid token ' ' in #format property on line 71.
L 05/31/2016 - 22:05:52: [SM] Invalid token ' ' in #format property on line 424.
L 05/31/2016 - 22:05:52: [SM] Invalid token ' ' in #format property on line 429.
L 05/31/2016 - 22:05:52: [SM] Invalid token ' ' in #format property on line 429.
L 05/31/2016 - 22:05:52: [SM] Invalid token ' ' in #format property on line 438.
L 05/31/2016 - 22:05:52: [SM] Invalid token ' ' in #format property on line 438.
L 05/31/2016 - 22:05:52: [SM] Invalid token ' ' in #format property on line 438.
L 05/31/2016 - 22:05:52: [SM] Unable to load plugin "rockthevote.smx": Could not find required plugin "mapchooser"
L 05/31/2016 - 22:05:57: [nextmap.smx] FATAL: Cannot load map cycle. Nextmap not loaded.
L 05/31/2016 - 22:05:57: [SM] Plugin encountered error 25: Call was aborted
L 05/31/2016 - 22:05:57: [SM] Native "SetFailState" reported: Mapcycle Not Found
L 05/31/2016 - 22:05:57: [SM] Displaying call stack trace for plugin "nextmap.smx":
L 05/31/2016 - 22:05:57: [SM]   [0]  Line 139, D:\builds\build-sourcemod-msvc12\windows-1.7\build\plugins\nextmap.sp::FindAndSetNextMap()
L 05/31/2016 - 22:05:57: [SM]   [1]  Line 109, D:\builds\build-sourcemod-msvc12\windows-1.7\build\plugins\nextmap.sp::OnConfigsExecuted()
L 05/31/2016 - 22:06:17: Error log file session closed.
L 05/31/2016 - 22:06:17: SourceMod error session started
L 05/31/2016 - 22:06:17: Info (map "vsh_manncohq_v14") (file "errors_20160531.log")
L 05/31/2016 - 22:06:17: [SM] Warning(s) encountered in translation file "freak_fortress_2.phrases.txt"
L 05/31/2016 - 22:06:17: [SM] Invalid token ' ' in #format property on line 71.
L 05/31/2016 - 22:06:17: [SM] Invalid token ' ' in #format property on line 424.
L 05/31/2016 - 22:06:17: [SM] Invalid token ' ' in #format property on line 429.
L 05/31/2016 - 22:06:17: [SM] Invalid token ' ' in #format property on line 429.
L 05/31/2016 - 22:06:17: [SM] Invalid token ' ' in #format property on line 438.
L 05/31/2016 - 22:06:17: [SM] Invalid token ' ' in #format property on line 438.
L 05/31/2016 - 22:06:17: [SM] Invalid token ' ' in #format property on line 438.
L 05/31/2016 - 22:06:17: [SM] Unable to load plugin "rockthevote.smx": Could not find required plugin "mapchooser"
L 05/31/2016 - 22:06:22: [nextmap.smx] FATAL: Cannot load map cycle. Nextmap not loaded.
L 05/31/2016 - 22:06:22: [SM] Plugin encountered error 25: Call was aborted
L 05/31/2016 - 22:06:22: [SM] Native "SetFailState" reported: Mapcycle Not Found
L 05/31/2016 - 22:06:22: [SM] Displaying call stack trace for plugin "nextmap.smx":
L 05/31/2016 - 22:06:22: [SM]   [0]  Line 139, D:\builds\build-sourcemod-msvc12\windows-1.7\build\plugins\nextmap.sp::FindAndSetNextMap()
L 05/31/2016 - 22:06:22: [SM]   [1]  Line 109, D:\builds\build-sourcemod-msvc12\windows-1.7\build\plugins\nextmap.sp::OnConfigsExecuted()
L 05/31/2016 - 22:09:05: [SM] Plugin encountered error 14: Divide by zero
L 05/31/2016 - 22:09:05: [SM] Displaying call stack trace for plugin "ff2_deathmatch.smx":
L 05/31/2016 - 22:09:05: [SM]   [0]  Line 109, C:\ff2_ver2\steamapps\common\Team Fortress 2 Dedicated Server\tf\addons\sourcemod\scripting\ff2_deathmatch.sp::OnPlayerDeath()
L 05/31/2016 - 22:12:39: [SM] Native "TF2_RespawnPlayer" reported: Client index 0 is not valid
L 05/31/2016 - 22:12:39: [SM] Displaying call stack trace for plugin "ff2_deathmatch.smx":
L 05/31/2016 - 22:12:39: [SM]   [0]  Line 124, C:\ff2_ver2\steamapps\common\Team Fortress 2 Dedicated Server\tf\addons\sourcemod\scripting\ff2_deathmatch.sp::OnPlayerDeath()
L 05/31/2016 - 22:13:54: [SM] Plugin encountered error 14: Divide by zero
L 05/31/2016 - 22:13:54: [SM] Displaying call stack trace for plugin "ff2_deathmatch.smx":
L 05/31/2016 - 22:13:54: [SM]   [0]  Line 109, C:\ff2_ver2\steamapps\common\Team Fortress 2 Dedicated Server\tf\addons\sourcemod\scripting\ff2_deathmatch.sp::OnPlayerDeath()
L 05/31/2016 - 22:17:22: [SM] Plugin encountered error 14: Divide by zero
L 05/31/2016 - 22:17:22: [SM] Displaying call stack trace for plugin "ff2_deathmatch.smx":
L 05/31/2016 - 22:17:22: [SM]   [0]  Line 109, C:\ff2_ver2\steamapps\common\Team Fortress 2 Dedicated Server\tf\addons\sourcemod\scripting\ff2_deathmatch.sp::OnPlayerDeath()
L 05/31/2016 - 22:21:29: [freak_fortress_2.smx] [FF2 Bosses] Character spyper is missing file 'sound/vo/taunts/spy_taunt_rps_lose_11.mp3' in section 'sound_stabbed'!
L 05/31/2016 - 22:29:02: [SM] Plugin encountered error 14: Divide by zero
L 05/31/2016 - 22:29:02: [SM] Displaying call stack trace for plugin "ff2_deathmatch.smx":
L 05/31/2016 - 22:29:02: [SM]   [0]  Line 109, C:\ff2_ver2\steamapps\common\Team Fortress 2 Dedicated Server\tf\addons\sourcemod\scripting\ff2_deathmatch.sp::OnPlayerDeath()
L 05/31/2016 - 22:35:18: [SM] Plugin encountered error 14: Divide by zero
L 05/31/2016 - 22:35:18: [SM] Displaying call stack trace for plugin "ff2_deathmatch.smx":
L 05/31/2016 - 22:35:18: [SM]   [0]  Line 109, C:\ff2_ver2\steamapps\common\Team Fortress 2 Dedicated Server\tf\addons\sourcemod\scripting\ff2_deathmatch.sp::OnPlayerDeath()
L 05/31/2016 - 22:36:32: [SM] Plugin encountered error 14: Divide by zero
L 05/31/2016 - 22:36:32: [SM] Displaying call stack trace for plugin "ff2_deathmatch.smx":
L 05/31/2016 - 22:36:32: [SM]   [0]  Line 109, C:\ff2_ver2\steamapps\common\Team Fortress 2 Dedicated Server\tf\addons\sourcemod\scripting\ff2_deathmatch.sp::OnPlayerDeath()
L 05/31/2016 - 22:36:47: [freak_fortress_2.smx] [FF2 Bosses] Character spyper is missing file 'sound/vo/taunts/spy_taunt_rps_lose_11.mp3' in section 'sound_stabbed'!
L 05/31/2016 - 22:42:51: Error log file session closed.
