L 04/29/2016 - 20:48:27: SourceMod error session started
L 04/29/2016 - 20:48:27: Info (map "vsh_apg_v2") (file "errors_20160429.log")
L 04/29/2016 - 20:48:27: [SM] Warning(s) encountered in translation file "freak_fortress_2.phrases.txt"
L 04/29/2016 - 20:48:27: [SM] Invalid token ' ' in #format property on line 71.
L 04/29/2016 - 20:48:27: [SM] Invalid token ' ' in #format property on line 230.
L 04/29/2016 - 20:48:27: [SM] Invalid token '[' in #format property on line 230.
L 04/29/2016 - 20:48:27: [SM] Invalid token '3' in #format property on line 230.
L 04/29/2016 - 20:48:27: [SM] Invalid token ':' in #format property on line 230.
L 04/29/2016 - 20:48:27: [SM] Invalid token ']' in #format property on line 230.
L 04/29/2016 - 20:48:27: [SM] Invalid token ' ' in #format property on line 235.
L 04/29/2016 - 20:48:27: [SM] Invalid token ' ' in #format property on line 424.
L 04/29/2016 - 20:48:27: [SM] Invalid token ' ' in #format property on line 429.
L 04/29/2016 - 20:48:27: [SM] Invalid token ' ' in #format property on line 429.
L 04/29/2016 - 20:48:27: [SM] Invalid token ' ' in #format property on line 438.
L 04/29/2016 - 20:48:27: [SM] Invalid token ' ' in #format property on line 438.
L 04/29/2016 - 20:48:27: [SM] Invalid token ' ' in #format property on line 438.
L 04/29/2016 - 20:48:44: [freak_fortress_2.smx] [FF2 Bosses] Character danmedic is missing file 'sound/freak_fortress_2/s93dm/dm_playerdeath.mp3'!
L 04/29/2016 - 20:52:35: SourceMod error session started
L 04/29/2016 - 20:52:35: Info (map "vsh_apg_v2") (file "errors_20160429.log")
L 04/29/2016 - 20:52:35: [SM] Warning(s) encountered in translation file "freak_fortress_2.phrases.txt"
L 04/29/2016 - 20:52:35: [SM] Invalid token ' ' in #format property on line 71.
L 04/29/2016 - 20:52:35: [SM] Invalid token ' ' in #format property on line 230.
L 04/29/2016 - 20:52:35: [SM] Invalid token '[' in #format property on line 230.
L 04/29/2016 - 20:52:35: [SM] Invalid token '3' in #format property on line 230.
L 04/29/2016 - 20:52:35: [SM] Invalid token ':' in #format property on line 230.
L 04/29/2016 - 20:52:35: [SM] Invalid token ']' in #format property on line 230.
L 04/29/2016 - 20:52:35: [SM] Invalid token ' ' in #format property on line 235.
L 04/29/2016 - 20:52:35: [SM] Invalid token ' ' in #format property on line 424.
L 04/29/2016 - 20:52:35: [SM] Invalid token ' ' in #format property on line 429.
L 04/29/2016 - 20:52:35: [SM] Invalid token ' ' in #format property on line 429.
L 04/29/2016 - 20:52:35: [SM] Invalid token ' ' in #format property on line 438.
L 04/29/2016 - 20:52:35: [SM] Invalid token ' ' in #format property on line 438.
L 04/29/2016 - 20:52:35: [SM] Invalid token ' ' in #format property on line 438.
L 04/29/2016 - 20:52:51: [freak_fortress_2.smx] [FF2 Bosses] Character danmedic is missing file 'sound/freak_fortress_2/s93dm/dm_playerdeath.mp3'!
L 04/29/2016 - 21:24:22: Error log file session closed.
