L 06/06/2016 - 12:38:04: SourceMod error session started
L 06/06/2016 - 12:38:04: Info (map "vsh_apg_v2") (file "errors_20160606.log")
L 06/06/2016 - 12:38:04: [SM] Warning(s) encountered in translation file "freak_fortress_2.phrases.txt"
L 06/06/2016 - 12:38:04: [SM] Invalid token ' ' in #format property on line 71.
L 06/06/2016 - 12:38:04: [SM] Invalid token ' ' in #format property on line 424.
L 06/06/2016 - 12:38:04: [SM] Invalid token ' ' in #format property on line 429.
L 06/06/2016 - 12:38:04: [SM] Invalid token ' ' in #format property on line 429.
L 06/06/2016 - 12:38:04: [SM] Invalid token ' ' in #format property on line 438.
L 06/06/2016 - 12:38:04: [SM] Invalid token ' ' in #format property on line 438.
L 06/06/2016 - 12:38:04: [SM] Invalid token ' ' in #format property on line 438.
L 06/06/2016 - 12:38:04: [SM] Unable to load plugin "rockthevote.smx": Could not find required plugin "mapchooser"
L 06/06/2016 - 12:38:20: [nextmap.smx] FATAL: Cannot load map cycle. Nextmap not loaded.
L 06/06/2016 - 12:38:20: [SM] Plugin encountered error 25: Call was aborted
L 06/06/2016 - 12:38:20: [SM] Native "SetFailState" reported: Mapcycle Not Found
L 06/06/2016 - 12:38:20: [SM] Displaying call stack trace for plugin "nextmap.smx":
L 06/06/2016 - 12:38:20: [SM]   [0]  Line 139, D:\builds\build-sourcemod-msvc12\windows-1.7\build\plugins\nextmap.sp::FindAndSetNextMap()
L 06/06/2016 - 12:38:20: [SM]   [1]  Line 109, D:\builds\build-sourcemod-msvc12\windows-1.7\build\plugins\nextmap.sp::OnConfigsExecuted()
L 06/06/2016 - 12:40:53: [SM] Plugin encountered error 30: Script execution timed out
L 06/06/2016 - 12:40:53: [SM] Native "FF2_GetBossIndex" reported: Error encountered while processing a dynamic native
L 06/06/2016 - 12:40:53: [SM] Displaying call stack trace for plugin "ff2_deathmatch.smx":
L 06/06/2016 - 12:40:53: [SM]   [0]  Line 563, C:\ff2_ver2\steamapps\common\Team Fortress 2 Dedicated Server\tf\addons\sourcemod\scripting\ff2_deathmatch.sp::IsBoss()
L 06/06/2016 - 12:40:53: [SM]   [1]  Line 342, C:\ff2_ver2\steamapps\common\Team Fortress 2 Dedicated Server\tf\addons\sourcemod\scripting\ff2_deathmatch.sp::FindAnotherPerson()
L 06/06/2016 - 12:40:53: [SM]   [2]  Line 201, C:\ff2_ver2\steamapps\common\Team Fortress 2 Dedicated Server\tf\addons\sourcemod\scripting\ff2_deathmatch.sp::OnPlayerDeath()
L 06/06/2016 - 12:40:53: [SM] Native "ReadPackCell" reported: DataPack operation is out of bounds.
L 06/06/2016 - 12:40:53: [SM] Displaying call stack trace for plugin "ff2_deathmatch.smx":
L 06/06/2016 - 12:40:53: [SM]   [0]  Line 230, C:\ff2_ver2\steamapps\common\Team Fortress 2 Dedicated Server\tf\addons\sourcemod\scripting\ff2_deathmatch.sp::LastManCheck()
L 06/06/2016 - 15:42:57: Error log file session closed.
L 06/06/2016 - 15:44:11: SourceMod error session started
L 06/06/2016 - 15:44:11: Info (map "vsh_apg_v2") (file "errors_20160606.log")
L 06/06/2016 - 15:44:11: [SM] Warning(s) encountered in translation file "freak_fortress_2.phrases.txt"
L 06/06/2016 - 15:44:11: [SM] Invalid token ' ' in #format property on line 71.
L 06/06/2016 - 15:44:11: [SM] Invalid token ' ' in #format property on line 424.
L 06/06/2016 - 15:44:11: [SM] Invalid token ' ' in #format property on line 429.
L 06/06/2016 - 15:44:11: [SM] Invalid token ' ' in #format property on line 429.
L 06/06/2016 - 15:44:11: [SM] Invalid token ' ' in #format property on line 438.
L 06/06/2016 - 15:44:11: [SM] Invalid token ' ' in #format property on line 438.
L 06/06/2016 - 15:44:11: [SM] Invalid token ' ' in #format property on line 438.
L 06/06/2016 - 15:44:11: [SM] Unable to load plugin "rockthevote.smx": Could not find required plugin "mapchooser"
L 06/06/2016 - 15:44:28: [nextmap.smx] FATAL: Cannot load map cycle. Nextmap not loaded.
L 06/06/2016 - 15:44:28: [SM] Plugin encountered error 25: Call was aborted
L 06/06/2016 - 15:44:28: [SM] Native "SetFailState" reported: Mapcycle Not Found
L 06/06/2016 - 15:44:28: [SM] Displaying call stack trace for plugin "nextmap.smx":
L 06/06/2016 - 15:44:28: [SM]   [0]  Line 139, D:\builds\build-sourcemod-msvc12\windows-1.7\build\plugins\nextmap.sp::FindAndSetNextMap()
L 06/06/2016 - 15:44:28: [SM]   [1]  Line 109, D:\builds\build-sourcemod-msvc12\windows-1.7\build\plugins\nextmap.sp::OnConfigsExecuted()
L 06/06/2016 - 16:03:06: [SM] Native "SetEntPropEnt" reported: Entity 2 (2) is invalid
L 06/06/2016 - 16:03:06: [SM] Displaying call stack trace for plugin "ff2_deathmatch.smx":
L 06/06/2016 - 16:03:06: [SM]   [0]  Line 261, C:\ff2_ver2\steamapps\common\Team Fortress 2 Dedicated Server\tf\addons\sourcemod\scripting\ff2_deathmatch.sp::LastManCheck()
L 06/06/2016 - 16:21:24: Error log file session closed.
L 06/06/2016 - 16:21:24: SourceMod error session started
L 06/06/2016 - 16:21:24: Info (map "vsh_snowflakes_b1") (file "errors_20160606.log")
L 06/06/2016 - 16:21:24: [SM] Warning(s) encountered in translation file "freak_fortress_2.phrases.txt"
L 06/06/2016 - 16:21:24: [SM] Invalid token ' ' in #format property on line 71.
L 06/06/2016 - 16:21:24: [SM] Invalid token ' ' in #format property on line 424.
L 06/06/2016 - 16:21:24: [SM] Invalid token ' ' in #format property on line 429.
L 06/06/2016 - 16:21:24: [SM] Invalid token ' ' in #format property on line 429.
L 06/06/2016 - 16:21:24: [SM] Invalid token ' ' in #format property on line 438.
L 06/06/2016 - 16:21:24: [SM] Invalid token ' ' in #format property on line 438.
L 06/06/2016 - 16:21:24: [SM] Invalid token ' ' in #format property on line 438.
L 06/06/2016 - 16:21:24: [SM] Unable to load plugin "rockthevote.smx": Could not find required plugin "mapchooser"
L 06/06/2016 - 16:21:30: [nextmap.smx] FATAL: Cannot load map cycle. Nextmap not loaded.
L 06/06/2016 - 16:21:30: [SM] Plugin encountered error 25: Call was aborted
L 06/06/2016 - 16:21:30: [SM] Native "SetFailState" reported: Mapcycle Not Found
L 06/06/2016 - 16:21:30: [SM] Displaying call stack trace for plugin "nextmap.smx":
L 06/06/2016 - 16:21:30: [SM]   [0]  Line 139, D:\builds\build-sourcemod-msvc12\windows-1.7\build\plugins\nextmap.sp::FindAndSetNextMap()
L 06/06/2016 - 16:21:30: [SM]   [1]  Line 109, D:\builds\build-sourcemod-msvc12\windows-1.7\build\plugins\nextmap.sp::OnConfigsExecuted()
L 06/06/2016 - 16:23:01: [freak_fortress_2.smx] [FF2 Bosses] Character spyper is missing file 'sound/vo/taunts/spy_taunt_rps_lose_11.mp3' in section 'sound_stabbed'!
L 06/06/2016 - 16:27:04: [SM] Native "GetEntPropString" reported: Entity -1 (-1) is invalid
L 06/06/2016 - 16:27:04: [SM] Displaying call stack trace for plugin "throwsap.smx":
L 06/06/2016 - 16:27:04: [SM]   [0]  Line 472, C:\ff2_ver2\steamapps\common\Team Fortress 2 Dedicated Server\tf\addons\sourcemod\scripting\throwsap.sp::DestroySapper()
L 06/06/2016 - 16:27:04: [SM]   [1]  Line 464, C:\ff2_ver2\steamapps\common\Team Fortress 2 Dedicated Server\tf\addons\sourcemod\scripting\throwsap.sp::StopSapping()
L 06/06/2016 - 16:35:48: [freak_fortress_2.smx] [FF2 Bosses] Character spyper is missing file 'sound/vo/taunts/spy_taunt_rps_lose_11.mp3' in section 'sound_stabbed'!
L 06/06/2016 - 16:42:48: [freak_fortress_2.smx] [FF2 Bosses] Character spyper is missing file 'sound/vo/taunts/spy_taunt_rps_lose_11.mp3' in section 'sound_stabbed'!
L 06/06/2016 - 16:42:56: [SM] Native "GetEntPropString" reported: Entity -1 (-1) is invalid
L 06/06/2016 - 16:42:56: [SM] Displaying call stack trace for plugin "throwsap.smx":
L 06/06/2016 - 16:42:56: [SM]   [0]  Line 472, C:\ff2_ver2\steamapps\common\Team Fortress 2 Dedicated Server\tf\addons\sourcemod\scripting\throwsap.sp::DestroySapper()
L 06/06/2016 - 16:42:56: [SM]   [1]  Line 189, C:\ff2_ver2\steamapps\common\Team Fortress 2 Dedicated Server\tf\addons\sourcemod\scripting\throwsap.sp::OnClientDisconnect()
L 06/06/2016 - 16:42:57: Error log file session closed.
L 06/06/2016 - 19:35:20: SourceMod error session started
L 06/06/2016 - 19:35:20: Info (map "vsh_apg_v2") (file "errors_20160606.log")
L 06/06/2016 - 19:35:20: [SM] Warning(s) encountered in translation file "freak_fortress_2.phrases.txt"
L 06/06/2016 - 19:35:20: [SM] Invalid token ' ' in #format property on line 71.
L 06/06/2016 - 19:35:20: [SM] Invalid token ' ' in #format property on line 424.
L 06/06/2016 - 19:35:20: [SM] Invalid token ' ' in #format property on line 429.
L 06/06/2016 - 19:35:20: [SM] Invalid token ' ' in #format property on line 429.
L 06/06/2016 - 19:35:20: [SM] Invalid token ' ' in #format property on line 438.
L 06/06/2016 - 19:35:20: [SM] Invalid token ' ' in #format property on line 438.
L 06/06/2016 - 19:35:20: [SM] Invalid token ' ' in #format property on line 438.
L 06/06/2016 - 19:35:20: [SM] Unable to load plugin "rockthevote.smx": Could not find required plugin "mapchooser"
L 06/06/2016 - 19:35:36: [nextmap.smx] FATAL: Cannot load map cycle. Nextmap not loaded.
L 06/06/2016 - 19:35:36: [SM] Plugin encountered error 25: Call was aborted
L 06/06/2016 - 19:35:36: [SM] Native "SetFailState" reported: Mapcycle Not Found
L 06/06/2016 - 19:35:36: [SM] Displaying call stack trace for plugin "nextmap.smx":
L 06/06/2016 - 19:35:36: [SM]   [0]  Line 139, D:\builds\build-sourcemod-msvc12\windows-1.7\build\plugins\nextmap.sp::FindAndSetNextMap()
L 06/06/2016 - 19:35:36: [SM]   [1]  Line 109, D:\builds\build-sourcemod-msvc12\windows-1.7\build\plugins\nextmap.sp::OnConfigsExecuted()
L 06/06/2016 - 19:42:32: [SM] Plugin encountered error 30: Script execution timed out
L 06/06/2016 - 19:42:32: [SM] Displaying call stack trace for plugin "ff2_deathmatch.smx":
L 06/06/2016 - 19:42:32: [SM]   [0]  Line 200, C:\ff2_ver2\steamapps\common\Team Fortress 2 Dedicated Server\tf\addons\sourcemod\scripting\ff2_deathmatch.sp::OnPlayerDeath()
L 06/06/2016 - 19:42:33: [SM] Native "ReadPackCell" reported: DataPack operation is out of bounds.
L 06/06/2016 - 19:42:33: [SM] Displaying call stack trace for plugin "ff2_deathmatch.smx":
L 06/06/2016 - 19:42:33: [SM]   [0]  Line 227, C:\ff2_ver2\steamapps\common\Team Fortress 2 Dedicated Server\tf\addons\sourcemod\scripting\ff2_deathmatch.sp::LastManCheck()
L 06/06/2016 - 19:50:08: [freak_fortress_2.smx] [FF2 Bosses] Character spyper is missing file 'sound/vo/taunts/spy_taunt_rps_lose_11.mp3' in section 'sound_stabbed'!
L 06/06/2016 - 19:55:08: [freak_fortress_2.smx] [FF2 Bosses] Character spyper is missing file 'sound/vo/taunts/spy_taunt_rps_lose_11.mp3' in section 'sound_stabbed'!
L 06/06/2016 - 20:01:09: [freak_fortress_2.smx] [FF2 Bosses] Character spyper is missing file 'sound/vo/taunts/spy_taunt_rps_lose_11.mp3' in section 'sound_stabbed'!
L 06/06/2016 - 20:17:37: [SM] Plugin encountered error 30: Script execution timed out
L 06/06/2016 - 20:17:37: [SM] Displaying call stack trace for plugin "ff2_deathmatch.smx":
L 06/06/2016 - 20:17:37: [SM]   [0]  Line 200, C:\ff2_ver2\steamapps\common\Team Fortress 2 Dedicated Server\tf\addons\sourcemod\scripting\ff2_deathmatch.sp::OnPlayerDeath()
L 06/06/2016 - 20:17:37: [SM] Native "ReadPackCell" reported: DataPack operation is out of bounds.
L 06/06/2016 - 20:17:37: [SM] Displaying call stack trace for plugin "ff2_deathmatch.smx":
L 06/06/2016 - 20:17:37: [SM]   [0]  Line 227, C:\ff2_ver2\steamapps\common\Team Fortress 2 Dedicated Server\tf\addons\sourcemod\scripting\ff2_deathmatch.sp::LastManCheck()
L 06/06/2016 - 20:46:31: [SM] Native "KillTimer" reported: Invalid timer handle 59ed0150 (error 3)
L 06/06/2016 - 20:46:31: [SM] Displaying call stack trace for plugin "freak_fortress_2.smx":
L 06/06/2016 - 20:46:31: [SM]   [0]  Line 3274, C:\ff2_ver2\steamapps\common\Team Fortress 2 Dedicated Server\tf\addons\sourcemod\scripting\freak_fortress_2.sp::StopMusic()
L 06/06/2016 - 20:46:31: [SM]   [1]  Line 9715, C:\ff2_ver2\steamapps\common\Team Fortress 2 Dedicated Server\tf\addons\sourcemod\scripting\freak_fortress_2.sp::Native_StopMusic()
L 06/06/2016 - 20:46:31: [SM] Native "FF2_StopMusic" reported: Error encountered while processing a dynamic native
L 06/06/2016 - 20:46:31: [SM] Displaying call stack trace for plugin "ff2_deathmatch.smx":
L 06/06/2016 - 20:46:31: [SM]   [0]  Line 75, C:\ff2_ver2\steamapps\common\Team Fortress 2 Dedicated Server\tf\addons\sourcemod\scripting\ff2_deathmatch.sp::OnPlayerDeath()
L 06/06/2016 - 20:46:31: [SM] Native "KillTimer" reported: Invalid timer handle 59ed0150 (error 1)
L 06/06/2016 - 20:46:31: [SM] Displaying call stack trace for plugin "freak_fortress_2.smx":
L 06/06/2016 - 20:46:31: [SM]   [0]  Line 3274, C:\ff2_ver2\steamapps\common\Team Fortress 2 Dedicated Server\tf\addons\sourcemod\scripting\freak_fortress_2.sp::StopMusic()
L 06/06/2016 - 20:46:31: [SM]   [1]  Line 2770, C:\ff2_ver2\steamapps\common\Team Fortress 2 Dedicated Server\tf\addons\sourcemod\scripting\freak_fortress_2.sp::OnRoundEnd()
L 06/06/2016 - 20:48:55: [SM] Native "KillTimer" reported: Invalid timer handle 59ed0150 (error 3)
L 06/06/2016 - 20:48:55: [SM] Displaying call stack trace for plugin "freak_fortress_2.smx":
L 06/06/2016 - 20:48:55: [SM]   [0]  Line 3274, C:\ff2_ver2\steamapps\common\Team Fortress 2 Dedicated Server\tf\addons\sourcemod\scripting\freak_fortress_2.sp::StopMusic()
L 06/06/2016 - 20:48:55: [SM]   [1]  Line 9715, C:\ff2_ver2\steamapps\common\Team Fortress 2 Dedicated Server\tf\addons\sourcemod\scripting\freak_fortress_2.sp::Native_StopMusic()
L 06/06/2016 - 20:48:55: [SM] Native "FF2_StopMusic" reported: Error encountered while processing a dynamic native
L 06/06/2016 - 20:48:55: [SM] Displaying call stack trace for plugin "ff2_deathmatch.smx":
L 06/06/2016 - 20:48:55: [SM]   [0]  Line 75, C:\ff2_ver2\steamapps\common\Team Fortress 2 Dedicated Server\tf\addons\sourcemod\scripting\ff2_deathmatch.sp::OnPlayerDeath()
L 06/06/2016 - 20:48:55: [SM] Native "KillTimer" reported: Invalid timer handle 59ed0150 (error 3)
L 06/06/2016 - 20:48:55: [SM] Displaying call stack trace for plugin "freak_fortress_2.smx":
L 06/06/2016 - 20:48:55: [SM]   [0]  Line 3274, C:\ff2_ver2\steamapps\common\Team Fortress 2 Dedicated Server\tf\addons\sourcemod\scripting\freak_fortress_2.sp::StopMusic()
L 06/06/2016 - 20:48:55: [SM]   [1]  Line 2770, C:\ff2_ver2\steamapps\common\Team Fortress 2 Dedicated Server\tf\addons\sourcemod\scripting\freak_fortress_2.sp::OnRoundEnd()
L 06/06/2016 - 20:50:40: [SM] Native "KillTimer" reported: Invalid timer handle 59ed0150 (error 3)
L 06/06/2016 - 20:50:40: [SM] Displaying call stack trace for plugin "freak_fortress_2.smx":
L 06/06/2016 - 20:50:40: [SM]   [0]  Line 3274, C:\ff2_ver2\steamapps\common\Team Fortress 2 Dedicated Server\tf\addons\sourcemod\scripting\freak_fortress_2.sp::StopMusic()
L 06/06/2016 - 20:50:40: [SM]   [1]  Line 9715, C:\ff2_ver2\steamapps\common\Team Fortress 2 Dedicated Server\tf\addons\sourcemod\scripting\freak_fortress_2.sp::Native_StopMusic()
L 06/06/2016 - 20:50:40: [SM] Native "FF2_StopMusic" reported: Error encountered while processing a dynamic native
L 06/06/2016 - 20:50:40: [SM] Displaying call stack trace for plugin "ff2_deathmatch.smx":
L 06/06/2016 - 20:50:40: [SM]   [0]  Line 75, C:\ff2_ver2\steamapps\common\Team Fortress 2 Dedicated Server\tf\addons\sourcemod\scripting\ff2_deathmatch.sp::OnPlayerDeath()
L 06/06/2016 - 20:50:40: [SM] Native "KillTimer" reported: Invalid timer handle 59ed0150 (error 3)
L 06/06/2016 - 20:50:40: [SM] Displaying call stack trace for plugin "freak_fortress_2.smx":
L 06/06/2016 - 20:50:40: [SM]   [0]  Line 3274, C:\ff2_ver2\steamapps\common\Team Fortress 2 Dedicated Server\tf\addons\sourcemod\scripting\freak_fortress_2.sp::StopMusic()
L 06/06/2016 - 20:50:40: [SM]   [1]  Line 2770, C:\ff2_ver2\steamapps\common\Team Fortress 2 Dedicated Server\tf\addons\sourcemod\scripting\freak_fortress_2.sp::OnRoundEnd()
L 06/06/2016 - 20:52:56: [SM] Native "KillTimer" reported: Invalid timer handle 59ed0150 (error 1)
L 06/06/2016 - 20:52:56: [SM] Displaying call stack trace for plugin "freak_fortress_2.smx":
L 06/06/2016 - 20:52:56: [SM]   [0]  Line 3274, C:\ff2_ver2\steamapps\common\Team Fortress 2 Dedicated Server\tf\addons\sourcemod\scripting\freak_fortress_2.sp::StopMusic()
L 06/06/2016 - 20:52:56: [SM]   [1]  Line 9715, C:\ff2_ver2\steamapps\common\Team Fortress 2 Dedicated Server\tf\addons\sourcemod\scripting\freak_fortress_2.sp::Native_StopMusic()
L 06/06/2016 - 20:52:56: [SM] Native "FF2_StopMusic" reported: Error encountered while processing a dynamic native
L 06/06/2016 - 20:52:56: [SM] Displaying call stack trace for plugin "ff2_deathmatch.smx":
L 06/06/2016 - 20:52:56: [SM]   [0]  Line 75, C:\ff2_ver2\steamapps\common\Team Fortress 2 Dedicated Server\tf\addons\sourcemod\scripting\ff2_deathmatch.sp::OnPlayerDeath()
L 06/06/2016 - 20:52:56: [SM] Native "KillTimer" reported: Invalid timer handle 59ed0150 (error 1)
L 06/06/2016 - 20:52:56: [SM] Displaying call stack trace for plugin "freak_fortress_2.smx":
L 06/06/2016 - 20:52:56: [SM]   [0]  Line 3274, C:\ff2_ver2\steamapps\common\Team Fortress 2 Dedicated Server\tf\addons\sourcemod\scripting\freak_fortress_2.sp::StopMusic()
L 06/06/2016 - 20:52:56: [SM]   [1]  Line 2770, C:\ff2_ver2\steamapps\common\Team Fortress 2 Dedicated Server\tf\addons\sourcemod\scripting\freak_fortress_2.sp::OnRoundEnd()
L 06/06/2016 - 20:54:26: [SM] Native "KillTimer" reported: Invalid timer handle 59ed0150 (error 3)
L 06/06/2016 - 20:54:26: [SM] Displaying call stack trace for plugin "freak_fortress_2.smx":
L 06/06/2016 - 20:54:26: [SM]   [0]  Line 3274, C:\ff2_ver2\steamapps\common\Team Fortress 2 Dedicated Server\tf\addons\sourcemod\scripting\freak_fortress_2.sp::StopMusic()
L 06/06/2016 - 20:54:26: [SM]   [1]  Line 9715, C:\ff2_ver2\steamapps\common\Team Fortress 2 Dedicated Server\tf\addons\sourcemod\scripting\freak_fortress_2.sp::Native_StopMusic()
L 06/06/2016 - 20:54:26: [SM] Native "FF2_StopMusic" reported: Error encountered while processing a dynamic native
L 06/06/2016 - 20:54:26: [SM] Displaying call stack trace for plugin "ff2_deathmatch.smx":
L 06/06/2016 - 20:54:26: [SM]   [0]  Line 75, C:\ff2_ver2\steamapps\common\Team Fortress 2 Dedicated Server\tf\addons\sourcemod\scripting\ff2_deathmatch.sp::OnPlayerDeath()
L 06/06/2016 - 20:54:26: [SM] Native "KillTimer" reported: Invalid timer handle 59ed0150 (error 3)
L 06/06/2016 - 20:54:26: [SM] Displaying call stack trace for plugin "freak_fortress_2.smx":
L 06/06/2016 - 20:54:26: [SM]   [0]  Line 3274, C:\ff2_ver2\steamapps\common\Team Fortress 2 Dedicated Server\tf\addons\sourcemod\scripting\freak_fortress_2.sp::StopMusic()
L 06/06/2016 - 20:54:26: [SM]   [1]  Line 2770, C:\ff2_ver2\steamapps\common\Team Fortress 2 Dedicated Server\tf\addons\sourcemod\scripting\freak_fortress_2.sp::OnRoundEnd()
L 06/06/2016 - 20:56:22: [SM] Native "KillTimer" reported: Invalid timer handle 59ed0150 (error 3)
L 06/06/2016 - 20:56:22: [SM] Displaying call stack trace for plugin "freak_fortress_2.smx":
L 06/06/2016 - 20:56:22: [SM]   [0]  Line 3274, C:\ff2_ver2\steamapps\common\Team Fortress 2 Dedicated Server\tf\addons\sourcemod\scripting\freak_fortress_2.sp::StopMusic()
L 06/06/2016 - 20:56:22: [SM]   [1]  Line 9715, C:\ff2_ver2\steamapps\common\Team Fortress 2 Dedicated Server\tf\addons\sourcemod\scripting\freak_fortress_2.sp::Native_StopMusic()
L 06/06/2016 - 20:56:22: [SM] Native "FF2_StopMusic" reported: Error encountered while processing a dynamic native
L 06/06/2016 - 20:56:22: [SM] Displaying call stack trace for plugin "ff2_deathmatch.smx":
L 06/06/2016 - 20:56:22: [SM]   [0]  Line 75, C:\ff2_ver2\steamapps\common\Team Fortress 2 Dedicated Server\tf\addons\sourcemod\scripting\ff2_deathmatch.sp::OnPlayerDeath()
L 06/06/2016 - 20:56:22: [SM] Native "KillTimer" reported: Invalid timer handle 59ed0150 (error 3)
L 06/06/2016 - 20:56:22: [SM] Displaying call stack trace for plugin "freak_fortress_2.smx":
L 06/06/2016 - 20:56:22: [SM]   [0]  Line 3274, C:\ff2_ver2\steamapps\common\Team Fortress 2 Dedicated Server\tf\addons\sourcemod\scripting\freak_fortress_2.sp::StopMusic()
L 06/06/2016 - 20:56:22: [SM]   [1]  Line 2770, C:\ff2_ver2\steamapps\common\Team Fortress 2 Dedicated Server\tf\addons\sourcemod\scripting\freak_fortress_2.sp::OnRoundEnd()
L 06/06/2016 - 20:57:57: [SM] Native "KillTimer" reported: Invalid timer handle 59ed0150 (error 3)
L 06/06/2016 - 20:57:57: [SM] Displaying call stack trace for plugin "freak_fortress_2.smx":
L 06/06/2016 - 20:57:57: [SM]   [0]  Line 3274, C:\ff2_ver2\steamapps\common\Team Fortress 2 Dedicated Server\tf\addons\sourcemod\scripting\freak_fortress_2.sp::StopMusic()
L 06/06/2016 - 20:57:57: [SM]   [1]  Line 9715, C:\ff2_ver2\steamapps\common\Team Fortress 2 Dedicated Server\tf\addons\sourcemod\scripting\freak_fortress_2.sp::Native_StopMusic()
L 06/06/2016 - 20:57:57: [SM] Native "FF2_StopMusic" reported: Error encountered while processing a dynamic native
L 06/06/2016 - 20:57:57: [SM] Displaying call stack trace for plugin "ff2_deathmatch.smx":
L 06/06/2016 - 20:57:57: [SM]   [0]  Line 75, C:\ff2_ver2\steamapps\common\Team Fortress 2 Dedicated Server\tf\addons\sourcemod\scripting\ff2_deathmatch.sp::OnPlayerDeath()
L 06/06/2016 - 20:57:57: [SM] Native "KillTimer" reported: Invalid timer handle 59ed0150 (error 3)
L 06/06/2016 - 20:57:57: [SM] Displaying call stack trace for plugin "freak_fortress_2.smx":
L 06/06/2016 - 20:57:57: [SM]   [0]  Line 3274, C:\ff2_ver2\steamapps\common\Team Fortress 2 Dedicated Server\tf\addons\sourcemod\scripting\freak_fortress_2.sp::StopMusic()
L 06/06/2016 - 20:57:57: [SM]   [1]  Line 2770, C:\ff2_ver2\steamapps\common\Team Fortress 2 Dedicated Server\tf\addons\sourcemod\scripting\freak_fortress_2.sp::OnRoundEnd()
L 06/06/2016 - 20:58:29: [SM] Native "KillTimer" reported: Invalid timer handle 59ed0150 (error 3)
L 06/06/2016 - 20:58:29: [SM] Displaying call stack trace for plugin "freak_fortress_2.smx":
L 06/06/2016 - 20:58:29: [SM]   [0]  Line 1736, C:\ff2_ver2\steamapps\common\Team Fortress 2 Dedicated Server\tf\addons\sourcemod\scripting\freak_fortress_2.sp::DisableFF2()
L 06/06/2016 - 20:58:29: [SM]   [1]  Line 1616, C:\ff2_ver2\steamapps\common\Team Fortress 2 Dedicated Server\tf\addons\sourcemod\scripting\freak_fortress_2.sp::OnMapEnd()
L 06/06/2016 - 20:58:30: Error log file session closed.
