L 03/28/2016 - 20:53:04: SourceMod error session started
L 03/28/2016 - 20:53:04: Info (map "arena_badlands") (file "errors_20160328.log")
L 03/28/2016 - 20:53:04: [SM] Warning(s) encountered in translation file "freak_fortress_2.phrases.txt"
L 03/28/2016 - 20:53:04: [SM] Invalid token ' ' in #format property on line 378.
L 03/28/2016 - 20:53:04: [SM] Invalid token ' ' in #format property on line 378.
L 03/28/2016 - 20:53:04: [SM] Invalid token ' ' in #format property on line 378.
L 03/28/2016 - 20:53:04: [SM] Invalid token ' ' in #format property on line 378.
L 03/28/2016 - 20:53:04: [SM] Invalid token ' ' in #format property on line 378.
L 03/28/2016 - 20:53:04: [SM] Invalid token ' ' in #format property on line 383.
L 03/28/2016 - 20:53:04: [SM] Invalid token ' ' in #format property on line 383.
L 03/28/2016 - 20:53:04: [SM] Invalid token ' ' in #format property on line 383.
L 03/28/2016 - 20:53:04: [SM] Invalid token ' ' in #format property on line 383.
L 03/28/2016 - 20:53:04: [SM] Invalid token ' ' in #format property on line 383.
L 03/28/2016 - 20:53:04: [SM] Invalid token ' ' in #format property on line 383.
L 03/28/2016 - 20:58:06: [SM] Native "IsClientInGame" reported: Client index 0 is invalid
L 03/28/2016 - 20:58:06: [SM] Displaying call stack trace for plugin "freaks\ff2_1st_set_abilities.ff2":
L 03/28/2016 - 20:58:06: [SM]   [0]  Line 114, C:\ff2\steamapps\common\Team Fortress 2 Dedicated Server\tf\addons\sourcemod\scripting\ff2_1st_set_abilities.sp::OnRoundEnd()
L 03/28/2016 - 21:01:37: [SM] Native "IsClientInGame" reported: Client index 0 is invalid
L 03/28/2016 - 21:01:37: [SM] Displaying call stack trace for plugin "freaks\ff2_1st_set_abilities.ff2":
L 03/28/2016 - 21:01:37: [SM]   [0]  Line 114, C:\ff2\steamapps\common\Team Fortress 2 Dedicated Server\tf\addons\sourcemod\scripting\ff2_1st_set_abilities.sp::OnRoundEnd()
L 03/28/2016 - 21:04:29: [SM] Native "IsClientInGame" reported: Client index 0 is invalid
L 03/28/2016 - 21:04:29: [SM] Displaying call stack trace for plugin "freaks\ff2_1st_set_abilities.ff2":
L 03/28/2016 - 21:04:29: [SM]   [0]  Line 114, C:\ff2\steamapps\common\Team Fortress 2 Dedicated Server\tf\addons\sourcemod\scripting\ff2_1st_set_abilities.sp::OnRoundEnd()
L 03/28/2016 - 21:10:02: [SM] Native "IsClientInGame" reported: Client index 0 is invalid
L 03/28/2016 - 21:10:02: [SM] Displaying call stack trace for plugin "freaks\ff2_1st_set_abilities.ff2":
L 03/28/2016 - 21:10:02: [SM]   [0]  Line 114, C:\ff2\steamapps\common\Team Fortress 2 Dedicated Server\tf\addons\sourcemod\scripting\ff2_1st_set_abilities.sp::OnRoundEnd()
L 03/28/2016 - 21:10:17: [SM] Native "GetClientLanguage" reported: Invalid client index 0
L 03/28/2016 - 21:10:17: [SM] Displaying call stack trace for plugin "freak_fortress_2.smx":
L 03/28/2016 - 21:10:17: [SM]   [0]  Line 7802, C:\ff2\steamapps\common\Team Fortress 2 Dedicated Server\tf\addons\sourcemod\scripting\freak_fortress_2.sp::HelpPanelBoss()
L 03/28/2016 - 21:10:17: [SM]   [1]  Line 3286, C:\ff2\steamapps\common\Team Fortress 2 Dedicated Server\tf\addons\sourcemod\scripting\freak_fortress_2.sp::MakeBoss()
L 03/28/2016 - 21:10:18: [SM] Native "GetClientLanguage" reported: Invalid client index 0
L 03/28/2016 - 21:10:18: [SM] Displaying call stack trace for plugin "freak_fortress_2.smx":
L 03/28/2016 - 21:10:18: [SM]   [0]  Line 7802, C:\ff2\steamapps\common\Team Fortress 2 Dedicated Server\tf\addons\sourcemod\scripting\freak_fortress_2.sp::HelpPanelBoss()
L 03/28/2016 - 21:10:18: [SM]   [1]  Line 3286, C:\ff2\steamapps\common\Team Fortress 2 Dedicated Server\tf\addons\sourcemod\scripting\freak_fortress_2.sp::MakeBoss()
L 03/28/2016 - 21:10:18: [SM] Native "GetClientLanguage" reported: Invalid client index 0
L 03/28/2016 - 21:10:18: [SM] Displaying call stack trace for plugin "freak_fortress_2.smx":
L 03/28/2016 - 21:10:18: [SM]   [0]  Line 7802, C:\ff2\steamapps\common\Team Fortress 2 Dedicated Server\tf\addons\sourcemod\scripting\freak_fortress_2.sp::HelpPanelBoss()
L 03/28/2016 - 21:10:18: [SM]   [1]  Line 3286, C:\ff2\steamapps\common\Team Fortress 2 Dedicated Server\tf\addons\sourcemod\scripting\freak_fortress_2.sp::MakeBoss()
L 03/28/2016 - 21:10:18: [SM] Native "GetClientLanguage" reported: Invalid client index 0
L 03/28/2016 - 21:10:18: [SM] Displaying call stack trace for plugin "freak_fortress_2.smx":
L 03/28/2016 - 21:10:18: [SM]   [0]  Line 7802, C:\ff2\steamapps\common\Team Fortress 2 Dedicated Server\tf\addons\sourcemod\scripting\freak_fortress_2.sp::HelpPanelBoss()
L 03/28/2016 - 21:10:18: [SM]   [1]  Line 3286, C:\ff2\steamapps\common\Team Fortress 2 Dedicated Server\tf\addons\sourcemod\scripting\freak_fortress_2.sp::MakeBoss()
L 03/28/2016 - 21:12:07: [SM] Native "IsClientInGame" reported: Client index 0 is invalid
L 03/28/2016 - 21:12:07: [SM] Displaying call stack trace for plugin "freaks\ff2_1st_set_abilities.ff2":
L 03/28/2016 - 21:12:07: [SM]   [0]  Line 114, C:\ff2\steamapps\common\Team Fortress 2 Dedicated Server\tf\addons\sourcemod\scripting\ff2_1st_set_abilities.sp::OnRoundEnd()
L 03/28/2016 - 21:14:10: [SM] Native "IsClientInGame" reported: Client index 0 is invalid
L 03/28/2016 - 21:14:10: [SM] Displaying call stack trace for plugin "freaks\ff2_1st_set_abilities.ff2":
L 03/28/2016 - 21:14:10: [SM]   [0]  Line 114, C:\ff2\steamapps\common\Team Fortress 2 Dedicated Server\tf\addons\sourcemod\scripting\ff2_1st_set_abilities.sp::OnRoundEnd()
L 03/28/2016 - 21:14:25: [SM] Native "GetClientLanguage" reported: Invalid client index 0
L 03/28/2016 - 21:14:25: [SM] Displaying call stack trace for plugin "freak_fortress_2.smx":
L 03/28/2016 - 21:14:25: [SM]   [0]  Line 7802, C:\ff2\steamapps\common\Team Fortress 2 Dedicated Server\tf\addons\sourcemod\scripting\freak_fortress_2.sp::HelpPanelBoss()
L 03/28/2016 - 21:14:25: [SM]   [1]  Line 3286, C:\ff2\steamapps\common\Team Fortress 2 Dedicated Server\tf\addons\sourcemod\scripting\freak_fortress_2.sp::MakeBoss()
L 03/28/2016 - 21:14:25: [SM] Native "GetClientLanguage" reported: Invalid client index 0
L 03/28/2016 - 21:14:25: [SM] Displaying call stack trace for plugin "freak_fortress_2.smx":
L 03/28/2016 - 21:14:25: [SM]   [0]  Line 7802, C:\ff2\steamapps\common\Team Fortress 2 Dedicated Server\tf\addons\sourcemod\scripting\freak_fortress_2.sp::HelpPanelBoss()
L 03/28/2016 - 21:14:25: [SM]   [1]  Line 3286, C:\ff2\steamapps\common\Team Fortress 2 Dedicated Server\tf\addons\sourcemod\scripting\freak_fortress_2.sp::MakeBoss()
L 03/28/2016 - 21:14:25: [SM] Native "GetClientLanguage" reported: Invalid client index 0
L 03/28/2016 - 21:14:25: [SM] Displaying call stack trace for plugin "freak_fortress_2.smx":
L 03/28/2016 - 21:14:25: [SM]   [0]  Line 7802, C:\ff2\steamapps\common\Team Fortress 2 Dedicated Server\tf\addons\sourcemod\scripting\freak_fortress_2.sp::HelpPanelBoss()
L 03/28/2016 - 21:14:25: [SM]   [1]  Line 3286, C:\ff2\steamapps\common\Team Fortress 2 Dedicated Server\tf\addons\sourcemod\scripting\freak_fortress_2.sp::MakeBoss()
L 03/28/2016 - 21:14:25: [SM] Native "GetClientLanguage" reported: Invalid client index 0
L 03/28/2016 - 21:14:25: [SM] Displaying call stack trace for plugin "freak_fortress_2.smx":
L 03/28/2016 - 21:14:25: [SM]   [0]  Line 7802, C:\ff2\steamapps\common\Team Fortress 2 Dedicated Server\tf\addons\sourcemod\scripting\freak_fortress_2.sp::HelpPanelBoss()
L 03/28/2016 - 21:14:25: [SM]   [1]  Line 3286, C:\ff2\steamapps\common\Team Fortress 2 Dedicated Server\tf\addons\sourcemod\scripting\freak_fortress_2.sp::MakeBoss()
L 03/28/2016 - 21:14:25: [SM] Native "GetClientLanguage" reported: Invalid client index 0
L 03/28/2016 - 21:14:25: [SM] Displaying call stack trace for plugin "freak_fortress_2.smx":
L 03/28/2016 - 21:14:26: [SM]   [0]  Line 7802, C:\ff2\steamapps\common\Team Fortress 2 Dedicated Server\tf\addons\sourcemod\scripting\freak_fortress_2.sp::HelpPanelBoss()
L 03/28/2016 - 21:14:26: [SM]   [1]  Line 3286, C:\ff2\steamapps\common\Team Fortress 2 Dedicated Server\tf\addons\sourcemod\scripting\freak_fortress_2.sp::MakeBoss()
L 03/28/2016 - 21:15:18: [freaks\ff2_1st_set_abilities.ff2] [FF2] Cannot give ammo to weapon tf_weapon_bottle (boss )-check your config!
L 03/28/2016 - 21:15:18: [freaks\ff2_1st_set_abilities.ff2] [FF2] Cannot give ammo to weapon tf_weapon_bottle (boss )-check your config!
L 03/28/2016 - 21:15:18: [freaks\ff2_1st_set_abilities.ff2] [FF2] Cannot give ammo to weapon tf_weapon_bottle (boss )-check your config!
L 03/28/2016 - 21:15:18: [freaks\ff2_1st_set_abilities.ff2] [FF2] Cannot give ammo to weapon tf_weapon_bottle (boss )-check your config!
L 03/28/2016 - 21:15:18: [freaks\ff2_1st_set_abilities.ff2] [FF2] Cannot give ammo to weapon tf_weapon_bottle (boss )-check your config!
L 03/28/2016 - 21:15:21: [SM] Native "IsClientInGame" reported: Client index 0 is invalid
L 03/28/2016 - 21:15:21: [SM] Displaying call stack trace for plugin "freaks\ff2_1st_set_abilities.ff2":
L 03/28/2016 - 21:15:21: [SM]   [0]  Line 114, C:\ff2\steamapps\common\Team Fortress 2 Dedicated Server\tf\addons\sourcemod\scripting\ff2_1st_set_abilities.sp::OnRoundEnd()
L 03/28/2016 - 21:15:36: [SM] Native "GetClientLanguage" reported: Invalid client index 0
L 03/28/2016 - 21:15:36: [SM] Displaying call stack trace for plugin "freak_fortress_2.smx":
L 03/28/2016 - 21:15:36: [SM]   [0]  Line 7802, C:\ff2\steamapps\common\Team Fortress 2 Dedicated Server\tf\addons\sourcemod\scripting\freak_fortress_2.sp::HelpPanelBoss()
L 03/28/2016 - 21:15:36: [SM]   [1]  Line 3286, C:\ff2\steamapps\common\Team Fortress 2 Dedicated Server\tf\addons\sourcemod\scripting\freak_fortress_2.sp::MakeBoss()
L 03/28/2016 - 21:15:36: [SM] Native "GetClientLanguage" reported: Invalid client index 0
L 03/28/2016 - 21:15:36: [SM] Displaying call stack trace for plugin "freak_fortress_2.smx":
L 03/28/2016 - 21:15:36: [SM]   [0]  Line 7802, C:\ff2\steamapps\common\Team Fortress 2 Dedicated Server\tf\addons\sourcemod\scripting\freak_fortress_2.sp::HelpPanelBoss()
L 03/28/2016 - 21:15:36: [SM]   [1]  Line 3286, C:\ff2\steamapps\common\Team Fortress 2 Dedicated Server\tf\addons\sourcemod\scripting\freak_fortress_2.sp::MakeBoss()
L 03/28/2016 - 21:17:48: [SM] Native "IsClientInGame" reported: Client index 0 is invalid
L 03/28/2016 - 21:17:48: [SM] Displaying call stack trace for plugin "freaks\ff2_1st_set_abilities.ff2":
L 03/28/2016 - 21:17:48: [SM]   [0]  Line 114, C:\ff2\steamapps\common\Team Fortress 2 Dedicated Server\tf\addons\sourcemod\scripting\ff2_1st_set_abilities.sp::OnRoundEnd()
L 03/28/2016 - 21:18:04: [SM] Native "GetClientLanguage" reported: Invalid client index 0
L 03/28/2016 - 21:18:04: [SM] Displaying call stack trace for plugin "freak_fortress_2.smx":
L 03/28/2016 - 21:18:04: [SM]   [0]  Line 7802, C:\ff2\steamapps\common\Team Fortress 2 Dedicated Server\tf\addons\sourcemod\scripting\freak_fortress_2.sp::HelpPanelBoss()
L 03/28/2016 - 21:18:04: [SM]   [1]  Line 3286, C:\ff2\steamapps\common\Team Fortress 2 Dedicated Server\tf\addons\sourcemod\scripting\freak_fortress_2.sp::MakeBoss()
L 03/28/2016 - 21:18:04: [SM] Native "GetClientLanguage" reported: Invalid client index 0
L 03/28/2016 - 21:18:04: [SM] Displaying call stack trace for plugin "freak_fortress_2.smx":
L 03/28/2016 - 21:18:04: [SM]   [0]  Line 7802, C:\ff2\steamapps\common\Team Fortress 2 Dedicated Server\tf\addons\sourcemod\scripting\freak_fortress_2.sp::HelpPanelBoss()
L 03/28/2016 - 21:18:04: [SM]   [1]  Line 3286, C:\ff2\steamapps\common\Team Fortress 2 Dedicated Server\tf\addons\sourcemod\scripting\freak_fortress_2.sp::MakeBoss()
L 03/28/2016 - 21:18:04: [SM] Native "GetClientLanguage" reported: Invalid client index 0
L 03/28/2016 - 21:18:04: [SM] Displaying call stack trace for plugin "freak_fortress_2.smx":
L 03/28/2016 - 21:18:04: [SM]   [0]  Line 7802, C:\ff2\steamapps\common\Team Fortress 2 Dedicated Server\tf\addons\sourcemod\scripting\freak_fortress_2.sp::HelpPanelBoss()
L 03/28/2016 - 21:18:04: [SM]   [1]  Line 3286, C:\ff2\steamapps\common\Team Fortress 2 Dedicated Server\tf\addons\sourcemod\scripting\freak_fortress_2.sp::MakeBoss()
L 03/28/2016 - 21:18:04: [SM] Native "GetClientLanguage" reported: Invalid client index 0
L 03/28/2016 - 21:18:04: [SM] Displaying call stack trace for plugin "freak_fortress_2.smx":
L 03/28/2016 - 21:18:04: [SM]   [0]  Line 7802, C:\ff2\steamapps\common\Team Fortress 2 Dedicated Server\tf\addons\sourcemod\scripting\freak_fortress_2.sp::HelpPanelBoss()
L 03/28/2016 - 21:18:04: [SM]   [1]  Line 3286, C:\ff2\steamapps\common\Team Fortress 2 Dedicated Server\tf\addons\sourcemod\scripting\freak_fortress_2.sp::MakeBoss()
L 03/28/2016 - 21:18:59: [SM] Native "IsClientInGame" reported: Client index 0 is invalid
L 03/28/2016 - 21:18:59: [SM] Displaying call stack trace for plugin "freaks\ff2_1st_set_abilities.ff2":
L 03/28/2016 - 21:18:59: [SM]   [0]  Line 114, C:\ff2\steamapps\common\Team Fortress 2 Dedicated Server\tf\addons\sourcemod\scripting\ff2_1st_set_abilities.sp::OnRoundEnd()
L 03/28/2016 - 21:19:14: [SM] Native "GetClientLanguage" reported: Invalid client index 0
L 03/28/2016 - 21:19:14: [SM] Displaying call stack trace for plugin "freak_fortress_2.smx":
L 03/28/2016 - 21:19:14: [SM]   [0]  Line 7802, C:\ff2\steamapps\common\Team Fortress 2 Dedicated Server\tf\addons\sourcemod\scripting\freak_fortress_2.sp::HelpPanelBoss()
L 03/28/2016 - 21:19:14: [SM]   [1]  Line 3286, C:\ff2\steamapps\common\Team Fortress 2 Dedicated Server\tf\addons\sourcemod\scripting\freak_fortress_2.sp::MakeBoss()
L 03/28/2016 - 21:19:14: [SM] Native "GetClientLanguage" reported: Invalid client index 0
L 03/28/2016 - 21:19:14: [SM] Displaying call stack trace for plugin "freak_fortress_2.smx":
L 03/28/2016 - 21:19:14: [SM]   [0]  Line 7802, C:\ff2\steamapps\common\Team Fortress 2 Dedicated Server\tf\addons\sourcemod\scripting\freak_fortress_2.sp::HelpPanelBoss()
L 03/28/2016 - 21:19:14: [SM]   [1]  Line 3286, C:\ff2\steamapps\common\Team Fortress 2 Dedicated Server\tf\addons\sourcemod\scripting\freak_fortress_2.sp::MakeBoss()
L 03/28/2016 - 21:20:23: [SM] Native "IsClientInGame" reported: Client index 0 is invalid
L 03/28/2016 - 21:20:23: [SM] Displaying call stack trace for plugin "freaks\ff2_1st_set_abilities.ff2":
L 03/28/2016 - 21:20:23: [SM]   [0]  Line 114, C:\ff2\steamapps\common\Team Fortress 2 Dedicated Server\tf\addons\sourcemod\scripting\ff2_1st_set_abilities.sp::OnRoundEnd()
L 03/28/2016 - 21:20:26: Error log file session closed.
L 03/28/2016 - 21:20:26: SourceMod error session started
L 03/28/2016 - 21:20:26: Info (map "arena_badlands") (file "errors_20160328.log")
L 03/28/2016 - 21:20:26: [SM] Warning(s) encountered in translation file "freak_fortress_2.phrases.txt"
L 03/28/2016 - 21:20:26: [SM] Invalid token ' ' in #format property on line 378.
L 03/28/2016 - 21:20:26: [SM] Invalid token ' ' in #format property on line 378.
L 03/28/2016 - 21:20:26: [SM] Invalid token ' ' in #format property on line 378.
L 03/28/2016 - 21:20:26: [SM] Invalid token ' ' in #format property on line 378.
L 03/28/2016 - 21:20:26: [SM] Invalid token ' ' in #format property on line 378.
L 03/28/2016 - 21:20:26: [SM] Invalid token ' ' in #format property on line 383.
L 03/28/2016 - 21:20:26: [SM] Invalid token ' ' in #format property on line 383.
L 03/28/2016 - 21:20:26: [SM] Invalid token ' ' in #format property on line 383.
L 03/28/2016 - 21:20:26: [SM] Invalid token ' ' in #format property on line 383.
L 03/28/2016 - 21:20:26: [SM] Invalid token ' ' in #format property on line 383.
L 03/28/2016 - 21:20:26: [SM] Invalid token ' ' in #format property on line 383.
L 03/28/2016 - 21:25:17: [SM] Native "IsClientInGame" reported: Client index 0 is invalid
L 03/28/2016 - 21:25:17: [SM] Displaying call stack trace for plugin "freaks\ff2_1st_set_abilities.ff2":
L 03/28/2016 - 21:25:17: [SM]   [0]  Line 114, C:\ff2\steamapps\common\Team Fortress 2 Dedicated Server\tf\addons\sourcemod\scripting\ff2_1st_set_abilities.sp::OnRoundEnd()
L 03/28/2016 - 21:26:32: [SM] Native "IsClientInGame" reported: Client index 0 is invalid
L 03/28/2016 - 21:26:32: [SM] Displaying call stack trace for plugin "freaks\ff2_1st_set_abilities.ff2":
L 03/28/2016 - 21:26:32: [SM]   [0]  Line 114, C:\ff2\steamapps\common\Team Fortress 2 Dedicated Server\tf\addons\sourcemod\scripting\ff2_1st_set_abilities.sp::OnRoundEnd()
L 03/28/2016 - 21:30:02: [SM] Native "IsClientInGame" reported: Client index 0 is invalid
L 03/28/2016 - 21:30:02: [SM] Displaying call stack trace for plugin "freaks\ff2_1st_set_abilities.ff2":
L 03/28/2016 - 21:30:02: [SM]   [0]  Line 114, C:\ff2\steamapps\common\Team Fortress 2 Dedicated Server\tf\addons\sourcemod\scripting\ff2_1st_set_abilities.sp::OnRoundEnd()
L 03/28/2016 - 21:33:44: [SM] Native "IsClientInGame" reported: Client index 0 is invalid
L 03/28/2016 - 21:33:44: [SM] Displaying call stack trace for plugin "freaks\ff2_1st_set_abilities.ff2":
L 03/28/2016 - 21:33:44: [SM]   [0]  Line 114, C:\ff2\steamapps\common\Team Fortress 2 Dedicated Server\tf\addons\sourcemod\scripting\ff2_1st_set_abilities.sp::OnRoundEnd()
L 03/28/2016 - 21:38:38: [SM] Native "IsClientInGame" reported: Client index 0 is invalid
L 03/28/2016 - 21:38:38: [SM] Displaying call stack trace for plugin "freaks\ff2_1st_set_abilities.ff2":
L 03/28/2016 - 21:38:38: [SM]   [0]  Line 114, C:\ff2\steamapps\common\Team Fortress 2 Dedicated Server\tf\addons\sourcemod\scripting\ff2_1st_set_abilities.sp::OnRoundEnd()
L 03/28/2016 - 21:40:10: [freaks\ff2_1st_set_abilities.ff2] [FF2] Cannot give ammo to weapon tf_weapon_bottle (boss )-check your config!
L 03/28/2016 - 21:42:15: [SM] Native "IsClientInGame" reported: Client index 0 is invalid
L 03/28/2016 - 21:42:15: [SM] Displaying call stack trace for plugin "freaks\ff2_1st_set_abilities.ff2":
L 03/28/2016 - 21:42:15: [SM]   [0]  Line 114, C:\ff2\steamapps\common\Team Fortress 2 Dedicated Server\tf\addons\sourcemod\scripting\ff2_1st_set_abilities.sp::OnRoundEnd()
L 03/28/2016 - 21:44:31: [SM] Native "IsClientInGame" reported: Client index 0 is invalid
L 03/28/2016 - 21:44:31: [SM] Displaying call stack trace for plugin "freaks\ff2_1st_set_abilities.ff2":
L 03/28/2016 - 21:44:31: [SM]   [0]  Line 114, C:\ff2\steamapps\common\Team Fortress 2 Dedicated Server\tf\addons\sourcemod\scripting\ff2_1st_set_abilities.sp::OnRoundEnd()
L 03/28/2016 - 21:46:06: [freaks\ff2_1st_set_abilities.ff2] [FF2] Cannot give ammo to weapon tf_weapon_bottle (boss )-check your config!
L 03/28/2016 - 21:46:06: [freaks\ff2_1st_set_abilities.ff2] [FF2] Cannot give ammo to weapon tf_weapon_bottle (boss )-check your config!
L 03/28/2016 - 21:47:12: [freaks\ff2_1st_set_abilities.ff2] [FF2] Cannot give ammo to weapon tf_weapon_bottle (boss )-check your config!
L 03/28/2016 - 21:47:12: [freaks\ff2_1st_set_abilities.ff2] [FF2] Cannot give ammo to weapon tf_weapon_bottle (boss )-check your config!
L 03/28/2016 - 21:47:12: [freaks\ff2_1st_set_abilities.ff2] [FF2] Cannot give ammo to weapon tf_weapon_bottle (boss )-check your config!
L 03/28/2016 - 21:47:12: [freaks\ff2_1st_set_abilities.ff2] [FF2] Cannot give ammo to weapon tf_weapon_bottle (boss )-check your config!
L 03/28/2016 - 21:48:24: [SM] Native "IsClientInGame" reported: Client index 0 is invalid
L 03/28/2016 - 21:48:24: [SM] Displaying call stack trace for plugin "freaks\ff2_1st_set_abilities.ff2":
L 03/28/2016 - 21:48:24: [SM]   [0]  Line 114, C:\ff2\steamapps\common\Team Fortress 2 Dedicated Server\tf\addons\sourcemod\scripting\ff2_1st_set_abilities.sp::OnRoundEnd()
L 03/28/2016 - 21:51:41: [SM] Native "IsClientInGame" reported: Client index 0 is invalid
L 03/28/2016 - 21:51:41: [SM] Displaying call stack trace for plugin "freaks\ff2_1st_set_abilities.ff2":
L 03/28/2016 - 21:51:41: [SM]   [0]  Line 114, C:\ff2\steamapps\common\Team Fortress 2 Dedicated Server\tf\addons\sourcemod\scripting\ff2_1st_set_abilities.sp::OnRoundEnd()
L 03/28/2016 - 21:54:03: [SM] Native "IsClientInGame" reported: Client index 0 is invalid
L 03/28/2016 - 21:54:03: [SM] Displaying call stack trace for plugin "freaks\ff2_1st_set_abilities.ff2":
L 03/28/2016 - 21:54:03: [SM]   [0]  Line 114, C:\ff2\steamapps\common\Team Fortress 2 Dedicated Server\tf\addons\sourcemod\scripting\ff2_1st_set_abilities.sp::OnRoundEnd()
L 03/28/2016 - 21:56:09: [SM] Native "IsClientInGame" reported: Client index 0 is invalid
L 03/28/2016 - 21:56:09: [SM] Displaying call stack trace for plugin "freaks\ff2_1st_set_abilities.ff2":
L 03/28/2016 - 21:56:09: [SM]   [0]  Line 114, C:\ff2\steamapps\common\Team Fortress 2 Dedicated Server\tf\addons\sourcemod\scripting\ff2_1st_set_abilities.sp::OnRoundEnd()
L 03/28/2016 - 21:56:37: Error log file session closed.
L 03/28/2016 - 21:56:37: SourceMod error session started
L 03/28/2016 - 21:56:37: Info (map "cp_dustbowl") (file "errors_20160328.log")
L 03/28/2016 - 21:56:37: [SM] Warning(s) encountered in translation file "freak_fortress_2.phrases.txt"
L 03/28/2016 - 21:56:37: [SM] Invalid token ' ' in #format property on line 378.
L 03/28/2016 - 21:56:37: [SM] Invalid token ' ' in #format property on line 378.
L 03/28/2016 - 21:56:37: [SM] Invalid token ' ' in #format property on line 378.
L 03/28/2016 - 21:56:37: [SM] Invalid token ' ' in #format property on line 378.
L 03/28/2016 - 21:56:37: [SM] Invalid token ' ' in #format property on line 378.
L 03/28/2016 - 21:56:37: [SM] Invalid token ' ' in #format property on line 383.
L 03/28/2016 - 21:56:37: [SM] Invalid token ' ' in #format property on line 383.
L 03/28/2016 - 21:56:37: [SM] Invalid token ' ' in #format property on line 383.
L 03/28/2016 - 21:56:37: [SM] Invalid token ' ' in #format property on line 383.
L 03/28/2016 - 21:56:37: [SM] Invalid token ' ' in #format property on line 383.
L 03/28/2016 - 21:56:37: [SM] Invalid token ' ' in #format property on line 383.
L 03/28/2016 - 22:08:51: Error log file session closed.
L 03/28/2016 - 22:09:31: SourceMod error session started
L 03/28/2016 - 22:09:31: Info (map "arena_badlands") (file "errors_20160328.log")
L 03/28/2016 - 22:09:31: [SM] Warning(s) encountered in translation file "freak_fortress_2.phrases.txt"
L 03/28/2016 - 22:09:31: [SM] Invalid token ' ' in #format property on line 378.
L 03/28/2016 - 22:09:31: [SM] Invalid token ' ' in #format property on line 378.
L 03/28/2016 - 22:09:31: [SM] Invalid token ' ' in #format property on line 378.
L 03/28/2016 - 22:09:31: [SM] Invalid token ' ' in #format property on line 378.
L 03/28/2016 - 22:09:31: [SM] Invalid token ' ' in #format property on line 378.
L 03/28/2016 - 22:09:31: [SM] Invalid token ' ' in #format property on line 383.
L 03/28/2016 - 22:09:31: [SM] Invalid token ' ' in #format property on line 383.
L 03/28/2016 - 22:09:31: [SM] Invalid token ' ' in #format property on line 383.
L 03/28/2016 - 22:09:31: [SM] Invalid token ' ' in #format property on line 383.
L 03/28/2016 - 22:09:31: [SM] Invalid token ' ' in #format property on line 383.
L 03/28/2016 - 22:09:31: [SM] Invalid token ' ' in #format property on line 383.
L 03/28/2016 - 22:13:13: [SM] Native "IsClientInGame" reported: Client index 0 is invalid
L 03/28/2016 - 22:13:13: [SM] Displaying call stack trace for plugin "freaks\ff2_1st_set_abilities.ff2":
L 03/28/2016 - 22:13:13: [SM]   [0]  Line 114, C:\ff2\steamapps\common\Team Fortress 2 Dedicated Server\tf\addons\sourcemod\scripting\ff2_1st_set_abilities.sp::OnRoundEnd()
L 03/28/2016 - 22:15:01: [SM] Native "IsClientInGame" reported: Client index 0 is invalid
L 03/28/2016 - 22:15:01: [SM] Displaying call stack trace for plugin "freaks\ff2_1st_set_abilities.ff2":
L 03/28/2016 - 22:15:01: [SM]   [0]  Line 114, C:\ff2\steamapps\common\Team Fortress 2 Dedicated Server\tf\addons\sourcemod\scripting\ff2_1st_set_abilities.sp::OnRoundEnd()
L 03/28/2016 - 22:16:51: [SM] Native "IsClientInGame" reported: Client index 0 is invalid
L 03/28/2016 - 22:16:51: [SM] Displaying call stack trace for plugin "freaks\ff2_1st_set_abilities.ff2":
L 03/28/2016 - 22:16:51: [SM]   [0]  Line 114, C:\ff2\steamapps\common\Team Fortress 2 Dedicated Server\tf\addons\sourcemod\scripting\ff2_1st_set_abilities.sp::OnRoundEnd()
L 03/28/2016 - 22:17:13: [SM] Plugin encountered error 4: Invalid parameter or parameter type
L 03/28/2016 - 22:17:13: [SM] Native "Format" reported: Language phrase "예" not found
L 03/28/2016 - 22:17:13: [SM] Displaying call stack trace for plugin "freak_fortress_2.smx":
L 03/28/2016 - 22:17:13: [SM]   [0]  Line 7433, C:\ff2\steamapps\common\Team Fortress 2 Dedicated Server\tf\addons\sourcemod\scripting\freak_fortress_2.sp::TurnToZeroPanel()
L 03/28/2016 - 22:17:13: [SM]   [1]  Line 7271, C:\ff2\steamapps\common\Team Fortress 2 Dedicated Server\tf\addons\sourcemod\scripting\freak_fortress_2.sp::QueuePanelH()
L 03/28/2016 - 22:20:04: [SM] Native "IsClientInGame" reported: Client index 0 is invalid
L 03/28/2016 - 22:20:04: [SM] Displaying call stack trace for plugin "freaks\ff2_1st_set_abilities.ff2":
L 03/28/2016 - 22:20:04: [SM]   [0]  Line 114, C:\ff2\steamapps\common\Team Fortress 2 Dedicated Server\tf\addons\sourcemod\scripting\ff2_1st_set_abilities.sp::OnRoundEnd()
L 03/28/2016 - 22:21:59: [SM] Native "IsClientInGame" reported: Client index 0 is invalid
L 03/28/2016 - 22:21:59: [SM] Displaying call stack trace for plugin "freaks\ff2_1st_set_abilities.ff2":
L 03/28/2016 - 22:21:59: [SM]   [0]  Line 114, C:\ff2\steamapps\common\Team Fortress 2 Dedicated Server\tf\addons\sourcemod\scripting\ff2_1st_set_abilities.sp::OnRoundEnd()
L 03/28/2016 - 22:25:54: [SM] Native "IsClientInGame" reported: Client index 0 is invalid
L 03/28/2016 - 22:25:54: [SM] Displaying call stack trace for plugin "freaks\ff2_1st_set_abilities.ff2":
L 03/28/2016 - 22:25:54: [SM]   [0]  Line 114, C:\ff2\steamapps\common\Team Fortress 2 Dedicated Server\tf\addons\sourcemod\scripting\ff2_1st_set_abilities.sp::OnRoundEnd()
L 03/28/2016 - 22:28:51: [SM] Native "IsClientInGame" reported: Client index 0 is invalid
L 03/28/2016 - 22:28:51: [SM] Displaying call stack trace for plugin "freaks\ff2_1st_set_abilities.ff2":
L 03/28/2016 - 22:28:51: [SM]   [0]  Line 114, C:\ff2\steamapps\common\Team Fortress 2 Dedicated Server\tf\addons\sourcemod\scripting\ff2_1st_set_abilities.sp::OnRoundEnd()
L 03/28/2016 - 22:31:06: [SM] Native "IsClientInGame" reported: Client index 0 is invalid
L 03/28/2016 - 22:31:06: [SM] Displaying call stack trace for plugin "freaks\ff2_1st_set_abilities.ff2":
L 03/28/2016 - 22:31:06: [SM]   [0]  Line 114, C:\ff2\steamapps\common\Team Fortress 2 Dedicated Server\tf\addons\sourcemod\scripting\ff2_1st_set_abilities.sp::OnRoundEnd()
L 03/28/2016 - 22:35:13: [SM] Native "IsClientInGame" reported: Client index 0 is invalid
L 03/28/2016 - 22:35:13: [SM] Displaying call stack trace for plugin "freaks\ff2_1st_set_abilities.ff2":
L 03/28/2016 - 22:35:13: [SM]   [0]  Line 114, C:\ff2\steamapps\common\Team Fortress 2 Dedicated Server\tf\addons\sourcemod\scripting\ff2_1st_set_abilities.sp::OnRoundEnd()
L 03/28/2016 - 22:35:51: [SM] Plugin encountered error 4: Invalid parameter or parameter type
L 03/28/2016 - 22:35:51: [SM] Native "Format" reported: Language phrase "예" not found
L 03/28/2016 - 22:35:51: [SM] Displaying call stack trace for plugin "freak_fortress_2.smx":
L 03/28/2016 - 22:35:51: [SM]   [0]  Line 7433, C:\ff2\steamapps\common\Team Fortress 2 Dedicated Server\tf\addons\sourcemod\scripting\freak_fortress_2.sp::TurnToZeroPanel()
L 03/28/2016 - 22:35:51: [SM]   [1]  Line 7271, C:\ff2\steamapps\common\Team Fortress 2 Dedicated Server\tf\addons\sourcemod\scripting\freak_fortress_2.sp::QueuePanelH()
L 03/28/2016 - 22:38:40: Error log file session closed.
