L 04/10/2016 - 20:37:45: SourceMod error session started
L 04/10/2016 - 20:37:45: Info (map "arena_badlands") (file "errors_20160410.log")
L 04/10/2016 - 20:37:45: [SM] Warning(s) encountered in translation file "freak_fortress_2.phrases.txt"
L 04/10/2016 - 20:37:45: [SM] Invalid token ' ' in #format property on line 59.
L 04/10/2016 - 20:37:45: [SM] Invalid token ' ' in #format property on line 402.
L 04/10/2016 - 20:37:45: [SM] Invalid token ' ' in #format property on line 407.
L 04/10/2016 - 20:37:45: [SM] Invalid token ' ' in #format property on line 407.
L 04/10/2016 - 20:37:45: [SM] Invalid token ' ' in #format property on line 416.
L 04/10/2016 - 20:37:45: [SM] Invalid token ' ' in #format property on line 416.
L 04/10/2016 - 20:37:45: [SM] Invalid token ' ' in #format property on line 416.
L 04/10/2016 - 21:26:24: Error log file session closed.
L 04/10/2016 - 23:25:01: SourceMod error session started
L 04/10/2016 - 23:25:01: Info (map "arena_badlands") (file "errors_20160410.log")
L 04/10/2016 - 23:25:01: [SM] Warning(s) encountered in translation file "freak_fortress_2.phrases.txt"
L 04/10/2016 - 23:25:01: [SM] Invalid token ' ' in #format property on line 59.
L 04/10/2016 - 23:25:01: [SM] Invalid token ' ' in #format property on line 402.
L 04/10/2016 - 23:25:01: [SM] Invalid token ' ' in #format property on line 407.
L 04/10/2016 - 23:25:01: [SM] Invalid token ' ' in #format property on line 407.
L 04/10/2016 - 23:25:01: [SM] Invalid token ' ' in #format property on line 416.
L 04/10/2016 - 23:25:01: [SM] Invalid token ' ' in #format property on line 416.
L 04/10/2016 - 23:25:01: [SM] Invalid token ' ' in #format property on line 416.
L 04/10/2016 - 23:29:23: [SM] Native "IsClientInGame" reported: Client index 0 is invalid
L 04/10/2016 - 23:29:23: [SM] Displaying call stack trace for plugin "freaks\ff2_1st_set_abilities.ff2":
L 04/10/2016 - 23:29:23: [SM]   [0]  Line 114, C:\ff2\steamapps\common\Team Fortress 2 Dedicated Server\tf\addons\sourcemod\scripting\ff2_1st_set_abilities.sp::OnRoundEnd()
L 04/10/2016 - 23:31:49: [SM] Native "IsClientInGame" reported: Client index 0 is invalid
L 04/10/2016 - 23:31:49: [SM] Displaying call stack trace for plugin "freaks\ff2_1st_set_abilities.ff2":
L 04/10/2016 - 23:31:49: [SM]   [0]  Line 114, C:\ff2\steamapps\common\Team Fortress 2 Dedicated Server\tf\addons\sourcemod\scripting\ff2_1st_set_abilities.sp::OnRoundEnd()
L 04/10/2016 - 23:33:04: [freaks\ff2_1st_set_abilities.ff2] [FF2] Cannot give ammo to weapon tf_weapon_bottle (boss )-check your config!
L 04/10/2016 - 23:33:37: [freaks\ff2_1st_set_abilities.ff2] [FF2] Cannot give ammo to weapon tf_weapon_bottle (boss )-check your config!
L 04/10/2016 - 23:34:26: [freaks\ff2_1st_set_abilities.ff2] [FF2] Cannot give ammo to weapon tf_weapon_bottle (boss )-check your config!
L 04/10/2016 - 23:34:26: [freaks\ff2_1st_set_abilities.ff2] [FF2] Cannot give ammo to weapon tf_weapon_bottle (boss )-check your config!
L 04/10/2016 - 23:36:14: [freaks\ff2_1st_set_abilities.ff2] [FF2] Cannot give ammo to weapon tf_weapon_bottle (boss )-check your config!
L 04/10/2016 - 23:36:14: [freaks\ff2_1st_set_abilities.ff2] [FF2] Cannot give ammo to weapon tf_weapon_bottle (boss )-check your config!
L 04/10/2016 - 23:37:47: [freaks\ff2_1st_set_abilities.ff2] [FF2] Cannot give ammo to weapon tf_weapon_bottle (boss )-check your config!
L 04/10/2016 - 23:38:15: [SM] Native "IsClientInGame" reported: Client index 0 is invalid
L 04/10/2016 - 23:38:15: [SM] Displaying call stack trace for plugin "freaks\ff2_1st_set_abilities.ff2":
L 04/10/2016 - 23:38:15: [SM]   [0]  Line 114, C:\ff2\steamapps\common\Team Fortress 2 Dedicated Server\tf\addons\sourcemod\scripting\ff2_1st_set_abilities.sp::OnRoundEnd()
L 04/10/2016 - 23:43:45: [SM] Native "IsClientInGame" reported: Client index 0 is invalid
L 04/10/2016 - 23:43:45: [SM] Displaying call stack trace for plugin "freaks\ff2_1st_set_abilities.ff2":
L 04/10/2016 - 23:43:45: [SM]   [0]  Line 114, C:\ff2\steamapps\common\Team Fortress 2 Dedicated Server\tf\addons\sourcemod\scripting\ff2_1st_set_abilities.sp::OnRoundEnd()
L 04/10/2016 - 23:50:38: [SM] Native "IsClientInGame" reported: Client index 0 is invalid
L 04/10/2016 - 23:50:38: [SM] Displaying call stack trace for plugin "freaks\ff2_1st_set_abilities.ff2":
L 04/10/2016 - 23:50:38: [SM]   [0]  Line 114, C:\ff2\steamapps\common\Team Fortress 2 Dedicated Server\tf\addons\sourcemod\scripting\ff2_1st_set_abilities.sp::OnRoundEnd()
L 04/10/2016 - 23:51:03: [SM] Native "IsClientInGame" reported: Client index 0 is invalid
L 04/10/2016 - 23:51:03: [SM] Displaying call stack trace for plugin "freaks\ff2_1st_set_abilities.ff2":
L 04/10/2016 - 23:51:03: [SM]   [0]  Line 114, C:\ff2\steamapps\common\Team Fortress 2 Dedicated Server\tf\addons\sourcemod\scripting\ff2_1st_set_abilities.sp::OnRoundEnd()
L 04/10/2016 - 23:51:08: Error log file session closed.
