L 06/09/2016 - 19:35:03: SourceMod error session started
L 06/09/2016 - 19:35:03: Info (map "vsh_apg_v2") (file "errors_20160609.log")
L 06/09/2016 - 19:35:03: [SM] Fatal error encountered parsing translation file "freak_fortress_2.txt"
L 06/09/2016 - 19:35:03: [SM] Error (line 0, column 0): Stream failed to open
L 06/09/2016 - 19:35:03: [SM] Warning(s) encountered in translation file "freak_fortress_2.phrases.txt"
L 06/09/2016 - 19:35:03: [SM] Invalid token ' ' in #format property on line 71.
L 06/09/2016 - 19:35:03: [SM] Invalid token ' ' in #format property on line 424.
L 06/09/2016 - 19:35:03: [SM] Invalid token ' ' in #format property on line 429.
L 06/09/2016 - 19:35:03: [SM] Invalid token ' ' in #format property on line 429.
L 06/09/2016 - 19:35:03: [SM] Invalid token ' ' in #format property on line 438.
L 06/09/2016 - 19:35:03: [SM] Invalid token ' ' in #format property on line 438.
L 06/09/2016 - 19:35:03: [SM] Invalid token ' ' in #format property on line 438.
L 06/09/2016 - 19:35:03: [SM] Unable to load plugin "rockthevote.smx": Could not find required plugin "mapchooser"
L 06/09/2016 - 19:35:19: [nextmap.smx] FATAL: Cannot load map cycle. Nextmap not loaded.
L 06/09/2016 - 19:35:19: [SM] Plugin encountered error 25: Call was aborted
L 06/09/2016 - 19:35:19: [SM] Native "SetFailState" reported: Mapcycle Not Found
L 06/09/2016 - 19:35:19: [SM] Displaying call stack trace for plugin "nextmap.smx":
L 06/09/2016 - 19:35:19: [SM]   [0]  Line 139, D:\builds\build-sourcemod-msvc12\windows-1.7\build\plugins\nextmap.sp::FindAndSetNextMap()
L 06/09/2016 - 19:35:19: [SM]   [1]  Line 109, D:\builds\build-sourcemod-msvc12\windows-1.7\build\plugins\nextmap.sp::OnConfigsExecuted()
L 06/09/2016 - 19:38:56: [SM] Plugin encountered error 4: Invalid parameter or parameter type
L 06/09/2016 - 19:38:56: [SM] Native "VFormat" reported: Language phrase "Someone_do" not found
L 06/09/2016 - 19:38:56: [SM] Displaying call stack trace for plugin "ff2_deathmatch.smx":
L 06/09/2016 - 19:38:56: [SM]   [0]  Line 71, C:\ff2_ver2\steamapps\common\Team Fortress 2 Dedicated Server\tf\addons\sourcemod\scripting\include\morecolors.inc::CPrintToChatAll()
L 06/09/2016 - 19:38:56: [SM]   [1]  Line 140, C:\ff2_ver2\steamapps\common\Team Fortress 2 Dedicated Server\tf\addons\sourcemod\scripting\ff2_deathmatch.sp::OnTakeDamage()
L 06/09/2016 - 19:39:01: [SM] Plugin encountered error 4: Invalid parameter or parameter type
L 06/09/2016 - 19:39:01: [SM] Native "VFormat" reported: Language phrase "Someone_do" not found
L 06/09/2016 - 19:39:01: [SM] Displaying call stack trace for plugin "ff2_deathmatch.smx":
L 06/09/2016 - 19:39:01: [SM]   [0]  Line 71, C:\ff2_ver2\steamapps\common\Team Fortress 2 Dedicated Server\tf\addons\sourcemod\scripting\include\morecolors.inc::CPrintToChatAll()
L 06/09/2016 - 19:39:01: [SM]   [1]  Line 140, C:\ff2_ver2\steamapps\common\Team Fortress 2 Dedicated Server\tf\addons\sourcemod\scripting\ff2_deathmatch.sp::OnTakeDamage()
L 06/09/2016 - 19:50:01: Error log file session closed.
L 06/09/2016 - 21:22:10: SourceMod error session started
L 06/09/2016 - 21:22:10: Info (map "vsh_apg_v2") (file "errors_20160609.log")
L 06/09/2016 - 21:22:10: [SM] Warning(s) encountered in translation file "freak_fortress_2.phrases.txt"
L 06/09/2016 - 21:22:10: [SM] Invalid token ' ' in #format property on line 71.
L 06/09/2016 - 21:22:10: [SM] Invalid token ' ' in #format property on line 424.
L 06/09/2016 - 21:22:10: [SM] Invalid token ' ' in #format property on line 429.
L 06/09/2016 - 21:22:10: [SM] Invalid token ' ' in #format property on line 429.
L 06/09/2016 - 21:22:10: [SM] Invalid token ' ' in #format property on line 438.
L 06/09/2016 - 21:22:10: [SM] Invalid token ' ' in #format property on line 438.
L 06/09/2016 - 21:22:10: [SM] Invalid token ' ' in #format property on line 438.
L 06/09/2016 - 21:22:10: [SM] Unable to load plugin "rockthevote.smx": Could not find required plugin "mapchooser"
L 06/09/2016 - 21:22:26: [nextmap.smx] FATAL: Cannot load map cycle. Nextmap not loaded.
L 06/09/2016 - 21:22:26: [SM] Plugin encountered error 25: Call was aborted
L 06/09/2016 - 21:22:26: [SM] Native "SetFailState" reported: Mapcycle Not Found
L 06/09/2016 - 21:22:26: [SM] Displaying call stack trace for plugin "nextmap.smx":
L 06/09/2016 - 21:22:26: [SM]   [0]  Line 139, D:\builds\build-sourcemod-msvc12\windows-1.7\build\plugins\nextmap.sp::FindAndSetNextMap()
L 06/09/2016 - 21:22:26: [SM]   [1]  Line 109, D:\builds\build-sourcemod-msvc12\windows-1.7\build\plugins\nextmap.sp::OnConfigsExecuted()
L 06/09/2016 - 21:27:21: [SM] Native "SDKHook" reported: Hook type not valid for this type of entity (119/tf_weapon_scattergun)
L 06/09/2016 - 21:27:21: [SM] Displaying call stack trace for plugin "freaks\ff2_sam.ff2":
L 06/09/2016 - 21:27:21: [SM]   [0]  Line 78, C:\ff2_ver2\steamapps\common\Team Fortress 2 Dedicated Server\tf\addons\sourcemod\scripting\ff2_sam.sp::Rage_Sam()
L 06/09/2016 - 21:27:21: [SM]   [1]  Line 33, C:\ff2_ver2\steamapps\common\Team Fortress 2 Dedicated Server\tf\addons\sourcemod\scripting\ff2_sam.sp::FF2_OnAbility2()
L 06/09/2016 - 21:27:21: [SM]   [2]  Line 52, C:\ff2_ver2\steamapps\common\Team Fortress 2 Dedicated Server\tf\addons\sourcemod\scripting\include\freak_fortress_2_subplugin.inc::FF2_OnAbility()
L 06/09/2016 - 21:28:15: [SM] Native "SDKHook" reported: Hook type not valid for this type of entity (119/tf_weapon_scattergun)
L 06/09/2016 - 21:28:15: [SM] Displaying call stack trace for plugin "freaks\ff2_sam.ff2":
L 06/09/2016 - 21:28:15: [SM]   [0]  Line 78, C:\ff2_ver2\steamapps\common\Team Fortress 2 Dedicated Server\tf\addons\sourcemod\scripting\ff2_sam.sp::Rage_Sam()
L 06/09/2016 - 21:28:15: [SM]   [1]  Line 33, C:\ff2_ver2\steamapps\common\Team Fortress 2 Dedicated Server\tf\addons\sourcemod\scripting\ff2_sam.sp::FF2_OnAbility2()
L 06/09/2016 - 21:28:15: [SM]   [2]  Line 52, C:\ff2_ver2\steamapps\common\Team Fortress 2 Dedicated Server\tf\addons\sourcemod\scripting\include\freak_fortress_2_subplugin.inc::FF2_OnAbility()
L 06/09/2016 - 21:36:38: Error log file session closed.
L 06/09/2016 - 21:36:53: SourceMod error session started
L 06/09/2016 - 21:36:53: Info (map "vsh_apg_v2") (file "errors_20160609.log")
L 06/09/2016 - 21:36:53: [SM] Warning(s) encountered in translation file "freak_fortress_2.phrases.txt"
L 06/09/2016 - 21:36:53: [SM] Invalid token ' ' in #format property on line 71.
L 06/09/2016 - 21:36:53: [SM] Invalid token ' ' in #format property on line 424.
L 06/09/2016 - 21:36:53: [SM] Invalid token ' ' in #format property on line 429.
L 06/09/2016 - 21:36:53: [SM] Invalid token ' ' in #format property on line 429.
L 06/09/2016 - 21:36:53: [SM] Invalid token ' ' in #format property on line 438.
L 06/09/2016 - 21:36:53: [SM] Invalid token ' ' in #format property on line 438.
L 06/09/2016 - 21:36:53: [SM] Invalid token ' ' in #format property on line 438.
L 06/09/2016 - 21:36:54: [SM] Unable to load plugin "rockthevote.smx": Could not find required plugin "mapchooser"
L 06/09/2016 - 21:37:07: [nextmap.smx] FATAL: Cannot load map cycle. Nextmap not loaded.
L 06/09/2016 - 21:37:07: [SM] Plugin encountered error 25: Call was aborted
L 06/09/2016 - 21:37:07: [SM] Native "SetFailState" reported: Mapcycle Not Found
L 06/09/2016 - 21:37:07: [SM] Displaying call stack trace for plugin "nextmap.smx":
L 06/09/2016 - 21:37:07: [SM]   [0]  Line 139, D:\builds\build-sourcemod-msvc12\windows-1.7\build\plugins\nextmap.sp::FindAndSetNextMap()
L 06/09/2016 - 21:37:07: [SM]   [1]  Line 109, D:\builds\build-sourcemod-msvc12\windows-1.7\build\plugins\nextmap.sp::OnConfigsExecuted()
L 06/09/2016 - 21:45:18: Error log file session closed.
L 06/09/2016 - 21:48:42: SourceMod error session started
L 06/09/2016 - 21:48:42: Info (map "vsh_apg_v2") (file "errors_20160609.log")
L 06/09/2016 - 21:48:42: [SM] Warning(s) encountered in translation file "freak_fortress_2.phrases.txt"
L 06/09/2016 - 21:48:42: [SM] Invalid token ' ' in #format property on line 71.
L 06/09/2016 - 21:48:42: [SM] Invalid token ' ' in #format property on line 424.
L 06/09/2016 - 21:48:42: [SM] Invalid token ' ' in #format property on line 429.
L 06/09/2016 - 21:48:42: [SM] Invalid token ' ' in #format property on line 429.
L 06/09/2016 - 21:48:42: [SM] Invalid token ' ' in #format property on line 438.
L 06/09/2016 - 21:48:42: [SM] Invalid token ' ' in #format property on line 438.
L 06/09/2016 - 21:48:42: [SM] Invalid token ' ' in #format property on line 438.
L 06/09/2016 - 21:48:42: [SM] Unable to load plugin "rockthevote.smx": Could not find required plugin "mapchooser"
L 06/09/2016 - 21:48:55: [nextmap.smx] FATAL: Cannot load map cycle. Nextmap not loaded.
L 06/09/2016 - 21:48:55: [SM] Plugin encountered error 25: Call was aborted
L 06/09/2016 - 21:48:55: [SM] Native "SetFailState" reported: Mapcycle Not Found
L 06/09/2016 - 21:48:55: [SM] Displaying call stack trace for plugin "nextmap.smx":
L 06/09/2016 - 21:48:55: [SM]   [0]  Line 139, D:\builds\build-sourcemod-msvc12\windows-1.7\build\plugins\nextmap.sp::FindAndSetNextMap()
L 06/09/2016 - 21:48:55: [SM]   [1]  Line 109, D:\builds\build-sourcemod-msvc12\windows-1.7\build\plugins\nextmap.sp::OnConfigsExecuted()
L 06/09/2016 - 22:02:36: [freak_fortress_2.smx] [FF2 Bosses] Character spyper is missing file 'sound/vo/taunts/spy_taunt_rps_lose_11.mp3' in section 'sound_stabbed'!
L 06/09/2016 - 22:23:00: [freak_fortress_2.smx] [FF2 Bosses] Character spyper is missing file 'sound/vo/taunts/spy_taunt_rps_lose_11.mp3' in section 'sound_stabbed'!
L 06/09/2016 - 22:26:35: Error log file session closed.
L 06/09/2016 - 22:26:35: SourceMod error session started
L 06/09/2016 - 22:26:35: Info (map "vsh_apg_v2") (file "errors_20160609.log")
L 06/09/2016 - 22:26:35: [SM] Warning(s) encountered in translation file "freak_fortress_2.phrases.txt"
L 06/09/2016 - 22:26:35: [SM] Invalid token ' ' in #format property on line 71.
L 06/09/2016 - 22:26:35: [SM] Invalid token ' ' in #format property on line 424.
L 06/09/2016 - 22:26:35: [SM] Invalid token ' ' in #format property on line 429.
L 06/09/2016 - 22:26:35: [SM] Invalid token ' ' in #format property on line 429.
L 06/09/2016 - 22:26:35: [SM] Invalid token ' ' in #format property on line 438.
L 06/09/2016 - 22:26:35: [SM] Invalid token ' ' in #format property on line 438.
L 06/09/2016 - 22:26:35: [SM] Invalid token ' ' in #format property on line 438.
L 06/09/2016 - 22:26:35: [SM] Unable to load plugin "rockthevote.smx": Could not find required plugin "mapchooser"
L 06/09/2016 - 22:26:41: [nextmap.smx] FATAL: Cannot load map cycle. Nextmap not loaded.
L 06/09/2016 - 22:26:41: [SM] Plugin encountered error 25: Call was aborted
L 06/09/2016 - 22:26:41: [SM] Native "SetFailState" reported: Mapcycle Not Found
L 06/09/2016 - 22:26:41: [SM] Displaying call stack trace for plugin "nextmap.smx":
L 06/09/2016 - 22:26:41: [SM]   [0]  Line 139, D:\builds\build-sourcemod-msvc12\windows-1.7\build\plugins\nextmap.sp::FindAndSetNextMap()
L 06/09/2016 - 22:26:41: [SM]   [1]  Line 109, D:\builds\build-sourcemod-msvc12\windows-1.7\build\plugins\nextmap.sp::OnConfigsExecuted()
L 06/09/2016 - 22:47:38: [freak_fortress_2.smx] [FF2 Bosses] Character spyper is missing file 'sound/vo/taunts/spy_taunt_rps_lose_11.mp3' in section 'sound_stabbed'!
L 06/09/2016 - 23:03:40: Error log file session closed.
L 06/09/2016 - 23:03:40: SourceMod error session started
L 06/09/2016 - 23:03:40: Info (map "vsh_apg_v2") (file "errors_20160609.log")
L 06/09/2016 - 23:03:40: [SM] Warning(s) encountered in translation file "freak_fortress_2.phrases.txt"
L 06/09/2016 - 23:03:40: [SM] Invalid token ' ' in #format property on line 71.
L 06/09/2016 - 23:03:40: [SM] Invalid token ' ' in #format property on line 424.
L 06/09/2016 - 23:03:40: [SM] Invalid token ' ' in #format property on line 429.
L 06/09/2016 - 23:03:40: [SM] Invalid token ' ' in #format property on line 429.
L 06/09/2016 - 23:03:40: [SM] Invalid token ' ' in #format property on line 438.
L 06/09/2016 - 23:03:40: [SM] Invalid token ' ' in #format property on line 438.
L 06/09/2016 - 23:03:40: [SM] Invalid token ' ' in #format property on line 438.
L 06/09/2016 - 23:03:41: [SM] Unable to load plugin "rockthevote.smx": Could not find required plugin "mapchooser"
L 06/09/2016 - 23:03:45: [nextmap.smx] FATAL: Cannot load map cycle. Nextmap not loaded.
L 06/09/2016 - 23:03:45: [SM] Plugin encountered error 25: Call was aborted
L 06/09/2016 - 23:03:45: [SM] Native "SetFailState" reported: Mapcycle Not Found
L 06/09/2016 - 23:03:45: [SM] Displaying call stack trace for plugin "nextmap.smx":
L 06/09/2016 - 23:03:45: [SM]   [0]  Line 139, D:\builds\build-sourcemod-msvc12\windows-1.7\build\plugins\nextmap.sp::FindAndSetNextMap()
L 06/09/2016 - 23:03:45: [SM]   [1]  Line 109, D:\builds\build-sourcemod-msvc12\windows-1.7\build\plugins\nextmap.sp::OnConfigsExecuted()
L 06/09/2016 - 23:07:56: Error log file session closed.
