L 06/04/2016 - 10:32:48: SourceMod error session started
L 06/04/2016 - 10:32:48: Info (map "vsh_apg_v2") (file "errors_20160604.log")
L 06/04/2016 - 10:32:48: [SM] Warning(s) encountered in translation file "freak_fortress_2.phrases.txt"
L 06/04/2016 - 10:32:48: [SM] Invalid token ' ' in #format property on line 71.
L 06/04/2016 - 10:32:48: [SM] Invalid token ' ' in #format property on line 424.
L 06/04/2016 - 10:32:48: [SM] Invalid token ' ' in #format property on line 429.
L 06/04/2016 - 10:32:48: [SM] Invalid token ' ' in #format property on line 429.
L 06/04/2016 - 10:32:48: [SM] Invalid token ' ' in #format property on line 438.
L 06/04/2016 - 10:32:48: [SM] Invalid token ' ' in #format property on line 438.
L 06/04/2016 - 10:32:48: [SM] Invalid token ' ' in #format property on line 438.
L 06/04/2016 - 10:32:49: [SM] Unable to load plugin "rockthevote.smx": Could not find required plugin "mapchooser"
L 06/04/2016 - 10:33:06: [nextmap.smx] FATAL: Cannot load map cycle. Nextmap not loaded.
L 06/04/2016 - 10:33:06: [SM] Plugin encountered error 25: Call was aborted
L 06/04/2016 - 10:33:06: [SM] Native "SetFailState" reported: Mapcycle Not Found
L 06/04/2016 - 10:33:06: [SM] Displaying call stack trace for plugin "nextmap.smx":
L 06/04/2016 - 10:33:06: [SM]   [0]  Line 139, D:\builds\build-sourcemod-msvc12\windows-1.7\build\plugins\nextmap.sp::FindAndSetNextMap()
L 06/04/2016 - 10:33:06: [SM]   [1]  Line 109, D:\builds\build-sourcemod-msvc12\windows-1.7\build\plugins\nextmap.sp::OnConfigsExecuted()
L 06/04/2016 - 10:38:50: Error log file session closed.
L 06/04/2016 - 10:39:07: SourceMod error session started
L 06/04/2016 - 10:39:07: Info (map "vsh_apg_v2") (file "errors_20160604.log")
L 06/04/2016 - 10:39:07: [SM] Warning(s) encountered in translation file "freak_fortress_2.phrases.txt"
L 06/04/2016 - 10:39:07: [SM] Invalid token ' ' in #format property on line 71.
L 06/04/2016 - 10:39:07: [SM] Invalid token ' ' in #format property on line 424.
L 06/04/2016 - 10:39:07: [SM] Invalid token ' ' in #format property on line 429.
L 06/04/2016 - 10:39:07: [SM] Invalid token ' ' in #format property on line 429.
L 06/04/2016 - 10:39:07: [SM] Invalid token ' ' in #format property on line 438.
L 06/04/2016 - 10:39:07: [SM] Invalid token ' ' in #format property on line 438.
L 06/04/2016 - 10:39:07: [SM] Invalid token ' ' in #format property on line 438.
L 06/04/2016 - 10:39:07: [SM] Unable to load plugin "rockthevote.smx": Could not find required plugin "mapchooser"
L 06/04/2016 - 10:39:20: [nextmap.smx] FATAL: Cannot load map cycle. Nextmap not loaded.
L 06/04/2016 - 10:39:20: [SM] Plugin encountered error 25: Call was aborted
L 06/04/2016 - 10:39:20: [SM] Native "SetFailState" reported: Mapcycle Not Found
L 06/04/2016 - 10:39:20: [SM] Displaying call stack trace for plugin "nextmap.smx":
L 06/04/2016 - 10:39:20: [SM]   [0]  Line 139, D:\builds\build-sourcemod-msvc12\windows-1.7\build\plugins\nextmap.sp::FindAndSetNextMap()
L 06/04/2016 - 10:39:20: [SM]   [1]  Line 109, D:\builds\build-sourcemod-msvc12\windows-1.7\build\plugins\nextmap.sp::OnConfigsExecuted()
L 06/04/2016 - 11:32:04: [freak_fortress_2.smx] [FF2 Bosses] Character spyper is missing file 'sound/vo/taunts/spy_taunt_rps_lose_11.mp3' in section 'sound_stabbed'!
L 06/04/2016 - 11:41:47: [freak_fortress_2.smx] [FF2 Bosses] Character spyper is missing file 'sound/vo/taunts/spy_taunt_rps_lose_11.mp3' in section 'sound_stabbed'!
L 06/04/2016 - 11:54:30: [freak_fortress_2.smx] [FF2 Bosses] Character spyper is missing file 'sound/vo/taunts/spy_taunt_rps_lose_11.mp3' in section 'sound_stabbed'!
L 06/04/2016 - 12:14:09: Error log file session closed.
L 06/04/2016 - 21:04:39: SourceMod error session started
L 06/04/2016 - 21:04:39: Info (map "vsh_apg_v2") (file "errors_20160604.log")
L 06/04/2016 - 21:04:39: [SM] Warning(s) encountered in translation file "freak_fortress_2.phrases.txt"
L 06/04/2016 - 21:04:39: [SM] Invalid token ' ' in #format property on line 71.
L 06/04/2016 - 21:04:39: [SM] Invalid token ' ' in #format property on line 424.
L 06/04/2016 - 21:04:39: [SM] Invalid token ' ' in #format property on line 429.
L 06/04/2016 - 21:04:39: [SM] Invalid token ' ' in #format property on line 429.
L 06/04/2016 - 21:04:39: [SM] Invalid token ' ' in #format property on line 438.
L 06/04/2016 - 21:04:39: [SM] Invalid token ' ' in #format property on line 438.
L 06/04/2016 - 21:04:39: [SM] Invalid token ' ' in #format property on line 438.
L 06/04/2016 - 21:04:39: [SM] Unable to load plugin "rockthevote.smx": Could not find required plugin "mapchooser"
L 06/04/2016 - 21:04:55: [nextmap.smx] FATAL: Cannot load map cycle. Nextmap not loaded.
L 06/04/2016 - 21:04:55: [SM] Plugin encountered error 25: Call was aborted
L 06/04/2016 - 21:04:55: [SM] Native "SetFailState" reported: Mapcycle Not Found
L 06/04/2016 - 21:04:55: [SM] Displaying call stack trace for plugin "nextmap.smx":
L 06/04/2016 - 21:04:55: [SM]   [0]  Line 139, D:\builds\build-sourcemod-msvc12\windows-1.7\build\plugins\nextmap.sp::FindAndSetNextMap()
L 06/04/2016 - 21:04:55: [SM]   [1]  Line 109, D:\builds\build-sourcemod-msvc12\windows-1.7\build\plugins\nextmap.sp::OnConfigsExecuted()
L 06/04/2016 - 21:07:19: Error log file session closed.
L 06/04/2016 - 21:07:50: SourceMod error session started
L 06/04/2016 - 21:07:50: Info (map "vsh_apg_v2") (file "errors_20160604.log")
L 06/04/2016 - 21:07:50: [SM] Warning(s) encountered in translation file "freak_fortress_2.phrases.txt"
L 06/04/2016 - 21:07:50: [SM] Invalid token ' ' in #format property on line 71.
L 06/04/2016 - 21:07:50: [SM] Invalid token ' ' in #format property on line 424.
L 06/04/2016 - 21:07:50: [SM] Invalid token ' ' in #format property on line 429.
L 06/04/2016 - 21:07:50: [SM] Invalid token ' ' in #format property on line 429.
L 06/04/2016 - 21:07:50: [SM] Invalid token ' ' in #format property on line 438.
L 06/04/2016 - 21:07:50: [SM] Invalid token ' ' in #format property on line 438.
L 06/04/2016 - 21:07:50: [SM] Invalid token ' ' in #format property on line 438.
L 06/04/2016 - 21:07:50: [SM] Unable to load plugin "rockthevote.smx": Could not find required plugin "mapchooser"
L 06/04/2016 - 21:08:03: [nextmap.smx] FATAL: Cannot load map cycle. Nextmap not loaded.
L 06/04/2016 - 21:08:03: [SM] Plugin encountered error 25: Call was aborted
L 06/04/2016 - 21:08:03: [SM] Native "SetFailState" reported: Mapcycle Not Found
L 06/04/2016 - 21:08:03: [SM] Displaying call stack trace for plugin "nextmap.smx":
L 06/04/2016 - 21:08:03: [SM]   [0]  Line 139, D:\builds\build-sourcemod-msvc12\windows-1.7\build\plugins\nextmap.sp::FindAndSetNextMap()
L 06/04/2016 - 21:08:03: [SM]   [1]  Line 109, D:\builds\build-sourcemod-msvc12\windows-1.7\build\plugins\nextmap.sp::OnConfigsExecuted()
L 06/04/2016 - 21:10:06: [freak_fortress_2.smx] [FF2 Bosses] Character spyper is missing file 'sound/vo/taunts/spy_taunt_rps_lose_11.mp3' in section 'sound_stabbed'!
L 06/04/2016 - 21:27:13: Error log file session closed.
L 06/04/2016 - 21:27:25: SourceMod error session started
L 06/04/2016 - 21:27:25: Info (map "vsh_apg_v2") (file "errors_20160604.log")
L 06/04/2016 - 21:27:25: [SM] Warning(s) encountered in translation file "freak_fortress_2.phrases.txt"
L 06/04/2016 - 21:27:25: [SM] Invalid token ' ' in #format property on line 71.
L 06/04/2016 - 21:27:25: [SM] Invalid token ' ' in #format property on line 424.
L 06/04/2016 - 21:27:25: [SM] Invalid token ' ' in #format property on line 429.
L 06/04/2016 - 21:27:25: [SM] Invalid token ' ' in #format property on line 429.
L 06/04/2016 - 21:27:25: [SM] Invalid token ' ' in #format property on line 438.
L 06/04/2016 - 21:27:25: [SM] Invalid token ' ' in #format property on line 438.
L 06/04/2016 - 21:27:25: [SM] Invalid token ' ' in #format property on line 438.
L 06/04/2016 - 21:27:25: [SM] Unable to load plugin "rockthevote.smx": Could not find required plugin "mapchooser"
L 06/04/2016 - 21:27:38: [nextmap.smx] FATAL: Cannot load map cycle. Nextmap not loaded.
L 06/04/2016 - 21:27:38: [SM] Plugin encountered error 25: Call was aborted
L 06/04/2016 - 21:27:38: [SM] Native "SetFailState" reported: Mapcycle Not Found
L 06/04/2016 - 21:27:38: [SM] Displaying call stack trace for plugin "nextmap.smx":
L 06/04/2016 - 21:27:38: [SM]   [0]  Line 139, D:\builds\build-sourcemod-msvc12\windows-1.7\build\plugins\nextmap.sp::FindAndSetNextMap()
L 06/04/2016 - 21:27:38: [SM]   [1]  Line 109, D:\builds\build-sourcemod-msvc12\windows-1.7\build\plugins\nextmap.sp::OnConfigsExecuted()
L 06/04/2016 - 21:35:52: [SM] Native "GetEntProp" reported: Entity 1 (1) is invalid
L 06/04/2016 - 21:35:52: [SM] Displaying call stack trace for plugin "freak_fortress_2.smx":
L 06/04/2016 - 21:35:52: [SM]   [0]  Line 558, C:\ff2_ver2\steamapps\common\Team Fortress 2 Dedicated Server\tf\addons\sourcemod\scripting\include\entity_prop_stocks.inc::GetClientButtons()
L 06/04/2016 - 21:35:52: [SM]   [1]  Line 575, C:\ff2_ver2\steamapps\common\Team Fortress 2 Dedicated Server\tf\addons\sourcemod\scripting\include\freak_fortress_2.inc::FF2_ShowSyncHudText()
L 06/04/2016 - 21:35:52: [SM]   [2]  Line 2683, C:\ff2_ver2\steamapps\common\Team Fortress 2 Dedicated Server\tf\addons\sourcemod\scripting\freak_fortress_2.sp::BossInfoTimer_ShowInfo()
L 06/04/2016 - 21:42:52: Error log file session closed.
L 06/04/2016 - 21:43:05: SourceMod error session started
L 06/04/2016 - 21:43:05: Info (map "vsh_apg_v2") (file "errors_20160604.log")
L 06/04/2016 - 21:43:05: [SM] Warning(s) encountered in translation file "freak_fortress_2.phrases.txt"
L 06/04/2016 - 21:43:05: [SM] Invalid token ' ' in #format property on line 71.
L 06/04/2016 - 21:43:05: [SM] Invalid token ' ' in #format property on line 424.
L 06/04/2016 - 21:43:05: [SM] Invalid token ' ' in #format property on line 429.
L 06/04/2016 - 21:43:05: [SM] Invalid token ' ' in #format property on line 429.
L 06/04/2016 - 21:43:05: [SM] Invalid token ' ' in #format property on line 438.
L 06/04/2016 - 21:43:05: [SM] Invalid token ' ' in #format property on line 438.
L 06/04/2016 - 21:43:05: [SM] Invalid token ' ' in #format property on line 438.
L 06/04/2016 - 21:43:05: [SM] Unable to load plugin "rockthevote.smx": Could not find required plugin "mapchooser"
L 06/04/2016 - 21:43:18: [nextmap.smx] FATAL: Cannot load map cycle. Nextmap not loaded.
L 06/04/2016 - 21:43:18: [SM] Plugin encountered error 25: Call was aborted
L 06/04/2016 - 21:43:18: [SM] Native "SetFailState" reported: Mapcycle Not Found
L 06/04/2016 - 21:43:18: [SM] Displaying call stack trace for plugin "nextmap.smx":
L 06/04/2016 - 21:43:18: [SM]   [0]  Line 139, D:\builds\build-sourcemod-msvc12\windows-1.7\build\plugins\nextmap.sp::FindAndSetNextMap()
L 06/04/2016 - 21:43:18: [SM]   [1]  Line 109, D:\builds\build-sourcemod-msvc12\windows-1.7\build\plugins\nextmap.sp::OnConfigsExecuted()
L 06/04/2016 - 21:48:10: [freaks\ff2_1st_set_abilities.ff2] [FF2] Cannot give ammo to weapon tf_weapon_bottle (boss )-check your config!
L 06/04/2016 - 21:48:10: [freaks\ff2_1st_set_abilities.ff2] [FF2] Cannot give ammo to weapon tf_weapon_bottle (boss )-check your config!
L 06/04/2016 - 21:48:10: [freaks\ff2_1st_set_abilities.ff2] [FF2] Cannot give ammo to weapon tf_weapon_bottle (boss )-check your config!
L 06/04/2016 - 21:48:10: [freaks\ff2_1st_set_abilities.ff2] [FF2] Cannot give ammo to weapon tf_weapon_bottle (boss )-check your config!
L 06/04/2016 - 22:03:21: [freak_fortress_2.smx] [FF2 Bosses] Character spyper is missing file 'sound/vo/taunts/spy_taunt_rps_lose_11.mp3' in section 'sound_stabbed'!
L 06/04/2016 - 22:04:54: SourceMod error session started
L 06/04/2016 - 22:04:54: Info (map "vsh_apg_v2") (file "errors_20160604.log")
L 06/04/2016 - 22:04:54: [SM] Warning(s) encountered in translation file "freak_fortress_2.phrases.txt"
L 06/04/2016 - 22:04:54: [SM] Invalid token ' ' in #format property on line 71.
L 06/04/2016 - 22:04:54: [SM] Invalid token ' ' in #format property on line 424.
L 06/04/2016 - 22:04:54: [SM] Invalid token ' ' in #format property on line 429.
L 06/04/2016 - 22:04:54: [SM] Invalid token ' ' in #format property on line 429.
L 06/04/2016 - 22:04:54: [SM] Invalid token ' ' in #format property on line 438.
L 06/04/2016 - 22:04:54: [SM] Invalid token ' ' in #format property on line 438.
L 06/04/2016 - 22:04:54: [SM] Invalid token ' ' in #format property on line 438.
L 06/04/2016 - 22:04:54: [SM] Unable to load plugin "rockthevote.smx": Could not find required plugin "mapchooser"
L 06/04/2016 - 22:05:07: [nextmap.smx] FATAL: Cannot load map cycle. Nextmap not loaded.
L 06/04/2016 - 22:05:07: [SM] Plugin encountered error 25: Call was aborted
L 06/04/2016 - 22:05:07: [SM] Native "SetFailState" reported: Mapcycle Not Found
L 06/04/2016 - 22:05:07: [SM] Displaying call stack trace for plugin "nextmap.smx":
L 06/04/2016 - 22:05:07: [SM]   [0]  Line 139, D:\builds\build-sourcemod-msvc12\windows-1.7\build\plugins\nextmap.sp::FindAndSetNextMap()
L 06/04/2016 - 22:05:07: [SM]   [1]  Line 109, D:\builds\build-sourcemod-msvc12\windows-1.7\build\plugins\nextmap.sp::OnConfigsExecuted()
L 06/04/2016 - 22:28:23: SourceMod error session started
L 06/04/2016 - 22:28:23: Info (map "vsh_apg_v2") (file "errors_20160604.log")
L 06/04/2016 - 22:28:23: [SM] Warning(s) encountered in translation file "freak_fortress_2.phrases.txt"
L 06/04/2016 - 22:28:23: [SM] Invalid token ' ' in #format property on line 71.
L 06/04/2016 - 22:28:23: [SM] Invalid token ' ' in #format property on line 424.
L 06/04/2016 - 22:28:23: [SM] Invalid token ' ' in #format property on line 429.
L 06/04/2016 - 22:28:23: [SM] Invalid token ' ' in #format property on line 429.
L 06/04/2016 - 22:28:23: [SM] Invalid token ' ' in #format property on line 438.
L 06/04/2016 - 22:28:23: [SM] Invalid token ' ' in #format property on line 438.
L 06/04/2016 - 22:28:23: [SM] Invalid token ' ' in #format property on line 438.
L 06/04/2016 - 22:28:23: [SM] Unable to load plugin "rockthevote.smx": Could not find required plugin "mapchooser"
L 06/04/2016 - 22:28:36: [nextmap.smx] FATAL: Cannot load map cycle. Nextmap not loaded.
L 06/04/2016 - 22:28:36: [SM] Plugin encountered error 25: Call was aborted
L 06/04/2016 - 22:28:36: [SM] Native "SetFailState" reported: Mapcycle Not Found
L 06/04/2016 - 22:28:36: [SM] Displaying call stack trace for plugin "nextmap.smx":
L 06/04/2016 - 22:28:36: [SM]   [0]  Line 139, D:\builds\build-sourcemod-msvc12\windows-1.7\build\plugins\nextmap.sp::FindAndSetNextMap()
L 06/04/2016 - 22:28:36: [SM]   [1]  Line 109, D:\builds\build-sourcemod-msvc12\windows-1.7\build\plugins\nextmap.sp::OnConfigsExecuted()
L 06/04/2016 - 22:32:51: Error log file session closed.
L 06/04/2016 - 22:37:14: SourceMod error session started
L 06/04/2016 - 22:37:14: Info (map "vsh_apg_v2") (file "errors_20160604.log")
L 06/04/2016 - 22:37:14: [SM] Warning(s) encountered in translation file "freak_fortress_2.phrases.txt"
L 06/04/2016 - 22:37:14: [SM] Invalid token ' ' in #format property on line 71.
L 06/04/2016 - 22:37:14: [SM] Invalid token ' ' in #format property on line 424.
L 06/04/2016 - 22:37:14: [SM] Invalid token ' ' in #format property on line 429.
L 06/04/2016 - 22:37:14: [SM] Invalid token ' ' in #format property on line 429.
L 06/04/2016 - 22:37:14: [SM] Invalid token ' ' in #format property on line 438.
L 06/04/2016 - 22:37:14: [SM] Invalid token ' ' in #format property on line 438.
L 06/04/2016 - 22:37:14: [SM] Invalid token ' ' in #format property on line 438.
L 06/04/2016 - 22:37:14: [SM] Unable to load plugin "rockthevote.smx": Could not find required plugin "mapchooser"
L 06/04/2016 - 22:37:26: [nextmap.smx] FATAL: Cannot load map cycle. Nextmap not loaded.
L 06/04/2016 - 22:37:26: [SM] Plugin encountered error 25: Call was aborted
L 06/04/2016 - 22:37:26: [SM] Native "SetFailState" reported: Mapcycle Not Found
L 06/04/2016 - 22:37:26: [SM] Displaying call stack trace for plugin "nextmap.smx":
L 06/04/2016 - 22:37:26: [SM]   [0]  Line 139, D:\builds\build-sourcemod-msvc12\windows-1.7\build\plugins\nextmap.sp::FindAndSetNextMap()
L 06/04/2016 - 22:37:26: [SM]   [1]  Line 109, D:\builds\build-sourcemod-msvc12\windows-1.7\build\plugins\nextmap.sp::OnConfigsExecuted()
L 06/04/2016 - 22:54:35: SourceMod error session started
L 06/04/2016 - 22:54:35: Info (map "vsh_apg_v2") (file "errors_20160604.log")
L 06/04/2016 - 22:54:35: [SM] Warning(s) encountered in translation file "freak_fortress_2.phrases.txt"
L 06/04/2016 - 22:54:35: [SM] Invalid token ' ' in #format property on line 71.
L 06/04/2016 - 22:54:35: [SM] Invalid token ' ' in #format property on line 424.
L 06/04/2016 - 22:54:35: [SM] Invalid token ' ' in #format property on line 429.
L 06/04/2016 - 22:54:35: [SM] Invalid token ' ' in #format property on line 429.
L 06/04/2016 - 22:54:35: [SM] Invalid token ' ' in #format property on line 438.
L 06/04/2016 - 22:54:35: [SM] Invalid token ' ' in #format property on line 438.
L 06/04/2016 - 22:54:35: [SM] Invalid token ' ' in #format property on line 438.
L 06/04/2016 - 22:54:35: [SM] Unable to load plugin "rockthevote.smx": Could not find required plugin "mapchooser"
L 06/04/2016 - 22:54:48: [nextmap.smx] FATAL: Cannot load map cycle. Nextmap not loaded.
L 06/04/2016 - 22:54:48: [SM] Plugin encountered error 25: Call was aborted
L 06/04/2016 - 22:54:48: [SM] Native "SetFailState" reported: Mapcycle Not Found
L 06/04/2016 - 22:54:48: [SM] Displaying call stack trace for plugin "nextmap.smx":
L 06/04/2016 - 22:54:48: [SM]   [0]  Line 139, D:\builds\build-sourcemod-msvc12\windows-1.7\build\plugins\nextmap.sp::FindAndSetNextMap()
L 06/04/2016 - 22:54:48: [SM]   [1]  Line 109, D:\builds\build-sourcemod-msvc12\windows-1.7\build\plugins\nextmap.sp::OnConfigsExecuted()
L 06/04/2016 - 22:59:33: [SM] Plugin encountered error 30: Script execution timed out
L 06/04/2016 - 22:59:33: [SM] Displaying call stack trace for plugin "ff2_deathmatch.smx":
L 06/04/2016 - 22:59:33: [SM]   [0]  Line 207, C:\ff2_ver2\steamapps\common\Team Fortress 2 Dedicated Server\tf\addons\sourcemod\scripting\ff2_deathmatch.sp::OnPlayerDeath()
L 06/04/2016 - 22:59:33: [SM] Native "ReadPackCell" reported: DataPack operation is out of bounds.
L 06/04/2016 - 22:59:33: [SM] Displaying call stack trace for plugin "ff2_deathmatch.smx":
L 06/04/2016 - 22:59:33: [SM]   [0]  Line 229, C:\ff2_ver2\steamapps\common\Team Fortress 2 Dedicated Server\tf\addons\sourcemod\scripting\ff2_deathmatch.sp::LastManCheck()
L 06/04/2016 - 23:01:33: [SM] Plugin encountered error 30: Script execution timed out
L 06/04/2016 - 23:01:33: [SM] Displaying call stack trace for plugin "ff2_deathmatch.smx":
L 06/04/2016 - 23:01:33: [SM]   [0]  Line 207, C:\ff2_ver2\steamapps\common\Team Fortress 2 Dedicated Server\tf\addons\sourcemod\scripting\ff2_deathmatch.sp::OnPlayerDeath()
L 06/04/2016 - 23:01:33: [SM] Native "ReadPackCell" reported: DataPack operation is out of bounds.
L 06/04/2016 - 23:01:33: [SM] Displaying call stack trace for plugin "ff2_deathmatch.smx":
L 06/04/2016 - 23:01:33: [SM]   [0]  Line 229, C:\ff2_ver2\steamapps\common\Team Fortress 2 Dedicated Server\tf\addons\sourcemod\scripting\ff2_deathmatch.sp::LastManCheck()
L 06/04/2016 - 23:09:24: SourceMod error session started
L 06/04/2016 - 23:09:24: Info (map "vsh_apg_v2") (file "errors_20160604.log")
L 06/04/2016 - 23:09:24: [SM] Warning(s) encountered in translation file "freak_fortress_2.phrases.txt"
L 06/04/2016 - 23:09:24: [SM] Invalid token ' ' in #format property on line 71.
L 06/04/2016 - 23:09:24: [SM] Invalid token ' ' in #format property on line 424.
L 06/04/2016 - 23:09:24: [SM] Invalid token ' ' in #format property on line 429.
L 06/04/2016 - 23:09:24: [SM] Invalid token ' ' in #format property on line 429.
L 06/04/2016 - 23:09:24: [SM] Invalid token ' ' in #format property on line 438.
L 06/04/2016 - 23:09:24: [SM] Invalid token ' ' in #format property on line 438.
L 06/04/2016 - 23:09:24: [SM] Invalid token ' ' in #format property on line 438.
L 06/04/2016 - 23:09:24: [SM] Unable to load plugin "rockthevote.smx": Could not find required plugin "mapchooser"
L 06/04/2016 - 23:09:39: [nextmap.smx] FATAL: Cannot load map cycle. Nextmap not loaded.
L 06/04/2016 - 23:09:39: [SM] Plugin encountered error 25: Call was aborted
L 06/04/2016 - 23:09:39: [SM] Native "SetFailState" reported: Mapcycle Not Found
L 06/04/2016 - 23:09:39: [SM] Displaying call stack trace for plugin "nextmap.smx":
L 06/04/2016 - 23:09:39: [SM]   [0]  Line 139, D:\builds\build-sourcemod-msvc12\windows-1.7\build\plugins\nextmap.sp::FindAndSetNextMap()
L 06/04/2016 - 23:09:39: [SM]   [1]  Line 109, D:\builds\build-sourcemod-msvc12\windows-1.7\build\plugins\nextmap.sp::OnConfigsExecuted()
L 06/04/2016 - 23:33:11: SourceMod error session started
L 06/04/2016 - 23:33:11: Info (map "vsh_apg_v2") (file "errors_20160604.log")
L 06/04/2016 - 23:33:11: [SM] Warning(s) encountered in translation file "freak_fortress_2.phrases.txt"
L 06/04/2016 - 23:33:11: [SM] Invalid token ' ' in #format property on line 71.
L 06/04/2016 - 23:33:11: [SM] Invalid token ' ' in #format property on line 424.
L 06/04/2016 - 23:33:11: [SM] Invalid token ' ' in #format property on line 429.
L 06/04/2016 - 23:33:11: [SM] Invalid token ' ' in #format property on line 429.
L 06/04/2016 - 23:33:11: [SM] Invalid token ' ' in #format property on line 438.
L 06/04/2016 - 23:33:11: [SM] Invalid token ' ' in #format property on line 438.
L 06/04/2016 - 23:33:11: [SM] Invalid token ' ' in #format property on line 438.
L 06/04/2016 - 23:33:11: [SM] Unable to load plugin "rockthevote.smx": Could not find required plugin "mapchooser"
L 06/04/2016 - 23:33:25: [nextmap.smx] FATAL: Cannot load map cycle. Nextmap not loaded.
L 06/04/2016 - 23:33:25: [SM] Plugin encountered error 25: Call was aborted
L 06/04/2016 - 23:33:25: [SM] Native "SetFailState" reported: Mapcycle Not Found
L 06/04/2016 - 23:33:25: [SM] Displaying call stack trace for plugin "nextmap.smx":
L 06/04/2016 - 23:33:25: [SM]   [0]  Line 139, D:\builds\build-sourcemod-msvc12\windows-1.7\build\plugins\nextmap.sp::FindAndSetNextMap()
L 06/04/2016 - 23:33:25: [SM]   [1]  Line 109, D:\builds\build-sourcemod-msvc12\windows-1.7\build\plugins\nextmap.sp::OnConfigsExecuted()
