L 06/08/2016 - 20:32:19: SourceMod error session started
L 06/08/2016 - 20:32:19: Info (map "vsh_apg_v2") (file "errors_20160608.log")
L 06/08/2016 - 20:32:19: [SM] Warning(s) encountered in translation file "freak_fortress_2.phrases.txt"
L 06/08/2016 - 20:32:19: [SM] Invalid token ' ' in #format property on line 71.
L 06/08/2016 - 20:32:19: [SM] Invalid token ' ' in #format property on line 424.
L 06/08/2016 - 20:32:19: [SM] Invalid token ' ' in #format property on line 429.
L 06/08/2016 - 20:32:19: [SM] Invalid token ' ' in #format property on line 429.
L 06/08/2016 - 20:32:19: [SM] Invalid token ' ' in #format property on line 438.
L 06/08/2016 - 20:32:19: [SM] Invalid token ' ' in #format property on line 438.
L 06/08/2016 - 20:32:19: [SM] Invalid token ' ' in #format property on line 438.
L 06/08/2016 - 20:32:20: [SM] Unable to load plugin "rockthevote.smx": Could not find required plugin "mapchooser"
L 06/08/2016 - 20:32:36: [nextmap.smx] FATAL: Cannot load map cycle. Nextmap not loaded.
L 06/08/2016 - 20:32:36: [SM] Plugin encountered error 25: Call was aborted
L 06/08/2016 - 20:32:36: [SM] Native "SetFailState" reported: Mapcycle Not Found
L 06/08/2016 - 20:32:36: [SM] Displaying call stack trace for plugin "nextmap.smx":
L 06/08/2016 - 20:32:36: [SM]   [0]  Line 139, D:\builds\build-sourcemod-msvc12\windows-1.7\build\plugins\nextmap.sp::FindAndSetNextMap()
L 06/08/2016 - 20:32:36: [SM]   [1]  Line 109, D:\builds\build-sourcemod-msvc12\windows-1.7\build\plugins\nextmap.sp::OnConfigsExecuted()
L 06/08/2016 - 20:35:57: [SM] Native "ResetPack" reported: Invalid data pack handle 2950150 (error 1)
L 06/08/2016 - 20:35:57: [SM] Displaying call stack trace for plugin "ff2_deathmatch.smx":
L 06/08/2016 - 20:35:57: [SM]   [0]  Line 229, C:\ff2_ver2\steamapps\common\Team Fortress 2 Dedicated Server\tf\addons\sourcemod\scripting\ff2_deathmatch.sp::BeLastMan()
L 06/08/2016 - 20:35:57: [SM] Native "ResetPack" reported: Invalid data pack handle 2950150 (error 1)
L 06/08/2016 - 20:35:57: [SM] Displaying call stack trace for plugin "ff2_deathmatch.smx":
L 06/08/2016 - 20:35:57: [SM]   [0]  Line 229, C:\ff2_ver2\steamapps\common\Team Fortress 2 Dedicated Server\tf\addons\sourcemod\scripting\ff2_deathmatch.sp::BeLastMan()
L 06/08/2016 - 20:35:57: [SM] Native "ResetPack" reported: Invalid data pack handle 2950150 (error 1)
L 06/08/2016 - 20:35:57: [SM] Displaying call stack trace for plugin "ff2_deathmatch.smx":
L 06/08/2016 - 20:35:57: [SM]   [0]  Line 229, C:\ff2_ver2\steamapps\common\Team Fortress 2 Dedicated Server\tf\addons\sourcemod\scripting\ff2_deathmatch.sp::BeLastMan()
L 06/08/2016 - 20:36:51: [SM] Native "ResetPack" reported: Invalid data pack handle 393014f (error 1)
L 06/08/2016 - 20:36:51: [SM] Displaying call stack trace for plugin "ff2_deathmatch.smx":
L 06/08/2016 - 20:36:51: [SM]   [0]  Line 229, C:\ff2_ver2\steamapps\common\Team Fortress 2 Dedicated Server\tf\addons\sourcemod\scripting\ff2_deathmatch.sp::BeLastMan()
L 06/08/2016 - 20:36:51: [SM] Native "ResetPack" reported: Invalid data pack handle 393014f (error 1)
L 06/08/2016 - 20:36:51: [SM] Displaying call stack trace for plugin "ff2_deathmatch.smx":
L 06/08/2016 - 20:36:51: [SM]   [0]  Line 229, C:\ff2_ver2\steamapps\common\Team Fortress 2 Dedicated Server\tf\addons\sourcemod\scripting\ff2_deathmatch.sp::BeLastMan()
L 06/08/2016 - 20:36:51: [SM] Native "ResetPack" reported: Invalid data pack handle 393014f (error 1)
L 06/08/2016 - 20:36:51: [SM] Displaying call stack trace for plugin "ff2_deathmatch.smx":
L 06/08/2016 - 20:36:51: [SM]   [0]  Line 229, C:\ff2_ver2\steamapps\common\Team Fortress 2 Dedicated Server\tf\addons\sourcemod\scripting\ff2_deathmatch.sp::BeLastMan()
L 06/08/2016 - 20:36:51: [SM] Native "ResetPack" reported: Invalid data pack handle 393014f (error 1)
L 06/08/2016 - 20:36:51: [SM] Displaying call stack trace for plugin "ff2_deathmatch.smx":
L 06/08/2016 - 20:36:51: [SM]   [0]  Line 229, C:\ff2_ver2\steamapps\common\Team Fortress 2 Dedicated Server\tf\addons\sourcemod\scripting\ff2_deathmatch.sp::BeLastMan()
L 06/08/2016 - 20:41:08: [SM] Native "ResetPack" reported: Invalid data pack handle 6810144 (error 1)
L 06/08/2016 - 20:41:08: [SM] Displaying call stack trace for plugin "ff2_deathmatch.smx":
L 06/08/2016 - 20:41:08: [SM]   [0]  Line 229, C:\ff2_ver2\steamapps\common\Team Fortress 2 Dedicated Server\tf\addons\sourcemod\scripting\ff2_deathmatch.sp::BeLastMan()
L 06/08/2016 - 20:47:46: [freak_fortress_2.smx] [FF2 Bosses] Character spyper is missing file 'sound/vo/taunts/spy_taunt_rps_lose_11.mp3' in section 'sound_stabbed'!
L 06/08/2016 - 20:55:55: [freak_fortress_2.smx] [FF2 Bosses] Character spyper is missing file 'sound/vo/taunts/spy_taunt_rps_lose_11.mp3' in section 'sound_stabbed'!
L 06/08/2016 - 20:57:31: [freak_fortress_2.smx] [FF2 Bosses] Character spyper is missing file 'sound/vo/taunts/spy_taunt_rps_lose_11.mp3' in section 'sound_stabbed'!
L 06/08/2016 - 21:03:21: [freak_fortress_2.smx] [FF2 Bosses] Character spyper is missing file 'sound/vo/taunts/spy_taunt_rps_lose_11.mp3' in section 'sound_stabbed'!
L 06/08/2016 - 21:10:18: Error log file session closed.
L 06/08/2016 - 21:10:20: SourceMod error session started
L 06/08/2016 - 21:10:20: Info (map "vsh_snowflakes_b1") (file "errors_20160608.log")
L 06/08/2016 - 21:10:20: [SM] Warning(s) encountered in translation file "freak_fortress_2.phrases.txt"
L 06/08/2016 - 21:10:20: [SM] Invalid token ' ' in #format property on line 71.
L 06/08/2016 - 21:10:20: [SM] Invalid token ' ' in #format property on line 424.
L 06/08/2016 - 21:10:20: [SM] Invalid token ' ' in #format property on line 429.
L 06/08/2016 - 21:10:20: [SM] Invalid token ' ' in #format property on line 429.
L 06/08/2016 - 21:10:20: [SM] Invalid token ' ' in #format property on line 438.
L 06/08/2016 - 21:10:20: [SM] Invalid token ' ' in #format property on line 438.
L 06/08/2016 - 21:10:20: [SM] Invalid token ' ' in #format property on line 438.
L 06/08/2016 - 21:10:20: [SM] Unable to load plugin "rockthevote.smx": Could not find required plugin "mapchooser"
L 06/08/2016 - 21:10:28: [nextmap.smx] FATAL: Cannot load map cycle. Nextmap not loaded.
L 06/08/2016 - 21:10:28: [SM] Plugin encountered error 25: Call was aborted
L 06/08/2016 - 21:10:28: [SM] Native "SetFailState" reported: Mapcycle Not Found
L 06/08/2016 - 21:10:28: [SM] Displaying call stack trace for plugin "nextmap.smx":
L 06/08/2016 - 21:10:28: [SM]   [0]  Line 139, D:\builds\build-sourcemod-msvc12\windows-1.7\build\plugins\nextmap.sp::FindAndSetNextMap()
L 06/08/2016 - 21:10:28: [SM]   [1]  Line 109, D:\builds\build-sourcemod-msvc12\windows-1.7\build\plugins\nextmap.sp::OnConfigsExecuted()
L 06/08/2016 - 21:30:16: [freak_fortress_2.smx] [FF2 Bosses] Character spyper is missing file 'sound/vo/taunts/spy_taunt_rps_lose_11.mp3' in section 'sound_stabbed'!
L 06/08/2016 - 21:43:03: [SM] Native "KillTimer" reported: Invalid timer handle 4c380158 (error 3)
L 06/08/2016 - 21:43:03: [SM] Displaying call stack trace for plugin "freak_fortress_2.smx":
L 06/08/2016 - 21:43:03: [SM]   [0]  Line 3274, C:\ff2_ver2\steamapps\common\Team Fortress 2 Dedicated Server\tf\addons\sourcemod\scripting\freak_fortress_2.sp::StopMusic()
L 06/08/2016 - 21:43:03: [SM]   [1]  Line 3244, C:\ff2_ver2\steamapps\common\Team Fortress 2 Dedicated Server\tf\addons\sourcemod\scripting\freak_fortress_2.sp::StartMusic()
L 06/08/2016 - 21:43:03: [SM]   [2]  Line 9710, C:\ff2_ver2\steamapps\common\Team Fortress 2 Dedicated Server\tf\addons\sourcemod\scripting\freak_fortress_2.sp::Native_StartMusic()
L 06/08/2016 - 21:43:03: [SM] Native "FF2_StartMusic" reported: Error encountered while processing a dynamic native
L 06/08/2016 - 21:43:03: [SM] Displaying call stack trace for plugin "ff2_deathmatch.smx":
L 06/08/2016 - 21:43:03: [SM]   [0]  Line 315, C:\ff2_ver2\steamapps\common\Team Fortress 2 Dedicated Server\tf\addons\sourcemod\scripting\ff2_deathmatch.sp::StartMusic()
L 06/08/2016 - 21:43:03: [SM]   [1]  Line 86, C:\ff2_ver2\steamapps\common\Team Fortress 2 Dedicated Server\tf\addons\sourcemod\scripting\ff2_deathmatch.sp::OnPlayerDeath()
L 06/08/2016 - 21:43:04: [SM] Native "KillTimer" reported: Invalid timer handle 4c380158 (error 1)
L 06/08/2016 - 21:43:04: [SM] Displaying call stack trace for plugin "freak_fortress_2.smx":
L 06/08/2016 - 21:43:04: [SM]   [0]  Line 3274, C:\ff2_ver2\steamapps\common\Team Fortress 2 Dedicated Server\tf\addons\sourcemod\scripting\freak_fortress_2.sp::StopMusic()
L 06/08/2016 - 21:43:04: [SM]   [1]  Line 2770, C:\ff2_ver2\steamapps\common\Team Fortress 2 Dedicated Server\tf\addons\sourcemod\scripting\freak_fortress_2.sp::OnRoundEnd()
L 06/08/2016 - 21:47:26: Error log file session closed.
L 06/08/2016 - 21:47:26: SourceMod error session started
L 06/08/2016 - 21:47:26: Info (map "vsh_snowflakes_b1") (file "errors_20160608.log")
L 06/08/2016 - 21:47:26: [SM] Warning(s) encountered in translation file "freak_fortress_2.phrases.txt"
L 06/08/2016 - 21:47:26: [SM] Invalid token ' ' in #format property on line 71.
L 06/08/2016 - 21:47:26: [SM] Invalid token ' ' in #format property on line 424.
L 06/08/2016 - 21:47:26: [SM] Invalid token ' ' in #format property on line 429.
L 06/08/2016 - 21:47:26: [SM] Invalid token ' ' in #format property on line 429.
L 06/08/2016 - 21:47:26: [SM] Invalid token ' ' in #format property on line 438.
L 06/08/2016 - 21:47:26: [SM] Invalid token ' ' in #format property on line 438.
L 06/08/2016 - 21:47:26: [SM] Invalid token ' ' in #format property on line 438.
L 06/08/2016 - 21:47:26: [SM] Unable to load plugin "rockthevote.smx": Could not find required plugin "mapchooser"
L 06/08/2016 - 21:47:30: [nextmap.smx] FATAL: Cannot load map cycle. Nextmap not loaded.
L 06/08/2016 - 21:47:30: [SM] Plugin encountered error 25: Call was aborted
L 06/08/2016 - 21:47:30: [SM] Native "SetFailState" reported: Mapcycle Not Found
L 06/08/2016 - 21:47:30: [SM] Displaying call stack trace for plugin "nextmap.smx":
L 06/08/2016 - 21:47:30: [SM]   [0]  Line 139, D:\builds\build-sourcemod-msvc12\windows-1.7\build\plugins\nextmap.sp::FindAndSetNextMap()
L 06/08/2016 - 21:47:30: [SM]   [1]  Line 109, D:\builds\build-sourcemod-msvc12\windows-1.7\build\plugins\nextmap.sp::OnConfigsExecuted()
L 06/08/2016 - 21:47:48: Error log file session closed.
L 06/08/2016 - 21:47:48: SourceMod error session started
L 06/08/2016 - 21:47:48: Info (map "vsh_manncohq_v14") (file "errors_20160608.log")
L 06/08/2016 - 21:47:48: [SM] Warning(s) encountered in translation file "freak_fortress_2.phrases.txt"
L 06/08/2016 - 21:47:48: [SM] Invalid token ' ' in #format property on line 71.
L 06/08/2016 - 21:47:48: [SM] Invalid token ' ' in #format property on line 424.
L 06/08/2016 - 21:47:48: [SM] Invalid token ' ' in #format property on line 429.
L 06/08/2016 - 21:47:48: [SM] Invalid token ' ' in #format property on line 429.
L 06/08/2016 - 21:47:48: [SM] Invalid token ' ' in #format property on line 438.
L 06/08/2016 - 21:47:48: [SM] Invalid token ' ' in #format property on line 438.
L 06/08/2016 - 21:47:48: [SM] Invalid token ' ' in #format property on line 438.
L 06/08/2016 - 21:47:48: [SM] Unable to load plugin "rockthevote.smx": Could not find required plugin "mapchooser"
L 06/08/2016 - 21:47:52: [nextmap.smx] FATAL: Cannot load map cycle. Nextmap not loaded.
L 06/08/2016 - 21:47:52: [SM] Plugin encountered error 25: Call was aborted
L 06/08/2016 - 21:47:52: [SM] Native "SetFailState" reported: Mapcycle Not Found
L 06/08/2016 - 21:47:52: [SM] Displaying call stack trace for plugin "nextmap.smx":
L 06/08/2016 - 21:47:52: [SM]   [0]  Line 139, D:\builds\build-sourcemod-msvc12\windows-1.7\build\plugins\nextmap.sp::FindAndSetNextMap()
L 06/08/2016 - 21:47:52: [SM]   [1]  Line 109, D:\builds\build-sourcemod-msvc12\windows-1.7\build\plugins\nextmap.sp::OnConfigsExecuted()
L 06/08/2016 - 21:56:12: Error log file session closed.
