L 04/13/2016 - 11:02:46: SourceMod error session started
L 04/13/2016 - 11:02:46: Info (map "arena_badlands") (file "errors_20160413.log")
L 04/13/2016 - 11:02:46: [SM] Warning(s) encountered in translation file "freak_fortress_2.phrases.txt"
L 04/13/2016 - 11:02:46: [SM] Invalid token ' ' in #format property on line 59.
L 04/13/2016 - 11:02:46: [SM] Invalid token ' ' in #format property on line 402.
L 04/13/2016 - 11:02:46: [SM] Invalid token ' ' in #format property on line 407.
L 04/13/2016 - 11:02:46: [SM] Invalid token ' ' in #format property on line 407.
L 04/13/2016 - 11:02:46: [SM] Invalid token ' ' in #format property on line 416.
L 04/13/2016 - 11:02:46: [SM] Invalid token ' ' in #format property on line 416.
L 04/13/2016 - 11:02:46: [SM] Invalid token ' ' in #format property on line 416.
L 04/13/2016 - 11:04:17: Error log file session closed.
L 04/13/2016 - 11:04:28: SourceMod error session started
L 04/13/2016 - 11:04:28: Info (map "arena_badlands") (file "errors_20160413.log")
L 04/13/2016 - 11:04:28: [SM] Warning(s) encountered in translation file "freak_fortress_2.phrases.txt"
L 04/13/2016 - 11:04:28: [SM] Invalid token ' ' in #format property on line 59.
L 04/13/2016 - 11:04:28: [SM] Invalid token ' ' in #format property on line 402.
L 04/13/2016 - 11:04:28: [SM] Invalid token ' ' in #format property on line 407.
L 04/13/2016 - 11:04:28: [SM] Invalid token ' ' in #format property on line 407.
L 04/13/2016 - 11:04:28: [SM] Invalid token ' ' in #format property on line 416.
L 04/13/2016 - 11:04:28: [SM] Invalid token ' ' in #format property on line 416.
L 04/13/2016 - 11:04:28: [SM] Invalid token ' ' in #format property on line 416.
L 04/13/2016 - 11:07:10: [freaks\ff2_1st_set_abilities.ff2] [FF2 Bosses] Model '프레디 크루거' isn't precached!  Please check models\props_halloween\eyeball_projectile.mdl's "mod_precache"
L 04/13/2016 - 11:07:10: [SM] Native "IsClientInGame" reported: Client index 0 is invalid
L 04/13/2016 - 11:07:10: [SM] Displaying call stack trace for plugin "freaks\ff2_1st_set_abilities.ff2":
L 04/13/2016 - 11:07:10: [SM]   [0]  Line 114, C:\ff2\steamapps\common\Team Fortress 2 Dedicated Server\tf\addons\sourcemod\scripting\ff2_1st_set_abilities.sp::OnRoundEnd()
L 04/13/2016 - 11:11:34: [SM] Native "IsClientInGame" reported: Client index 0 is invalid
L 04/13/2016 - 11:11:34: [SM] Displaying call stack trace for plugin "freaks\ff2_1st_set_abilities.ff2":
L 04/13/2016 - 11:11:34: [SM]   [0]  Line 114, C:\ff2\steamapps\common\Team Fortress 2 Dedicated Server\tf\addons\sourcemod\scripting\ff2_1st_set_abilities.sp::OnRoundEnd()
L 04/13/2016 - 11:14:10: [SM] Native "IsClientInGame" reported: Client index 0 is invalid
L 04/13/2016 - 11:14:10: [SM] Displaying call stack trace for plugin "freaks\ff2_1st_set_abilities.ff2":
L 04/13/2016 - 11:14:10: [SM]   [0]  Line 114, C:\ff2\steamapps\common\Team Fortress 2 Dedicated Server\tf\addons\sourcemod\scripting\ff2_1st_set_abilities.sp::OnRoundEnd()
L 04/13/2016 - 11:14:55: [freaks\ff2_1st_set_abilities.ff2] [FF2 Bosses] Model '데모판' isn't precached!  Please check models/freak_fortress_2/demopan/giant_shako.mdl's "mod_precache"
L 04/13/2016 - 11:16:27: [SM] Native "IsClientInGame" reported: Client index 0 is invalid
L 04/13/2016 - 11:16:27: [SM] Displaying call stack trace for plugin "freaks\ff2_1st_set_abilities.ff2":
L 04/13/2016 - 11:16:27: [SM]   [0]  Line 114, C:\ff2\steamapps\common\Team Fortress 2 Dedicated Server\tf\addons\sourcemod\scripting\ff2_1st_set_abilities.sp::OnRoundEnd()
L 04/13/2016 - 11:21:53: [SM] Native "IsClientInGame" reported: Client index 0 is invalid
L 04/13/2016 - 11:21:53: [SM] Displaying call stack trace for plugin "freaks\ff2_1st_set_abilities.ff2":
L 04/13/2016 - 11:21:53: [SM]   [0]  Line 114, C:\ff2\steamapps\common\Team Fortress 2 Dedicated Server\tf\addons\sourcemod\scripting\ff2_1st_set_abilities.sp::OnRoundEnd()
L 04/13/2016 - 11:23:04: [SM] Native "IsClientInGame" reported: Client index 0 is invalid
L 04/13/2016 - 11:23:04: [SM] Displaying call stack trace for plugin "freaks\ff2_1st_set_abilities.ff2":
L 04/13/2016 - 11:23:04: [SM]   [0]  Line 114, C:\ff2\steamapps\common\Team Fortress 2 Dedicated Server\tf\addons\sourcemod\scripting\ff2_1st_set_abilities.sp::OnRoundEnd()
L 04/13/2016 - 11:25:46: [SM] Native "IsClientInGame" reported: Client index 0 is invalid
L 04/13/2016 - 11:25:46: [SM] Displaying call stack trace for plugin "freaks\ff2_1st_set_abilities.ff2":
L 04/13/2016 - 11:25:46: [SM]   [0]  Line 114, C:\ff2\steamapps\common\Team Fortress 2 Dedicated Server\tf\addons\sourcemod\scripting\ff2_1st_set_abilities.sp::OnRoundEnd()
L 04/13/2016 - 11:26:12: [SM] Native "IsClientInGame" reported: Client index 0 is invalid
L 04/13/2016 - 11:26:12: [SM] Displaying call stack trace for plugin "freaks\ff2_1st_set_abilities.ff2":
L 04/13/2016 - 11:26:12: [SM]   [0]  Line 114, C:\ff2\steamapps\common\Team Fortress 2 Dedicated Server\tf\addons\sourcemod\scripting\ff2_1st_set_abilities.sp::OnRoundEnd()
L 04/13/2016 - 11:28:42: [SM] Native "IsClientInGame" reported: Client index 0 is invalid
L 04/13/2016 - 11:28:42: [SM] Displaying call stack trace for plugin "freaks\ff2_1st_set_abilities.ff2":
L 04/13/2016 - 11:28:42: [SM]   [0]  Line 114, C:\ff2\steamapps\common\Team Fortress 2 Dedicated Server\tf\addons\sourcemod\scripting\ff2_1st_set_abilities.sp::OnRoundEnd()
L 04/13/2016 - 11:31:41: [SM] Native "IsClientInGame" reported: Client index 0 is invalid
L 04/13/2016 - 11:31:41: [SM] Displaying call stack trace for plugin "freaks\ff2_1st_set_abilities.ff2":
L 04/13/2016 - 11:31:41: [SM]   [0]  Line 114, C:\ff2\steamapps\common\Team Fortress 2 Dedicated Server\tf\addons\sourcemod\scripting\ff2_1st_set_abilities.sp::OnRoundEnd()
L 04/13/2016 - 11:33:15: [SM] Native "IsClientInGame" reported: Client index 0 is invalid
L 04/13/2016 - 11:33:15: [SM] Displaying call stack trace for plugin "freaks\ff2_1st_set_abilities.ff2":
L 04/13/2016 - 11:33:15: [SM]   [0]  Line 114, C:\ff2\steamapps\common\Team Fortress 2 Dedicated Server\tf\addons\sourcemod\scripting\ff2_1st_set_abilities.sp::OnRoundEnd()
L 04/13/2016 - 11:33:43: Error log file session closed.
L 04/13/2016 - 21:14:37: SourceMod error session started
L 04/13/2016 - 21:14:37: Info (map "arena_badlands") (file "errors_20160413.log")
L 04/13/2016 - 21:14:37: [SM] Warning(s) encountered in translation file "freak_fortress_2.phrases.txt"
L 04/13/2016 - 21:14:37: [SM] Invalid token ' ' in #format property on line 59.
L 04/13/2016 - 21:14:37: [SM] Invalid token ' ' in #format property on line 213.
L 04/13/2016 - 21:14:37: [SM] Invalid token '[' in #format property on line 213.
L 04/13/2016 - 21:14:37: [SM] Invalid token '3' in #format property on line 213.
L 04/13/2016 - 21:14:37: [SM] Invalid token ':' in #format property on line 213.
L 04/13/2016 - 21:14:37: [SM] Invalid token ']' in #format property on line 213.
L 04/13/2016 - 21:14:37: [SM] Invalid token ' ' in #format property on line 407.
L 04/13/2016 - 21:14:37: [SM] Invalid token ' ' in #format property on line 412.
L 04/13/2016 - 21:14:37: [SM] Invalid token ' ' in #format property on line 412.
L 04/13/2016 - 21:14:37: [SM] Invalid token ' ' in #format property on line 421.
L 04/13/2016 - 21:14:37: [SM] Invalid token ' ' in #format property on line 421.
L 04/13/2016 - 21:14:37: [SM] Invalid token ' ' in #format property on line 421.
L 04/13/2016 - 21:18:45: [SM] Native "IsClientInGame" reported: Client index 0 is invalid
L 04/13/2016 - 21:18:45: [SM] Displaying call stack trace for plugin "freaks\ff2_1st_set_abilities.ff2":
L 04/13/2016 - 21:18:45: [SM]   [0]  Line 114, C:\ff2\steamapps\common\Team Fortress 2 Dedicated Server\tf\addons\sourcemod\scripting\ff2_1st_set_abilities.sp::OnRoundEnd()
L 04/13/2016 - 21:19:51: [SM] Native "IsClientInGame" reported: Client index 0 is invalid
L 04/13/2016 - 21:19:51: [SM] Displaying call stack trace for plugin "freaks\ff2_1st_set_abilities.ff2":
L 04/13/2016 - 21:19:51: [SM]   [0]  Line 114, C:\ff2\steamapps\common\Team Fortress 2 Dedicated Server\tf\addons\sourcemod\scripting\ff2_1st_set_abilities.sp::OnRoundEnd()
L 04/13/2016 - 21:22:29: [SM] Plugin encountered error 15: Array index is out of bounds
L 04/13/2016 - 21:22:29: [SM] Displaying call stack trace for plugin "freak_fortress_2.smx":
L 04/13/2016 - 21:22:29: [SM]   [0]  Line 8344, C:\ff2_ver2\steamapps\common\Team Fortress 2 Dedicated Server\tf\addons\sourcemod\scripting\freak_fortress_2.sp::HelpPanelBoss()
L 04/13/2016 - 21:22:29: [SM]   [1]  Line 1348, C:\ff2_ver2\steamapps\common\Team Fortress 2 Dedicated Server\tf\addons\sourcemod\scripting\freak_fortress_2.sp::Command_HelpBossPanel()
L 04/13/2016 - 21:22:34: [SM] Plugin encountered error 15: Array index is out of bounds
L 04/13/2016 - 21:22:34: [SM] Displaying call stack trace for plugin "freak_fortress_2.smx":
L 04/13/2016 - 21:22:34: [SM]   [0]  Line 8344, C:\ff2_ver2\steamapps\common\Team Fortress 2 Dedicated Server\tf\addons\sourcemod\scripting\freak_fortress_2.sp::HelpPanelBoss()
L 04/13/2016 - 21:22:34: [SM]   [1]  Line 1348, C:\ff2_ver2\steamapps\common\Team Fortress 2 Dedicated Server\tf\addons\sourcemod\scripting\freak_fortress_2.sp::Command_HelpBossPanel()
L 04/13/2016 - 21:23:06: [SM] Native "IsClientInGame" reported: Client index 0 is invalid
L 04/13/2016 - 21:23:06: [SM] Displaying call stack trace for plugin "freaks\ff2_1st_set_abilities.ff2":
L 04/13/2016 - 21:23:06: [SM]   [0]  Line 114, C:\ff2\steamapps\common\Team Fortress 2 Dedicated Server\tf\addons\sourcemod\scripting\ff2_1st_set_abilities.sp::OnRoundEnd()
L 04/13/2016 - 21:23:31: [SM] Plugin encountered error 15: Array index is out of bounds
L 04/13/2016 - 21:23:31: [SM] Displaying call stack trace for plugin "freak_fortress_2.smx":
L 04/13/2016 - 21:23:31: [SM]   [0]  Line 3286, C:\ff2_ver2\steamapps\common\Team Fortress 2 Dedicated Server\tf\addons\sourcemod\scripting\freak_fortress_2.sp::MessageTimer()
L 04/13/2016 - 21:24:08: [freaks\ff2_1st_set_abilities.ff2] [FF2] Cannot give ammo to weapon tf_weapon_bottle (boss )-check your config!
L 04/13/2016 - 21:24:08: [freaks\ff2_1st_set_abilities.ff2] [FF2] Cannot give ammo to weapon tf_weapon_bottle (boss )-check your config!
L 04/13/2016 - 21:24:08: [freaks\ff2_1st_set_abilities.ff2] [FF2] Cannot give ammo to weapon tf_weapon_bottle (boss )-check your config!
L 04/13/2016 - 21:24:08: [freaks\ff2_1st_set_abilities.ff2] [FF2] Cannot give ammo to weapon tf_weapon_bottle (boss )-check your config!
L 04/13/2016 - 21:24:08: [freaks\ff2_1st_set_abilities.ff2] [FF2] Cannot give ammo to weapon tf_weapon_bottle (boss )-check your config!
L 04/13/2016 - 21:24:26: [freaks\ff2_1st_set_abilities.ff2] [FF2] Cannot give ammo to weapon tf_weapon_bottle (boss )-check your config!
L 04/13/2016 - 21:24:26: [freaks\ff2_1st_set_abilities.ff2] [FF2] Cannot give ammo to weapon tf_weapon_bottle (boss )-check your config!
L 04/13/2016 - 21:24:26: [freaks\ff2_1st_set_abilities.ff2] [FF2] Cannot give ammo to weapon tf_weapon_bottle (boss )-check your config!
L 04/13/2016 - 21:24:26: [freaks\ff2_1st_set_abilities.ff2] [FF2] Cannot give ammo to weapon tf_weapon_bottle (boss )-check your config!
L 04/13/2016 - 21:25:24: [freaks\ff2_1st_set_abilities.ff2] [FF2] Cannot give ammo to weapon tf_weapon_bottle (boss )-check your config!
L 04/13/2016 - 21:25:24: [freaks\ff2_1st_set_abilities.ff2] [FF2] Cannot give ammo to weapon tf_weapon_bottle (boss )-check your config!
L 04/13/2016 - 21:25:24: [freaks\ff2_1st_set_abilities.ff2] [FF2] Cannot give ammo to weapon tf_weapon_bottle (boss )-check your config!
L 04/13/2016 - 21:25:24: [freaks\ff2_1st_set_abilities.ff2] [FF2] Cannot give ammo to weapon tf_weapon_bottle (boss )-check your config!
L 04/13/2016 - 21:25:24: [freaks\ff2_1st_set_abilities.ff2] [FF2] Cannot give ammo to weapon tf_weapon_bottle (boss )-check your config!
L 04/13/2016 - 21:25:24: [freaks\ff2_1st_set_abilities.ff2] [FF2] Cannot give ammo to weapon tf_weapon_bottle (boss )-check your config!
L 04/13/2016 - 21:25:24: [freaks\ff2_1st_set_abilities.ff2] [FF2] Cannot give ammo to weapon tf_weapon_bottle (boss )-check your config!
L 04/13/2016 - 21:25:30: [SM] Native "IsClientInGame" reported: Client index 0 is invalid
L 04/13/2016 - 21:25:30: [SM] Displaying call stack trace for plugin "freaks\ff2_1st_set_abilities.ff2":
L 04/13/2016 - 21:25:30: [SM]   [0]  Line 114, C:\ff2\steamapps\common\Team Fortress 2 Dedicated Server\tf\addons\sourcemod\scripting\ff2_1st_set_abilities.sp::OnRoundEnd()
L 04/13/2016 - 21:27:03: [SM] Native "IsClientInGame" reported: Client index 0 is invalid
L 04/13/2016 - 21:27:03: [SM] Displaying call stack trace for plugin "freaks\ff2_1st_set_abilities.ff2":
L 04/13/2016 - 21:27:03: [SM]   [0]  Line 114, C:\ff2\steamapps\common\Team Fortress 2 Dedicated Server\tf\addons\sourcemod\scripting\ff2_1st_set_abilities.sp::OnRoundEnd()
L 04/13/2016 - 21:27:28: [SM] Plugin encountered error 15: Array index is out of bounds
L 04/13/2016 - 21:27:28: [SM] Displaying call stack trace for plugin "freak_fortress_2.smx":
L 04/13/2016 - 21:27:28: [SM]   [0]  Line 3286, C:\ff2_ver2\steamapps\common\Team Fortress 2 Dedicated Server\tf\addons\sourcemod\scripting\freak_fortress_2.sp::MessageTimer()
L 04/13/2016 - 21:29:05: [SM] Native "IsClientInGame" reported: Client index 0 is invalid
L 04/13/2016 - 21:29:05: [SM] Displaying call stack trace for plugin "freaks\ff2_1st_set_abilities.ff2":
L 04/13/2016 - 21:29:05: [SM]   [0]  Line 114, C:\ff2\steamapps\common\Team Fortress 2 Dedicated Server\tf\addons\sourcemod\scripting\ff2_1st_set_abilities.sp::OnRoundEnd()
L 04/13/2016 - 21:29:30: [SM] Plugin encountered error 15: Array index is out of bounds
L 04/13/2016 - 21:29:30: [SM] Displaying call stack trace for plugin "freak_fortress_2.smx":
L 04/13/2016 - 21:29:30: [SM]   [0]  Line 3286, C:\ff2_ver2\steamapps\common\Team Fortress 2 Dedicated Server\tf\addons\sourcemod\scripting\freak_fortress_2.sp::MessageTimer()
L 04/13/2016 - 21:29:52: [SM] Native "IsClientInGame" reported: Client index 0 is invalid
L 04/13/2016 - 21:29:52: [SM] Displaying call stack trace for plugin "freaks\ff2_1st_set_abilities.ff2":
L 04/13/2016 - 21:29:52: [SM]   [0]  Line 114, C:\ff2\steamapps\common\Team Fortress 2 Dedicated Server\tf\addons\sourcemod\scripting\ff2_1st_set_abilities.sp::OnRoundEnd()
L 04/13/2016 - 21:30:17: [SM] Plugin encountered error 15: Array index is out of bounds
L 04/13/2016 - 21:30:17: [SM] Displaying call stack trace for plugin "freak_fortress_2.smx":
L 04/13/2016 - 21:30:17: [SM]   [0]  Line 3286, C:\ff2_ver2\steamapps\common\Team Fortress 2 Dedicated Server\tf\addons\sourcemod\scripting\freak_fortress_2.sp::MessageTimer()
L 04/13/2016 - 21:30:26: [SM] Native "IsClientInGame" reported: Client index 0 is invalid
L 04/13/2016 - 21:30:26: [SM] Displaying call stack trace for plugin "freaks\ff2_1st_set_abilities.ff2":
L 04/13/2016 - 21:30:26: [SM]   [0]  Line 114, C:\ff2\steamapps\common\Team Fortress 2 Dedicated Server\tf\addons\sourcemod\scripting\ff2_1st_set_abilities.sp::OnRoundEnd()
L 04/13/2016 - 21:30:50: [SM] Plugin encountered error 15: Array index is out of bounds
L 04/13/2016 - 21:30:50: [SM] Displaying call stack trace for plugin "freak_fortress_2.smx":
L 04/13/2016 - 21:30:50: [SM]   [0]  Line 3286, C:\ff2_ver2\steamapps\common\Team Fortress 2 Dedicated Server\tf\addons\sourcemod\scripting\freak_fortress_2.sp::MessageTimer()
L 04/13/2016 - 21:33:21: [SM] Native "IsClientInGame" reported: Client index 0 is invalid
L 04/13/2016 - 21:33:21: [SM] Displaying call stack trace for plugin "freaks\ff2_1st_set_abilities.ff2":
L 04/13/2016 - 21:33:21: [SM]   [0]  Line 114, C:\ff2\steamapps\common\Team Fortress 2 Dedicated Server\tf\addons\sourcemod\scripting\ff2_1st_set_abilities.sp::OnRoundEnd()
L 04/13/2016 - 21:33:46: [SM] Plugin encountered error 15: Array index is out of bounds
L 04/13/2016 - 21:33:46: [SM] Displaying call stack trace for plugin "freak_fortress_2.smx":
L 04/13/2016 - 21:33:46: [SM]   [0]  Line 3286, C:\ff2_ver2\steamapps\common\Team Fortress 2 Dedicated Server\tf\addons\sourcemod\scripting\freak_fortress_2.sp::MessageTimer()
L 04/13/2016 - 21:33:47: [SM] Native "IsClientInGame" reported: Client index 0 is invalid
L 04/13/2016 - 21:33:47: [SM] Displaying call stack trace for plugin "freaks\ff2_1st_set_abilities.ff2":
L 04/13/2016 - 21:33:47: [SM]   [0]  Line 114, C:\ff2\steamapps\common\Team Fortress 2 Dedicated Server\tf\addons\sourcemod\scripting\ff2_1st_set_abilities.sp::OnRoundEnd()
L 04/13/2016 - 21:34:11: [SM] Plugin encountered error 15: Array index is out of bounds
L 04/13/2016 - 21:34:11: [SM] Displaying call stack trace for plugin "freak_fortress_2.smx":
L 04/13/2016 - 21:34:11: [SM]   [0]  Line 3286, C:\ff2_ver2\steamapps\common\Team Fortress 2 Dedicated Server\tf\addons\sourcemod\scripting\freak_fortress_2.sp::MessageTimer()
L 04/13/2016 - 21:34:55: [SM] Native "IsClientInGame" reported: Client index 0 is invalid
L 04/13/2016 - 21:34:55: [SM] Displaying call stack trace for plugin "freaks\ff2_1st_set_abilities.ff2":
L 04/13/2016 - 21:34:55: [SM]   [0]  Line 114, C:\ff2\steamapps\common\Team Fortress 2 Dedicated Server\tf\addons\sourcemod\scripting\ff2_1st_set_abilities.sp::OnRoundEnd()
L 04/13/2016 - 21:36:53: [SM] Native "IsClientInGame" reported: Client index 0 is invalid
L 04/13/2016 - 21:36:53: [SM] Displaying call stack trace for plugin "freaks\ff2_1st_set_abilities.ff2":
L 04/13/2016 - 21:36:53: [SM]   [0]  Line 114, C:\ff2\steamapps\common\Team Fortress 2 Dedicated Server\tf\addons\sourcemod\scripting\ff2_1st_set_abilities.sp::OnRoundEnd()
L 04/13/2016 - 21:40:35: [SM] Native "IsClientInGame" reported: Client index 0 is invalid
L 04/13/2016 - 21:40:35: [SM] Displaying call stack trace for plugin "freaks\ff2_1st_set_abilities.ff2":
L 04/13/2016 - 21:40:35: [SM]   [0]  Line 114, C:\ff2\steamapps\common\Team Fortress 2 Dedicated Server\tf\addons\sourcemod\scripting\ff2_1st_set_abilities.sp::OnRoundEnd()
L 04/13/2016 - 21:43:06: [SM] Native "IsClientInGame" reported: Client index 0 is invalid
L 04/13/2016 - 21:43:06: [SM] Displaying call stack trace for plugin "freaks\ff2_1st_set_abilities.ff2":
L 04/13/2016 - 21:43:06: [SM]   [0]  Line 114, C:\ff2\steamapps\common\Team Fortress 2 Dedicated Server\tf\addons\sourcemod\scripting\ff2_1st_set_abilities.sp::OnRoundEnd()
L 04/13/2016 - 21:45:23: [SM] Native "IsClientInGame" reported: Client index 0 is invalid
L 04/13/2016 - 21:45:23: [SM] Displaying call stack trace for plugin "freaks\ff2_1st_set_abilities.ff2":
L 04/13/2016 - 21:45:23: [SM]   [0]  Line 114, C:\ff2\steamapps\common\Team Fortress 2 Dedicated Server\tf\addons\sourcemod\scripting\ff2_1st_set_abilities.sp::OnRoundEnd()
L 04/13/2016 - 21:46:01: [SM] Native "IsClientInGame" reported: Client index 0 is invalid
L 04/13/2016 - 21:46:01: [SM] Displaying call stack trace for plugin "freaks\ff2_1st_set_abilities.ff2":
L 04/13/2016 - 21:46:01: [SM]   [0]  Line 114, C:\ff2\steamapps\common\Team Fortress 2 Dedicated Server\tf\addons\sourcemod\scripting\ff2_1st_set_abilities.sp::OnRoundEnd()
L 04/13/2016 - 21:48:50: [SM] Native "IsClientInGame" reported: Client index 0 is invalid
L 04/13/2016 - 21:48:50: [SM] Displaying call stack trace for plugin "freaks\ff2_1st_set_abilities.ff2":
L 04/13/2016 - 21:48:50: [SM]   [0]  Line 114, C:\ff2\steamapps\common\Team Fortress 2 Dedicated Server\tf\addons\sourcemod\scripting\ff2_1st_set_abilities.sp::OnRoundEnd()
L 04/13/2016 - 21:51:12: [SM] Native "IsClientInGame" reported: Client index 0 is invalid
L 04/13/2016 - 21:51:12: [SM] Displaying call stack trace for plugin "freaks\ff2_1st_set_abilities.ff2":
L 04/13/2016 - 21:51:12: [SM]   [0]  Line 114, C:\ff2\steamapps\common\Team Fortress 2 Dedicated Server\tf\addons\sourcemod\scripting\ff2_1st_set_abilities.sp::OnRoundEnd()
L 04/13/2016 - 21:51:38: Error log file session closed.
L 04/13/2016 - 21:51:39: SourceMod error session started
L 04/13/2016 - 21:51:39: Info (map "koth_nucleus") (file "errors_20160413.log")
L 04/13/2016 - 21:51:39: [SM] Warning(s) encountered in translation file "freak_fortress_2.phrases.txt"
L 04/13/2016 - 21:51:39: [SM] Invalid token ' ' in #format property on line 59.
L 04/13/2016 - 21:51:39: [SM] Invalid token ' ' in #format property on line 213.
L 04/13/2016 - 21:51:39: [SM] Invalid token '[' in #format property on line 213.
L 04/13/2016 - 21:51:39: [SM] Invalid token '3' in #format property on line 213.
L 04/13/2016 - 21:51:39: [SM] Invalid token ':' in #format property on line 213.
L 04/13/2016 - 21:51:39: [SM] Invalid token ']' in #format property on line 213.
L 04/13/2016 - 21:51:39: [SM] Invalid token ' ' in #format property on line 407.
L 04/13/2016 - 21:51:39: [SM] Invalid token ' ' in #format property on line 412.
L 04/13/2016 - 21:51:39: [SM] Invalid token ' ' in #format property on line 412.
L 04/13/2016 - 21:51:39: [SM] Invalid token ' ' in #format property on line 421.
L 04/13/2016 - 21:51:39: [SM] Invalid token ' ' in #format property on line 421.
L 04/13/2016 - 21:51:39: [SM] Invalid token ' ' in #format property on line 421.
L 04/13/2016 - 21:53:48: [SM] Native "IsClientInGame" reported: Client index 0 is invalid
L 04/13/2016 - 21:53:48: [SM] Displaying call stack trace for plugin "freaks\ff2_1st_set_abilities.ff2":
L 04/13/2016 - 21:53:48: [SM]   [0]  Line 114, C:\ff2\steamapps\common\Team Fortress 2 Dedicated Server\tf\addons\sourcemod\scripting\ff2_1st_set_abilities.sp::OnRoundEnd()
L 04/13/2016 - 21:54:35: [SM] Native "IsClientInGame" reported: Client index 0 is invalid
L 04/13/2016 - 21:54:35: [SM] Displaying call stack trace for plugin "freaks\ff2_1st_set_abilities.ff2":
L 04/13/2016 - 21:54:35: [SM]   [0]  Line 114, C:\ff2\steamapps\common\Team Fortress 2 Dedicated Server\tf\addons\sourcemod\scripting\ff2_1st_set_abilities.sp::OnRoundEnd()
L 04/13/2016 - 21:56:40: [SM] Native "IsClientInGame" reported: Client index 0 is invalid
L 04/13/2016 - 21:56:40: [SM] Displaying call stack trace for plugin "freaks\ff2_1st_set_abilities.ff2":
L 04/13/2016 - 21:56:40: [SM]   [0]  Line 114, C:\ff2\steamapps\common\Team Fortress 2 Dedicated Server\tf\addons\sourcemod\scripting\ff2_1st_set_abilities.sp::OnRoundEnd()
L 04/13/2016 - 22:00:42: [SM] Native "IsClientInGame" reported: Client index 0 is invalid
L 04/13/2016 - 22:00:42: [SM] Displaying call stack trace for plugin "freaks\ff2_1st_set_abilities.ff2":
L 04/13/2016 - 22:00:42: [SM]   [0]  Line 114, C:\ff2\steamapps\common\Team Fortress 2 Dedicated Server\tf\addons\sourcemod\scripting\ff2_1st_set_abilities.sp::OnRoundEnd()
L 04/13/2016 - 22:01:34: [SM] Native "IsClientInGame" reported: Client index 0 is invalid
L 04/13/2016 - 22:01:34: [SM] Displaying call stack trace for plugin "freaks\ff2_1st_set_abilities.ff2":
L 04/13/2016 - 22:01:34: [SM]   [0]  Line 114, C:\ff2\steamapps\common\Team Fortress 2 Dedicated Server\tf\addons\sourcemod\scripting\ff2_1st_set_abilities.sp::OnRoundEnd()
L 04/13/2016 - 22:06:53: [SM] Native "IsClientInGame" reported: Client index 0 is invalid
L 04/13/2016 - 22:06:53: [SM] Displaying call stack trace for plugin "freaks\ff2_1st_set_abilities.ff2":
L 04/13/2016 - 22:06:53: [SM]   [0]  Line 114, C:\ff2\steamapps\common\Team Fortress 2 Dedicated Server\tf\addons\sourcemod\scripting\ff2_1st_set_abilities.sp::OnRoundEnd()
L 04/13/2016 - 22:09:15: [SM] Native "IsClientInGame" reported: Client index 0 is invalid
L 04/13/2016 - 22:09:15: [SM] Displaying call stack trace for plugin "freaks\ff2_1st_set_abilities.ff2":
L 04/13/2016 - 22:09:15: [SM]   [0]  Line 114, C:\ff2\steamapps\common\Team Fortress 2 Dedicated Server\tf\addons\sourcemod\scripting\ff2_1st_set_abilities.sp::OnRoundEnd()
L 04/13/2016 - 22:09:40: [SM] Plugin encountered error 15: Array index is out of bounds
L 04/13/2016 - 22:09:40: [SM] Displaying call stack trace for plugin "freak_fortress_2.smx":
L 04/13/2016 - 22:09:40: [SM]   [0]  Line 3286, C:\ff2_ver2\steamapps\common\Team Fortress 2 Dedicated Server\tf\addons\sourcemod\scripting\freak_fortress_2.sp::MessageTimer()
L 04/13/2016 - 22:10:39: [SM] Native "IsClientInGame" reported: Client index 0 is invalid
L 04/13/2016 - 22:10:39: [SM] Displaying call stack trace for plugin "freaks\ff2_1st_set_abilities.ff2":
L 04/13/2016 - 22:10:39: [SM]   [0]  Line 114, C:\ff2\steamapps\common\Team Fortress 2 Dedicated Server\tf\addons\sourcemod\scripting\ff2_1st_set_abilities.sp::OnRoundEnd()
L 04/13/2016 - 22:11:04: [SM] Plugin encountered error 15: Array index is out of bounds
L 04/13/2016 - 22:11:04: [SM] Displaying call stack trace for plugin "freak_fortress_2.smx":
L 04/13/2016 - 22:11:04: [SM]   [0]  Line 3286, C:\ff2_ver2\steamapps\common\Team Fortress 2 Dedicated Server\tf\addons\sourcemod\scripting\freak_fortress_2.sp::MessageTimer()
L 04/13/2016 - 22:12:45: [SM] Native "IsClientInGame" reported: Client index 0 is invalid
L 04/13/2016 - 22:12:45: [SM] Displaying call stack trace for plugin "freaks\ff2_1st_set_abilities.ff2":
L 04/13/2016 - 22:12:45: [SM]   [0]  Line 114, C:\ff2\steamapps\common\Team Fortress 2 Dedicated Server\tf\addons\sourcemod\scripting\ff2_1st_set_abilities.sp::OnRoundEnd()
L 04/13/2016 - 22:15:28: [SM] Native "IsClientInGame" reported: Client index 0 is invalid
L 04/13/2016 - 22:15:28: [SM] Displaying call stack trace for plugin "freaks\ff2_1st_set_abilities.ff2":
L 04/13/2016 - 22:15:28: [SM]   [0]  Line 114, C:\ff2\steamapps\common\Team Fortress 2 Dedicated Server\tf\addons\sourcemod\scripting\ff2_1st_set_abilities.sp::OnRoundEnd()
L 04/13/2016 - 22:16:47: [SM] Native "IsClientInGame" reported: Client index 0 is invalid
L 04/13/2016 - 22:16:47: [SM] Displaying call stack trace for plugin "freaks\ff2_1st_set_abilities.ff2":
L 04/13/2016 - 22:16:47: [SM]   [0]  Line 114, C:\ff2\steamapps\common\Team Fortress 2 Dedicated Server\tf\addons\sourcemod\scripting\ff2_1st_set_abilities.sp::OnRoundEnd()
L 04/13/2016 - 22:18:15: [SM] Native "IsClientInGame" reported: Client index 0 is invalid
L 04/13/2016 - 22:18:15: [SM] Displaying call stack trace for plugin "freaks\ff2_1st_set_abilities.ff2":
L 04/13/2016 - 22:18:15: [SM]   [0]  Line 114, C:\ff2\steamapps\common\Team Fortress 2 Dedicated Server\tf\addons\sourcemod\scripting\ff2_1st_set_abilities.sp::OnRoundEnd()
L 04/13/2016 - 22:18:40: [SM] Plugin encountered error 15: Array index is out of bounds
L 04/13/2016 - 22:18:40: [SM] Displaying call stack trace for plugin "freak_fortress_2.smx":
L 04/13/2016 - 22:18:40: [SM]   [0]  Line 3286, C:\ff2_ver2\steamapps\common\Team Fortress 2 Dedicated Server\tf\addons\sourcemod\scripting\freak_fortress_2.sp::MessageTimer()
L 04/13/2016 - 22:20:14: [SM] Native "IsClientInGame" reported: Client index 0 is invalid
L 04/13/2016 - 22:20:14: [SM] Displaying call stack trace for plugin "freaks\ff2_1st_set_abilities.ff2":
L 04/13/2016 - 22:20:14: [SM]   [0]  Line 114, C:\ff2\steamapps\common\Team Fortress 2 Dedicated Server\tf\addons\sourcemod\scripting\ff2_1st_set_abilities.sp::OnRoundEnd()
L 04/13/2016 - 22:20:38: [SM] Plugin encountered error 15: Array index is out of bounds
L 04/13/2016 - 22:20:38: [SM] Displaying call stack trace for plugin "freak_fortress_2.smx":
L 04/13/2016 - 22:20:38: [SM]   [0]  Line 3286, C:\ff2_ver2\steamapps\common\Team Fortress 2 Dedicated Server\tf\addons\sourcemod\scripting\freak_fortress_2.sp::MessageTimer()
L 04/13/2016 - 22:21:24: [SM] Native "IsClientInGame" reported: Client index 0 is invalid
L 04/13/2016 - 22:21:24: [SM] Displaying call stack trace for plugin "freaks\ff2_1st_set_abilities.ff2":
L 04/13/2016 - 22:21:24: [SM]   [0]  Line 114, C:\ff2\steamapps\common\Team Fortress 2 Dedicated Server\tf\addons\sourcemod\scripting\ff2_1st_set_abilities.sp::OnRoundEnd()
L 04/13/2016 - 22:25:21: [SM] Native "IsClientInGame" reported: Client index 0 is invalid
L 04/13/2016 - 22:25:21: [SM] Displaying call stack trace for plugin "freaks\ff2_1st_set_abilities.ff2":
L 04/13/2016 - 22:25:21: [SM]   [0]  Line 114, C:\ff2\steamapps\common\Team Fortress 2 Dedicated Server\tf\addons\sourcemod\scripting\ff2_1st_set_abilities.sp::OnRoundEnd()
L 04/13/2016 - 22:27:04: [SM] Native "IsClientInGame" reported: Client index 0 is invalid
L 04/13/2016 - 22:27:04: [SM] Displaying call stack trace for plugin "freaks\ff2_1st_set_abilities.ff2":
L 04/13/2016 - 22:27:04: [SM]   [0]  Line 114, C:\ff2\steamapps\common\Team Fortress 2 Dedicated Server\tf\addons\sourcemod\scripting\ff2_1st_set_abilities.sp::OnRoundEnd()
L 04/13/2016 - 22:27:31: Error log file session closed.
L 04/13/2016 - 22:27:31: SourceMod error session started
L 04/13/2016 - 22:27:31: Info (map "koth_viaduct") (file "errors_20160413.log")
L 04/13/2016 - 22:27:31: [SM] Warning(s) encountered in translation file "freak_fortress_2.phrases.txt"
L 04/13/2016 - 22:27:31: [SM] Invalid token ' ' in #format property on line 59.
L 04/13/2016 - 22:27:31: [SM] Invalid token ' ' in #format property on line 213.
L 04/13/2016 - 22:27:31: [SM] Invalid token '[' in #format property on line 213.
L 04/13/2016 - 22:27:31: [SM] Invalid token '3' in #format property on line 213.
L 04/13/2016 - 22:27:31: [SM] Invalid token ':' in #format property on line 213.
L 04/13/2016 - 22:27:31: [SM] Invalid token ']' in #format property on line 213.
L 04/13/2016 - 22:27:31: [SM] Invalid token ' ' in #format property on line 407.
L 04/13/2016 - 22:27:31: [SM] Invalid token ' ' in #format property on line 412.
L 04/13/2016 - 22:27:31: [SM] Invalid token ' ' in #format property on line 412.
L 04/13/2016 - 22:27:31: [SM] Invalid token ' ' in #format property on line 421.
L 04/13/2016 - 22:27:31: [SM] Invalid token ' ' in #format property on line 421.
L 04/13/2016 - 22:27:31: [SM] Invalid token ' ' in #format property on line 421.
L 04/13/2016 - 22:28:43: [SM] Plugin encountered error 15: Array index is out of bounds
L 04/13/2016 - 22:28:43: [SM] Displaying call stack trace for plugin "freak_fortress_2.smx":
L 04/13/2016 - 22:28:43: [SM]   [0]  Line 3286, C:\ff2_ver2\steamapps\common\Team Fortress 2 Dedicated Server\tf\addons\sourcemod\scripting\freak_fortress_2.sp::MessageTimer()
L 04/13/2016 - 22:31:22: [SM] Native "IsClientInGame" reported: Client index 0 is invalid
L 04/13/2016 - 22:31:22: [SM] Displaying call stack trace for plugin "freaks\ff2_1st_set_abilities.ff2":
L 04/13/2016 - 22:31:22: [SM]   [0]  Line 114, C:\ff2\steamapps\common\Team Fortress 2 Dedicated Server\tf\addons\sourcemod\scripting\ff2_1st_set_abilities.sp::OnRoundEnd()
L 04/13/2016 - 22:36:59: [SM] Native "IsClientInGame" reported: Client index 0 is invalid
L 04/13/2016 - 22:36:59: [SM] Displaying call stack trace for plugin "freaks\ff2_1st_set_abilities.ff2":
L 04/13/2016 - 22:36:59: [SM]   [0]  Line 114, C:\ff2\steamapps\common\Team Fortress 2 Dedicated Server\tf\addons\sourcemod\scripting\ff2_1st_set_abilities.sp::OnRoundEnd()
L 04/13/2016 - 22:37:24: [SM] Plugin encountered error 15: Array index is out of bounds
L 04/13/2016 - 22:37:24: [SM] Displaying call stack trace for plugin "freak_fortress_2.smx":
L 04/13/2016 - 22:37:24: [SM]   [0]  Line 3286, C:\ff2_ver2\steamapps\common\Team Fortress 2 Dedicated Server\tf\addons\sourcemod\scripting\freak_fortress_2.sp::MessageTimer()
L 04/13/2016 - 22:39:08: [SM] Native "IsClientInGame" reported: Client index 0 is invalid
L 04/13/2016 - 22:39:08: [SM] Displaying call stack trace for plugin "freaks\ff2_1st_set_abilities.ff2":
L 04/13/2016 - 22:39:08: [SM]   [0]  Line 114, C:\ff2\steamapps\common\Team Fortress 2 Dedicated Server\tf\addons\sourcemod\scripting\ff2_1st_set_abilities.sp::OnRoundEnd()
L 04/13/2016 - 22:41:41: [SM] Native "IsClientInGame" reported: Client index 0 is invalid
L 04/13/2016 - 22:41:41: [SM] Displaying call stack trace for plugin "freaks\ff2_1st_set_abilities.ff2":
L 04/13/2016 - 22:41:41: [SM]   [0]  Line 114, C:\ff2\steamapps\common\Team Fortress 2 Dedicated Server\tf\addons\sourcemod\scripting\ff2_1st_set_abilities.sp::OnRoundEnd()
L 04/13/2016 - 22:42:05: [SM] Plugin encountered error 15: Array index is out of bounds
L 04/13/2016 - 22:42:05: [SM] Displaying call stack trace for plugin "freak_fortress_2.smx":
L 04/13/2016 - 22:42:06: [SM]   [0]  Line 3286, C:\ff2_ver2\steamapps\common\Team Fortress 2 Dedicated Server\tf\addons\sourcemod\scripting\freak_fortress_2.sp::MessageTimer()
L 04/13/2016 - 22:44:03: [SM] Native "IsClientInGame" reported: Client index 0 is invalid
L 04/13/2016 - 22:44:03: [SM] Displaying call stack trace for plugin "freaks\ff2_1st_set_abilities.ff2":
L 04/13/2016 - 22:44:03: [SM]   [0]  Line 114, C:\ff2\steamapps\common\Team Fortress 2 Dedicated Server\tf\addons\sourcemod\scripting\ff2_1st_set_abilities.sp::OnRoundEnd()
L 04/13/2016 - 22:44:27: [SM] Plugin encountered error 15: Array index is out of bounds
L 04/13/2016 - 22:44:27: [SM] Displaying call stack trace for plugin "freak_fortress_2.smx":
L 04/13/2016 - 22:44:27: [SM]   [0]  Line 3286, C:\ff2_ver2\steamapps\common\Team Fortress 2 Dedicated Server\tf\addons\sourcemod\scripting\freak_fortress_2.sp::MessageTimer()
L 04/13/2016 - 22:45:07: [SM] Native "IsClientInGame" reported: Client index 0 is invalid
L 04/13/2016 - 22:45:07: [SM] Displaying call stack trace for plugin "freaks\ff2_1st_set_abilities.ff2":
L 04/13/2016 - 22:45:07: [SM]   [0]  Line 114, C:\ff2\steamapps\common\Team Fortress 2 Dedicated Server\tf\addons\sourcemod\scripting\ff2_1st_set_abilities.sp::OnRoundEnd()
L 04/13/2016 - 22:47:36: [SM] Native "IsClientInGame" reported: Client index 0 is invalid
L 04/13/2016 - 22:47:36: [SM] Displaying call stack trace for plugin "freaks\ff2_1st_set_abilities.ff2":
L 04/13/2016 - 22:47:36: [SM]   [0]  Line 114, C:\ff2\steamapps\common\Team Fortress 2 Dedicated Server\tf\addons\sourcemod\scripting\ff2_1st_set_abilities.sp::OnRoundEnd()
L 04/13/2016 - 22:47:44: Error log file session closed.
