L 04/25/2016 - 19:44:13: SourceMod error session started
L 04/25/2016 - 19:44:13: Info (map "vsh_apg_v2") (file "errors_20160425.log")
L 04/25/2016 - 19:44:13: [SM] Warning(s) encountered in translation file "freak_fortress_2.phrases.txt"
L 04/25/2016 - 19:44:13: [SM] Invalid token ' ' in #format property on line 71.
L 04/25/2016 - 19:44:13: [SM] Invalid token ' ' in #format property on line 225.
L 04/25/2016 - 19:44:13: [SM] Invalid token '[' in #format property on line 225.
L 04/25/2016 - 19:44:13: [SM] Invalid token '3' in #format property on line 225.
L 04/25/2016 - 19:44:13: [SM] Invalid token ':' in #format property on line 225.
L 04/25/2016 - 19:44:13: [SM] Invalid token ']' in #format property on line 225.
L 04/25/2016 - 19:44:13: [SM] Invalid token ' ' in #format property on line 230.
L 04/25/2016 - 19:44:13: [SM] Invalid token ' ' in #format property on line 419.
L 04/25/2016 - 19:44:13: [SM] Invalid token ' ' in #format property on line 424.
L 04/25/2016 - 19:44:13: [SM] Invalid token ' ' in #format property on line 424.
L 04/25/2016 - 19:44:13: [SM] Invalid token ' ' in #format property on line 433.
L 04/25/2016 - 19:44:13: [SM] Invalid token ' ' in #format property on line 433.
L 04/25/2016 - 19:44:13: [SM] Invalid token ' ' in #format property on line 433.
L 04/25/2016 - 19:44:29: [freak_fortress_2.smx] [FF2 Bosses] Character danmedic is missing file 'sound/freak_fortress_2/s93dm/dm_playerdeath.mp3'!
L 04/25/2016 - 19:50:25: Error log file session closed.
L 04/25/2016 - 19:52:13: SourceMod error session started
L 04/25/2016 - 19:52:13: Info (map "vsh_apg_v2") (file "errors_20160425.log")
L 04/25/2016 - 19:52:13: [SM] Warning(s) encountered in translation file "freak_fortress_2.phrases.txt"
L 04/25/2016 - 19:52:13: [SM] Invalid token ' ' in #format property on line 71.
L 04/25/2016 - 19:52:13: [SM] Invalid token ' ' in #format property on line 225.
L 04/25/2016 - 19:52:13: [SM] Invalid token '[' in #format property on line 225.
L 04/25/2016 - 19:52:13: [SM] Invalid token '3' in #format property on line 225.
L 04/25/2016 - 19:52:13: [SM] Invalid token ':' in #format property on line 225.
L 04/25/2016 - 19:52:13: [SM] Invalid token ']' in #format property on line 225.
L 04/25/2016 - 19:52:13: [SM] Invalid token ' ' in #format property on line 230.
L 04/25/2016 - 19:52:13: [SM] Invalid token ' ' in #format property on line 419.
L 04/25/2016 - 19:52:13: [SM] Invalid token ' ' in #format property on line 424.
L 04/25/2016 - 19:52:13: [SM] Invalid token ' ' in #format property on line 424.
L 04/25/2016 - 19:52:13: [SM] Invalid token ' ' in #format property on line 433.
L 04/25/2016 - 19:52:13: [SM] Invalid token ' ' in #format property on line 433.
L 04/25/2016 - 19:52:13: [SM] Invalid token ' ' in #format property on line 433.
L 04/25/2016 - 19:52:25: [freak_fortress_2.smx] [FF2 Bosses] Character danmedic is missing file 'sound/freak_fortress_2/s93dm/dm_playerdeath.mp3'!
L 04/25/2016 - 20:07:32: [freaks\ff2_1st_set_abilities.ff2] [FF2] Cannot give ammo to weapon tf_weapon_bottle (boss )-check your config!
L 04/25/2016 - 20:07:32: [freaks\ff2_1st_set_abilities.ff2] [FF2] Cannot give ammo to weapon tf_weapon_bottle (boss )-check your config!
L 04/25/2016 - 20:07:32: [freaks\ff2_1st_set_abilities.ff2] [FF2] Cannot give ammo to weapon tf_weapon_bottle (boss )-check your config!
L 04/25/2016 - 20:07:32: [freaks\ff2_1st_set_abilities.ff2] [FF2] Cannot give ammo to weapon tf_weapon_bottle (boss )-check your config!
L 04/25/2016 - 20:26:47: Error log file session closed.
L 04/25/2016 - 20:35:06: SourceMod error session started
L 04/25/2016 - 20:35:06: Info (map "vsh_apg_v2") (file "errors_20160425.log")
L 04/25/2016 - 20:35:06: [SM] Warning(s) encountered in translation file "freak_fortress_2.phrases.txt"
L 04/25/2016 - 20:35:06: [SM] Invalid token ' ' in #format property on line 71.
L 04/25/2016 - 20:35:06: [SM] Invalid token ' ' in #format property on line 225.
L 04/25/2016 - 20:35:06: [SM] Invalid token '[' in #format property on line 225.
L 04/25/2016 - 20:35:06: [SM] Invalid token '3' in #format property on line 225.
L 04/25/2016 - 20:35:06: [SM] Invalid token ':' in #format property on line 225.
L 04/25/2016 - 20:35:06: [SM] Invalid token ']' in #format property on line 225.
L 04/25/2016 - 20:35:06: [SM] Invalid token ' ' in #format property on line 230.
L 04/25/2016 - 20:35:06: [SM] Invalid token ' ' in #format property on line 419.
L 04/25/2016 - 20:35:06: [SM] Invalid token ' ' in #format property on line 424.
L 04/25/2016 - 20:35:06: [SM] Invalid token ' ' in #format property on line 424.
L 04/25/2016 - 20:35:06: [SM] Invalid token ' ' in #format property on line 433.
L 04/25/2016 - 20:35:06: [SM] Invalid token ' ' in #format property on line 433.
L 04/25/2016 - 20:35:06: [SM] Invalid token ' ' in #format property on line 433.
L 04/25/2016 - 20:35:19: [freak_fortress_2.smx] [FF2 Bosses] Character danmedic is missing file 'sound/freak_fortress_2/s93dm/dm_playerdeath.mp3'!
L 04/25/2016 - 20:38:36: Error log file session closed.
L 04/25/2016 - 21:19:59: SourceMod error session started
L 04/25/2016 - 21:19:59: Info (map "vsh_apg_v2") (file "errors_20160425.log")
L 04/25/2016 - 21:19:59: [SM] Warning(s) encountered in translation file "freak_fortress_2.phrases.txt"
L 04/25/2016 - 21:19:59: [SM] Invalid token ' ' in #format property on line 71.
L 04/25/2016 - 21:19:59: [SM] Invalid token ' ' in #format property on line 225.
L 04/25/2016 - 21:19:59: [SM] Invalid token '[' in #format property on line 225.
L 04/25/2016 - 21:19:59: [SM] Invalid token '3' in #format property on line 225.
L 04/25/2016 - 21:19:59: [SM] Invalid token ':' in #format property on line 225.
L 04/25/2016 - 21:19:59: [SM] Invalid token ']' in #format property on line 225.
L 04/25/2016 - 21:19:59: [SM] Invalid token ' ' in #format property on line 230.
L 04/25/2016 - 21:19:59: [SM] Invalid token ' ' in #format property on line 419.
L 04/25/2016 - 21:19:59: [SM] Invalid token ' ' in #format property on line 424.
L 04/25/2016 - 21:19:59: [SM] Invalid token ' ' in #format property on line 424.
L 04/25/2016 - 21:19:59: [SM] Invalid token ' ' in #format property on line 433.
L 04/25/2016 - 21:19:59: [SM] Invalid token ' ' in #format property on line 433.
L 04/25/2016 - 21:19:59: [SM] Invalid token ' ' in #format property on line 433.
L 04/25/2016 - 21:20:14: [freak_fortress_2.smx] [FF2 Bosses] Character danmedic is missing file 'sound/freak_fortress_2/s93dm/dm_playerdeath.mp3'!
L 04/25/2016 - 21:36:38: Error log file session closed.
L 04/25/2016 - 21:36:54: SourceMod error session started
L 04/25/2016 - 21:36:54: Info (map "vsh_apg_v2") (file "errors_20160425.log")
L 04/25/2016 - 21:36:54: [SM] Warning(s) encountered in translation file "freak_fortress_2.phrases.txt"
L 04/25/2016 - 21:36:54: [SM] Invalid token ' ' in #format property on line 71.
L 04/25/2016 - 21:36:54: [SM] Invalid token ' ' in #format property on line 225.
L 04/25/2016 - 21:36:54: [SM] Invalid token '[' in #format property on line 225.
L 04/25/2016 - 21:36:54: [SM] Invalid token '3' in #format property on line 225.
L 04/25/2016 - 21:36:54: [SM] Invalid token ':' in #format property on line 225.
L 04/25/2016 - 21:36:54: [SM] Invalid token ']' in #format property on line 225.
L 04/25/2016 - 21:36:54: [SM] Invalid token ' ' in #format property on line 230.
L 04/25/2016 - 21:36:54: [SM] Invalid token ' ' in #format property on line 419.
L 04/25/2016 - 21:36:54: [SM] Invalid token ' ' in #format property on line 424.
L 04/25/2016 - 21:36:54: [SM] Invalid token ' ' in #format property on line 424.
L 04/25/2016 - 21:36:54: [SM] Invalid token ' ' in #format property on line 433.
L 04/25/2016 - 21:36:54: [SM] Invalid token ' ' in #format property on line 433.
L 04/25/2016 - 21:36:54: [SM] Invalid token ' ' in #format property on line 433.
L 04/25/2016 - 21:37:09: [freak_fortress_2.smx] [FF2 Bosses] Character danmedic is missing file 'sound/freak_fortress_2/s93dm/dm_playerdeath.mp3'!
L 04/25/2016 - 21:46:01: SourceMod error session started
L 04/25/2016 - 21:46:01: Info (map "vsh_apg_v2") (file "errors_20160425.log")
L 04/25/2016 - 21:46:01: [SM] Warning(s) encountered in translation file "freak_fortress_2.phrases.txt"
L 04/25/2016 - 21:46:01: [SM] Invalid token ' ' in #format property on line 71.
L 04/25/2016 - 21:46:01: [SM] Invalid token ' ' in #format property on line 225.
L 04/25/2016 - 21:46:01: [SM] Invalid token '[' in #format property on line 225.
L 04/25/2016 - 21:46:01: [SM] Invalid token '3' in #format property on line 225.
L 04/25/2016 - 21:46:01: [SM] Invalid token ':' in #format property on line 225.
L 04/25/2016 - 21:46:01: [SM] Invalid token ']' in #format property on line 225.
L 04/25/2016 - 21:46:01: [SM] Invalid token ' ' in #format property on line 230.
L 04/25/2016 - 21:46:01: [SM] Invalid token ' ' in #format property on line 419.
L 04/25/2016 - 21:46:01: [SM] Invalid token ' ' in #format property on line 424.
L 04/25/2016 - 21:46:01: [SM] Invalid token ' ' in #format property on line 424.
L 04/25/2016 - 21:46:01: [SM] Invalid token ' ' in #format property on line 433.
L 04/25/2016 - 21:46:01: [SM] Invalid token ' ' in #format property on line 433.
L 04/25/2016 - 21:46:01: [SM] Invalid token ' ' in #format property on line 433.
L 04/25/2016 - 21:46:14: [freak_fortress_2.smx] [FF2 Bosses] Character danmedic is missing file 'sound/freak_fortress_2/s93dm/dm_playerdeath.mp3'!
L 04/25/2016 - 22:20:52: Error log file session closed.
L 04/25/2016 - 22:20:52: SourceMod error session started
L 04/25/2016 - 22:20:52: Info (map "arena_badlands") (file "errors_20160425.log")
L 04/25/2016 - 22:20:52: [SM] Warning(s) encountered in translation file "freak_fortress_2.phrases.txt"
L 04/25/2016 - 22:20:52: [SM] Invalid token ' ' in #format property on line 71.
L 04/25/2016 - 22:20:53: [SM] Invalid token ' ' in #format property on line 225.
L 04/25/2016 - 22:20:53: [SM] Invalid token '[' in #format property on line 225.
L 04/25/2016 - 22:20:53: [SM] Invalid token '3' in #format property on line 225.
L 04/25/2016 - 22:20:53: [SM] Invalid token ':' in #format property on line 225.
L 04/25/2016 - 22:20:53: [SM] Invalid token ']' in #format property on line 225.
L 04/25/2016 - 22:20:53: [SM] Invalid token ' ' in #format property on line 230.
L 04/25/2016 - 22:20:53: [SM] Invalid token ' ' in #format property on line 419.
L 04/25/2016 - 22:20:53: [SM] Invalid token ' ' in #format property on line 424.
L 04/25/2016 - 22:20:53: [SM] Invalid token ' ' in #format property on line 424.
L 04/25/2016 - 22:20:53: [SM] Invalid token ' ' in #format property on line 433.
L 04/25/2016 - 22:20:53: [SM] Invalid token ' ' in #format property on line 433.
L 04/25/2016 - 22:20:53: [SM] Invalid token ' ' in #format property on line 433.
L 04/25/2016 - 22:20:59: [freak_fortress_2.smx] [FF2 Bosses] Character danmedic is missing file 'sound/freak_fortress_2/s93dm/dm_playerdeath.mp3'!
L 04/25/2016 - 22:26:16: [freaks\ff2_1st_set_abilities.ff2] [FF2] Cannot give ammo to weapon tf_weapon_bottle (boss )-check your config!
L 04/25/2016 - 22:26:16: [freaks\ff2_1st_set_abilities.ff2] [FF2] Cannot give ammo to weapon tf_weapon_bottle (boss )-check your config!
L 04/25/2016 - 22:26:16: [freaks\ff2_1st_set_abilities.ff2] [FF2] Cannot give ammo to weapon tf_weapon_bottle (boss )-check your config!
L 04/25/2016 - 22:26:16: [freaks\ff2_1st_set_abilities.ff2] [FF2] Cannot give ammo to weapon tf_weapon_bottle (boss )-check your config!
L 04/25/2016 - 22:26:16: [freaks\ff2_1st_set_abilities.ff2] [FF2] Cannot give ammo to weapon tf_weapon_bottle (boss )-check your config!
L 04/25/2016 - 22:26:16: [freaks\ff2_1st_set_abilities.ff2] [FF2] Cannot give ammo to weapon tf_weapon_bottle (boss )-check your config!
L 04/25/2016 - 22:26:16: [freaks\ff2_1st_set_abilities.ff2] [FF2] Cannot give ammo to weapon tf_weapon_bottle (boss )-check your config!
L 04/25/2016 - 22:26:16: [freaks\ff2_1st_set_abilities.ff2] [FF2] Cannot give ammo to weapon tf_weapon_bottle (boss )-check your config!
L 04/25/2016 - 22:45:47: [freaks\ff2_1st_set_abilities.ff2] [FF2] Cannot give ammo to weapon tf_weapon_bottle (boss )-check your config!
L 04/25/2016 - 22:57:56: Error log file session closed.
L 04/25/2016 - 22:57:56: SourceMod error session started
L 04/25/2016 - 22:57:56: Info (map "koth_nucleus") (file "errors_20160425.log")
L 04/25/2016 - 22:57:56: [SM] Warning(s) encountered in translation file "freak_fortress_2.phrases.txt"
L 04/25/2016 - 22:57:56: [SM] Invalid token ' ' in #format property on line 71.
L 04/25/2016 - 22:57:56: [SM] Invalid token ' ' in #format property on line 225.
L 04/25/2016 - 22:57:56: [SM] Invalid token '[' in #format property on line 225.
L 04/25/2016 - 22:57:56: [SM] Invalid token '3' in #format property on line 225.
L 04/25/2016 - 22:57:56: [SM] Invalid token ':' in #format property on line 225.
L 04/25/2016 - 22:57:56: [SM] Invalid token ']' in #format property on line 225.
L 04/25/2016 - 22:57:56: [SM] Invalid token ' ' in #format property on line 230.
L 04/25/2016 - 22:57:56: [SM] Invalid token ' ' in #format property on line 419.
L 04/25/2016 - 22:57:56: [SM] Invalid token ' ' in #format property on line 424.
L 04/25/2016 - 22:57:56: [SM] Invalid token ' ' in #format property on line 424.
L 04/25/2016 - 22:57:56: [SM] Invalid token ' ' in #format property on line 433.
L 04/25/2016 - 22:57:56: [SM] Invalid token ' ' in #format property on line 433.
L 04/25/2016 - 22:57:56: [SM] Invalid token ' ' in #format property on line 433.
L 04/25/2016 - 22:58:01: [freak_fortress_2.smx] [FF2 Bosses] Character danmedic is missing file 'sound/freak_fortress_2/s93dm/dm_playerdeath.mp3'!
L 04/25/2016 - 22:58:05: Error log file session closed.
