L 04/14/2016 - 21:21:45: SourceMod error session started
L 04/14/2016 - 21:21:45: Info (map "arena_badlands") (file "errors_20160414.log")
L 04/14/2016 - 21:21:45: [SM] Warning(s) encountered in translation file "freak_fortress_2.phrases.txt"
L 04/14/2016 - 21:21:45: [SM] Invalid token ' ' in #format property on line 59.
L 04/14/2016 - 21:21:45: [SM] Invalid token ' ' in #format property on line 213.
L 04/14/2016 - 21:21:45: [SM] Invalid token '[' in #format property on line 213.
L 04/14/2016 - 21:21:46: [SM] Invalid token '3' in #format property on line 213.
L 04/14/2016 - 21:21:46: [SM] Invalid token ':' in #format property on line 213.
L 04/14/2016 - 21:21:46: [SM] Invalid token ']' in #format property on line 213.
L 04/14/2016 - 21:21:46: [SM] Invalid token ' ' in #format property on line 407.
L 04/14/2016 - 21:21:46: [SM] Invalid token ' ' in #format property on line 412.
L 04/14/2016 - 21:21:46: [SM] Invalid token ' ' in #format property on line 412.
L 04/14/2016 - 21:21:46: [SM] Invalid token ' ' in #format property on line 421.
L 04/14/2016 - 21:21:46: [SM] Invalid token ' ' in #format property on line 421.
L 04/14/2016 - 21:21:46: [SM] Invalid token ' ' in #format property on line 421.
L 04/14/2016 - 21:24:19: Error log file session closed.
L 04/14/2016 - 21:24:32: SourceMod error session started
L 04/14/2016 - 21:24:32: Info (map "arena_badlands") (file "errors_20160414.log")
L 04/14/2016 - 21:24:32: [SM] Warning(s) encountered in translation file "freak_fortress_2.phrases.txt"
L 04/14/2016 - 21:24:32: [SM] Invalid token ' ' in #format property on line 59.
L 04/14/2016 - 21:24:32: [SM] Invalid token ' ' in #format property on line 213.
L 04/14/2016 - 21:24:32: [SM] Invalid token '[' in #format property on line 213.
L 04/14/2016 - 21:24:32: [SM] Invalid token '3' in #format property on line 213.
L 04/14/2016 - 21:24:32: [SM] Invalid token ':' in #format property on line 213.
L 04/14/2016 - 21:24:32: [SM] Invalid token ']' in #format property on line 213.
L 04/14/2016 - 21:24:32: [SM] Invalid token ' ' in #format property on line 407.
L 04/14/2016 - 21:24:32: [SM] Invalid token ' ' in #format property on line 412.
L 04/14/2016 - 21:24:32: [SM] Invalid token ' ' in #format property on line 412.
L 04/14/2016 - 21:24:32: [SM] Invalid token ' ' in #format property on line 421.
L 04/14/2016 - 21:24:32: [SM] Invalid token ' ' in #format property on line 421.
L 04/14/2016 - 21:24:32: [SM] Invalid token ' ' in #format property on line 421.
L 04/14/2016 - 21:26:56: [SM] Plugin encountered error 4: Invalid parameter or parameter type
L 04/14/2016 - 21:26:56: [SM] Native "VFormat" reported: String formatted incorrectly - parameter 2 (total 1)
L 04/14/2016 - 21:26:56: [SM] Displaying call stack trace for plugin "freak_fortress_2.smx":
L 04/14/2016 - 21:26:56: [SM]   [0]  Line 71, C:\ff2_ver2\steamapps\common\Team Fortress 2 Dedicated Server\tf\addons\sourcemod\scripting\include\morecolors.inc::CPrintToChatAll()
L 04/14/2016 - 21:26:56: [SM]   [1]  Line 3335, C:\ff2_ver2\steamapps\common\Team Fortress 2 Dedicated Server\tf\addons\sourcemod\scripting\freak_fortress_2.sp::MessageTimer()
L 04/14/2016 - 21:27:57: [SM] Native "IsClientInGame" reported: Client index 0 is invalid
L 04/14/2016 - 21:27:57: [SM] Displaying call stack trace for plugin "freaks\ff2_1st_set_abilities.ff2":
L 04/14/2016 - 21:27:57: [SM]   [0]  Line 114, C:\ff2\steamapps\common\Team Fortress 2 Dedicated Server\tf\addons\sourcemod\scripting\ff2_1st_set_abilities.sp::OnRoundEnd()
L 04/14/2016 - 21:28:22: [SM] Plugin encountered error 15: Array index is out of bounds
L 04/14/2016 - 21:28:22: [SM] Displaying call stack trace for plugin "freak_fortress_2.smx":
L 04/14/2016 - 21:28:22: [SM]   [0]  Line 3286, C:\ff2_ver2\steamapps\common\Team Fortress 2 Dedicated Server\tf\addons\sourcemod\scripting\freak_fortress_2.sp::MessageTimer()
L 04/14/2016 - 21:29:59: [SM] Native "IsClientInGame" reported: Client index 0 is invalid
L 04/14/2016 - 21:29:59: [SM] Displaying call stack trace for plugin "freaks\ff2_1st_set_abilities.ff2":
L 04/14/2016 - 21:29:59: [SM]   [0]  Line 114, C:\ff2\steamapps\common\Team Fortress 2 Dedicated Server\tf\addons\sourcemod\scripting\ff2_1st_set_abilities.sp::OnRoundEnd()
L 04/14/2016 - 21:30:24: [SM] Plugin encountered error 4: Invalid parameter or parameter type
L 04/14/2016 - 21:30:24: [SM] Native "VFormat" reported: String formatted incorrectly - parameter 2 (total 1)
L 04/14/2016 - 21:30:24: [SM] Displaying call stack trace for plugin "freak_fortress_2.smx":
L 04/14/2016 - 21:30:24: [SM]   [0]  Line 71, C:\ff2_ver2\steamapps\common\Team Fortress 2 Dedicated Server\tf\addons\sourcemod\scripting\include\morecolors.inc::CPrintToChatAll()
L 04/14/2016 - 21:30:24: [SM]   [1]  Line 3335, C:\ff2_ver2\steamapps\common\Team Fortress 2 Dedicated Server\tf\addons\sourcemod\scripting\freak_fortress_2.sp::MessageTimer()
L 04/14/2016 - 21:30:52: [SM] Native "IsClientInGame" reported: Client index 0 is invalid
L 04/14/2016 - 21:30:52: [SM] Displaying call stack trace for plugin "freaks\ff2_1st_set_abilities.ff2":
L 04/14/2016 - 21:30:52: [SM]   [0]  Line 114, C:\ff2\steamapps\common\Team Fortress 2 Dedicated Server\tf\addons\sourcemod\scripting\ff2_1st_set_abilities.sp::OnRoundEnd()
L 04/14/2016 - 21:31:17: [SM] Plugin encountered error 4: Invalid parameter or parameter type
L 04/14/2016 - 21:31:17: [SM] Native "VFormat" reported: String formatted incorrectly - parameter 2 (total 1)
L 04/14/2016 - 21:31:17: [SM] Displaying call stack trace for plugin "freak_fortress_2.smx":
L 04/14/2016 - 21:31:17: [SM]   [0]  Line 71, C:\ff2_ver2\steamapps\common\Team Fortress 2 Dedicated Server\tf\addons\sourcemod\scripting\include\morecolors.inc::CPrintToChatAll()
L 04/14/2016 - 21:31:17: [SM]   [1]  Line 3335, C:\ff2_ver2\steamapps\common\Team Fortress 2 Dedicated Server\tf\addons\sourcemod\scripting\freak_fortress_2.sp::MessageTimer()
L 04/14/2016 - 21:34:36: [SM] Native "IsClientInGame" reported: Client index 0 is invalid
L 04/14/2016 - 21:34:36: [SM] Displaying call stack trace for plugin "freaks\ff2_1st_set_abilities.ff2":
L 04/14/2016 - 21:34:36: [SM]   [0]  Line 114, C:\ff2\steamapps\common\Team Fortress 2 Dedicated Server\tf\addons\sourcemod\scripting\ff2_1st_set_abilities.sp::OnRoundEnd()
L 04/14/2016 - 21:35:00: [SM] Plugin encountered error 4: Invalid parameter or parameter type
L 04/14/2016 - 21:35:00: [SM] Native "VFormat" reported: String formatted incorrectly - parameter 2 (total 1)
L 04/14/2016 - 21:35:00: [SM] Displaying call stack trace for plugin "freak_fortress_2.smx":
L 04/14/2016 - 21:35:00: [SM]   [0]  Line 71, C:\ff2_ver2\steamapps\common\Team Fortress 2 Dedicated Server\tf\addons\sourcemod\scripting\include\morecolors.inc::CPrintToChatAll()
L 04/14/2016 - 21:35:00: [SM]   [1]  Line 3335, C:\ff2_ver2\steamapps\common\Team Fortress 2 Dedicated Server\tf\addons\sourcemod\scripting\freak_fortress_2.sp::MessageTimer()
L 04/14/2016 - 21:35:53: [SM] Native "IsClientInGame" reported: Client index 0 is invalid
L 04/14/2016 - 21:35:53: [SM] Displaying call stack trace for plugin "freaks\ff2_1st_set_abilities.ff2":
L 04/14/2016 - 21:35:53: [SM]   [0]  Line 114, C:\ff2\steamapps\common\Team Fortress 2 Dedicated Server\tf\addons\sourcemod\scripting\ff2_1st_set_abilities.sp::OnRoundEnd()
L 04/14/2016 - 21:36:17: [SM] Plugin encountered error 4: Invalid parameter or parameter type
L 04/14/2016 - 21:36:17: [SM] Native "VFormat" reported: String formatted incorrectly - parameter 2 (total 1)
L 04/14/2016 - 21:36:17: [SM] Displaying call stack trace for plugin "freak_fortress_2.smx":
L 04/14/2016 - 21:36:17: [SM]   [0]  Line 71, C:\ff2_ver2\steamapps\common\Team Fortress 2 Dedicated Server\tf\addons\sourcemod\scripting\include\morecolors.inc::CPrintToChatAll()
L 04/14/2016 - 21:36:17: [SM]   [1]  Line 3335, C:\ff2_ver2\steamapps\common\Team Fortress 2 Dedicated Server\tf\addons\sourcemod\scripting\freak_fortress_2.sp::MessageTimer()
L 04/14/2016 - 21:37:07: [SM] Native "IsClientInGame" reported: Client index 0 is invalid
L 04/14/2016 - 21:37:07: [SM] Displaying call stack trace for plugin "freaks\ff2_1st_set_abilities.ff2":
L 04/14/2016 - 21:37:07: [SM]   [0]  Line 114, C:\ff2\steamapps\common\Team Fortress 2 Dedicated Server\tf\addons\sourcemod\scripting\ff2_1st_set_abilities.sp::OnRoundEnd()
L 04/14/2016 - 21:38:18: [SM] Native "IsClientInGame" reported: Client index 0 is invalid
L 04/14/2016 - 21:38:18: [SM] Displaying call stack trace for plugin "freaks\ff2_1st_set_abilities.ff2":
L 04/14/2016 - 21:38:18: [SM]   [0]  Line 114, C:\ff2\steamapps\common\Team Fortress 2 Dedicated Server\tf\addons\sourcemod\scripting\ff2_1st_set_abilities.sp::OnRoundEnd()
L 04/14/2016 - 21:38:43: [SM] Plugin encountered error 15: Array index is out of bounds
L 04/14/2016 - 21:38:43: [SM] Displaying call stack trace for plugin "freak_fortress_2.smx":
L 04/14/2016 - 21:38:43: [SM]   [0]  Line 3286, C:\ff2_ver2\steamapps\common\Team Fortress 2 Dedicated Server\tf\addons\sourcemod\scripting\freak_fortress_2.sp::MessageTimer()
L 04/14/2016 - 21:39:46: [freaks\ff2_1st_set_abilities.ff2] [FF2] Cannot give ammo to weapon tf_weapon_bottle (boss )-check your config!
L 04/14/2016 - 21:39:46: [freaks\ff2_1st_set_abilities.ff2] [FF2] Cannot give ammo to weapon tf_weapon_bottle (boss )-check your config!
L 04/14/2016 - 21:39:46: [freaks\ff2_1st_set_abilities.ff2] [FF2] Cannot give ammo to weapon tf_weapon_bottle (boss )-check your config!
L 04/14/2016 - 21:39:46: [freaks\ff2_1st_set_abilities.ff2] [FF2] Cannot give ammo to weapon tf_weapon_bottle (boss )-check your config!
L 04/14/2016 - 21:39:46: [freaks\ff2_1st_set_abilities.ff2] [FF2] Cannot give ammo to weapon tf_weapon_bottle (boss )-check your config!
L 04/14/2016 - 21:39:46: [freaks\ff2_1st_set_abilities.ff2] [FF2] Cannot give ammo to weapon tf_weapon_bottle (boss )-check your config!
L 04/14/2016 - 21:40:02: [SM] Native "IsClientInGame" reported: Client index 0 is invalid
L 04/14/2016 - 21:40:02: [SM] Displaying call stack trace for plugin "freaks\ff2_1st_set_abilities.ff2":
L 04/14/2016 - 21:40:02: [SM]   [0]  Line 114, C:\ff2\steamapps\common\Team Fortress 2 Dedicated Server\tf\addons\sourcemod\scripting\ff2_1st_set_abilities.sp::OnRoundEnd()
L 04/14/2016 - 21:40:26: [SM] Plugin encountered error 4: Invalid parameter or parameter type
L 04/14/2016 - 21:40:26: [SM] Native "VFormat" reported: String formatted incorrectly - parameter 2 (total 1)
L 04/14/2016 - 21:40:26: [SM] Displaying call stack trace for plugin "freak_fortress_2.smx":
L 04/14/2016 - 21:40:26: [SM]   [0]  Line 71, C:\ff2_ver2\steamapps\common\Team Fortress 2 Dedicated Server\tf\addons\sourcemod\scripting\include\morecolors.inc::CPrintToChatAll()
L 04/14/2016 - 21:40:26: [SM]   [1]  Line 3335, C:\ff2_ver2\steamapps\common\Team Fortress 2 Dedicated Server\tf\addons\sourcemod\scripting\freak_fortress_2.sp::MessageTimer()
L 04/14/2016 - 21:42:21: [SM] Native "IsClientInGame" reported: Client index 0 is invalid
L 04/14/2016 - 21:42:21: [SM] Displaying call stack trace for plugin "freaks\ff2_1st_set_abilities.ff2":
L 04/14/2016 - 21:42:21: [SM]   [0]  Line 114, C:\ff2\steamapps\common\Team Fortress 2 Dedicated Server\tf\addons\sourcemod\scripting\ff2_1st_set_abilities.sp::OnRoundEnd()
L 04/14/2016 - 21:43:12: [SM] Native "IsClientInGame" reported: Client index 0 is invalid
L 04/14/2016 - 21:43:12: [SM] Displaying call stack trace for plugin "freaks\ff2_1st_set_abilities.ff2":
L 04/14/2016 - 21:43:12: [SM]   [0]  Line 114, C:\ff2\steamapps\common\Team Fortress 2 Dedicated Server\tf\addons\sourcemod\scripting\ff2_1st_set_abilities.sp::OnRoundEnd()
L 04/14/2016 - 21:43:37: [SM] Plugin encountered error 4: Invalid parameter or parameter type
L 04/14/2016 - 21:43:37: [SM] Native "VFormat" reported: String formatted incorrectly - parameter 2 (total 1)
L 04/14/2016 - 21:43:37: [SM] Displaying call stack trace for plugin "freak_fortress_2.smx":
L 04/14/2016 - 21:43:37: [SM]   [0]  Line 71, C:\ff2_ver2\steamapps\common\Team Fortress 2 Dedicated Server\tf\addons\sourcemod\scripting\include\morecolors.inc::CPrintToChatAll()
L 04/14/2016 - 21:43:37: [SM]   [1]  Line 3335, C:\ff2_ver2\steamapps\common\Team Fortress 2 Dedicated Server\tf\addons\sourcemod\scripting\freak_fortress_2.sp::MessageTimer()
L 04/14/2016 - 21:43:42: [SM] Native "IsClientInGame" reported: Client index 0 is invalid
L 04/14/2016 - 21:43:42: [SM] Displaying call stack trace for plugin "freaks\ff2_1st_set_abilities.ff2":
L 04/14/2016 - 21:43:42: [SM]   [0]  Line 114, C:\ff2\steamapps\common\Team Fortress 2 Dedicated Server\tf\addons\sourcemod\scripting\ff2_1st_set_abilities.sp::OnRoundEnd()
L 04/14/2016 - 21:44:07: [SM] Plugin encountered error 4: Invalid parameter or parameter type
L 04/14/2016 - 21:44:07: [SM] Native "VFormat" reported: String formatted incorrectly - parameter 2 (total 1)
L 04/14/2016 - 21:44:07: [SM] Displaying call stack trace for plugin "freak_fortress_2.smx":
L 04/14/2016 - 21:44:07: [SM]   [0]  Line 71, C:\ff2_ver2\steamapps\common\Team Fortress 2 Dedicated Server\tf\addons\sourcemod\scripting\include\morecolors.inc::CPrintToChatAll()
L 04/14/2016 - 21:44:07: [SM]   [1]  Line 3335, C:\ff2_ver2\steamapps\common\Team Fortress 2 Dedicated Server\tf\addons\sourcemod\scripting\freak_fortress_2.sp::MessageTimer()
L 04/14/2016 - 21:49:09: [SM] Native "IsClientInGame" reported: Client index 0 is invalid
L 04/14/2016 - 21:49:09: [SM] Displaying call stack trace for plugin "freaks\ff2_1st_set_abilities.ff2":
L 04/14/2016 - 21:49:09: [SM]   [0]  Line 114, C:\ff2\steamapps\common\Team Fortress 2 Dedicated Server\tf\addons\sourcemod\scripting\ff2_1st_set_abilities.sp::OnRoundEnd()
L 04/14/2016 - 21:50:57: [SM] Native "IsClientInGame" reported: Client index 0 is invalid
L 04/14/2016 - 21:50:57: [SM] Displaying call stack trace for plugin "freaks\ff2_1st_set_abilities.ff2":
L 04/14/2016 - 21:50:57: [SM]   [0]  Line 114, C:\ff2\steamapps\common\Team Fortress 2 Dedicated Server\tf\addons\sourcemod\scripting\ff2_1st_set_abilities.sp::OnRoundEnd()
L 04/14/2016 - 21:51:22: [SM] Plugin encountered error 15: Array index is out of bounds
L 04/14/2016 - 21:51:22: [SM] Displaying call stack trace for plugin "freak_fortress_2.smx":
L 04/14/2016 - 21:51:22: [SM]   [0]  Line 3286, C:\ff2_ver2\steamapps\common\Team Fortress 2 Dedicated Server\tf\addons\sourcemod\scripting\freak_fortress_2.sp::MessageTimer()
L 04/14/2016 - 21:52:16: [SM] Native "IsClientInGame" reported: Client index 0 is invalid
L 04/14/2016 - 21:52:16: [SM] Displaying call stack trace for plugin "freaks\ff2_1st_set_abilities.ff2":
L 04/14/2016 - 21:52:16: [SM]   [0]  Line 114, C:\ff2\steamapps\common\Team Fortress 2 Dedicated Server\tf\addons\sourcemod\scripting\ff2_1st_set_abilities.sp::OnRoundEnd()
L 04/14/2016 - 21:52:41: [SM] Plugin encountered error 4: Invalid parameter or parameter type
L 04/14/2016 - 21:52:41: [SM] Native "VFormat" reported: String formatted incorrectly - parameter 2 (total 1)
L 04/14/2016 - 21:52:41: [SM] Displaying call stack trace for plugin "freak_fortress_2.smx":
L 04/14/2016 - 21:52:41: [SM]   [0]  Line 71, C:\ff2_ver2\steamapps\common\Team Fortress 2 Dedicated Server\tf\addons\sourcemod\scripting\include\morecolors.inc::CPrintToChatAll()
L 04/14/2016 - 21:52:41: [SM]   [1]  Line 3335, C:\ff2_ver2\steamapps\common\Team Fortress 2 Dedicated Server\tf\addons\sourcemod\scripting\freak_fortress_2.sp::MessageTimer()
L 04/14/2016 - 21:57:08: [SM] Native "IsClientInGame" reported: Client index 0 is invalid
L 04/14/2016 - 21:57:08: [SM] Displaying call stack trace for plugin "freaks\ff2_1st_set_abilities.ff2":
L 04/14/2016 - 21:57:08: [SM]   [0]  Line 114, C:\ff2\steamapps\common\Team Fortress 2 Dedicated Server\tf\addons\sourcemod\scripting\ff2_1st_set_abilities.sp::OnRoundEnd()
L 04/14/2016 - 21:57:32: [SM] Plugin encountered error 4: Invalid parameter or parameter type
L 04/14/2016 - 21:57:32: [SM] Native "VFormat" reported: String formatted incorrectly - parameter 2 (total 1)
L 04/14/2016 - 21:57:32: [SM] Displaying call stack trace for plugin "freak_fortress_2.smx":
L 04/14/2016 - 21:57:32: [SM]   [0]  Line 71, C:\ff2_ver2\steamapps\common\Team Fortress 2 Dedicated Server\tf\addons\sourcemod\scripting\include\morecolors.inc::CPrintToChatAll()
L 04/14/2016 - 21:57:32: [SM]   [1]  Line 3335, C:\ff2_ver2\steamapps\common\Team Fortress 2 Dedicated Server\tf\addons\sourcemod\scripting\freak_fortress_2.sp::MessageTimer()
L 04/14/2016 - 21:57:56: [SM] Native "IsClientInGame" reported: Client index 0 is invalid
L 04/14/2016 - 21:57:56: [SM] Displaying call stack trace for plugin "freaks\ff2_1st_set_abilities.ff2":
L 04/14/2016 - 21:57:56: [SM]   [0]  Line 114, C:\ff2\steamapps\common\Team Fortress 2 Dedicated Server\tf\addons\sourcemod\scripting\ff2_1st_set_abilities.sp::OnRoundEnd()
L 04/14/2016 - 21:58:21: [SM] Plugin encountered error 4: Invalid parameter or parameter type
L 04/14/2016 - 21:58:21: [SM] Native "VFormat" reported: String formatted incorrectly - parameter 2 (total 1)
L 04/14/2016 - 21:58:21: [SM] Displaying call stack trace for plugin "freak_fortress_2.smx":
L 04/14/2016 - 21:58:21: [SM]   [0]  Line 71, C:\ff2_ver2\steamapps\common\Team Fortress 2 Dedicated Server\tf\addons\sourcemod\scripting\include\morecolors.inc::CPrintToChatAll()
L 04/14/2016 - 21:58:21: [SM]   [1]  Line 3335, C:\ff2_ver2\steamapps\common\Team Fortress 2 Dedicated Server\tf\addons\sourcemod\scripting\freak_fortress_2.sp::MessageTimer()
L 04/14/2016 - 21:59:31: [SM] Native "IsClientInGame" reported: Client index 0 is invalid
L 04/14/2016 - 21:59:31: [SM] Displaying call stack trace for plugin "freaks\ff2_1st_set_abilities.ff2":
L 04/14/2016 - 21:59:31: [SM]   [0]  Line 114, C:\ff2\steamapps\common\Team Fortress 2 Dedicated Server\tf\addons\sourcemod\scripting\ff2_1st_set_abilities.sp::OnRoundEnd()
L 04/14/2016 - 21:59:56: [SM] Plugin encountered error 4: Invalid parameter or parameter type
L 04/14/2016 - 21:59:56: [SM] Native "VFormat" reported: String formatted incorrectly - parameter 2 (total 1)
L 04/14/2016 - 21:59:56: [SM] Displaying call stack trace for plugin "freak_fortress_2.smx":
L 04/14/2016 - 21:59:56: [SM]   [0]  Line 71, C:\ff2_ver2\steamapps\common\Team Fortress 2 Dedicated Server\tf\addons\sourcemod\scripting\include\morecolors.inc::CPrintToChatAll()
L 04/14/2016 - 21:59:56: [SM]   [1]  Line 3335, C:\ff2_ver2\steamapps\common\Team Fortress 2 Dedicated Server\tf\addons\sourcemod\scripting\freak_fortress_2.sp::MessageTimer()
L 04/14/2016 - 22:01:05: [SM] Native "IsClientInGame" reported: Client index 0 is invalid
L 04/14/2016 - 22:01:05: [SM] Displaying call stack trace for plugin "freaks\ff2_1st_set_abilities.ff2":
L 04/14/2016 - 22:01:05: [SM]   [0]  Line 114, C:\ff2\steamapps\common\Team Fortress 2 Dedicated Server\tf\addons\sourcemod\scripting\ff2_1st_set_abilities.sp::OnRoundEnd()
L 04/14/2016 - 22:01:32: Error log file session closed.
L 04/14/2016 - 22:01:32: SourceMod error session started
L 04/14/2016 - 22:01:32: Info (map "koth_nucleus") (file "errors_20160414.log")
L 04/14/2016 - 22:01:32: [SM] Warning(s) encountered in translation file "freak_fortress_2.phrases.txt"
L 04/14/2016 - 22:01:32: [SM] Invalid token ' ' in #format property on line 59.
L 04/14/2016 - 22:01:32: [SM] Invalid token ' ' in #format property on line 213.
L 04/14/2016 - 22:01:32: [SM] Invalid token '[' in #format property on line 213.
L 04/14/2016 - 22:01:32: [SM] Invalid token '3' in #format property on line 213.
L 04/14/2016 - 22:01:32: [SM] Invalid token ':' in #format property on line 213.
L 04/14/2016 - 22:01:32: [SM] Invalid token ']' in #format property on line 213.
L 04/14/2016 - 22:01:32: [SM] Invalid token ' ' in #format property on line 407.
L 04/14/2016 - 22:01:32: [SM] Invalid token ' ' in #format property on line 412.
L 04/14/2016 - 22:01:32: [SM] Invalid token ' ' in #format property on line 412.
L 04/14/2016 - 22:01:32: [SM] Invalid token ' ' in #format property on line 421.
L 04/14/2016 - 22:01:32: [SM] Invalid token ' ' in #format property on line 421.
L 04/14/2016 - 22:01:32: [SM] Invalid token ' ' in #format property on line 421.
L 04/14/2016 - 22:04:00: Error log file session closed.
