L 04/19/2016 - 20:43:21: SourceMod error session started
L 04/19/2016 - 20:43:21: Info (map "arena_badlands") (file "errors_20160419.log")
L 04/19/2016 - 20:43:21: [SM] Warning(s) encountered in translation file "freak_fortress_2.phrases.txt"
L 04/19/2016 - 20:43:21: [SM] Invalid token ' ' in #format property on line 59.
L 04/19/2016 - 20:43:21: [SM] Invalid token ' ' in #format property on line 213.
L 04/19/2016 - 20:43:21: [SM] Invalid token '[' in #format property on line 213.
L 04/19/2016 - 20:43:21: [SM] Invalid token '3' in #format property on line 213.
L 04/19/2016 - 20:43:21: [SM] Invalid token ':' in #format property on line 213.
L 04/19/2016 - 20:43:21: [SM] Invalid token ']' in #format property on line 213.
L 04/19/2016 - 20:43:21: [SM] Invalid token ' ' in #format property on line 218.
L 04/19/2016 - 20:43:21: [SM] Invalid token ' ' in #format property on line 407.
L 04/19/2016 - 20:43:21: [SM] Invalid token ' ' in #format property on line 412.
L 04/19/2016 - 20:43:21: [SM] Invalid token ' ' in #format property on line 412.
L 04/19/2016 - 20:43:21: [SM] Invalid token ' ' in #format property on line 421.
L 04/19/2016 - 20:43:21: [SM] Invalid token ' ' in #format property on line 421.
L 04/19/2016 - 20:43:21: [SM] Invalid token ' ' in #format property on line 421.
L 04/19/2016 - 20:43:37: [freak_fortress_2.smx] [FF2 Bosses] Character danmedic is missing file 'sound/freak_fortress_2/s93dm/dm_playerdeath.mp3'!
L 04/19/2016 - 20:56:23: Error log file session closed.
L 04/19/2016 - 20:56:37: SourceMod error session started
L 04/19/2016 - 20:56:37: Info (map "arena_badlands") (file "errors_20160419.log")
L 04/19/2016 - 20:56:37: [SM] Warning(s) encountered in translation file "freak_fortress_2.phrases.txt"
L 04/19/2016 - 20:56:37: [SM] Invalid token ' ' in #format property on line 59.
L 04/19/2016 - 20:56:37: [SM] Invalid token ' ' in #format property on line 213.
L 04/19/2016 - 20:56:37: [SM] Invalid token '[' in #format property on line 213.
L 04/19/2016 - 20:56:37: [SM] Invalid token '3' in #format property on line 213.
L 04/19/2016 - 20:56:37: [SM] Invalid token ':' in #format property on line 213.
L 04/19/2016 - 20:56:37: [SM] Invalid token ']' in #format property on line 213.
L 04/19/2016 - 20:56:37: [SM] Invalid token ' ' in #format property on line 218.
L 04/19/2016 - 20:56:37: [SM] Invalid token ' ' in #format property on line 407.
L 04/19/2016 - 20:56:37: [SM] Invalid token ' ' in #format property on line 412.
L 04/19/2016 - 20:56:37: [SM] Invalid token ' ' in #format property on line 412.
L 04/19/2016 - 20:56:37: [SM] Invalid token ' ' in #format property on line 421.
L 04/19/2016 - 20:56:37: [SM] Invalid token ' ' in #format property on line 421.
L 04/19/2016 - 20:56:37: [SM] Invalid token ' ' in #format property on line 421.
L 04/19/2016 - 20:56:49: [freak_fortress_2.smx] [FF2 Bosses] Character danmedic is missing file 'sound/freak_fortress_2/s93dm/dm_playerdeath.mp3'!
L 04/19/2016 - 20:58:41: [SM] Plugin encountered error 4: Invalid parameter or parameter type
L 04/19/2016 - 20:58:41: [SM] Native "VFormat" reported: String formatted incorrectly - parameter 3 (total 2)
L 04/19/2016 - 20:58:41: [SM] Displaying call stack trace for plugin "A_je_gag.smx":
L 04/19/2016 - 20:58:41: [SM]   [0]  Line 48, C:\ff2_ver2\steamapps\common\Team Fortress 2 Dedicated Server\tf\addons\sourcemod\scripting\include\morecolors.inc::CPrintToChat()
L 04/19/2016 - 20:58:41: [SM]   [1]  Line 66, C:\ff2_ver2\steamapps\common\Team Fortress 2 Dedicated Server\tf\addons\sourcemod\scripting\A_je_gag.sp::Command_Ajegag()
L 04/19/2016 - 20:59:12: [SM] Native "IsClientInGame" reported: Client index 0 is invalid
L 04/19/2016 - 20:59:12: [SM] Displaying call stack trace for plugin "freaks\ff2_1st_set_abilities.ff2":
L 04/19/2016 - 20:59:12: [SM]   [0]  Line 114, C:\ff2\steamapps\common\Team Fortress 2 Dedicated Server\tf\addons\sourcemod\scripting\ff2_1st_set_abilities.sp::OnRoundEnd()
L 04/19/2016 - 20:59:38: [SM] Plugin encountered error 22: Maximum number of parameters reached
L 04/19/2016 - 20:59:38: [SM] Native "Call_PushStringEx" reported: 
L 04/19/2016 - 20:59:38: [SM] Displaying call stack trace for plugin "freak_fortress_2.smx":
L 04/19/2016 - 20:59:38: [SM]   [0]  Line 3056, C:\ff2_ver2\steamapps\common\Team Fortress 2 Dedicated Server\tf\addons\sourcemod\scripting\freak_fortress_2.sp::Timer_PlayBGM()
L 04/19/2016 - 20:59:47: [SM] Plugin encountered error 22: Maximum number of parameters reached
L 04/19/2016 - 20:59:47: [SM] Native "Call_PushStringEx" reported: 
L 04/19/2016 - 20:59:47: [SM] Displaying call stack trace for plugin "freak_fortress_2.smx":
L 04/19/2016 - 20:59:47: [SM]   [0]  Line 3056, C:\ff2_ver2\steamapps\common\Team Fortress 2 Dedicated Server\tf\addons\sourcemod\scripting\freak_fortress_2.sp::Timer_PlayBGM()
L 04/19/2016 - 21:00:10: [SM] Plugin encountered error 4: Invalid parameter or parameter type
L 04/19/2016 - 21:00:10: [SM] Native "VFormat" reported: String formatted incorrectly - parameter 3 (total 2)
L 04/19/2016 - 21:00:10: [SM] Displaying call stack trace for plugin "A_je_gag.smx":
L 04/19/2016 - 21:00:10: [SM]   [0]  Line 48, C:\ff2_ver2\steamapps\common\Team Fortress 2 Dedicated Server\tf\addons\sourcemod\scripting\include\morecolors.inc::CPrintToChat()
L 04/19/2016 - 21:00:10: [SM]   [1]  Line 66, C:\ff2_ver2\steamapps\common\Team Fortress 2 Dedicated Server\tf\addons\sourcemod\scripting\A_je_gag.sp::Command_Ajegag()
L 04/19/2016 - 21:00:26: [SM] Native "KillTimer" reported: Invalid timer handle 3d00145 (error 3)
L 04/19/2016 - 21:00:26: [SM] Displaying call stack trace for plugin "freak_fortress_2.smx":
L 04/19/2016 - 21:00:26: [SM]   [0]  Line 3135, C:\ff2_ver2\steamapps\common\Team Fortress 2 Dedicated Server\tf\addons\sourcemod\scripting\freak_fortress_2.sp::StopMusic()
L 04/19/2016 - 21:00:26: [SM]   [1]  Line 2697, C:\ff2_ver2\steamapps\common\Team Fortress 2 Dedicated Server\tf\addons\sourcemod\scripting\freak_fortress_2.sp::OnRoundEnd()
L 04/19/2016 - 21:00:26: [SM] Native "IsClientInGame" reported: Client index 0 is invalid
L 04/19/2016 - 21:00:26: [SM] Displaying call stack trace for plugin "freaks\ff2_1st_set_abilities.ff2":
L 04/19/2016 - 21:00:26: [SM]   [0]  Line 114, C:\ff2\steamapps\common\Team Fortress 2 Dedicated Server\tf\addons\sourcemod\scripting\ff2_1st_set_abilities.sp::OnRoundEnd()
L 04/19/2016 - 21:00:52: [SM] Plugin encountered error 22: Maximum number of parameters reached
L 04/19/2016 - 21:00:52: [SM] Native "Call_PushStringEx" reported: 
L 04/19/2016 - 21:00:52: [SM] Displaying call stack trace for plugin "freak_fortress_2.smx":
L 04/19/2016 - 21:00:52: [SM]   [0]  Line 3056, C:\ff2_ver2\steamapps\common\Team Fortress 2 Dedicated Server\tf\addons\sourcemod\scripting\freak_fortress_2.sp::Timer_PlayBGM()
L 04/19/2016 - 21:03:59: [SM] Native "KillTimer" reported: Invalid timer handle 3d00145 (error 3)
L 04/19/2016 - 21:03:59: [SM] Displaying call stack trace for plugin "freak_fortress_2.smx":
L 04/19/2016 - 21:03:59: [SM]   [0]  Line 1660, C:\ff2_ver2\steamapps\common\Team Fortress 2 Dedicated Server\tf\addons\sourcemod\scripting\freak_fortress_2.sp::DisableFF2()
L 04/19/2016 - 21:03:59: [SM]   [1]  Line 1540, C:\ff2_ver2\steamapps\common\Team Fortress 2 Dedicated Server\tf\addons\sourcemod\scripting\freak_fortress_2.sp::OnMapEnd()
L 04/19/2016 - 21:04:00: Error log file session closed.
L 04/19/2016 - 21:17:33: SourceMod error session started
L 04/19/2016 - 21:17:33: Info (map "arena_badlands") (file "errors_20160419.log")
L 04/19/2016 - 21:17:33: [SM] Warning(s) encountered in translation file "freak_fortress_2.phrases.txt"
L 04/19/2016 - 21:17:33: [SM] Invalid token ' ' in #format property on line 59.
L 04/19/2016 - 21:17:33: [SM] Invalid token ' ' in #format property on line 213.
L 04/19/2016 - 21:17:33: [SM] Invalid token '[' in #format property on line 213.
L 04/19/2016 - 21:17:33: [SM] Invalid token '3' in #format property on line 213.
L 04/19/2016 - 21:17:33: [SM] Invalid token ':' in #format property on line 213.
L 04/19/2016 - 21:17:33: [SM] Invalid token ']' in #format property on line 213.
L 04/19/2016 - 21:17:33: [SM] Invalid token ' ' in #format property on line 218.
L 04/19/2016 - 21:17:33: [SM] Invalid token ' ' in #format property on line 407.
L 04/19/2016 - 21:17:33: [SM] Invalid token ' ' in #format property on line 412.
L 04/19/2016 - 21:17:33: [SM] Invalid token ' ' in #format property on line 412.
L 04/19/2016 - 21:17:33: [SM] Invalid token ' ' in #format property on line 421.
L 04/19/2016 - 21:17:33: [SM] Invalid token ' ' in #format property on line 421.
L 04/19/2016 - 21:17:33: [SM] Invalid token ' ' in #format property on line 421.
L 04/19/2016 - 21:17:46: [freak_fortress_2.smx] [FF2 Bosses] Character danmedic is missing file 'sound/freak_fortress_2/s93dm/dm_playerdeath.mp3'!
L 04/19/2016 - 21:21:44: [SM] Native "IsClientInGame" reported: Client index 0 is invalid
L 04/19/2016 - 21:21:44: [SM] Displaying call stack trace for plugin "freaks\ff2_1st_set_abilities.ff2":
L 04/19/2016 - 21:21:44: [SM]   [0]  Line 114, C:\ff2\steamapps\common\Team Fortress 2 Dedicated Server\tf\addons\sourcemod\scripting\ff2_1st_set_abilities.sp::OnRoundEnd()
L 04/19/2016 - 21:24:30: [SM] Native "IsClientInGame" reported: Client index 0 is invalid
L 04/19/2016 - 21:24:30: [SM] Displaying call stack trace for plugin "freaks\ff2_1st_set_abilities.ff2":
L 04/19/2016 - 21:24:30: [SM]   [0]  Line 114, C:\ff2\steamapps\common\Team Fortress 2 Dedicated Server\tf\addons\sourcemod\scripting\ff2_1st_set_abilities.sp::OnRoundEnd()
L 04/19/2016 - 21:26:47: [SM] Native "IsClientInGame" reported: Client index 0 is invalid
L 04/19/2016 - 21:26:47: [SM] Displaying call stack trace for plugin "freaks\ff2_1st_set_abilities.ff2":
L 04/19/2016 - 21:26:47: [SM]   [0]  Line 114, C:\ff2\steamapps\common\Team Fortress 2 Dedicated Server\tf\addons\sourcemod\scripting\ff2_1st_set_abilities.sp::OnRoundEnd()
L 04/19/2016 - 21:30:54: [SM] Native "SetConVarInt" reported: Invalid convar handle 0 (error 4)
L 04/19/2016 - 21:30:54: [SM] Displaying call stack trace for plugin "freaks\s93_blitzkrieg.ff2":
L 04/19/2016 - 21:30:54: [SM]   [0]  Line 1350, C:\ff2_ver2\steamapps\common\Team Fortress 2 Dedicated Server\tf\addons\sourcemod\scripting\s93_blitzkrieg.sp::OnRoundEnd()
L 04/19/2016 - 21:30:54: [SM] Native "IsClientInGame" reported: Client index 0 is invalid
L 04/19/2016 - 21:30:54: [SM] Displaying call stack trace for plugin "freaks\ff2_1st_set_abilities.ff2":
L 04/19/2016 - 21:30:54: [SM]   [0]  Line 114, C:\ff2\steamapps\common\Team Fortress 2 Dedicated Server\tf\addons\sourcemod\scripting\ff2_1st_set_abilities.sp::OnRoundEnd()
L 04/19/2016 - 21:32:56: SourceMod error session started
L 04/19/2016 - 21:32:56: Info (map "arena_badlands") (file "errors_20160419.log")
L 04/19/2016 - 21:32:56: [SM] Warning(s) encountered in translation file "freak_fortress_2.phrases.txt"
L 04/19/2016 - 21:32:56: [SM] Invalid token ' ' in #format property on line 59.
L 04/19/2016 - 21:32:56: [SM] Invalid token ' ' in #format property on line 213.
L 04/19/2016 - 21:32:56: [SM] Invalid token '[' in #format property on line 213.
L 04/19/2016 - 21:32:56: [SM] Invalid token '3' in #format property on line 213.
L 04/19/2016 - 21:32:56: [SM] Invalid token ':' in #format property on line 213.
L 04/19/2016 - 21:32:56: [SM] Invalid token ']' in #format property on line 213.
L 04/19/2016 - 21:32:56: [SM] Invalid token ' ' in #format property on line 218.
L 04/19/2016 - 21:32:56: [SM] Invalid token ' ' in #format property on line 407.
L 04/19/2016 - 21:32:56: [SM] Invalid token ' ' in #format property on line 412.
L 04/19/2016 - 21:32:56: [SM] Invalid token ' ' in #format property on line 412.
L 04/19/2016 - 21:32:56: [SM] Invalid token ' ' in #format property on line 421.
L 04/19/2016 - 21:32:56: [SM] Invalid token ' ' in #format property on line 421.
L 04/19/2016 - 21:32:56: [SM] Invalid token ' ' in #format property on line 421.
L 04/19/2016 - 21:33:10: [freak_fortress_2.smx] [FF2 Bosses] Character danmedic is missing file 'sound/freak_fortress_2/s93dm/dm_playerdeath.mp3'!
L 04/19/2016 - 21:37:55: [SM] Native "IsClientInGame" reported: Client index 0 is invalid
L 04/19/2016 - 21:37:55: [SM] Displaying call stack trace for plugin "freaks\ff2_1st_set_abilities.ff2":
L 04/19/2016 - 21:37:55: [SM]   [0]  Line 114, C:\ff2\steamapps\common\Team Fortress 2 Dedicated Server\tf\addons\sourcemod\scripting\ff2_1st_set_abilities.sp::OnRoundEnd()
L 04/19/2016 - 21:38:20: [SM] Native "SetConVarInt" reported: Invalid convar handle 0 (error 4)
L 04/19/2016 - 21:38:20: [SM] Displaying call stack trace for plugin "freaks\s93_blitzkrieg.ff2":
L 04/19/2016 - 21:38:20: [SM]   [0]  Line 1350, C:\ff2_ver2\steamapps\common\Team Fortress 2 Dedicated Server\tf\addons\sourcemod\scripting\s93_blitzkrieg.sp::OnRoundEnd()
L 04/19/2016 - 21:38:20: [SM] Native "IsClientInGame" reported: Client index 0 is invalid
L 04/19/2016 - 21:38:20: [SM] Displaying call stack trace for plugin "freaks\ff2_1st_set_abilities.ff2":
L 04/19/2016 - 21:38:20: [SM]   [0]  Line 114, C:\ff2\steamapps\common\Team Fortress 2 Dedicated Server\tf\addons\sourcemod\scripting\ff2_1st_set_abilities.sp::OnRoundEnd()
L 04/19/2016 - 21:44:31: [SM] Native "IsClientInGame" reported: Client index 0 is invalid
L 04/19/2016 - 21:44:31: [SM] Displaying call stack trace for plugin "freaks\ff2_1st_set_abilities.ff2":
L 04/19/2016 - 21:44:31: [SM]   [0]  Line 114, C:\ff2\steamapps\common\Team Fortress 2 Dedicated Server\tf\addons\sourcemod\scripting\ff2_1st_set_abilities.sp::OnRoundEnd()
L 04/19/2016 - 21:45:29: [SM] Native "IsClientInGame" reported: Client index 0 is invalid
L 04/19/2016 - 21:45:29: [SM] Displaying call stack trace for plugin "freaks\ff2_1st_set_abilities.ff2":
L 04/19/2016 - 21:45:29: [SM]   [0]  Line 114, C:\ff2\steamapps\common\Team Fortress 2 Dedicated Server\tf\addons\sourcemod\scripting\ff2_1st_set_abilities.sp::OnRoundEnd()
L 04/19/2016 - 21:50:05: [SM] Native "IsClientInGame" reported: Client index 0 is invalid
L 04/19/2016 - 21:50:05: [SM] Displaying call stack trace for plugin "freaks\ff2_1st_set_abilities.ff2":
L 04/19/2016 - 21:50:05: [SM]   [0]  Line 114, C:\ff2\steamapps\common\Team Fortress 2 Dedicated Server\tf\addons\sourcemod\scripting\ff2_1st_set_abilities.sp::OnRoundEnd()
L 04/19/2016 - 21:52:36: [SM] Native "IsClientInGame" reported: Client index 0 is invalid
L 04/19/2016 - 21:52:36: [SM] Displaying call stack trace for plugin "freaks\ff2_1st_set_abilities.ff2":
L 04/19/2016 - 21:52:36: [SM]   [0]  Line 114, C:\ff2\steamapps\common\Team Fortress 2 Dedicated Server\tf\addons\sourcemod\scripting\ff2_1st_set_abilities.sp::OnRoundEnd()
L 04/19/2016 - 21:57:19: [SM] Native "IsClientInGame" reported: Client index 0 is invalid
L 04/19/2016 - 21:57:19: [SM] Displaying call stack trace for plugin "freaks\ff2_1st_set_abilities.ff2":
L 04/19/2016 - 21:57:19: [SM]   [0]  Line 114, C:\ff2\steamapps\common\Team Fortress 2 Dedicated Server\tf\addons\sourcemod\scripting\ff2_1st_set_abilities.sp::OnRoundEnd()
L 04/19/2016 - 22:00:05: [SM] Native "IsClientInGame" reported: Client index 0 is invalid
L 04/19/2016 - 22:00:05: [SM] Displaying call stack trace for plugin "freaks\ff2_1st_set_abilities.ff2":
L 04/19/2016 - 22:00:05: [SM]   [0]  Line 114, C:\ff2\steamapps\common\Team Fortress 2 Dedicated Server\tf\addons\sourcemod\scripting\ff2_1st_set_abilities.sp::OnRoundEnd()
L 04/19/2016 - 22:02:22: [SM] Native "IsClientInGame" reported: Client index 0 is invalid
L 04/19/2016 - 22:02:22: [SM] Displaying call stack trace for plugin "freaks\ff2_1st_set_abilities.ff2":
L 04/19/2016 - 22:02:22: [SM]   [0]  Line 114, C:\ff2\steamapps\common\Team Fortress 2 Dedicated Server\tf\addons\sourcemod\scripting\ff2_1st_set_abilities.sp::OnRoundEnd()
L 04/19/2016 - 22:06:27: [SM] Native "IsClientInGame" reported: Client index 0 is invalid
L 04/19/2016 - 22:06:27: [SM] Displaying call stack trace for plugin "freaks\ff2_1st_set_abilities.ff2":
L 04/19/2016 - 22:06:27: [SM]   [0]  Line 114, C:\ff2\steamapps\common\Team Fortress 2 Dedicated Server\tf\addons\sourcemod\scripting\ff2_1st_set_abilities.sp::OnRoundEnd()
L 04/19/2016 - 22:09:31: [SM] Native "IsClientInGame" reported: Client index 0 is invalid
L 04/19/2016 - 22:09:31: [SM] Displaying call stack trace for plugin "freaks\ff2_1st_set_abilities.ff2":
L 04/19/2016 - 22:09:31: [SM]   [0]  Line 114, C:\ff2\steamapps\common\Team Fortress 2 Dedicated Server\tf\addons\sourcemod\scripting\ff2_1st_set_abilities.sp::OnRoundEnd()
L 04/19/2016 - 22:09:58: Error log file session closed.
L 04/19/2016 - 22:09:59: SourceMod error session started
L 04/19/2016 - 22:09:59: Info (map "koth_nucleus") (file "errors_20160419.log")
L 04/19/2016 - 22:09:59: [SM] Warning(s) encountered in translation file "freak_fortress_2.phrases.txt"
L 04/19/2016 - 22:09:59: [SM] Invalid token ' ' in #format property on line 59.
L 04/19/2016 - 22:09:59: [SM] Invalid token ' ' in #format property on line 213.
L 04/19/2016 - 22:09:59: [SM] Invalid token '[' in #format property on line 213.
L 04/19/2016 - 22:09:59: [SM] Invalid token '3' in #format property on line 213.
L 04/19/2016 - 22:09:59: [SM] Invalid token ':' in #format property on line 213.
L 04/19/2016 - 22:09:59: [SM] Invalid token ']' in #format property on line 213.
L 04/19/2016 - 22:09:59: [SM] Invalid token ' ' in #format property on line 218.
L 04/19/2016 - 22:09:59: [SM] Invalid token ' ' in #format property on line 407.
L 04/19/2016 - 22:09:59: [SM] Invalid token ' ' in #format property on line 412.
L 04/19/2016 - 22:09:59: [SM] Invalid token ' ' in #format property on line 412.
L 04/19/2016 - 22:09:59: [SM] Invalid token ' ' in #format property on line 421.
L 04/19/2016 - 22:09:59: [SM] Invalid token ' ' in #format property on line 421.
L 04/19/2016 - 22:09:59: [SM] Invalid token ' ' in #format property on line 421.
L 04/19/2016 - 22:10:07: [freak_fortress_2.smx] [FF2 Bosses] Character danmedic is missing file 'sound/freak_fortress_2/s93dm/dm_playerdeath.mp3'!
L 04/19/2016 - 22:10:46: Error log file session closed.
L 04/19/2016 - 22:10:46: SourceMod error session started
L 04/19/2016 - 22:10:46: Info (map "koth_king") (file "errors_20160419.log")
L 04/19/2016 - 22:10:46: [SM] Warning(s) encountered in translation file "freak_fortress_2.phrases.txt"
L 04/19/2016 - 22:10:46: [SM] Invalid token ' ' in #format property on line 59.
L 04/19/2016 - 22:10:46: [SM] Invalid token ' ' in #format property on line 213.
L 04/19/2016 - 22:10:46: [SM] Invalid token '[' in #format property on line 213.
L 04/19/2016 - 22:10:46: [SM] Invalid token '3' in #format property on line 213.
L 04/19/2016 - 22:10:46: [SM] Invalid token ':' in #format property on line 213.
L 04/19/2016 - 22:10:46: [SM] Invalid token ']' in #format property on line 213.
L 04/19/2016 - 22:10:46: [SM] Invalid token ' ' in #format property on line 218.
L 04/19/2016 - 22:10:46: [SM] Invalid token ' ' in #format property on line 407.
L 04/19/2016 - 22:10:46: [SM] Invalid token ' ' in #format property on line 412.
L 04/19/2016 - 22:10:46: [SM] Invalid token ' ' in #format property on line 412.
L 04/19/2016 - 22:10:46: [SM] Invalid token ' ' in #format property on line 421.
L 04/19/2016 - 22:10:46: [SM] Invalid token ' ' in #format property on line 421.
L 04/19/2016 - 22:10:46: [SM] Invalid token ' ' in #format property on line 421.
L 04/19/2016 - 22:10:51: [freak_fortress_2.smx] [FF2 Bosses] Character danmedic is missing file 'sound/freak_fortress_2/s93dm/dm_playerdeath.mp3'!
L 04/19/2016 - 22:12:29: [SM] Native "IsClientInGame" reported: Client index 0 is invalid
L 04/19/2016 - 22:12:29: [SM] Displaying call stack trace for plugin "freaks\ff2_1st_set_abilities.ff2":
L 04/19/2016 - 22:12:29: [SM]   [0]  Line 114, C:\ff2\steamapps\common\Team Fortress 2 Dedicated Server\tf\addons\sourcemod\scripting\ff2_1st_set_abilities.sp::OnRoundEnd()
L 04/19/2016 - 22:18:22: [SM] Native "IsClientInGame" reported: Client index 0 is invalid
L 04/19/2016 - 22:18:22: [SM] Displaying call stack trace for plugin "freaks\ff2_1st_set_abilities.ff2":
L 04/19/2016 - 22:18:22: [SM]   [0]  Line 114, C:\ff2\steamapps\common\Team Fortress 2 Dedicated Server\tf\addons\sourcemod\scripting\ff2_1st_set_abilities.sp::OnRoundEnd()
L 04/19/2016 - 22:21:32: [SM] Native "IsClientInGame" reported: Client index 0 is invalid
L 04/19/2016 - 22:21:32: [SM] Displaying call stack trace for plugin "freaks\ff2_1st_set_abilities.ff2":
L 04/19/2016 - 22:21:32: [SM]   [0]  Line 114, C:\ff2\steamapps\common\Team Fortress 2 Dedicated Server\tf\addons\sourcemod\scripting\ff2_1st_set_abilities.sp::OnRoundEnd()
L 04/19/2016 - 22:25:07: [SM] Native "SetConVarInt" reported: Invalid convar handle 0 (error 4)
L 04/19/2016 - 22:25:07: [SM] Displaying call stack trace for plugin "freaks\s93_blitzkrieg.ff2":
L 04/19/2016 - 22:25:07: [SM]   [0]  Line 1350, C:\ff2_ver2\steamapps\common\Team Fortress 2 Dedicated Server\tf\addons\sourcemod\scripting\s93_blitzkrieg.sp::OnRoundEnd()
L 04/19/2016 - 22:25:07: [SM] Native "IsClientInGame" reported: Client index 0 is invalid
L 04/19/2016 - 22:25:07: [SM] Displaying call stack trace for plugin "freaks\ff2_1st_set_abilities.ff2":
L 04/19/2016 - 22:25:07: [SM]   [0]  Line 114, C:\ff2\steamapps\common\Team Fortress 2 Dedicated Server\tf\addons\sourcemod\scripting\ff2_1st_set_abilities.sp::OnRoundEnd()
