L 04/22/2016 - 19:13:50: SourceMod error session started
L 04/22/2016 - 19:13:50: Info (map "vsh_apg_v2") (file "errors_20160422.log")
L 04/22/2016 - 19:13:50: [SM] Warning(s) encountered in translation file "freak_fortress_2.phrases.txt"
L 04/22/2016 - 19:13:50: [SM] Invalid token ' ' in #format property on line 71.
L 04/22/2016 - 19:13:50: [SM] Invalid token ' ' in #format property on line 225.
L 04/22/2016 - 19:13:50: [SM] Invalid token '[' in #format property on line 225.
L 04/22/2016 - 19:13:50: [SM] Invalid token '3' in #format property on line 225.
L 04/22/2016 - 19:13:50: [SM] Invalid token ':' in #format property on line 225.
L 04/22/2016 - 19:13:50: [SM] Invalid token ']' in #format property on line 225.
L 04/22/2016 - 19:13:50: [SM] Invalid token ' ' in #format property on line 230.
L 04/22/2016 - 19:13:50: [SM] Invalid token ' ' in #format property on line 419.
L 04/22/2016 - 19:13:50: [SM] Invalid token ' ' in #format property on line 424.
L 04/22/2016 - 19:13:50: [SM] Invalid token ' ' in #format property on line 424.
L 04/22/2016 - 19:13:50: [SM] Invalid token ' ' in #format property on line 433.
L 04/22/2016 - 19:13:50: [SM] Invalid token ' ' in #format property on line 433.
L 04/22/2016 - 19:13:50: [SM] Invalid token ' ' in #format property on line 433.
L 04/22/2016 - 19:14:06: [freak_fortress_2.smx] [FF2 Bosses] Character danmedic is missing file 'sound/freak_fortress_2/s93dm/dm_playerdeath.mp3'!
L 04/22/2016 - 19:23:40: Error log file session closed.
L 04/22/2016 - 19:51:17: SourceMod error session started
L 04/22/2016 - 19:51:17: Info (map "vsh_apg_v2") (file "errors_20160422.log")
L 04/22/2016 - 19:51:17: [SM] Warning(s) encountered in translation file "freak_fortress_2.phrases.txt"
L 04/22/2016 - 19:51:17: [SM] Invalid token ' ' in #format property on line 71.
L 04/22/2016 - 19:51:17: [SM] Invalid token ' ' in #format property on line 225.
L 04/22/2016 - 19:51:17: [SM] Invalid token '[' in #format property on line 225.
L 04/22/2016 - 19:51:17: [SM] Invalid token '3' in #format property on line 225.
L 04/22/2016 - 19:51:17: [SM] Invalid token ':' in #format property on line 225.
L 04/22/2016 - 19:51:17: [SM] Invalid token ']' in #format property on line 225.
L 04/22/2016 - 19:51:17: [SM] Invalid token ' ' in #format property on line 230.
L 04/22/2016 - 19:51:17: [SM] Invalid token ' ' in #format property on line 419.
L 04/22/2016 - 19:51:17: [SM] Invalid token ' ' in #format property on line 424.
L 04/22/2016 - 19:51:17: [SM] Invalid token ' ' in #format property on line 424.
L 04/22/2016 - 19:51:17: [SM] Invalid token ' ' in #format property on line 433.
L 04/22/2016 - 19:51:17: [SM] Invalid token ' ' in #format property on line 433.
L 04/22/2016 - 19:51:17: [SM] Invalid token ' ' in #format property on line 433.
L 04/22/2016 - 19:51:32: [freak_fortress_2.smx] [FF2 Bosses] Character danmedic is missing file 'sound/freak_fortress_2/s93dm/dm_playerdeath.mp3'!
L 04/22/2016 - 19:52:40: [SM] Native "TF2Attrib_ListDefIndices" reported: TF2Attrib_ListDefIndices: Invalid entity index -1 passed
L 04/22/2016 - 19:52:40: [SM] Displaying call stack trace for plugin "Testcoll.smx":
L 04/22/2016 - 19:52:40: [SM]   [0]  Line 38, C:\ff2_ver2\steamapps\common\Team Fortress 2 Dedicated Server\tf\addons\sourcemod\scripting\Testcoll.sp::Command_att()
L 04/22/2016 - 19:56:59: [SM] Native "LoadFromAddress" reported: Invalid address 0x8 is pointing to reserved memory.
L 04/22/2016 - 19:56:59: [SM] Displaying call stack trace for plugin "tf2attributes.smx":
L 04/22/2016 - 19:56:59: [SM]   [0]  Line 674, /home/forums/content/files/8/4/3/0/4/116848.attach::Native_GetVal()
L 04/22/2016 - 19:56:59: [SM] Native "TF2Attrib_GetValue" reported: Error encountered while processing a dynamic native
L 04/22/2016 - 19:56:59: [SM] Displaying call stack trace for plugin "Testcoll.smx":
L 04/22/2016 - 19:56:59: [SM]   [0]  Line 42, C:\ff2_ver2\steamapps\common\Team Fortress 2 Dedicated Server\tf\addons\sourcemod\scripting\Testcoll.sp::Command_att()
L 04/22/2016 - 20:02:19: [SM] Native "IsClientInGame" reported: Client index 0 is invalid
L 04/22/2016 - 20:02:19: [SM] Displaying call stack trace for plugin "freaks\ff2_1st_set_abilities.ff2":
L 04/22/2016 - 20:02:19: [SM]   [0]  Line 114, C:\ff2\steamapps\common\Team Fortress 2 Dedicated Server\tf\addons\sourcemod\scripting\ff2_1st_set_abilities.sp::OnRoundEnd()
L 04/22/2016 - 20:10:42: [SM] Native "IsClientInGame" reported: Client index 0 is invalid
L 04/22/2016 - 20:10:42: [SM] Displaying call stack trace for plugin "freaks\ff2_1st_set_abilities.ff2":
L 04/22/2016 - 20:10:42: [SM]   [0]  Line 114, C:\ff2\steamapps\common\Team Fortress 2 Dedicated Server\tf\addons\sourcemod\scripting\ff2_1st_set_abilities.sp::OnRoundEnd()
L 04/22/2016 - 20:15:42: [SM] Native "IsClientInGame" reported: Client index 0 is invalid
L 04/22/2016 - 20:15:42: [SM] Displaying call stack trace for plugin "freaks\ff2_1st_set_abilities.ff2":
L 04/22/2016 - 20:15:42: [SM]   [0]  Line 114, C:\ff2\steamapps\common\Team Fortress 2 Dedicated Server\tf\addons\sourcemod\scripting\ff2_1st_set_abilities.sp::OnRoundEnd()
L 04/22/2016 - 20:18:04: [SM] Native "IsClientInGame" reported: Client index 0 is invalid
L 04/22/2016 - 20:18:04: [SM] Displaying call stack trace for plugin "freaks\ff2_1st_set_abilities.ff2":
L 04/22/2016 - 20:18:04: [SM]   [0]  Line 114, C:\ff2\steamapps\common\Team Fortress 2 Dedicated Server\tf\addons\sourcemod\scripting\ff2_1st_set_abilities.sp::OnRoundEnd()
L 04/22/2016 - 20:18:10: Error log file session closed.
L 04/22/2016 - 20:18:23: SourceMod error session started
L 04/22/2016 - 20:18:23: Info (map "vsh_apg_v2") (file "errors_20160422.log")
L 04/22/2016 - 20:18:23: [SM] Warning(s) encountered in translation file "freak_fortress_2.phrases.txt"
L 04/22/2016 - 20:18:23: [SM] Invalid token ' ' in #format property on line 71.
L 04/22/2016 - 20:18:23: [SM] Invalid token ' ' in #format property on line 225.
L 04/22/2016 - 20:18:23: [SM] Invalid token '[' in #format property on line 225.
L 04/22/2016 - 20:18:23: [SM] Invalid token '3' in #format property on line 225.
L 04/22/2016 - 20:18:23: [SM] Invalid token ':' in #format property on line 225.
L 04/22/2016 - 20:18:23: [SM] Invalid token ']' in #format property on line 225.
L 04/22/2016 - 20:18:23: [SM] Invalid token ' ' in #format property on line 230.
L 04/22/2016 - 20:18:23: [SM] Invalid token ' ' in #format property on line 419.
L 04/22/2016 - 20:18:23: [SM] Invalid token ' ' in #format property on line 424.
L 04/22/2016 - 20:18:23: [SM] Invalid token ' ' in #format property on line 424.
L 04/22/2016 - 20:18:23: [SM] Invalid token ' ' in #format property on line 433.
L 04/22/2016 - 20:18:23: [SM] Invalid token ' ' in #format property on line 433.
L 04/22/2016 - 20:18:23: [SM] Invalid token ' ' in #format property on line 433.
L 04/22/2016 - 20:18:35: [freak_fortress_2.smx] [FF2 Bosses] Character danmedic is missing file 'sound/freak_fortress_2/s93dm/dm_playerdeath.mp3'!
L 04/22/2016 - 20:21:05: [SM] Native "IsClientInGame" reported: Client index 0 is invalid
L 04/22/2016 - 20:21:05: [SM] Displaying call stack trace for plugin "freaks\ff2_1st_set_abilities.ff2":
L 04/22/2016 - 20:21:05: [SM]   [0]  Line 114, C:\ff2\steamapps\common\Team Fortress 2 Dedicated Server\tf\addons\sourcemod\scripting\ff2_1st_set_abilities.sp::OnRoundEnd()
L 04/22/2016 - 20:27:21: [SM] Native "IsClientInGame" reported: Client index 0 is invalid
L 04/22/2016 - 20:27:21: [SM] Displaying call stack trace for plugin "freaks\ff2_1st_set_abilities.ff2":
L 04/22/2016 - 20:27:21: [SM]   [0]  Line 114, C:\ff2\steamapps\common\Team Fortress 2 Dedicated Server\tf\addons\sourcemod\scripting\ff2_1st_set_abilities.sp::OnRoundEnd()
L 04/22/2016 - 20:27:37: SourceMod error session started
L 04/22/2016 - 20:27:37: Info (map "vsh_apg_v2") (file "errors_20160422.log")
L 04/22/2016 - 20:27:37: [SM] Warning(s) encountered in translation file "freak_fortress_2.phrases.txt"
L 04/22/2016 - 20:27:37: [SM] Invalid token ' ' in #format property on line 71.
L 04/22/2016 - 20:27:37: [SM] Invalid token ' ' in #format property on line 225.
L 04/22/2016 - 20:27:37: [SM] Invalid token '[' in #format property on line 225.
L 04/22/2016 - 20:27:37: [SM] Invalid token '3' in #format property on line 225.
L 04/22/2016 - 20:27:37: [SM] Invalid token ':' in #format property on line 225.
L 04/22/2016 - 20:27:37: [SM] Invalid token ']' in #format property on line 225.
L 04/22/2016 - 20:27:37: [SM] Invalid token ' ' in #format property on line 230.
L 04/22/2016 - 20:27:37: [SM] Invalid token ' ' in #format property on line 419.
L 04/22/2016 - 20:27:37: [SM] Invalid token ' ' in #format property on line 424.
L 04/22/2016 - 20:27:37: [SM] Invalid token ' ' in #format property on line 424.
L 04/22/2016 - 20:27:37: [SM] Invalid token ' ' in #format property on line 433.
L 04/22/2016 - 20:27:37: [SM] Invalid token ' ' in #format property on line 433.
L 04/22/2016 - 20:27:37: [SM] Invalid token ' ' in #format property on line 433.
L 04/22/2016 - 20:27:50: [freak_fortress_2.smx] [FF2 Bosses] Character danmedic is missing file 'sound/freak_fortress_2/s93dm/dm_playerdeath.mp3'!
L 04/22/2016 - 20:32:56: [SM] Native "IsClientInGame" reported: Client index 0 is invalid
L 04/22/2016 - 20:32:56: [SM] Displaying call stack trace for plugin "freaks\ff2_1st_set_abilities.ff2":
L 04/22/2016 - 20:32:56: [SM]   [0]  Line 114, C:\ff2\steamapps\common\Team Fortress 2 Dedicated Server\tf\addons\sourcemod\scripting\ff2_1st_set_abilities.sp::OnRoundEnd()
L 04/22/2016 - 20:33:54: [SM] Native "IsClientInGame" reported: Client index 0 is invalid
L 04/22/2016 - 20:33:54: [SM] Displaying call stack trace for plugin "freaks\ff2_1st_set_abilities.ff2":
L 04/22/2016 - 20:33:54: [SM]   [0]  Line 114, C:\ff2\steamapps\common\Team Fortress 2 Dedicated Server\tf\addons\sourcemod\scripting\ff2_1st_set_abilities.sp::OnRoundEnd()
L 04/22/2016 - 20:36:49: [SM] Native "IsClientInGame" reported: Client index 0 is invalid
L 04/22/2016 - 20:36:49: [SM] Displaying call stack trace for plugin "freaks\ff2_1st_set_abilities.ff2":
L 04/22/2016 - 20:36:49: [SM]   [0]  Line 114, C:\ff2\steamapps\common\Team Fortress 2 Dedicated Server\tf\addons\sourcemod\scripting\ff2_1st_set_abilities.sp::OnRoundEnd()
L 04/22/2016 - 20:37:35: [SM] Native "IsClientInGame" reported: Client index 0 is invalid
L 04/22/2016 - 20:37:35: [SM] Displaying call stack trace for plugin "freaks\ff2_1st_set_abilities.ff2":
L 04/22/2016 - 20:37:35: [SM]   [0]  Line 114, C:\ff2\steamapps\common\Team Fortress 2 Dedicated Server\tf\addons\sourcemod\scripting\ff2_1st_set_abilities.sp::OnRoundEnd()
L 04/22/2016 - 20:39:06: [SM] Native "IsClientInGame" reported: Client index 0 is invalid
L 04/22/2016 - 20:39:06: [SM] Displaying call stack trace for plugin "freaks\ff2_1st_set_abilities.ff2":
L 04/22/2016 - 20:39:06: [SM]   [0]  Line 114, C:\ff2\steamapps\common\Team Fortress 2 Dedicated Server\tf\addons\sourcemod\scripting\ff2_1st_set_abilities.sp::OnRoundEnd()
L 04/22/2016 - 20:40:05: [SM] Native "IsClientInGame" reported: Client index 0 is invalid
L 04/22/2016 - 20:40:05: [SM] Displaying call stack trace for plugin "freaks\ff2_1st_set_abilities.ff2":
L 04/22/2016 - 20:40:05: [SM]   [0]  Line 114, C:\ff2\steamapps\common\Team Fortress 2 Dedicated Server\tf\addons\sourcemod\scripting\ff2_1st_set_abilities.sp::OnRoundEnd()
L 04/22/2016 - 20:42:16: [SM] Native "IsClientInGame" reported: Client index 0 is invalid
L 04/22/2016 - 20:42:16: [SM] Displaying call stack trace for plugin "freaks\ff2_1st_set_abilities.ff2":
L 04/22/2016 - 20:42:16: [SM]   [0]  Line 114, C:\ff2\steamapps\common\Team Fortress 2 Dedicated Server\tf\addons\sourcemod\scripting\ff2_1st_set_abilities.sp::OnRoundEnd()
L 04/22/2016 - 20:44:16: [SM] Native "IsClientInGame" reported: Client index 0 is invalid
L 04/22/2016 - 20:44:16: [SM] Displaying call stack trace for plugin "freaks\ff2_1st_set_abilities.ff2":
L 04/22/2016 - 20:44:16: [SM]   [0]  Line 114, C:\ff2\steamapps\common\Team Fortress 2 Dedicated Server\tf\addons\sourcemod\scripting\ff2_1st_set_abilities.sp::OnRoundEnd()
L 04/22/2016 - 20:46:49: [SM] Native "IsClientInGame" reported: Client index 0 is invalid
L 04/22/2016 - 20:46:49: [SM] Displaying call stack trace for plugin "freaks\ff2_1st_set_abilities.ff2":
L 04/22/2016 - 20:46:49: [SM]   [0]  Line 114, C:\ff2\steamapps\common\Team Fortress 2 Dedicated Server\tf\addons\sourcemod\scripting\ff2_1st_set_abilities.sp::OnRoundEnd()
L 04/22/2016 - 20:47:03: Error log file session closed.
