L 04/05/2016 - 21:07:26: SourceMod error session started
L 04/05/2016 - 21:07:26: Info (map "arena_badlands") (file "errors_20160405.log")
L 04/05/2016 - 21:07:26: [SM] Warning(s) encountered in translation file "freak_fortress_2.phrases.txt"
L 04/05/2016 - 21:07:26: [SM] Invalid token ' ' in #format property on line 59.
L 04/05/2016 - 21:07:26: [SM] Invalid token ' ' in #format property on line 402.
L 04/05/2016 - 21:07:26: [SM] Invalid token ' ' in #format property on line 407.
L 04/05/2016 - 21:07:26: [SM] Invalid token ' ' in #format property on line 407.
L 04/05/2016 - 21:07:26: [SM] Invalid token ' ' in #format property on line 416.
L 04/05/2016 - 21:07:26: [SM] Invalid token ' ' in #format property on line 416.
L 04/05/2016 - 21:07:26: [SM] Invalid token ' ' in #format property on line 416.
L 04/05/2016 - 21:14:00: [SM] Native "IsClientInGame" reported: Client index 0 is invalid
L 04/05/2016 - 21:14:00: [SM] Displaying call stack trace for plugin "freaks\ff2_1st_set_abilities.ff2":
L 04/05/2016 - 21:14:00: [SM]   [0]  Line 114, C:\ff2\steamapps\common\Team Fortress 2 Dedicated Server\tf\addons\sourcemod\scripting\ff2_1st_set_abilities.sp::OnRoundEnd()
L 04/05/2016 - 21:22:02: Error log file session closed.
L 04/05/2016 - 21:22:14: SourceMod error session started
L 04/05/2016 - 21:22:14: Info (map "arena_badlands") (file "errors_20160405.log")
L 04/05/2016 - 21:22:14: [SM] Warning(s) encountered in translation file "freak_fortress_2.phrases.txt"
L 04/05/2016 - 21:22:14: [SM] Invalid token ' ' in #format property on line 59.
L 04/05/2016 - 21:22:14: [SM] Invalid token ' ' in #format property on line 402.
L 04/05/2016 - 21:22:14: [SM] Invalid token ' ' in #format property on line 407.
L 04/05/2016 - 21:22:14: [SM] Invalid token ' ' in #format property on line 407.
L 04/05/2016 - 21:22:14: [SM] Invalid token ' ' in #format property on line 416.
L 04/05/2016 - 21:22:14: [SM] Invalid token ' ' in #format property on line 416.
L 04/05/2016 - 21:22:14: [SM] Invalid token ' ' in #format property on line 416.
L 04/05/2016 - 21:25:00: [SM] Native "IsClientInGame" reported: Client index 0 is invalid
L 04/05/2016 - 21:25:00: [SM] Displaying call stack trace for plugin "freaks\ff2_1st_set_abilities.ff2":
L 04/05/2016 - 21:25:00: [SM]   [0]  Line 114, C:\ff2\steamapps\common\Team Fortress 2 Dedicated Server\tf\addons\sourcemod\scripting\ff2_1st_set_abilities.sp::OnRoundEnd()
L 04/05/2016 - 21:25:30: Error log file session closed.
L 04/05/2016 - 21:25:30: SourceMod error session started
L 04/05/2016 - 21:25:30: Info (map "arena_badlands") (file "errors_20160405.log")
L 04/05/2016 - 21:25:30: [SM] Warning(s) encountered in translation file "freak_fortress_2.phrases.txt"
L 04/05/2016 - 21:25:30: [SM] Invalid token ' ' in #format property on line 59.
L 04/05/2016 - 21:25:30: [SM] Invalid token ' ' in #format property on line 402.
L 04/05/2016 - 21:25:30: [SM] Invalid token ' ' in #format property on line 407.
L 04/05/2016 - 21:25:30: [SM] Invalid token ' ' in #format property on line 407.
L 04/05/2016 - 21:25:30: [SM] Invalid token ' ' in #format property on line 416.
L 04/05/2016 - 21:25:30: [SM] Invalid token ' ' in #format property on line 416.
L 04/05/2016 - 21:25:30: [SM] Invalid token ' ' in #format property on line 416.
L 04/05/2016 - 21:29:42: [SM] Native "IsClientInGame" reported: Client index 0 is invalid
L 04/05/2016 - 21:29:42: [SM] Displaying call stack trace for plugin "freaks\ff2_1st_set_abilities.ff2":
L 04/05/2016 - 21:29:42: [SM]   [0]  Line 114, C:\ff2\steamapps\common\Team Fortress 2 Dedicated Server\tf\addons\sourcemod\scripting\ff2_1st_set_abilities.sp::OnRoundEnd()
L 04/05/2016 - 21:32:20: [SM] Native "IsClientInGame" reported: Client index 0 is invalid
L 04/05/2016 - 21:32:20: [SM] Displaying call stack trace for plugin "freaks\ff2_1st_set_abilities.ff2":
L 04/05/2016 - 21:32:20: [SM]   [0]  Line 114, C:\ff2\steamapps\common\Team Fortress 2 Dedicated Server\tf\addons\sourcemod\scripting\ff2_1st_set_abilities.sp::OnRoundEnd()
L 04/05/2016 - 21:34:01: [SM] Native "IsClientInGame" reported: Client index 0 is invalid
L 04/05/2016 - 21:34:01: [SM] Displaying call stack trace for plugin "freaks\ff2_1st_set_abilities.ff2":
L 04/05/2016 - 21:34:01: [SM]   [0]  Line 114, C:\ff2\steamapps\common\Team Fortress 2 Dedicated Server\tf\addons\sourcemod\scripting\ff2_1st_set_abilities.sp::OnRoundEnd()
L 04/05/2016 - 21:36:53: [SM] Native "IsClientInGame" reported: Client index 0 is invalid
L 04/05/2016 - 21:36:53: [SM] Displaying call stack trace for plugin "freaks\ff2_1st_set_abilities.ff2":
L 04/05/2016 - 21:36:53: [SM]   [0]  Line 114, C:\ff2\steamapps\common\Team Fortress 2 Dedicated Server\tf\addons\sourcemod\scripting\ff2_1st_set_abilities.sp::OnRoundEnd()
L 04/05/2016 - 21:37:57: [SM] Native "IsClientInGame" reported: Client index 0 is invalid
L 04/05/2016 - 21:37:57: [SM] Displaying call stack trace for plugin "freaks\ff2_1st_set_abilities.ff2":
L 04/05/2016 - 21:37:57: [SM]   [0]  Line 114, C:\ff2\steamapps\common\Team Fortress 2 Dedicated Server\tf\addons\sourcemod\scripting\ff2_1st_set_abilities.sp::OnRoundEnd()
L 04/05/2016 - 21:40:37: [SM] Native "IsClientInGame" reported: Client index 0 is invalid
L 04/05/2016 - 21:40:37: [SM] Displaying call stack trace for plugin "freaks\ff2_1st_set_abilities.ff2":
L 04/05/2016 - 21:40:37: [SM]   [0]  Line 114, C:\ff2\steamapps\common\Team Fortress 2 Dedicated Server\tf\addons\sourcemod\scripting\ff2_1st_set_abilities.sp::OnRoundEnd()
L 04/05/2016 - 21:41:38: [SM] Native "IsClientInGame" reported: Client index 0 is invalid
L 04/05/2016 - 21:41:38: [SM] Displaying call stack trace for plugin "freaks\ff2_1st_set_abilities.ff2":
L 04/05/2016 - 21:41:38: [SM]   [0]  Line 114, C:\ff2\steamapps\common\Team Fortress 2 Dedicated Server\tf\addons\sourcemod\scripting\ff2_1st_set_abilities.sp::OnRoundEnd()
L 04/05/2016 - 21:45:42: [SM] Native "IsClientInGame" reported: Client index 0 is invalid
L 04/05/2016 - 21:45:42: [SM] Displaying call stack trace for plugin "freaks\ff2_1st_set_abilities.ff2":
L 04/05/2016 - 21:45:42: [SM]   [0]  Line 114, C:\ff2\steamapps\common\Team Fortress 2 Dedicated Server\tf\addons\sourcemod\scripting\ff2_1st_set_abilities.sp::OnRoundEnd()
L 04/05/2016 - 21:46:07: [SM] Native "IsClientInGame" reported: Client index 0 is invalid
L 04/05/2016 - 21:46:07: [SM] Displaying call stack trace for plugin "freaks\ff2_1st_set_abilities.ff2":
L 04/05/2016 - 21:46:07: [SM]   [0]  Line 114, C:\ff2\steamapps\common\Team Fortress 2 Dedicated Server\tf\addons\sourcemod\scripting\ff2_1st_set_abilities.sp::OnRoundEnd()
L 04/05/2016 - 21:46:10: Error log file session closed.
L 04/05/2016 - 22:51:50: SourceMod error session started
L 04/05/2016 - 22:51:50: Info (map "arena_badlands") (file "errors_20160405.log")
L 04/05/2016 - 22:51:50: [SM] Warning(s) encountered in translation file "freak_fortress_2.phrases.txt"
L 04/05/2016 - 22:51:50: [SM] Invalid token ' ' in #format property on line 59.
L 04/05/2016 - 22:51:50: [SM] Invalid token ' ' in #format property on line 402.
L 04/05/2016 - 22:51:50: [SM] Invalid token ' ' in #format property on line 407.
L 04/05/2016 - 22:51:50: [SM] Invalid token ' ' in #format property on line 407.
L 04/05/2016 - 22:51:50: [SM] Invalid token ' ' in #format property on line 416.
L 04/05/2016 - 22:51:50: [SM] Invalid token ' ' in #format property on line 416.
L 04/05/2016 - 22:51:50: [SM] Invalid token ' ' in #format property on line 416.
L 04/05/2016 - 23:06:55: Error log file session closed.
L 04/05/2016 - 23:07:06: SourceMod error session started
L 04/05/2016 - 23:07:06: Info (map "arena_badlands") (file "errors_20160405.log")
L 04/05/2016 - 23:07:06: [SM] Warning(s) encountered in translation file "freak_fortress_2.phrases.txt"
L 04/05/2016 - 23:07:06: [SM] Invalid token ' ' in #format property on line 59.
L 04/05/2016 - 23:07:06: [SM] Invalid token ' ' in #format property on line 402.
L 04/05/2016 - 23:07:06: [SM] Invalid token ' ' in #format property on line 407.
L 04/05/2016 - 23:07:06: [SM] Invalid token ' ' in #format property on line 407.
L 04/05/2016 - 23:07:06: [SM] Invalid token ' ' in #format property on line 416.
L 04/05/2016 - 23:07:06: [SM] Invalid token ' ' in #format property on line 416.
L 04/05/2016 - 23:07:06: [SM] Invalid token ' ' in #format property on line 416.
L 04/05/2016 - 23:10:41: [SM] Native "IsClientInGame" reported: Client index 0 is invalid
L 04/05/2016 - 23:10:41: [SM] Displaying call stack trace for plugin "freaks\ff2_1st_set_abilities.ff2":
L 04/05/2016 - 23:10:41: [SM]   [0]  Line 114, C:\ff2\steamapps\common\Team Fortress 2 Dedicated Server\tf\addons\sourcemod\scripting\ff2_1st_set_abilities.sp::OnRoundEnd()
L 04/05/2016 - 23:11:14: Error log file session closed.
