L 05/30/2016 - 20:44:25: SourceMod error session started
L 05/30/2016 - 20:44:25: Info (map "vsh_apg_v2") (file "errors_20160530.log")
L 05/30/2016 - 20:44:25: [SM] Warning(s) encountered in translation file "freak_fortress_2.phrases.txt"
L 05/30/2016 - 20:44:25: [SM] Invalid token ' ' in #format property on line 71.
L 05/30/2016 - 20:44:25: [SM] Invalid token ' ' in #format property on line 424.
L 05/30/2016 - 20:44:25: [SM] Invalid token ' ' in #format property on line 429.
L 05/30/2016 - 20:44:25: [SM] Invalid token ' ' in #format property on line 429.
L 05/30/2016 - 20:44:25: [SM] Invalid token ' ' in #format property on line 438.
L 05/30/2016 - 20:44:25: [SM] Invalid token ' ' in #format property on line 438.
L 05/30/2016 - 20:44:25: [SM] Invalid token ' ' in #format property on line 438.
L 05/30/2016 - 20:44:25: [SM] Unable to load plugin "rockthevote.smx": Could not find required plugin "mapchooser"
L 05/30/2016 - 20:44:41: [nextmap.smx] FATAL: Cannot load map cycle. Nextmap not loaded.
L 05/30/2016 - 20:44:41: [SM] Plugin encountered error 25: Call was aborted
L 05/30/2016 - 20:44:41: [SM] Native "SetFailState" reported: Mapcycle Not Found
L 05/30/2016 - 20:44:41: [SM] Displaying call stack trace for plugin "nextmap.smx":
L 05/30/2016 - 20:44:41: [SM]   [0]  Line 139, D:\builds\build-sourcemod-msvc12\windows-1.7\build\plugins\nextmap.sp::FindAndSetNextMap()
L 05/30/2016 - 20:44:41: [SM]   [1]  Line 109, D:\builds\build-sourcemod-msvc12\windows-1.7\build\plugins\nextmap.sp::OnConfigsExecuted()
L 05/30/2016 - 20:47:11: [SM] Plugin encountered error 15: Array index is out of bounds
L 05/30/2016 - 20:47:11: [SM] Displaying call stack trace for plugin "freak_fortress_2.smx":
L 05/30/2016 - 20:47:11: [SM]   [0]  Line 9434, C:\ff2_ver2\steamapps\common\Team Fortress 2 Dedicated Server\tf\addons\sourcemod\scripting\freak_fortress_2.sp::Native_GetBossHealth()
L 05/30/2016 - 20:47:11: [SM] Plugin encountered error 15: Array index is out of bounds
L 05/30/2016 - 20:47:11: [SM] Native "FF2_GetBossHealth" reported: Error encountered while processing a dynamic native
L 05/30/2016 - 20:47:11: [SM] Displaying call stack trace for plugin "ff2_deathmatch.smx":
L 05/30/2016 - 20:47:11: [SM]   [0]  Line 103, C:\ff2_ver2\steamapps\common\Team Fortress 2 Dedicated Server\tf\addons\sourcemod\scripting\ff2_deathmatch.sp::OnPlayerDeath()
L 05/30/2016 - 20:47:39: [SM] Plugin encountered error 14: Divide by zero
L 05/30/2016 - 20:47:39: [SM] Displaying call stack trace for plugin "ff2_deathmatch.smx":
L 05/30/2016 - 20:47:39: [SM]   [0]  Line 92, C:\ff2_ver2\steamapps\common\Team Fortress 2 Dedicated Server\tf\addons\sourcemod\scripting\ff2_deathmatch.sp::OnPlayerDeath()
L 05/30/2016 - 20:54:20: [SM] Plugin encountered error 15: Array index is out of bounds
L 05/30/2016 - 20:54:20: [SM] Displaying call stack trace for plugin "freak_fortress_2.smx":
L 05/30/2016 - 20:54:20: [SM]   [0]  Line 9434, C:\ff2_ver2\steamapps\common\Team Fortress 2 Dedicated Server\tf\addons\sourcemod\scripting\freak_fortress_2.sp::Native_GetBossHealth()
L 05/30/2016 - 20:54:20: [SM] Plugin encountered error 15: Array index is out of bounds
L 05/30/2016 - 20:54:20: [SM] Native "FF2_GetBossHealth" reported: Error encountered while processing a dynamic native
L 05/30/2016 - 20:54:20: [SM] Displaying call stack trace for plugin "ff2_deathmatch.smx":
L 05/30/2016 - 20:54:20: [SM]   [0]  Line 103, C:\ff2_ver2\steamapps\common\Team Fortress 2 Dedicated Server\tf\addons\sourcemod\scripting\ff2_deathmatch.sp::OnPlayerDeath()
L 05/30/2016 - 20:55:01: [SM] Plugin encountered error 15: Array index is out of bounds
L 05/30/2016 - 20:55:01: [SM] Displaying call stack trace for plugin "freak_fortress_2.smx":
L 05/30/2016 - 20:55:01: [SM]   [0]  Line 9434, C:\ff2_ver2\steamapps\common\Team Fortress 2 Dedicated Server\tf\addons\sourcemod\scripting\freak_fortress_2.sp::Native_GetBossHealth()
L 05/30/2016 - 20:55:01: [SM] Plugin encountered error 15: Array index is out of bounds
L 05/30/2016 - 20:55:01: [SM] Native "FF2_GetBossHealth" reported: Error encountered while processing a dynamic native
L 05/30/2016 - 20:55:01: [SM] Displaying call stack trace for plugin "ff2_deathmatch.smx":
L 05/30/2016 - 20:55:01: [SM]   [0]  Line 103, C:\ff2_ver2\steamapps\common\Team Fortress 2 Dedicated Server\tf\addons\sourcemod\scripting\ff2_deathmatch.sp::OnPlayerDeath()
L 05/30/2016 - 20:55:01: [SM] Plugin encountered error 15: Array index is out of bounds
L 05/30/2016 - 20:55:01: [SM] Displaying call stack trace for plugin "freak_fortress_2.smx":
L 05/30/2016 - 20:55:01: [SM]   [0]  Line 7269, C:\ff2_ver2\steamapps\common\Team Fortress 2 Dedicated Server\tf\addons\sourcemod\scripting\freak_fortress_2.sp::OnStomp()
L 05/30/2016 - 20:56:12: [SM] Plugin encountered error 15: Array index is out of bounds
L 05/30/2016 - 20:56:12: [SM] Displaying call stack trace for plugin "freak_fortress_2.smx":
L 05/30/2016 - 20:56:12: [SM]   [0]  Line 9434, C:\ff2_ver2\steamapps\common\Team Fortress 2 Dedicated Server\tf\addons\sourcemod\scripting\freak_fortress_2.sp::Native_GetBossHealth()
L 05/30/2016 - 20:56:12: [SM] Plugin encountered error 15: Array index is out of bounds
L 05/30/2016 - 20:56:12: [SM] Native "FF2_GetBossHealth" reported: Error encountered while processing a dynamic native
L 05/30/2016 - 20:56:12: [SM] Displaying call stack trace for plugin "ff2_deathmatch.smx":
L 05/30/2016 - 20:56:12: [SM]   [0]  Line 103, C:\ff2_ver2\steamapps\common\Team Fortress 2 Dedicated Server\tf\addons\sourcemod\scripting\ff2_deathmatch.sp::OnPlayerDeath()
L 05/30/2016 - 21:00:22: [SM] Plugin encountered error 14: Divide by zero
L 05/30/2016 - 21:00:22: [SM] Displaying call stack trace for plugin "ff2_deathmatch.smx":
L 05/30/2016 - 21:00:22: [SM]   [0]  Line 92, C:\ff2_ver2\steamapps\common\Team Fortress 2 Dedicated Server\tf\addons\sourcemod\scripting\ff2_deathmatch.sp::OnPlayerDeath()
L 05/30/2016 - 21:01:05: [SM] Plugin encountered error 14: Divide by zero
L 05/30/2016 - 21:01:05: [SM] Displaying call stack trace for plugin "ff2_deathmatch.smx":
L 05/30/2016 - 21:01:05: [SM]   [0]  Line 92, C:\ff2_ver2\steamapps\common\Team Fortress 2 Dedicated Server\tf\addons\sourcemod\scripting\ff2_deathmatch.sp::OnPlayerDeath()
L 05/30/2016 - 21:03:36: [SM] Plugin encountered error 14: Divide by zero
L 05/30/2016 - 21:03:36: [SM] Displaying call stack trace for plugin "ff2_deathmatch.smx":
L 05/30/2016 - 21:03:36: [SM]   [0]  Line 92, C:\ff2_ver2\steamapps\common\Team Fortress 2 Dedicated Server\tf\addons\sourcemod\scripting\ff2_deathmatch.sp::OnPlayerDeath()
L 05/30/2016 - 21:04:16: [SM] Plugin encountered error 14: Divide by zero
L 05/30/2016 - 21:04:16: [SM] Displaying call stack trace for plugin "ff2_deathmatch.smx":
L 05/30/2016 - 21:04:16: [SM]   [0]  Line 92, C:\ff2_ver2\steamapps\common\Team Fortress 2 Dedicated Server\tf\addons\sourcemod\scripting\ff2_deathmatch.sp::OnPlayerDeath()
L 05/30/2016 - 21:26:54: Error log file session closed.
L 05/30/2016 - 21:27:30: SourceMod error session started
L 05/30/2016 - 21:27:30: Info (map "vsh_apg_v2") (file "errors_20160530.log")
L 05/30/2016 - 21:27:30: [SM] Warning(s) encountered in translation file "freak_fortress_2.phrases.txt"
L 05/30/2016 - 21:27:30: [SM] Invalid token ' ' in #format property on line 71.
L 05/30/2016 - 21:27:30: [SM] Invalid token ' ' in #format property on line 424.
L 05/30/2016 - 21:27:30: [SM] Invalid token ' ' in #format property on line 429.
L 05/30/2016 - 21:27:30: [SM] Invalid token ' ' in #format property on line 429.
L 05/30/2016 - 21:27:30: [SM] Invalid token ' ' in #format property on line 438.
L 05/30/2016 - 21:27:30: [SM] Invalid token ' ' in #format property on line 438.
L 05/30/2016 - 21:27:30: [SM] Invalid token ' ' in #format property on line 438.
L 05/30/2016 - 21:27:30: [SM] Unable to load plugin "rockthevote.smx": Could not find required plugin "mapchooser"
L 05/30/2016 - 21:27:46: [nextmap.smx] FATAL: Cannot load map cycle. Nextmap not loaded.
L 05/30/2016 - 21:27:46: [SM] Plugin encountered error 25: Call was aborted
L 05/30/2016 - 21:27:46: [SM] Native "SetFailState" reported: Mapcycle Not Found
L 05/30/2016 - 21:27:46: [SM] Displaying call stack trace for plugin "nextmap.smx":
L 05/30/2016 - 21:27:46: [SM]   [0]  Line 139, D:\builds\build-sourcemod-msvc12\windows-1.7\build\plugins\nextmap.sp::FindAndSetNextMap()
L 05/30/2016 - 21:27:46: [SM]   [1]  Line 109, D:\builds\build-sourcemod-msvc12\windows-1.7\build\plugins\nextmap.sp::OnConfigsExecuted()
L 05/30/2016 - 21:31:32: [SM] Native "TF2_RespawnPlayer" reported: Client index 0 is not valid
L 05/30/2016 - 21:31:32: [SM] Displaying call stack trace for plugin "ff2_deathmatch.smx":
L 05/30/2016 - 21:31:32: [SM]   [0]  Line 131, C:\ff2_ver2\steamapps\common\Team Fortress 2 Dedicated Server\tf\addons\sourcemod\scripting\ff2_deathmatch.sp::BeLastMan()
L 05/30/2016 - 21:34:32: [SM] Native "TF2_RespawnPlayer" reported: Client index 0 is not valid
L 05/30/2016 - 21:34:32: [SM] Displaying call stack trace for plugin "ff2_deathmatch.smx":
L 05/30/2016 - 21:34:32: [SM]   [0]  Line 131, C:\ff2_ver2\steamapps\common\Team Fortress 2 Dedicated Server\tf\addons\sourcemod\scripting\ff2_deathmatch.sp::BeLastMan()
L 05/30/2016 - 21:39:13: [SM] Plugin encountered error 14: Divide by zero
L 05/30/2016 - 21:39:13: [SM] Displaying call stack trace for plugin "ff2_deathmatch.smx":
L 05/30/2016 - 21:39:13: [SM]   [0]  Line 107, C:\ff2_ver2\steamapps\common\Team Fortress 2 Dedicated Server\tf\addons\sourcemod\scripting\ff2_deathmatch.sp::OnPlayerDeath()
L 05/30/2016 - 21:40:23: [SM] Plugin encountered error 14: Divide by zero
L 05/30/2016 - 21:40:23: [SM] Displaying call stack trace for plugin "ff2_deathmatch.smx":
L 05/30/2016 - 21:40:23: [SM]   [0]  Line 107, C:\ff2_ver2\steamapps\common\Team Fortress 2 Dedicated Server\tf\addons\sourcemod\scripting\ff2_deathmatch.sp::OnPlayerDeath()
L 05/30/2016 - 21:42:39: [SM] Plugin encountered error 14: Divide by zero
L 05/30/2016 - 21:42:39: [SM] Displaying call stack trace for plugin "ff2_deathmatch.smx":
L 05/30/2016 - 21:42:39: [SM]   [0]  Line 107, C:\ff2_ver2\steamapps\common\Team Fortress 2 Dedicated Server\tf\addons\sourcemod\scripting\ff2_deathmatch.sp::OnPlayerDeath()
L 05/30/2016 - 21:50:03: [SM] Native "TF2_RespawnPlayer" reported: Client index 0 is not valid
L 05/30/2016 - 21:50:03: [SM] Displaying call stack trace for plugin "ff2_deathmatch.smx":
L 05/30/2016 - 21:50:03: [SM]   [0]  Line 122, C:\ff2_ver2\steamapps\common\Team Fortress 2 Dedicated Server\tf\addons\sourcemod\scripting\ff2_deathmatch.sp::OnPlayerDeath()
L 05/30/2016 - 21:59:06: [SM] Native "TF2_RespawnPlayer" reported: Client index 0 is not valid
L 05/30/2016 - 21:59:06: [SM] Displaying call stack trace for plugin "ff2_deathmatch.smx":
L 05/30/2016 - 21:59:06: [SM]   [0]  Line 122, C:\ff2_ver2\steamapps\common\Team Fortress 2 Dedicated Server\tf\addons\sourcemod\scripting\ff2_deathmatch.sp::OnPlayerDeath()
L 05/30/2016 - 22:04:41: Error log file session closed.
