L 05/05/2016 - 17:53:19: SourceMod error session started
L 05/05/2016 - 17:53:19: Info (map "vsh_apg_v2") (file "errors_20160505.log")
L 05/05/2016 - 17:53:19: [SM] Warning(s) encountered in translation file "freak_fortress_2.phrases.txt"
L 05/05/2016 - 17:53:19: [SM] Invalid token ' ' in #format property on line 71.
L 05/05/2016 - 17:53:19: [SM] Invalid token ' ' in #format property on line 230.
L 05/05/2016 - 17:53:19: [SM] Invalid token '[' in #format property on line 230.
L 05/05/2016 - 17:53:19: [SM] Invalid token '3' in #format property on line 230.
L 05/05/2016 - 17:53:19: [SM] Invalid token ':' in #format property on line 230.
L 05/05/2016 - 17:53:19: [SM] Invalid token ']' in #format property on line 230.
L 05/05/2016 - 17:53:19: [SM] Invalid token ' ' in #format property on line 235.
L 05/05/2016 - 17:53:19: [SM] Invalid token ' ' in #format property on line 424.
L 05/05/2016 - 17:53:19: [SM] Invalid token ' ' in #format property on line 429.
L 05/05/2016 - 17:53:19: [SM] Invalid token ' ' in #format property on line 429.
L 05/05/2016 - 17:53:19: [SM] Invalid token ' ' in #format property on line 438.
L 05/05/2016 - 17:53:19: [SM] Invalid token ' ' in #format property on line 438.
L 05/05/2016 - 17:53:19: [SM] Invalid token ' ' in #format property on line 438.
L 05/05/2016 - 18:02:33: [SM] Native "GetEntPropString" reported: Entity -1 (-1) is invalid
L 05/05/2016 - 18:02:33: [SM] Displaying call stack trace for plugin "Testcoll.smx":
L 05/05/2016 - 18:02:33: [SM]   [0]  Line 732, C:\ff2_ver2\steamapps\common\Team Fortress 2 Dedicated Server\tf\addons\sourcemod\scripting\include\entity.inc::GetEntityClassname()
L 05/05/2016 - 18:02:33: [SM]   [1]  Line 35, C:\ff2_ver2\steamapps\common\Team Fortress 2 Dedicated Server\tf\addons\sourcemod\scripting\Testcoll.sp::Command_time()
L 05/05/2016 - 18:02:34: [SM] Native "GetEntPropString" reported: Entity -1 (-1) is invalid
L 05/05/2016 - 18:02:34: [SM] Displaying call stack trace for plugin "Testcoll.smx":
L 05/05/2016 - 18:02:34: [SM]   [0]  Line 732, C:\ff2_ver2\steamapps\common\Team Fortress 2 Dedicated Server\tf\addons\sourcemod\scripting\include\entity.inc::GetEntityClassname()
L 05/05/2016 - 18:02:34: [SM]   [1]  Line 35, C:\ff2_ver2\steamapps\common\Team Fortress 2 Dedicated Server\tf\addons\sourcemod\scripting\Testcoll.sp::Command_time()
L 05/05/2016 - 18:26:54: Error log file session closed.
L 05/05/2016 - 19:50:23: SourceMod error session started
L 05/05/2016 - 19:50:23: Info (map "vsh_apg_v2") (file "errors_20160505.log")
L 05/05/2016 - 19:50:23: [SM] Warning(s) encountered in translation file "freak_fortress_2.phrases.txt"
L 05/05/2016 - 19:50:23: [SM] Invalid token ' ' in #format property on line 71.
L 05/05/2016 - 19:50:23: [SM] Invalid token ' ' in #format property on line 230.
L 05/05/2016 - 19:50:23: [SM] Invalid token '[' in #format property on line 230.
L 05/05/2016 - 19:50:23: [SM] Invalid token '3' in #format property on line 230.
L 05/05/2016 - 19:50:23: [SM] Invalid token ':' in #format property on line 230.
L 05/05/2016 - 19:50:23: [SM] Invalid token ']' in #format property on line 230.
L 05/05/2016 - 19:50:23: [SM] Invalid token ' ' in #format property on line 235.
L 05/05/2016 - 19:50:23: [SM] Invalid token ' ' in #format property on line 424.
L 05/05/2016 - 19:50:23: [SM] Invalid token ' ' in #format property on line 429.
L 05/05/2016 - 19:50:23: [SM] Invalid token ' ' in #format property on line 429.
L 05/05/2016 - 19:50:23: [SM] Invalid token ' ' in #format property on line 438.
L 05/05/2016 - 19:50:24: [SM] Invalid token ' ' in #format property on line 438.
L 05/05/2016 - 19:50:24: [SM] Invalid token ' ' in #format property on line 438.
L 05/05/2016 - 19:59:06: Error log file session closed.
L 05/05/2016 - 19:59:27: SourceMod error session started
L 05/05/2016 - 19:59:27: Info (map "vsh_apg_v2") (file "errors_20160505.log")
L 05/05/2016 - 19:59:27: [SM] Warning(s) encountered in translation file "freak_fortress_2.phrases.txt"
L 05/05/2016 - 19:59:27: [SM] Invalid token ' ' in #format property on line 71.
L 05/05/2016 - 19:59:27: [SM] Invalid token ' ' in #format property on line 230.
L 05/05/2016 - 19:59:27: [SM] Invalid token '[' in #format property on line 230.
L 05/05/2016 - 19:59:27: [SM] Invalid token '3' in #format property on line 230.
L 05/05/2016 - 19:59:27: [SM] Invalid token ':' in #format property on line 230.
L 05/05/2016 - 19:59:27: [SM] Invalid token ']' in #format property on line 230.
L 05/05/2016 - 19:59:27: [SM] Invalid token ' ' in #format property on line 235.
L 05/05/2016 - 19:59:27: [SM] Invalid token ' ' in #format property on line 424.
L 05/05/2016 - 19:59:27: [SM] Invalid token ' ' in #format property on line 429.
L 05/05/2016 - 19:59:27: [SM] Invalid token ' ' in #format property on line 429.
L 05/05/2016 - 19:59:27: [SM] Invalid token ' ' in #format property on line 438.
L 05/05/2016 - 19:59:27: [SM] Invalid token ' ' in #format property on line 438.
L 05/05/2016 - 19:59:27: [SM] Invalid token ' ' in #format property on line 438.
L 05/05/2016 - 20:10:37: Error log file session closed.
L 05/05/2016 - 20:10:48: SourceMod error session started
L 05/05/2016 - 20:10:48: Info (map "vsh_apg_v2") (file "errors_20160505.log")
L 05/05/2016 - 20:10:48: [SM] Warning(s) encountered in translation file "freak_fortress_2.phrases.txt"
L 05/05/2016 - 20:10:48: [SM] Invalid token ' ' in #format property on line 71.
L 05/05/2016 - 20:10:48: [SM] Invalid token ' ' in #format property on line 230.
L 05/05/2016 - 20:10:48: [SM] Invalid token '[' in #format property on line 230.
L 05/05/2016 - 20:10:48: [SM] Invalid token '3' in #format property on line 230.
L 05/05/2016 - 20:10:48: [SM] Invalid token ':' in #format property on line 230.
L 05/05/2016 - 20:10:48: [SM] Invalid token ']' in #format property on line 230.
L 05/05/2016 - 20:10:48: [SM] Invalid token ' ' in #format property on line 235.
L 05/05/2016 - 20:10:48: [SM] Invalid token ' ' in #format property on line 424.
L 05/05/2016 - 20:10:48: [SM] Invalid token ' ' in #format property on line 429.
L 05/05/2016 - 20:10:48: [SM] Invalid token ' ' in #format property on line 429.
L 05/05/2016 - 20:10:48: [SM] Invalid token ' ' in #format property on line 438.
L 05/05/2016 - 20:10:48: [SM] Invalid token ' ' in #format property on line 438.
L 05/05/2016 - 20:10:48: [SM] Invalid token ' ' in #format property on line 438.
L 05/05/2016 - 20:33:46: Error log file session closed.
