L 06/10/2016 - 22:05:09: SourceMod error session started
L 06/10/2016 - 22:05:09: Info (map "vsh_apg_v2") (file "errors_20160610.log")
L 06/10/2016 - 22:05:09: [SM] Warning(s) encountered in translation file "freak_fortress_2.phrases.txt"
L 06/10/2016 - 22:05:09: [SM] Invalid token ' ' in #format property on line 71.
L 06/10/2016 - 22:05:09: [SM] Invalid token ' ' in #format property on line 424.
L 06/10/2016 - 22:05:09: [SM] Invalid token ' ' in #format property on line 429.
L 06/10/2016 - 22:05:09: [SM] Invalid token ' ' in #format property on line 429.
L 06/10/2016 - 22:05:09: [SM] Invalid token ' ' in #format property on line 438.
L 06/10/2016 - 22:05:09: [SM] Invalid token ' ' in #format property on line 438.
L 06/10/2016 - 22:05:09: [SM] Invalid token ' ' in #format property on line 438.
L 06/10/2016 - 22:05:10: [SM] Unable to load plugin "rockthevote.smx": Could not find required plugin "mapchooser"
L 06/10/2016 - 22:05:28: [nextmap.smx] FATAL: Cannot load map cycle. Nextmap not loaded.
L 06/10/2016 - 22:05:28: [SM] Plugin encountered error 25: Call was aborted
L 06/10/2016 - 22:05:28: [SM] Native "SetFailState" reported: Mapcycle Not Found
L 06/10/2016 - 22:05:28: [SM] Displaying call stack trace for plugin "nextmap.smx":
L 06/10/2016 - 22:05:28: [SM]   [0]  Line 139, D:\builds\build-sourcemod-msvc12\windows-1.7\build\plugins\nextmap.sp::FindAndSetNextMap()
L 06/10/2016 - 22:05:28: [SM]   [1]  Line 109, D:\builds\build-sourcemod-msvc12\windows-1.7\build\plugins\nextmap.sp::OnConfigsExecuted()
L 06/10/2016 - 22:47:50: [SM] Plugin encountered error 8: Not enough space on the stack
L 06/10/2016 - 22:47:50: [SM] Displaying call stack trace for plugin "ff2_deathmatch.smx":
L 06/10/2016 - 22:47:50: [SM]   [0]  Line 97, C:\ff2_ver2\steamapps\common\Team Fortress 2 Dedicated Server\tf\addons\sourcemod\scripting\ff2_deathmatch.sp::OnTakeDamage()
L 06/10/2016 - 22:57:12: [freak_fortress_2.smx] [FF2 Bosses] Character spyper is missing file 'sound/vo/taunts/spy_taunt_rps_lose_11.mp3' in section 'sound_stabbed'!
L 06/10/2016 - 23:07:50: Error log file session closed.
L 06/10/2016 - 23:07:50: SourceMod error session started
L 06/10/2016 - 23:07:50: Info (map "vsh_manncohq_v14") (file "errors_20160610.log")
L 06/10/2016 - 23:07:50: [SM] Warning(s) encountered in translation file "freak_fortress_2.phrases.txt"
L 06/10/2016 - 23:07:50: [SM] Invalid token ' ' in #format property on line 71.
L 06/10/2016 - 23:07:50: [SM] Invalid token ' ' in #format property on line 424.
L 06/10/2016 - 23:07:50: [SM] Invalid token ' ' in #format property on line 429.
L 06/10/2016 - 23:07:50: [SM] Invalid token ' ' in #format property on line 429.
L 06/10/2016 - 23:07:50: [SM] Invalid token ' ' in #format property on line 438.
L 06/10/2016 - 23:07:50: [SM] Invalid token ' ' in #format property on line 438.
L 06/10/2016 - 23:07:50: [SM] Invalid token ' ' in #format property on line 438.
L 06/10/2016 - 23:07:50: [SM] Unable to load plugin "rockthevote.smx": Could not find required plugin "mapchooser"
L 06/10/2016 - 23:07:56: [nextmap.smx] FATAL: Cannot load map cycle. Nextmap not loaded.
L 06/10/2016 - 23:07:57: [SM] Plugin encountered error 25: Call was aborted
L 06/10/2016 - 23:07:57: [SM] Native "SetFailState" reported: Mapcycle Not Found
L 06/10/2016 - 23:07:57: [SM] Displaying call stack trace for plugin "nextmap.smx":
L 06/10/2016 - 23:07:57: [SM]   [0]  Line 139, D:\builds\build-sourcemod-msvc12\windows-1.7\build\plugins\nextmap.sp::FindAndSetNextMap()
L 06/10/2016 - 23:07:57: [SM]   [1]  Line 109, D:\builds\build-sourcemod-msvc12\windows-1.7\build\plugins\nextmap.sp::OnConfigsExecuted()
L 06/10/2016 - 23:13:54: [freak_fortress_2.smx] [FF2 Bosses] Character spyper is missing file 'sound/vo/taunts/spy_taunt_rps_lose_11.mp3' in section 'sound_stabbed'!
L 06/10/2016 - 23:43:33: Error log file session closed.
L 06/10/2016 - 23:43:33: SourceMod error session started
L 06/10/2016 - 23:43:33: Info (map "vsh_manncohq_v14") (file "errors_20160610.log")
L 06/10/2016 - 23:43:33: [SM] Warning(s) encountered in translation file "freak_fortress_2.phrases.txt"
L 06/10/2016 - 23:43:33: [SM] Invalid token ' ' in #format property on line 71.
L 06/10/2016 - 23:43:33: [SM] Invalid token ' ' in #format property on line 424.
L 06/10/2016 - 23:43:33: [SM] Invalid token ' ' in #format property on line 429.
L 06/10/2016 - 23:43:33: [SM] Invalid token ' ' in #format property on line 429.
L 06/10/2016 - 23:43:33: [SM] Invalid token ' ' in #format property on line 438.
L 06/10/2016 - 23:43:33: [SM] Invalid token ' ' in #format property on line 438.
L 06/10/2016 - 23:43:33: [SM] Invalid token ' ' in #format property on line 438.
L 06/10/2016 - 23:43:33: [SM] Unable to load plugin "rockthevote.smx": Could not find required plugin "mapchooser"
L 06/10/2016 - 23:43:38: [nextmap.smx] FATAL: Cannot load map cycle. Nextmap not loaded.
L 06/10/2016 - 23:43:38: [SM] Plugin encountered error 25: Call was aborted
L 06/10/2016 - 23:43:38: [SM] Native "SetFailState" reported: Mapcycle Not Found
L 06/10/2016 - 23:43:38: [SM] Displaying call stack trace for plugin "nextmap.smx":
L 06/10/2016 - 23:43:38: [SM]   [0]  Line 139, D:\builds\build-sourcemod-msvc12\windows-1.7\build\plugins\nextmap.sp::FindAndSetNextMap()
L 06/10/2016 - 23:43:38: [SM]   [1]  Line 109, D:\builds\build-sourcemod-msvc12\windows-1.7\build\plugins\nextmap.sp::OnConfigsExecuted()
L 06/10/2016 - 23:55:08: Error log file session closed.
