L 05/09/2016 - 21:10:50: SourceMod error session started
L 05/09/2016 - 21:10:50: Info (map "vsh_apg_v2") (file "errors_20160509.log")
L 05/09/2016 - 21:10:50: [SM] Warning(s) encountered in translation file "freak_fortress_2.phrases.txt"
L 05/09/2016 - 21:10:50: [SM] Invalid token ' ' in #format property on line 71.
L 05/09/2016 - 21:10:50: [SM] Invalid token ' ' in #format property on line 230.
L 05/09/2016 - 21:10:50: [SM] Invalid token '[' in #format property on line 230.
L 05/09/2016 - 21:10:50: [SM] Invalid token '3' in #format property on line 230.
L 05/09/2016 - 21:10:50: [SM] Invalid token ':' in #format property on line 230.
L 05/09/2016 - 21:10:50: [SM] Invalid token ']' in #format property on line 230.
L 05/09/2016 - 21:10:50: [SM] Invalid token ' ' in #format property on line 235.
L 05/09/2016 - 21:10:50: [SM] Invalid token ' ' in #format property on line 424.
L 05/09/2016 - 21:10:50: [SM] Invalid token ' ' in #format property on line 429.
L 05/09/2016 - 21:10:50: [SM] Invalid token ' ' in #format property on line 429.
L 05/09/2016 - 21:10:50: [SM] Invalid token ' ' in #format property on line 438.
L 05/09/2016 - 21:10:50: [SM] Invalid token ' ' in #format property on line 438.
L 05/09/2016 - 21:10:50: [SM] Invalid token ' ' in #format property on line 438.
L 05/09/2016 - 21:15:41: SourceMod error session started
L 05/09/2016 - 21:15:41: Info (map "vsh_apg_v2") (file "errors_20160509.log")
L 05/09/2016 - 21:15:41: [SM] Warning(s) encountered in translation file "freak_fortress_2.phrases.txt"
L 05/09/2016 - 21:15:41: [SM] Invalid token ' ' in #format property on line 71.
L 05/09/2016 - 21:15:41: [SM] Invalid token ' ' in #format property on line 230.
L 05/09/2016 - 21:15:41: [SM] Invalid token '[' in #format property on line 230.
L 05/09/2016 - 21:15:41: [SM] Invalid token '3' in #format property on line 230.
L 05/09/2016 - 21:15:41: [SM] Invalid token ':' in #format property on line 230.
L 05/09/2016 - 21:15:41: [SM] Invalid token ']' in #format property on line 230.
L 05/09/2016 - 21:15:41: [SM] Invalid token ' ' in #format property on line 235.
L 05/09/2016 - 21:15:41: [SM] Invalid token ' ' in #format property on line 424.
L 05/09/2016 - 21:15:41: [SM] Invalid token ' ' in #format property on line 429.
L 05/09/2016 - 21:15:41: [SM] Invalid token ' ' in #format property on line 429.
L 05/09/2016 - 21:15:41: [SM] Invalid token ' ' in #format property on line 438.
L 05/09/2016 - 21:15:41: [SM] Invalid token ' ' in #format property on line 438.
L 05/09/2016 - 21:15:41: [SM] Invalid token ' ' in #format property on line 438.
L 05/09/2016 - 21:20:23: [SM] Native "KillTimer" reported: Invalid timer handle 2470142 (error 1)
L 05/09/2016 - 21:20:23: [SM] Displaying call stack trace for plugin "freak_fortress_2.smx":
L 05/09/2016 - 21:20:23: [SM]   [0]  Line 3231, C:\ff2_ver2\steamapps\common\Team Fortress 2 Dedicated Server\tf\addons\sourcemod\scripting\freak_fortress_2.sp::StopMusic()
L 05/09/2016 - 21:20:23: [SM]   [1]  Line 2768, C:\ff2_ver2\steamapps\common\Team Fortress 2 Dedicated Server\tf\addons\sourcemod\scripting\freak_fortress_2.sp::OnRoundEnd()
L 05/09/2016 - 21:27:28: [SM] Native "KillTimer" reported: Invalid timer handle 783012a (error 1)
L 05/09/2016 - 21:27:28: [SM] Displaying call stack trace for plugin "freak_fortress_2.smx":
L 05/09/2016 - 21:27:28: [SM]   [0]  Line 3231, C:\ff2_ver2\steamapps\common\Team Fortress 2 Dedicated Server\tf\addons\sourcemod\scripting\freak_fortress_2.sp::StopMusic()
L 05/09/2016 - 21:27:29: [SM]   [1]  Line 2768, C:\ff2_ver2\steamapps\common\Team Fortress 2 Dedicated Server\tf\addons\sourcemod\scripting\freak_fortress_2.sp::OnRoundEnd()
L 05/09/2016 - 22:29:49: SourceMod error session started
L 05/09/2016 - 22:29:49: Info (map "vsh_apg_v2") (file "errors_20160509.log")
L 05/09/2016 - 22:29:49: [SM] Warning(s) encountered in translation file "freak_fortress_2.phrases.txt"
L 05/09/2016 - 22:29:49: [SM] Invalid token ' ' in #format property on line 71.
L 05/09/2016 - 22:29:49: [SM] Invalid token ' ' in #format property on line 230.
L 05/09/2016 - 22:29:49: [SM] Invalid token '[' in #format property on line 230.
L 05/09/2016 - 22:29:49: [SM] Invalid token '3' in #format property on line 230.
L 05/09/2016 - 22:29:49: [SM] Invalid token ':' in #format property on line 230.
L 05/09/2016 - 22:29:49: [SM] Invalid token ']' in #format property on line 230.
L 05/09/2016 - 22:29:49: [SM] Invalid token ' ' in #format property on line 235.
L 05/09/2016 - 22:29:49: [SM] Invalid token ' ' in #format property on line 424.
L 05/09/2016 - 22:29:49: [SM] Invalid token ' ' in #format property on line 429.
L 05/09/2016 - 22:29:49: [SM] Invalid token ' ' in #format property on line 429.
L 05/09/2016 - 22:29:49: [SM] Invalid token ' ' in #format property on line 438.
L 05/09/2016 - 22:29:49: [SM] Invalid token ' ' in #format property on line 438.
L 05/09/2016 - 22:29:49: [SM] Invalid token ' ' in #format property on line 438.
L 05/09/2016 - 23:02:04: Error log file session closed.
