L 05/11/2016 - 20:47:32: SourceMod error session started
L 05/11/2016 - 20:47:32: Info (map "vsh_apg_v2") (file "errors_20160511.log")
L 05/11/2016 - 20:47:32: [SM] Warning(s) encountered in translation file "freak_fortress_2.phrases.txt"
L 05/11/2016 - 20:47:32: [SM] Invalid token ' ' in #format property on line 71.
L 05/11/2016 - 20:47:32: [SM] Invalid token ' ' in #format property on line 230.
L 05/11/2016 - 20:47:32: [SM] Invalid token '[' in #format property on line 230.
L 05/11/2016 - 20:47:32: [SM] Invalid token '3' in #format property on line 230.
L 05/11/2016 - 20:47:32: [SM] Invalid token ':' in #format property on line 230.
L 05/11/2016 - 20:47:32: [SM] Invalid token ']' in #format property on line 230.
L 05/11/2016 - 20:47:32: [SM] Invalid token ' ' in #format property on line 235.
L 05/11/2016 - 20:47:32: [SM] Invalid token ' ' in #format property on line 424.
L 05/11/2016 - 20:47:32: [SM] Invalid token ' ' in #format property on line 429.
L 05/11/2016 - 20:47:32: [SM] Invalid token ' ' in #format property on line 429.
L 05/11/2016 - 20:47:32: [SM] Invalid token ' ' in #format property on line 438.
L 05/11/2016 - 20:47:32: [SM] Invalid token ' ' in #format property on line 438.
L 05/11/2016 - 20:47:32: [SM] Invalid token ' ' in #format property on line 438.
L 05/11/2016 - 21:19:39: [freaks\ff2_1st_set_abilities.ff2] [FF2] Cannot give ammo to weapon tf_weapon_bottle (boss )-check your config!
L 05/11/2016 - 21:19:39: [freaks\ff2_1st_set_abilities.ff2] [FF2] Cannot give ammo to weapon tf_weapon_bottle (boss )-check your config!
L 05/11/2016 - 21:19:39: [freaks\ff2_1st_set_abilities.ff2] [FF2] Cannot give ammo to weapon tf_weapon_bottle (boss )-check your config!
L 05/11/2016 - 21:20:33: Error log file session closed.
