L 04/21/2016 - 19:48:39: SourceMod error session started
L 04/21/2016 - 19:48:39: Info (map "arena_badlands") (file "errors_20160421.log")
L 04/21/2016 - 19:48:39: [SM] Warning(s) encountered in translation file "freak_fortress_2.phrases.txt"
L 04/21/2016 - 19:48:39: [SM] Invalid token ' ' in #format property on line 71.
L 04/21/2016 - 19:48:39: [SM] Invalid token ' ' in #format property on line 225.
L 04/21/2016 - 19:48:39: [SM] Invalid token '[' in #format property on line 225.
L 04/21/2016 - 19:48:39: [SM] Invalid token '3' in #format property on line 225.
L 04/21/2016 - 19:48:39: [SM] Invalid token ':' in #format property on line 225.
L 04/21/2016 - 19:48:39: [SM] Invalid token ']' in #format property on line 225.
L 04/21/2016 - 19:48:39: [SM] Invalid token ' ' in #format property on line 230.
L 04/21/2016 - 19:48:39: [SM] Invalid token ' ' in #format property on line 419.
L 04/21/2016 - 19:48:39: [SM] Invalid token ' ' in #format property on line 424.
L 04/21/2016 - 19:48:39: [SM] Invalid token ' ' in #format property on line 424.
L 04/21/2016 - 19:48:39: [SM] Invalid token ' ' in #format property on line 433.
L 04/21/2016 - 19:48:39: [SM] Invalid token ' ' in #format property on line 433.
L 04/21/2016 - 19:48:39: [SM] Invalid token ' ' in #format property on line 433.
L 04/21/2016 - 19:48:54: [freak_fortress_2.smx] [FF2 Bosses] Character danmedic is missing file 'sound/freak_fortress_2/s93dm/dm_playerdeath.mp3'!
L 04/21/2016 - 19:51:00: [SM] Native "TF2Items_GetNumAttributes" reported: Invalid TF2ItemType handle 0 (error 4)
L 04/21/2016 - 19:51:00: [SM] Displaying call stack trace for plugin "freak_fortress_2.smx":
L 04/21/2016 - 19:51:00: [SM]   [0]  Line 3664, C:\ff2_ver2\steamapps\common\Team Fortress 2 Dedicated Server\tf\addons\sourcemod\scripting\freak_fortress_2.sp::TF2Items_OnGiveNamedItem()
L 04/21/2016 - 19:51:00: [SM] Native "TF2Items_GetNumAttributes" reported: Invalid TF2ItemType handle 0 (error 4)
L 04/21/2016 - 19:51:00: [SM] Displaying call stack trace for plugin "freak_fortress_2.smx":
L 04/21/2016 - 19:51:00: [SM]   [0]  Line 3664, C:\ff2_ver2\steamapps\common\Team Fortress 2 Dedicated Server\tf\addons\sourcemod\scripting\freak_fortress_2.sp::TF2Items_OnGiveNamedItem()
L 04/21/2016 - 19:51:00: [SM] Native "TF2Items_GetNumAttributes" reported: Invalid TF2ItemType handle 0 (error 4)
L 04/21/2016 - 19:51:00: [SM] Displaying call stack trace for plugin "freak_fortress_2.smx":
L 04/21/2016 - 19:51:00: [SM]   [0]  Line 3664, C:\ff2_ver2\steamapps\common\Team Fortress 2 Dedicated Server\tf\addons\sourcemod\scripting\freak_fortress_2.sp::TF2Items_OnGiveNamedItem()
L 04/21/2016 - 19:51:00: [SM] Native "TF2Items_GetNumAttributes" reported: Invalid TF2ItemType handle 0 (error 4)
L 04/21/2016 - 19:51:00: [SM] Displaying call stack trace for plugin "freak_fortress_2.smx":
L 04/21/2016 - 19:51:00: [SM]   [0]  Line 3664, C:\ff2_ver2\steamapps\common\Team Fortress 2 Dedicated Server\tf\addons\sourcemod\scripting\freak_fortress_2.sp::TF2Items_OnGiveNamedItem()
L 04/21/2016 - 19:51:00: [SM] Native "TF2Items_GetNumAttributes" reported: Invalid TF2ItemType handle 0 (error 4)
L 04/21/2016 - 19:51:00: [SM] Displaying call stack trace for plugin "freak_fortress_2.smx":
L 04/21/2016 - 19:51:00: [SM]   [0]  Line 3664, C:\ff2_ver2\steamapps\common\Team Fortress 2 Dedicated Server\tf\addons\sourcemod\scripting\freak_fortress_2.sp::TF2Items_OnGiveNamedItem()
L 04/21/2016 - 19:51:00: [SM] Native "TF2Items_GetNumAttributes" reported: Invalid TF2ItemType handle 0 (error 4)
L 04/21/2016 - 19:51:00: [SM] Displaying call stack trace for plugin "freak_fortress_2.smx":
L 04/21/2016 - 19:51:00: [SM]   [0]  Line 3664, C:\ff2_ver2\steamapps\common\Team Fortress 2 Dedicated Server\tf\addons\sourcemod\scripting\freak_fortress_2.sp::TF2Items_OnGiveNamedItem()
L 04/21/2016 - 19:51:00: [SM] Native "TF2Items_GetNumAttributes" reported: Invalid TF2ItemType handle 0 (error 4)
L 04/21/2016 - 19:51:00: [SM] Displaying call stack trace for plugin "freak_fortress_2.smx":
L 04/21/2016 - 19:51:00: [SM]   [0]  Line 3664, C:\ff2_ver2\steamapps\common\Team Fortress 2 Dedicated Server\tf\addons\sourcemod\scripting\freak_fortress_2.sp::TF2Items_OnGiveNamedItem()
L 04/21/2016 - 19:51:00: [SM] Native "TF2Items_GetNumAttributes" reported: Invalid TF2ItemType handle 0 (error 4)
L 04/21/2016 - 19:51:00: [SM] Displaying call stack trace for plugin "freak_fortress_2.smx":
L 04/21/2016 - 19:51:00: [SM]   [0]  Line 3664, C:\ff2_ver2\steamapps\common\Team Fortress 2 Dedicated Server\tf\addons\sourcemod\scripting\freak_fortress_2.sp::TF2Items_OnGiveNamedItem()
L 04/21/2016 - 19:51:00: [SM] Native "TF2Items_GetNumAttributes" reported: Invalid TF2ItemType handle 0 (error 4)
L 04/21/2016 - 19:51:00: [SM] Displaying call stack trace for plugin "freak_fortress_2.smx":
L 04/21/2016 - 19:51:00: [SM]   [0]  Line 3664, C:\ff2_ver2\steamapps\common\Team Fortress 2 Dedicated Server\tf\addons\sourcemod\scripting\freak_fortress_2.sp::TF2Items_OnGiveNamedItem()
L 04/21/2016 - 19:51:00: [SM] Native "TF2Items_GetNumAttributes" reported: Invalid TF2ItemType handle 0 (error 4)
L 04/21/2016 - 19:51:00: [SM] Displaying call stack trace for plugin "freak_fortress_2.smx":
L 04/21/2016 - 19:51:00: [SM]   [0]  Line 3664, C:\ff2_ver2\steamapps\common\Team Fortress 2 Dedicated Server\tf\addons\sourcemod\scripting\freak_fortress_2.sp::TF2Items_OnGiveNamedItem()
L 04/21/2016 - 19:51:00: [SM] Native "TF2Items_GetNumAttributes" reported: Invalid TF2ItemType handle 0 (error 4)
L 04/21/2016 - 19:51:00: [SM] Displaying call stack trace for plugin "freak_fortress_2.smx":
L 04/21/2016 - 19:51:00: [SM]   [0]  Line 3664, C:\ff2_ver2\steamapps\common\Team Fortress 2 Dedicated Server\tf\addons\sourcemod\scripting\freak_fortress_2.sp::TF2Items_OnGiveNamedItem()
L 04/21/2016 - 19:51:00: [SM] Native "TF2Items_GetNumAttributes" reported: Invalid TF2ItemType handle 0 (error 4)
L 04/21/2016 - 19:51:00: [SM] Displaying call stack trace for plugin "freak_fortress_2.smx":
L 04/21/2016 - 19:51:00: [SM]   [0]  Line 3664, C:\ff2_ver2\steamapps\common\Team Fortress 2 Dedicated Server\tf\addons\sourcemod\scripting\freak_fortress_2.sp::TF2Items_OnGiveNamedItem()
L 04/21/2016 - 19:51:00: [SM] Native "TF2Items_GetNumAttributes" reported: Invalid TF2ItemType handle 0 (error 4)
L 04/21/2016 - 19:51:00: [SM] Displaying call stack trace for plugin "freak_fortress_2.smx":
L 04/21/2016 - 19:51:00: [SM]   [0]  Line 3664, C:\ff2_ver2\steamapps\common\Team Fortress 2 Dedicated Server\tf\addons\sourcemod\scripting\freak_fortress_2.sp::TF2Items_OnGiveNamedItem()
L 04/21/2016 - 19:51:00: [SM] Native "TF2Items_GetNumAttributes" reported: Invalid TF2ItemType handle 0 (error 4)
L 04/21/2016 - 19:51:00: [SM] Displaying call stack trace for plugin "freak_fortress_2.smx":
L 04/21/2016 - 19:51:01: [SM]   [0]  Line 3664, C:\ff2_ver2\steamapps\common\Team Fortress 2 Dedicated Server\tf\addons\sourcemod\scripting\freak_fortress_2.sp::TF2Items_OnGiveNamedItem()
L 04/21/2016 - 19:51:01: [SM] Native "TF2Items_GetNumAttributes" reported: Invalid TF2ItemType handle 0 (error 4)
L 04/21/2016 - 19:51:01: [SM] Displaying call stack trace for plugin "freak_fortress_2.smx":
L 04/21/2016 - 19:51:01: [SM]   [0]  Line 3664, C:\ff2_ver2\steamapps\common\Team Fortress 2 Dedicated Server\tf\addons\sourcemod\scripting\freak_fortress_2.sp::TF2Items_OnGiveNamedItem()
L 04/21/2016 - 19:51:01: [SM] Native "TF2Items_GetNumAttributes" reported: Invalid TF2ItemType handle 0 (error 4)
L 04/21/2016 - 19:51:01: [SM] Displaying call stack trace for plugin "freak_fortress_2.smx":
L 04/21/2016 - 19:51:01: [SM]   [0]  Line 3664, C:\ff2_ver2\steamapps\common\Team Fortress 2 Dedicated Server\tf\addons\sourcemod\scripting\freak_fortress_2.sp::TF2Items_OnGiveNamedItem()
L 04/21/2016 - 19:51:02: [SM] Native "TF2Items_GetNumAttributes" reported: Invalid TF2ItemType handle 0 (error 4)
L 04/21/2016 - 19:51:02: [SM] Displaying call stack trace for plugin "freak_fortress_2.smx":
L 04/21/2016 - 19:51:02: [SM]   [0]  Line 3664, C:\ff2_ver2\steamapps\common\Team Fortress 2 Dedicated Server\tf\addons\sourcemod\scripting\freak_fortress_2.sp::TF2Items_OnGiveNamedItem()
L 04/21/2016 - 19:51:02: [SM] Native "TF2Items_GetNumAttributes" reported: Invalid TF2ItemType handle 0 (error 4)
L 04/21/2016 - 19:51:02: [SM] Displaying call stack trace for plugin "freak_fortress_2.smx":
L 04/21/2016 - 19:51:02: [SM]   [0]  Line 3664, C:\ff2_ver2\steamapps\common\Team Fortress 2 Dedicated Server\tf\addons\sourcemod\scripting\freak_fortress_2.sp::TF2Items_OnGiveNamedItem()
L 04/21/2016 - 19:51:02: [SM] Native "TF2Items_GetNumAttributes" reported: Invalid TF2ItemType handle 0 (error 4)
L 04/21/2016 - 19:51:02: [SM] Displaying call stack trace for plugin "freak_fortress_2.smx":
L 04/21/2016 - 19:51:02: [SM]   [0]  Line 3664, C:\ff2_ver2\steamapps\common\Team Fortress 2 Dedicated Server\tf\addons\sourcemod\scripting\freak_fortress_2.sp::TF2Items_OnGiveNamedItem()
L 04/21/2016 - 19:51:02: [SM] Native "TF2Items_GetNumAttributes" reported: Invalid TF2ItemType handle 0 (error 4)
L 04/21/2016 - 19:51:02: [SM] Displaying call stack trace for plugin "freak_fortress_2.smx":
L 04/21/2016 - 19:51:02: [SM]   [0]  Line 3664, C:\ff2_ver2\steamapps\common\Team Fortress 2 Dedicated Server\tf\addons\sourcemod\scripting\freak_fortress_2.sp::TF2Items_OnGiveNamedItem()
L 04/21/2016 - 19:51:02: [SM] Native "TF2Items_GetNumAttributes" reported: Invalid TF2ItemType handle 0 (error 4)
L 04/21/2016 - 19:51:02: [SM] Displaying call stack trace for plugin "freak_fortress_2.smx":
L 04/21/2016 - 19:51:02: [SM]   [0]  Line 3664, C:\ff2_ver2\steamapps\common\Team Fortress 2 Dedicated Server\tf\addons\sourcemod\scripting\freak_fortress_2.sp::TF2Items_OnGiveNamedItem()
L 04/21/2016 - 19:51:02: [SM] Native "TF2Items_GetNumAttributes" reported: Invalid TF2ItemType handle 0 (error 4)
L 04/21/2016 - 19:51:02: [SM] Displaying call stack trace for plugin "freak_fortress_2.smx":
L 04/21/2016 - 19:51:02: [SM]   [0]  Line 3664, C:\ff2_ver2\steamapps\common\Team Fortress 2 Dedicated Server\tf\addons\sourcemod\scripting\freak_fortress_2.sp::TF2Items_OnGiveNamedItem()
L 04/21/2016 - 19:53:14: [SM] Native "IsClientInGame" reported: Client index 0 is invalid
L 04/21/2016 - 19:53:14: [SM] Displaying call stack trace for plugin "freaks\ff2_1st_set_abilities.ff2":
L 04/21/2016 - 19:53:14: [SM]   [0]  Line 114, C:\ff2\steamapps\common\Team Fortress 2 Dedicated Server\tf\addons\sourcemod\scripting\ff2_1st_set_abilities.sp::OnRoundEnd()
L 04/21/2016 - 20:09:46: SourceMod error session started
L 04/21/2016 - 20:09:46: Info (map "arena_badlands") (file "errors_20160421.log")
L 04/21/2016 - 20:09:46: [SM] Warning(s) encountered in translation file "freak_fortress_2.phrases.txt"
L 04/21/2016 - 20:09:46: [SM] Invalid token ' ' in #format property on line 71.
L 04/21/2016 - 20:09:46: [SM] Invalid token ' ' in #format property on line 225.
L 04/21/2016 - 20:09:46: [SM] Invalid token '[' in #format property on line 225.
L 04/21/2016 - 20:09:46: [SM] Invalid token '3' in #format property on line 225.
L 04/21/2016 - 20:09:46: [SM] Invalid token ':' in #format property on line 225.
L 04/21/2016 - 20:09:46: [SM] Invalid token ']' in #format property on line 225.
L 04/21/2016 - 20:09:46: [SM] Invalid token ' ' in #format property on line 230.
L 04/21/2016 - 20:09:46: [SM] Invalid token ' ' in #format property on line 419.
L 04/21/2016 - 20:09:46: [SM] Invalid token ' ' in #format property on line 424.
L 04/21/2016 - 20:09:46: [SM] Invalid token ' ' in #format property on line 424.
L 04/21/2016 - 20:09:46: [SM] Invalid token ' ' in #format property on line 433.
L 04/21/2016 - 20:09:46: [SM] Invalid token ' ' in #format property on line 433.
L 04/21/2016 - 20:09:46: [SM] Invalid token ' ' in #format property on line 433.
L 04/21/2016 - 20:09:58: [freak_fortress_2.smx] [FF2 Bosses] Character danmedic is missing file 'sound/freak_fortress_2/s93dm/dm_playerdeath.mp3'!
L 04/21/2016 - 20:10:57: Error log file session closed.
L 04/21/2016 - 20:12:05: [SM] Native "TF2Attrib_ListDefIndices" reported: TF2Attrib_ListDefIndices: Invalid entity index 8 passed
L 04/21/2016 - 20:12:05: [SM] Displaying call stack trace for plugin "Testcoll.smx":
L 04/21/2016 - 20:12:05: [SM]   [0]  Line 36, C:\ff2_ver2\steamapps\common\Team Fortress 2 Dedicated Server\tf\addons\sourcemod\scripting\Testcoll.sp::Command_att()
L 04/21/2016 - 20:14:07: [SM] Native "IsClientInGame" reported: Client index 0 is invalid
L 04/21/2016 - 20:14:07: [SM] Displaying call stack trace for plugin "freaks\ff2_1st_set_abilities.ff2":
L 04/21/2016 - 20:14:07: [SM]   [0]  Line 114, C:\ff2\steamapps\common\Team Fortress 2 Dedicated Server\tf\addons\sourcemod\scripting\ff2_1st_set_abilities.sp::OnRoundEnd()
L 04/21/2016 - 20:15:38: [SM] Native "TF2Attrib_ListDefIndices" reported: TF2Attrib_ListDefIndices: Invalid entity index 8 passed
L 04/21/2016 - 20:15:38: [SM] Displaying call stack trace for plugin "Testcoll.smx":
L 04/21/2016 - 20:15:38: [SM]   [0]  Line 36, C:\ff2_ver2\steamapps\common\Team Fortress 2 Dedicated Server\tf\addons\sourcemod\scripting\Testcoll.sp::Command_att()
L 04/21/2016 - 20:16:42: Error log file session closed.
L 04/21/2016 - 20:16:54: SourceMod error session started
L 04/21/2016 - 20:16:54: Info (map "arena_badlands") (file "errors_20160421.log")
L 04/21/2016 - 20:16:54: [SM] Warning(s) encountered in translation file "freak_fortress_2.phrases.txt"
L 04/21/2016 - 20:16:54: [SM] Invalid token ' ' in #format property on line 71.
L 04/21/2016 - 20:16:54: [SM] Invalid token ' ' in #format property on line 225.
L 04/21/2016 - 20:16:54: [SM] Invalid token '[' in #format property on line 225.
L 04/21/2016 - 20:16:54: [SM] Invalid token '3' in #format property on line 225.
L 04/21/2016 - 20:16:54: [SM] Invalid token ':' in #format property on line 225.
L 04/21/2016 - 20:16:54: [SM] Invalid token ']' in #format property on line 225.
L 04/21/2016 - 20:16:54: [SM] Invalid token ' ' in #format property on line 230.
L 04/21/2016 - 20:16:54: [SM] Invalid token ' ' in #format property on line 419.
L 04/21/2016 - 20:16:54: [SM] Invalid token ' ' in #format property on line 424.
L 04/21/2016 - 20:16:54: [SM] Invalid token ' ' in #format property on line 424.
L 04/21/2016 - 20:16:54: [SM] Invalid token ' ' in #format property on line 433.
L 04/21/2016 - 20:16:54: [SM] Invalid token ' ' in #format property on line 433.
L 04/21/2016 - 20:16:54: [SM] Invalid token ' ' in #format property on line 433.
L 04/21/2016 - 20:17:07: [freak_fortress_2.smx] [FF2 Bosses] Character danmedic is missing file 'sound/freak_fortress_2/s93dm/dm_playerdeath.mp3'!
L 04/21/2016 - 20:19:12: [SM] Native "TF2Attrib_ListDefIndices" reported: TF2Attrib_ListDefIndices: Invalid entity index 416 passed
L 04/21/2016 - 20:19:12: [SM] Displaying call stack trace for plugin "Testcoll.smx":
L 04/21/2016 - 20:19:12: [SM]   [0]  Line 33, C:\ff2_ver2\steamapps\common\Team Fortress 2 Dedicated Server\tf\addons\sourcemod\scripting\Testcoll.sp::Command_att()
L 04/21/2016 - 20:24:06: [SM] Native "TF2Attrib_ListDefIndices" reported: TF2Attrib_ListDefIndices: Invalid entity index -1 passed
L 04/21/2016 - 20:24:06: [SM] Displaying call stack trace for plugin "Testcoll.smx":
L 04/21/2016 - 20:24:06: [SM]   [0]  Line 34, C:\ff2_ver2\steamapps\common\Team Fortress 2 Dedicated Server\tf\addons\sourcemod\scripting\Testcoll.sp::Command_att()
L 04/21/2016 - 20:24:54: [SM] Native "TF2Attrib_ListDefIndices" reported: TF2Attrib_ListDefIndices: Invalid entity index -1 passed
L 04/21/2016 - 20:24:54: [SM] Displaying call stack trace for plugin "Testcoll.smx":
L 04/21/2016 - 20:24:54: [SM]   [0]  Line 34, C:\ff2_ver2\steamapps\common\Team Fortress 2 Dedicated Server\tf\addons\sourcemod\scripting\Testcoll.sp::Command_att()
L 04/21/2016 - 20:25:23: [SM] Native "GetPlayerWeaponSlot" reported: Entity index 0 is not a valid client
L 04/21/2016 - 20:25:23: [SM] Displaying call stack trace for plugin "Testcoll.smx":
L 04/21/2016 - 20:25:23: [SM]   [0]  Line 34, C:\ff2_ver2\steamapps\common\Team Fortress 2 Dedicated Server\tf\addons\sourcemod\scripting\Testcoll.sp::Command_att()
L 04/21/2016 - 20:25:33: [SM] Native "TF2Attrib_ListDefIndices" reported: TF2Attrib_ListDefIndices: Invalid entity index -1 passed
L 04/21/2016 - 20:25:33: [SM] Displaying call stack trace for plugin "Testcoll.smx":
L 04/21/2016 - 20:25:33: [SM]   [0]  Line 34, C:\ff2_ver2\steamapps\common\Team Fortress 2 Dedicated Server\tf\addons\sourcemod\scripting\Testcoll.sp::Command_att()
L 04/21/2016 - 20:26:08: [SM] Native "IsClientInGame" reported: Client index 0 is invalid
L 04/21/2016 - 20:26:08: [SM] Displaying call stack trace for plugin "freaks\ff2_1st_set_abilities.ff2":
L 04/21/2016 - 20:26:08: [SM]   [0]  Line 114, C:\ff2\steamapps\common\Team Fortress 2 Dedicated Server\tf\addons\sourcemod\scripting\ff2_1st_set_abilities.sp::OnRoundEnd()
L 04/21/2016 - 20:26:40: [SM] Native "IsClientInGame" reported: Client index 0 is invalid
L 04/21/2016 - 20:26:40: [SM] Displaying call stack trace for plugin "freaks\ff2_1st_set_abilities.ff2":
L 04/21/2016 - 20:26:40: [SM]   [0]  Line 114, C:\ff2\steamapps\common\Team Fortress 2 Dedicated Server\tf\addons\sourcemod\scripting\ff2_1st_set_abilities.sp::OnRoundEnd()
L 04/21/2016 - 20:27:00: [SM] Native "TF2Attrib_ListDefIndices" reported: TF2Attrib_ListDefIndices: Invalid entity index -1 passed
L 04/21/2016 - 20:27:00: [SM] Displaying call stack trace for plugin "Testcoll.smx":
L 04/21/2016 - 20:27:00: [SM]   [0]  Line 34, C:\ff2_ver2\steamapps\common\Team Fortress 2 Dedicated Server\tf\addons\sourcemod\scripting\Testcoll.sp::Command_att()
L 04/21/2016 - 20:27:11: [SM] Native "TF2Attrib_ListDefIndices" reported: TF2Attrib_ListDefIndices: Invalid entity index -1 passed
L 04/21/2016 - 20:27:11: [SM] Displaying call stack trace for plugin "Testcoll.smx":
L 04/21/2016 - 20:27:11: [SM]   [0]  Line 34, C:\ff2_ver2\steamapps\common\Team Fortress 2 Dedicated Server\tf\addons\sourcemod\scripting\Testcoll.sp::Command_att()
L 04/21/2016 - 20:27:20: [SM] Native "TF2Attrib_ListDefIndices" reported: TF2Attrib_ListDefIndices: Invalid entity index -1 passed
L 04/21/2016 - 20:27:20: [SM] Displaying call stack trace for plugin "Testcoll.smx":
L 04/21/2016 - 20:27:20: [SM]   [0]  Line 34, C:\ff2_ver2\steamapps\common\Team Fortress 2 Dedicated Server\tf\addons\sourcemod\scripting\Testcoll.sp::Command_att()
L 04/21/2016 - 20:27:26: [SM] Native "TF2Attrib_ListDefIndices" reported: TF2Attrib_ListDefIndices: Invalid entity index -1 passed
L 04/21/2016 - 20:27:26: [SM] Displaying call stack trace for plugin "Testcoll.smx":
L 04/21/2016 - 20:27:26: [SM]   [0]  Line 34, C:\ff2_ver2\steamapps\common\Team Fortress 2 Dedicated Server\tf\addons\sourcemod\scripting\Testcoll.sp::Command_att()
L 04/21/2016 - 20:28:04: Error log file session closed.
L 04/21/2016 - 20:28:11: SourceMod error session started
L 04/21/2016 - 20:28:11: Info (map "arena_badlands") (file "errors_20160421.log")
L 04/21/2016 - 20:28:11: [SM] Warning(s) encountered in translation file "freak_fortress_2.phrases.txt"
L 04/21/2016 - 20:28:11: [SM] Invalid token ' ' in #format property on line 71.
L 04/21/2016 - 20:28:11: [SM] Invalid token ' ' in #format property on line 225.
L 04/21/2016 - 20:28:11: [SM] Invalid token '[' in #format property on line 225.
L 04/21/2016 - 20:28:11: [SM] Invalid token '3' in #format property on line 225.
L 04/21/2016 - 20:28:11: [SM] Invalid token ':' in #format property on line 225.
L 04/21/2016 - 20:28:11: [SM] Invalid token ']' in #format property on line 225.
L 04/21/2016 - 20:28:11: [SM] Invalid token ' ' in #format property on line 230.
L 04/21/2016 - 20:28:11: [SM] Invalid token ' ' in #format property on line 419.
L 04/21/2016 - 20:28:11: [SM] Invalid token ' ' in #format property on line 424.
L 04/21/2016 - 20:28:11: [SM] Invalid token ' ' in #format property on line 424.
L 04/21/2016 - 20:28:11: [SM] Invalid token ' ' in #format property on line 433.
L 04/21/2016 - 20:28:11: [SM] Invalid token ' ' in #format property on line 433.
L 04/21/2016 - 20:28:11: [SM] Invalid token ' ' in #format property on line 433.
L 04/21/2016 - 20:28:23: [freak_fortress_2.smx] [FF2 Bosses] Character danmedic is missing file 'sound/freak_fortress_2/s93dm/dm_playerdeath.mp3'!
L 04/21/2016 - 20:30:30: [SM] Native "TF2Attrib_ListDefIndices" reported: TF2Attrib_ListDefIndices: Invalid entity index -1 passed
L 04/21/2016 - 20:30:30: [SM] Displaying call stack trace for plugin "Testcoll.smx":
L 04/21/2016 - 20:30:30: [SM]   [0]  Line 34, C:\ff2_ver2\steamapps\common\Team Fortress 2 Dedicated Server\tf\addons\sourcemod\scripting\Testcoll.sp::Command_att()
L 04/21/2016 - 20:30:52: [SM] Native "TF2Attrib_ListDefIndices" reported: TF2Attrib_ListDefIndices: Invalid entity index -1 passed
L 04/21/2016 - 20:30:52: [SM] Displaying call stack trace for plugin "Testcoll.smx":
L 04/21/2016 - 20:30:52: [SM]   [0]  Line 34, C:\ff2_ver2\steamapps\common\Team Fortress 2 Dedicated Server\tf\addons\sourcemod\scripting\Testcoll.sp::Command_att()
L 04/21/2016 - 20:31:02: [SM] Native "TF2Attrib_ListDefIndices" reported: TF2Attrib_ListDefIndices: Invalid entity index -1 passed
L 04/21/2016 - 20:31:02: [SM] Displaying call stack trace for plugin "Testcoll.smx":
L 04/21/2016 - 20:31:02: [SM]   [0]  Line 34, C:\ff2_ver2\steamapps\common\Team Fortress 2 Dedicated Server\tf\addons\sourcemod\scripting\Testcoll.sp::Command_att()
L 04/21/2016 - 20:34:04: Error log file session closed.
L 04/21/2016 - 20:34:24: SourceMod error session started
L 04/21/2016 - 20:34:24: Info (map "arena_badlands") (file "errors_20160421.log")
L 04/21/2016 - 20:34:24: [SM] Warning(s) encountered in translation file "freak_fortress_2.phrases.txt"
L 04/21/2016 - 20:34:24: [SM] Invalid token ' ' in #format property on line 71.
L 04/21/2016 - 20:34:24: [SM] Invalid token ' ' in #format property on line 225.
L 04/21/2016 - 20:34:24: [SM] Invalid token '[' in #format property on line 225.
L 04/21/2016 - 20:34:24: [SM] Invalid token '3' in #format property on line 225.
L 04/21/2016 - 20:34:24: [SM] Invalid token ':' in #format property on line 225.
L 04/21/2016 - 20:34:24: [SM] Invalid token ']' in #format property on line 225.
L 04/21/2016 - 20:34:24: [SM] Invalid token ' ' in #format property on line 230.
L 04/21/2016 - 20:34:24: [SM] Invalid token ' ' in #format property on line 419.
L 04/21/2016 - 20:34:24: [SM] Invalid token ' ' in #format property on line 424.
L 04/21/2016 - 20:34:24: [SM] Invalid token ' ' in #format property on line 424.
L 04/21/2016 - 20:34:24: [SM] Invalid token ' ' in #format property on line 433.
L 04/21/2016 - 20:34:24: [SM] Invalid token ' ' in #format property on line 433.
L 04/21/2016 - 20:34:24: [SM] Invalid token ' ' in #format property on line 433.
L 04/21/2016 - 20:34:36: [freak_fortress_2.smx] [FF2 Bosses] Character danmedic is missing file 'sound/freak_fortress_2/s93dm/dm_playerdeath.mp3'!
L 04/21/2016 - 20:37:13: [SM] Native "TF2Attrib_ListDefIndices" reported: TF2Attrib_ListDefIndices: Invalid entity index -1 passed
L 04/21/2016 - 20:37:13: [SM] Displaying call stack trace for plugin "Testcoll.smx":
L 04/21/2016 - 20:37:13: [SM]   [0]  Line 34, C:\ff2_ver2\steamapps\common\Team Fortress 2 Dedicated Server\tf\addons\sourcemod\scripting\Testcoll.sp::Command_att()
L 04/21/2016 - 20:37:21: [SM] Native "IsClientInGame" reported: Client index 0 is invalid
L 04/21/2016 - 20:37:21: [SM] Displaying call stack trace for plugin "freaks\ff2_1st_set_abilities.ff2":
L 04/21/2016 - 20:37:21: [SM]   [0]  Line 114, C:\ff2\steamapps\common\Team Fortress 2 Dedicated Server\tf\addons\sourcemod\scripting\ff2_1st_set_abilities.sp::OnRoundEnd()
L 04/21/2016 - 20:40:08: [SM] Native "IsClientInGame" reported: Client index 0 is invalid
L 04/21/2016 - 20:40:08: [SM] Displaying call stack trace for plugin "freaks\ff2_1st_set_abilities.ff2":
L 04/21/2016 - 20:40:08: [SM]   [0]  Line 114, C:\ff2\steamapps\common\Team Fortress 2 Dedicated Server\tf\addons\sourcemod\scripting\ff2_1st_set_abilities.sp::OnRoundEnd()
L 04/21/2016 - 20:43:08: Error log file session closed.
L 04/21/2016 - 20:43:22: SourceMod error session started
L 04/21/2016 - 20:43:22: Info (map "arena_badlands") (file "errors_20160421.log")
L 04/21/2016 - 20:43:22: [SM] Warning(s) encountered in translation file "freak_fortress_2.phrases.txt"
L 04/21/2016 - 20:43:22: [SM] Invalid token ' ' in #format property on line 71.
L 04/21/2016 - 20:43:22: [SM] Invalid token ' ' in #format property on line 225.
L 04/21/2016 - 20:43:22: [SM] Invalid token '[' in #format property on line 225.
L 04/21/2016 - 20:43:22: [SM] Invalid token '3' in #format property on line 225.
L 04/21/2016 - 20:43:22: [SM] Invalid token ':' in #format property on line 225.
L 04/21/2016 - 20:43:22: [SM] Invalid token ']' in #format property on line 225.
L 04/21/2016 - 20:43:22: [SM] Invalid token ' ' in #format property on line 230.
L 04/21/2016 - 20:43:22: [SM] Invalid token ' ' in #format property on line 419.
L 04/21/2016 - 20:43:22: [SM] Invalid token ' ' in #format property on line 424.
L 04/21/2016 - 20:43:22: [SM] Invalid token ' ' in #format property on line 424.
L 04/21/2016 - 20:43:22: [SM] Invalid token ' ' in #format property on line 433.
L 04/21/2016 - 20:43:22: [SM] Invalid token ' ' in #format property on line 433.
L 04/21/2016 - 20:43:22: [SM] Invalid token ' ' in #format property on line 433.
L 04/21/2016 - 20:43:34: [freak_fortress_2.smx] [FF2 Bosses] Character danmedic is missing file 'sound/freak_fortress_2/s93dm/dm_playerdeath.mp3'!
L 04/21/2016 - 20:47:15: [SM] Native "IsClientInGame" reported: Client index 0 is invalid
L 04/21/2016 - 20:47:15: [SM] Displaying call stack trace for plugin "freaks\ff2_1st_set_abilities.ff2":
L 04/21/2016 - 20:47:15: [SM]   [0]  Line 114, C:\ff2\steamapps\common\Team Fortress 2 Dedicated Server\tf\addons\sourcemod\scripting\ff2_1st_set_abilities.sp::OnRoundEnd()
L 04/21/2016 - 20:50:58: [SM] Native "IsClientInGame" reported: Client index 0 is invalid
L 04/21/2016 - 20:50:58: [SM] Displaying call stack trace for plugin "freaks\ff2_1st_set_abilities.ff2":
L 04/21/2016 - 20:50:58: [SM]   [0]  Line 114, C:\ff2\steamapps\common\Team Fortress 2 Dedicated Server\tf\addons\sourcemod\scripting\ff2_1st_set_abilities.sp::OnRoundEnd()
L 04/21/2016 - 20:51:15: Error log file session closed.
L 04/21/2016 - 20:51:27: SourceMod error session started
L 04/21/2016 - 20:51:27: Info (map "arena_badlands") (file "errors_20160421.log")
L 04/21/2016 - 20:51:27: [SM] Warning(s) encountered in translation file "freak_fortress_2.phrases.txt"
L 04/21/2016 - 20:51:27: [SM] Invalid token ' ' in #format property on line 71.
L 04/21/2016 - 20:51:27: [SM] Invalid token ' ' in #format property on line 225.
L 04/21/2016 - 20:51:27: [SM] Invalid token '[' in #format property on line 225.
L 04/21/2016 - 20:51:27: [SM] Invalid token '3' in #format property on line 225.
L 04/21/2016 - 20:51:27: [SM] Invalid token ':' in #format property on line 225.
L 04/21/2016 - 20:51:27: [SM] Invalid token ']' in #format property on line 225.
L 04/21/2016 - 20:51:27: [SM] Invalid token ' ' in #format property on line 230.
L 04/21/2016 - 20:51:27: [SM] Invalid token ' ' in #format property on line 419.
L 04/21/2016 - 20:51:27: [SM] Invalid token ' ' in #format property on line 424.
L 04/21/2016 - 20:51:27: [SM] Invalid token ' ' in #format property on line 424.
L 04/21/2016 - 20:51:27: [SM] Invalid token ' ' in #format property on line 433.
L 04/21/2016 - 20:51:27: [SM] Invalid token ' ' in #format property on line 433.
L 04/21/2016 - 20:51:27: [SM] Invalid token ' ' in #format property on line 433.
L 04/21/2016 - 20:51:40: [freak_fortress_2.smx] [FF2 Bosses] Character danmedic is missing file 'sound/freak_fortress_2/s93dm/dm_playerdeath.mp3'!
L 04/21/2016 - 20:52:11: Error log file session closed.
L 04/21/2016 - 20:52:25: SourceMod error session started
L 04/21/2016 - 20:52:25: Info (map "vsh_apg_v2") (file "errors_20160421.log")
L 04/21/2016 - 20:52:25: [SM] Warning(s) encountered in translation file "freak_fortress_2.phrases.txt"
L 04/21/2016 - 20:52:25: [SM] Invalid token ' ' in #format property on line 71.
L 04/21/2016 - 20:52:25: [SM] Invalid token ' ' in #format property on line 225.
L 04/21/2016 - 20:52:25: [SM] Invalid token '[' in #format property on line 225.
L 04/21/2016 - 20:52:25: [SM] Invalid token '3' in #format property on line 225.
L 04/21/2016 - 20:52:25: [SM] Invalid token ':' in #format property on line 225.
L 04/21/2016 - 20:52:25: [SM] Invalid token ']' in #format property on line 225.
L 04/21/2016 - 20:52:25: [SM] Invalid token ' ' in #format property on line 230.
L 04/21/2016 - 20:52:25: [SM] Invalid token ' ' in #format property on line 419.
L 04/21/2016 - 20:52:25: [SM] Invalid token ' ' in #format property on line 424.
L 04/21/2016 - 20:52:25: [SM] Invalid token ' ' in #format property on line 424.
L 04/21/2016 - 20:52:25: [SM] Invalid token ' ' in #format property on line 433.
L 04/21/2016 - 20:52:25: [SM] Invalid token ' ' in #format property on line 433.
L 04/21/2016 - 20:52:25: [SM] Invalid token ' ' in #format property on line 433.
L 04/21/2016 - 20:52:37: [freak_fortress_2.smx] [FF2 Bosses] Character danmedic is missing file 'sound/freak_fortress_2/s93dm/dm_playerdeath.mp3'!
L 04/21/2016 - 20:52:48: Error log file session closed.
L 04/21/2016 - 20:52:48: SourceMod error session started
L 04/21/2016 - 20:52:48: Info (map "vsh_apg_v2") (file "errors_20160421.log")
L 04/21/2016 - 20:52:48: [SM] Warning(s) encountered in translation file "freak_fortress_2.phrases.txt"
L 04/21/2016 - 20:52:48: [SM] Invalid token ' ' in #format property on line 71.
L 04/21/2016 - 20:52:48: [SM] Invalid token ' ' in #format property on line 225.
L 04/21/2016 - 20:52:48: [SM] Invalid token '[' in #format property on line 225.
L 04/21/2016 - 20:52:48: [SM] Invalid token '3' in #format property on line 225.
L 04/21/2016 - 20:52:48: [SM] Invalid token ':' in #format property on line 225.
L 04/21/2016 - 20:52:48: [SM] Invalid token ']' in #format property on line 225.
L 04/21/2016 - 20:52:48: [SM] Invalid token ' ' in #format property on line 230.
L 04/21/2016 - 20:52:48: [SM] Invalid token ' ' in #format property on line 419.
L 04/21/2016 - 20:52:48: [SM] Invalid token ' ' in #format property on line 424.
L 04/21/2016 - 20:52:48: [SM] Invalid token ' ' in #format property on line 424.
L 04/21/2016 - 20:52:48: [SM] Invalid token ' ' in #format property on line 433.
L 04/21/2016 - 20:52:48: [SM] Invalid token ' ' in #format property on line 433.
L 04/21/2016 - 20:52:48: [SM] Invalid token ' ' in #format property on line 433.
L 04/21/2016 - 20:52:53: [freak_fortress_2.smx] [FF2 Bosses] Character danmedic is missing file 'sound/freak_fortress_2/s93dm/dm_playerdeath.mp3'!
L 04/21/2016 - 20:56:50: [SM] Native "IsClientInGame" reported: Client index 0 is invalid
L 04/21/2016 - 20:56:50: [SM] Displaying call stack trace for plugin "freaks\ff2_1st_set_abilities.ff2":
L 04/21/2016 - 20:56:50: [SM]   [0]  Line 114, C:\ff2\steamapps\common\Team Fortress 2 Dedicated Server\tf\addons\sourcemod\scripting\ff2_1st_set_abilities.sp::OnRoundEnd()
L 04/21/2016 - 20:57:15: [SM] Native "IsClientInGame" reported: Client index 0 is invalid
L 04/21/2016 - 20:57:15: [SM] Displaying call stack trace for plugin "freaks\ff2_1st_set_abilities.ff2":
L 04/21/2016 - 20:57:15: [SM]   [0]  Line 114, C:\ff2\steamapps\common\Team Fortress 2 Dedicated Server\tf\addons\sourcemod\scripting\ff2_1st_set_abilities.sp::OnRoundEnd()
L 04/21/2016 - 21:00:22: [SM] Native "IsClientInGame" reported: Client index 0 is invalid
L 04/21/2016 - 21:00:22: [SM] Displaying call stack trace for plugin "freaks\ff2_1st_set_abilities.ff2":
L 04/21/2016 - 21:00:22: [SM]   [0]  Line 114, C:\ff2\steamapps\common\Team Fortress 2 Dedicated Server\tf\addons\sourcemod\scripting\ff2_1st_set_abilities.sp::OnRoundEnd()
L 04/21/2016 - 21:03:37: [SM] Native "IsClientInGame" reported: Client index 0 is invalid
L 04/21/2016 - 21:03:37: [SM] Displaying call stack trace for plugin "freaks\ff2_1st_set_abilities.ff2":
L 04/21/2016 - 21:03:37: [SM]   [0]  Line 114, C:\ff2\steamapps\common\Team Fortress 2 Dedicated Server\tf\addons\sourcemod\scripting\ff2_1st_set_abilities.sp::OnRoundEnd()
L 04/21/2016 - 21:04:39: [SM] Native "IsClientInGame" reported: Client index 0 is invalid
L 04/21/2016 - 21:04:39: [SM] Displaying call stack trace for plugin "freaks\ff2_1st_set_abilities.ff2":
L 04/21/2016 - 21:04:39: [SM]   [0]  Line 114, C:\ff2\steamapps\common\Team Fortress 2 Dedicated Server\tf\addons\sourcemod\scripting\ff2_1st_set_abilities.sp::OnRoundEnd()
L 04/21/2016 - 21:07:51: [SM] Native "IsClientInGame" reported: Client index 0 is invalid
L 04/21/2016 - 21:07:51: [SM] Displaying call stack trace for plugin "freaks\ff2_1st_set_abilities.ff2":
L 04/21/2016 - 21:07:51: [SM]   [0]  Line 114, C:\ff2\steamapps\common\Team Fortress 2 Dedicated Server\tf\addons\sourcemod\scripting\ff2_1st_set_abilities.sp::OnRoundEnd()
L 04/21/2016 - 21:08:01: Error log file session closed.
L 04/21/2016 - 21:08:13: SourceMod error session started
L 04/21/2016 - 21:08:13: Info (map "vsh_apg_v2") (file "errors_20160421.log")
L 04/21/2016 - 21:08:13: [SM] Warning(s) encountered in translation file "freak_fortress_2.phrases.txt"
L 04/21/2016 - 21:08:13: [SM] Invalid token ' ' in #format property on line 71.
L 04/21/2016 - 21:08:13: [SM] Invalid token ' ' in #format property on line 225.
L 04/21/2016 - 21:08:13: [SM] Invalid token '[' in #format property on line 225.
L 04/21/2016 - 21:08:13: [SM] Invalid token '3' in #format property on line 225.
L 04/21/2016 - 21:08:13: [SM] Invalid token ':' in #format property on line 225.
L 04/21/2016 - 21:08:13: [SM] Invalid token ']' in #format property on line 225.
L 04/21/2016 - 21:08:13: [SM] Invalid token ' ' in #format property on line 230.
L 04/21/2016 - 21:08:13: [SM] Invalid token ' ' in #format property on line 419.
L 04/21/2016 - 21:08:13: [SM] Invalid token ' ' in #format property on line 424.
L 04/21/2016 - 21:08:13: [SM] Invalid token ' ' in #format property on line 424.
L 04/21/2016 - 21:08:13: [SM] Invalid token ' ' in #format property on line 433.
L 04/21/2016 - 21:08:13: [SM] Invalid token ' ' in #format property on line 433.
L 04/21/2016 - 21:08:13: [SM] Invalid token ' ' in #format property on line 433.
L 04/21/2016 - 21:08:25: [freak_fortress_2.smx] [FF2 Bosses] Character danmedic is missing file 'sound/freak_fortress_2/s93dm/dm_playerdeath.mp3'!
L 04/21/2016 - 21:12:41: [SM] Native "IsClientInGame" reported: Client index 0 is invalid
L 04/21/2016 - 21:12:41: [SM] Displaying call stack trace for plugin "freaks\ff2_1st_set_abilities.ff2":
L 04/21/2016 - 21:12:41: [SM]   [0]  Line 114, C:\ff2\steamapps\common\Team Fortress 2 Dedicated Server\tf\addons\sourcemod\scripting\ff2_1st_set_abilities.sp::OnRoundEnd()
L 04/21/2016 - 21:13:59: [SM] Native "IsClientInGame" reported: Client index 0 is invalid
L 04/21/2016 - 21:13:59: [SM] Displaying call stack trace for plugin "freaks\ff2_1st_set_abilities.ff2":
L 04/21/2016 - 21:13:59: [SM]   [0]  Line 114, C:\ff2\steamapps\common\Team Fortress 2 Dedicated Server\tf\addons\sourcemod\scripting\ff2_1st_set_abilities.sp::OnRoundEnd()
L 04/21/2016 - 21:17:31: [SM] Native "IsClientInGame" reported: Client index 0 is invalid
L 04/21/2016 - 21:17:31: [SM] Displaying call stack trace for plugin "freaks\ff2_1st_set_abilities.ff2":
L 04/21/2016 - 21:17:31: [SM]   [0]  Line 114, C:\ff2\steamapps\common\Team Fortress 2 Dedicated Server\tf\addons\sourcemod\scripting\ff2_1st_set_abilities.sp::OnRoundEnd()
L 04/21/2016 - 21:21:27: [SM] Native "IsClientInGame" reported: Client index 0 is invalid
L 04/21/2016 - 21:21:27: [SM] Displaying call stack trace for plugin "freaks\ff2_1st_set_abilities.ff2":
L 04/21/2016 - 21:21:27: [SM]   [0]  Line 114, C:\ff2\steamapps\common\Team Fortress 2 Dedicated Server\tf\addons\sourcemod\scripting\ff2_1st_set_abilities.sp::OnRoundEnd()
L 04/21/2016 - 21:21:59: [SM] Native "IsClientInGame" reported: Client index 0 is invalid
L 04/21/2016 - 21:21:59: [SM] Displaying call stack trace for plugin "freaks\ff2_1st_set_abilities.ff2":
L 04/21/2016 - 21:21:59: [SM]   [0]  Line 114, C:\ff2\steamapps\common\Team Fortress 2 Dedicated Server\tf\addons\sourcemod\scripting\ff2_1st_set_abilities.sp::OnRoundEnd()
L 04/21/2016 - 21:27:04: [SM] Native "IsClientInGame" reported: Client index 0 is invalid
L 04/21/2016 - 21:27:04: [SM] Displaying call stack trace for plugin "freaks\ff2_1st_set_abilities.ff2":
L 04/21/2016 - 21:27:04: [SM]   [0]  Line 114, C:\ff2\steamapps\common\Team Fortress 2 Dedicated Server\tf\addons\sourcemod\scripting\ff2_1st_set_abilities.sp::OnRoundEnd()
L 04/21/2016 - 21:28:15: [SM] Native "IsClientInGame" reported: Client index 0 is invalid
L 04/21/2016 - 21:28:15: [SM] Displaying call stack trace for plugin "freaks\ff2_1st_set_abilities.ff2":
L 04/21/2016 - 21:28:15: [SM]   [0]  Line 114, C:\ff2\steamapps\common\Team Fortress 2 Dedicated Server\tf\addons\sourcemod\scripting\ff2_1st_set_abilities.sp::OnRoundEnd()
L 04/21/2016 - 21:32:36: [SM] Native "IsClientInGame" reported: Client index 0 is invalid
L 04/21/2016 - 21:32:36: [SM] Displaying call stack trace for plugin "freaks\ff2_1st_set_abilities.ff2":
L 04/21/2016 - 21:32:36: [SM]   [0]  Line 114, C:\ff2\steamapps\common\Team Fortress 2 Dedicated Server\tf\addons\sourcemod\scripting\ff2_1st_set_abilities.sp::OnRoundEnd()
L 04/21/2016 - 21:32:41: [SM] Native "TF2Attrib_ListDefIndices" reported: TF2Attrib_ListDefIndices: Invalid entity index -1 passed
L 04/21/2016 - 21:32:41: [SM] Displaying call stack trace for plugin "Testcoll.smx":
L 04/21/2016 - 21:32:41: [SM]   [0]  Line 34, C:\ff2_ver2\steamapps\common\Team Fortress 2 Dedicated Server\tf\addons\sourcemod\scripting\Testcoll.sp::Command_att()
L 04/21/2016 - 21:32:43: [SM] Native "TF2Attrib_ListDefIndices" reported: TF2Attrib_ListDefIndices: Invalid entity index -1 passed
L 04/21/2016 - 21:32:43: [SM] Displaying call stack trace for plugin "Testcoll.smx":
L 04/21/2016 - 21:32:43: [SM]   [0]  Line 34, C:\ff2_ver2\steamapps\common\Team Fortress 2 Dedicated Server\tf\addons\sourcemod\scripting\Testcoll.sp::Command_att()
L 04/21/2016 - 21:32:43: [SM] Native "TF2Attrib_ListDefIndices" reported: TF2Attrib_ListDefIndices: Invalid entity index -1 passed
L 04/21/2016 - 21:32:43: [SM] Displaying call stack trace for plugin "Testcoll.smx":
L 04/21/2016 - 21:32:43: [SM]   [0]  Line 34, C:\ff2_ver2\steamapps\common\Team Fortress 2 Dedicated Server\tf\addons\sourcemod\scripting\Testcoll.sp::Command_att()
L 04/21/2016 - 21:33:01: [SM] Native "TF2Attrib_ListDefIndices" reported: TF2Attrib_ListDefIndices: Invalid entity index -1 passed
L 04/21/2016 - 21:33:01: [SM] Displaying call stack trace for plugin "Testcoll.smx":
L 04/21/2016 - 21:33:01: [SM]   [0]  Line 34, C:\ff2_ver2\steamapps\common\Team Fortress 2 Dedicated Server\tf\addons\sourcemod\scripting\Testcoll.sp::Command_att()
L 04/21/2016 - 21:39:58: [SM] Native "IsClientInGame" reported: Client index 0 is invalid
L 04/21/2016 - 21:39:58: [SM] Displaying call stack trace for plugin "freaks\ff2_1st_set_abilities.ff2":
L 04/21/2016 - 21:39:58: [SM]   [0]  Line 114, C:\ff2\steamapps\common\Team Fortress 2 Dedicated Server\tf\addons\sourcemod\scripting\ff2_1st_set_abilities.sp::OnRoundEnd()
L 04/21/2016 - 21:44:01: [SM] Native "IsClientInGame" reported: Client index 0 is invalid
L 04/21/2016 - 21:44:01: [SM] Displaying call stack trace for plugin "freaks\ff2_1st_set_abilities.ff2":
L 04/21/2016 - 21:44:01: [SM]   [0]  Line 114, C:\ff2\steamapps\common\Team Fortress 2 Dedicated Server\tf\addons\sourcemod\scripting\ff2_1st_set_abilities.sp::OnRoundEnd()
L 04/21/2016 - 21:44:28: Error log file session closed.
L 04/21/2016 - 21:44:28: SourceMod error session started
L 04/21/2016 - 21:44:28: Info (map "vsh_2fortdesk_v8") (file "errors_20160421.log")
L 04/21/2016 - 21:44:28: [SM] Warning(s) encountered in translation file "freak_fortress_2.phrases.txt"
L 04/21/2016 - 21:44:28: [SM] Invalid token ' ' in #format property on line 71.
L 04/21/2016 - 21:44:28: [SM] Invalid token ' ' in #format property on line 225.
L 04/21/2016 - 21:44:28: [SM] Invalid token '[' in #format property on line 225.
L 04/21/2016 - 21:44:28: [SM] Invalid token '3' in #format property on line 225.
L 04/21/2016 - 21:44:28: [SM] Invalid token ':' in #format property on line 225.
L 04/21/2016 - 21:44:28: [SM] Invalid token ']' in #format property on line 225.
L 04/21/2016 - 21:44:28: [SM] Invalid token ' ' in #format property on line 230.
L 04/21/2016 - 21:44:28: [SM] Invalid token ' ' in #format property on line 419.
L 04/21/2016 - 21:44:28: [SM] Invalid token ' ' in #format property on line 424.
L 04/21/2016 - 21:44:28: [SM] Invalid token ' ' in #format property on line 424.
L 04/21/2016 - 21:44:28: [SM] Invalid token ' ' in #format property on line 433.
L 04/21/2016 - 21:44:28: [SM] Invalid token ' ' in #format property on line 433.
L 04/21/2016 - 21:44:28: [SM] Invalid token ' ' in #format property on line 433.
L 04/21/2016 - 21:44:35: [freak_fortress_2.smx] [FF2 Bosses] Character danmedic is missing file 'sound/freak_fortress_2/s93dm/dm_playerdeath.mp3'!
L 04/21/2016 - 21:48:19: [SM] Native "IsClientInGame" reported: Client index 0 is invalid
L 04/21/2016 - 21:48:19: [SM] Displaying call stack trace for plugin "freaks\ff2_1st_set_abilities.ff2":
L 04/21/2016 - 21:48:19: [SM]   [0]  Line 114, C:\ff2\steamapps\common\Team Fortress 2 Dedicated Server\tf\addons\sourcemod\scripting\ff2_1st_set_abilities.sp::OnRoundEnd()
L 04/21/2016 - 21:50:48: [SM] Native "IsClientInGame" reported: Client index 0 is invalid
L 04/21/2016 - 21:50:48: [SM] Displaying call stack trace for plugin "freaks\ff2_1st_set_abilities.ff2":
L 04/21/2016 - 21:50:48: [SM]   [0]  Line 114, C:\ff2\steamapps\common\Team Fortress 2 Dedicated Server\tf\addons\sourcemod\scripting\ff2_1st_set_abilities.sp::OnRoundEnd()
L 04/21/2016 - 21:53:26: [SM] Native "IsClientInGame" reported: Client index 0 is invalid
L 04/21/2016 - 21:53:26: [SM] Displaying call stack trace for plugin "freaks\ff2_1st_set_abilities.ff2":
L 04/21/2016 - 21:53:26: [SM]   [0]  Line 114, C:\ff2\steamapps\common\Team Fortress 2 Dedicated Server\tf\addons\sourcemod\scripting\ff2_1st_set_abilities.sp::OnRoundEnd()
L 04/21/2016 - 21:55:55: [SM] Native "IsClientInGame" reported: Client index 0 is invalid
L 04/21/2016 - 21:55:55: [SM] Displaying call stack trace for plugin "freaks\ff2_1st_set_abilities.ff2":
L 04/21/2016 - 21:55:55: [SM]   [0]  Line 114, C:\ff2\steamapps\common\Team Fortress 2 Dedicated Server\tf\addons\sourcemod\scripting\ff2_1st_set_abilities.sp::OnRoundEnd()
L 04/21/2016 - 22:00:43: [SM] Native "IsClientInGame" reported: Client index 0 is invalid
L 04/21/2016 - 22:00:43: [SM] Displaying call stack trace for plugin "freaks\ff2_1st_set_abilities.ff2":
L 04/21/2016 - 22:00:43: [SM]   [0]  Line 114, C:\ff2\steamapps\common\Team Fortress 2 Dedicated Server\tf\addons\sourcemod\scripting\ff2_1st_set_abilities.sp::OnRoundEnd()
L 04/21/2016 - 22:03:05: [SM] Native "IsClientInGame" reported: Client index 0 is invalid
L 04/21/2016 - 22:03:05: [SM] Displaying call stack trace for plugin "freaks\ff2_1st_set_abilities.ff2":
L 04/21/2016 - 22:03:05: [SM]   [0]  Line 114, C:\ff2\steamapps\common\Team Fortress 2 Dedicated Server\tf\addons\sourcemod\scripting\ff2_1st_set_abilities.sp::OnRoundEnd()
L 04/21/2016 - 22:04:45: [SM] Native "IsClientInGame" reported: Client index 0 is invalid
L 04/21/2016 - 22:04:45: [SM] Displaying call stack trace for plugin "freaks\ff2_1st_set_abilities.ff2":
L 04/21/2016 - 22:04:45: [SM]   [0]  Line 114, C:\ff2\steamapps\common\Team Fortress 2 Dedicated Server\tf\addons\sourcemod\scripting\ff2_1st_set_abilities.sp::OnRoundEnd()
L 04/21/2016 - 22:10:04: [SM] Native "IsClientInGame" reported: Client index 0 is invalid
L 04/21/2016 - 22:10:04: [SM] Displaying call stack trace for plugin "freaks\ff2_1st_set_abilities.ff2":
L 04/21/2016 - 22:10:04: [SM]   [0]  Line 114, C:\ff2\steamapps\common\Team Fortress 2 Dedicated Server\tf\addons\sourcemod\scripting\ff2_1st_set_abilities.sp::OnRoundEnd()
L 04/21/2016 - 22:13:57: [SM] Native "IsClientInGame" reported: Client index 0 is invalid
L 04/21/2016 - 22:13:57: [SM] Displaying call stack trace for plugin "freaks\ff2_1st_set_abilities.ff2":
L 04/21/2016 - 22:13:57: [SM]   [0]  Line 114, C:\ff2\steamapps\common\Team Fortress 2 Dedicated Server\tf\addons\sourcemod\scripting\ff2_1st_set_abilities.sp::OnRoundEnd()
L 04/21/2016 - 22:16:17: [SM] Native "IsClientInGame" reported: Client index 0 is invalid
L 04/21/2016 - 22:16:17: [SM] Displaying call stack trace for plugin "freaks\ff2_1st_set_abilities.ff2":
L 04/21/2016 - 22:16:17: [SM]   [0]  Line 114, C:\ff2\steamapps\common\Team Fortress 2 Dedicated Server\tf\addons\sourcemod\scripting\ff2_1st_set_abilities.sp::OnRoundEnd()
L 04/21/2016 - 22:18:48: [SM] Native "IsClientInGame" reported: Client index 0 is invalid
L 04/21/2016 - 22:18:48: [SM] Displaying call stack trace for plugin "freaks\ff2_1st_set_abilities.ff2":
L 04/21/2016 - 22:18:48: [SM]   [0]  Line 114, C:\ff2\steamapps\common\Team Fortress 2 Dedicated Server\tf\addons\sourcemod\scripting\ff2_1st_set_abilities.sp::OnRoundEnd()
L 04/21/2016 - 22:19:36: [SM] Native "IsClientInGame" reported: Client index 0 is invalid
L 04/21/2016 - 22:19:36: [SM] Displaying call stack trace for plugin "freaks\ff2_1st_set_abilities.ff2":
L 04/21/2016 - 22:19:36: [SM]   [0]  Line 114, C:\ff2\steamapps\common\Team Fortress 2 Dedicated Server\tf\addons\sourcemod\scripting\ff2_1st_set_abilities.sp::OnRoundEnd()
L 04/21/2016 - 22:19:59: Error log file session closed.
L 04/21/2016 - 22:20:00: SourceMod error session started
L 04/21/2016 - 22:20:00: Info (map "vsh_2fortdesk_v8") (file "errors_20160421.log")
L 04/21/2016 - 22:20:00: [SM] Warning(s) encountered in translation file "freak_fortress_2.phrases.txt"
L 04/21/2016 - 22:20:00: [SM] Invalid token ' ' in #format property on line 71.
L 04/21/2016 - 22:20:00: [SM] Invalid token ' ' in #format property on line 225.
L 04/21/2016 - 22:20:00: [SM] Invalid token '[' in #format property on line 225.
L 04/21/2016 - 22:20:00: [SM] Invalid token '3' in #format property on line 225.
L 04/21/2016 - 22:20:00: [SM] Invalid token ':' in #format property on line 225.
L 04/21/2016 - 22:20:00: [SM] Invalid token ']' in #format property on line 225.
L 04/21/2016 - 22:20:00: [SM] Invalid token ' ' in #format property on line 230.
L 04/21/2016 - 22:20:00: [SM] Invalid token ' ' in #format property on line 419.
L 04/21/2016 - 22:20:00: [SM] Invalid token ' ' in #format property on line 424.
L 04/21/2016 - 22:20:00: [SM] Invalid token ' ' in #format property on line 424.
L 04/21/2016 - 22:20:00: [SM] Invalid token ' ' in #format property on line 433.
L 04/21/2016 - 22:20:00: [SM] Invalid token ' ' in #format property on line 433.
L 04/21/2016 - 22:20:00: [SM] Invalid token ' ' in #format property on line 433.
L 04/21/2016 - 22:20:04: [freak_fortress_2.smx] [FF2 Bosses] Character danmedic is missing file 'sound/freak_fortress_2/s93dm/dm_playerdeath.mp3'!
L 04/21/2016 - 22:22:00: [SM] Native "IsClientInGame" reported: Client index 0 is invalid
L 04/21/2016 - 22:22:00: [SM] Displaying call stack trace for plugin "freaks\ff2_1st_set_abilities.ff2":
L 04/21/2016 - 22:22:00: [SM]   [0]  Line 114, C:\ff2\steamapps\common\Team Fortress 2 Dedicated Server\tf\addons\sourcemod\scripting\ff2_1st_set_abilities.sp::OnRoundEnd()
L 04/21/2016 - 22:22:28: [SM] Native "IsClientInGame" reported: Client index 0 is invalid
L 04/21/2016 - 22:22:28: [SM] Displaying call stack trace for plugin "freaks\ff2_1st_set_abilities.ff2":
L 04/21/2016 - 22:22:28: [SM]   [0]  Line 114, C:\ff2\steamapps\common\Team Fortress 2 Dedicated Server\tf\addons\sourcemod\scripting\ff2_1st_set_abilities.sp::OnRoundEnd()
L 04/21/2016 - 22:24:04: [SM] Native "IsClientInGame" reported: Client index 0 is invalid
L 04/21/2016 - 22:24:04: [SM] Displaying call stack trace for plugin "freaks\ff2_1st_set_abilities.ff2":
L 04/21/2016 - 22:24:04: [SM]   [0]  Line 114, C:\ff2\steamapps\common\Team Fortress 2 Dedicated Server\tf\addons\sourcemod\scripting\ff2_1st_set_abilities.sp::OnRoundEnd()
L 04/21/2016 - 22:25:30: [SM] Native "IsClientInGame" reported: Client index 0 is invalid
L 04/21/2016 - 22:25:30: [SM] Displaying call stack trace for plugin "freaks\ff2_1st_set_abilities.ff2":
L 04/21/2016 - 22:25:30: [SM]   [0]  Line 114, C:\ff2\steamapps\common\Team Fortress 2 Dedicated Server\tf\addons\sourcemod\scripting\ff2_1st_set_abilities.sp::OnRoundEnd()
L 04/21/2016 - 22:25:55: Error log file session closed.
