L 06/13/2016 - 00:01:12: SourceMod error session started
L 06/13/2016 - 00:01:12: Info (map "vsh_apg_v2") (file "errors_20160613.log")
L 06/13/2016 - 00:01:12: [SM] Warning(s) encountered in translation file "freak_fortress_2.phrases.txt"
L 06/13/2016 - 00:01:12: [SM] Invalid token ' ' in #format property on line 71.
L 06/13/2016 - 00:01:12: [SM] Invalid token ' ' in #format property on line 424.
L 06/13/2016 - 00:01:12: [SM] Invalid token ' ' in #format property on line 429.
L 06/13/2016 - 00:01:12: [SM] Invalid token ' ' in #format property on line 429.
L 06/13/2016 - 00:01:12: [SM] Invalid token ' ' in #format property on line 438.
L 06/13/2016 - 00:01:12: [SM] Invalid token ' ' in #format property on line 438.
L 06/13/2016 - 00:01:12: [SM] Invalid token ' ' in #format property on line 438.
L 06/13/2016 - 00:01:12: [SM] Unable to load plugin "rockthevote.smx": Could not find required plugin "mapchooser"
L 06/13/2016 - 00:01:26: [nextmap.smx] FATAL: Cannot load map cycle. Nextmap not loaded.
L 06/13/2016 - 00:01:26: [SM] Plugin encountered error 25: Call was aborted
L 06/13/2016 - 00:01:26: [SM] Native "SetFailState" reported: Mapcycle Not Found
L 06/13/2016 - 00:01:26: [SM] Displaying call stack trace for plugin "nextmap.smx":
L 06/13/2016 - 00:01:26: [SM]   [0]  Line 139, D:\builds\build-sourcemod-msvc12\windows-1.7\build\plugins\nextmap.sp::FindAndSetNextMap()
L 06/13/2016 - 00:01:26: [SM]   [1]  Line 109, D:\builds\build-sourcemod-msvc12\windows-1.7\build\plugins\nextmap.sp::OnConfigsExecuted()
L 06/13/2016 - 00:01:42: SourceMod error session started
L 06/13/2016 - 00:01:42: Info (map "vsh_apg_v2") (file "errors_20160613.log")
L 06/13/2016 - 00:01:42: Error log file session closed.
L 06/13/2016 - 00:09:00: Error log file session closed.
L 06/13/2016 - 20:43:20: SourceMod error session started
L 06/13/2016 - 20:43:20: Info (map "vsh_apg_v2") (file "errors_20160613.log")
L 06/13/2016 - 20:43:20: [SM] Warning(s) encountered in translation file "freak_fortress_2.phrases.txt"
L 06/13/2016 - 20:43:20: [SM] Invalid token ' ' in #format property on line 71.
L 06/13/2016 - 20:43:20: [SM] Invalid token ' ' in #format property on line 424.
L 06/13/2016 - 20:43:20: [SM] Invalid token ' ' in #format property on line 429.
L 06/13/2016 - 20:43:20: [SM] Invalid token ' ' in #format property on line 429.
L 06/13/2016 - 20:43:20: [SM] Invalid token ' ' in #format property on line 438.
L 06/13/2016 - 20:43:20: [SM] Invalid token ' ' in #format property on line 438.
L 06/13/2016 - 20:43:20: [SM] Invalid token ' ' in #format property on line 438.
L 06/13/2016 - 20:43:20: [SM] Unable to load plugin "rockthevote.smx": Could not find required plugin "mapchooser"
L 06/13/2016 - 20:43:35: [nextmap.smx] FATAL: Cannot load map cycle. Nextmap not loaded.
L 06/13/2016 - 20:43:35: [SM] Plugin encountered error 25: Call was aborted
L 06/13/2016 - 20:43:35: [SM] Native "SetFailState" reported: Mapcycle Not Found
L 06/13/2016 - 20:43:35: [SM] Displaying call stack trace for plugin "nextmap.smx":
L 06/13/2016 - 20:43:35: [SM]   [0]  Line 139, D:\builds\build-sourcemod-msvc12\windows-1.7\build\plugins\nextmap.sp::FindAndSetNextMap()
L 06/13/2016 - 20:43:35: [SM]   [1]  Line 109, D:\builds\build-sourcemod-msvc12\windows-1.7\build\plugins\nextmap.sp::OnConfigsExecuted()
L 06/13/2016 - 20:50:17: [freak_fortress_2.smx] [FF2 Bosses] Character spyper is missing file 'sound/vo/taunts/spy_taunt_rps_lose_11.mp3' in section 'sound_stabbed'!
L 06/13/2016 - 21:22:28: Error log file session closed.
L 06/13/2016 - 21:22:30: SourceMod error session started
L 06/13/2016 - 21:22:30: Info (map "vsh_apg_v2") (file "errors_20160613.log")
L 06/13/2016 - 21:22:30: [SM] Warning(s) encountered in translation file "freak_fortress_2.phrases.txt"
L 06/13/2016 - 21:22:30: [SM] Invalid token ' ' in #format property on line 71.
L 06/13/2016 - 21:22:30: [SM] Invalid token ' ' in #format property on line 424.
L 06/13/2016 - 21:22:30: [SM] Invalid token ' ' in #format property on line 429.
L 06/13/2016 - 21:22:30: [SM] Invalid token ' ' in #format property on line 429.
L 06/13/2016 - 21:22:30: [SM] Invalid token ' ' in #format property on line 438.
L 06/13/2016 - 21:22:30: [SM] Invalid token ' ' in #format property on line 438.
L 06/13/2016 - 21:22:30: [SM] Invalid token ' ' in #format property on line 438.
L 06/13/2016 - 21:22:30: [SM] Unable to load plugin "rockthevote.smx": Could not find required plugin "mapchooser"
L 06/13/2016 - 21:22:36: [nextmap.smx] FATAL: Cannot load map cycle. Nextmap not loaded.
L 06/13/2016 - 21:22:36: [SM] Plugin encountered error 25: Call was aborted
L 06/13/2016 - 21:22:36: [SM] Native "SetFailState" reported: Mapcycle Not Found
L 06/13/2016 - 21:22:36: [SM] Displaying call stack trace for plugin "nextmap.smx":
L 06/13/2016 - 21:22:36: [SM]   [0]  Line 139, D:\builds\build-sourcemod-msvc12\windows-1.7\build\plugins\nextmap.sp::FindAndSetNextMap()
L 06/13/2016 - 21:22:36: [SM]   [1]  Line 109, D:\builds\build-sourcemod-msvc12\windows-1.7\build\plugins\nextmap.sp::OnConfigsExecuted()
L 06/13/2016 - 21:22:43: Error log file session closed.
L 06/13/2016 - 21:22:43: SourceMod error session started
L 06/13/2016 - 21:22:43: Info (map "vsh_2fortdesk_v8") (file "errors_20160613.log")
L 06/13/2016 - 21:22:43: [SM] Warning(s) encountered in translation file "freak_fortress_2.phrases.txt"
L 06/13/2016 - 21:22:43: [SM] Invalid token ' ' in #format property on line 71.
L 06/13/2016 - 21:22:43: [SM] Invalid token ' ' in #format property on line 424.
L 06/13/2016 - 21:22:43: [SM] Invalid token ' ' in #format property on line 429.
L 06/13/2016 - 21:22:43: [SM] Invalid token ' ' in #format property on line 429.
L 06/13/2016 - 21:22:43: [SM] Invalid token ' ' in #format property on line 438.
L 06/13/2016 - 21:22:43: [SM] Invalid token ' ' in #format property on line 438.
L 06/13/2016 - 21:22:43: [SM] Invalid token ' ' in #format property on line 438.
L 06/13/2016 - 21:22:43: [SM] Unable to load plugin "rockthevote.smx": Could not find required plugin "mapchooser"
L 06/13/2016 - 21:22:49: [nextmap.smx] FATAL: Cannot load map cycle. Nextmap not loaded.
L 06/13/2016 - 21:22:49: [SM] Plugin encountered error 25: Call was aborted
L 06/13/2016 - 21:22:49: [SM] Native "SetFailState" reported: Mapcycle Not Found
L 06/13/2016 - 21:22:49: [SM] Displaying call stack trace for plugin "nextmap.smx":
L 06/13/2016 - 21:22:49: [SM]   [0]  Line 139, D:\builds\build-sourcemod-msvc12\windows-1.7\build\plugins\nextmap.sp::FindAndSetNextMap()
L 06/13/2016 - 21:22:49: [SM]   [1]  Line 109, D:\builds\build-sourcemod-msvc12\windows-1.7\build\plugins\nextmap.sp::OnConfigsExecuted()
L 06/13/2016 - 21:58:20: Error log file session closed.
