L 04/18/2016 - 15:06:32: SourceMod error session started
L 04/18/2016 - 15:06:32: Info (map "arena_badlands") (file "errors_20160418.log")
L 04/18/2016 - 15:06:32: [SM] Warning(s) encountered in translation file "freak_fortress_2.phrases.txt"
L 04/18/2016 - 15:06:32: [SM] Invalid token ' ' in #format property on line 59.
L 04/18/2016 - 15:06:32: [SM] Invalid token ' ' in #format property on line 213.
L 04/18/2016 - 15:06:33: [SM] Invalid token '[' in #format property on line 213.
L 04/18/2016 - 15:06:33: [SM] Invalid token '3' in #format property on line 213.
L 04/18/2016 - 15:06:33: [SM] Invalid token ':' in #format property on line 213.
L 04/18/2016 - 15:06:33: [SM] Invalid token ']' in #format property on line 213.
L 04/18/2016 - 15:06:33: [SM] Invalid token ' ' in #format property on line 218.
L 04/18/2016 - 15:06:33: [SM] Invalid token ' ' in #format property on line 407.
L 04/18/2016 - 15:06:33: [SM] Invalid token ' ' in #format property on line 412.
L 04/18/2016 - 15:06:33: [SM] Invalid token ' ' in #format property on line 412.
L 04/18/2016 - 15:06:33: [SM] Invalid token ' ' in #format property on line 421.
L 04/18/2016 - 15:06:33: [SM] Invalid token ' ' in #format property on line 421.
L 04/18/2016 - 15:06:33: [SM] Invalid token ' ' in #format property on line 421.
L 04/18/2016 - 15:06:48: [freak_fortress_2.smx] [FF2 Bosses] Character danmedic is missing file 'sound/freak_fortress_2/s93dm/dm_playerdeath.mp3'!
L 04/18/2016 - 15:08:52: [SM] Error parsing gameconfig file "C:\ff2_ver2\steamapps\common\Team Fortress 2 Dedicated Server\tf\addons\sourcemod\gamedata\tf2.tauntem.txt":
L 04/18/2016 - 15:08:52: [SM] Error 1 on line 0, col 0: Stream failed to open
L 04/18/2016 - 15:08:52: [SM] Native "LoadGameConfigFile" reported: Unable to open tf2.tauntem: File could not be opened: 지정된 파일을 찾을 수 없습니다.

L 04/18/2016 - 15:08:52: [SM] Displaying call stack trace for plugin "freaks\improved_saxton.ff2":
L 04/18/2016 - 15:08:52: [SM]   [0]  Line 2753, C:\ff2_ver2\steamapps\common\Team Fortress 2 Dedicated Server\tf\addons\sourcemod\scripting\improved_saxton.sp::RegisterForceTaunt()
L 04/18/2016 - 15:08:52: [SM]   [1]  Line 318, C:\ff2_ver2\steamapps\common\Team Fortress 2 Dedicated Server\tf\addons\sourcemod\scripting\improved_saxton.sp::OnPluginStart2()
L 04/18/2016 - 15:08:52: [SM]   [2]  Line 37, C:\ff2_ver2\steamapps\common\Team Fortress 2 Dedicated Server\tf\addons\sourcemod\scripting\include\freak_fortress_2_subplugin.inc::OnPluginStart()
L 04/18/2016 - 15:10:56: [SM] Native "IsClientInGame" reported: Client index 0 is invalid
L 04/18/2016 - 15:10:56: [SM] Displaying call stack trace for plugin "freaks\ff2_1st_set_abilities.ff2":
L 04/18/2016 - 15:10:56: [SM]   [0]  Line 114, C:\ff2\steamapps\common\Team Fortress 2 Dedicated Server\tf\addons\sourcemod\scripting\ff2_1st_set_abilities.sp::OnRoundEnd()
L 04/18/2016 - 15:13:01: SourceMod error session started
L 04/18/2016 - 15:13:01: Info (map "arena_badlands") (file "errors_20160418.log")
L 04/18/2016 - 15:13:01: [SM] Warning(s) encountered in translation file "freak_fortress_2.phrases.txt"
L 04/18/2016 - 15:13:01: [SM] Invalid token ' ' in #format property on line 59.
L 04/18/2016 - 15:13:01: [SM] Invalid token ' ' in #format property on line 213.
L 04/18/2016 - 15:13:01: [SM] Invalid token '[' in #format property on line 213.
L 04/18/2016 - 15:13:01: [SM] Invalid token '3' in #format property on line 213.
L 04/18/2016 - 15:13:01: [SM] Invalid token ':' in #format property on line 213.
L 04/18/2016 - 15:13:01: [SM] Invalid token ']' in #format property on line 213.
L 04/18/2016 - 15:13:01: [SM] Invalid token ' ' in #format property on line 218.
L 04/18/2016 - 15:13:01: [SM] Invalid token ' ' in #format property on line 407.
L 04/18/2016 - 15:13:01: [SM] Invalid token ' ' in #format property on line 412.
L 04/18/2016 - 15:13:01: [SM] Invalid token ' ' in #format property on line 412.
L 04/18/2016 - 15:13:01: [SM] Invalid token ' ' in #format property on line 421.
L 04/18/2016 - 15:13:01: [SM] Invalid token ' ' in #format property on line 421.
L 04/18/2016 - 15:13:01: [SM] Invalid token ' ' in #format property on line 421.
L 04/18/2016 - 15:13:14: [freak_fortress_2.smx] [FF2 Bosses] Character danmedic is missing file 'sound/freak_fortress_2/s93dm/dm_playerdeath.mp3'!
L 04/18/2016 - 15:15:16: [SM] Error parsing gameconfig file "C:\ff2_ver2\steamapps\common\Team Fortress 2 Dedicated Server\tf\addons\sourcemod\gamedata\tf2.tauntem.txt":
L 04/18/2016 - 15:15:16: [SM] Error 1 on line 0, col 0: Stream failed to open
L 04/18/2016 - 15:15:16: [SM] Native "LoadGameConfigFile" reported: Unable to open tf2.tauntem: File could not be opened: 지정된 파일을 찾을 수 없습니다.

L 04/18/2016 - 15:15:16: [SM] Displaying call stack trace for plugin "freaks\improved_saxton.ff2":
L 04/18/2016 - 15:15:16: [SM]   [0]  Line 2753, C:\ff2_ver2\steamapps\common\Team Fortress 2 Dedicated Server\tf\addons\sourcemod\scripting\improved_saxton.sp::RegisterForceTaunt()
L 04/18/2016 - 15:15:16: [SM]   [1]  Line 318, C:\ff2_ver2\steamapps\common\Team Fortress 2 Dedicated Server\tf\addons\sourcemod\scripting\improved_saxton.sp::OnPluginStart2()
L 04/18/2016 - 15:15:16: [SM]   [2]  Line 37, C:\ff2_ver2\steamapps\common\Team Fortress 2 Dedicated Server\tf\addons\sourcemod\scripting\include\freak_fortress_2_subplugin.inc::OnPluginStart()
L 04/18/2016 - 15:16:13: [SM] Native "IsClientInGame" reported: Client index 0 is invalid
L 04/18/2016 - 15:16:13: [SM] Displaying call stack trace for plugin "freaks\ff2_1st_set_abilities.ff2":
L 04/18/2016 - 15:16:13: [SM]   [0]  Line 114, C:\ff2\steamapps\common\Team Fortress 2 Dedicated Server\tf\addons\sourcemod\scripting\ff2_1st_set_abilities.sp::OnRoundEnd()
L 04/18/2016 - 15:16:40: [SM] Native "IsClientInGame" reported: Client index 0 is invalid
L 04/18/2016 - 15:16:40: [SM] Displaying call stack trace for plugin "freaks\ff2_1st_set_abilities.ff2":
L 04/18/2016 - 15:16:40: [SM]   [0]  Line 114, C:\ff2\steamapps\common\Team Fortress 2 Dedicated Server\tf\addons\sourcemod\scripting\ff2_1st_set_abilities.sp::OnRoundEnd()
L 04/18/2016 - 15:19:41: [SM] Native "SetConVarInt" reported: Invalid convar handle 0 (error 4)
L 04/18/2016 - 15:19:41: [SM] Displaying call stack trace for plugin "freaks\s93_blitzkrieg.ff2":
L 04/18/2016 - 15:19:41: [SM]   [0]  Line 1350, C:\ff2_ver2\steamapps\common\Team Fortress 2 Dedicated Server\tf\addons\sourcemod\scripting\s93_blitzkrieg.sp::OnRoundEnd()
L 04/18/2016 - 15:19:41: [SM] Native "IsClientInGame" reported: Client index 0 is invalid
L 04/18/2016 - 15:19:41: [SM] Displaying call stack trace for plugin "freaks\ff2_1st_set_abilities.ff2":
L 04/18/2016 - 15:19:41: [SM]   [0]  Line 114, C:\ff2\steamapps\common\Team Fortress 2 Dedicated Server\tf\addons\sourcemod\scripting\ff2_1st_set_abilities.sp::OnRoundEnd()
L 04/18/2016 - 15:25:46: [SM] Native "IsClientInGame" reported: Client index 0 is invalid
L 04/18/2016 - 15:25:46: [SM] Displaying call stack trace for plugin "freaks\ff2_1st_set_abilities.ff2":
L 04/18/2016 - 15:25:46: [SM]   [0]  Line 114, C:\ff2\steamapps\common\Team Fortress 2 Dedicated Server\tf\addons\sourcemod\scripting\ff2_1st_set_abilities.sp::OnRoundEnd()
L 04/18/2016 - 15:27:11: [SM] Native "SetConVarInt" reported: Invalid convar handle 0 (error 4)
L 04/18/2016 - 15:27:11: [SM] Displaying call stack trace for plugin "freaks\s93_blitzkrieg.ff2":
L 04/18/2016 - 15:27:11: [SM]   [0]  Line 1350, C:\ff2_ver2\steamapps\common\Team Fortress 2 Dedicated Server\tf\addons\sourcemod\scripting\s93_blitzkrieg.sp::OnRoundEnd()
L 04/18/2016 - 15:27:11: [SM] Native "IsClientInGame" reported: Client index 0 is invalid
L 04/18/2016 - 15:27:11: [SM] Displaying call stack trace for plugin "freaks\ff2_1st_set_abilities.ff2":
L 04/18/2016 - 15:27:11: [SM]   [0]  Line 114, C:\ff2\steamapps\common\Team Fortress 2 Dedicated Server\tf\addons\sourcemod\scripting\ff2_1st_set_abilities.sp::OnRoundEnd()
L 04/18/2016 - 15:29:09: [SM] Native "IsClientInGame" reported: Client index 0 is invalid
L 04/18/2016 - 15:29:09: [SM] Displaying call stack trace for plugin "freaks\ff2_1st_set_abilities.ff2":
L 04/18/2016 - 15:29:09: [SM]   [0]  Line 114, C:\ff2\steamapps\common\Team Fortress 2 Dedicated Server\tf\addons\sourcemod\scripting\ff2_1st_set_abilities.sp::OnRoundEnd()
L 04/18/2016 - 15:30:22: [SM] Native "IsClientInGame" reported: Client index 0 is invalid
L 04/18/2016 - 15:30:22: [SM] Displaying call stack trace for plugin "freaks\ff2_1st_set_abilities.ff2":
L 04/18/2016 - 15:30:22: [SM]   [0]  Line 114, C:\ff2\steamapps\common\Team Fortress 2 Dedicated Server\tf\addons\sourcemod\scripting\ff2_1st_set_abilities.sp::OnRoundEnd()
L 04/18/2016 - 15:31:52: [SM] Native "SetConVarInt" reported: Invalid convar handle 0 (error 4)
L 04/18/2016 - 15:31:52: [SM] Displaying call stack trace for plugin "freaks\s93_blitzkrieg.ff2":
L 04/18/2016 - 15:31:52: [SM]   [0]  Line 1350, C:\ff2_ver2\steamapps\common\Team Fortress 2 Dedicated Server\tf\addons\sourcemod\scripting\s93_blitzkrieg.sp::OnRoundEnd()
L 04/18/2016 - 15:31:52: [SM] Native "IsClientInGame" reported: Client index 0 is invalid
L 04/18/2016 - 15:31:52: [SM] Displaying call stack trace for plugin "freaks\ff2_1st_set_abilities.ff2":
L 04/18/2016 - 15:31:52: [SM]   [0]  Line 114, C:\ff2\steamapps\common\Team Fortress 2 Dedicated Server\tf\addons\sourcemod\scripting\ff2_1st_set_abilities.sp::OnRoundEnd()
L 04/18/2016 - 15:33:58: [SM] Native "IsClientInGame" reported: Client index 0 is invalid
L 04/18/2016 - 15:33:58: [SM] Displaying call stack trace for plugin "freaks\ff2_1st_set_abilities.ff2":
L 04/18/2016 - 15:33:58: [SM]   [0]  Line 114, C:\ff2\steamapps\common\Team Fortress 2 Dedicated Server\tf\addons\sourcemod\scripting\ff2_1st_set_abilities.sp::OnRoundEnd()
L 04/18/2016 - 15:34:29: [SM] Native "IsClientInGame" reported: Client index 0 is invalid
L 04/18/2016 - 15:34:29: [SM] Displaying call stack trace for plugin "freaks\ff2_1st_set_abilities.ff2":
L 04/18/2016 - 15:34:29: [SM]   [0]  Line 114, C:\ff2\steamapps\common\Team Fortress 2 Dedicated Server\tf\addons\sourcemod\scripting\ff2_1st_set_abilities.sp::OnRoundEnd()
L 04/18/2016 - 15:35:35: [SM] Native "IsClientInGame" reported: Client index 0 is invalid
L 04/18/2016 - 15:35:35: [SM] Displaying call stack trace for plugin "freaks\ff2_1st_set_abilities.ff2":
L 04/18/2016 - 15:35:35: [SM]   [0]  Line 114, C:\ff2\steamapps\common\Team Fortress 2 Dedicated Server\tf\addons\sourcemod\scripting\ff2_1st_set_abilities.sp::OnRoundEnd()
L 04/18/2016 - 15:39:26: Error log file session closed.
L 04/18/2016 - 15:39:43: SourceMod error session started
L 04/18/2016 - 15:39:43: Info (map "arena_badlands") (file "errors_20160418.log")
L 04/18/2016 - 15:39:43: [SM] Warning(s) encountered in translation file "freak_fortress_2.phrases.txt"
L 04/18/2016 - 15:39:43: [SM] Invalid token ' ' in #format property on line 59.
L 04/18/2016 - 15:39:43: [SM] Invalid token ' ' in #format property on line 213.
L 04/18/2016 - 15:39:43: [SM] Invalid token '[' in #format property on line 213.
L 04/18/2016 - 15:39:43: [SM] Invalid token '3' in #format property on line 213.
L 04/18/2016 - 15:39:43: [SM] Invalid token ':' in #format property on line 213.
L 04/18/2016 - 15:39:43: [SM] Invalid token ']' in #format property on line 213.
L 04/18/2016 - 15:39:43: [SM] Invalid token ' ' in #format property on line 218.
L 04/18/2016 - 15:39:43: [SM] Invalid token ' ' in #format property on line 407.
L 04/18/2016 - 15:39:43: [SM] Invalid token ' ' in #format property on line 412.
L 04/18/2016 - 15:39:43: [SM] Invalid token ' ' in #format property on line 412.
L 04/18/2016 - 15:39:43: [SM] Invalid token ' ' in #format property on line 421.
L 04/18/2016 - 15:39:43: [SM] Invalid token ' ' in #format property on line 421.
L 04/18/2016 - 15:39:43: [SM] Invalid token ' ' in #format property on line 421.
L 04/18/2016 - 15:39:55: [freak_fortress_2.smx] [FF2 Bosses] Character danmedic is missing file 'sound/freak_fortress_2/s93dm/dm_playerdeath.mp3'!
L 04/18/2016 - 15:42:18: [SM] Error parsing gameconfig file "C:\ff2_ver2\steamapps\common\Team Fortress 2 Dedicated Server\tf\addons\sourcemod\gamedata\tf2.tauntem.txt":
L 04/18/2016 - 15:42:18: [SM] Error 1 on line 0, col 0: Stream failed to open
L 04/18/2016 - 15:42:18: [SM] Native "LoadGameConfigFile" reported: Unable to open tf2.tauntem: File could not be opened: 지정된 파일을 찾을 수 없습니다.

L 04/18/2016 - 15:42:18: [SM] Displaying call stack trace for plugin "freaks\improved_saxton.ff2":
L 04/18/2016 - 15:42:18: [SM]   [0]  Line 2753, C:\ff2_ver2\steamapps\common\Team Fortress 2 Dedicated Server\tf\addons\sourcemod\scripting\improved_saxton.sp::RegisterForceTaunt()
L 04/18/2016 - 15:42:18: [SM]   [1]  Line 318, C:\ff2_ver2\steamapps\common\Team Fortress 2 Dedicated Server\tf\addons\sourcemod\scripting\improved_saxton.sp::OnPluginStart2()
L 04/18/2016 - 15:42:18: [SM]   [2]  Line 37, C:\ff2_ver2\steamapps\common\Team Fortress 2 Dedicated Server\tf\addons\sourcemod\scripting\include\freak_fortress_2_subplugin.inc::OnPluginStart()
L 04/18/2016 - 15:43:05: [SM] Native "IsClientInGame" reported: Client index 0 is invalid
L 04/18/2016 - 15:43:05: [SM] Displaying call stack trace for plugin "freaks\ff2_1st_set_abilities.ff2":
L 04/18/2016 - 15:43:05: [SM]   [0]  Line 114, C:\ff2\steamapps\common\Team Fortress 2 Dedicated Server\tf\addons\sourcemod\scripting\ff2_1st_set_abilities.sp::OnRoundEnd()
L 04/18/2016 - 15:44:52: [SM] Native "IsClientInGame" reported: Client index 0 is invalid
L 04/18/2016 - 15:44:52: [SM] Displaying call stack trace for plugin "freaks\ff2_1st_set_abilities.ff2":
L 04/18/2016 - 15:44:52: [SM]   [0]  Line 114, C:\ff2\steamapps\common\Team Fortress 2 Dedicated Server\tf\addons\sourcemod\scripting\ff2_1st_set_abilities.sp::OnRoundEnd()
L 04/18/2016 - 15:45:25: [SM] Native "IsClientInGame" reported: Client index 0 is invalid
L 04/18/2016 - 15:45:25: [SM] Displaying call stack trace for plugin "freaks\ff2_1st_set_abilities.ff2":
L 04/18/2016 - 15:45:25: [SM]   [0]  Line 114, C:\ff2\steamapps\common\Team Fortress 2 Dedicated Server\tf\addons\sourcemod\scripting\ff2_1st_set_abilities.sp::OnRoundEnd()
L 04/18/2016 - 15:45:50: [SM] Native "IsClientInGame" reported: Client index 0 is invalid
L 04/18/2016 - 15:45:50: [SM] Displaying call stack trace for plugin "freaks\ff2_1st_set_abilities.ff2":
L 04/18/2016 - 15:45:50: [SM]   [0]  Line 114, C:\ff2\steamapps\common\Team Fortress 2 Dedicated Server\tf\addons\sourcemod\scripting\ff2_1st_set_abilities.sp::OnRoundEnd()
L 04/18/2016 - 15:48:31: [SM] Native "IsClientInGame" reported: Client index 0 is invalid
L 04/18/2016 - 15:48:31: [SM] Displaying call stack trace for plugin "freaks\ff2_1st_set_abilities.ff2":
L 04/18/2016 - 15:48:31: [SM]   [0]  Line 114, C:\ff2\steamapps\common\Team Fortress 2 Dedicated Server\tf\addons\sourcemod\scripting\ff2_1st_set_abilities.sp::OnRoundEnd()
L 04/18/2016 - 15:51:04: [SM] Native "IsClientInGame" reported: Client index 0 is invalid
L 04/18/2016 - 15:51:04: [SM] Displaying call stack trace for plugin "freaks\ff2_1st_set_abilities.ff2":
L 04/18/2016 - 15:51:04: [SM]   [0]  Line 114, C:\ff2\steamapps\common\Team Fortress 2 Dedicated Server\tf\addons\sourcemod\scripting\ff2_1st_set_abilities.sp::OnRoundEnd()
L 04/18/2016 - 15:57:00: [SM] Native "SetConVarInt" reported: Invalid convar handle 0 (error 4)
L 04/18/2016 - 15:57:00: [SM] Displaying call stack trace for plugin "freaks\s93_blitzkrieg.ff2":
L 04/18/2016 - 15:57:00: [SM]   [0]  Line 1350, C:\ff2_ver2\steamapps\common\Team Fortress 2 Dedicated Server\tf\addons\sourcemod\scripting\s93_blitzkrieg.sp::OnRoundEnd()
L 04/18/2016 - 15:57:00: [SM] Native "IsClientInGame" reported: Client index 0 is invalid
L 04/18/2016 - 15:57:00: [SM] Displaying call stack trace for plugin "freaks\ff2_1st_set_abilities.ff2":
L 04/18/2016 - 15:57:00: [SM]   [0]  Line 114, C:\ff2\steamapps\common\Team Fortress 2 Dedicated Server\tf\addons\sourcemod\scripting\ff2_1st_set_abilities.sp::OnRoundEnd()
L 04/18/2016 - 15:59:37: [SM] Native "IsClientInGame" reported: Client index 0 is invalid
L 04/18/2016 - 15:59:37: [SM] Displaying call stack trace for plugin "freaks\ff2_1st_set_abilities.ff2":
L 04/18/2016 - 15:59:37: [SM]   [0]  Line 114, C:\ff2\steamapps\common\Team Fortress 2 Dedicated Server\tf\addons\sourcemod\scripting\ff2_1st_set_abilities.sp::OnRoundEnd()
L 04/18/2016 - 16:00:06: [SM] Native "IsClientInGame" reported: Client index 0 is invalid
L 04/18/2016 - 16:00:06: [SM] Displaying call stack trace for plugin "freaks\ff2_1st_set_abilities.ff2":
L 04/18/2016 - 16:00:06: [SM]   [0]  Line 114, C:\ff2\steamapps\common\Team Fortress 2 Dedicated Server\tf\addons\sourcemod\scripting\ff2_1st_set_abilities.sp::OnRoundEnd()
L 04/18/2016 - 16:02:14: [SM] Native "IsClientInGame" reported: Client index 0 is invalid
L 04/18/2016 - 16:02:14: [SM] Displaying call stack trace for plugin "freaks\ff2_1st_set_abilities.ff2":
L 04/18/2016 - 16:02:14: [SM]   [0]  Line 114, C:\ff2\steamapps\common\Team Fortress 2 Dedicated Server\tf\addons\sourcemod\scripting\ff2_1st_set_abilities.sp::OnRoundEnd()
L 04/18/2016 - 16:02:43: [SM] Native "IsClientInGame" reported: Client index 0 is invalid
L 04/18/2016 - 16:02:43: [SM] Displaying call stack trace for plugin "freaks\ff2_1st_set_abilities.ff2":
L 04/18/2016 - 16:02:43: [SM]   [0]  Line 114, C:\ff2\steamapps\common\Team Fortress 2 Dedicated Server\tf\addons\sourcemod\scripting\ff2_1st_set_abilities.sp::OnRoundEnd()
L 04/18/2016 - 16:04:30: [SM] Native "IsClientInGame" reported: Client index 0 is invalid
L 04/18/2016 - 16:04:30: [SM] Displaying call stack trace for plugin "freaks\ff2_1st_set_abilities.ff2":
L 04/18/2016 - 16:04:30: [SM]   [0]  Line 114, C:\ff2\steamapps\common\Team Fortress 2 Dedicated Server\tf\addons\sourcemod\scripting\ff2_1st_set_abilities.sp::OnRoundEnd()
L 04/18/2016 - 16:06:46: [SM] Native "IsClientInGame" reported: Client index 0 is invalid
L 04/18/2016 - 16:06:46: [SM] Displaying call stack trace for plugin "freaks\ff2_1st_set_abilities.ff2":
L 04/18/2016 - 16:06:46: [SM]   [0]  Line 114, C:\ff2\steamapps\common\Team Fortress 2 Dedicated Server\tf\addons\sourcemod\scripting\ff2_1st_set_abilities.sp::OnRoundEnd()
L 04/18/2016 - 16:09:05: [SM] Native "IsClientInGame" reported: Client index 0 is invalid
L 04/18/2016 - 16:09:05: [SM] Displaying call stack trace for plugin "freaks\ff2_1st_set_abilities.ff2":
L 04/18/2016 - 16:09:05: [SM]   [0]  Line 114, C:\ff2\steamapps\common\Team Fortress 2 Dedicated Server\tf\addons\sourcemod\scripting\ff2_1st_set_abilities.sp::OnRoundEnd()
L 04/18/2016 - 16:09:34: [SM] Native "IsClientInGame" reported: Client index 0 is invalid
L 04/18/2016 - 16:09:34: [SM] Displaying call stack trace for plugin "freaks\ff2_1st_set_abilities.ff2":
L 04/18/2016 - 16:09:34: [SM]   [0]  Line 114, C:\ff2\steamapps\common\Team Fortress 2 Dedicated Server\tf\addons\sourcemod\scripting\ff2_1st_set_abilities.sp::OnRoundEnd()
L 04/18/2016 - 16:11:11: [SM] Native "IsClientInGame" reported: Client index 0 is invalid
L 04/18/2016 - 16:11:11: [SM] Displaying call stack trace for plugin "freaks\ff2_1st_set_abilities.ff2":
L 04/18/2016 - 16:11:11: [SM]   [0]  Line 114, C:\ff2\steamapps\common\Team Fortress 2 Dedicated Server\tf\addons\sourcemod\scripting\ff2_1st_set_abilities.sp::OnRoundEnd()
L 04/18/2016 - 16:12:21: [SM] Native "IsClientInGame" reported: Client index 0 is invalid
L 04/18/2016 - 16:12:21: [SM] Displaying call stack trace for plugin "freaks\ff2_1st_set_abilities.ff2":
L 04/18/2016 - 16:12:21: [SM]   [0]  Line 114, C:\ff2\steamapps\common\Team Fortress 2 Dedicated Server\tf\addons\sourcemod\scripting\ff2_1st_set_abilities.sp::OnRoundEnd()
L 04/18/2016 - 16:13:10: [SM] Native "IsClientInGame" reported: Client index 0 is invalid
L 04/18/2016 - 16:13:10: [SM] Displaying call stack trace for plugin "freaks\ff2_1st_set_abilities.ff2":
L 04/18/2016 - 16:13:10: [SM]   [0]  Line 114, C:\ff2\steamapps\common\Team Fortress 2 Dedicated Server\tf\addons\sourcemod\scripting\ff2_1st_set_abilities.sp::OnRoundEnd()
L 04/18/2016 - 16:14:34: [SM] Native "IsClientInGame" reported: Client index 0 is invalid
L 04/18/2016 - 16:14:34: [SM] Displaying call stack trace for plugin "freaks\ff2_1st_set_abilities.ff2":
L 04/18/2016 - 16:14:34: [SM]   [0]  Line 114, C:\ff2\steamapps\common\Team Fortress 2 Dedicated Server\tf\addons\sourcemod\scripting\ff2_1st_set_abilities.sp::OnRoundEnd()
L 04/18/2016 - 16:15:06: [SM] Native "IsClientInGame" reported: Client index 0 is invalid
L 04/18/2016 - 16:15:06: [SM] Displaying call stack trace for plugin "freaks\ff2_1st_set_abilities.ff2":
L 04/18/2016 - 16:15:06: [SM]   [0]  Line 114, C:\ff2\steamapps\common\Team Fortress 2 Dedicated Server\tf\addons\sourcemod\scripting\ff2_1st_set_abilities.sp::OnRoundEnd()
L 04/18/2016 - 16:16:49: [SM] Native "IsClientInGame" reported: Client index 0 is invalid
L 04/18/2016 - 16:16:49: [SM] Displaying call stack trace for plugin "freaks\ff2_1st_set_abilities.ff2":
L 04/18/2016 - 16:16:49: [SM]   [0]  Line 114, C:\ff2\steamapps\common\Team Fortress 2 Dedicated Server\tf\addons\sourcemod\scripting\ff2_1st_set_abilities.sp::OnRoundEnd()
L 04/18/2016 - 16:18:48: [SM] Native "SetConVarInt" reported: Invalid convar handle 0 (error 4)
L 04/18/2016 - 16:18:48: [SM] Displaying call stack trace for plugin "freaks\s93_blitzkrieg.ff2":
L 04/18/2016 - 16:18:48: [SM]   [0]  Line 1350, C:\ff2_ver2\steamapps\common\Team Fortress 2 Dedicated Server\tf\addons\sourcemod\scripting\s93_blitzkrieg.sp::OnRoundEnd()
L 04/18/2016 - 16:18:48: [SM] Native "IsClientInGame" reported: Client index 0 is invalid
L 04/18/2016 - 16:18:48: [SM] Displaying call stack trace for plugin "freaks\ff2_1st_set_abilities.ff2":
L 04/18/2016 - 16:18:48: [SM]   [0]  Line 114, C:\ff2\steamapps\common\Team Fortress 2 Dedicated Server\tf\addons\sourcemod\scripting\ff2_1st_set_abilities.sp::OnRoundEnd()
L 04/18/2016 - 16:19:15: Error log file session closed.
L 04/18/2016 - 16:19:16: SourceMod error session started
L 04/18/2016 - 16:19:16: Info (map "koth_nucleus") (file "errors_20160418.log")
L 04/18/2016 - 16:19:16: [SM] Warning(s) encountered in translation file "freak_fortress_2.phrases.txt"
L 04/18/2016 - 16:19:16: [SM] Invalid token ' ' in #format property on line 59.
L 04/18/2016 - 16:19:16: [SM] Invalid token ' ' in #format property on line 213.
L 04/18/2016 - 16:19:16: [SM] Invalid token '[' in #format property on line 213.
L 04/18/2016 - 16:19:16: [SM] Invalid token '3' in #format property on line 213.
L 04/18/2016 - 16:19:16: [SM] Invalid token ':' in #format property on line 213.
L 04/18/2016 - 16:19:16: [SM] Invalid token ']' in #format property on line 213.
L 04/18/2016 - 16:19:16: [SM] Invalid token ' ' in #format property on line 218.
L 04/18/2016 - 16:19:16: [SM] Invalid token ' ' in #format property on line 407.
L 04/18/2016 - 16:19:16: [SM] Invalid token ' ' in #format property on line 412.
L 04/18/2016 - 16:19:16: [SM] Invalid token ' ' in #format property on line 412.
L 04/18/2016 - 16:19:16: [SM] Invalid token ' ' in #format property on line 421.
L 04/18/2016 - 16:19:16: [SM] Invalid token ' ' in #format property on line 421.
L 04/18/2016 - 16:19:16: [SM] Invalid token ' ' in #format property on line 421.
L 04/18/2016 - 16:19:24: [freak_fortress_2.smx] [FF2 Bosses] Character danmedic is missing file 'sound/freak_fortress_2/s93dm/dm_playerdeath.mp3'!
L 04/18/2016 - 16:19:53: Error log file session closed.
L 04/18/2016 - 16:19:53: SourceMod error session started
L 04/18/2016 - 16:19:53: Info (map "arena_granary") (file "errors_20160418.log")
L 04/18/2016 - 16:19:53: [SM] Warning(s) encountered in translation file "freak_fortress_2.phrases.txt"
L 04/18/2016 - 16:19:53: [SM] Invalid token ' ' in #format property on line 59.
L 04/18/2016 - 16:19:53: [SM] Invalid token ' ' in #format property on line 213.
L 04/18/2016 - 16:19:53: [SM] Invalid token '[' in #format property on line 213.
L 04/18/2016 - 16:19:53: [SM] Invalid token '3' in #format property on line 213.
L 04/18/2016 - 16:19:53: [SM] Invalid token ':' in #format property on line 213.
L 04/18/2016 - 16:19:53: [SM] Invalid token ']' in #format property on line 213.
L 04/18/2016 - 16:19:53: [SM] Invalid token ' ' in #format property on line 218.
L 04/18/2016 - 16:19:53: [SM] Invalid token ' ' in #format property on line 407.
L 04/18/2016 - 16:19:53: [SM] Invalid token ' ' in #format property on line 412.
L 04/18/2016 - 16:19:53: [SM] Invalid token ' ' in #format property on line 412.
L 04/18/2016 - 16:19:53: [SM] Invalid token ' ' in #format property on line 421.
L 04/18/2016 - 16:19:53: [SM] Invalid token ' ' in #format property on line 421.
L 04/18/2016 - 16:19:53: [SM] Invalid token ' ' in #format property on line 421.
L 04/18/2016 - 16:19:58: [freak_fortress_2.smx] [FF2 Bosses] Character danmedic is missing file 'sound/freak_fortress_2/s93dm/dm_playerdeath.mp3'!
L 04/18/2016 - 16:21:12: Error log file session closed.
L 04/18/2016 - 20:00:38: SourceMod error session started
L 04/18/2016 - 20:00:38: Info (map "arena_badlands") (file "errors_20160418.log")
L 04/18/2016 - 20:00:38: [SM] Warning(s) encountered in translation file "freak_fortress_2.phrases.txt"
L 04/18/2016 - 20:00:38: [SM] Invalid token ' ' in #format property on line 59.
L 04/18/2016 - 20:00:38: [SM] Invalid token ' ' in #format property on line 213.
L 04/18/2016 - 20:00:38: [SM] Invalid token '[' in #format property on line 213.
L 04/18/2016 - 20:00:38: [SM] Invalid token '3' in #format property on line 213.
L 04/18/2016 - 20:00:38: [SM] Invalid token ':' in #format property on line 213.
L 04/18/2016 - 20:00:38: [SM] Invalid token ']' in #format property on line 213.
L 04/18/2016 - 20:00:38: [SM] Invalid token ' ' in #format property on line 218.
L 04/18/2016 - 20:00:38: [SM] Invalid token ' ' in #format property on line 407.
L 04/18/2016 - 20:00:38: [SM] Invalid token ' ' in #format property on line 412.
L 04/18/2016 - 20:00:38: [SM] Invalid token ' ' in #format property on line 412.
L 04/18/2016 - 20:00:38: [SM] Invalid token ' ' in #format property on line 421.
L 04/18/2016 - 20:00:38: [SM] Invalid token ' ' in #format property on line 421.
L 04/18/2016 - 20:00:38: [SM] Invalid token ' ' in #format property on line 421.
L 04/18/2016 - 20:00:55: [freak_fortress_2.smx] [FF2 Bosses] Character danmedic is missing file 'sound/freak_fortress_2/s93dm/dm_playerdeath.mp3'!
L 04/18/2016 - 20:02:59: [SM] Error parsing gameconfig file "C:\ff2_ver2\steamapps\common\Team Fortress 2 Dedicated Server\tf\addons\sourcemod\gamedata\tf2.tauntem.txt":
L 04/18/2016 - 20:02:59: [SM] Error 1 on line 0, col 0: Stream failed to open
L 04/18/2016 - 20:02:59: [SM] Native "LoadGameConfigFile" reported: Unable to open tf2.tauntem: File could not be opened: 지정된 파일을 찾을 수 없습니다.

L 04/18/2016 - 20:02:59: [SM] Displaying call stack trace for plugin "freaks\improved_saxton.ff2":
L 04/18/2016 - 20:02:59: [SM]   [0]  Line 2753, C:\ff2_ver2\steamapps\common\Team Fortress 2 Dedicated Server\tf\addons\sourcemod\scripting\improved_saxton.sp::RegisterForceTaunt()
L 04/18/2016 - 20:02:59: [SM]   [1]  Line 318, C:\ff2_ver2\steamapps\common\Team Fortress 2 Dedicated Server\tf\addons\sourcemod\scripting\improved_saxton.sp::OnPluginStart2()
L 04/18/2016 - 20:02:59: [SM]   [2]  Line 37, C:\ff2_ver2\steamapps\common\Team Fortress 2 Dedicated Server\tf\addons\sourcemod\scripting\include\freak_fortress_2_subplugin.inc::OnPluginStart()
L 04/18/2016 - 20:05:03: [freaks\improved_saxton.ff2] [improved_saxton] Unable to initialize call to CTFPlayer::PlayTauntSceneFromItem. Need to get updated tf2.tauntem.txt method signatures. Saxton Slam will not animate.
L 04/18/2016 - 20:05:31: [SM] Native "IsClientInGame" reported: Client index 0 is invalid
L 04/18/2016 - 20:05:31: [SM] Displaying call stack trace for plugin "freaks\ff2_1st_set_abilities.ff2":
L 04/18/2016 - 20:05:31: [SM]   [0]  Line 114, C:\ff2\steamapps\common\Team Fortress 2 Dedicated Server\tf\addons\sourcemod\scripting\ff2_1st_set_abilities.sp::OnRoundEnd()
L 04/18/2016 - 20:06:54: [freaks\improved_saxton.ff2] [improved_saxton] Unable to initialize call to CTFPlayer::PlayTauntSceneFromItem. Need to get updated tf2.tauntem.txt method signatures. Saxton Slam will not animate.
L 04/18/2016 - 20:08:12: Error log file session closed.
L 04/18/2016 - 20:08:25: SourceMod error session started
L 04/18/2016 - 20:08:25: Info (map "arena_badlands") (file "errors_20160418.log")
L 04/18/2016 - 20:08:25: [SM] Warning(s) encountered in translation file "freak_fortress_2.phrases.txt"
L 04/18/2016 - 20:08:25: [SM] Invalid token ' ' in #format property on line 59.
L 04/18/2016 - 20:08:25: [SM] Invalid token ' ' in #format property on line 213.
L 04/18/2016 - 20:08:25: [SM] Invalid token '[' in #format property on line 213.
L 04/18/2016 - 20:08:25: [SM] Invalid token '3' in #format property on line 213.
L 04/18/2016 - 20:08:25: [SM] Invalid token ':' in #format property on line 213.
L 04/18/2016 - 20:08:25: [SM] Invalid token ']' in #format property on line 213.
L 04/18/2016 - 20:08:25: [SM] Invalid token ' ' in #format property on line 218.
L 04/18/2016 - 20:08:25: [SM] Invalid token ' ' in #format property on line 407.
L 04/18/2016 - 20:08:25: [SM] Invalid token ' ' in #format property on line 412.
L 04/18/2016 - 20:08:25: [SM] Invalid token ' ' in #format property on line 412.
L 04/18/2016 - 20:08:25: [SM] Invalid token ' ' in #format property on line 421.
L 04/18/2016 - 20:08:25: [SM] Invalid token ' ' in #format property on line 421.
L 04/18/2016 - 20:08:25: [SM] Invalid token ' ' in #format property on line 421.
L 04/18/2016 - 20:08:37: [freak_fortress_2.smx] [FF2 Bosses] Character danmedic is missing file 'sound/freak_fortress_2/s93dm/dm_playerdeath.mp3'!
L 04/18/2016 - 20:11:32: [SM] Native "IsClientInGame" reported: Client index 0 is invalid
L 04/18/2016 - 20:11:32: [SM] Displaying call stack trace for plugin "freaks\ff2_1st_set_abilities.ff2":
L 04/18/2016 - 20:11:32: [SM]   [0]  Line 114, C:\ff2\steamapps\common\Team Fortress 2 Dedicated Server\tf\addons\sourcemod\scripting\ff2_1st_set_abilities.sp::OnRoundEnd()
L 04/18/2016 - 20:13:06: [SM] Native "IsClientInGame" reported: Client index 0 is invalid
L 04/18/2016 - 20:13:06: [SM] Displaying call stack trace for plugin "freaks\ff2_1st_set_abilities.ff2":
L 04/18/2016 - 20:13:06: [SM]   [0]  Line 114, C:\ff2\steamapps\common\Team Fortress 2 Dedicated Server\tf\addons\sourcemod\scripting\ff2_1st_set_abilities.sp::OnRoundEnd()
L 04/18/2016 - 20:15:41: [SM] Native "IsClientInGame" reported: Client index 0 is invalid
L 04/18/2016 - 20:15:41: [SM] Displaying call stack trace for plugin "freaks\ff2_1st_set_abilities.ff2":
L 04/18/2016 - 20:15:41: [SM]   [0]  Line 114, C:\ff2\steamapps\common\Team Fortress 2 Dedicated Server\tf\addons\sourcemod\scripting\ff2_1st_set_abilities.sp::OnRoundEnd()
L 04/18/2016 - 20:18:19: [SM] Native "SetConVarInt" reported: Invalid convar handle 0 (error 4)
L 04/18/2016 - 20:18:19: [SM] Displaying call stack trace for plugin "freaks\s93_blitzkrieg.ff2":
L 04/18/2016 - 20:18:19: [SM]   [0]  Line 1350, C:\ff2_ver2\steamapps\common\Team Fortress 2 Dedicated Server\tf\addons\sourcemod\scripting\s93_blitzkrieg.sp::OnRoundEnd()
L 04/18/2016 - 20:18:19: [SM] Native "IsClientInGame" reported: Client index 0 is invalid
L 04/18/2016 - 20:18:19: [SM] Displaying call stack trace for plugin "freaks\ff2_1st_set_abilities.ff2":
L 04/18/2016 - 20:18:19: [SM]   [0]  Line 114, C:\ff2\steamapps\common\Team Fortress 2 Dedicated Server\tf\addons\sourcemod\scripting\ff2_1st_set_abilities.sp::OnRoundEnd()
L 04/18/2016 - 20:19:10: [SM] Native "IsClientInGame" reported: Client index 0 is invalid
L 04/18/2016 - 20:19:10: [SM] Displaying call stack trace for plugin "freaks\ff2_1st_set_abilities.ff2":
L 04/18/2016 - 20:19:10: [SM]   [0]  Line 114, C:\ff2\steamapps\common\Team Fortress 2 Dedicated Server\tf\addons\sourcemod\scripting\ff2_1st_set_abilities.sp::OnRoundEnd()
L 04/18/2016 - 20:20:09: [SM] Native "IsClientInGame" reported: Client index 0 is invalid
L 04/18/2016 - 20:20:09: [SM] Displaying call stack trace for plugin "freaks\ff2_1st_set_abilities.ff2":
L 04/18/2016 - 20:20:09: [SM]   [0]  Line 114, C:\ff2\steamapps\common\Team Fortress 2 Dedicated Server\tf\addons\sourcemod\scripting\ff2_1st_set_abilities.sp::OnRoundEnd()
L 04/18/2016 - 20:21:34: [SM] Native "SetConVarInt" reported: Invalid convar handle 0 (error 4)
L 04/18/2016 - 20:21:34: [SM] Displaying call stack trace for plugin "freaks\s93_blitzkrieg.ff2":
L 04/18/2016 - 20:21:34: [SM]   [0]  Line 1350, C:\ff2_ver2\steamapps\common\Team Fortress 2 Dedicated Server\tf\addons\sourcemod\scripting\s93_blitzkrieg.sp::OnRoundEnd()
L 04/18/2016 - 20:21:34: [SM] Native "IsClientInGame" reported: Client index 0 is invalid
L 04/18/2016 - 20:21:34: [SM] Displaying call stack trace for plugin "freaks\ff2_1st_set_abilities.ff2":
L 04/18/2016 - 20:21:34: [SM]   [0]  Line 114, C:\ff2\steamapps\common\Team Fortress 2 Dedicated Server\tf\addons\sourcemod\scripting\ff2_1st_set_abilities.sp::OnRoundEnd()
L 04/18/2016 - 20:22:07: [SM] Native "IsClientInGame" reported: Client index 0 is invalid
L 04/18/2016 - 20:22:07: [SM] Displaying call stack trace for plugin "freaks\ff2_1st_set_abilities.ff2":
L 04/18/2016 - 20:22:07: [SM]   [0]  Line 114, C:\ff2\steamapps\common\Team Fortress 2 Dedicated Server\tf\addons\sourcemod\scripting\ff2_1st_set_abilities.sp::OnRoundEnd()
L 04/18/2016 - 20:23:32: Error log file session closed.
L 04/18/2016 - 20:23:56: SourceMod error session started
L 04/18/2016 - 20:23:56: Info (map "arena_badlands") (file "errors_20160418.log")
L 04/18/2016 - 20:23:56: [SM] Warning(s) encountered in translation file "freak_fortress_2.phrases.txt"
L 04/18/2016 - 20:23:56: [SM] Invalid token ' ' in #format property on line 59.
L 04/18/2016 - 20:23:56: [SM] Invalid token ' ' in #format property on line 213.
L 04/18/2016 - 20:23:56: [SM] Invalid token '[' in #format property on line 213.
L 04/18/2016 - 20:23:56: [SM] Invalid token '3' in #format property on line 213.
L 04/18/2016 - 20:23:56: [SM] Invalid token ':' in #format property on line 213.
L 04/18/2016 - 20:23:56: [SM] Invalid token ']' in #format property on line 213.
L 04/18/2016 - 20:23:56: [SM] Invalid token ' ' in #format property on line 218.
L 04/18/2016 - 20:23:56: [SM] Invalid token ' ' in #format property on line 407.
L 04/18/2016 - 20:23:56: [SM] Invalid token ' ' in #format property on line 412.
L 04/18/2016 - 20:23:56: [SM] Invalid token ' ' in #format property on line 412.
L 04/18/2016 - 20:23:56: [SM] Invalid token ' ' in #format property on line 421.
L 04/18/2016 - 20:23:56: [SM] Invalid token ' ' in #format property on line 421.
L 04/18/2016 - 20:23:56: [SM] Invalid token ' ' in #format property on line 421.
L 04/18/2016 - 20:24:09: [freak_fortress_2.smx] [FF2 Bosses] Character danmedic is missing file 'sound/freak_fortress_2/s93dm/dm_playerdeath.mp3'!
L 04/18/2016 - 20:26:54: [SM] Native "SetConVarInt" reported: Invalid convar handle 0 (error 4)
L 04/18/2016 - 20:26:54: [SM] Displaying call stack trace for plugin "freaks\s93_blitzkrieg.ff2":
L 04/18/2016 - 20:26:54: [SM]   [0]  Line 1350, C:\ff2_ver2\steamapps\common\Team Fortress 2 Dedicated Server\tf\addons\sourcemod\scripting\s93_blitzkrieg.sp::OnRoundEnd()
L 04/18/2016 - 20:26:54: [SM] Native "IsClientInGame" reported: Client index 0 is invalid
L 04/18/2016 - 20:26:54: [SM] Displaying call stack trace for plugin "freaks\ff2_1st_set_abilities.ff2":
L 04/18/2016 - 20:26:54: [SM]   [0]  Line 114, C:\ff2\steamapps\common\Team Fortress 2 Dedicated Server\tf\addons\sourcemod\scripting\ff2_1st_set_abilities.sp::OnRoundEnd()
L 04/18/2016 - 20:29:01: [SM] Native "SetConVarInt" reported: Invalid convar handle 0 (error 4)
L 04/18/2016 - 20:29:01: [SM] Displaying call stack trace for plugin "freaks\s93_blitzkrieg.ff2":
L 04/18/2016 - 20:29:01: [SM]   [0]  Line 1350, C:\ff2_ver2\steamapps\common\Team Fortress 2 Dedicated Server\tf\addons\sourcemod\scripting\s93_blitzkrieg.sp::OnRoundEnd()
L 04/18/2016 - 20:29:01: [SM] Native "IsClientInGame" reported: Client index 0 is invalid
L 04/18/2016 - 20:29:01: [SM] Displaying call stack trace for plugin "freaks\ff2_1st_set_abilities.ff2":
L 04/18/2016 - 20:29:01: [SM]   [0]  Line 114, C:\ff2\steamapps\common\Team Fortress 2 Dedicated Server\tf\addons\sourcemod\scripting\ff2_1st_set_abilities.sp::OnRoundEnd()
L 04/18/2016 - 20:32:16: [SM] Native "IsClientInGame" reported: Client index 0 is invalid
L 04/18/2016 - 20:32:16: [SM] Displaying call stack trace for plugin "freaks\ff2_1st_set_abilities.ff2":
L 04/18/2016 - 20:32:16: [SM]   [0]  Line 114, C:\ff2\steamapps\common\Team Fortress 2 Dedicated Server\tf\addons\sourcemod\scripting\ff2_1st_set_abilities.sp::OnRoundEnd()
L 04/18/2016 - 20:37:43: [SM] Native "SetConVarInt" reported: Invalid convar handle 0 (error 4)
L 04/18/2016 - 20:37:43: [SM] Displaying call stack trace for plugin "freaks\s93_blitzkrieg.ff2":
L 04/18/2016 - 20:37:43: [SM]   [0]  Line 1350, C:\ff2_ver2\steamapps\common\Team Fortress 2 Dedicated Server\tf\addons\sourcemod\scripting\s93_blitzkrieg.sp::OnRoundEnd()
L 04/18/2016 - 20:37:43: [SM] Native "IsClientInGame" reported: Client index 0 is invalid
L 04/18/2016 - 20:37:43: [SM] Displaying call stack trace for plugin "freaks\ff2_1st_set_abilities.ff2":
L 04/18/2016 - 20:37:43: [SM]   [0]  Line 114, C:\ff2\steamapps\common\Team Fortress 2 Dedicated Server\tf\addons\sourcemod\scripting\ff2_1st_set_abilities.sp::OnRoundEnd()
L 04/18/2016 - 20:42:46: [SM] Native "IsClientInGame" reported: Client index 0 is invalid
L 04/18/2016 - 20:42:46: [SM] Displaying call stack trace for plugin "freaks\ff2_1st_set_abilities.ff2":
L 04/18/2016 - 20:42:46: [SM]   [0]  Line 114, C:\ff2\steamapps\common\Team Fortress 2 Dedicated Server\tf\addons\sourcemod\scripting\ff2_1st_set_abilities.sp::OnRoundEnd()
L 04/18/2016 - 20:46:38: [SM] Native "IsClientInGame" reported: Client index 0 is invalid
L 04/18/2016 - 20:46:38: [SM] Displaying call stack trace for plugin "freaks\ff2_1st_set_abilities.ff2":
L 04/18/2016 - 20:46:38: [SM]   [0]  Line 114, C:\ff2\steamapps\common\Team Fortress 2 Dedicated Server\tf\addons\sourcemod\scripting\ff2_1st_set_abilities.sp::OnRoundEnd()
L 04/18/2016 - 20:48:34: [freaks\ff2_1st_set_abilities.ff2] [FF2] Cannot give ammo to weapon tf_weapon_bottle (boss )-check your config!
L 04/18/2016 - 20:48:34: [freaks\ff2_1st_set_abilities.ff2] [FF2] Cannot give ammo to weapon tf_weapon_bottle (boss )-check your config!
L 04/18/2016 - 20:48:34: [freaks\ff2_1st_set_abilities.ff2] [FF2] Cannot give ammo to weapon tf_weapon_bottle (boss )-check your config!
L 04/18/2016 - 20:48:34: [freaks\ff2_1st_set_abilities.ff2] [FF2] Cannot give ammo to weapon tf_weapon_bottle (boss )-check your config!
L 04/18/2016 - 20:48:34: [freaks\ff2_1st_set_abilities.ff2] [FF2] Cannot give ammo to weapon tf_weapon_bottle (boss )-check your config!
L 04/18/2016 - 20:48:34: [freaks\ff2_1st_set_abilities.ff2] [FF2] Cannot give ammo to weapon tf_weapon_bottle (boss )-check your config!
L 04/18/2016 - 20:48:34: [freaks\ff2_1st_set_abilities.ff2] [FF2] Cannot give ammo to weapon tf_weapon_bottle (boss )-check your config!
L 04/18/2016 - 20:48:34: [freaks\ff2_1st_set_abilities.ff2] [FF2] Cannot give ammo to weapon tf_weapon_bottle (boss )-check your config!
L 04/18/2016 - 20:48:34: [freaks\ff2_1st_set_abilities.ff2] [FF2] Cannot give ammo to weapon tf_weapon_bottle (boss )-check your config!
L 04/18/2016 - 20:49:44: [SM] Native "IsClientInGame" reported: Client index 0 is invalid
L 04/18/2016 - 20:49:44: [SM] Displaying call stack trace for plugin "freaks\ff2_1st_set_abilities.ff2":
L 04/18/2016 - 20:49:44: [SM]   [0]  Line 114, C:\ff2\steamapps\common\Team Fortress 2 Dedicated Server\tf\addons\sourcemod\scripting\ff2_1st_set_abilities.sp::OnRoundEnd()
L 04/18/2016 - 20:51:25: [SM] Native "SetConVarInt" reported: Invalid convar handle 0 (error 4)
L 04/18/2016 - 20:51:25: [SM] Displaying call stack trace for plugin "freaks\s93_blitzkrieg.ff2":
L 04/18/2016 - 20:51:25: [SM]   [0]  Line 1350, C:\ff2_ver2\steamapps\common\Team Fortress 2 Dedicated Server\tf\addons\sourcemod\scripting\s93_blitzkrieg.sp::OnRoundEnd()
L 04/18/2016 - 20:51:25: [SM] Native "IsClientInGame" reported: Client index 0 is invalid
L 04/18/2016 - 20:51:25: [SM] Displaying call stack trace for plugin "freaks\ff2_1st_set_abilities.ff2":
L 04/18/2016 - 20:51:25: [SM]   [0]  Line 114, C:\ff2\steamapps\common\Team Fortress 2 Dedicated Server\tf\addons\sourcemod\scripting\ff2_1st_set_abilities.sp::OnRoundEnd()
L 04/18/2016 - 20:51:57: [SM] Native "IsClientInGame" reported: Client index 0 is invalid
L 04/18/2016 - 20:51:57: [SM] Displaying call stack trace for plugin "freaks\ff2_1st_set_abilities.ff2":
L 04/18/2016 - 20:51:57: [SM]   [0]  Line 114, C:\ff2\steamapps\common\Team Fortress 2 Dedicated Server\tf\addons\sourcemod\scripting\ff2_1st_set_abilities.sp::OnRoundEnd()
L 04/18/2016 - 20:54:26: [SM] Native "IsClientInGame" reported: Client index 0 is invalid
L 04/18/2016 - 20:54:26: [SM] Displaying call stack trace for plugin "freaks\ff2_1st_set_abilities.ff2":
L 04/18/2016 - 20:54:26: [SM]   [0]  Line 114, C:\ff2\steamapps\common\Team Fortress 2 Dedicated Server\tf\addons\sourcemod\scripting\ff2_1st_set_abilities.sp::OnRoundEnd()
L 04/18/2016 - 20:56:09: [SM] Native "IsClientInGame" reported: Client index 0 is invalid
L 04/18/2016 - 20:56:09: [SM] Displaying call stack trace for plugin "freaks\ff2_1st_set_abilities.ff2":
L 04/18/2016 - 20:56:09: [SM]   [0]  Line 114, C:\ff2\steamapps\common\Team Fortress 2 Dedicated Server\tf\addons\sourcemod\scripting\ff2_1st_set_abilities.sp::OnRoundEnd()
L 04/18/2016 - 20:58:14: [SM] Native "IsClientInGame" reported: Client index 0 is invalid
L 04/18/2016 - 20:58:14: [SM] Displaying call stack trace for plugin "freaks\ff2_1st_set_abilities.ff2":
L 04/18/2016 - 20:58:14: [SM]   [0]  Line 114, C:\ff2\steamapps\common\Team Fortress 2 Dedicated Server\tf\addons\sourcemod\scripting\ff2_1st_set_abilities.sp::OnRoundEnd()
L 04/18/2016 - 21:00:34: [SM] Native "SetConVarInt" reported: Invalid convar handle 0 (error 4)
L 04/18/2016 - 21:00:34: [SM] Displaying call stack trace for plugin "freaks\s93_blitzkrieg.ff2":
L 04/18/2016 - 21:00:34: [SM]   [0]  Line 1350, C:\ff2_ver2\steamapps\common\Team Fortress 2 Dedicated Server\tf\addons\sourcemod\scripting\s93_blitzkrieg.sp::OnRoundEnd()
L 04/18/2016 - 21:00:34: [SM] Native "IsClientInGame" reported: Client index 0 is invalid
L 04/18/2016 - 21:00:34: [SM] Displaying call stack trace for plugin "freaks\ff2_1st_set_abilities.ff2":
L 04/18/2016 - 21:00:34: [SM]   [0]  Line 114, C:\ff2\steamapps\common\Team Fortress 2 Dedicated Server\tf\addons\sourcemod\scripting\ff2_1st_set_abilities.sp::OnRoundEnd()
L 04/18/2016 - 21:03:06: [SM] Native "IsClientInGame" reported: Client index 0 is invalid
L 04/18/2016 - 21:03:06: [SM] Displaying call stack trace for plugin "freaks\ff2_1st_set_abilities.ff2":
L 04/18/2016 - 21:03:06: [SM]   [0]  Line 114, C:\ff2\steamapps\common\Team Fortress 2 Dedicated Server\tf\addons\sourcemod\scripting\ff2_1st_set_abilities.sp::OnRoundEnd()
L 04/18/2016 - 21:06:03: [SM] Native "IsClientInGame" reported: Client index 0 is invalid
L 04/18/2016 - 21:06:03: [SM] Displaying call stack trace for plugin "freaks\ff2_1st_set_abilities.ff2":
L 04/18/2016 - 21:06:03: [SM]   [0]  Line 114, C:\ff2\steamapps\common\Team Fortress 2 Dedicated Server\tf\addons\sourcemod\scripting\ff2_1st_set_abilities.sp::OnRoundEnd()
L 04/18/2016 - 21:08:05: [SM] Native "IsClientInGame" reported: Client index 0 is invalid
L 04/18/2016 - 21:08:05: [SM] Displaying call stack trace for plugin "freaks\ff2_1st_set_abilities.ff2":
L 04/18/2016 - 21:08:05: [SM]   [0]  Line 114, C:\ff2\steamapps\common\Team Fortress 2 Dedicated Server\tf\addons\sourcemod\scripting\ff2_1st_set_abilities.sp::OnRoundEnd()
L 04/18/2016 - 21:13:41: [SM] Native "IsClientInGame" reported: Client index 0 is invalid
L 04/18/2016 - 21:13:41: [SM] Displaying call stack trace for plugin "freaks\ff2_1st_set_abilities.ff2":
L 04/18/2016 - 21:13:41: [SM]   [0]  Line 114, C:\ff2\steamapps\common\Team Fortress 2 Dedicated Server\tf\addons\sourcemod\scripting\ff2_1st_set_abilities.sp::OnRoundEnd()
L 04/18/2016 - 21:14:56: [SM] Native "IsClientInGame" reported: Client index 0 is invalid
L 04/18/2016 - 21:14:56: [SM] Displaying call stack trace for plugin "freaks\ff2_1st_set_abilities.ff2":
L 04/18/2016 - 21:14:56: [SM]   [0]  Line 114, C:\ff2\steamapps\common\Team Fortress 2 Dedicated Server\tf\addons\sourcemod\scripting\ff2_1st_set_abilities.sp::OnRoundEnd()
L 04/18/2016 - 21:19:31: [SM] Native "IsClientInGame" reported: Client index 0 is invalid
L 04/18/2016 - 21:19:31: [SM] Displaying call stack trace for plugin "freaks\ff2_1st_set_abilities.ff2":
L 04/18/2016 - 21:19:31: [SM]   [0]  Line 114, C:\ff2\steamapps\common\Team Fortress 2 Dedicated Server\tf\addons\sourcemod\scripting\ff2_1st_set_abilities.sp::OnRoundEnd()
L 04/18/2016 - 21:23:08: [SM] Native "IsClientInGame" reported: Client index 0 is invalid
L 04/18/2016 - 21:23:08: [SM] Displaying call stack trace for plugin "freaks\ff2_1st_set_abilities.ff2":
L 04/18/2016 - 21:23:08: [SM]   [0]  Line 114, C:\ff2\steamapps\common\Team Fortress 2 Dedicated Server\tf\addons\sourcemod\scripting\ff2_1st_set_abilities.sp::OnRoundEnd()
L 04/18/2016 - 21:25:42: [SM] Native "IsClientInGame" reported: Client index 0 is invalid
L 04/18/2016 - 21:25:42: [SM] Displaying call stack trace for plugin "freaks\ff2_1st_set_abilities.ff2":
L 04/18/2016 - 21:25:42: [SM]   [0]  Line 114, C:\ff2\steamapps\common\Team Fortress 2 Dedicated Server\tf\addons\sourcemod\scripting\ff2_1st_set_abilities.sp::OnRoundEnd()
L 04/18/2016 - 21:28:10: [SM] Native "IsClientInGame" reported: Client index 0 is invalid
L 04/18/2016 - 21:28:10: [SM] Displaying call stack trace for plugin "freaks\ff2_1st_set_abilities.ff2":
L 04/18/2016 - 21:28:10: [SM]   [0]  Line 114, C:\ff2\steamapps\common\Team Fortress 2 Dedicated Server\tf\addons\sourcemod\scripting\ff2_1st_set_abilities.sp::OnRoundEnd()
L 04/18/2016 - 21:29:18: [SM] Native "IsClientInGame" reported: Client index 0 is invalid
L 04/18/2016 - 21:29:18: [SM] Displaying call stack trace for plugin "freaks\ff2_1st_set_abilities.ff2":
L 04/18/2016 - 21:29:18: [SM]   [0]  Line 114, C:\ff2\steamapps\common\Team Fortress 2 Dedicated Server\tf\addons\sourcemod\scripting\ff2_1st_set_abilities.sp::OnRoundEnd()
L 04/18/2016 - 21:32:15: [SM] Native "IsClientInGame" reported: Client index 0 is invalid
L 04/18/2016 - 21:32:15: [SM] Displaying call stack trace for plugin "freaks\ff2_1st_set_abilities.ff2":
L 04/18/2016 - 21:32:15: [SM]   [0]  Line 114, C:\ff2\steamapps\common\Team Fortress 2 Dedicated Server\tf\addons\sourcemod\scripting\ff2_1st_set_abilities.sp::OnRoundEnd()
L 04/18/2016 - 21:35:05: [SM] Native "IsClientInGame" reported: Client index 0 is invalid
L 04/18/2016 - 21:35:05: [SM] Displaying call stack trace for plugin "freaks\ff2_1st_set_abilities.ff2":
L 04/18/2016 - 21:35:05: [SM]   [0]  Line 114, C:\ff2\steamapps\common\Team Fortress 2 Dedicated Server\tf\addons\sourcemod\scripting\ff2_1st_set_abilities.sp::OnRoundEnd()
L 04/18/2016 - 21:36:21: [SM] Native "IsClientInGame" reported: Client index 0 is invalid
L 04/18/2016 - 21:36:21: [SM] Displaying call stack trace for plugin "freaks\ff2_1st_set_abilities.ff2":
L 04/18/2016 - 21:36:21: [SM]   [0]  Line 114, C:\ff2\steamapps\common\Team Fortress 2 Dedicated Server\tf\addons\sourcemod\scripting\ff2_1st_set_abilities.sp::OnRoundEnd()
L 04/18/2016 - 21:39:33: [SM] Native "IsClientInGame" reported: Client index 0 is invalid
L 04/18/2016 - 21:39:33: [SM] Displaying call stack trace for plugin "freaks\ff2_1st_set_abilities.ff2":
L 04/18/2016 - 21:39:33: [SM]   [0]  Line 114, C:\ff2\steamapps\common\Team Fortress 2 Dedicated Server\tf\addons\sourcemod\scripting\ff2_1st_set_abilities.sp::OnRoundEnd()
L 04/18/2016 - 21:44:07: [SM] Native "IsClientInGame" reported: Client index 0 is invalid
L 04/18/2016 - 21:44:07: [SM] Displaying call stack trace for plugin "freaks\ff2_1st_set_abilities.ff2":
L 04/18/2016 - 21:44:07: [SM]   [0]  Line 114, C:\ff2\steamapps\common\Team Fortress 2 Dedicated Server\tf\addons\sourcemod\scripting\ff2_1st_set_abilities.sp::OnRoundEnd()
L 04/18/2016 - 21:46:53: [SM] Native "IsClientInGame" reported: Client index 0 is invalid
L 04/18/2016 - 21:46:53: [SM] Displaying call stack trace for plugin "freaks\ff2_1st_set_abilities.ff2":
L 04/18/2016 - 21:46:53: [SM]   [0]  Line 114, C:\ff2\steamapps\common\Team Fortress 2 Dedicated Server\tf\addons\sourcemod\scripting\ff2_1st_set_abilities.sp::OnRoundEnd()
L 04/18/2016 - 21:47:08: Error log file session closed.
