L 05/15/2016 - 19:02:57: SourceMod error session started
L 05/15/2016 - 19:02:57: Info (map "vsh_apg_v2") (file "errors_20160515.log")
L 05/15/2016 - 19:02:57: [SM] Warning(s) encountered in translation file "freak_fortress_2.phrases.txt"
L 05/15/2016 - 19:02:57: [SM] Invalid token ' ' in #format property on line 71.
L 05/15/2016 - 19:02:57: [SM] Invalid token ' ' in #format property on line 230.
L 05/15/2016 - 19:02:57: [SM] Invalid token '[' in #format property on line 230.
L 05/15/2016 - 19:02:57: [SM] Invalid token '3' in #format property on line 230.
L 05/15/2016 - 19:02:57: [SM] Invalid token ':' in #format property on line 230.
L 05/15/2016 - 19:02:57: [SM] Invalid token ']' in #format property on line 230.
L 05/15/2016 - 19:02:57: [SM] Invalid token ' ' in #format property on line 235.
L 05/15/2016 - 19:02:57: [SM] Invalid token ' ' in #format property on line 424.
L 05/15/2016 - 19:02:57: [SM] Invalid token ' ' in #format property on line 429.
L 05/15/2016 - 19:02:57: [SM] Invalid token ' ' in #format property on line 429.
L 05/15/2016 - 19:02:57: [SM] Invalid token ' ' in #format property on line 438.
L 05/15/2016 - 19:02:57: [SM] Invalid token ' ' in #format property on line 438.
L 05/15/2016 - 19:02:57: [SM] Invalid token ' ' in #format property on line 438.
L 05/15/2016 - 19:39:38: Error log file session closed.
L 05/15/2016 - 19:39:38: SourceMod error session started
L 05/15/2016 - 19:39:38: Info (map "tc_hydro") (file "errors_20160515.log")
L 05/15/2016 - 19:39:38: [SM] Warning(s) encountered in translation file "freak_fortress_2.phrases.txt"
L 05/15/2016 - 19:39:38: [SM] Invalid token ' ' in #format property on line 71.
L 05/15/2016 - 19:39:38: [SM] Invalid token ' ' in #format property on line 230.
L 05/15/2016 - 19:39:38: [SM] Invalid token '[' in #format property on line 230.
L 05/15/2016 - 19:39:38: [SM] Invalid token '3' in #format property on line 230.
L 05/15/2016 - 19:39:38: [SM] Invalid token ':' in #format property on line 230.
L 05/15/2016 - 19:39:38: [SM] Invalid token ']' in #format property on line 230.
L 05/15/2016 - 19:39:38: [SM] Invalid token ' ' in #format property on line 235.
L 05/15/2016 - 19:39:38: [SM] Invalid token ' ' in #format property on line 424.
L 05/15/2016 - 19:39:38: [SM] Invalid token ' ' in #format property on line 429.
L 05/15/2016 - 19:39:38: [SM] Invalid token ' ' in #format property on line 429.
L 05/15/2016 - 19:39:38: [SM] Invalid token ' ' in #format property on line 438.
L 05/15/2016 - 19:39:38: [SM] Invalid token ' ' in #format property on line 438.
L 05/15/2016 - 19:39:38: [SM] Invalid token ' ' in #format property on line 438.
L 05/15/2016 - 19:39:49: Error log file session closed.
L 05/15/2016 - 19:39:49: SourceMod error session started
L 05/15/2016 - 19:39:49: Info (map "vsh_2fortdesk_v8") (file "errors_20160515.log")
L 05/15/2016 - 19:39:49: [SM] Warning(s) encountered in translation file "freak_fortress_2.phrases.txt"
L 05/15/2016 - 19:39:49: [SM] Invalid token ' ' in #format property on line 71.
L 05/15/2016 - 19:39:49: [SM] Invalid token ' ' in #format property on line 230.
L 05/15/2016 - 19:39:49: [SM] Invalid token '[' in #format property on line 230.
L 05/15/2016 - 19:39:49: [SM] Invalid token '3' in #format property on line 230.
L 05/15/2016 - 19:39:49: [SM] Invalid token ':' in #format property on line 230.
L 05/15/2016 - 19:39:49: [SM] Invalid token ']' in #format property on line 230.
L 05/15/2016 - 19:39:49: [SM] Invalid token ' ' in #format property on line 235.
L 05/15/2016 - 19:39:49: [SM] Invalid token ' ' in #format property on line 424.
L 05/15/2016 - 19:39:49: [SM] Invalid token ' ' in #format property on line 429.
L 05/15/2016 - 19:39:49: [SM] Invalid token ' ' in #format property on line 429.
L 05/15/2016 - 19:39:49: [SM] Invalid token ' ' in #format property on line 438.
L 05/15/2016 - 19:39:49: [SM] Invalid token ' ' in #format property on line 438.
L 05/15/2016 - 19:39:49: [SM] Invalid token ' ' in #format property on line 438.
L 05/15/2016 - 19:43:25: [SM] Native "GetEntProp" reported: Entity 507 (507) is invalid
L 05/15/2016 - 19:43:25: [SM] Displaying call stack trace for plugin "Testcoll.smx":
L 05/15/2016 - 19:43:25: [SM]   [0]  Line 164, C:\ff2_ver2\steamapps\common\Team Fortress 2 Dedicated Server\tf\addons\sourcemod\scripting\Testcoll.sp::CheckEntity()
L 05/15/2016 - 19:43:29: [SM] Native "GetEntProp" reported: Entity 508 (508) is invalid
L 05/15/2016 - 19:43:29: [SM] Displaying call stack trace for plugin "Testcoll.smx":
L 05/15/2016 - 19:43:29: [SM]   [0]  Line 164, C:\ff2_ver2\steamapps\common\Team Fortress 2 Dedicated Server\tf\addons\sourcemod\scripting\Testcoll.sp::CheckEntity()
L 05/15/2016 - 19:43:30: [SM] Native "GetEntProp" reported: Entity 495 (495) is invalid
L 05/15/2016 - 19:43:30: [SM] Displaying call stack trace for plugin "Testcoll.smx":
L 05/15/2016 - 19:43:30: [SM]   [0]  Line 164, C:\ff2_ver2\steamapps\common\Team Fortress 2 Dedicated Server\tf\addons\sourcemod\scripting\Testcoll.sp::CheckEntity()
L 05/15/2016 - 19:43:32: [SM] Native "GetEntProp" reported: Entity 503 (503) is invalid
L 05/15/2016 - 19:43:32: [SM] Displaying call stack trace for plugin "Testcoll.smx":
L 05/15/2016 - 19:43:32: [SM]   [0]  Line 164, C:\ff2_ver2\steamapps\common\Team Fortress 2 Dedicated Server\tf\addons\sourcemod\scripting\Testcoll.sp::CheckEntity()
L 05/15/2016 - 19:43:33: [SM] Native "GetEntProp" reported: Entity 503 (503) is invalid
L 05/15/2016 - 19:43:33: [SM] Displaying call stack trace for plugin "Testcoll.smx":
L 05/15/2016 - 19:43:33: [SM]   [0]  Line 164, C:\ff2_ver2\steamapps\common\Team Fortress 2 Dedicated Server\tf\addons\sourcemod\scripting\Testcoll.sp::CheckEntity()
L 05/15/2016 - 19:43:34: [SM] Native "GetEntProp" reported: Entity 497 (497) is invalid
L 05/15/2016 - 19:43:34: [SM] Displaying call stack trace for plugin "Testcoll.smx":
L 05/15/2016 - 19:43:34: [SM]   [0]  Line 164, C:\ff2_ver2\steamapps\common\Team Fortress 2 Dedicated Server\tf\addons\sourcemod\scripting\Testcoll.sp::CheckEntity()
L 05/15/2016 - 19:43:34: [SM] Native "GetEntProp" reported: Entity 495 (495) is invalid
L 05/15/2016 - 19:43:34: [SM] Displaying call stack trace for plugin "Testcoll.smx":
L 05/15/2016 - 19:43:34: [SM]   [0]  Line 164, C:\ff2_ver2\steamapps\common\Team Fortress 2 Dedicated Server\tf\addons\sourcemod\scripting\Testcoll.sp::CheckEntity()
L 05/15/2016 - 19:43:35: [SM] Native "GetEntProp" reported: Entity 503 (503) is invalid
L 05/15/2016 - 19:43:35: [SM] Displaying call stack trace for plugin "Testcoll.smx":
L 05/15/2016 - 19:43:35: [SM]   [0]  Line 164, C:\ff2_ver2\steamapps\common\Team Fortress 2 Dedicated Server\tf\addons\sourcemod\scripting\Testcoll.sp::CheckEntity()
L 05/15/2016 - 19:43:35: [SM] Native "GetEntProp" reported: Entity 499 (499) is invalid
L 05/15/2016 - 19:43:35: [SM] Displaying call stack trace for plugin "Testcoll.smx":
L 05/15/2016 - 19:43:35: [SM]   [0]  Line 164, C:\ff2_ver2\steamapps\common\Team Fortress 2 Dedicated Server\tf\addons\sourcemod\scripting\Testcoll.sp::CheckEntity()
L 05/15/2016 - 19:43:35: [SM] Native "GetEntProp" reported: Entity 510 (510) is invalid
L 05/15/2016 - 19:43:35: [SM] Displaying call stack trace for plugin "Testcoll.smx":
L 05/15/2016 - 19:43:35: [SM]   [0]  Line 164, C:\ff2_ver2\steamapps\common\Team Fortress 2 Dedicated Server\tf\addons\sourcemod\scripting\Testcoll.sp::CheckEntity()
L 05/15/2016 - 19:43:36: [SM] Native "GetEntProp" reported: Entity 500 (500) is invalid
L 05/15/2016 - 19:43:36: [SM] Displaying call stack trace for plugin "Testcoll.smx":
L 05/15/2016 - 19:43:36: [SM]   [0]  Line 164, C:\ff2_ver2\steamapps\common\Team Fortress 2 Dedicated Server\tf\addons\sourcemod\scripting\Testcoll.sp::CheckEntity()
L 05/15/2016 - 19:43:36: [SM] Native "GetEntProp" reported: Entity 503 (503) is invalid
L 05/15/2016 - 19:43:36: [SM] Displaying call stack trace for plugin "Testcoll.smx":
L 05/15/2016 - 19:43:36: [SM]   [0]  Line 164, C:\ff2_ver2\steamapps\common\Team Fortress 2 Dedicated Server\tf\addons\sourcemod\scripting\Testcoll.sp::CheckEntity()
L 05/15/2016 - 19:43:36: [SM] Native "GetEntProp" reported: Entity 499 (499) is invalid
L 05/15/2016 - 19:43:36: [SM] Displaying call stack trace for plugin "Testcoll.smx":
L 05/15/2016 - 19:43:36: [SM]   [0]  Line 164, C:\ff2_ver2\steamapps\common\Team Fortress 2 Dedicated Server\tf\addons\sourcemod\scripting\Testcoll.sp::CheckEntity()
L 05/15/2016 - 19:43:37: [SM] Native "GetEntProp" reported: Entity 508 (508) is invalid
L 05/15/2016 - 19:43:37: [SM] Displaying call stack trace for plugin "Testcoll.smx":
L 05/15/2016 - 19:43:37: [SM]   [0]  Line 164, C:\ff2_ver2\steamapps\common\Team Fortress 2 Dedicated Server\tf\addons\sourcemod\scripting\Testcoll.sp::CheckEntity()
L 05/15/2016 - 19:43:37: [SM] Native "GetEntProp" reported: Entity 500 (500) is invalid
L 05/15/2016 - 19:43:37: [SM] Displaying call stack trace for plugin "Testcoll.smx":
L 05/15/2016 - 19:43:37: [SM]   [0]  Line 164, C:\ff2_ver2\steamapps\common\Team Fortress 2 Dedicated Server\tf\addons\sourcemod\scripting\Testcoll.sp::CheckEntity()
L 05/15/2016 - 19:43:37: [SM] Native "GetEntProp" reported: Entity 503 (503) is invalid
L 05/15/2016 - 19:43:37: [SM] Displaying call stack trace for plugin "Testcoll.smx":
L 05/15/2016 - 19:43:37: [SM]   [0]  Line 164, C:\ff2_ver2\steamapps\common\Team Fortress 2 Dedicated Server\tf\addons\sourcemod\scripting\Testcoll.sp::CheckEntity()
L 05/15/2016 - 19:43:38: [SM] Native "GetEntProp" reported: Entity 509 (509) is invalid
L 05/15/2016 - 19:43:38: [SM] Displaying call stack trace for plugin "Testcoll.smx":
L 05/15/2016 - 19:43:38: [SM]   [0]  Line 164, C:\ff2_ver2\steamapps\common\Team Fortress 2 Dedicated Server\tf\addons\sourcemod\scripting\Testcoll.sp::CheckEntity()
L 05/15/2016 - 19:43:38: [SM] Native "GetEntProp" reported: Entity 508 (508) is invalid
L 05/15/2016 - 19:43:38: [SM] Displaying call stack trace for plugin "Testcoll.smx":
L 05/15/2016 - 19:43:38: [SM]   [0]  Line 164, C:\ff2_ver2\steamapps\common\Team Fortress 2 Dedicated Server\tf\addons\sourcemod\scripting\Testcoll.sp::CheckEntity()
L 05/15/2016 - 19:43:38: [SM] Native "GetEntProp" reported: Entity 500 (500) is invalid
L 05/15/2016 - 19:43:38: [SM] Displaying call stack trace for plugin "Testcoll.smx":
L 05/15/2016 - 19:43:38: [SM]   [0]  Line 164, C:\ff2_ver2\steamapps\common\Team Fortress 2 Dedicated Server\tf\addons\sourcemod\scripting\Testcoll.sp::CheckEntity()
L 05/15/2016 - 19:43:38: [SM] Native "GetEntProp" reported: Entity 503 (503) is invalid
L 05/15/2016 - 19:43:38: [SM] Displaying call stack trace for plugin "Testcoll.smx":
L 05/15/2016 - 19:43:38: [SM]   [0]  Line 164, C:\ff2_ver2\steamapps\common\Team Fortress 2 Dedicated Server\tf\addons\sourcemod\scripting\Testcoll.sp::CheckEntity()
L 05/15/2016 - 19:43:39: [SM] Native "GetEntProp" reported: Entity 509 (509) is invalid
L 05/15/2016 - 19:43:39: [SM] Displaying call stack trace for plugin "Testcoll.smx":
L 05/15/2016 - 19:43:39: [SM]   [0]  Line 164, C:\ff2_ver2\steamapps\common\Team Fortress 2 Dedicated Server\tf\addons\sourcemod\scripting\Testcoll.sp::CheckEntity()
L 05/15/2016 - 19:43:39: [SM] Native "GetEntProp" reported: Entity 508 (508) is invalid
L 05/15/2016 - 19:43:39: [SM] Displaying call stack trace for plugin "Testcoll.smx":
L 05/15/2016 - 19:43:39: [SM]   [0]  Line 164, C:\ff2_ver2\steamapps\common\Team Fortress 2 Dedicated Server\tf\addons\sourcemod\scripting\Testcoll.sp::CheckEntity()
L 05/15/2016 - 19:43:39: [SM] Native "GetEntProp" reported: Entity 500 (500) is invalid
L 05/15/2016 - 19:43:39: [SM] Displaying call stack trace for plugin "Testcoll.smx":
L 05/15/2016 - 19:43:39: [SM]   [0]  Line 164, C:\ff2_ver2\steamapps\common\Team Fortress 2 Dedicated Server\tf\addons\sourcemod\scripting\Testcoll.sp::CheckEntity()
L 05/15/2016 - 19:43:40: [SM] Native "GetEntProp" reported: Entity 503 (503) is invalid
L 05/15/2016 - 19:43:40: [SM] Displaying call stack trace for plugin "Testcoll.smx":
L 05/15/2016 - 19:43:40: [SM]   [0]  Line 164, C:\ff2_ver2\steamapps\common\Team Fortress 2 Dedicated Server\tf\addons\sourcemod\scripting\Testcoll.sp::CheckEntity()
L 05/15/2016 - 19:43:40: [SM] Native "GetEntProp" reported: Entity 509 (509) is invalid
L 05/15/2016 - 19:43:40: [SM] Displaying call stack trace for plugin "Testcoll.smx":
L 05/15/2016 - 19:43:40: [SM]   [0]  Line 164, C:\ff2_ver2\steamapps\common\Team Fortress 2 Dedicated Server\tf\addons\sourcemod\scripting\Testcoll.sp::CheckEntity()
L 05/15/2016 - 19:43:40: [SM] Native "GetEntProp" reported: Entity 508 (508) is invalid
L 05/15/2016 - 19:43:40: [SM] Displaying call stack trace for plugin "Testcoll.smx":
L 05/15/2016 - 19:43:40: [SM]   [0]  Line 164, C:\ff2_ver2\steamapps\common\Team Fortress 2 Dedicated Server\tf\addons\sourcemod\scripting\Testcoll.sp::CheckEntity()
L 05/15/2016 - 19:43:41: [SM] Native "GetEntProp" reported: Entity 504 (504) is invalid
L 05/15/2016 - 19:43:41: [SM] Displaying call stack trace for plugin "Testcoll.smx":
L 05/15/2016 - 19:43:41: [SM]   [0]  Line 164, C:\ff2_ver2\steamapps\common\Team Fortress 2 Dedicated Server\tf\addons\sourcemod\scripting\Testcoll.sp::CheckEntity()
L 05/15/2016 - 19:43:41: [SM] Native "GetEntProp" reported: Entity 503 (503) is invalid
L 05/15/2016 - 19:43:41: [SM] Displaying call stack trace for plugin "Testcoll.smx":
L 05/15/2016 - 19:43:41: [SM]   [0]  Line 164, C:\ff2_ver2\steamapps\common\Team Fortress 2 Dedicated Server\tf\addons\sourcemod\scripting\Testcoll.sp::CheckEntity()
L 05/15/2016 - 19:43:41: [SM] Native "GetEntProp" reported: Entity 511 (511) is invalid
L 05/15/2016 - 19:43:41: [SM] Displaying call stack trace for plugin "Testcoll.smx":
L 05/15/2016 - 19:43:41: [SM]   [0]  Line 164, C:\ff2_ver2\steamapps\common\Team Fortress 2 Dedicated Server\tf\addons\sourcemod\scripting\Testcoll.sp::CheckEntity()
L 05/15/2016 - 19:43:41: [SM] Native "GetEntProp" reported: Entity 508 (508) is invalid
L 05/15/2016 - 19:43:41: [SM] Displaying call stack trace for plugin "Testcoll.smx":
L 05/15/2016 - 19:43:41: [SM]   [0]  Line 164, C:\ff2_ver2\steamapps\common\Team Fortress 2 Dedicated Server\tf\addons\sourcemod\scripting\Testcoll.sp::CheckEntity()
L 05/15/2016 - 19:43:42: [SM] Native "GetEntProp" reported: Entity 504 (504) is invalid
L 05/15/2016 - 19:43:42: [SM] Displaying call stack trace for plugin "Testcoll.smx":
L 05/15/2016 - 19:43:42: [SM]   [0]  Line 164, C:\ff2_ver2\steamapps\common\Team Fortress 2 Dedicated Server\tf\addons\sourcemod\scripting\Testcoll.sp::CheckEntity()
L 05/15/2016 - 19:43:42: [SM] Native "GetEntProp" reported: Entity 503 (503) is invalid
L 05/15/2016 - 19:43:42: [SM] Displaying call stack trace for plugin "Testcoll.smx":
L 05/15/2016 - 19:43:42: [SM]   [0]  Line 164, C:\ff2_ver2\steamapps\common\Team Fortress 2 Dedicated Server\tf\addons\sourcemod\scripting\Testcoll.sp::CheckEntity()
L 05/15/2016 - 19:43:42: [SM] Native "GetEntProp" reported: Entity 511 (511) is invalid
L 05/15/2016 - 19:43:42: [SM] Displaying call stack trace for plugin "Testcoll.smx":
L 05/15/2016 - 19:43:42: [SM]   [0]  Line 164, C:\ff2_ver2\steamapps\common\Team Fortress 2 Dedicated Server\tf\addons\sourcemod\scripting\Testcoll.sp::CheckEntity()
L 05/15/2016 - 19:43:43: [SM] Native "GetEntProp" reported: Entity 508 (508) is invalid
L 05/15/2016 - 19:43:43: [SM] Displaying call stack trace for plugin "Testcoll.smx":
L 05/15/2016 - 19:43:43: [SM]   [0]  Line 164, C:\ff2_ver2\steamapps\common\Team Fortress 2 Dedicated Server\tf\addons\sourcemod\scripting\Testcoll.sp::CheckEntity()
L 05/15/2016 - 19:43:43: [SM] Native "GetEntProp" reported: Entity 504 (504) is invalid
L 05/15/2016 - 19:43:43: [SM] Displaying call stack trace for plugin "Testcoll.smx":
L 05/15/2016 - 19:43:43: [SM]   [0]  Line 164, C:\ff2_ver2\steamapps\common\Team Fortress 2 Dedicated Server\tf\addons\sourcemod\scripting\Testcoll.sp::CheckEntity()
L 05/15/2016 - 19:43:43: [SM] Native "GetEntProp" reported: Entity 503 (503) is invalid
L 05/15/2016 - 19:43:43: [SM] Displaying call stack trace for plugin "Testcoll.smx":
L 05/15/2016 - 19:43:43: [SM]   [0]  Line 164, C:\ff2_ver2\steamapps\common\Team Fortress 2 Dedicated Server\tf\addons\sourcemod\scripting\Testcoll.sp::CheckEntity()
L 05/15/2016 - 19:43:44: [SM] Native "GetEntProp" reported: Entity 511 (511) is invalid
L 05/15/2016 - 19:43:44: [SM] Displaying call stack trace for plugin "Testcoll.smx":
L 05/15/2016 - 19:43:44: [SM]   [0]  Line 164, C:\ff2_ver2\steamapps\common\Team Fortress 2 Dedicated Server\tf\addons\sourcemod\scripting\Testcoll.sp::CheckEntity()
L 05/15/2016 - 19:43:44: [SM] Native "GetEntProp" reported: Entity 499 (499) is invalid
L 05/15/2016 - 19:43:44: [SM] Displaying call stack trace for plugin "Testcoll.smx":
L 05/15/2016 - 19:43:44: [SM]   [0]  Line 164, C:\ff2_ver2\steamapps\common\Team Fortress 2 Dedicated Server\tf\addons\sourcemod\scripting\Testcoll.sp::CheckEntity()
L 05/15/2016 - 19:43:44: [SM] Native "GetEntProp" reported: Entity 504 (504) is invalid
L 05/15/2016 - 19:43:44: [SM] Displaying call stack trace for plugin "Testcoll.smx":
L 05/15/2016 - 19:43:44: [SM]   [0]  Line 164, C:\ff2_ver2\steamapps\common\Team Fortress 2 Dedicated Server\tf\addons\sourcemod\scripting\Testcoll.sp::CheckEntity()
L 05/15/2016 - 19:43:44: [SM] Native "GetEntProp" reported: Entity 508 (508) is invalid
L 05/15/2016 - 19:43:44: [SM] Displaying call stack trace for plugin "Testcoll.smx":
L 05/15/2016 - 19:43:44: [SM]   [0]  Line 164, C:\ff2_ver2\steamapps\common\Team Fortress 2 Dedicated Server\tf\addons\sourcemod\scripting\Testcoll.sp::CheckEntity()
L 05/15/2016 - 19:43:45: [SM] Native "GetEntProp" reported: Entity 509 (509) is invalid
L 05/15/2016 - 19:43:45: [SM] Displaying call stack trace for plugin "Testcoll.smx":
L 05/15/2016 - 19:43:45: [SM]   [0]  Line 164, C:\ff2_ver2\steamapps\common\Team Fortress 2 Dedicated Server\tf\addons\sourcemod\scripting\Testcoll.sp::CheckEntity()
L 05/15/2016 - 19:43:45: [SM] Native "GetEntProp" reported: Entity 499 (499) is invalid
L 05/15/2016 - 19:43:45: [SM] Displaying call stack trace for plugin "Testcoll.smx":
L 05/15/2016 - 19:43:45: [SM]   [0]  Line 164, C:\ff2_ver2\steamapps\common\Team Fortress 2 Dedicated Server\tf\addons\sourcemod\scripting\Testcoll.sp::CheckEntity()
L 05/15/2016 - 19:43:45: [SM] Native "GetEntProp" reported: Entity 504 (504) is invalid
L 05/15/2016 - 19:43:45: [SM] Displaying call stack trace for plugin "Testcoll.smx":
L 05/15/2016 - 19:43:45: [SM]   [0]  Line 164, C:\ff2_ver2\steamapps\common\Team Fortress 2 Dedicated Server\tf\addons\sourcemod\scripting\Testcoll.sp::CheckEntity()
L 05/15/2016 - 19:43:46: [SM] Native "GetEntProp" reported: Entity 508 (508) is invalid
L 05/15/2016 - 19:43:46: [SM] Displaying call stack trace for plugin "Testcoll.smx":
L 05/15/2016 - 19:43:46: [SM]   [0]  Line 164, C:\ff2_ver2\steamapps\common\Team Fortress 2 Dedicated Server\tf\addons\sourcemod\scripting\Testcoll.sp::CheckEntity()
L 05/15/2016 - 19:43:46: [SM] Native "GetEntProp" reported: Entity 509 (509) is invalid
L 05/15/2016 - 19:43:46: [SM] Displaying call stack trace for plugin "Testcoll.smx":
L 05/15/2016 - 19:43:46: [SM]   [0]  Line 164, C:\ff2_ver2\steamapps\common\Team Fortress 2 Dedicated Server\tf\addons\sourcemod\scripting\Testcoll.sp::CheckEntity()
L 05/15/2016 - 19:43:58: [SM] Native "GetEntProp" reported: Entity 507 (507) is invalid
L 05/15/2016 - 19:43:58: [SM] Displaying call stack trace for plugin "Testcoll.smx":
L 05/15/2016 - 19:43:58: [SM]   [0]  Line 164, C:\ff2_ver2\steamapps\common\Team Fortress 2 Dedicated Server\tf\addons\sourcemod\scripting\Testcoll.sp::CheckEntity()
L 05/15/2016 - 19:44:00: [SM] Native "GetEntProp" reported: Entity 499 (499) is invalid
L 05/15/2016 - 19:44:00: [SM] Displaying call stack trace for plugin "Testcoll.smx":
L 05/15/2016 - 19:44:00: [SM]   [0]  Line 164, C:\ff2_ver2\steamapps\common\Team Fortress 2 Dedicated Server\tf\addons\sourcemod\scripting\Testcoll.sp::CheckEntity()
L 05/15/2016 - 19:44:01: [SM] Native "GetEntProp" reported: Entity 511 (511) is invalid
L 05/15/2016 - 19:44:01: [SM] Displaying call stack trace for plugin "Testcoll.smx":
L 05/15/2016 - 19:44:01: [SM]   [0]  Line 164, C:\ff2_ver2\steamapps\common\Team Fortress 2 Dedicated Server\tf\addons\sourcemod\scripting\Testcoll.sp::CheckEntity()
L 05/15/2016 - 19:44:02: [SM] Native "GetEntProp" reported: Entity 512 (512) is invalid
L 05/15/2016 - 19:44:02: [SM] Displaying call stack trace for plugin "Testcoll.smx":
L 05/15/2016 - 19:44:02: [SM]   [0]  Line 164, C:\ff2_ver2\steamapps\common\Team Fortress 2 Dedicated Server\tf\addons\sourcemod\scripting\Testcoll.sp::CheckEntity()
L 05/15/2016 - 19:44:05: [SM] Native "GetEntProp" reported: Entity 502 (502) is invalid
L 05/15/2016 - 19:44:05: [SM] Displaying call stack trace for plugin "Testcoll.smx":
L 05/15/2016 - 19:44:05: [SM]   [0]  Line 164, C:\ff2_ver2\steamapps\common\Team Fortress 2 Dedicated Server\tf\addons\sourcemod\scripting\Testcoll.sp::CheckEntity()
L 05/15/2016 - 19:44:16: [SM] Native "GetEntProp" reported: Entity 508 (508) is invalid
L 05/15/2016 - 19:44:16: [SM] Displaying call stack trace for plugin "Testcoll.smx":
L 05/15/2016 - 19:44:16: [SM]   [0]  Line 164, C:\ff2_ver2\steamapps\common\Team Fortress 2 Dedicated Server\tf\addons\sourcemod\scripting\Testcoll.sp::CheckEntity()
L 05/15/2016 - 19:46:37: [SM] Native "VFormat" reported: Client index -1 is invalid
L 05/15/2016 - 19:46:37: [SM] Displaying call stack trace for plugin "Testcoll.smx":
L 05/15/2016 - 19:46:37: [SM]   [0]  Line 364, C:\ff2_ver2\steamapps\common\Team Fortress 2 Dedicated Server\tf\addons\sourcemod\scripting\include\halflife.inc::PrintToChatAll()
L 05/15/2016 - 19:46:37: [SM]   [1]  Line 164, C:\ff2_ver2\steamapps\common\Team Fortress 2 Dedicated Server\tf\addons\sourcemod\scripting\Testcoll.sp::CheckEntity()
L 05/15/2016 - 19:48:10: [SM] Native "VFormat" reported: Client index -1 is invalid
L 05/15/2016 - 19:48:10: [SM] Displaying call stack trace for plugin "Testcoll.smx":
L 05/15/2016 - 19:48:10: [SM]   [0]  Line 364, C:\ff2_ver2\steamapps\common\Team Fortress 2 Dedicated Server\tf\addons\sourcemod\scripting\include\halflife.inc::PrintToChatAll()
L 05/15/2016 - 19:48:10: [SM]   [1]  Line 164, C:\ff2_ver2\steamapps\common\Team Fortress 2 Dedicated Server\tf\addons\sourcemod\scripting\Testcoll.sp::CheckEntity()
L 05/15/2016 - 19:48:12: [SM] Native "VFormat" reported: Client index -1 is invalid
L 05/15/2016 - 19:48:12: [SM] Displaying call stack trace for plugin "Testcoll.smx":
L 05/15/2016 - 19:48:12: [SM]   [0]  Line 364, C:\ff2_ver2\steamapps\common\Team Fortress 2 Dedicated Server\tf\addons\sourcemod\scripting\include\halflife.inc::PrintToChatAll()
L 05/15/2016 - 19:48:12: [SM]   [1]  Line 164, C:\ff2_ver2\steamapps\common\Team Fortress 2 Dedicated Server\tf\addons\sourcemod\scripting\Testcoll.sp::CheckEntity()
L 05/15/2016 - 19:48:13: [SM] Native "VFormat" reported: Client index -1 is invalid
L 05/15/2016 - 19:48:13: [SM] Displaying call stack trace for plugin "Testcoll.smx":
L 05/15/2016 - 19:48:13: [SM]   [0]  Line 364, C:\ff2_ver2\steamapps\common\Team Fortress 2 Dedicated Server\tf\addons\sourcemod\scripting\include\halflife.inc::PrintToChatAll()
L 05/15/2016 - 19:48:13: [SM]   [1]  Line 164, C:\ff2_ver2\steamapps\common\Team Fortress 2 Dedicated Server\tf\addons\sourcemod\scripting\Testcoll.sp::CheckEntity()
L 05/15/2016 - 19:48:13: [SM] Native "VFormat" reported: Client index -1 is invalid
L 05/15/2016 - 19:48:13: [SM] Displaying call stack trace for plugin "Testcoll.smx":
L 05/15/2016 - 19:48:13: [SM]   [0]  Line 364, C:\ff2_ver2\steamapps\common\Team Fortress 2 Dedicated Server\tf\addons\sourcemod\scripting\include\halflife.inc::PrintToChatAll()
L 05/15/2016 - 19:48:13: [SM]   [1]  Line 164, C:\ff2_ver2\steamapps\common\Team Fortress 2 Dedicated Server\tf\addons\sourcemod\scripting\Testcoll.sp::CheckEntity()
L 05/15/2016 - 19:48:13: [SM] Native "VFormat" reported: Client index -1 is invalid
L 05/15/2016 - 19:48:13: [SM] Displaying call stack trace for plugin "Testcoll.smx":
L 05/15/2016 - 19:48:13: [SM]   [0]  Line 364, C:\ff2_ver2\steamapps\common\Team Fortress 2 Dedicated Server\tf\addons\sourcemod\scripting\include\halflife.inc::PrintToChatAll()
L 05/15/2016 - 19:48:13: [SM]   [1]  Line 164, C:\ff2_ver2\steamapps\common\Team Fortress 2 Dedicated Server\tf\addons\sourcemod\scripting\Testcoll.sp::CheckEntity()
L 05/15/2016 - 19:48:14: [SM] Native "GetEntProp" reported: Entity 495 (495) is invalid
L 05/15/2016 - 19:48:14: [SM] Displaying call stack trace for plugin "Testcoll.smx":
L 05/15/2016 - 19:48:14: [SM]   [0]  Line 164, C:\ff2_ver2\steamapps\common\Team Fortress 2 Dedicated Server\tf\addons\sourcemod\scripting\Testcoll.sp::CheckEntity()
L 05/15/2016 - 19:48:14: [SM] Native "GetEntProp" reported: Entity 513 (513) is invalid
L 05/15/2016 - 19:48:14: [SM] Displaying call stack trace for plugin "Testcoll.smx":
L 05/15/2016 - 19:48:14: [SM]   [0]  Line 164, C:\ff2_ver2\steamapps\common\Team Fortress 2 Dedicated Server\tf\addons\sourcemod\scripting\Testcoll.sp::CheckEntity()
L 05/15/2016 - 19:48:14: [SM] Native "GetEntProp" reported: Entity 494 (494) is invalid
L 05/15/2016 - 19:48:14: [SM] Displaying call stack trace for plugin "Testcoll.smx":
L 05/15/2016 - 19:48:14: [SM]   [0]  Line 164, C:\ff2_ver2\steamapps\common\Team Fortress 2 Dedicated Server\tf\addons\sourcemod\scripting\Testcoll.sp::CheckEntity()
L 05/15/2016 - 19:48:15: [SM] Native "GetEntProp" reported: Entity 487 (487) is invalid
L 05/15/2016 - 19:48:15: [SM] Displaying call stack trace for plugin "Testcoll.smx":
L 05/15/2016 - 19:48:15: [SM]   [0]  Line 164, C:\ff2_ver2\steamapps\common\Team Fortress 2 Dedicated Server\tf\addons\sourcemod\scripting\Testcoll.sp::CheckEntity()
L 05/15/2016 - 19:48:15: [SM] Native "GetEntProp" reported: Entity 488 (488) is invalid
L 05/15/2016 - 19:48:15: [SM] Displaying call stack trace for plugin "Testcoll.smx":
L 05/15/2016 - 19:48:15: [SM]   [0]  Line 164, C:\ff2_ver2\steamapps\common\Team Fortress 2 Dedicated Server\tf\addons\sourcemod\scripting\Testcoll.sp::CheckEntity()
L 05/15/2016 - 19:48:15: [SM] Native "GetEntProp" reported: Entity 489 (489) is invalid
L 05/15/2016 - 19:48:15: [SM] Displaying call stack trace for plugin "Testcoll.smx":
L 05/15/2016 - 19:48:15: [SM]   [0]  Line 164, C:\ff2_ver2\steamapps\common\Team Fortress 2 Dedicated Server\tf\addons\sourcemod\scripting\Testcoll.sp::CheckEntity()
L 05/15/2016 - 19:48:16: [SM] Native "GetEntProp" reported: Entity 503 (503) is invalid
L 05/15/2016 - 19:48:16: [SM] Displaying call stack trace for plugin "Testcoll.smx":
L 05/15/2016 - 19:48:16: [SM]   [0]  Line 164, C:\ff2_ver2\steamapps\common\Team Fortress 2 Dedicated Server\tf\addons\sourcemod\scripting\Testcoll.sp::CheckEntity()
L 05/15/2016 - 19:48:16: [SM] Native "GetEntProp" reported: Entity 499 (499) is invalid
L 05/15/2016 - 19:48:16: [SM] Displaying call stack trace for plugin "Testcoll.smx":
L 05/15/2016 - 19:48:16: [SM]   [0]  Line 164, C:\ff2_ver2\steamapps\common\Team Fortress 2 Dedicated Server\tf\addons\sourcemod\scripting\Testcoll.sp::CheckEntity()
L 05/15/2016 - 19:48:16: [SM] Native "GetEntProp" reported: Entity 488 (488) is invalid
L 05/15/2016 - 19:48:16: [SM] Displaying call stack trace for plugin "Testcoll.smx":
L 05/15/2016 - 19:48:16: [SM]   [0]  Line 164, C:\ff2_ver2\steamapps\common\Team Fortress 2 Dedicated Server\tf\addons\sourcemod\scripting\Testcoll.sp::CheckEntity()
L 05/15/2016 - 19:48:16: [SM] Native "GetEntProp" reported: Entity 489 (489) is invalid
L 05/15/2016 - 19:48:16: [SM] Displaying call stack trace for plugin "Testcoll.smx":
L 05/15/2016 - 19:48:16: [SM]   [0]  Line 164, C:\ff2_ver2\steamapps\common\Team Fortress 2 Dedicated Server\tf\addons\sourcemod\scripting\Testcoll.sp::CheckEntity()
L 05/15/2016 - 19:48:17: [SM] Native "GetEntProp" reported: Entity 503 (503) is invalid
L 05/15/2016 - 19:48:17: [SM] Displaying call stack trace for plugin "Testcoll.smx":
L 05/15/2016 - 19:48:17: [SM]   [0]  Line 164, C:\ff2_ver2\steamapps\common\Team Fortress 2 Dedicated Server\tf\addons\sourcemod\scripting\Testcoll.sp::CheckEntity()
L 05/15/2016 - 19:48:17: [SM] Native "GetEntProp" reported: Entity 499 (499) is invalid
L 05/15/2016 - 19:48:17: [SM] Displaying call stack trace for plugin "Testcoll.smx":
L 05/15/2016 - 19:48:17: [SM]   [0]  Line 164, C:\ff2_ver2\steamapps\common\Team Fortress 2 Dedicated Server\tf\addons\sourcemod\scripting\Testcoll.sp::CheckEntity()
L 05/15/2016 - 19:48:17: [SM] Native "GetEntProp" reported: Entity 496 (496) is invalid
L 05/15/2016 - 19:48:17: [SM] Displaying call stack trace for plugin "Testcoll.smx":
L 05/15/2016 - 19:48:17: [SM]   [0]  Line 164, C:\ff2_ver2\steamapps\common\Team Fortress 2 Dedicated Server\tf\addons\sourcemod\scripting\Testcoll.sp::CheckEntity()
L 05/15/2016 - 19:48:18: [SM] Native "GetEntProp" reported: Entity 489 (489) is invalid
L 05/15/2016 - 19:48:18: [SM] Displaying call stack trace for plugin "Testcoll.smx":
L 05/15/2016 - 19:48:18: [SM]   [0]  Line 164, C:\ff2_ver2\steamapps\common\Team Fortress 2 Dedicated Server\tf\addons\sourcemod\scripting\Testcoll.sp::CheckEntity()
L 05/15/2016 - 19:48:18: [SM] Native "GetEntProp" reported: Entity 503 (503) is invalid
L 05/15/2016 - 19:48:18: [SM] Displaying call stack trace for plugin "Testcoll.smx":
L 05/15/2016 - 19:48:18: [SM]   [0]  Line 164, C:\ff2_ver2\steamapps\common\Team Fortress 2 Dedicated Server\tf\addons\sourcemod\scripting\Testcoll.sp::CheckEntity()
L 05/15/2016 - 19:48:18: [SM] Native "GetEntProp" reported: Entity 499 (499) is invalid
L 05/15/2016 - 19:48:18: [SM] Displaying call stack trace for plugin "Testcoll.smx":
L 05/15/2016 - 19:48:18: [SM]   [0]  Line 164, C:\ff2_ver2\steamapps\common\Team Fortress 2 Dedicated Server\tf\addons\sourcemod\scripting\Testcoll.sp::CheckEntity()
L 05/15/2016 - 19:48:19: [SM] Native "GetEntProp" reported: Entity 496 (496) is invalid
L 05/15/2016 - 19:48:19: [SM] Displaying call stack trace for plugin "Testcoll.smx":
L 05/15/2016 - 19:48:19: [SM]   [0]  Line 164, C:\ff2_ver2\steamapps\common\Team Fortress 2 Dedicated Server\tf\addons\sourcemod\scripting\Testcoll.sp::CheckEntity()
L 05/15/2016 - 19:48:19: [SM] Native "GetEntProp" reported: Entity 489 (489) is invalid
L 05/15/2016 - 19:48:19: [SM] Displaying call stack trace for plugin "Testcoll.smx":
L 05/15/2016 - 19:48:19: [SM]   [0]  Line 164, C:\ff2_ver2\steamapps\common\Team Fortress 2 Dedicated Server\tf\addons\sourcemod\scripting\Testcoll.sp::CheckEntity()
L 05/15/2016 - 19:48:19: [SM] Native "GetEntProp" reported: Entity 494 (494) is invalid
L 05/15/2016 - 19:48:19: [SM] Displaying call stack trace for plugin "Testcoll.smx":
L 05/15/2016 - 19:48:19: [SM]   [0]  Line 164, C:\ff2_ver2\steamapps\common\Team Fortress 2 Dedicated Server\tf\addons\sourcemod\scripting\Testcoll.sp::CheckEntity()
L 05/15/2016 - 19:48:19: [SM] Native "GetEntProp" reported: Entity 499 (499) is invalid
L 05/15/2016 - 19:48:19: [SM] Displaying call stack trace for plugin "Testcoll.smx":
L 05/15/2016 - 19:48:19: [SM]   [0]  Line 164, C:\ff2_ver2\steamapps\common\Team Fortress 2 Dedicated Server\tf\addons\sourcemod\scripting\Testcoll.sp::CheckEntity()
L 05/15/2016 - 19:48:20: [SM] Native "GetEntProp" reported: Entity 505 (505) is invalid
L 05/15/2016 - 19:48:20: [SM] Displaying call stack trace for plugin "Testcoll.smx":
L 05/15/2016 - 19:48:20: [SM]   [0]  Line 164, C:\ff2_ver2\steamapps\common\Team Fortress 2 Dedicated Server\tf\addons\sourcemod\scripting\Testcoll.sp::CheckEntity()
L 05/15/2016 - 19:48:20: [SM] Native "GetEntProp" reported: Entity 509 (509) is invalid
L 05/15/2016 - 19:48:20: [SM] Displaying call stack trace for plugin "Testcoll.smx":
L 05/15/2016 - 19:48:20: [SM]   [0]  Line 164, C:\ff2_ver2\steamapps\common\Team Fortress 2 Dedicated Server\tf\addons\sourcemod\scripting\Testcoll.sp::CheckEntity()
L 05/15/2016 - 19:48:21: [SM] Native "GetEntProp" reported: Entity 505 (505) is invalid
L 05/15/2016 - 19:48:21: [SM] Displaying call stack trace for plugin "Testcoll.smx":
L 05/15/2016 - 19:48:21: [SM]   [0]  Line 164, C:\ff2_ver2\steamapps\common\Team Fortress 2 Dedicated Server\tf\addons\sourcemod\scripting\Testcoll.sp::CheckEntity()
L 05/15/2016 - 19:48:22: [SM] Native "GetEntProp" reported: Entity 508 (508) is invalid
L 05/15/2016 - 19:48:22: [SM] Displaying call stack trace for plugin "Testcoll.smx":
L 05/15/2016 - 19:48:22: [SM]   [0]  Line 164, C:\ff2_ver2\steamapps\common\Team Fortress 2 Dedicated Server\tf\addons\sourcemod\scripting\Testcoll.sp::CheckEntity()
L 05/15/2016 - 19:48:23: [SM] Native "GetEntProp" reported: Entity 505 (505) is invalid
L 05/15/2016 - 19:48:23: [SM] Displaying call stack trace for plugin "Testcoll.smx":
L 05/15/2016 - 19:48:23: [SM]   [0]  Line 164, C:\ff2_ver2\steamapps\common\Team Fortress 2 Dedicated Server\tf\addons\sourcemod\scripting\Testcoll.sp::CheckEntity()
L 05/15/2016 - 19:48:33: [SM] Native "GetEntProp" reported: Entity 500 (500) is invalid
L 05/15/2016 - 19:48:33: [SM] Displaying call stack trace for plugin "Testcoll.smx":
L 05/15/2016 - 19:48:33: [SM]   [0]  Line 164, C:\ff2_ver2\steamapps\common\Team Fortress 2 Dedicated Server\tf\addons\sourcemod\scripting\Testcoll.sp::CheckEntity()
L 05/15/2016 - 19:48:34: [SM] Native "VFormat" reported: Client index -1 is invalid
L 05/15/2016 - 19:48:34: [SM] Displaying call stack trace for plugin "Testcoll.smx":
L 05/15/2016 - 19:48:34: [SM]   [0]  Line 364, C:\ff2_ver2\steamapps\common\Team Fortress 2 Dedicated Server\tf\addons\sourcemod\scripting\include\halflife.inc::PrintToChatAll()
L 05/15/2016 - 19:48:34: [SM]   [1]  Line 164, C:\ff2_ver2\steamapps\common\Team Fortress 2 Dedicated Server\tf\addons\sourcemod\scripting\Testcoll.sp::CheckEntity()
L 05/15/2016 - 19:48:36: [SM] Native "VFormat" reported: Client index -1 is invalid
L 05/15/2016 - 19:48:36: [SM] Displaying call stack trace for plugin "Testcoll.smx":
L 05/15/2016 - 19:48:36: [SM]   [0]  Line 364, C:\ff2_ver2\steamapps\common\Team Fortress 2 Dedicated Server\tf\addons\sourcemod\scripting\include\halflife.inc::PrintToChatAll()
L 05/15/2016 - 19:48:36: [SM]   [1]  Line 164, C:\ff2_ver2\steamapps\common\Team Fortress 2 Dedicated Server\tf\addons\sourcemod\scripting\Testcoll.sp::CheckEntity()
L 05/15/2016 - 19:48:37: [SM] Native "GetEntProp" reported: Entity 507 (507) is invalid
L 05/15/2016 - 19:48:37: [SM] Displaying call stack trace for plugin "Testcoll.smx":
L 05/15/2016 - 19:48:37: [SM]   [0]  Line 164, C:\ff2_ver2\steamapps\common\Team Fortress 2 Dedicated Server\tf\addons\sourcemod\scripting\Testcoll.sp::CheckEntity()
L 05/15/2016 - 19:48:38: [SM] Native "GetEntProp" reported: Entity 506 (506) is invalid
L 05/15/2016 - 19:48:38: [SM] Displaying call stack trace for plugin "Testcoll.smx":
L 05/15/2016 - 19:48:38: [SM]   [0]  Line 164, C:\ff2_ver2\steamapps\common\Team Fortress 2 Dedicated Server\tf\addons\sourcemod\scripting\Testcoll.sp::CheckEntity()
L 05/15/2016 - 19:48:39: [SM] Native "GetEntProp" reported: Entity 509 (509) is invalid
L 05/15/2016 - 19:48:39: [SM] Displaying call stack trace for plugin "Testcoll.smx":
L 05/15/2016 - 19:48:39: [SM]   [0]  Line 164, C:\ff2_ver2\steamapps\common\Team Fortress 2 Dedicated Server\tf\addons\sourcemod\scripting\Testcoll.sp::CheckEntity()
L 05/15/2016 - 19:48:40: [SM] Native "VFormat" reported: Client index -1 is invalid
L 05/15/2016 - 19:48:40: [SM] Displaying call stack trace for plugin "Testcoll.smx":
L 05/15/2016 - 19:48:40: [SM]   [0]  Line 364, C:\ff2_ver2\steamapps\common\Team Fortress 2 Dedicated Server\tf\addons\sourcemod\scripting\include\halflife.inc::PrintToChatAll()
L 05/15/2016 - 19:48:40: [SM]   [1]  Line 164, C:\ff2_ver2\steamapps\common\Team Fortress 2 Dedicated Server\tf\addons\sourcemod\scripting\Testcoll.sp::CheckEntity()
L 05/15/2016 - 19:48:41: [SM] Native "VFormat" reported: Client index -1 is invalid
L 05/15/2016 - 19:48:41: [SM] Displaying call stack trace for plugin "Testcoll.smx":
L 05/15/2016 - 19:48:41: [SM]   [0]  Line 364, C:\ff2_ver2\steamapps\common\Team Fortress 2 Dedicated Server\tf\addons\sourcemod\scripting\include\halflife.inc::PrintToChatAll()
L 05/15/2016 - 19:48:41: [SM]   [1]  Line 164, C:\ff2_ver2\steamapps\common\Team Fortress 2 Dedicated Server\tf\addons\sourcemod\scripting\Testcoll.sp::CheckEntity()
L 05/15/2016 - 19:48:42: [SM] Native "VFormat" reported: Client index -1 is invalid
L 05/15/2016 - 19:48:42: [SM] Displaying call stack trace for plugin "Testcoll.smx":
L 05/15/2016 - 19:48:42: [SM]   [0]  Line 364, C:\ff2_ver2\steamapps\common\Team Fortress 2 Dedicated Server\tf\addons\sourcemod\scripting\include\halflife.inc::PrintToChatAll()
L 05/15/2016 - 19:48:42: [SM]   [1]  Line 164, C:\ff2_ver2\steamapps\common\Team Fortress 2 Dedicated Server\tf\addons\sourcemod\scripting\Testcoll.sp::CheckEntity()
L 05/15/2016 - 19:48:42: [SM] Native "VFormat" reported: Client index -1 is invalid
L 05/15/2016 - 19:48:42: [SM] Displaying call stack trace for plugin "Testcoll.smx":
L 05/15/2016 - 19:48:42: [SM]   [0]  Line 364, C:\ff2_ver2\steamapps\common\Team Fortress 2 Dedicated Server\tf\addons\sourcemod\scripting\include\halflife.inc::PrintToChatAll()
L 05/15/2016 - 19:48:42: [SM]   [1]  Line 164, C:\ff2_ver2\steamapps\common\Team Fortress 2 Dedicated Server\tf\addons\sourcemod\scripting\Testcoll.sp::CheckEntity()
L 05/15/2016 - 19:48:43: [SM] Native "VFormat" reported: Client index -1 is invalid
L 05/15/2016 - 19:48:43: [SM] Displaying call stack trace for plugin "Testcoll.smx":
L 05/15/2016 - 19:48:43: [SM]   [0]  Line 364, C:\ff2_ver2\steamapps\common\Team Fortress 2 Dedicated Server\tf\addons\sourcemod\scripting\include\halflife.inc::PrintToChatAll()
L 05/15/2016 - 19:48:43: [SM]   [1]  Line 164, C:\ff2_ver2\steamapps\common\Team Fortress 2 Dedicated Server\tf\addons\sourcemod\scripting\Testcoll.sp::CheckEntity()
L 05/15/2016 - 19:48:43: [SM] Native "VFormat" reported: Client index -1 is invalid
L 05/15/2016 - 19:48:43: [SM] Displaying call stack trace for plugin "Testcoll.smx":
L 05/15/2016 - 19:48:43: [SM]   [0]  Line 364, C:\ff2_ver2\steamapps\common\Team Fortress 2 Dedicated Server\tf\addons\sourcemod\scripting\include\halflife.inc::PrintToChatAll()
L 05/15/2016 - 19:48:43: [SM]   [1]  Line 164, C:\ff2_ver2\steamapps\common\Team Fortress 2 Dedicated Server\tf\addons\sourcemod\scripting\Testcoll.sp::CheckEntity()
L 05/15/2016 - 19:48:43: [SM] Native "VFormat" reported: Client index -1 is invalid
L 05/15/2016 - 19:48:43: [SM] Displaying call stack trace for plugin "Testcoll.smx":
L 05/15/2016 - 19:48:43: [SM]   [0]  Line 364, C:\ff2_ver2\steamapps\common\Team Fortress 2 Dedicated Server\tf\addons\sourcemod\scripting\include\halflife.inc::PrintToChatAll()
L 05/15/2016 - 19:48:43: [SM]   [1]  Line 164, C:\ff2_ver2\steamapps\common\Team Fortress 2 Dedicated Server\tf\addons\sourcemod\scripting\Testcoll.sp::CheckEntity()
L 05/15/2016 - 19:48:44: [SM] Native "VFormat" reported: Client index -1 is invalid
L 05/15/2016 - 19:48:44: [SM] Displaying call stack trace for plugin "Testcoll.smx":
L 05/15/2016 - 19:48:44: [SM]   [0]  Line 364, C:\ff2_ver2\steamapps\common\Team Fortress 2 Dedicated Server\tf\addons\sourcemod\scripting\include\halflife.inc::PrintToChatAll()
L 05/15/2016 - 19:48:44: [SM]   [1]  Line 164, C:\ff2_ver2\steamapps\common\Team Fortress 2 Dedicated Server\tf\addons\sourcemod\scripting\Testcoll.sp::CheckEntity()
L 05/15/2016 - 19:48:44: [SM] Native "VFormat" reported: Client index -1 is invalid
L 05/15/2016 - 19:48:44: [SM] Displaying call stack trace for plugin "Testcoll.smx":
L 05/15/2016 - 19:48:44: [SM]   [0]  Line 364, C:\ff2_ver2\steamapps\common\Team Fortress 2 Dedicated Server\tf\addons\sourcemod\scripting\include\halflife.inc::PrintToChatAll()
L 05/15/2016 - 19:48:44: [SM]   [1]  Line 164, C:\ff2_ver2\steamapps\common\Team Fortress 2 Dedicated Server\tf\addons\sourcemod\scripting\Testcoll.sp::CheckEntity()
L 05/15/2016 - 19:48:44: [SM] Native "VFormat" reported: Client index -1 is invalid
L 05/15/2016 - 19:48:44: [SM] Displaying call stack trace for plugin "Testcoll.smx":
L 05/15/2016 - 19:48:44: [SM]   [0]  Line 364, C:\ff2_ver2\steamapps\common\Team Fortress 2 Dedicated Server\tf\addons\sourcemod\scripting\include\halflife.inc::PrintToChatAll()
L 05/15/2016 - 19:48:44: [SM]   [1]  Line 164, C:\ff2_ver2\steamapps\common\Team Fortress 2 Dedicated Server\tf\addons\sourcemod\scripting\Testcoll.sp::CheckEntity()
L 05/15/2016 - 19:48:45: [SM] Native "VFormat" reported: Client index -1 is invalid
L 05/15/2016 - 19:48:45: [SM] Displaying call stack trace for plugin "Testcoll.smx":
L 05/15/2016 - 19:48:45: [SM]   [0]  Line 364, C:\ff2_ver2\steamapps\common\Team Fortress 2 Dedicated Server\tf\addons\sourcemod\scripting\include\halflife.inc::PrintToChatAll()
L 05/15/2016 - 19:48:45: [SM]   [1]  Line 164, C:\ff2_ver2\steamapps\common\Team Fortress 2 Dedicated Server\tf\addons\sourcemod\scripting\Testcoll.sp::CheckEntity()
L 05/15/2016 - 19:48:45: [SM] Native "VFormat" reported: Client index -1 is invalid
L 05/15/2016 - 19:48:45: [SM] Displaying call stack trace for plugin "Testcoll.smx":
L 05/15/2016 - 19:48:45: [SM]   [0]  Line 364, C:\ff2_ver2\steamapps\common\Team Fortress 2 Dedicated Server\tf\addons\sourcemod\scripting\include\halflife.inc::PrintToChatAll()
L 05/15/2016 - 19:48:45: [SM]   [1]  Line 164, C:\ff2_ver2\steamapps\common\Team Fortress 2 Dedicated Server\tf\addons\sourcemod\scripting\Testcoll.sp::CheckEntity()
L 05/15/2016 - 19:48:45: [SM] Native "VFormat" reported: Client index -1 is invalid
L 05/15/2016 - 19:48:45: [SM] Displaying call stack trace for plugin "Testcoll.smx":
L 05/15/2016 - 19:48:45: [SM]   [0]  Line 364, C:\ff2_ver2\steamapps\common\Team Fortress 2 Dedicated Server\tf\addons\sourcemod\scripting\include\halflife.inc::PrintToChatAll()
L 05/15/2016 - 19:48:45: [SM]   [1]  Line 164, C:\ff2_ver2\steamapps\common\Team Fortress 2 Dedicated Server\tf\addons\sourcemod\scripting\Testcoll.sp::CheckEntity()
L 05/15/2016 - 19:48:46: [SM] Native "VFormat" reported: Client index -1 is invalid
L 05/15/2016 - 19:48:46: [SM] Displaying call stack trace for plugin "Testcoll.smx":
L 05/15/2016 - 19:48:46: [SM]   [0]  Line 364, C:\ff2_ver2\steamapps\common\Team Fortress 2 Dedicated Server\tf\addons\sourcemod\scripting\include\halflife.inc::PrintToChatAll()
L 05/15/2016 - 19:48:46: [SM]   [1]  Line 164, C:\ff2_ver2\steamapps\common\Team Fortress 2 Dedicated Server\tf\addons\sourcemod\scripting\Testcoll.sp::CheckEntity()
L 05/15/2016 - 19:48:46: [SM] Native "VFormat" reported: Client index -1 is invalid
L 05/15/2016 - 19:48:46: [SM] Displaying call stack trace for plugin "Testcoll.smx":
L 05/15/2016 - 19:48:46: [SM]   [0]  Line 364, C:\ff2_ver2\steamapps\common\Team Fortress 2 Dedicated Server\tf\addons\sourcemod\scripting\include\halflife.inc::PrintToChatAll()
L 05/15/2016 - 19:48:46: [SM]   [1]  Line 164, C:\ff2_ver2\steamapps\common\Team Fortress 2 Dedicated Server\tf\addons\sourcemod\scripting\Testcoll.sp::CheckEntity()
L 05/15/2016 - 19:48:46: [SM] Native "VFormat" reported: Client index -1 is invalid
L 05/15/2016 - 19:48:46: [SM] Displaying call stack trace for plugin "Testcoll.smx":
L 05/15/2016 - 19:48:46: [SM]   [0]  Line 364, C:\ff2_ver2\steamapps\common\Team Fortress 2 Dedicated Server\tf\addons\sourcemod\scripting\include\halflife.inc::PrintToChatAll()
L 05/15/2016 - 19:48:46: [SM]   [1]  Line 164, C:\ff2_ver2\steamapps\common\Team Fortress 2 Dedicated Server\tf\addons\sourcemod\scripting\Testcoll.sp::CheckEntity()
L 05/15/2016 - 19:48:47: [SM] Native "VFormat" reported: Client index -1 is invalid
L 05/15/2016 - 19:48:47: [SM] Displaying call stack trace for plugin "Testcoll.smx":
L 05/15/2016 - 19:48:47: [SM]   [0]  Line 364, C:\ff2_ver2\steamapps\common\Team Fortress 2 Dedicated Server\tf\addons\sourcemod\scripting\include\halflife.inc::PrintToChatAll()
L 05/15/2016 - 19:48:47: [SM]   [1]  Line 164, C:\ff2_ver2\steamapps\common\Team Fortress 2 Dedicated Server\tf\addons\sourcemod\scripting\Testcoll.sp::CheckEntity()
L 05/15/2016 - 19:48:47: [SM] Native "VFormat" reported: Client index -1 is invalid
L 05/15/2016 - 19:48:47: [SM] Displaying call stack trace for plugin "Testcoll.smx":
L 05/15/2016 - 19:48:47: [SM]   [0]  Line 364, C:\ff2_ver2\steamapps\common\Team Fortress 2 Dedicated Server\tf\addons\sourcemod\scripting\include\halflife.inc::PrintToChatAll()
L 05/15/2016 - 19:48:47: [SM]   [1]  Line 164, C:\ff2_ver2\steamapps\common\Team Fortress 2 Dedicated Server\tf\addons\sourcemod\scripting\Testcoll.sp::CheckEntity()
L 05/15/2016 - 19:48:47: [SM] Native "VFormat" reported: Client index -1 is invalid
L 05/15/2016 - 19:48:47: [SM] Displaying call stack trace for plugin "Testcoll.smx":
L 05/15/2016 - 19:48:47: [SM]   [0]  Line 364, C:\ff2_ver2\steamapps\common\Team Fortress 2 Dedicated Server\tf\addons\sourcemod\scripting\include\halflife.inc::PrintToChatAll()
L 05/15/2016 - 19:48:47: [SM]   [1]  Line 164, C:\ff2_ver2\steamapps\common\Team Fortress 2 Dedicated Server\tf\addons\sourcemod\scripting\Testcoll.sp::CheckEntity()
L 05/15/2016 - 19:48:47: [SM] Native "GetEntProp" reported: Entity 489 (489) is invalid
L 05/15/2016 - 19:48:47: [SM] Displaying call stack trace for plugin "Testcoll.smx":
L 05/15/2016 - 19:48:47: [SM]   [0]  Line 164, C:\ff2_ver2\steamapps\common\Team Fortress 2 Dedicated Server\tf\addons\sourcemod\scripting\Testcoll.sp::CheckEntity()
L 05/15/2016 - 19:48:48: [SM] Native "GetEntProp" reported: Entity 504 (504) is invalid
L 05/15/2016 - 19:48:48: [SM] Displaying call stack trace for plugin "Testcoll.smx":
L 05/15/2016 - 19:48:48: [SM]   [0]  Line 164, C:\ff2_ver2\steamapps\common\Team Fortress 2 Dedicated Server\tf\addons\sourcemod\scripting\Testcoll.sp::CheckEntity()
L 05/15/2016 - 19:48:48: [SM] Native "GetEntProp" reported: Entity 487 (487) is invalid
L 05/15/2016 - 19:48:48: [SM] Displaying call stack trace for plugin "Testcoll.smx":
L 05/15/2016 - 19:48:48: [SM]   [0]  Line 164, C:\ff2_ver2\steamapps\common\Team Fortress 2 Dedicated Server\tf\addons\sourcemod\scripting\Testcoll.sp::CheckEntity()
L 05/15/2016 - 19:48:48: [SM] Native "GetEntProp" reported: Entity 494 (494) is invalid
L 05/15/2016 - 19:48:48: [SM] Displaying call stack trace for plugin "Testcoll.smx":
L 05/15/2016 - 19:48:48: [SM]   [0]  Line 164, C:\ff2_ver2\steamapps\common\Team Fortress 2 Dedicated Server\tf\addons\sourcemod\scripting\Testcoll.sp::CheckEntity()
L 05/15/2016 - 19:48:49: [SM] Native "GetEntProp" reported: Entity 511 (511) is invalid
L 05/15/2016 - 19:48:49: [SM] Displaying call stack trace for plugin "Testcoll.smx":
L 05/15/2016 - 19:48:49: [SM]   [0]  Line 164, C:\ff2_ver2\steamapps\common\Team Fortress 2 Dedicated Server\tf\addons\sourcemod\scripting\Testcoll.sp::CheckEntity()
L 05/15/2016 - 19:48:50: [SM] Native "VFormat" reported: Client index -1 is invalid
L 05/15/2016 - 19:48:50: [SM] Displaying call stack trace for plugin "Testcoll.smx":
L 05/15/2016 - 19:48:50: [SM]   [0]  Line 364, C:\ff2_ver2\steamapps\common\Team Fortress 2 Dedicated Server\tf\addons\sourcemod\scripting\include\halflife.inc::PrintToChatAll()
L 05/15/2016 - 19:48:50: [SM]   [1]  Line 164, C:\ff2_ver2\steamapps\common\Team Fortress 2 Dedicated Server\tf\addons\sourcemod\scripting\Testcoll.sp::CheckEntity()
L 05/15/2016 - 19:48:50: [SM] Native "VFormat" reported: Client index -1 is invalid
L 05/15/2016 - 19:48:50: [SM] Displaying call stack trace for plugin "Testcoll.smx":
L 05/15/2016 - 19:48:50: [SM]   [0]  Line 364, C:\ff2_ver2\steamapps\common\Team Fortress 2 Dedicated Server\tf\addons\sourcemod\scripting\include\halflife.inc::PrintToChatAll()
L 05/15/2016 - 19:48:50: [SM]   [1]  Line 164, C:\ff2_ver2\steamapps\common\Team Fortress 2 Dedicated Server\tf\addons\sourcemod\scripting\Testcoll.sp::CheckEntity()
L 05/15/2016 - 19:48:50: [SM] Native "GetEntProp" reported: Entity 504 (504) is invalid
L 05/15/2016 - 19:48:50: [SM] Displaying call stack trace for plugin "Testcoll.smx":
L 05/15/2016 - 19:48:50: [SM]   [0]  Line 164, C:\ff2_ver2\steamapps\common\Team Fortress 2 Dedicated Server\tf\addons\sourcemod\scripting\Testcoll.sp::CheckEntity()
L 05/15/2016 - 19:48:51: [SM] Native "VFormat" reported: Client index -1 is invalid
L 05/15/2016 - 19:48:51: [SM] Displaying call stack trace for plugin "Testcoll.smx":
L 05/15/2016 - 19:48:51: [SM]   [0]  Line 364, C:\ff2_ver2\steamapps\common\Team Fortress 2 Dedicated Server\tf\addons\sourcemod\scripting\include\halflife.inc::PrintToChatAll()
L 05/15/2016 - 19:48:51: [SM]   [1]  Line 164, C:\ff2_ver2\steamapps\common\Team Fortress 2 Dedicated Server\tf\addons\sourcemod\scripting\Testcoll.sp::CheckEntity()
L 05/15/2016 - 19:48:51: [SM] Native "VFormat" reported: Client index -1 is invalid
L 05/15/2016 - 19:48:51: [SM] Displaying call stack trace for plugin "Testcoll.smx":
L 05/15/2016 - 19:48:51: [SM]   [0]  Line 364, C:\ff2_ver2\steamapps\common\Team Fortress 2 Dedicated Server\tf\addons\sourcemod\scripting\include\halflife.inc::PrintToChatAll()
L 05/15/2016 - 19:48:51: [SM]   [1]  Line 164, C:\ff2_ver2\steamapps\common\Team Fortress 2 Dedicated Server\tf\addons\sourcemod\scripting\Testcoll.sp::CheckEntity()
L 05/15/2016 - 19:48:51: [SM] Native "VFormat" reported: Client index -1 is invalid
L 05/15/2016 - 19:48:51: [SM] Displaying call stack trace for plugin "Testcoll.smx":
L 05/15/2016 - 19:48:51: [SM]   [0]  Line 364, C:\ff2_ver2\steamapps\common\Team Fortress 2 Dedicated Server\tf\addons\sourcemod\scripting\include\halflife.inc::PrintToChatAll()
L 05/15/2016 - 19:48:51: [SM]   [1]  Line 164, C:\ff2_ver2\steamapps\common\Team Fortress 2 Dedicated Server\tf\addons\sourcemod\scripting\Testcoll.sp::CheckEntity()
L 05/15/2016 - 19:48:52: [SM] Native "VFormat" reported: Client index -1 is invalid
L 05/15/2016 - 19:48:52: [SM] Displaying call stack trace for plugin "Testcoll.smx":
L 05/15/2016 - 19:48:52: [SM]   [0]  Line 364, C:\ff2_ver2\steamapps\common\Team Fortress 2 Dedicated Server\tf\addons\sourcemod\scripting\include\halflife.inc::PrintToChatAll()
L 05/15/2016 - 19:48:52: [SM]   [1]  Line 164, C:\ff2_ver2\steamapps\common\Team Fortress 2 Dedicated Server\tf\addons\sourcemod\scripting\Testcoll.sp::CheckEntity()
L 05/15/2016 - 19:48:54: [SM] Native "GetEntProp" reported: Entity 504 (504) is invalid
L 05/15/2016 - 19:48:54: [SM] Displaying call stack trace for plugin "Testcoll.smx":
L 05/15/2016 - 19:48:54: [SM]   [0]  Line 164, C:\ff2_ver2\steamapps\common\Team Fortress 2 Dedicated Server\tf\addons\sourcemod\scripting\Testcoll.sp::CheckEntity()
L 05/15/2016 - 19:48:55: [SM] Native "GetEntProp" reported: Entity 504 (504) is invalid
L 05/15/2016 - 19:48:55: [SM] Displaying call stack trace for plugin "Testcoll.smx":
L 05/15/2016 - 19:48:55: [SM]   [0]  Line 164, C:\ff2_ver2\steamapps\common\Team Fortress 2 Dedicated Server\tf\addons\sourcemod\scripting\Testcoll.sp::CheckEntity()
L 05/15/2016 - 19:48:59: [SM] Native "GetEntProp" reported: Entity 506 (506) is invalid
L 05/15/2016 - 19:48:59: [SM] Displaying call stack trace for plugin "Testcoll.smx":
L 05/15/2016 - 19:48:59: [SM]   [0]  Line 164, C:\ff2_ver2\steamapps\common\Team Fortress 2 Dedicated Server\tf\addons\sourcemod\scripting\Testcoll.sp::CheckEntity()
L 05/15/2016 - 19:49:00: [SM] Native "GetEntProp" reported: Entity 497 (497) is invalid
L 05/15/2016 - 19:49:00: [SM] Displaying call stack trace for plugin "Testcoll.smx":
L 05/15/2016 - 19:49:00: [SM]   [0]  Line 164, C:\ff2_ver2\steamapps\common\Team Fortress 2 Dedicated Server\tf\addons\sourcemod\scripting\Testcoll.sp::CheckEntity()
L 05/15/2016 - 19:49:04: [SM] Native "GetEntProp" reported: Entity 505 (505) is invalid
L 05/15/2016 - 19:49:04: [SM] Displaying call stack trace for plugin "Testcoll.smx":
L 05/15/2016 - 19:49:04: [SM]   [0]  Line 164, C:\ff2_ver2\steamapps\common\Team Fortress 2 Dedicated Server\tf\addons\sourcemod\scripting\Testcoll.sp::CheckEntity()
L 05/15/2016 - 19:49:06: [SM] Native "GetEntProp" reported: Entity 508 (508) is invalid
L 05/15/2016 - 19:49:06: [SM] Displaying call stack trace for plugin "Testcoll.smx":
L 05/15/2016 - 19:49:06: [SM]   [0]  Line 164, C:\ff2_ver2\steamapps\common\Team Fortress 2 Dedicated Server\tf\addons\sourcemod\scripting\Testcoll.sp::CheckEntity()
L 05/15/2016 - 19:49:17: [SM] Native "GetEntProp" reported: Entity 507 (507) is invalid
L 05/15/2016 - 19:49:17: [SM] Displaying call stack trace for plugin "Testcoll.smx":
L 05/15/2016 - 19:49:17: [SM]   [0]  Line 164, C:\ff2_ver2\steamapps\common\Team Fortress 2 Dedicated Server\tf\addons\sourcemod\scripting\Testcoll.sp::CheckEntity()
L 05/15/2016 - 19:49:18: [SM] Native "VFormat" reported: Client index -1 is invalid
L 05/15/2016 - 19:49:18: [SM] Displaying call stack trace for plugin "Testcoll.smx":
L 05/15/2016 - 19:49:18: [SM]   [0]  Line 364, C:\ff2_ver2\steamapps\common\Team Fortress 2 Dedicated Server\tf\addons\sourcemod\scripting\include\halflife.inc::PrintToChatAll()
L 05/15/2016 - 19:49:18: [SM]   [1]  Line 164, C:\ff2_ver2\steamapps\common\Team Fortress 2 Dedicated Server\tf\addons\sourcemod\scripting\Testcoll.sp::CheckEntity()
L 05/15/2016 - 19:49:18: [SM] Native "VFormat" reported: Client index -1 is invalid
L 05/15/2016 - 19:49:18: [SM] Displaying call stack trace for plugin "Testcoll.smx":
L 05/15/2016 - 19:49:18: [SM]   [0]  Line 364, C:\ff2_ver2\steamapps\common\Team Fortress 2 Dedicated Server\tf\addons\sourcemod\scripting\include\halflife.inc::PrintToChatAll()
L 05/15/2016 - 19:49:18: [SM]   [1]  Line 164, C:\ff2_ver2\steamapps\common\Team Fortress 2 Dedicated Server\tf\addons\sourcemod\scripting\Testcoll.sp::CheckEntity()
L 05/15/2016 - 19:49:18: [SM] Native "VFormat" reported: Client index -1 is invalid
L 05/15/2016 - 19:49:18: [SM] Displaying call stack trace for plugin "Testcoll.smx":
L 05/15/2016 - 19:49:18: [SM]   [0]  Line 364, C:\ff2_ver2\steamapps\common\Team Fortress 2 Dedicated Server\tf\addons\sourcemod\scripting\include\halflife.inc::PrintToChatAll()
L 05/15/2016 - 19:49:18: [SM]   [1]  Line 164, C:\ff2_ver2\steamapps\common\Team Fortress 2 Dedicated Server\tf\addons\sourcemod\scripting\Testcoll.sp::CheckEntity()
L 05/15/2016 - 19:49:19: [SM] Native "VFormat" reported: Client index -1 is invalid
L 05/15/2016 - 19:49:19: [SM] Displaying call stack trace for plugin "Testcoll.smx":
L 05/15/2016 - 19:49:19: [SM]   [0]  Line 364, C:\ff2_ver2\steamapps\common\Team Fortress 2 Dedicated Server\tf\addons\sourcemod\scripting\include\halflife.inc::PrintToChatAll()
L 05/15/2016 - 19:49:19: [SM]   [1]  Line 164, C:\ff2_ver2\steamapps\common\Team Fortress 2 Dedicated Server\tf\addons\sourcemod\scripting\Testcoll.sp::CheckEntity()
L 05/15/2016 - 19:49:19: [SM] Native "VFormat" reported: Client index -1 is invalid
L 05/15/2016 - 19:49:19: [SM] Displaying call stack trace for plugin "Testcoll.smx":
L 05/15/2016 - 19:49:19: [SM]   [0]  Line 364, C:\ff2_ver2\steamapps\common\Team Fortress 2 Dedicated Server\tf\addons\sourcemod\scripting\include\halflife.inc::PrintToChatAll()
L 05/15/2016 - 19:49:19: [SM]   [1]  Line 164, C:\ff2_ver2\steamapps\common\Team Fortress 2 Dedicated Server\tf\addons\sourcemod\scripting\Testcoll.sp::CheckEntity()
L 05/15/2016 - 19:49:19: [SM] Native "VFormat" reported: Client index -1 is invalid
L 05/15/2016 - 19:49:19: [SM] Displaying call stack trace for plugin "Testcoll.smx":
L 05/15/2016 - 19:49:19: [SM]   [0]  Line 364, C:\ff2_ver2\steamapps\common\Team Fortress 2 Dedicated Server\tf\addons\sourcemod\scripting\include\halflife.inc::PrintToChatAll()
L 05/15/2016 - 19:49:19: [SM]   [1]  Line 164, C:\ff2_ver2\steamapps\common\Team Fortress 2 Dedicated Server\tf\addons\sourcemod\scripting\Testcoll.sp::CheckEntity()
L 05/15/2016 - 19:49:20: [SM] Native "VFormat" reported: Client index -1 is invalid
L 05/15/2016 - 19:49:20: [SM] Displaying call stack trace for plugin "Testcoll.smx":
L 05/15/2016 - 19:49:20: [SM]   [0]  Line 364, C:\ff2_ver2\steamapps\common\Team Fortress 2 Dedicated Server\tf\addons\sourcemod\scripting\include\halflife.inc::PrintToChatAll()
L 05/15/2016 - 19:49:20: [SM]   [1]  Line 164, C:\ff2_ver2\steamapps\common\Team Fortress 2 Dedicated Server\tf\addons\sourcemod\scripting\Testcoll.sp::CheckEntity()
L 05/15/2016 - 19:49:20: [SM] Native "VFormat" reported: Client index -1 is invalid
L 05/15/2016 - 19:49:20: [SM] Displaying call stack trace for plugin "Testcoll.smx":
L 05/15/2016 - 19:49:20: [SM]   [0]  Line 364, C:\ff2_ver2\steamapps\common\Team Fortress 2 Dedicated Server\tf\addons\sourcemod\scripting\include\halflife.inc::PrintToChatAll()
L 05/15/2016 - 19:49:20: [SM]   [1]  Line 164, C:\ff2_ver2\steamapps\common\Team Fortress 2 Dedicated Server\tf\addons\sourcemod\scripting\Testcoll.sp::CheckEntity()
L 05/15/2016 - 19:49:24: [SM] Native "VFormat" reported: Client index -1 is invalid
L 05/15/2016 - 19:49:24: [SM] Displaying call stack trace for plugin "Testcoll.smx":
L 05/15/2016 - 19:49:24: [SM]   [0]  Line 364, C:\ff2_ver2\steamapps\common\Team Fortress 2 Dedicated Server\tf\addons\sourcemod\scripting\include\halflife.inc::PrintToChatAll()
L 05/15/2016 - 19:49:24: [SM]   [1]  Line 164, C:\ff2_ver2\steamapps\common\Team Fortress 2 Dedicated Server\tf\addons\sourcemod\scripting\Testcoll.sp::CheckEntity()
L 05/15/2016 - 19:49:25: [SM] Native "VFormat" reported: Client index -1 is invalid
L 05/15/2016 - 19:49:25: [SM] Displaying call stack trace for plugin "Testcoll.smx":
L 05/15/2016 - 19:49:25: [SM]   [0]  Line 364, C:\ff2_ver2\steamapps\common\Team Fortress 2 Dedicated Server\tf\addons\sourcemod\scripting\include\halflife.inc::PrintToChatAll()
L 05/15/2016 - 19:49:25: [SM]   [1]  Line 164, C:\ff2_ver2\steamapps\common\Team Fortress 2 Dedicated Server\tf\addons\sourcemod\scripting\Testcoll.sp::CheckEntity()
L 05/15/2016 - 19:49:25: [SM] Native "VFormat" reported: Client index -1 is invalid
L 05/15/2016 - 19:49:25: [SM] Displaying call stack trace for plugin "Testcoll.smx":
L 05/15/2016 - 19:49:25: [SM]   [0]  Line 364, C:\ff2_ver2\steamapps\common\Team Fortress 2 Dedicated Server\tf\addons\sourcemod\scripting\include\halflife.inc::PrintToChatAll()
L 05/15/2016 - 19:49:25: [SM]   [1]  Line 164, C:\ff2_ver2\steamapps\common\Team Fortress 2 Dedicated Server\tf\addons\sourcemod\scripting\Testcoll.sp::CheckEntity()
L 05/15/2016 - 19:49:33: [SM] Native "GetEntProp" reported: Entity 506 (506) is invalid
L 05/15/2016 - 19:49:33: [SM] Displaying call stack trace for plugin "Testcoll.smx":
L 05/15/2016 - 19:49:33: [SM]   [0]  Line 164, C:\ff2_ver2\steamapps\common\Team Fortress 2 Dedicated Server\tf\addons\sourcemod\scripting\Testcoll.sp::CheckEntity()
L 05/15/2016 - 19:49:50: [SM] Native "GetEntProp" reported: Entity 508 (508) is invalid
L 05/15/2016 - 19:49:50: [SM] Displaying call stack trace for plugin "Testcoll.smx":
L 05/15/2016 - 19:49:50: [SM]   [0]  Line 164, C:\ff2_ver2\steamapps\common\Team Fortress 2 Dedicated Server\tf\addons\sourcemod\scripting\Testcoll.sp::CheckEntity()
L 05/15/2016 - 19:49:52: [SM] Native "VFormat" reported: Client index -1 is invalid
L 05/15/2016 - 19:49:52: [SM] Displaying call stack trace for plugin "Testcoll.smx":
L 05/15/2016 - 19:49:52: [SM]   [0]  Line 364, C:\ff2_ver2\steamapps\common\Team Fortress 2 Dedicated Server\tf\addons\sourcemod\scripting\include\halflife.inc::PrintToChatAll()
L 05/15/2016 - 19:49:52: [SM]   [1]  Line 164, C:\ff2_ver2\steamapps\common\Team Fortress 2 Dedicated Server\tf\addons\sourcemod\scripting\Testcoll.sp::CheckEntity()
L 05/15/2016 - 19:49:53: [SM] Native "VFormat" reported: Client index -1 is invalid
L 05/15/2016 - 19:49:53: [SM] Displaying call stack trace for plugin "Testcoll.smx":
L 05/15/2016 - 19:49:53: [SM]   [0]  Line 364, C:\ff2_ver2\steamapps\common\Team Fortress 2 Dedicated Server\tf\addons\sourcemod\scripting\include\halflife.inc::PrintToChatAll()
L 05/15/2016 - 19:49:53: [SM]   [1]  Line 164, C:\ff2_ver2\steamapps\common\Team Fortress 2 Dedicated Server\tf\addons\sourcemod\scripting\Testcoll.sp::CheckEntity()
L 05/15/2016 - 19:49:55: [SM] Native "GetEntProp" reported: Entity 502 (502) is invalid
L 05/15/2016 - 19:49:55: [SM] Displaying call stack trace for plugin "Testcoll.smx":
L 05/15/2016 - 19:49:55: [SM]   [0]  Line 164, C:\ff2_ver2\steamapps\common\Team Fortress 2 Dedicated Server\tf\addons\sourcemod\scripting\Testcoll.sp::CheckEntity()
L 05/15/2016 - 19:49:56: [SM] Native "VFormat" reported: Client index -1 is invalid
L 05/15/2016 - 19:49:56: [SM] Displaying call stack trace for plugin "Testcoll.smx":
L 05/15/2016 - 19:49:56: [SM]   [0]  Line 364, C:\ff2_ver2\steamapps\common\Team Fortress 2 Dedicated Server\tf\addons\sourcemod\scripting\include\halflife.inc::PrintToChatAll()
L 05/15/2016 - 19:49:56: [SM]   [1]  Line 164, C:\ff2_ver2\steamapps\common\Team Fortress 2 Dedicated Server\tf\addons\sourcemod\scripting\Testcoll.sp::CheckEntity()
L 05/15/2016 - 19:49:58: [SM] Native "VFormat" reported: Client index -1 is invalid
L 05/15/2016 - 19:49:58: [SM] Displaying call stack trace for plugin "Testcoll.smx":
L 05/15/2016 - 19:49:58: [SM]   [0]  Line 364, C:\ff2_ver2\steamapps\common\Team Fortress 2 Dedicated Server\tf\addons\sourcemod\scripting\include\halflife.inc::PrintToChatAll()
L 05/15/2016 - 19:49:58: [SM]   [1]  Line 164, C:\ff2_ver2\steamapps\common\Team Fortress 2 Dedicated Server\tf\addons\sourcemod\scripting\Testcoll.sp::CheckEntity()
L 05/15/2016 - 19:49:59: [SM] Native "GetEntProp" reported: Entity 506 (506) is invalid
L 05/15/2016 - 19:49:59: [SM] Displaying call stack trace for plugin "Testcoll.smx":
L 05/15/2016 - 19:49:59: [SM]   [0]  Line 164, C:\ff2_ver2\steamapps\common\Team Fortress 2 Dedicated Server\tf\addons\sourcemod\scripting\Testcoll.sp::CheckEntity()
L 05/15/2016 - 19:55:06: [SM] Native "VFormat" reported: Client index -1 is invalid
L 05/15/2016 - 19:55:06: [SM] Displaying call stack trace for plugin "Testcoll.smx":
L 05/15/2016 - 19:55:06: [SM]   [0]  Line 364, C:\ff2_ver2\steamapps\common\Team Fortress 2 Dedicated Server\tf\addons\sourcemod\scripting\include\halflife.inc::PrintToChatAll()
L 05/15/2016 - 19:55:06: [SM]   [1]  Line 164, C:\ff2_ver2\steamapps\common\Team Fortress 2 Dedicated Server\tf\addons\sourcemod\scripting\Testcoll.sp::CheckEntity()
L 05/15/2016 - 19:55:10: [SM] Native "GetEntProp" reported: Entity 510 (510) is invalid
L 05/15/2016 - 19:55:10: [SM] Displaying call stack trace for plugin "Testcoll.smx":
L 05/15/2016 - 19:55:10: [SM]   [0]  Line 164, C:\ff2_ver2\steamapps\common\Team Fortress 2 Dedicated Server\tf\addons\sourcemod\scripting\Testcoll.sp::CheckEntity()
L 05/15/2016 - 19:55:10: [SM] Native "GetEntProp" reported: Entity 481 (481) is invalid
L 05/15/2016 - 19:55:10: [SM] Displaying call stack trace for plugin "Testcoll.smx":
L 05/15/2016 - 19:55:10: [SM]   [0]  Line 164, C:\ff2_ver2\steamapps\common\Team Fortress 2 Dedicated Server\tf\addons\sourcemod\scripting\Testcoll.sp::CheckEntity()
L 05/15/2016 - 19:55:10: [SM] Native "GetEntProp" reported: Entity 494 (494) is invalid
L 05/15/2016 - 19:55:10: [SM] Displaying call stack trace for plugin "Testcoll.smx":
L 05/15/2016 - 19:55:10: [SM]   [0]  Line 164, C:\ff2_ver2\steamapps\common\Team Fortress 2 Dedicated Server\tf\addons\sourcemod\scripting\Testcoll.sp::CheckEntity()
L 05/15/2016 - 19:55:10: [SM] Native "VFormat" reported: Client index -1 is invalid
L 05/15/2016 - 19:55:11: [SM] Displaying call stack trace for plugin "Testcoll.smx":
L 05/15/2016 - 19:55:11: [SM]   [0]  Line 364, C:\ff2_ver2\steamapps\common\Team Fortress 2 Dedicated Server\tf\addons\sourcemod\scripting\include\halflife.inc::PrintToChatAll()
L 05/15/2016 - 19:55:11: [SM]   [1]  Line 164, C:\ff2_ver2\steamapps\common\Team Fortress 2 Dedicated Server\tf\addons\sourcemod\scripting\Testcoll.sp::CheckEntity()
L 05/15/2016 - 19:55:11: [SM] Native "GetEntProp" reported: Entity 509 (509) is invalid
L 05/15/2016 - 19:55:11: [SM] Displaying call stack trace for plugin "Testcoll.smx":
L 05/15/2016 - 19:55:11: [SM]   [0]  Line 164, C:\ff2_ver2\steamapps\common\Team Fortress 2 Dedicated Server\tf\addons\sourcemod\scripting\Testcoll.sp::CheckEntity()
L 05/15/2016 - 19:55:11: [SM] Native "GetEntProp" reported: Entity 510 (510) is invalid
L 05/15/2016 - 19:55:11: [SM] Displaying call stack trace for plugin "Testcoll.smx":
L 05/15/2016 - 19:55:11: [SM]   [0]  Line 164, C:\ff2_ver2\steamapps\common\Team Fortress 2 Dedicated Server\tf\addons\sourcemod\scripting\Testcoll.sp::CheckEntity()
L 05/15/2016 - 19:55:11: [SM] Native "GetEntProp" reported: Entity 487 (487) is invalid
L 05/15/2016 - 19:55:11: [SM] Displaying call stack trace for plugin "Testcoll.smx":
L 05/15/2016 - 19:55:11: [SM]   [0]  Line 164, C:\ff2_ver2\steamapps\common\Team Fortress 2 Dedicated Server\tf\addons\sourcemod\scripting\Testcoll.sp::CheckEntity()
L 05/15/2016 - 19:55:12: [SM] Native "GetEntProp" reported: Entity 511 (511) is invalid
L 05/15/2016 - 19:55:12: [SM] Displaying call stack trace for plugin "Testcoll.smx":
L 05/15/2016 - 19:55:12: [SM]   [0]  Line 164, C:\ff2_ver2\steamapps\common\Team Fortress 2 Dedicated Server\tf\addons\sourcemod\scripting\Testcoll.sp::CheckEntity()
L 05/15/2016 - 19:55:12: [SM] Native "GetEntProp" reported: Entity 503 (503) is invalid
L 05/15/2016 - 19:55:12: [SM] Displaying call stack trace for plugin "Testcoll.smx":
L 05/15/2016 - 19:55:12: [SM]   [0]  Line 164, C:\ff2_ver2\steamapps\common\Team Fortress 2 Dedicated Server\tf\addons\sourcemod\scripting\Testcoll.sp::CheckEntity()
L 05/15/2016 - 19:55:12: [SM] Native "VFormat" reported: Client index -1 is invalid
L 05/15/2016 - 19:55:12: [SM] Displaying call stack trace for plugin "Testcoll.smx":
L 05/15/2016 - 19:55:12: [SM]   [0]  Line 364, C:\ff2_ver2\steamapps\common\Team Fortress 2 Dedicated Server\tf\addons\sourcemod\scripting\include\halflife.inc::PrintToChatAll()
L 05/15/2016 - 19:55:12: [SM]   [1]  Line 164, C:\ff2_ver2\steamapps\common\Team Fortress 2 Dedicated Server\tf\addons\sourcemod\scripting\Testcoll.sp::CheckEntity()
L 05/15/2016 - 19:55:13: [SM] Native "VFormat" reported: Client index -1 is invalid
L 05/15/2016 - 19:55:13: [SM] Displaying call stack trace for plugin "Testcoll.smx":
L 05/15/2016 - 19:55:13: [SM]   [0]  Line 364, C:\ff2_ver2\steamapps\common\Team Fortress 2 Dedicated Server\tf\addons\sourcemod\scripting\include\halflife.inc::PrintToChatAll()
L 05/15/2016 - 19:55:13: [SM]   [1]  Line 164, C:\ff2_ver2\steamapps\common\Team Fortress 2 Dedicated Server\tf\addons\sourcemod\scripting\Testcoll.sp::CheckEntity()
L 05/15/2016 - 19:55:13: [SM] Native "GetEntProp" reported: Entity 502 (502) is invalid
L 05/15/2016 - 19:55:13: [SM] Displaying call stack trace for plugin "Testcoll.smx":
L 05/15/2016 - 19:55:13: [SM]   [0]  Line 164, C:\ff2_ver2\steamapps\common\Team Fortress 2 Dedicated Server\tf\addons\sourcemod\scripting\Testcoll.sp::CheckEntity()
L 05/15/2016 - 19:55:13: [SM] Native "VFormat" reported: Client index -1 is invalid
L 05/15/2016 - 19:55:13: [SM] Displaying call stack trace for plugin "Testcoll.smx":
L 05/15/2016 - 19:55:13: [SM]   [0]  Line 364, C:\ff2_ver2\steamapps\common\Team Fortress 2 Dedicated Server\tf\addons\sourcemod\scripting\include\halflife.inc::PrintToChatAll()
L 05/15/2016 - 19:55:13: [SM]   [1]  Line 164, C:\ff2_ver2\steamapps\common\Team Fortress 2 Dedicated Server\tf\addons\sourcemod\scripting\Testcoll.sp::CheckEntity()
L 05/15/2016 - 19:55:14: [SM] Native "VFormat" reported: Client index -1 is invalid
L 05/15/2016 - 19:55:14: [SM] Displaying call stack trace for plugin "Testcoll.smx":
L 05/15/2016 - 19:55:14: [SM]   [0]  Line 364, C:\ff2_ver2\steamapps\common\Team Fortress 2 Dedicated Server\tf\addons\sourcemod\scripting\include\halflife.inc::PrintToChatAll()
L 05/15/2016 - 19:55:14: [SM]   [1]  Line 164, C:\ff2_ver2\steamapps\common\Team Fortress 2 Dedicated Server\tf\addons\sourcemod\scripting\Testcoll.sp::CheckEntity()
L 05/15/2016 - 19:55:14: [SM] Native "VFormat" reported: Client index -1 is invalid
L 05/15/2016 - 19:55:14: [SM] Displaying call stack trace for plugin "Testcoll.smx":
L 05/15/2016 - 19:55:14: [SM]   [0]  Line 364, C:\ff2_ver2\steamapps\common\Team Fortress 2 Dedicated Server\tf\addons\sourcemod\scripting\include\halflife.inc::PrintToChatAll()
L 05/15/2016 - 19:55:14: [SM]   [1]  Line 164, C:\ff2_ver2\steamapps\common\Team Fortress 2 Dedicated Server\tf\addons\sourcemod\scripting\Testcoll.sp::CheckEntity()
L 05/15/2016 - 19:55:14: [SM] Native "VFormat" reported: Client index -1 is invalid
L 05/15/2016 - 19:55:14: [SM] Displaying call stack trace for plugin "Testcoll.smx":
L 05/15/2016 - 19:55:14: [SM]   [0]  Line 364, C:\ff2_ver2\steamapps\common\Team Fortress 2 Dedicated Server\tf\addons\sourcemod\scripting\include\halflife.inc::PrintToChatAll()
L 05/15/2016 - 19:55:14: [SM]   [1]  Line 164, C:\ff2_ver2\steamapps\common\Team Fortress 2 Dedicated Server\tf\addons\sourcemod\scripting\Testcoll.sp::CheckEntity()
L 05/15/2016 - 19:55:15: [SM] Native "VFormat" reported: Client index -1 is invalid
L 05/15/2016 - 19:55:15: [SM] Displaying call stack trace for plugin "Testcoll.smx":
L 05/15/2016 - 19:55:15: [SM]   [0]  Line 364, C:\ff2_ver2\steamapps\common\Team Fortress 2 Dedicated Server\tf\addons\sourcemod\scripting\include\halflife.inc::PrintToChatAll()
L 05/15/2016 - 19:55:15: [SM]   [1]  Line 164, C:\ff2_ver2\steamapps\common\Team Fortress 2 Dedicated Server\tf\addons\sourcemod\scripting\Testcoll.sp::CheckEntity()
L 05/15/2016 - 20:07:44: SourceMod error session started
L 05/15/2016 - 20:07:44: Info (map "vsh_apg_v2") (file "errors_20160515.log")
L 05/15/2016 - 20:07:44: [SM] Warning(s) encountered in translation file "freak_fortress_2.phrases.txt"
L 05/15/2016 - 20:07:44: [SM] Invalid token ' ' in #format property on line 71.
L 05/15/2016 - 20:07:44: [SM] Invalid token ' ' in #format property on line 230.
L 05/15/2016 - 20:07:44: [SM] Invalid token '[' in #format property on line 230.
L 05/15/2016 - 20:07:44: [SM] Invalid token '3' in #format property on line 230.
L 05/15/2016 - 20:07:44: [SM] Invalid token ':' in #format property on line 230.
L 05/15/2016 - 20:07:45: [SM] Invalid token ']' in #format property on line 230.
L 05/15/2016 - 20:07:45: [SM] Invalid token ' ' in #format property on line 235.
L 05/15/2016 - 20:07:45: [SM] Invalid token ' ' in #format property on line 424.
L 05/15/2016 - 20:07:45: [SM] Invalid token ' ' in #format property on line 429.
L 05/15/2016 - 20:07:45: [SM] Invalid token ' ' in #format property on line 429.
L 05/15/2016 - 20:07:45: [SM] Invalid token ' ' in #format property on line 438.
L 05/15/2016 - 20:07:45: [SM] Invalid token ' ' in #format property on line 438.
L 05/15/2016 - 20:07:45: [SM] Invalid token ' ' in #format property on line 438.
L 05/15/2016 - 20:07:58: [SM] Native "GetEntPropEnt" reported: Property "m_nForceBone" not found (entity 45/info_player_teamspawn)
L 05/15/2016 - 20:07:58: [SM] Displaying call stack trace for plugin "Testcoll.smx":
L 05/15/2016 - 20:07:58: [SM]   [0]  Line 164, C:\ff2_ver2\steamapps\common\Team Fortress 2 Dedicated Server\tf\addons\sourcemod\scripting\Testcoll.sp::CheckEntity()
L 05/15/2016 - 20:12:46: SourceMod error session started
L 05/15/2016 - 20:12:46: Info (map "vsh_apg_v2") (file "errors_20160515.log")
L 05/15/2016 - 20:12:46: [SM] Warning(s) encountered in translation file "freak_fortress_2.phrases.txt"
L 05/15/2016 - 20:12:46: [SM] Invalid token ' ' in #format property on line 71.
L 05/15/2016 - 20:12:46: [SM] Invalid token ' ' in #format property on line 230.
L 05/15/2016 - 20:12:46: [SM] Invalid token '[' in #format property on line 230.
L 05/15/2016 - 20:12:46: [SM] Invalid token '3' in #format property on line 230.
L 05/15/2016 - 20:12:46: [SM] Invalid token ':' in #format property on line 230.
L 05/15/2016 - 20:12:46: [SM] Invalid token ']' in #format property on line 230.
L 05/15/2016 - 20:12:46: [SM] Invalid token ' ' in #format property on line 235.
L 05/15/2016 - 20:12:46: [SM] Invalid token ' ' in #format property on line 424.
L 05/15/2016 - 20:12:46: [SM] Invalid token ' ' in #format property on line 429.
L 05/15/2016 - 20:12:46: [SM] Invalid token ' ' in #format property on line 429.
L 05/15/2016 - 20:12:46: [SM] Invalid token ' ' in #format property on line 438.
L 05/15/2016 - 20:12:46: [SM] Invalid token ' ' in #format property on line 438.
L 05/15/2016 - 20:12:46: [SM] Invalid token ' ' in #format property on line 438.
L 05/15/2016 - 20:12:59: [SM] Native "GetEntPropEnt" reported: Property "m_nForceBone" not found (entity 45/info_player_teamspawn)
L 05/15/2016 - 20:12:59: [SM] Displaying call stack trace for plugin "Testcoll.smx":
L 05/15/2016 - 20:12:59: [SM]   [0]  Line 164, C:\ff2_ver2\steamapps\common\Team Fortress 2 Dedicated Server\tf\addons\sourcemod\scripting\Testcoll.sp::CheckEntity()
L 05/15/2016 - 20:48:59: Error log file session closed.
