L 06/14/2016 - 19:17:23: SourceMod error session started
L 06/14/2016 - 19:17:23: Info (map "vsh_apg_v2") (file "errors_20160614.log")
L 06/14/2016 - 19:17:23: [SM] Warning(s) encountered in translation file "freak_fortress_2.phrases.txt"
L 06/14/2016 - 19:17:23: [SM] Invalid token ' ' in #format property on line 71.
L 06/14/2016 - 19:17:23: [SM] Invalid token ' ' in #format property on line 424.
L 06/14/2016 - 19:17:23: [SM] Invalid token ' ' in #format property on line 429.
L 06/14/2016 - 19:17:23: [SM] Invalid token ' ' in #format property on line 429.
L 06/14/2016 - 19:17:23: [SM] Invalid token ' ' in #format property on line 438.
L 06/14/2016 - 19:17:23: [SM] Invalid token ' ' in #format property on line 438.
L 06/14/2016 - 19:17:23: [SM] Invalid token ' ' in #format property on line 438.
L 06/14/2016 - 19:17:24: [SM] Unable to load plugin "rockthevote.smx": Could not find required plugin "mapchooser"
L 06/14/2016 - 19:17:39: [nextmap.smx] FATAL: Cannot load map cycle. Nextmap not loaded.
L 06/14/2016 - 19:17:39: [SM] Plugin encountered error 25: Call was aborted
L 06/14/2016 - 19:17:39: [SM] Native "SetFailState" reported: Mapcycle Not Found
L 06/14/2016 - 19:17:39: [SM] Displaying call stack trace for plugin "nextmap.smx":
L 06/14/2016 - 19:17:39: [SM]   [0]  Line 139, D:\builds\build-sourcemod-msvc12\windows-1.7\build\plugins\nextmap.sp::FindAndSetNextMap()
L 06/14/2016 - 19:17:39: [SM]   [1]  Line 109, D:\builds\build-sourcemod-msvc12\windows-1.7\build\plugins\nextmap.sp::OnConfigsExecuted()
L 06/14/2016 - 19:27:08: [SM] Native "ResetPack" reported: Invalid data pack handle 7470194 (error 3)
L 06/14/2016 - 19:27:08: [SM] Displaying call stack trace for plugin "ff2_deathmatch.smx":
L 06/14/2016 - 19:27:08: [SM]   [0]  Line 326, C:\ff2_ver2\steamapps\common\Team Fortress 2 Dedicated Server\tf\addons\sourcemod\scripting\ff2_deathmatch.sp::BeLastMan()
L 06/14/2016 - 19:48:52: Error log file session closed.
L 06/14/2016 - 20:34:16: SourceMod error session started
L 06/14/2016 - 20:34:16: Info (map "vsh_apg_v2") (file "errors_20160614.log")
L 06/14/2016 - 20:34:16: [SM] Warning(s) encountered in translation file "freak_fortress_2.phrases.txt"
L 06/14/2016 - 20:34:16: [SM] Invalid token ' ' in #format property on line 71.
L 06/14/2016 - 20:34:16: [SM] Invalid token ' ' in #format property on line 424.
L 06/14/2016 - 20:34:16: [SM] Invalid token ' ' in #format property on line 429.
L 06/14/2016 - 20:34:16: [SM] Invalid token ' ' in #format property on line 429.
L 06/14/2016 - 20:34:16: [SM] Invalid token ' ' in #format property on line 438.
L 06/14/2016 - 20:34:16: [SM] Invalid token ' ' in #format property on line 438.
L 06/14/2016 - 20:34:16: [SM] Invalid token ' ' in #format property on line 438.
L 06/14/2016 - 20:34:17: [SM] Unable to load plugin "rockthevote.smx": Could not find required plugin "mapchooser"
L 06/14/2016 - 20:34:32: [nextmap.smx] FATAL: Cannot load map cycle. Nextmap not loaded.
L 06/14/2016 - 20:34:32: [SM] Plugin encountered error 25: Call was aborted
L 06/14/2016 - 20:34:32: [SM] Native "SetFailState" reported: Mapcycle Not Found
L 06/14/2016 - 20:34:32: [SM] Displaying call stack trace for plugin "nextmap.smx":
L 06/14/2016 - 20:34:32: [SM]   [0]  Line 139, D:\builds\build-sourcemod-msvc12\windows-1.7\build\plugins\nextmap.sp::FindAndSetNextMap()
L 06/14/2016 - 20:34:32: [SM]   [1]  Line 109, D:\builds\build-sourcemod-msvc12\windows-1.7\build\plugins\nextmap.sp::OnConfigsExecuted()
L 06/14/2016 - 20:40:52: [SM] Native "ResetPack" reported: Invalid data pack handle 0 (error 4)
L 06/14/2016 - 20:40:52: [SM] Displaying call stack trace for plugin "ff2_deathmatch.smx":
L 06/14/2016 - 20:40:52: [SM]   [0]  Line 310, C:\ff2_ver2\steamapps\common\Team Fortress 2 Dedicated Server\tf\addons\sourcemod\scripting\ff2_deathmatch.sp::BeLastMan()
L 06/14/2016 - 20:41:55: [freak_fortress_2.smx] [FF2 Bosses] Character spyper is missing file 'sound/vo/taunts/spy_taunt_rps_lose_11.mp3' in section 'sound_stabbed'!
L 06/14/2016 - 20:55:02: [SM] Native "KillTimer" reported: Invalid timer handle 1197019e (error 3)
L 06/14/2016 - 20:55:02: [SM] Displaying call stack trace for plugin "freak_fortress_2.smx":
L 06/14/2016 - 20:55:02: [SM]   [0]  Line 3229, C:\ff2_ver2\steamapps\common\Team Fortress 2 Dedicated Server\tf\addons\sourcemod\scripting\freak_fortress_2.sp::StopMusic()
L 06/14/2016 - 20:55:02: [SM]   [1]  Line 3205, C:\ff2_ver2\steamapps\common\Team Fortress 2 Dedicated Server\tf\addons\sourcemod\scripting\freak_fortress_2.sp::StartMusic()
L 06/14/2016 - 20:55:02: [SM]   [2]  Line 9599, C:\ff2_ver2\steamapps\common\Team Fortress 2 Dedicated Server\tf\addons\sourcemod\scripting\freak_fortress_2.sp::Native_StartMusic()
L 06/14/2016 - 20:55:02: [SM] Native "FF2_StartMusic" reported: Error encountered while processing a dynamic native
L 06/14/2016 - 20:55:02: [SM] Displaying call stack trace for plugin "ff2_deathmatch.smx":
L 06/14/2016 - 20:55:02: [SM]   [0]  Line 394, C:\ff2_ver2\steamapps\common\Team Fortress 2 Dedicated Server\tf\addons\sourcemod\scripting\ff2_deathmatch.sp::StartMusic()
L 06/14/2016 - 20:55:02: [SM]   [1]  Line 184, C:\ff2_ver2\steamapps\common\Team Fortress 2 Dedicated Server\tf\addons\sourcemod\scripting\ff2_deathmatch.sp::OnPlayerDeath()
L 06/14/2016 - 20:55:02: [SM] Native "KillTimer" reported: Invalid timer handle 1197019e (error 1)
L 06/14/2016 - 20:55:02: [SM] Displaying call stack trace for plugin "freak_fortress_2.smx":
L 06/14/2016 - 20:55:02: [SM]   [0]  Line 3229, C:\ff2_ver2\steamapps\common\Team Fortress 2 Dedicated Server\tf\addons\sourcemod\scripting\freak_fortress_2.sp::StopMusic()
L 06/14/2016 - 20:55:02: [SM]   [1]  Line 2832, C:\ff2_ver2\steamapps\common\Team Fortress 2 Dedicated Server\tf\addons\sourcemod\scripting\freak_fortress_2.sp::OnRoundEnd()
L 06/14/2016 - 20:55:28: [SM] Native "KillTimer" reported: Invalid timer handle 1191019b (error 1)
L 06/14/2016 - 20:55:28: [SM] Displaying call stack trace for plugin "freak_fortress_2.smx":
L 06/14/2016 - 20:55:28: [SM]   [0]  Line 3177, C:\ff2_ver2\steamapps\common\Team Fortress 2 Dedicated Server\tf\addons\sourcemod\scripting\freak_fortress_2.sp::Timer_PlayBGM()
L 06/14/2016 - 20:56:09: [SM] Native "KillTimer" reported: Invalid timer handle 1197019e (error 3)
L 06/14/2016 - 20:56:09: [SM] Displaying call stack trace for plugin "freak_fortress_2.smx":
L 06/14/2016 - 20:56:09: [SM]   [0]  Line 3229, C:\ff2_ver2\steamapps\common\Team Fortress 2 Dedicated Server\tf\addons\sourcemod\scripting\freak_fortress_2.sp::StopMusic()
L 06/14/2016 - 20:56:09: [SM]   [1]  Line 2832, C:\ff2_ver2\steamapps\common\Team Fortress 2 Dedicated Server\tf\addons\sourcemod\scripting\freak_fortress_2.sp::OnRoundEnd()
L 06/14/2016 - 20:56:35: [SM] Native "KillTimer" reported: Invalid timer handle 1191019b (error 1)
L 06/14/2016 - 20:56:35: [SM] Displaying call stack trace for plugin "freak_fortress_2.smx":
L 06/14/2016 - 20:56:35: [SM]   [0]  Line 3177, C:\ff2_ver2\steamapps\common\Team Fortress 2 Dedicated Server\tf\addons\sourcemod\scripting\freak_fortress_2.sp::Timer_PlayBGM()
L 06/14/2016 - 20:57:42: [SM] Native "KillTimer" reported: Invalid timer handle 1197019e (error 1)
L 06/14/2016 - 20:57:42: [SM] Displaying call stack trace for plugin "freak_fortress_2.smx":
L 06/14/2016 - 20:57:42: [SM]   [0]  Line 3229, C:\ff2_ver2\steamapps\common\Team Fortress 2 Dedicated Server\tf\addons\sourcemod\scripting\freak_fortress_2.sp::StopMusic()
L 06/14/2016 - 20:57:42: [SM]   [1]  Line 3205, C:\ff2_ver2\steamapps\common\Team Fortress 2 Dedicated Server\tf\addons\sourcemod\scripting\freak_fortress_2.sp::StartMusic()
L 06/14/2016 - 20:57:42: [SM]   [2]  Line 9599, C:\ff2_ver2\steamapps\common\Team Fortress 2 Dedicated Server\tf\addons\sourcemod\scripting\freak_fortress_2.sp::Native_StartMusic()
L 06/14/2016 - 20:57:42: [SM] Native "FF2_StartMusic" reported: Error encountered while processing a dynamic native
L 06/14/2016 - 20:57:42: [SM] Displaying call stack trace for plugin "ff2_deathmatch.smx":
L 06/14/2016 - 20:57:42: [SM]   [0]  Line 394, C:\ff2_ver2\steamapps\common\Team Fortress 2 Dedicated Server\tf\addons\sourcemod\scripting\ff2_deathmatch.sp::StartMusic()
L 06/14/2016 - 20:57:42: [SM]   [1]  Line 184, C:\ff2_ver2\steamapps\common\Team Fortress 2 Dedicated Server\tf\addons\sourcemod\scripting\ff2_deathmatch.sp::OnPlayerDeath()
L 06/14/2016 - 20:57:42: [SM] Native "KillTimer" reported: Invalid timer handle 1197019e (error 1)
L 06/14/2016 - 20:57:42: [SM] Displaying call stack trace for plugin "freak_fortress_2.smx":
L 06/14/2016 - 20:57:42: [SM]   [0]  Line 3229, C:\ff2_ver2\steamapps\common\Team Fortress 2 Dedicated Server\tf\addons\sourcemod\scripting\freak_fortress_2.sp::StopMusic()
L 06/14/2016 - 20:57:42: [SM]   [1]  Line 2832, C:\ff2_ver2\steamapps\common\Team Fortress 2 Dedicated Server\tf\addons\sourcemod\scripting\freak_fortress_2.sp::OnRoundEnd()
L 06/14/2016 - 20:58:08: [SM] Native "KillTimer" reported: Invalid timer handle 1191019b (error 3)
L 06/14/2016 - 20:58:08: [SM] Displaying call stack trace for plugin "freak_fortress_2.smx":
L 06/14/2016 - 20:58:08: [SM]   [0]  Line 3177, C:\ff2_ver2\steamapps\common\Team Fortress 2 Dedicated Server\tf\addons\sourcemod\scripting\freak_fortress_2.sp::Timer_PlayBGM()
L 06/14/2016 - 20:59:06: [SM] Native "KillTimer" reported: Invalid timer handle 1197019e (error 3)
L 06/14/2016 - 20:59:06: [SM] Displaying call stack trace for plugin "freak_fortress_2.smx":
L 06/14/2016 - 20:59:06: [SM]   [0]  Line 1792, C:\ff2_ver2\steamapps\common\Team Fortress 2 Dedicated Server\tf\addons\sourcemod\scripting\freak_fortress_2.sp::DisableFF2()
L 06/14/2016 - 20:59:06: [SM]   [1]  Line 1672, C:\ff2_ver2\steamapps\common\Team Fortress 2 Dedicated Server\tf\addons\sourcemod\scripting\freak_fortress_2.sp::OnMapEnd()
L 06/14/2016 - 20:59:06: Error log file session closed.
L 06/14/2016 - 21:03:36: SourceMod error session started
L 06/14/2016 - 21:03:36: Info (map "vsh_apg_v2") (file "errors_20160614.log")
L 06/14/2016 - 21:03:36: [SM] Warning(s) encountered in translation file "freak_fortress_2.phrases.txt"
L 06/14/2016 - 21:03:36: [SM] Invalid token ' ' in #format property on line 71.
L 06/14/2016 - 21:03:36: [SM] Invalid token ' ' in #format property on line 424.
L 06/14/2016 - 21:03:36: [SM] Invalid token ' ' in #format property on line 429.
L 06/14/2016 - 21:03:36: [SM] Invalid token ' ' in #format property on line 429.
L 06/14/2016 - 21:03:36: [SM] Invalid token ' ' in #format property on line 438.
L 06/14/2016 - 21:03:36: [SM] Invalid token ' ' in #format property on line 438.
L 06/14/2016 - 21:03:36: [SM] Invalid token ' ' in #format property on line 438.
L 06/14/2016 - 21:03:36: [SM] Unable to load plugin "rockthevote.smx": Could not find required plugin "mapchooser"
L 06/14/2016 - 21:03:50: [nextmap.smx] FATAL: Cannot load map cycle. Nextmap not loaded.
L 06/14/2016 - 21:03:50: [SM] Plugin encountered error 25: Call was aborted
L 06/14/2016 - 21:03:50: [SM] Native "SetFailState" reported: Mapcycle Not Found
L 06/14/2016 - 21:03:50: [SM] Displaying call stack trace for plugin "nextmap.smx":
L 06/14/2016 - 21:03:50: [SM]   [0]  Line 139, D:\builds\build-sourcemod-msvc12\windows-1.7\build\plugins\nextmap.sp::FindAndSetNextMap()
L 06/14/2016 - 21:03:50: [SM]   [1]  Line 109, D:\builds\build-sourcemod-msvc12\windows-1.7\build\plugins\nextmap.sp::OnConfigsExecuted()
L 06/14/2016 - 21:13:33: [SM] Native "ResetPack" reported: Invalid data pack handle 4450162 (error 3)
L 06/14/2016 - 21:13:33: [SM] Displaying call stack trace for plugin "ff2_deathmatch.smx":
L 06/14/2016 - 21:13:33: [SM]   [0]  Line 310, C:\ff2_ver2\steamapps\common\Team Fortress 2 Dedicated Server\tf\addons\sourcemod\scripting\ff2_deathmatch.sp::BeLastMan()
L 06/14/2016 - 21:25:03: [freaks\ff2_1st_set_abilities.ff2] [FF2] Cannot give ammo to weapon tf_weapon_bottle (boss )-check your config!
L 06/14/2016 - 21:25:03: [freaks\ff2_1st_set_abilities.ff2] [FF2] Cannot give ammo to weapon tf_weapon_bottle (boss )-check your config!
L 06/14/2016 - 21:33:37: [SM] Native "KillTimer" reported: Invalid timer handle 2263014d (error 3)
L 06/14/2016 - 21:33:37: [SM] Displaying call stack trace for plugin "freak_fortress_2.smx":
L 06/14/2016 - 21:33:37: [SM]   [0]  Line 3230, C:\ff2_ver2\steamapps\common\Team Fortress 2 Dedicated Server\tf\addons\sourcemod\scripting\freak_fortress_2.sp::StopMusic()
L 06/14/2016 - 21:33:37: [SM]   [1]  Line 3206, C:\ff2_ver2\steamapps\common\Team Fortress 2 Dedicated Server\tf\addons\sourcemod\scripting\freak_fortress_2.sp::StartMusic()
L 06/14/2016 - 21:33:37: [SM]   [2]  Line 9600, C:\ff2_ver2\steamapps\common\Team Fortress 2 Dedicated Server\tf\addons\sourcemod\scripting\freak_fortress_2.sp::Native_StartMusic()
L 06/14/2016 - 21:33:37: [SM] Native "FF2_StartMusic" reported: Error encountered while processing a dynamic native
L 06/14/2016 - 21:33:37: [SM] Displaying call stack trace for plugin "ff2_deathmatch.smx":
L 06/14/2016 - 21:33:37: [SM]   [0]  Line 394, C:\ff2_ver2\steamapps\common\Team Fortress 2 Dedicated Server\tf\addons\sourcemod\scripting\ff2_deathmatch.sp::StartMusic()
L 06/14/2016 - 21:33:37: [SM]   [1]  Line 184, C:\ff2_ver2\steamapps\common\Team Fortress 2 Dedicated Server\tf\addons\sourcemod\scripting\ff2_deathmatch.sp::OnPlayerDeath()
L 06/14/2016 - 21:33:37: [SM] Native "KillTimer" reported: Invalid timer handle 2263014d (error 1)
L 06/14/2016 - 21:33:37: [SM] Displaying call stack trace for plugin "freak_fortress_2.smx":
L 06/14/2016 - 21:33:37: [SM]   [0]  Line 3230, C:\ff2_ver2\steamapps\common\Team Fortress 2 Dedicated Server\tf\addons\sourcemod\scripting\freak_fortress_2.sp::StopMusic()
L 06/14/2016 - 21:33:37: [SM]   [1]  Line 2832, C:\ff2_ver2\steamapps\common\Team Fortress 2 Dedicated Server\tf\addons\sourcemod\scripting\freak_fortress_2.sp::OnRoundEnd()
