L 05/20/2016 - 15:25:03: SourceMod error session started
L 05/20/2016 - 15:25:03: Info (map "vsh_apg_v2") (file "errors_20160520.log")
L 05/20/2016 - 15:25:03: [SM] Warning(s) encountered in translation file "freak_fortress_2.phrases.txt"
L 05/20/2016 - 15:25:03: [SM] Invalid token ' ' in #format property on line 71.
L 05/20/2016 - 15:25:03: [SM] Invalid token ' ' in #format property on line 230.
L 05/20/2016 - 15:25:03: [SM] Invalid token '[' in #format property on line 230.
L 05/20/2016 - 15:25:03: [SM] Invalid token '3' in #format property on line 230.
L 05/20/2016 - 15:25:03: [SM] Invalid token ':' in #format property on line 230.
L 05/20/2016 - 15:25:03: [SM] Invalid token ']' in #format property on line 230.
L 05/20/2016 - 15:25:03: [SM] Invalid token ' ' in #format property on line 235.
L 05/20/2016 - 15:25:03: [SM] Invalid token ' ' in #format property on line 424.
L 05/20/2016 - 15:25:03: [SM] Invalid token ' ' in #format property on line 429.
L 05/20/2016 - 15:25:03: [SM] Invalid token ' ' in #format property on line 429.
L 05/20/2016 - 15:25:03: [SM] Invalid token ' ' in #format property on line 438.
L 05/20/2016 - 15:25:03: [SM] Invalid token ' ' in #format property on line 438.
L 05/20/2016 - 15:25:03: [SM] Invalid token ' ' in #format property on line 438.
L 05/20/2016 - 15:25:19: [SM] Native "GetEntPropEnt" reported: Property "m_nForceBone" not found (entity 45/info_player_teamspawn)
L 05/20/2016 - 15:25:19: [SM] Displaying call stack trace for plugin "Testcoll.smx":
L 05/20/2016 - 15:25:19: [SM]   [0]  Line 164, C:\ff2_ver2\steamapps\common\Team Fortress 2 Dedicated Server\tf\addons\sourcemod\scripting\Testcoll.sp::CheckEntity()
L 05/20/2016 - 15:34:03: Error log file session closed.
L 05/20/2016 - 15:34:15: SourceMod error session started
L 05/20/2016 - 15:34:15: Info (map "vsh_apg_v2") (file "errors_20160520.log")
L 05/20/2016 - 15:34:15: [SM] Warning(s) encountered in translation file "freak_fortress_2.phrases.txt"
L 05/20/2016 - 15:34:15: [SM] Invalid token ' ' in #format property on line 71.
L 05/20/2016 - 15:34:15: [SM] Invalid token ' ' in #format property on line 230.
L 05/20/2016 - 15:34:15: [SM] Invalid token '[' in #format property on line 230.
L 05/20/2016 - 15:34:15: [SM] Invalid token '3' in #format property on line 230.
L 05/20/2016 - 15:34:15: [SM] Invalid token ':' in #format property on line 230.
L 05/20/2016 - 15:34:15: [SM] Invalid token ']' in #format property on line 230.
L 05/20/2016 - 15:34:15: [SM] Invalid token ' ' in #format property on line 235.
L 05/20/2016 - 15:34:15: [SM] Invalid token ' ' in #format property on line 424.
L 05/20/2016 - 15:34:15: [SM] Invalid token ' ' in #format property on line 429.
L 05/20/2016 - 15:34:15: [SM] Invalid token ' ' in #format property on line 429.
L 05/20/2016 - 15:34:15: [SM] Invalid token ' ' in #format property on line 438.
L 05/20/2016 - 15:34:15: [SM] Invalid token ' ' in #format property on line 438.
L 05/20/2016 - 15:34:15: [SM] Invalid token ' ' in #format property on line 438.
L 05/20/2016 - 16:09:11: Error log file session closed.
L 05/20/2016 - 16:09:23: SourceMod error session started
L 05/20/2016 - 16:09:23: Info (map "vsh_apg_v2") (file "errors_20160520.log")
L 05/20/2016 - 16:09:23: [SM] Warning(s) encountered in translation file "freak_fortress_2.phrases.txt"
L 05/20/2016 - 16:09:23: [SM] Invalid token ' ' in #format property on line 71.
L 05/20/2016 - 16:09:23: [SM] Invalid token ' ' in #format property on line 230.
L 05/20/2016 - 16:09:23: [SM] Invalid token '[' in #format property on line 230.
L 05/20/2016 - 16:09:23: [SM] Invalid token '3' in #format property on line 230.
L 05/20/2016 - 16:09:23: [SM] Invalid token ':' in #format property on line 230.
L 05/20/2016 - 16:09:23: [SM] Invalid token ']' in #format property on line 230.
L 05/20/2016 - 16:09:23: [SM] Invalid token ' ' in #format property on line 235.
L 05/20/2016 - 16:09:23: [SM] Invalid token ' ' in #format property on line 424.
L 05/20/2016 - 16:09:23: [SM] Invalid token ' ' in #format property on line 429.
L 05/20/2016 - 16:09:23: [SM] Invalid token ' ' in #format property on line 429.
L 05/20/2016 - 16:09:23: [SM] Invalid token ' ' in #format property on line 438.
L 05/20/2016 - 16:09:23: [SM] Invalid token ' ' in #format property on line 438.
L 05/20/2016 - 16:09:23: [SM] Invalid token ' ' in #format property on line 438.
L 05/20/2016 - 16:44:52: Error log file session closed.
L 05/20/2016 - 16:44:52: SourceMod error session started
L 05/20/2016 - 16:44:52: Info (map "vsh_2fortdesk_v8") (file "errors_20160520.log")
L 05/20/2016 - 16:44:52: [SM] Warning(s) encountered in translation file "freak_fortress_2.phrases.txt"
L 05/20/2016 - 16:44:52: [SM] Invalid token ' ' in #format property on line 71.
L 05/20/2016 - 16:44:52: [SM] Invalid token ' ' in #format property on line 230.
L 05/20/2016 - 16:44:52: [SM] Invalid token '[' in #format property on line 230.
L 05/20/2016 - 16:44:52: [SM] Invalid token '3' in #format property on line 230.
L 05/20/2016 - 16:44:52: [SM] Invalid token ':' in #format property on line 230.
L 05/20/2016 - 16:44:52: [SM] Invalid token ']' in #format property on line 230.
L 05/20/2016 - 16:44:52: [SM] Invalid token ' ' in #format property on line 235.
L 05/20/2016 - 16:44:52: [SM] Invalid token ' ' in #format property on line 424.
L 05/20/2016 - 16:44:52: [SM] Invalid token ' ' in #format property on line 429.
L 05/20/2016 - 16:44:52: [SM] Invalid token ' ' in #format property on line 429.
L 05/20/2016 - 16:44:52: [SM] Invalid token ' ' in #format property on line 438.
L 05/20/2016 - 16:44:52: [SM] Invalid token ' ' in #format property on line 438.
L 05/20/2016 - 16:44:52: [SM] Invalid token ' ' in #format property on line 438.
L 05/20/2016 - 16:50:43: Error log file session closed.
L 05/20/2016 - 22:09:08: SourceMod error session started
L 05/20/2016 - 22:09:08: Info (map "vsh_apg_v2") (file "errors_20160520.log")
L 05/20/2016 - 22:09:08: [SM] Warning(s) encountered in translation file "freak_fortress_2.phrases.txt"
L 05/20/2016 - 22:09:08: [SM] Invalid token ' ' in #format property on line 71.
L 05/20/2016 - 22:09:08: [SM] Invalid token ' ' in #format property on line 230.
L 05/20/2016 - 22:09:08: [SM] Invalid token '[' in #format property on line 230.
L 05/20/2016 - 22:09:08: [SM] Invalid token '3' in #format property on line 230.
L 05/20/2016 - 22:09:08: [SM] Invalid token ':' in #format property on line 230.
L 05/20/2016 - 22:09:08: [SM] Invalid token ']' in #format property on line 230.
L 05/20/2016 - 22:09:08: [SM] Invalid token ' ' in #format property on line 235.
L 05/20/2016 - 22:09:08: [SM] Invalid token ' ' in #format property on line 424.
L 05/20/2016 - 22:09:08: [SM] Invalid token ' ' in #format property on line 429.
L 05/20/2016 - 22:09:08: [SM] Invalid token ' ' in #format property on line 429.
L 05/20/2016 - 22:09:08: [SM] Invalid token ' ' in #format property on line 438.
L 05/20/2016 - 22:09:08: [SM] Invalid token ' ' in #format property on line 438.
L 05/20/2016 - 22:09:08: [SM] Invalid token ' ' in #format property on line 438.
L 05/20/2016 - 22:35:46: [freaks\ff2_1st_set_abilities.ff2] [FF2] Cannot give ammo to weapon tf_weapon_bottle (boss )-check your config!
L 05/20/2016 - 22:35:46: [freaks\ff2_1st_set_abilities.ff2] [FF2] Cannot give ammo to weapon tf_weapon_bottle (boss )-check your config!
L 05/20/2016 - 22:36:27: [freaks\ff2_1st_set_abilities.ff2] [FF2] Cannot give ammo to weapon tf_weapon_bottle (boss )-check your config!
L 05/20/2016 - 22:36:27: [freaks\ff2_1st_set_abilities.ff2] [FF2] Cannot give ammo to weapon tf_weapon_bottle (boss )-check your config!
L 05/20/2016 - 22:46:39: Error log file session closed.
