L 04/26/2016 - 19:57:15: SourceMod error session started
L 04/26/2016 - 19:57:15: Info (map "vsh_apg_v2") (file "errors_20160426.log")
L 04/26/2016 - 19:57:15: [SM] Warning(s) encountered in translation file "freak_fortress_2.phrases.txt"
L 04/26/2016 - 19:57:15: [SM] Invalid token ' ' in #format property on line 71.
L 04/26/2016 - 19:57:15: [SM] Invalid token ' ' in #format property on line 225.
L 04/26/2016 - 19:57:15: [SM] Invalid token '[' in #format property on line 225.
L 04/26/2016 - 19:57:15: [SM] Invalid token '3' in #format property on line 225.
L 04/26/2016 - 19:57:15: [SM] Invalid token ':' in #format property on line 225.
L 04/26/2016 - 19:57:15: [SM] Invalid token ']' in #format property on line 225.
L 04/26/2016 - 19:57:15: [SM] Invalid token ' ' in #format property on line 230.
L 04/26/2016 - 19:57:15: [SM] Invalid token ' ' in #format property on line 419.
L 04/26/2016 - 19:57:15: [SM] Invalid token ' ' in #format property on line 424.
L 04/26/2016 - 19:57:15: [SM] Invalid token ' ' in #format property on line 424.
L 04/26/2016 - 19:57:15: [SM] Invalid token ' ' in #format property on line 433.
L 04/26/2016 - 19:57:15: [SM] Invalid token ' ' in #format property on line 433.
L 04/26/2016 - 19:57:15: [SM] Invalid token ' ' in #format property on line 433.
L 04/26/2016 - 19:57:31: [freak_fortress_2.smx] [FF2 Bosses] Character danmedic is missing file 'sound/freak_fortress_2/s93dm/dm_playerdeath.mp3'!
L 04/26/2016 - 20:00:16: SourceMod error session started
L 04/26/2016 - 20:00:16: Info (map "vsh_apg_v2") (file "errors_20160426.log")
L 04/26/2016 - 20:00:16: [SM] Warning(s) encountered in translation file "freak_fortress_2.phrases.txt"
L 04/26/2016 - 20:00:16: [SM] Invalid token ' ' in #format property on line 71.
L 04/26/2016 - 20:00:16: [SM] Invalid token ' ' in #format property on line 225.
L 04/26/2016 - 20:00:16: [SM] Invalid token '[' in #format property on line 225.
L 04/26/2016 - 20:00:16: [SM] Invalid token '3' in #format property on line 225.
L 04/26/2016 - 20:00:16: [SM] Invalid token ':' in #format property on line 225.
L 04/26/2016 - 20:00:16: [SM] Invalid token ']' in #format property on line 225.
L 04/26/2016 - 20:00:16: [SM] Invalid token ' ' in #format property on line 230.
L 04/26/2016 - 20:00:16: [SM] Invalid token ' ' in #format property on line 419.
L 04/26/2016 - 20:00:16: [SM] Invalid token ' ' in #format property on line 424.
L 04/26/2016 - 20:00:16: [SM] Invalid token ' ' in #format property on line 424.
L 04/26/2016 - 20:00:16: [SM] Invalid token ' ' in #format property on line 433.
L 04/26/2016 - 20:00:16: [SM] Invalid token ' ' in #format property on line 433.
L 04/26/2016 - 20:00:16: [SM] Invalid token ' ' in #format property on line 433.
L 04/26/2016 - 20:00:33: [freak_fortress_2.smx] [FF2 Bosses] Character danmedic is missing file 'sound/freak_fortress_2/s93dm/dm_playerdeath.mp3'!
L 04/26/2016 - 20:11:10: [SM] Plugin encountered error 22: Maximum number of parameters reached
L 04/26/2016 - 20:11:10: [SM] Native "Format" reported: Translation string formatted incorrectly - missing at least 1 parameters
L 04/26/2016 - 20:11:10: [SM] Displaying call stack trace for plugin "freak_fortress_2.smx":
L 04/26/2016 - 20:11:10: [SM]   [0]  Line 3325, C:\ff2_ver2\steamapps\common\Team Fortress 2 Dedicated Server\tf\addons\sourcemod\scripting\freak_fortress_2.sp::MessageTimer()
L 04/26/2016 - 20:14:07: SourceMod error session started
L 04/26/2016 - 20:14:07: Info (map "vsh_apg_v2") (file "errors_20160426.log")
L 04/26/2016 - 20:14:07: [SM] Warning(s) encountered in translation file "freak_fortress_2.phrases.txt"
L 04/26/2016 - 20:14:07: [SM] Invalid token ' ' in #format property on line 71.
L 04/26/2016 - 20:14:07: [SM] Invalid token ' ' in #format property on line 225.
L 04/26/2016 - 20:14:07: [SM] Invalid token '[' in #format property on line 225.
L 04/26/2016 - 20:14:07: [SM] Invalid token '3' in #format property on line 225.
L 04/26/2016 - 20:14:07: [SM] Invalid token ':' in #format property on line 225.
L 04/26/2016 - 20:14:07: [SM] Invalid token ']' in #format property on line 225.
L 04/26/2016 - 20:14:07: [SM] Invalid token ' ' in #format property on line 230.
L 04/26/2016 - 20:14:07: [SM] Invalid token ' ' in #format property on line 419.
L 04/26/2016 - 20:14:07: [SM] Invalid token ' ' in #format property on line 424.
L 04/26/2016 - 20:14:07: [SM] Invalid token ' ' in #format property on line 424.
L 04/26/2016 - 20:14:07: [SM] Invalid token ' ' in #format property on line 433.
L 04/26/2016 - 20:14:07: [SM] Invalid token ' ' in #format property on line 433.
L 04/26/2016 - 20:14:07: [SM] Invalid token ' ' in #format property on line 433.
L 04/26/2016 - 20:14:23: [freak_fortress_2.smx] [FF2 Bosses] Character danmedic is missing file 'sound/freak_fortress_2/s93dm/dm_playerdeath.mp3'!
L 04/26/2016 - 20:16:36: [SM] Plugin encountered error 22: Maximum number of parameters reached
L 04/26/2016 - 20:16:36: [SM] Native "Format" reported: Translation string formatted incorrectly - missing at least 1 parameters
L 04/26/2016 - 20:16:36: [SM] Displaying call stack trace for plugin "freak_fortress_2.smx":
L 04/26/2016 - 20:16:36: [SM]   [0]  Line 3325, C:\ff2_ver2\steamapps\common\Team Fortress 2 Dedicated Server\tf\addons\sourcemod\scripting\freak_fortress_2.sp::MessageTimer()
L 04/26/2016 - 20:17:18: [SM] Plugin encountered error 22: Maximum number of parameters reached
L 04/26/2016 - 20:17:18: [SM] Native "Format" reported: Translation string formatted incorrectly - missing at least 1 parameters
L 04/26/2016 - 20:17:18: [SM] Displaying call stack trace for plugin "freak_fortress_2.smx":
L 04/26/2016 - 20:17:18: [SM]   [0]  Line 3325, C:\ff2_ver2\steamapps\common\Team Fortress 2 Dedicated Server\tf\addons\sourcemod\scripting\freak_fortress_2.sp::MessageTimer()
L 04/26/2016 - 20:21:25: Error log file session closed.
L 04/26/2016 - 20:21:37: SourceMod error session started
L 04/26/2016 - 20:21:37: Info (map "vsh_apg_v2") (file "errors_20160426.log")
L 04/26/2016 - 20:21:37: [SM] Warning(s) encountered in translation file "freak_fortress_2.phrases.txt"
L 04/26/2016 - 20:21:37: [SM] Invalid token ' ' in #format property on line 71.
L 04/26/2016 - 20:21:37: [SM] Invalid token ' ' in #format property on line 225.
L 04/26/2016 - 20:21:37: [SM] Invalid token '[' in #format property on line 225.
L 04/26/2016 - 20:21:37: [SM] Invalid token '3' in #format property on line 225.
L 04/26/2016 - 20:21:37: [SM] Invalid token ':' in #format property on line 225.
L 04/26/2016 - 20:21:37: [SM] Invalid token ']' in #format property on line 225.
L 04/26/2016 - 20:21:37: [SM] Invalid token ' ' in #format property on line 230.
L 04/26/2016 - 20:21:37: [SM] Invalid token ' ' in #format property on line 419.
L 04/26/2016 - 20:21:37: [SM] Invalid token ' ' in #format property on line 424.
L 04/26/2016 - 20:21:37: [SM] Invalid token ' ' in #format property on line 424.
L 04/26/2016 - 20:21:37: [SM] Invalid token ' ' in #format property on line 433.
L 04/26/2016 - 20:21:37: [SM] Invalid token ' ' in #format property on line 433.
L 04/26/2016 - 20:21:37: [SM] Invalid token ' ' in #format property on line 433.
L 04/26/2016 - 20:21:50: [freak_fortress_2.smx] [FF2 Bosses] Character danmedic is missing file 'sound/freak_fortress_2/s93dm/dm_playerdeath.mp3'!
L 04/26/2016 - 20:24:01: [SM] Plugin encountered error 22: Maximum number of parameters reached
L 04/26/2016 - 20:24:01: [SM] Native "Format" reported: Translation string formatted incorrectly - missing at least 1 parameters
L 04/26/2016 - 20:24:01: [SM] Displaying call stack trace for plugin "freak_fortress_2.smx":
L 04/26/2016 - 20:24:01: [SM]   [0]  Line 3325, C:\ff2_ver2\steamapps\common\Team Fortress 2 Dedicated Server\tf\addons\sourcemod\scripting\freak_fortress_2.sp::MessageTimer()
L 04/26/2016 - 20:25:54: Error log file session closed.
L 04/26/2016 - 20:26:06: SourceMod error session started
L 04/26/2016 - 20:26:06: Info (map "vsh_apg_v2") (file "errors_20160426.log")
L 04/26/2016 - 20:26:06: [SM] Warning(s) encountered in translation file "freak_fortress_2.phrases.txt"
L 04/26/2016 - 20:26:06: [SM] Invalid token ' ' in #format property on line 71.
L 04/26/2016 - 20:26:06: [SM] Invalid token ' ' in #format property on line 225.
L 04/26/2016 - 20:26:06: [SM] Invalid token '[' in #format property on line 225.
L 04/26/2016 - 20:26:06: [SM] Invalid token '3' in #format property on line 225.
L 04/26/2016 - 20:26:06: [SM] Invalid token ':' in #format property on line 225.
L 04/26/2016 - 20:26:06: [SM] Invalid token ']' in #format property on line 225.
L 04/26/2016 - 20:26:06: [SM] Invalid token ' ' in #format property on line 230.
L 04/26/2016 - 20:26:06: [SM] Invalid token ' ' in #format property on line 419.
L 04/26/2016 - 20:26:06: [SM] Invalid token ' ' in #format property on line 424.
L 04/26/2016 - 20:26:06: [SM] Invalid token ' ' in #format property on line 424.
L 04/26/2016 - 20:26:06: [SM] Invalid token ' ' in #format property on line 433.
L 04/26/2016 - 20:26:06: [SM] Invalid token ' ' in #format property on line 433.
L 04/26/2016 - 20:26:06: [SM] Invalid token ' ' in #format property on line 433.
L 04/26/2016 - 20:26:18: [freak_fortress_2.smx] [FF2 Bosses] Character danmedic is missing file 'sound/freak_fortress_2/s93dm/dm_playerdeath.mp3'!
L 04/26/2016 - 20:39:30: Error log file session closed.
L 04/26/2016 - 20:43:06: SourceMod error session started
L 04/26/2016 - 20:43:06: Info (map "vsh_apg_v2") (file "errors_20160426.log")
L 04/26/2016 - 20:43:06: [SM] Warning(s) encountered in translation file "freak_fortress_2.phrases.txt"
L 04/26/2016 - 20:43:06: [SM] Invalid token ' ' in #format property on line 71.
L 04/26/2016 - 20:43:06: [SM] Invalid token ' ' in #format property on line 230.
L 04/26/2016 - 20:43:06: [SM] Invalid token '[' in #format property on line 230.
L 04/26/2016 - 20:43:06: [SM] Invalid token '3' in #format property on line 230.
L 04/26/2016 - 20:43:06: [SM] Invalid token ':' in #format property on line 230.
L 04/26/2016 - 20:43:06: [SM] Invalid token ']' in #format property on line 230.
L 04/26/2016 - 20:43:06: [SM] Invalid token ' ' in #format property on line 235.
L 04/26/2016 - 20:43:06: [SM] Invalid token ' ' in #format property on line 424.
L 04/26/2016 - 20:43:06: [SM] Invalid token ' ' in #format property on line 429.
L 04/26/2016 - 20:43:06: [SM] Invalid token ' ' in #format property on line 429.
L 04/26/2016 - 20:43:06: [SM] Invalid token ' ' in #format property on line 438.
L 04/26/2016 - 20:43:06: [SM] Invalid token ' ' in #format property on line 438.
L 04/26/2016 - 20:43:06: [SM] Invalid token ' ' in #format property on line 438.
L 04/26/2016 - 20:43:18: [freak_fortress_2.smx] [FF2 Bosses] Character danmedic is missing file 'sound/freak_fortress_2/s93dm/dm_playerdeath.mp3'!
L 04/26/2016 - 20:45:30: [SM] Plugin encountered error 22: Maximum number of parameters reached
L 04/26/2016 - 20:45:30: [SM] Native "Format" reported: Translation string formatted incorrectly - missing at least 1 parameters
L 04/26/2016 - 20:45:30: [SM] Displaying call stack trace for plugin "freak_fortress_2.smx":
L 04/26/2016 - 20:45:30: [SM]   [0]  Line 3327, C:\ff2_ver2\steamapps\common\Team Fortress 2 Dedicated Server\tf\addons\sourcemod\scripting\freak_fortress_2.sp::MessageTimer()
L 04/26/2016 - 20:47:31: [SM] Plugin encountered error 22: Maximum number of parameters reached
L 04/26/2016 - 20:47:31: [SM] Native "Format" reported: Translation string formatted incorrectly - missing at least 1 parameters
L 04/26/2016 - 20:47:31: [SM] Displaying call stack trace for plugin "freak_fortress_2.smx":
L 04/26/2016 - 20:47:31: [SM]   [0]  Line 3327, C:\ff2_ver2\steamapps\common\Team Fortress 2 Dedicated Server\tf\addons\sourcemod\scripting\freak_fortress_2.sp::MessageTimer()
L 04/26/2016 - 20:48:21: [SM] Plugin encountered error 22: Maximum number of parameters reached
L 04/26/2016 - 20:48:21: [SM] Native "Format" reported: Translation string formatted incorrectly - missing at least 1 parameters
L 04/26/2016 - 20:48:21: [SM] Displaying call stack trace for plugin "freak_fortress_2.smx":
L 04/26/2016 - 20:48:21: [SM]   [0]  Line 3327, C:\ff2_ver2\steamapps\common\Team Fortress 2 Dedicated Server\tf\addons\sourcemod\scripting\freak_fortress_2.sp::MessageTimer()
L 04/26/2016 - 20:49:51: Error log file session closed.
L 04/26/2016 - 20:50:13: SourceMod error session started
L 04/26/2016 - 20:50:13: Info (map "vsh_apg_v2") (file "errors_20160426.log")
L 04/26/2016 - 20:50:13: [SM] Warning(s) encountered in translation file "freak_fortress_2.phrases.txt"
L 04/26/2016 - 20:50:13: [SM] Invalid token ' ' in #format property on line 71.
L 04/26/2016 - 20:50:13: [SM] Invalid token ' ' in #format property on line 230.
L 04/26/2016 - 20:50:13: [SM] Invalid token '[' in #format property on line 230.
L 04/26/2016 - 20:50:13: [SM] Invalid token '3' in #format property on line 230.
L 04/26/2016 - 20:50:13: [SM] Invalid token ':' in #format property on line 230.
L 04/26/2016 - 20:50:13: [SM] Invalid token ']' in #format property on line 230.
L 04/26/2016 - 20:50:13: [SM] Invalid token ' ' in #format property on line 235.
L 04/26/2016 - 20:50:13: [SM] Invalid token ' ' in #format property on line 424.
L 04/26/2016 - 20:50:13: [SM] Invalid token ' ' in #format property on line 429.
L 04/26/2016 - 20:50:13: [SM] Invalid token ' ' in #format property on line 429.
L 04/26/2016 - 20:50:13: [SM] Invalid token ' ' in #format property on line 438.
L 04/26/2016 - 20:50:13: [SM] Invalid token ' ' in #format property on line 438.
L 04/26/2016 - 20:50:13: [SM] Invalid token ' ' in #format property on line 438.
L 04/26/2016 - 20:50:25: [freak_fortress_2.smx] [FF2 Bosses] Character danmedic is missing file 'sound/freak_fortress_2/s93dm/dm_playerdeath.mp3'!
L 04/26/2016 - 20:56:16: Error log file session closed.
L 04/26/2016 - 20:56:54: SourceMod error session started
L 04/26/2016 - 20:56:54: Info (map "vsh_apg_v2") (file "errors_20160426.log")
L 04/26/2016 - 20:56:54: [SM] Warning(s) encountered in translation file "freak_fortress_2.phrases.txt"
L 04/26/2016 - 20:56:54: [SM] Invalid token ' ' in #format property on line 71.
L 04/26/2016 - 20:56:54: [SM] Invalid token ' ' in #format property on line 230.
L 04/26/2016 - 20:56:54: [SM] Invalid token '[' in #format property on line 230.
L 04/26/2016 - 20:56:54: [SM] Invalid token '3' in #format property on line 230.
L 04/26/2016 - 20:56:54: [SM] Invalid token ':' in #format property on line 230.
L 04/26/2016 - 20:56:54: [SM] Invalid token ']' in #format property on line 230.
L 04/26/2016 - 20:56:54: [SM] Invalid token ' ' in #format property on line 235.
L 04/26/2016 - 20:56:54: [SM] Invalid token ' ' in #format property on line 424.
L 04/26/2016 - 20:56:54: [SM] Invalid token ' ' in #format property on line 429.
L 04/26/2016 - 20:56:54: [SM] Invalid token ' ' in #format property on line 429.
L 04/26/2016 - 20:56:54: [SM] Invalid token ' ' in #format property on line 438.
L 04/26/2016 - 20:56:54: [SM] Invalid token ' ' in #format property on line 438.
L 04/26/2016 - 20:56:54: [SM] Invalid token ' ' in #format property on line 438.
L 04/26/2016 - 20:57:06: [freak_fortress_2.smx] [FF2 Bosses] Character danmedic is missing file 'sound/freak_fortress_2/s93dm/dm_playerdeath.mp3'!
L 04/26/2016 - 21:15:41: Error log file session closed.
L 04/26/2016 - 21:17:05: SourceMod error session started
L 04/26/2016 - 21:17:05: Info (map "vsh_apg_v2") (file "errors_20160426.log")
L 04/26/2016 - 21:17:05: [SM] Warning(s) encountered in translation file "freak_fortress_2.phrases.txt"
L 04/26/2016 - 21:17:05: [SM] Invalid token ' ' in #format property on line 71.
L 04/26/2016 - 21:17:05: [SM] Invalid token ' ' in #format property on line 230.
L 04/26/2016 - 21:17:05: [SM] Invalid token '[' in #format property on line 230.
L 04/26/2016 - 21:17:05: [SM] Invalid token '3' in #format property on line 230.
L 04/26/2016 - 21:17:05: [SM] Invalid token ':' in #format property on line 230.
L 04/26/2016 - 21:17:05: [SM] Invalid token ']' in #format property on line 230.
L 04/26/2016 - 21:17:05: [SM] Invalid token ' ' in #format property on line 235.
L 04/26/2016 - 21:17:05: [SM] Invalid token ' ' in #format property on line 424.
L 04/26/2016 - 21:17:05: [SM] Invalid token ' ' in #format property on line 429.
L 04/26/2016 - 21:17:05: [SM] Invalid token ' ' in #format property on line 429.
L 04/26/2016 - 21:17:05: [SM] Invalid token ' ' in #format property on line 438.
L 04/26/2016 - 21:17:05: [SM] Invalid token ' ' in #format property on line 438.
L 04/26/2016 - 21:17:05: [SM] Invalid token ' ' in #format property on line 438.
L 04/26/2016 - 21:17:18: [freak_fortress_2.smx] [FF2 Bosses] Character danmedic is missing file 'sound/freak_fortress_2/s93dm/dm_playerdeath.mp3'!
L 04/26/2016 - 22:09:51: Error log file session closed.
