L 04/30/2016 - 13:51:34: SourceMod error session started
L 04/30/2016 - 13:51:34: Info (map "vsh_apg_v2") (file "errors_20160430.log")
L 04/30/2016 - 13:51:34: [SM] Warning(s) encountered in translation file "freak_fortress_2.phrases.txt"
L 04/30/2016 - 13:51:34: [SM] Invalid token ' ' in #format property on line 71.
L 04/30/2016 - 13:51:34: [SM] Invalid token ' ' in #format property on line 230.
L 04/30/2016 - 13:51:34: [SM] Invalid token '[' in #format property on line 230.
L 04/30/2016 - 13:51:34: [SM] Invalid token '3' in #format property on line 230.
L 04/30/2016 - 13:51:34: [SM] Invalid token ':' in #format property on line 230.
L 04/30/2016 - 13:51:34: [SM] Invalid token ']' in #format property on line 230.
L 04/30/2016 - 13:51:34: [SM] Invalid token ' ' in #format property on line 235.
L 04/30/2016 - 13:51:34: [SM] Invalid token ' ' in #format property on line 424.
L 04/30/2016 - 13:51:34: [SM] Invalid token ' ' in #format property on line 429.
L 04/30/2016 - 13:51:34: [SM] Invalid token ' ' in #format property on line 429.
L 04/30/2016 - 13:51:34: [SM] Invalid token ' ' in #format property on line 438.
L 04/30/2016 - 13:51:34: [SM] Invalid token ' ' in #format property on line 438.
L 04/30/2016 - 13:51:34: [SM] Invalid token ' ' in #format property on line 438.
L 04/30/2016 - 13:51:50: [freak_fortress_2.smx] [FF2 Bosses] Character danmedic is missing file 'models/freak_fortress_2/shadow93/dmedic_a/d_medic.mdl'!
L 04/30/2016 - 13:51:50: [freak_fortress_2.smx] [FF2 Bosses] Character danmedic is missing file 'models/freak_fortress_2/shadow93/dmedic_a/d_medic.dx80.vtx'!
L 04/30/2016 - 13:51:50: [freak_fortress_2.smx] [FF2 Bosses] Character danmedic is missing file 'models/freak_fortress_2/shadow93/dmedic_a/d_medic.dx90.vtx'!
L 04/30/2016 - 13:51:50: [freak_fortress_2.smx] [FF2 Bosses] Character danmedic is missing file 'models/freak_fortress_2/shadow93/dmedic_a/d_medic.sw.vtx'!
L 04/30/2016 - 13:51:50: [freak_fortress_2.smx] [FF2 Bosses] Character danmedic is missing file 'models/freak_fortress_2/shadow93/dmedic_a/d_medic.vvd'!
L 04/30/2016 - 13:51:50: [freak_fortress_2.smx] [FF2 Bosses] Character danmedic is missing file 'models/freak_fortress_2/shadow93/dmedic_a/d_soldier.mdl'!
L 04/30/2016 - 13:51:50: [freak_fortress_2.smx] [FF2 Bosses] Character danmedic is missing file 'models/freak_fortress_2/shadow93/dmedic_a/d_soldier.dx80.vtx'!
L 04/30/2016 - 13:51:50: [freak_fortress_2.smx] [FF2 Bosses] Character danmedic is missing file 'models/freak_fortress_2/shadow93/dmedic_a/d_soldier.dx90.vtx'!
L 04/30/2016 - 13:51:50: [freak_fortress_2.smx] [FF2 Bosses] Character danmedic is missing file 'models/freak_fortress_2/shadow93/dmedic_a/d_soldier.sw.vtx'!
L 04/30/2016 - 13:51:50: [freak_fortress_2.smx] [FF2 Bosses] Character danmedic is missing file 'models/freak_fortress_2/shadow93/dmedic_a/d_soldier.vvd'!
L 04/30/2016 - 13:51:51: [freak_fortress_2.smx] [FF2 Bosses] Character danmedic is missing file 'models/freak_fortress_2/shadow93/dmedic_a/rocket.mdl'!
L 04/30/2016 - 13:51:51: [freak_fortress_2.smx] [FF2 Bosses] Character danmedic is missing file 'models/freak_fortress_2/shadow93/dmedic_a/rocket.dx80.vtx'!
L 04/30/2016 - 13:51:51: [freak_fortress_2.smx] [FF2 Bosses] Character danmedic is missing file 'models/freak_fortress_2/shadow93/dmedic_a/rocket.dx90.vtx'!
L 04/30/2016 - 13:51:51: [freak_fortress_2.smx] [FF2 Bosses] Character danmedic is missing file 'models/freak_fortress_2/shadow93/dmedic_a/rocket.sw.vtx'!
L 04/30/2016 - 13:51:51: [freak_fortress_2.smx] [FF2 Bosses] Character danmedic is missing file 'models/freak_fortress_2/shadow93/dmedic_a/rocket.vvd'!
L 04/30/2016 - 13:51:51: [freak_fortress_2.smx] [FF2 Bosses] Character danmedic is missing file 'models/freak_fortress_2/shadow93/dmedic_a/d_medic.phy'!
L 04/30/2016 - 13:51:51: [freak_fortress_2.smx] [FF2 Bosses] Character danmedic is missing file 'models/freak_fortress_2/shadow93/dmedic_a/d_soldier.phy'!
L 04/30/2016 - 14:21:07: Error log file session closed.
L 04/30/2016 - 14:38:28: SourceMod error session started
L 04/30/2016 - 14:38:28: Info (map "vsh_apg_v2") (file "errors_20160430.log")
L 04/30/2016 - 14:38:28: [SM] Warning(s) encountered in translation file "freak_fortress_2.phrases.txt"
L 04/30/2016 - 14:38:28: [SM] Invalid token ' ' in #format property on line 71.
L 04/30/2016 - 14:38:28: [SM] Invalid token ' ' in #format property on line 230.
L 04/30/2016 - 14:38:28: [SM] Invalid token '[' in #format property on line 230.
L 04/30/2016 - 14:38:28: [SM] Invalid token '3' in #format property on line 230.
L 04/30/2016 - 14:38:28: [SM] Invalid token ':' in #format property on line 230.
L 04/30/2016 - 14:38:28: [SM] Invalid token ']' in #format property on line 230.
L 04/30/2016 - 14:38:28: [SM] Invalid token ' ' in #format property on line 235.
L 04/30/2016 - 14:38:28: [SM] Invalid token ' ' in #format property on line 424.
L 04/30/2016 - 14:38:28: [SM] Invalid token ' ' in #format property on line 429.
L 04/30/2016 - 14:38:28: [SM] Invalid token ' ' in #format property on line 429.
L 04/30/2016 - 14:38:28: [SM] Invalid token ' ' in #format property on line 438.
L 04/30/2016 - 14:38:28: [SM] Invalid token ' ' in #format property on line 438.
L 04/30/2016 - 14:38:28: [SM] Invalid token ' ' in #format property on line 438.
L 04/30/2016 - 14:38:40: [freak_fortress_2.smx] [FF2 Bosses] Character danmedic is missing file 'models/freak_fortress_2/shadow93/dmedic_a/d_medic.mdl'!
L 04/30/2016 - 14:38:40: [freak_fortress_2.smx] [FF2 Bosses] Character danmedic is missing file 'models/freak_fortress_2/shadow93/dmedic_a/d_medic.dx80.vtx'!
L 04/30/2016 - 14:38:40: [freak_fortress_2.smx] [FF2 Bosses] Character danmedic is missing file 'models/freak_fortress_2/shadow93/dmedic_a/d_medic.dx90.vtx'!
L 04/30/2016 - 14:38:40: [freak_fortress_2.smx] [FF2 Bosses] Character danmedic is missing file 'models/freak_fortress_2/shadow93/dmedic_a/d_medic.sw.vtx'!
L 04/30/2016 - 14:38:40: [freak_fortress_2.smx] [FF2 Bosses] Character danmedic is missing file 'models/freak_fortress_2/shadow93/dmedic_a/d_medic.vvd'!
L 04/30/2016 - 14:38:40: [freak_fortress_2.smx] [FF2 Bosses] Character danmedic is missing file 'models/freak_fortress_2/shadow93/dmedic_a/d_soldier.mdl'!
L 04/30/2016 - 14:38:40: [freak_fortress_2.smx] [FF2 Bosses] Character danmedic is missing file 'models/freak_fortress_2/shadow93/dmedic_a/d_soldier.dx80.vtx'!
L 04/30/2016 - 14:38:40: [freak_fortress_2.smx] [FF2 Bosses] Character danmedic is missing file 'models/freak_fortress_2/shadow93/dmedic_a/d_soldier.dx90.vtx'!
L 04/30/2016 - 14:38:40: [freak_fortress_2.smx] [FF2 Bosses] Character danmedic is missing file 'models/freak_fortress_2/shadow93/dmedic_a/d_soldier.sw.vtx'!
L 04/30/2016 - 14:38:40: [freak_fortress_2.smx] [FF2 Bosses] Character danmedic is missing file 'models/freak_fortress_2/shadow93/dmedic_a/d_soldier.vvd'!
L 04/30/2016 - 14:38:40: [freak_fortress_2.smx] [FF2 Bosses] Character danmedic is missing file 'models/freak_fortress_2/shadow93/dmedic_a/rocket.mdl'!
L 04/30/2016 - 14:38:40: [freak_fortress_2.smx] [FF2 Bosses] Character danmedic is missing file 'models/freak_fortress_2/shadow93/dmedic_a/rocket.dx80.vtx'!
L 04/30/2016 - 14:38:40: [freak_fortress_2.smx] [FF2 Bosses] Character danmedic is missing file 'models/freak_fortress_2/shadow93/dmedic_a/rocket.dx90.vtx'!
L 04/30/2016 - 14:38:40: [freak_fortress_2.smx] [FF2 Bosses] Character danmedic is missing file 'models/freak_fortress_2/shadow93/dmedic_a/rocket.sw.vtx'!
L 04/30/2016 - 14:38:40: [freak_fortress_2.smx] [FF2 Bosses] Character danmedic is missing file 'models/freak_fortress_2/shadow93/dmedic_a/rocket.vvd'!
L 04/30/2016 - 14:38:40: [freak_fortress_2.smx] [FF2 Bosses] Character danmedic is missing file 'models/freak_fortress_2/shadow93/dmedic_a/d_medic.phy'!
L 04/30/2016 - 14:38:40: [freak_fortress_2.smx] [FF2 Bosses] Character danmedic is missing file 'models/freak_fortress_2/shadow93/dmedic_a/d_soldier.phy'!
L 04/30/2016 - 14:40:08: Error log file session closed.
L 04/30/2016 - 14:40:20: SourceMod error session started
L 04/30/2016 - 14:40:20: Info (map "vsh_apg_v2") (file "errors_20160430.log")
L 04/30/2016 - 14:40:20: [SM] Warning(s) encountered in translation file "freak_fortress_2.phrases.txt"
L 04/30/2016 - 14:40:20: [SM] Invalid token ' ' in #format property on line 71.
L 04/30/2016 - 14:40:20: [SM] Invalid token ' ' in #format property on line 230.
L 04/30/2016 - 14:40:20: [SM] Invalid token '[' in #format property on line 230.
L 04/30/2016 - 14:40:20: [SM] Invalid token '3' in #format property on line 230.
L 04/30/2016 - 14:40:20: [SM] Invalid token ':' in #format property on line 230.
L 04/30/2016 - 14:40:20: [SM] Invalid token ']' in #format property on line 230.
L 04/30/2016 - 14:40:20: [SM] Invalid token ' ' in #format property on line 235.
L 04/30/2016 - 14:40:20: [SM] Invalid token ' ' in #format property on line 424.
L 04/30/2016 - 14:40:20: [SM] Invalid token ' ' in #format property on line 429.
L 04/30/2016 - 14:40:20: [SM] Invalid token ' ' in #format property on line 429.
L 04/30/2016 - 14:40:20: [SM] Invalid token ' ' in #format property on line 438.
L 04/30/2016 - 14:40:20: [SM] Invalid token ' ' in #format property on line 438.
L 04/30/2016 - 14:40:20: [SM] Invalid token ' ' in #format property on line 438.
L 04/30/2016 - 14:51:01: Error log file session closed.
L 04/30/2016 - 23:31:23: SourceMod error session started
L 04/30/2016 - 23:31:23: Info (map "vsh_apg_v2") (file "errors_20160430.log")
L 04/30/2016 - 23:31:23: [SM] Warning(s) encountered in translation file "freak_fortress_2.phrases.txt"
L 04/30/2016 - 23:31:23: [SM] Invalid token ' ' in #format property on line 71.
L 04/30/2016 - 23:31:23: [SM] Invalid token ' ' in #format property on line 230.
L 04/30/2016 - 23:31:23: [SM] Invalid token '[' in #format property on line 230.
L 04/30/2016 - 23:31:23: [SM] Invalid token '3' in #format property on line 230.
L 04/30/2016 - 23:31:23: [SM] Invalid token ':' in #format property on line 230.
L 04/30/2016 - 23:31:23: [SM] Invalid token ']' in #format property on line 230.
L 04/30/2016 - 23:31:23: [SM] Invalid token ' ' in #format property on line 235.
L 04/30/2016 - 23:31:23: [SM] Invalid token ' ' in #format property on line 424.
L 04/30/2016 - 23:31:23: [SM] Invalid token ' ' in #format property on line 429.
L 04/30/2016 - 23:31:23: [SM] Invalid token ' ' in #format property on line 429.
L 04/30/2016 - 23:31:23: [SM] Invalid token ' ' in #format property on line 438.
L 04/30/2016 - 23:31:23: [SM] Invalid token ' ' in #format property on line 438.
L 04/30/2016 - 23:31:23: [SM] Invalid token ' ' in #format property on line 438.
L 04/30/2016 - 23:46:55: SourceMod error session started
L 04/30/2016 - 23:46:55: Info (map "vsh_apg_v2") (file "errors_20160430.log")
L 04/30/2016 - 23:46:55: [SM] Warning(s) encountered in translation file "freak_fortress_2.phrases.txt"
L 04/30/2016 - 23:46:55: [SM] Invalid token ' ' in #format property on line 71.
L 04/30/2016 - 23:46:55: [SM] Invalid token ' ' in #format property on line 230.
L 04/30/2016 - 23:46:55: [SM] Invalid token '[' in #format property on line 230.
L 04/30/2016 - 23:46:55: [SM] Invalid token '3' in #format property on line 230.
L 04/30/2016 - 23:46:55: [SM] Invalid token ':' in #format property on line 230.
L 04/30/2016 - 23:46:55: [SM] Invalid token ']' in #format property on line 230.
L 04/30/2016 - 23:46:55: [SM] Invalid token ' ' in #format property on line 235.
L 04/30/2016 - 23:46:55: [SM] Invalid token ' ' in #format property on line 424.
L 04/30/2016 - 23:46:55: [SM] Invalid token ' ' in #format property on line 429.
L 04/30/2016 - 23:46:55: [SM] Invalid token ' ' in #format property on line 429.
L 04/30/2016 - 23:46:55: [SM] Invalid token ' ' in #format property on line 438.
L 04/30/2016 - 23:46:55: [SM] Invalid token ' ' in #format property on line 438.
L 04/30/2016 - 23:46:55: [SM] Invalid token ' ' in #format property on line 438.
