L 05/02/2016 - 19:35:43: SourceMod error session started
L 05/02/2016 - 19:35:43: Info (map "vsh_apg_v2") (file "errors_20160502.log")
L 05/02/2016 - 19:35:43: [SM] Warning(s) encountered in translation file "freak_fortress_2.phrases.txt"
L 05/02/2016 - 19:35:43: [SM] Invalid token ' ' in #format property on line 71.
L 05/02/2016 - 19:35:43: [SM] Invalid token ' ' in #format property on line 230.
L 05/02/2016 - 19:35:43: [SM] Invalid token '[' in #format property on line 230.
L 05/02/2016 - 19:35:43: [SM] Invalid token '3' in #format property on line 230.
L 05/02/2016 - 19:35:43: [SM] Invalid token ':' in #format property on line 230.
L 05/02/2016 - 19:35:43: [SM] Invalid token ']' in #format property on line 230.
L 05/02/2016 - 19:35:43: [SM] Invalid token ' ' in #format property on line 235.
L 05/02/2016 - 19:35:43: [SM] Invalid token ' ' in #format property on line 424.
L 05/02/2016 - 19:35:43: [SM] Invalid token ' ' in #format property on line 429.
L 05/02/2016 - 19:35:43: [SM] Invalid token ' ' in #format property on line 429.
L 05/02/2016 - 19:35:43: [SM] Invalid token ' ' in #format property on line 438.
L 05/02/2016 - 19:35:43: [SM] Invalid token ' ' in #format property on line 438.
L 05/02/2016 - 19:35:43: [SM] Invalid token ' ' in #format property on line 438.
L 05/02/2016 - 19:38:11: [SM] Native "GetClientUserId" reported: Client index 0 is invalid
L 05/02/2016 - 19:38:11: [SM] Displaying call stack trace for plugin "freak_fortress_2.smx":
L 05/02/2016 - 19:38:11: [SM]   [0]  Line 3091, C:\ff2_ver2\steamapps\common\Team Fortress 2 Dedicated Server\tf\addons\sourcemod\scripting\freak_fortress_2.sp::Timer_PlayBGM()
L 05/02/2016 - 19:39:06: [SM] Native "GetClientUserId" reported: Client index 0 is invalid
L 05/02/2016 - 19:39:06: [SM] Displaying call stack trace for plugin "freak_fortress_2.smx":
L 05/02/2016 - 19:39:06: [SM]   [0]  Line 3091, C:\ff2_ver2\steamapps\common\Team Fortress 2 Dedicated Server\tf\addons\sourcemod\scripting\freak_fortress_2.sp::Timer_PlayBGM()
L 05/02/2016 - 19:42:39: Error log file session closed.
L 05/02/2016 - 19:42:54: SourceMod error session started
L 05/02/2016 - 19:42:54: Info (map "vsh_apg_v2") (file "errors_20160502.log")
L 05/02/2016 - 19:42:54: [SM] Warning(s) encountered in translation file "freak_fortress_2.phrases.txt"
L 05/02/2016 - 19:42:54: [SM] Invalid token ' ' in #format property on line 71.
L 05/02/2016 - 19:42:54: [SM] Invalid token ' ' in #format property on line 230.
L 05/02/2016 - 19:42:54: [SM] Invalid token '[' in #format property on line 230.
L 05/02/2016 - 19:42:54: [SM] Invalid token '3' in #format property on line 230.
L 05/02/2016 - 19:42:54: [SM] Invalid token ':' in #format property on line 230.
L 05/02/2016 - 19:42:54: [SM] Invalid token ']' in #format property on line 230.
L 05/02/2016 - 19:42:54: [SM] Invalid token ' ' in #format property on line 235.
L 05/02/2016 - 19:42:54: [SM] Invalid token ' ' in #format property on line 424.
L 05/02/2016 - 19:42:54: [SM] Invalid token ' ' in #format property on line 429.
L 05/02/2016 - 19:42:54: [SM] Invalid token ' ' in #format property on line 429.
L 05/02/2016 - 19:42:54: [SM] Invalid token ' ' in #format property on line 438.
L 05/02/2016 - 19:42:54: [SM] Invalid token ' ' in #format property on line 438.
L 05/02/2016 - 19:42:54: [SM] Invalid token ' ' in #format property on line 438.
L 05/02/2016 - 19:45:19: [SM] Native "GetClientUserId" reported: Client index 0 is invalid
L 05/02/2016 - 19:45:19: [SM] Displaying call stack trace for plugin "freak_fortress_2.smx":
L 05/02/2016 - 19:45:19: [SM]   [0]  Line 3091, C:\ff2_ver2\steamapps\common\Team Fortress 2 Dedicated Server\tf\addons\sourcemod\scripting\freak_fortress_2.sp::Timer_PlayBGM()
L 05/02/2016 - 19:45:51: Error log file session closed.
L 05/02/2016 - 19:46:07: SourceMod error session started
L 05/02/2016 - 19:46:07: Info (map "vsh_apg_v2") (file "errors_20160502.log")
L 05/02/2016 - 19:46:07: [SM] Warning(s) encountered in translation file "freak_fortress_2.phrases.txt"
L 05/02/2016 - 19:46:07: [SM] Invalid token ' ' in #format property on line 71.
L 05/02/2016 - 19:46:07: [SM] Invalid token ' ' in #format property on line 230.
L 05/02/2016 - 19:46:07: [SM] Invalid token '[' in #format property on line 230.
L 05/02/2016 - 19:46:07: [SM] Invalid token '3' in #format property on line 230.
L 05/02/2016 - 19:46:07: [SM] Invalid token ':' in #format property on line 230.
L 05/02/2016 - 19:46:07: [SM] Invalid token ']' in #format property on line 230.
L 05/02/2016 - 19:46:07: [SM] Invalid token ' ' in #format property on line 235.
L 05/02/2016 - 19:46:07: [SM] Invalid token ' ' in #format property on line 424.
L 05/02/2016 - 19:46:07: [SM] Invalid token ' ' in #format property on line 429.
L 05/02/2016 - 19:46:07: [SM] Invalid token ' ' in #format property on line 429.
L 05/02/2016 - 19:46:07: [SM] Invalid token ' ' in #format property on line 438.
L 05/02/2016 - 19:46:07: [SM] Invalid token ' ' in #format property on line 438.
L 05/02/2016 - 19:46:07: [SM] Invalid token ' ' in #format property on line 438.
L 05/02/2016 - 19:48:32: [SM] Native "GetClientUserId" reported: Client 3 is not connected
L 05/02/2016 - 19:48:32: [SM] Displaying call stack trace for plugin "freak_fortress_2.smx":
L 05/02/2016 - 19:48:32: [SM]   [0]  Line 3091, C:\ff2_ver2\steamapps\common\Team Fortress 2 Dedicated Server\tf\addons\sourcemod\scripting\freak_fortress_2.sp::Timer_PlayBGM()
L 05/02/2016 - 19:49:56: Error log file session closed.
L 05/02/2016 - 19:50:07: SourceMod error session started
L 05/02/2016 - 19:50:07: Info (map "vsh_apg_v2") (file "errors_20160502.log")
L 05/02/2016 - 19:50:07: [SM] Warning(s) encountered in translation file "freak_fortress_2.phrases.txt"
L 05/02/2016 - 19:50:07: [SM] Invalid token ' ' in #format property on line 71.
L 05/02/2016 - 19:50:07: [SM] Invalid token ' ' in #format property on line 230.
L 05/02/2016 - 19:50:07: [SM] Invalid token '[' in #format property on line 230.
L 05/02/2016 - 19:50:07: [SM] Invalid token '3' in #format property on line 230.
L 05/02/2016 - 19:50:07: [SM] Invalid token ':' in #format property on line 230.
L 05/02/2016 - 19:50:07: [SM] Invalid token ']' in #format property on line 230.
L 05/02/2016 - 19:50:07: [SM] Invalid token ' ' in #format property on line 235.
L 05/02/2016 - 19:50:07: [SM] Invalid token ' ' in #format property on line 424.
L 05/02/2016 - 19:50:07: [SM] Invalid token ' ' in #format property on line 429.
L 05/02/2016 - 19:50:07: [SM] Invalid token ' ' in #format property on line 429.
L 05/02/2016 - 19:50:07: [SM] Invalid token ' ' in #format property on line 438.
L 05/02/2016 - 19:50:07: [SM] Invalid token ' ' in #format property on line 438.
L 05/02/2016 - 19:50:07: [SM] Invalid token ' ' in #format property on line 438.
L 05/02/2016 - 19:54:57: Error log file session closed.
L 05/02/2016 - 19:55:12: SourceMod error session started
L 05/02/2016 - 19:55:12: Info (map "vsh_apg_v2") (file "errors_20160502.log")
L 05/02/2016 - 19:55:12: [SM] Warning(s) encountered in translation file "freak_fortress_2.phrases.txt"
L 05/02/2016 - 19:55:12: [SM] Invalid token ' ' in #format property on line 71.
L 05/02/2016 - 19:55:12: [SM] Invalid token ' ' in #format property on line 230.
L 05/02/2016 - 19:55:12: [SM] Invalid token '[' in #format property on line 230.
L 05/02/2016 - 19:55:12: [SM] Invalid token '3' in #format property on line 230.
L 05/02/2016 - 19:55:12: [SM] Invalid token ':' in #format property on line 230.
L 05/02/2016 - 19:55:12: [SM] Invalid token ']' in #format property on line 230.
L 05/02/2016 - 19:55:12: [SM] Invalid token ' ' in #format property on line 235.
L 05/02/2016 - 19:55:12: [SM] Invalid token ' ' in #format property on line 424.
L 05/02/2016 - 19:55:12: [SM] Invalid token ' ' in #format property on line 429.
L 05/02/2016 - 19:55:12: [SM] Invalid token ' ' in #format property on line 429.
L 05/02/2016 - 19:55:12: [SM] Invalid token ' ' in #format property on line 438.
L 05/02/2016 - 19:55:12: [SM] Invalid token ' ' in #format property on line 438.
L 05/02/2016 - 19:55:12: [SM] Invalid token ' ' in #format property on line 438.
L 05/02/2016 - 20:02:27: Error log file session closed.
L 05/02/2016 - 20:02:39: SourceMod error session started
L 05/02/2016 - 20:02:39: Info (map "vsh_apg_v2") (file "errors_20160502.log")
L 05/02/2016 - 20:02:39: [SM] Warning(s) encountered in translation file "freak_fortress_2.phrases.txt"
L 05/02/2016 - 20:02:39: [SM] Invalid token ' ' in #format property on line 71.
L 05/02/2016 - 20:02:39: [SM] Invalid token ' ' in #format property on line 230.
L 05/02/2016 - 20:02:39: [SM] Invalid token '[' in #format property on line 230.
L 05/02/2016 - 20:02:39: [SM] Invalid token '3' in #format property on line 230.
L 05/02/2016 - 20:02:39: [SM] Invalid token ':' in #format property on line 230.
L 05/02/2016 - 20:02:39: [SM] Invalid token ']' in #format property on line 230.
L 05/02/2016 - 20:02:39: [SM] Invalid token ' ' in #format property on line 235.
L 05/02/2016 - 20:02:39: [SM] Invalid token ' ' in #format property on line 424.
L 05/02/2016 - 20:02:39: [SM] Invalid token ' ' in #format property on line 429.
L 05/02/2016 - 20:02:39: [SM] Invalid token ' ' in #format property on line 429.
L 05/02/2016 - 20:02:39: [SM] Invalid token ' ' in #format property on line 438.
L 05/02/2016 - 20:02:39: [SM] Invalid token ' ' in #format property on line 438.
L 05/02/2016 - 20:02:39: [SM] Invalid token ' ' in #format property on line 438.
L 05/02/2016 - 20:08:16: Error log file session closed.
L 05/02/2016 - 20:08:27: SourceMod error session started
L 05/02/2016 - 20:08:27: Info (map "vsh_apg_v2") (file "errors_20160502.log")
L 05/02/2016 - 20:08:27: [SM] Warning(s) encountered in translation file "freak_fortress_2.phrases.txt"
L 05/02/2016 - 20:08:27: [SM] Invalid token ' ' in #format property on line 71.
L 05/02/2016 - 20:08:27: [SM] Invalid token ' ' in #format property on line 230.
L 05/02/2016 - 20:08:27: [SM] Invalid token '[' in #format property on line 230.
L 05/02/2016 - 20:08:27: [SM] Invalid token '3' in #format property on line 230.
L 05/02/2016 - 20:08:27: [SM] Invalid token ':' in #format property on line 230.
L 05/02/2016 - 20:08:27: [SM] Invalid token ']' in #format property on line 230.
L 05/02/2016 - 20:08:27: [SM] Invalid token ' ' in #format property on line 235.
L 05/02/2016 - 20:08:27: [SM] Invalid token ' ' in #format property on line 424.
L 05/02/2016 - 20:08:27: [SM] Invalid token ' ' in #format property on line 429.
L 05/02/2016 - 20:08:27: [SM] Invalid token ' ' in #format property on line 429.
L 05/02/2016 - 20:08:27: [SM] Invalid token ' ' in #format property on line 438.
L 05/02/2016 - 20:08:27: [SM] Invalid token ' ' in #format property on line 438.
L 05/02/2016 - 20:08:27: [SM] Invalid token ' ' in #format property on line 438.
L 05/02/2016 - 20:27:59: Error log file session closed.
L 05/02/2016 - 22:36:59: SourceMod error session started
L 05/02/2016 - 22:36:59: Info (map "vsh_apg_v2") (file "errors_20160502.log")
L 05/02/2016 - 22:36:59: [SM] Warning(s) encountered in translation file "freak_fortress_2.phrases.txt"
L 05/02/2016 - 22:36:59: [SM] Invalid token ' ' in #format property on line 71.
L 05/02/2016 - 22:36:59: [SM] Invalid token ' ' in #format property on line 230.
L 05/02/2016 - 22:36:59: [SM] Invalid token '[' in #format property on line 230.
L 05/02/2016 - 22:36:59: [SM] Invalid token '3' in #format property on line 230.
L 05/02/2016 - 22:36:59: [SM] Invalid token ':' in #format property on line 230.
L 05/02/2016 - 22:36:59: [SM] Invalid token ']' in #format property on line 230.
L 05/02/2016 - 22:36:59: [SM] Invalid token ' ' in #format property on line 235.
L 05/02/2016 - 22:36:59: [SM] Invalid token ' ' in #format property on line 424.
L 05/02/2016 - 22:36:59: [SM] Invalid token ' ' in #format property on line 429.
L 05/02/2016 - 22:36:59: [SM] Invalid token ' ' in #format property on line 429.
L 05/02/2016 - 22:36:59: [SM] Invalid token ' ' in #format property on line 438.
L 05/02/2016 - 22:36:59: [SM] Invalid token ' ' in #format property on line 438.
L 05/02/2016 - 22:36:59: [SM] Invalid token ' ' in #format property on line 438.
L 05/02/2016 - 22:39:47: Error log file session closed.
