L 04/11/2016 - 20:28:59: SourceMod error session started
L 04/11/2016 - 20:28:59: Info (map "arena_badlands") (file "errors_20160411.log")
L 04/11/2016 - 20:28:59: [SM] Warning(s) encountered in translation file "freak_fortress_2.phrases.txt"
L 04/11/2016 - 20:28:59: [SM] Invalid token ' ' in #format property on line 59.
L 04/11/2016 - 20:28:59: [SM] Invalid token ' ' in #format property on line 402.
L 04/11/2016 - 20:28:59: [SM] Invalid token ' ' in #format property on line 407.
L 04/11/2016 - 20:28:59: [SM] Invalid token ' ' in #format property on line 407.
L 04/11/2016 - 20:28:59: [SM] Invalid token ' ' in #format property on line 416.
L 04/11/2016 - 20:28:59: [SM] Invalid token ' ' in #format property on line 416.
L 04/11/2016 - 20:28:59: [SM] Invalid token ' ' in #format property on line 416.
L 04/11/2016 - 20:34:35: SourceMod error session started
L 04/11/2016 - 20:34:35: Info (map "arena_badlands") (file "errors_20160411.log")
L 04/11/2016 - 20:34:35: [SM] Warning(s) encountered in translation file "freak_fortress_2.phrases.txt"
L 04/11/2016 - 20:34:35: [SM] Invalid token ' ' in #format property on line 59.
L 04/11/2016 - 20:34:35: [SM] Invalid token ' ' in #format property on line 402.
L 04/11/2016 - 20:34:35: [SM] Invalid token ' ' in #format property on line 407.
L 04/11/2016 - 20:34:35: [SM] Invalid token ' ' in #format property on line 407.
L 04/11/2016 - 20:34:35: [SM] Invalid token ' ' in #format property on line 416.
L 04/11/2016 - 20:34:35: [SM] Invalid token ' ' in #format property on line 416.
L 04/11/2016 - 20:34:35: [SM] Invalid token ' ' in #format property on line 416.
L 04/11/2016 - 20:37:50: [SM] Native "IsClientInGame" reported: Client index 0 is invalid
L 04/11/2016 - 20:37:50: [SM] Displaying call stack trace for plugin "freaks\ff2_1st_set_abilities.ff2":
L 04/11/2016 - 20:37:50: [SM]   [0]  Line 114, C:\ff2\steamapps\common\Team Fortress 2 Dedicated Server\tf\addons\sourcemod\scripting\ff2_1st_set_abilities.sp::OnRoundEnd()
L 04/11/2016 - 20:38:46: [SM] Native "IsClientInGame" reported: Client index 0 is invalid
L 04/11/2016 - 20:38:46: [SM] Displaying call stack trace for plugin "freaks\ff2_1st_set_abilities.ff2":
L 04/11/2016 - 20:38:46: [SM]   [0]  Line 114, C:\ff2\steamapps\common\Team Fortress 2 Dedicated Server\tf\addons\sourcemod\scripting\ff2_1st_set_abilities.sp::OnRoundEnd()
L 04/11/2016 - 20:40:16: [SM] Native "IsClientInGame" reported: Client index 0 is invalid
L 04/11/2016 - 20:40:16: [SM] Displaying call stack trace for plugin "freaks\ff2_1st_set_abilities.ff2":
L 04/11/2016 - 20:40:16: [SM]   [0]  Line 114, C:\ff2\steamapps\common\Team Fortress 2 Dedicated Server\tf\addons\sourcemod\scripting\ff2_1st_set_abilities.sp::OnRoundEnd()
L 04/11/2016 - 20:42:45: [SM] Native "IsClientInGame" reported: Client index 0 is invalid
L 04/11/2016 - 20:42:45: [SM] Displaying call stack trace for plugin "freaks\ff2_1st_set_abilities.ff2":
L 04/11/2016 - 20:42:45: [SM]   [0]  Line 114, C:\ff2\steamapps\common\Team Fortress 2 Dedicated Server\tf\addons\sourcemod\scripting\ff2_1st_set_abilities.sp::OnRoundEnd()
L 04/11/2016 - 20:44:41: [SM] Native "IsClientInGame" reported: Client index 0 is invalid
L 04/11/2016 - 20:44:41: [SM] Displaying call stack trace for plugin "freaks\ff2_1st_set_abilities.ff2":
L 04/11/2016 - 20:44:41: [SM]   [0]  Line 114, C:\ff2\steamapps\common\Team Fortress 2 Dedicated Server\tf\addons\sourcemod\scripting\ff2_1st_set_abilities.sp::OnRoundEnd()
L 04/11/2016 - 20:48:17: [SM] Native "IsClientInGame" reported: Client index 0 is invalid
L 04/11/2016 - 20:48:17: [SM] Displaying call stack trace for plugin "freaks\ff2_1st_set_abilities.ff2":
L 04/11/2016 - 20:48:17: [SM]   [0]  Line 114, C:\ff2\steamapps\common\Team Fortress 2 Dedicated Server\tf\addons\sourcemod\scripting\ff2_1st_set_abilities.sp::OnRoundEnd()
L 04/11/2016 - 20:52:26: [SM] Native "IsClientInGame" reported: Client index 0 is invalid
L 04/11/2016 - 20:52:26: [SM] Displaying call stack trace for plugin "freaks\ff2_1st_set_abilities.ff2":
L 04/11/2016 - 20:52:26: [SM]   [0]  Line 114, C:\ff2\steamapps\common\Team Fortress 2 Dedicated Server\tf\addons\sourcemod\scripting\ff2_1st_set_abilities.sp::OnRoundEnd()
L 04/11/2016 - 20:57:01: [SM] Native "IsClientInGame" reported: Client index 0 is invalid
L 04/11/2016 - 20:57:01: [SM] Displaying call stack trace for plugin "freaks\ff2_1st_set_abilities.ff2":
L 04/11/2016 - 20:57:01: [SM]   [0]  Line 114, C:\ff2\steamapps\common\Team Fortress 2 Dedicated Server\tf\addons\sourcemod\scripting\ff2_1st_set_abilities.sp::OnRoundEnd()
L 04/11/2016 - 20:59:37: [SM] Native "IsClientInGame" reported: Client index 0 is invalid
L 04/11/2016 - 20:59:37: [SM] Displaying call stack trace for plugin "freaks\ff2_1st_set_abilities.ff2":
L 04/11/2016 - 20:59:37: [SM]   [0]  Line 114, C:\ff2\steamapps\common\Team Fortress 2 Dedicated Server\tf\addons\sourcemod\scripting\ff2_1st_set_abilities.sp::OnRoundEnd()
L 04/11/2016 - 21:01:12: [SM] Native "IsClientInGame" reported: Client index 0 is invalid
L 04/11/2016 - 21:01:12: [SM] Displaying call stack trace for plugin "freaks\ff2_1st_set_abilities.ff2":
L 04/11/2016 - 21:01:12: [SM]   [0]  Line 114, C:\ff2\steamapps\common\Team Fortress 2 Dedicated Server\tf\addons\sourcemod\scripting\ff2_1st_set_abilities.sp::OnRoundEnd()
L 04/11/2016 - 21:02:58: [SM] Native "IsClientInGame" reported: Client index 0 is invalid
L 04/11/2016 - 21:02:58: [SM] Displaying call stack trace for plugin "freaks\ff2_1st_set_abilities.ff2":
L 04/11/2016 - 21:02:58: [SM]   [0]  Line 114, C:\ff2\steamapps\common\Team Fortress 2 Dedicated Server\tf\addons\sourcemod\scripting\ff2_1st_set_abilities.sp::OnRoundEnd()
L 04/11/2016 - 21:05:04: [SM] Native "IsClientInGame" reported: Client index 0 is invalid
L 04/11/2016 - 21:05:04: [SM] Displaying call stack trace for plugin "freaks\ff2_1st_set_abilities.ff2":
L 04/11/2016 - 21:05:04: [SM]   [0]  Line 114, C:\ff2\steamapps\common\Team Fortress 2 Dedicated Server\tf\addons\sourcemod\scripting\ff2_1st_set_abilities.sp::OnRoundEnd()
L 04/11/2016 - 21:05:27: Error log file session closed.
L 04/11/2016 - 21:15:38: SourceMod error session started
L 04/11/2016 - 21:15:38: Info (map "arena_badlands") (file "errors_20160411.log")
L 04/11/2016 - 21:15:38: [SM] Warning(s) encountered in translation file "freak_fortress_2.phrases.txt"
L 04/11/2016 - 21:15:38: [SM] Invalid token ' ' in #format property on line 59.
L 04/11/2016 - 21:15:38: [SM] Invalid token ' ' in #format property on line 402.
L 04/11/2016 - 21:15:38: [SM] Invalid token ' ' in #format property on line 407.
L 04/11/2016 - 21:15:38: [SM] Invalid token ' ' in #format property on line 407.
L 04/11/2016 - 21:15:38: [SM] Invalid token ' ' in #format property on line 416.
L 04/11/2016 - 21:15:38: [SM] Invalid token ' ' in #format property on line 416.
L 04/11/2016 - 21:15:38: [SM] Invalid token ' ' in #format property on line 416.
L 04/11/2016 - 21:16:46: Error log file session closed.
L 04/11/2016 - 21:16:46: SourceMod error session started
L 04/11/2016 - 21:16:46: Info (map "cp_vanguard") (file "errors_20160411.log")
L 04/11/2016 - 21:16:46: [SM] Warning(s) encountered in translation file "freak_fortress_2.phrases.txt"
L 04/11/2016 - 21:16:46: [SM] Invalid token ' ' in #format property on line 59.
L 04/11/2016 - 21:16:46: [SM] Invalid token ' ' in #format property on line 402.
L 04/11/2016 - 21:16:46: [SM] Invalid token ' ' in #format property on line 407.
L 04/11/2016 - 21:16:46: [SM] Invalid token ' ' in #format property on line 407.
L 04/11/2016 - 21:16:46: [SM] Invalid token ' ' in #format property on line 416.
L 04/11/2016 - 21:16:46: [SM] Invalid token ' ' in #format property on line 416.
L 04/11/2016 - 21:16:46: [SM] Invalid token ' ' in #format property on line 416.
L 04/11/2016 - 21:19:24: Error log file session closed.
