L 05/14/2016 - 11:09:32: SourceMod error session started
L 05/14/2016 - 11:09:32: Info (map "vsh_apg_v2") (file "errors_20160514.log")
L 05/14/2016 - 11:09:32: [SM] Warning(s) encountered in translation file "freak_fortress_2.phrases.txt"
L 05/14/2016 - 11:09:32: [SM] Invalid token ' ' in #format property on line 71.
L 05/14/2016 - 11:09:32: [SM] Invalid token ' ' in #format property on line 230.
L 05/14/2016 - 11:09:32: [SM] Invalid token '[' in #format property on line 230.
L 05/14/2016 - 11:09:32: [SM] Invalid token '3' in #format property on line 230.
L 05/14/2016 - 11:09:32: [SM] Invalid token ':' in #format property on line 230.
L 05/14/2016 - 11:09:32: [SM] Invalid token ']' in #format property on line 230.
L 05/14/2016 - 11:09:32: [SM] Invalid token ' ' in #format property on line 235.
L 05/14/2016 - 11:09:32: [SM] Invalid token ' ' in #format property on line 424.
L 05/14/2016 - 11:09:32: [SM] Invalid token ' ' in #format property on line 429.
L 05/14/2016 - 11:09:32: [SM] Invalid token ' ' in #format property on line 429.
L 05/14/2016 - 11:09:32: [SM] Invalid token ' ' in #format property on line 438.
L 05/14/2016 - 11:09:32: [SM] Invalid token ' ' in #format property on line 438.
L 05/14/2016 - 11:09:32: [SM] Invalid token ' ' in #format property on line 438.
L 05/14/2016 - 11:37:04: Error log file session closed.
L 05/14/2016 - 11:46:00: SourceMod error session started
L 05/14/2016 - 11:46:00: Info (map "vsh_apg_v2") (file "errors_20160514.log")
L 05/14/2016 - 11:46:00: [SM] Warning(s) encountered in translation file "freak_fortress_2.phrases.txt"
L 05/14/2016 - 11:46:00: [SM] Invalid token ' ' in #format property on line 71.
L 05/14/2016 - 11:46:00: [SM] Invalid token ' ' in #format property on line 230.
L 05/14/2016 - 11:46:00: [SM] Invalid token '[' in #format property on line 230.
L 05/14/2016 - 11:46:00: [SM] Invalid token '3' in #format property on line 230.
L 05/14/2016 - 11:46:00: [SM] Invalid token ':' in #format property on line 230.
L 05/14/2016 - 11:46:00: [SM] Invalid token ']' in #format property on line 230.
L 05/14/2016 - 11:46:00: [SM] Invalid token ' ' in #format property on line 235.
L 05/14/2016 - 11:46:00: [SM] Invalid token ' ' in #format property on line 424.
L 05/14/2016 - 11:46:00: [SM] Invalid token ' ' in #format property on line 429.
L 05/14/2016 - 11:46:00: [SM] Invalid token ' ' in #format property on line 429.
L 05/14/2016 - 11:46:00: [SM] Invalid token ' ' in #format property on line 438.
L 05/14/2016 - 11:46:00: [SM] Invalid token ' ' in #format property on line 438.
L 05/14/2016 - 11:46:00: [SM] Invalid token ' ' in #format property on line 438.
L 05/14/2016 - 12:06:20: Error log file session closed.
L 05/14/2016 - 15:34:19: SourceMod error session started
L 05/14/2016 - 15:34:19: Info (map "vsh_apg_v2") (file "errors_20160514.log")
L 05/14/2016 - 15:34:19: [SM] Warning(s) encountered in translation file "freak_fortress_2.phrases.txt"
L 05/14/2016 - 15:34:19: [SM] Invalid token ' ' in #format property on line 71.
L 05/14/2016 - 15:34:19: [SM] Invalid token ' ' in #format property on line 230.
L 05/14/2016 - 15:34:19: [SM] Invalid token '[' in #format property on line 230.
L 05/14/2016 - 15:34:19: [SM] Invalid token '3' in #format property on line 230.
L 05/14/2016 - 15:34:19: [SM] Invalid token ':' in #format property on line 230.
L 05/14/2016 - 15:34:19: [SM] Invalid token ']' in #format property on line 230.
L 05/14/2016 - 15:34:19: [SM] Invalid token ' ' in #format property on line 235.
L 05/14/2016 - 15:34:19: [SM] Invalid token ' ' in #format property on line 424.
L 05/14/2016 - 15:34:19: [SM] Invalid token ' ' in #format property on line 429.
L 05/14/2016 - 15:34:19: [SM] Invalid token ' ' in #format property on line 429.
L 05/14/2016 - 15:34:19: [SM] Invalid token ' ' in #format property on line 438.
L 05/14/2016 - 15:34:19: [SM] Invalid token ' ' in #format property on line 438.
L 05/14/2016 - 15:34:19: [SM] Invalid token ' ' in #format property on line 438.
L 05/14/2016 - 16:14:27: Error log file session closed.
L 05/14/2016 - 16:14:27: SourceMod error session started
L 05/14/2016 - 16:14:27: Info (map "tc_hydro") (file "errors_20160514.log")
L 05/14/2016 - 16:14:27: [SM] Warning(s) encountered in translation file "freak_fortress_2.phrases.txt"
L 05/14/2016 - 16:14:27: [SM] Invalid token ' ' in #format property on line 71.
L 05/14/2016 - 16:14:27: [SM] Invalid token ' ' in #format property on line 230.
L 05/14/2016 - 16:14:27: [SM] Invalid token '[' in #format property on line 230.
L 05/14/2016 - 16:14:27: [SM] Invalid token '3' in #format property on line 230.
L 05/14/2016 - 16:14:27: [SM] Invalid token ':' in #format property on line 230.
L 05/14/2016 - 16:14:27: [SM] Invalid token ']' in #format property on line 230.
L 05/14/2016 - 16:14:27: [SM] Invalid token ' ' in #format property on line 235.
L 05/14/2016 - 16:14:27: [SM] Invalid token ' ' in #format property on line 424.
L 05/14/2016 - 16:14:27: [SM] Invalid token ' ' in #format property on line 429.
L 05/14/2016 - 16:14:27: [SM] Invalid token ' ' in #format property on line 429.
L 05/14/2016 - 16:14:27: [SM] Invalid token ' ' in #format property on line 438.
L 05/14/2016 - 16:14:27: [SM] Invalid token ' ' in #format property on line 438.
L 05/14/2016 - 16:14:27: [SM] Invalid token ' ' in #format property on line 438.
L 05/14/2016 - 16:14:37: Error log file session closed.
L 05/14/2016 - 16:14:37: SourceMod error session started
L 05/14/2016 - 16:14:37: Info (map "vsh_2fortdesk_v8") (file "errors_20160514.log")
L 05/14/2016 - 16:14:37: [SM] Warning(s) encountered in translation file "freak_fortress_2.phrases.txt"
L 05/14/2016 - 16:14:37: [SM] Invalid token ' ' in #format property on line 71.
L 05/14/2016 - 16:14:37: [SM] Invalid token ' ' in #format property on line 230.
L 05/14/2016 - 16:14:37: [SM] Invalid token '[' in #format property on line 230.
L 05/14/2016 - 16:14:37: [SM] Invalid token '3' in #format property on line 230.
L 05/14/2016 - 16:14:37: [SM] Invalid token ':' in #format property on line 230.
L 05/14/2016 - 16:14:37: [SM] Invalid token ']' in #format property on line 230.
L 05/14/2016 - 16:14:37: [SM] Invalid token ' ' in #format property on line 235.
L 05/14/2016 - 16:14:37: [SM] Invalid token ' ' in #format property on line 424.
L 05/14/2016 - 16:14:37: [SM] Invalid token ' ' in #format property on line 429.
L 05/14/2016 - 16:14:37: [SM] Invalid token ' ' in #format property on line 429.
L 05/14/2016 - 16:14:37: [SM] Invalid token ' ' in #format property on line 438.
L 05/14/2016 - 16:14:37: [SM] Invalid token ' ' in #format property on line 438.
L 05/14/2016 - 16:14:37: [SM] Invalid token ' ' in #format property on line 438.
L 05/14/2016 - 16:51:26: Error log file session closed.
L 05/14/2016 - 19:01:03: SourceMod error session started
L 05/14/2016 - 19:01:03: Info (map "vsh_apg_v2") (file "errors_20160514.log")
L 05/14/2016 - 19:01:03: [SM] Warning(s) encountered in translation file "freak_fortress_2.phrases.txt"
L 05/14/2016 - 19:01:03: [SM] Invalid token ' ' in #format property on line 71.
L 05/14/2016 - 19:01:03: [SM] Invalid token ' ' in #format property on line 230.
L 05/14/2016 - 19:01:03: [SM] Invalid token '[' in #format property on line 230.
L 05/14/2016 - 19:01:03: [SM] Invalid token '3' in #format property on line 230.
L 05/14/2016 - 19:01:03: [SM] Invalid token ':' in #format property on line 230.
L 05/14/2016 - 19:01:03: [SM] Invalid token ']' in #format property on line 230.
L 05/14/2016 - 19:01:03: [SM] Invalid token ' ' in #format property on line 235.
L 05/14/2016 - 19:01:03: [SM] Invalid token ' ' in #format property on line 424.
L 05/14/2016 - 19:01:03: [SM] Invalid token ' ' in #format property on line 429.
L 05/14/2016 - 19:01:03: [SM] Invalid token ' ' in #format property on line 429.
L 05/14/2016 - 19:01:03: [SM] Invalid token ' ' in #format property on line 438.
L 05/14/2016 - 19:01:03: [SM] Invalid token ' ' in #format property on line 438.
L 05/14/2016 - 19:01:03: [SM] Invalid token ' ' in #format property on line 438.
L 05/14/2016 - 19:27:17: Error log file session closed.
L 05/14/2016 - 19:27:31: SourceMod error session started
L 05/14/2016 - 19:27:31: Info (map "vsh_apg_v2") (file "errors_20160514.log")
L 05/14/2016 - 19:27:31: [SM] Warning(s) encountered in translation file "freak_fortress_2.phrases.txt"
L 05/14/2016 - 19:27:31: [SM] Invalid token ' ' in #format property on line 71.
L 05/14/2016 - 19:27:31: [SM] Invalid token ' ' in #format property on line 230.
L 05/14/2016 - 19:27:31: [SM] Invalid token '[' in #format property on line 230.
L 05/14/2016 - 19:27:31: [SM] Invalid token '3' in #format property on line 230.
L 05/14/2016 - 19:27:31: [SM] Invalid token ':' in #format property on line 230.
L 05/14/2016 - 19:27:31: [SM] Invalid token ']' in #format property on line 230.
L 05/14/2016 - 19:27:31: [SM] Invalid token ' ' in #format property on line 235.
L 05/14/2016 - 19:27:31: [SM] Invalid token ' ' in #format property on line 424.
L 05/14/2016 - 19:27:31: [SM] Invalid token ' ' in #format property on line 429.
L 05/14/2016 - 19:27:31: [SM] Invalid token ' ' in #format property on line 429.
L 05/14/2016 - 19:27:32: [SM] Invalid token ' ' in #format property on line 438.
L 05/14/2016 - 19:27:32: [SM] Invalid token ' ' in #format property on line 438.
L 05/14/2016 - 19:27:32: [SM] Invalid token ' ' in #format property on line 438.
L 05/14/2016 - 20:02:30: Error log file session closed.
