L 04/27/2016 - 21:07:01: SourceMod error session started
L 04/27/2016 - 21:07:01: Info (map "vsh_apg_v2") (file "errors_20160427.log")
L 04/27/2016 - 21:07:01: [SM] Warning(s) encountered in translation file "freak_fortress_2.phrases.txt"
L 04/27/2016 - 21:07:01: [SM] Invalid token ' ' in #format property on line 71.
L 04/27/2016 - 21:07:01: [SM] Invalid token ' ' in #format property on line 230.
L 04/27/2016 - 21:07:01: [SM] Invalid token '[' in #format property on line 230.
L 04/27/2016 - 21:07:01: [SM] Invalid token '3' in #format property on line 230.
L 04/27/2016 - 21:07:01: [SM] Invalid token ':' in #format property on line 230.
L 04/27/2016 - 21:07:01: [SM] Invalid token ']' in #format property on line 230.
L 04/27/2016 - 21:07:01: [SM] Invalid token ' ' in #format property on line 235.
L 04/27/2016 - 21:07:01: [SM] Invalid token ' ' in #format property on line 424.
L 04/27/2016 - 21:07:01: [SM] Invalid token ' ' in #format property on line 429.
L 04/27/2016 - 21:07:01: [SM] Invalid token ' ' in #format property on line 429.
L 04/27/2016 - 21:07:01: [SM] Invalid token ' ' in #format property on line 438.
L 04/27/2016 - 21:07:01: [SM] Invalid token ' ' in #format property on line 438.
L 04/27/2016 - 21:07:01: [SM] Invalid token ' ' in #format property on line 438.
L 04/27/2016 - 21:07:18: [freak_fortress_2.smx] [FF2 Bosses] Character danmedic is missing file 'sound/freak_fortress_2/s93dm/dm_playerdeath.mp3'!
L 04/27/2016 - 21:13:26: Error log file session closed.
L 04/27/2016 - 21:44:56: SourceMod error session started
L 04/27/2016 - 21:44:56: Info (map "vsh_apg_v2") (file "errors_20160427.log")
L 04/27/2016 - 21:44:56: [SM] Warning(s) encountered in translation file "freak_fortress_2.phrases.txt"
L 04/27/2016 - 21:44:56: [SM] Invalid token ' ' in #format property on line 71.
L 04/27/2016 - 21:44:56: [SM] Invalid token ' ' in #format property on line 230.
L 04/27/2016 - 21:44:56: [SM] Invalid token '[' in #format property on line 230.
L 04/27/2016 - 21:44:56: [SM] Invalid token '3' in #format property on line 230.
L 04/27/2016 - 21:44:56: [SM] Invalid token ':' in #format property on line 230.
L 04/27/2016 - 21:44:56: [SM] Invalid token ']' in #format property on line 230.
L 04/27/2016 - 21:44:56: [SM] Invalid token ' ' in #format property on line 235.
L 04/27/2016 - 21:44:56: [SM] Invalid token ' ' in #format property on line 424.
L 04/27/2016 - 21:44:56: [SM] Invalid token ' ' in #format property on line 429.
L 04/27/2016 - 21:44:56: [SM] Invalid token ' ' in #format property on line 429.
L 04/27/2016 - 21:44:56: [SM] Invalid token ' ' in #format property on line 438.
L 04/27/2016 - 21:44:56: [SM] Invalid token ' ' in #format property on line 438.
L 04/27/2016 - 21:44:56: [SM] Invalid token ' ' in #format property on line 438.
L 04/27/2016 - 21:45:08: [freak_fortress_2.smx] [FF2 Bosses] Character danmedic is missing file 'sound/freak_fortress_2/s93dm/dm_playerdeath.mp3'!
L 04/27/2016 - 22:19:22: [freaks\ff2_1st_set_abilities.ff2] [FF2] Cannot give ammo to weapon tf_weapon_bottle (boss )-check your config!
L 04/27/2016 - 22:19:22: [freaks\ff2_1st_set_abilities.ff2] [FF2] Cannot give ammo to weapon tf_weapon_bottle (boss )-check your config!
L 04/27/2016 - 22:19:22: [freaks\ff2_1st_set_abilities.ff2] [FF2] Cannot give ammo to weapon tf_weapon_bottle (boss )-check your config!
L 04/27/2016 - 22:19:22: [freaks\ff2_1st_set_abilities.ff2] [FF2] Cannot give ammo to weapon tf_weapon_bottle (boss )-check your config!
L 04/27/2016 - 22:19:22: [freaks\ff2_1st_set_abilities.ff2] [FF2] Cannot give ammo to weapon tf_weapon_bottle (boss )-check your config!
L 04/27/2016 - 22:19:22: [freaks\ff2_1st_set_abilities.ff2] [FF2] Cannot give ammo to weapon tf_weapon_bottle (boss )-check your config!
L 04/27/2016 - 22:19:22: [freaks\ff2_1st_set_abilities.ff2] [FF2] Cannot give ammo to weapon tf_weapon_bottle (boss )-check your config!
L 04/27/2016 - 22:19:22: [freaks\ff2_1st_set_abilities.ff2] [FF2] Cannot give ammo to weapon tf_weapon_bottle (boss )-check your config!
L 04/27/2016 - 22:21:53: Error log file session closed.
L 04/27/2016 - 22:21:53: SourceMod error session started
L 04/27/2016 - 22:21:53: Info (map "koth_nucleus") (file "errors_20160427.log")
L 04/27/2016 - 22:21:53: [SM] Warning(s) encountered in translation file "freak_fortress_2.phrases.txt"
L 04/27/2016 - 22:21:53: [SM] Invalid token ' ' in #format property on line 71.
L 04/27/2016 - 22:21:53: [SM] Invalid token ' ' in #format property on line 230.
L 04/27/2016 - 22:21:53: [SM] Invalid token '[' in #format property on line 230.
L 04/27/2016 - 22:21:53: [SM] Invalid token '3' in #format property on line 230.
L 04/27/2016 - 22:21:53: [SM] Invalid token ':' in #format property on line 230.
L 04/27/2016 - 22:21:53: [SM] Invalid token ']' in #format property on line 230.
L 04/27/2016 - 22:21:53: [SM] Invalid token ' ' in #format property on line 235.
L 04/27/2016 - 22:21:53: [SM] Invalid token ' ' in #format property on line 424.
L 04/27/2016 - 22:21:53: [SM] Invalid token ' ' in #format property on line 429.
L 04/27/2016 - 22:21:53: [SM] Invalid token ' ' in #format property on line 429.
L 04/27/2016 - 22:21:53: [SM] Invalid token ' ' in #format property on line 438.
L 04/27/2016 - 22:21:53: [SM] Invalid token ' ' in #format property on line 438.
L 04/27/2016 - 22:21:53: [SM] Invalid token ' ' in #format property on line 438.
L 04/27/2016 - 22:22:00: [freak_fortress_2.smx] [FF2 Bosses] Character danmedic is missing file 'sound/freak_fortress_2/s93dm/dm_playerdeath.mp3'!
L 04/27/2016 - 22:22:29: Error log file session closed.
L 04/27/2016 - 22:22:29: SourceMod error session started
L 04/27/2016 - 22:22:29: Info (map "arena_badlands") (file "errors_20160427.log")
L 04/27/2016 - 22:22:29: [SM] Warning(s) encountered in translation file "freak_fortress_2.phrases.txt"
L 04/27/2016 - 22:22:29: [SM] Invalid token ' ' in #format property on line 71.
L 04/27/2016 - 22:22:29: [SM] Invalid token ' ' in #format property on line 230.
L 04/27/2016 - 22:22:29: [SM] Invalid token '[' in #format property on line 230.
L 04/27/2016 - 22:22:29: [SM] Invalid token '3' in #format property on line 230.
L 04/27/2016 - 22:22:29: [SM] Invalid token ':' in #format property on line 230.
L 04/27/2016 - 22:22:29: [SM] Invalid token ']' in #format property on line 230.
L 04/27/2016 - 22:22:29: [SM] Invalid token ' ' in #format property on line 235.
L 04/27/2016 - 22:22:29: [SM] Invalid token ' ' in #format property on line 424.
L 04/27/2016 - 22:22:29: [SM] Invalid token ' ' in #format property on line 429.
L 04/27/2016 - 22:22:29: [SM] Invalid token ' ' in #format property on line 429.
L 04/27/2016 - 22:22:29: [SM] Invalid token ' ' in #format property on line 438.
L 04/27/2016 - 22:22:29: [SM] Invalid token ' ' in #format property on line 438.
L 04/27/2016 - 22:22:29: [SM] Invalid token ' ' in #format property on line 438.
L 04/27/2016 - 22:22:34: [freak_fortress_2.smx] [FF2 Bosses] Character danmedic is missing file 'sound/freak_fortress_2/s93dm/dm_playerdeath.mp3'!
L 04/27/2016 - 23:04:07: Error log file session closed.
