L 04/12/2016 - 20:40:52: SourceMod error session started
L 04/12/2016 - 20:40:52: Info (map "arena_badlands") (file "errors_20160412.log")
L 04/12/2016 - 20:40:52: [SM] Warning(s) encountered in translation file "freak_fortress_2.phrases.txt"
L 04/12/2016 - 20:40:52: [SM] Invalid token ' ' in #format property on line 59.
L 04/12/2016 - 20:40:52: [SM] Invalid token ' ' in #format property on line 402.
L 04/12/2016 - 20:40:52: [SM] Invalid token ' ' in #format property on line 407.
L 04/12/2016 - 20:40:52: [SM] Invalid token ' ' in #format property on line 407.
L 04/12/2016 - 20:40:52: [SM] Invalid token ' ' in #format property on line 416.
L 04/12/2016 - 20:40:52: [SM] Invalid token ' ' in #format property on line 416.
L 04/12/2016 - 20:40:52: [SM] Invalid token ' ' in #format property on line 416.
L 04/12/2016 - 20:41:43: Error log file session closed.
L 04/12/2016 - 20:43:00: SourceMod error session started
L 04/12/2016 - 20:43:00: Info (map "arena_badlands") (file "errors_20160412.log")
L 04/12/2016 - 20:43:00: [SM] Warning(s) encountered in translation file "freak_fortress_2.phrases.txt"
L 04/12/2016 - 20:43:00: [SM] Invalid token ' ' in #format property on line 59.
L 04/12/2016 - 20:43:00: [SM] Invalid token ' ' in #format property on line 402.
L 04/12/2016 - 20:43:00: [SM] Invalid token ' ' in #format property on line 407.
L 04/12/2016 - 20:43:00: [SM] Invalid token ' ' in #format property on line 407.
L 04/12/2016 - 20:43:00: [SM] Invalid token ' ' in #format property on line 416.
L 04/12/2016 - 20:43:00: [SM] Invalid token ' ' in #format property on line 416.
L 04/12/2016 - 20:43:00: [SM] Invalid token ' ' in #format property on line 416.
L 04/12/2016 - 20:45:53: [SM] Native "IsClientInGame" reported: Client index 0 is invalid
L 04/12/2016 - 20:45:53: [SM] Displaying call stack trace for plugin "freaks\ff2_1st_set_abilities.ff2":
L 04/12/2016 - 20:45:53: [SM]   [0]  Line 114, C:\ff2\steamapps\common\Team Fortress 2 Dedicated Server\tf\addons\sourcemod\scripting\ff2_1st_set_abilities.sp::OnRoundEnd()
L 04/12/2016 - 20:49:37: [SM] Native "IsClientInGame" reported: Client index 0 is invalid
L 04/12/2016 - 20:49:37: [SM] Displaying call stack trace for plugin "freaks\ff2_1st_set_abilities.ff2":
L 04/12/2016 - 20:49:37: [SM]   [0]  Line 114, C:\ff2\steamapps\common\Team Fortress 2 Dedicated Server\tf\addons\sourcemod\scripting\ff2_1st_set_abilities.sp::OnRoundEnd()
L 04/12/2016 - 20:52:55: [SM] Native "IsClientInGame" reported: Client index 0 is invalid
L 04/12/2016 - 20:52:55: [SM] Displaying call stack trace for plugin "freaks\ff2_1st_set_abilities.ff2":
L 04/12/2016 - 20:52:55: [SM]   [0]  Line 114, C:\ff2\steamapps\common\Team Fortress 2 Dedicated Server\tf\addons\sourcemod\scripting\ff2_1st_set_abilities.sp::OnRoundEnd()
L 04/12/2016 - 20:55:00: [SM] Native "IsClientInGame" reported: Client index 0 is invalid
L 04/12/2016 - 20:55:00: [SM] Displaying call stack trace for plugin "freaks\ff2_1st_set_abilities.ff2":
L 04/12/2016 - 20:55:00: [SM]   [0]  Line 114, C:\ff2\steamapps\common\Team Fortress 2 Dedicated Server\tf\addons\sourcemod\scripting\ff2_1st_set_abilities.sp::OnRoundEnd()
L 04/12/2016 - 20:55:59: [SM] Native "IsClientInGame" reported: Client index 0 is invalid
L 04/12/2016 - 20:55:59: [SM] Displaying call stack trace for plugin "freaks\ff2_1st_set_abilities.ff2":
L 04/12/2016 - 20:55:59: [SM]   [0]  Line 114, C:\ff2\steamapps\common\Team Fortress 2 Dedicated Server\tf\addons\sourcemod\scripting\ff2_1st_set_abilities.sp::OnRoundEnd()
L 04/12/2016 - 20:56:28: [SM] Native "IsClientInGame" reported: Client index 0 is invalid
L 04/12/2016 - 20:56:28: [SM] Displaying call stack trace for plugin "freaks\ff2_1st_set_abilities.ff2":
L 04/12/2016 - 20:56:28: [SM]   [0]  Line 114, C:\ff2\steamapps\common\Team Fortress 2 Dedicated Server\tf\addons\sourcemod\scripting\ff2_1st_set_abilities.sp::OnRoundEnd()
L 04/12/2016 - 20:58:02: [SM] Native "IsClientInGame" reported: Client index 0 is invalid
L 04/12/2016 - 20:58:02: [SM] Displaying call stack trace for plugin "freaks\ff2_1st_set_abilities.ff2":
L 04/12/2016 - 20:58:02: [SM]   [0]  Line 114, C:\ff2\steamapps\common\Team Fortress 2 Dedicated Server\tf\addons\sourcemod\scripting\ff2_1st_set_abilities.sp::OnRoundEnd()
L 04/12/2016 - 21:00:34: [freaks\ff2_1st_set_abilities.ff2] [FF2 Bosses] Model '데모판' isn't precached!  Please check models/freak_fortress_2/demopan/giant_shako.mdl's "mod_precache"
L 04/12/2016 - 21:00:44: [SM] Native "IsClientInGame" reported: Client index 0 is invalid
L 04/12/2016 - 21:00:44: [SM] Displaying call stack trace for plugin "freaks\ff2_1st_set_abilities.ff2":
L 04/12/2016 - 21:00:44: [SM]   [0]  Line 114, C:\ff2\steamapps\common\Team Fortress 2 Dedicated Server\tf\addons\sourcemod\scripting\ff2_1st_set_abilities.sp::OnRoundEnd()
L 04/12/2016 - 21:03:34: [SM] Native "IsClientInGame" reported: Client index 0 is invalid
L 04/12/2016 - 21:03:34: [SM] Displaying call stack trace for plugin "freaks\ff2_1st_set_abilities.ff2":
L 04/12/2016 - 21:03:34: [SM]   [0]  Line 114, C:\ff2\steamapps\common\Team Fortress 2 Dedicated Server\tf\addons\sourcemod\scripting\ff2_1st_set_abilities.sp::OnRoundEnd()
L 04/12/2016 - 21:03:45: Error log file session closed.
