L 03/27/2016 - 22:11:40: SourceMod error session started
L 03/27/2016 - 22:11:40: Info (map "arena_badlands") (file "errors_20160327.log")
L 03/27/2016 - 22:11:40: [SM] Warning(s) encountered in translation file "freak_fortress_2.phrases.txt"
L 03/27/2016 - 22:11:40: [SM] Invalid token ' ' in #format property on line 373.
L 03/27/2016 - 22:11:40: [SM] Invalid token ' ' in #format property on line 373.
L 03/27/2016 - 22:11:40: [SM] Invalid token ' ' in #format property on line 373.
L 03/27/2016 - 22:11:40: [SM] Invalid token ' ' in #format property on line 373.
L 03/27/2016 - 22:11:40: [SM] Invalid token ' ' in #format property on line 373.
L 03/27/2016 - 22:11:40: [SM] Invalid token ' ' in #format property on line 378.
L 03/27/2016 - 22:11:40: [SM] Invalid token ' ' in #format property on line 378.
L 03/27/2016 - 22:11:40: [SM] Invalid token ' ' in #format property on line 378.
L 03/27/2016 - 22:11:40: [SM] Invalid token ' ' in #format property on line 378.
L 03/27/2016 - 22:11:40: [SM] Invalid token ' ' in #format property on line 378.
L 03/27/2016 - 22:11:40: [SM] Invalid token ' ' in #format property on line 378.
L 03/27/2016 - 22:18:07: [SM] Native "IsClientInGame" reported: Client index 0 is invalid
L 03/27/2016 - 22:18:07: [SM] Displaying call stack trace for plugin "freaks\ff2_1st_set_abilities.ff2":
L 03/27/2016 - 22:18:07: [SM]   [0]  Line 114, C:\ff2\steamapps\common\Team Fortress 2 Dedicated Server\tf\addons\sourcemod\scripting\ff2_1st_set_abilities.sp::OnRoundEnd()
L 03/27/2016 - 22:19:54: [SM] Native "IsClientInGame" reported: Client index 0 is invalid
L 03/27/2016 - 22:19:54: [SM] Displaying call stack trace for plugin "freaks\ff2_1st_set_abilities.ff2":
L 03/27/2016 - 22:19:54: [SM]   [0]  Line 114, C:\ff2\steamapps\common\Team Fortress 2 Dedicated Server\tf\addons\sourcemod\scripting\ff2_1st_set_abilities.sp::OnRoundEnd()
L 03/27/2016 - 22:21:41: [SM] Native "IsClientInGame" reported: Client index 0 is invalid
L 03/27/2016 - 22:21:41: [SM] Displaying call stack trace for plugin "freaks\ff2_1st_set_abilities.ff2":
L 03/27/2016 - 22:21:41: [SM]   [0]  Line 114, C:\ff2\steamapps\common\Team Fortress 2 Dedicated Server\tf\addons\sourcemod\scripting\ff2_1st_set_abilities.sp::OnRoundEnd()
L 03/27/2016 - 22:24:28: [SM] Native "IsClientInGame" reported: Client index 0 is invalid
L 03/27/2016 - 22:24:28: [SM] Displaying call stack trace for plugin "freaks\ff2_1st_set_abilities.ff2":
L 03/27/2016 - 22:24:28: [SM]   [0]  Line 114, C:\ff2\steamapps\common\Team Fortress 2 Dedicated Server\tf\addons\sourcemod\scripting\ff2_1st_set_abilities.sp::OnRoundEnd()
L 03/27/2016 - 22:27:52: Error log file session closed.
