L 03/26/2016 - 21:29:35: SourceMod error session started
L 03/26/2016 - 21:29:35: Info (map "arena_badlands") (file "errors_20160326.log")
L 03/26/2016 - 21:29:35: [SM] Warning(s) encountered in translation file "freak_fortress_2.phrases.txt"
L 03/26/2016 - 21:29:35: [SM] Invalid token ' ' in #format property on line 373.
L 03/26/2016 - 21:29:35: [SM] Invalid token ' ' in #format property on line 373.
L 03/26/2016 - 21:29:35: [SM] Invalid token ' ' in #format property on line 373.
L 03/26/2016 - 21:29:35: [SM] Invalid token ' ' in #format property on line 373.
L 03/26/2016 - 21:29:35: [SM] Invalid token ' ' in #format property on line 373.
L 03/26/2016 - 21:29:35: [SM] Invalid token ' ' in #format property on line 378.
L 03/26/2016 - 21:29:35: [SM] Invalid token ' ' in #format property on line 378.
L 03/26/2016 - 21:29:35: [SM] Invalid token ' ' in #format property on line 378.
L 03/26/2016 - 21:29:35: [SM] Invalid token ' ' in #format property on line 378.
L 03/26/2016 - 21:29:35: [SM] Invalid token ' ' in #format property on line 378.
L 03/26/2016 - 21:29:35: [SM] Invalid token ' ' in #format property on line 378.
L 03/26/2016 - 21:37:24: Error log file session closed.
L 03/26/2016 - 22:43:25: SourceMod error session started
L 03/26/2016 - 22:43:25: Info (map "arena_badlands") (file "errors_20160326.log")
L 03/26/2016 - 22:43:25: [SM] Warning(s) encountered in translation file "freak_fortress_2.phrases.txt"
L 03/26/2016 - 22:43:25: [SM] Invalid token ' ' in #format property on line 373.
L 03/26/2016 - 22:43:25: [SM] Invalid token ' ' in #format property on line 373.
L 03/26/2016 - 22:43:25: [SM] Invalid token ' ' in #format property on line 373.
L 03/26/2016 - 22:43:25: [SM] Invalid token ' ' in #format property on line 373.
L 03/26/2016 - 22:43:25: [SM] Invalid token ' ' in #format property on line 373.
L 03/26/2016 - 22:43:25: [SM] Invalid token ' ' in #format property on line 378.
L 03/26/2016 - 22:43:25: [SM] Invalid token ' ' in #format property on line 378.
L 03/26/2016 - 22:43:25: [SM] Invalid token ' ' in #format property on line 378.
L 03/26/2016 - 22:43:25: [SM] Invalid token ' ' in #format property on line 378.
L 03/26/2016 - 22:43:25: [SM] Invalid token ' ' in #format property on line 378.
L 03/26/2016 - 22:43:25: [SM] Invalid token ' ' in #format property on line 378.
L 03/26/2016 - 22:52:33: Error log file session closed.
L 03/26/2016 - 22:52:33: SourceMod error session started
L 03/26/2016 - 22:52:33: Info (map "arena_badlands") (file "errors_20160326.log")
L 03/26/2016 - 22:52:33: [SM] Warning(s) encountered in translation file "freak_fortress_2.phrases.txt"
L 03/26/2016 - 22:52:33: [SM] Invalid token ' ' in #format property on line 373.
L 03/26/2016 - 22:52:33: [SM] Invalid token ' ' in #format property on line 373.
L 03/26/2016 - 22:52:33: [SM] Invalid token ' ' in #format property on line 373.
L 03/26/2016 - 22:52:33: [SM] Invalid token ' ' in #format property on line 373.
L 03/26/2016 - 22:52:33: [SM] Invalid token ' ' in #format property on line 373.
L 03/26/2016 - 22:52:33: [SM] Invalid token ' ' in #format property on line 378.
L 03/26/2016 - 22:52:33: [SM] Invalid token ' ' in #format property on line 378.
L 03/26/2016 - 22:52:33: [SM] Invalid token ' ' in #format property on line 378.
L 03/26/2016 - 22:52:33: [SM] Invalid token ' ' in #format property on line 378.
L 03/26/2016 - 22:52:33: [SM] Invalid token ' ' in #format property on line 378.
L 03/26/2016 - 22:52:33: [SM] Invalid token ' ' in #format property on line 378.
L 03/26/2016 - 22:56:18: [SM] Native "IsClientInGame" reported: Client index 0 is invalid
L 03/26/2016 - 22:56:18: [SM] Displaying call stack trace for plugin "freaks\ff2_1st_set_abilities.ff2":
L 03/26/2016 - 22:56:18: [SM]   [0]  Line 114, C:\ff2\steamapps\common\Team Fortress 2 Dedicated Server\tf\addons\sourcemod\scripting\ff2_1st_set_abilities.sp::OnRoundEnd()
L 03/26/2016 - 22:59:25: [freaks\ff2_1st_set_abilities.ff2] [FF2] Cannot give ammo to weapon tf_weapon_bottle (boss )-check your config!
L 03/26/2016 - 22:59:25: [freaks\ff2_1st_set_abilities.ff2] [FF2] Cannot give ammo to weapon tf_weapon_bottle (boss )-check your config!
L 03/26/2016 - 23:00:58: [SM] Native "IsClientInGame" reported: Client index 0 is invalid
L 03/26/2016 - 23:00:58: [SM] Displaying call stack trace for plugin "freaks\ff2_1st_set_abilities.ff2":
L 03/26/2016 - 23:00:58: [SM]   [0]  Line 114, C:\ff2\steamapps\common\Team Fortress 2 Dedicated Server\tf\addons\sourcemod\scripting\ff2_1st_set_abilities.sp::OnRoundEnd()
L 03/26/2016 - 23:03:40: [SM] Native "IsClientInGame" reported: Client index 0 is invalid
L 03/26/2016 - 23:03:40: [SM] Displaying call stack trace for plugin "freaks\ff2_1st_set_abilities.ff2":
L 03/26/2016 - 23:03:40: [SM]   [0]  Line 114, C:\ff2\steamapps\common\Team Fortress 2 Dedicated Server\tf\addons\sourcemod\scripting\ff2_1st_set_abilities.sp::OnRoundEnd()
L 03/26/2016 - 23:05:52: [SM] Native "GetEntProp" reported: Entity 5 (5) is invalid
L 03/26/2016 - 23:05:52: [SM] Displaying call stack trace for plugin "freak_fortress_2.smx":
L 03/26/2016 - 23:05:52: [SM]   [0]  Line 558, C:\ff2\steamapps\common\Team Fortress 2 Dedicated Server\tf\addons\sourcemod\scripting\include\entity_prop_stocks.inc::GetClientButtons()
L 03/26/2016 - 23:05:52: [SM]   [1]  Line 521, C:\ff2\steamapps\common\Team Fortress 2 Dedicated Server\tf\addons\sourcemod\scripting\include\freak_fortress_2.inc::FF2_ShowSyncHudText()
L 03/26/2016 - 23:05:52: [SM]   [2]  Line 2446, C:\ff2\steamapps\common\Team Fortress 2 Dedicated Server\tf\addons\sourcemod\scripting\freak_fortress_2.sp::BossInfoTimer_ShowInfo()
L 03/26/2016 - 23:05:53: [SM] Native "GetEntProp" reported: Entity 5 (5) is invalid
L 03/26/2016 - 23:05:53: [SM] Displaying call stack trace for plugin "freak_fortress_2.smx":
L 03/26/2016 - 23:05:53: [SM]   [0]  Line 558, C:\ff2\steamapps\common\Team Fortress 2 Dedicated Server\tf\addons\sourcemod\scripting\include\entity_prop_stocks.inc::GetClientButtons()
L 03/26/2016 - 23:05:53: [SM]   [1]  Line 521, C:\ff2\steamapps\common\Team Fortress 2 Dedicated Server\tf\addons\sourcemod\scripting\include\freak_fortress_2.inc::FF2_ShowSyncHudText()
L 03/26/2016 - 23:05:53: [SM]   [2]  Line 2446, C:\ff2\steamapps\common\Team Fortress 2 Dedicated Server\tf\addons\sourcemod\scripting\freak_fortress_2.sp::BossInfoTimer_ShowInfo()
L 03/26/2016 - 23:05:53: [SM] Native "GetEntProp" reported: Entity 5 (5) is invalid
L 03/26/2016 - 23:05:53: [SM] Displaying call stack trace for plugin "freak_fortress_2.smx":
L 03/26/2016 - 23:05:53: [SM]   [0]  Line 558, C:\ff2\steamapps\common\Team Fortress 2 Dedicated Server\tf\addons\sourcemod\scripting\include\entity_prop_stocks.inc::GetClientButtons()
L 03/26/2016 - 23:05:53: [SM]   [1]  Line 521, C:\ff2\steamapps\common\Team Fortress 2 Dedicated Server\tf\addons\sourcemod\scripting\include\freak_fortress_2.inc::FF2_ShowSyncHudText()
L 03/26/2016 - 23:05:53: [SM]   [2]  Line 2446, C:\ff2\steamapps\common\Team Fortress 2 Dedicated Server\tf\addons\sourcemod\scripting\freak_fortress_2.sp::BossInfoTimer_ShowInfo()
L 03/26/2016 - 23:05:53: [SM] Native "IsClientInGame" reported: Client index 0 is invalid
L 03/26/2016 - 23:05:53: [SM] Displaying call stack trace for plugin "freaks\ff2_1st_set_abilities.ff2":
L 03/26/2016 - 23:05:53: [SM]   [0]  Line 114, C:\ff2\steamapps\common\Team Fortress 2 Dedicated Server\tf\addons\sourcemod\scripting\ff2_1st_set_abilities.sp::OnRoundEnd()
L 03/26/2016 - 23:15:59: SourceMod error session started
L 03/26/2016 - 23:15:59: Info (map "arena_badlands") (file "errors_20160326.log")
L 03/26/2016 - 23:15:59: [SM] Warning(s) encountered in translation file "freak_fortress_2.phrases.txt"
L 03/26/2016 - 23:15:59: [SM] Invalid token ' ' in #format property on line 373.
L 03/26/2016 - 23:15:59: [SM] Invalid token ' ' in #format property on line 373.
L 03/26/2016 - 23:15:59: [SM] Invalid token ' ' in #format property on line 373.
L 03/26/2016 - 23:15:59: [SM] Invalid token ' ' in #format property on line 373.
L 03/26/2016 - 23:15:59: [SM] Invalid token ' ' in #format property on line 373.
L 03/26/2016 - 23:15:59: [SM] Invalid token ' ' in #format property on line 378.
L 03/26/2016 - 23:15:59: [SM] Invalid token ' ' in #format property on line 378.
L 03/26/2016 - 23:15:59: [SM] Invalid token ' ' in #format property on line 378.
L 03/26/2016 - 23:15:59: [SM] Invalid token ' ' in #format property on line 378.
L 03/26/2016 - 23:15:59: [SM] Invalid token ' ' in #format property on line 378.
L 03/26/2016 - 23:15:59: [SM] Invalid token ' ' in #format property on line 378.
L 03/26/2016 - 23:25:01: [SM] Native "IsClientInGame" reported: Client index 0 is invalid
L 03/26/2016 - 23:25:01: [SM] Displaying call stack trace for plugin "freaks\ff2_1st_set_abilities.ff2":
L 03/26/2016 - 23:25:01: [SM]   [0]  Line 114, C:\ff2\steamapps\common\Team Fortress 2 Dedicated Server\tf\addons\sourcemod\scripting\ff2_1st_set_abilities.sp::OnRoundEnd()
L 03/26/2016 - 23:26:43: Error log file session closed.
L 03/26/2016 - 23:26:43: SourceMod error session started
L 03/26/2016 - 23:26:43: Info (map "arena_badlands") (file "errors_20160326.log")
L 03/26/2016 - 23:26:43: [SM] Warning(s) encountered in translation file "freak_fortress_2.phrases.txt"
L 03/26/2016 - 23:26:43: [SM] Invalid token ' ' in #format property on line 373.
L 03/26/2016 - 23:26:43: [SM] Invalid token ' ' in #format property on line 373.
L 03/26/2016 - 23:26:43: [SM] Invalid token ' ' in #format property on line 373.
L 03/26/2016 - 23:26:43: [SM] Invalid token ' ' in #format property on line 373.
L 03/26/2016 - 23:26:43: [SM] Invalid token ' ' in #format property on line 373.
L 03/26/2016 - 23:26:43: [SM] Invalid token ' ' in #format property on line 378.
L 03/26/2016 - 23:26:43: [SM] Invalid token ' ' in #format property on line 378.
L 03/26/2016 - 23:26:43: [SM] Invalid token ' ' in #format property on line 378.
L 03/26/2016 - 23:26:43: [SM] Invalid token ' ' in #format property on line 378.
L 03/26/2016 - 23:26:43: [SM] Invalid token ' ' in #format property on line 378.
L 03/26/2016 - 23:26:43: [SM] Invalid token ' ' in #format property on line 378.
L 03/26/2016 - 23:34:03: [SM] Native "IsClientInGame" reported: Client index 0 is invalid
L 03/26/2016 - 23:34:03: [SM] Displaying call stack trace for plugin "freaks\ff2_1st_set_abilities.ff2":
L 03/26/2016 - 23:34:03: [SM]   [0]  Line 114, C:\ff2\steamapps\common\Team Fortress 2 Dedicated Server\tf\addons\sourcemod\scripting\ff2_1st_set_abilities.sp::OnRoundEnd()
L 03/26/2016 - 23:38:33: Error log file session closed.
