L 05/01/2016 - 00:22:38: SourceMod error session started
L 05/01/2016 - 00:22:38: Info (map "koth_nucleus") (file "errors_20160501.log")
L 05/01/2016 - 00:22:38: Error log file session closed.
L 05/01/2016 - 00:22:40: SourceMod error session started
L 05/01/2016 - 00:22:40: Info (map "koth_nucleus") (file "errors_20160501.log")
L 05/01/2016 - 00:22:40: [SM] Warning(s) encountered in translation file "freak_fortress_2.phrases.txt"
L 05/01/2016 - 00:22:40: [SM] Invalid token ' ' in #format property on line 71.
L 05/01/2016 - 00:22:40: [SM] Invalid token ' ' in #format property on line 230.
L 05/01/2016 - 00:22:40: [SM] Invalid token '[' in #format property on line 230.
L 05/01/2016 - 00:22:40: [SM] Invalid token '3' in #format property on line 230.
L 05/01/2016 - 00:22:40: [SM] Invalid token ':' in #format property on line 230.
L 05/01/2016 - 00:22:40: [SM] Invalid token ']' in #format property on line 230.
L 05/01/2016 - 00:22:40: [SM] Invalid token ' ' in #format property on line 235.
L 05/01/2016 - 00:22:40: [SM] Invalid token ' ' in #format property on line 424.
L 05/01/2016 - 00:22:40: [SM] Invalid token ' ' in #format property on line 429.
L 05/01/2016 - 00:22:40: [SM] Invalid token ' ' in #format property on line 429.
L 05/01/2016 - 00:22:40: [SM] Invalid token ' ' in #format property on line 438.
L 05/01/2016 - 00:22:40: [SM] Invalid token ' ' in #format property on line 438.
L 05/01/2016 - 00:22:40: [SM] Invalid token ' ' in #format property on line 438.
L 05/01/2016 - 00:22:48: Error log file session closed.
L 05/01/2016 - 11:37:55: SourceMod error session started
L 05/01/2016 - 11:37:55: Info (map "vsh_apg_v2") (file "errors_20160501.log")
L 05/01/2016 - 11:37:55: [SM] Warning(s) encountered in translation file "freak_fortress_2.phrases.txt"
L 05/01/2016 - 11:37:55: [SM] Invalid token ' ' in #format property on line 71.
L 05/01/2016 - 11:37:55: [SM] Invalid token ' ' in #format property on line 230.
L 05/01/2016 - 11:37:55: [SM] Invalid token '[' in #format property on line 230.
L 05/01/2016 - 11:37:55: [SM] Invalid token '3' in #format property on line 230.
L 05/01/2016 - 11:37:55: [SM] Invalid token ':' in #format property on line 230.
L 05/01/2016 - 11:37:55: [SM] Invalid token ']' in #format property on line 230.
L 05/01/2016 - 11:37:55: [SM] Invalid token ' ' in #format property on line 235.
L 05/01/2016 - 11:37:55: [SM] Invalid token ' ' in #format property on line 424.
L 05/01/2016 - 11:37:55: [SM] Invalid token ' ' in #format property on line 429.
L 05/01/2016 - 11:37:55: [SM] Invalid token ' ' in #format property on line 429.
L 05/01/2016 - 11:37:55: [SM] Invalid token ' ' in #format property on line 438.
L 05/01/2016 - 11:37:55: [SM] Invalid token ' ' in #format property on line 438.
L 05/01/2016 - 11:37:55: [SM] Invalid token ' ' in #format property on line 438.
L 05/01/2016 - 11:42:36: Error log file session closed.
L 05/01/2016 - 16:47:22: SourceMod error session started
L 05/01/2016 - 16:47:22: Info (map "vsh_apg_v2") (file "errors_20160501.log")
L 05/01/2016 - 16:47:22: [SM] Warning(s) encountered in translation file "freak_fortress_2.phrases.txt"
L 05/01/2016 - 16:47:22: [SM] Invalid token ' ' in #format property on line 71.
L 05/01/2016 - 16:47:22: [SM] Invalid token ' ' in #format property on line 230.
L 05/01/2016 - 16:47:22: [SM] Invalid token '[' in #format property on line 230.
L 05/01/2016 - 16:47:22: [SM] Invalid token '3' in #format property on line 230.
L 05/01/2016 - 16:47:22: [SM] Invalid token ':' in #format property on line 230.
L 05/01/2016 - 16:47:22: [SM] Invalid token ']' in #format property on line 230.
L 05/01/2016 - 16:47:22: [SM] Invalid token ' ' in #format property on line 235.
L 05/01/2016 - 16:47:22: [SM] Invalid token ' ' in #format property on line 424.
L 05/01/2016 - 16:47:22: [SM] Invalid token ' ' in #format property on line 429.
L 05/01/2016 - 16:47:22: [SM] Invalid token ' ' in #format property on line 429.
L 05/01/2016 - 16:47:22: [SM] Invalid token ' ' in #format property on line 438.
L 05/01/2016 - 16:47:22: [SM] Invalid token ' ' in #format property on line 438.
L 05/01/2016 - 16:47:22: [SM] Invalid token ' ' in #format property on line 438.
L 05/01/2016 - 17:16:32: Error log file session closed.
L 05/01/2016 - 17:16:32: SourceMod error session started
L 05/01/2016 - 17:16:32: Info (map "koth_nucleus") (file "errors_20160501.log")
L 05/01/2016 - 17:16:32: [SM] Warning(s) encountered in translation file "freak_fortress_2.phrases.txt"
L 05/01/2016 - 17:16:32: [SM] Invalid token ' ' in #format property on line 71.
L 05/01/2016 - 17:16:32: [SM] Invalid token ' ' in #format property on line 230.
L 05/01/2016 - 17:16:32: [SM] Invalid token '[' in #format property on line 230.
L 05/01/2016 - 17:16:32: [SM] Invalid token '3' in #format property on line 230.
L 05/01/2016 - 17:16:32: [SM] Invalid token ':' in #format property on line 230.
L 05/01/2016 - 17:16:32: [SM] Invalid token ']' in #format property on line 230.
L 05/01/2016 - 17:16:32: [SM] Invalid token ' ' in #format property on line 235.
L 05/01/2016 - 17:16:32: [SM] Invalid token ' ' in #format property on line 424.
L 05/01/2016 - 17:16:32: [SM] Invalid token ' ' in #format property on line 429.
L 05/01/2016 - 17:16:32: [SM] Invalid token ' ' in #format property on line 429.
L 05/01/2016 - 17:16:32: [SM] Invalid token ' ' in #format property on line 438.
L 05/01/2016 - 17:16:32: [SM] Invalid token ' ' in #format property on line 438.
L 05/01/2016 - 17:16:32: [SM] Invalid token ' ' in #format property on line 438.
L 05/01/2016 - 17:17:13: Error log file session closed.
L 05/01/2016 - 17:17:13: SourceMod error session started
L 05/01/2016 - 17:17:13: Info (map "vsh_2fortdesk_v8") (file "errors_20160501.log")
L 05/01/2016 - 17:17:13: [SM] Warning(s) encountered in translation file "freak_fortress_2.phrases.txt"
L 05/01/2016 - 17:17:13: [SM] Invalid token ' ' in #format property on line 71.
L 05/01/2016 - 17:17:13: [SM] Invalid token ' ' in #format property on line 230.
L 05/01/2016 - 17:17:13: [SM] Invalid token '[' in #format property on line 230.
L 05/01/2016 - 17:17:13: [SM] Invalid token '3' in #format property on line 230.
L 05/01/2016 - 17:17:13: [SM] Invalid token ':' in #format property on line 230.
L 05/01/2016 - 17:17:13: [SM] Invalid token ']' in #format property on line 230.
L 05/01/2016 - 17:17:13: [SM] Invalid token ' ' in #format property on line 235.
L 05/01/2016 - 17:17:13: [SM] Invalid token ' ' in #format property on line 424.
L 05/01/2016 - 17:17:13: [SM] Invalid token ' ' in #format property on line 429.
L 05/01/2016 - 17:17:13: [SM] Invalid token ' ' in #format property on line 429.
L 05/01/2016 - 17:17:13: [SM] Invalid token ' ' in #format property on line 438.
L 05/01/2016 - 17:17:13: [SM] Invalid token ' ' in #format property on line 438.
L 05/01/2016 - 17:17:13: [SM] Invalid token ' ' in #format property on line 438.
L 05/01/2016 - 17:54:09: Error log file session closed.
L 05/01/2016 - 17:54:09: SourceMod error session started
L 05/01/2016 - 17:54:09: Info (map "arena_badlands") (file "errors_20160501.log")
L 05/01/2016 - 17:54:09: [SM] Warning(s) encountered in translation file "freak_fortress_2.phrases.txt"
L 05/01/2016 - 17:54:09: [SM] Invalid token ' ' in #format property on line 71.
L 05/01/2016 - 17:54:09: [SM] Invalid token ' ' in #format property on line 230.
L 05/01/2016 - 17:54:09: [SM] Invalid token '[' in #format property on line 230.
L 05/01/2016 - 17:54:09: [SM] Invalid token '3' in #format property on line 230.
L 05/01/2016 - 17:54:09: [SM] Invalid token ':' in #format property on line 230.
L 05/01/2016 - 17:54:09: [SM] Invalid token ']' in #format property on line 230.
L 05/01/2016 - 17:54:09: [SM] Invalid token ' ' in #format property on line 235.
L 05/01/2016 - 17:54:09: [SM] Invalid token ' ' in #format property on line 424.
L 05/01/2016 - 17:54:09: [SM] Invalid token ' ' in #format property on line 429.
L 05/01/2016 - 17:54:09: [SM] Invalid token ' ' in #format property on line 429.
L 05/01/2016 - 17:54:09: [SM] Invalid token ' ' in #format property on line 438.
L 05/01/2016 - 17:54:09: [SM] Invalid token ' ' in #format property on line 438.
L 05/01/2016 - 17:54:09: [SM] Invalid token ' ' in #format property on line 438.
L 05/01/2016 - 18:29:17: Error log file session closed.
