L 05/21/2016 - 20:28:26: SourceMod error session started
L 05/21/2016 - 20:28:26: Info (map "vsh_apg_v2") (file "errors_20160521.log")
L 05/21/2016 - 20:28:26: [SM] Warning(s) encountered in translation file "freak_fortress_2.phrases.txt"
L 05/21/2016 - 20:28:26: [SM] Invalid token ' ' in #format property on line 71.
L 05/21/2016 - 20:28:26: [SM] Invalid token ' ' in #format property on line 230.
L 05/21/2016 - 20:28:26: [SM] Invalid token '[' in #format property on line 230.
L 05/21/2016 - 20:28:26: [SM] Invalid token '3' in #format property on line 230.
L 05/21/2016 - 20:28:26: [SM] Invalid token ':' in #format property on line 230.
L 05/21/2016 - 20:28:26: [SM] Invalid token ']' in #format property on line 230.
L 05/21/2016 - 20:28:26: [SM] Invalid token ' ' in #format property on line 235.
L 05/21/2016 - 20:28:26: [SM] Invalid token ' ' in #format property on line 424.
L 05/21/2016 - 20:28:26: [SM] Invalid token ' ' in #format property on line 429.
L 05/21/2016 - 20:28:26: [SM] Invalid token ' ' in #format property on line 429.
L 05/21/2016 - 20:28:26: [SM] Invalid token ' ' in #format property on line 438.
L 05/21/2016 - 20:28:26: [SM] Invalid token ' ' in #format property on line 438.
L 05/21/2016 - 20:28:26: [SM] Invalid token ' ' in #format property on line 438.
L 05/21/2016 - 20:28:44: [nextmap.smx] FATAL: Cannot load map cycle. Nextmap not loaded.
L 05/21/2016 - 20:28:44: [SM] Plugin encountered error 25: Call was aborted
L 05/21/2016 - 20:28:44: [SM] Native "SetFailState" reported: Mapcycle Not Found
L 05/21/2016 - 20:28:44: [SM] Displaying call stack trace for plugin "nextmap.smx":
L 05/21/2016 - 20:28:44: [SM]   [0]  Line 139, D:\builds\build-sourcemod-msvc12\windows-1.7\build\plugins\nextmap.sp::FindAndSetNextMap()
L 05/21/2016 - 20:28:44: [SM]   [1]  Line 109, D:\builds\build-sourcemod-msvc12\windows-1.7\build\plugins\nextmap.sp::OnConfigsExecuted()
L 05/21/2016 - 20:31:30: Error log file session closed.
L 05/21/2016 - 20:31:30: SourceMod error session started
L 05/21/2016 - 20:31:30: Info (map "vsh_fuiji") (file "errors_20160521.log")
L 05/21/2016 - 20:31:30: [SM] Warning(s) encountered in translation file "freak_fortress_2.phrases.txt"
L 05/21/2016 - 20:31:30: [SM] Invalid token ' ' in #format property on line 71.
L 05/21/2016 - 20:31:30: [SM] Invalid token ' ' in #format property on line 230.
L 05/21/2016 - 20:31:30: [SM] Invalid token '[' in #format property on line 230.
L 05/21/2016 - 20:31:30: [SM] Invalid token '3' in #format property on line 230.
L 05/21/2016 - 20:31:30: [SM] Invalid token ':' in #format property on line 230.
L 05/21/2016 - 20:31:30: [SM] Invalid token ']' in #format property on line 230.
L 05/21/2016 - 20:31:30: [SM] Invalid token ' ' in #format property on line 235.
L 05/21/2016 - 20:31:30: [SM] Invalid token ' ' in #format property on line 424.
L 05/21/2016 - 20:31:30: [SM] Invalid token ' ' in #format property on line 429.
L 05/21/2016 - 20:31:30: [SM] Invalid token ' ' in #format property on line 429.
L 05/21/2016 - 20:31:30: [SM] Invalid token ' ' in #format property on line 438.
L 05/21/2016 - 20:31:30: [SM] Invalid token ' ' in #format property on line 438.
L 05/21/2016 - 20:31:30: [SM] Invalid token ' ' in #format property on line 438.
L 05/21/2016 - 20:31:30: [SM] Unable to load plugin "rockthevote.smx": Could not find required plugin "mapchooser"
L 05/21/2016 - 20:31:37: [nextmap.smx] FATAL: Cannot load map cycle. Nextmap not loaded.
L 05/21/2016 - 20:31:37: [SM] Plugin encountered error 25: Call was aborted
L 05/21/2016 - 20:31:37: [SM] Native "SetFailState" reported: Mapcycle Not Found
L 05/21/2016 - 20:31:37: [SM] Displaying call stack trace for plugin "nextmap.smx":
L 05/21/2016 - 20:31:37: [SM]   [0]  Line 139, D:\builds\build-sourcemod-msvc12\windows-1.7\build\plugins\nextmap.sp::FindAndSetNextMap()
L 05/21/2016 - 20:31:37: [SM]   [1]  Line 109, D:\builds\build-sourcemod-msvc12\windows-1.7\build\plugins\nextmap.sp::OnConfigsExecuted()
L 05/21/2016 - 20:43:14: Error log file session closed.
L 05/21/2016 - 20:43:14: SourceMod error session started
L 05/21/2016 - 20:43:14: Info (map "vsh_rooftops_of_peril_v5c") (file "errors_20160521.log")
L 05/21/2016 - 20:43:14: [SM] Warning(s) encountered in translation file "freak_fortress_2.phrases.txt"
L 05/21/2016 - 20:43:14: [SM] Invalid token ' ' in #format property on line 71.
L 05/21/2016 - 20:43:14: [SM] Invalid token ' ' in #format property on line 230.
L 05/21/2016 - 20:43:14: [SM] Invalid token '[' in #format property on line 230.
L 05/21/2016 - 20:43:14: [SM] Invalid token '3' in #format property on line 230.
L 05/21/2016 - 20:43:14: [SM] Invalid token ':' in #format property on line 230.
L 05/21/2016 - 20:43:14: [SM] Invalid token ']' in #format property on line 230.
L 05/21/2016 - 20:43:14: [SM] Invalid token ' ' in #format property on line 235.
L 05/21/2016 - 20:43:14: [SM] Invalid token ' ' in #format property on line 424.
L 05/21/2016 - 20:43:14: [SM] Invalid token ' ' in #format property on line 429.
L 05/21/2016 - 20:43:14: [SM] Invalid token ' ' in #format property on line 429.
L 05/21/2016 - 20:43:14: [SM] Invalid token ' ' in #format property on line 438.
L 05/21/2016 - 20:43:14: [SM] Invalid token ' ' in #format property on line 438.
L 05/21/2016 - 20:43:14: [SM] Invalid token ' ' in #format property on line 438.
L 05/21/2016 - 20:43:14: [SM] Unable to load plugin "rockthevote.smx": Could not find required plugin "mapchooser"
L 05/21/2016 - 20:43:20: [nextmap.smx] FATAL: Cannot load map cycle. Nextmap not loaded.
L 05/21/2016 - 20:43:20: [SM] Plugin encountered error 25: Call was aborted
L 05/21/2016 - 20:43:21: [SM] Native "SetFailState" reported: Mapcycle Not Found
L 05/21/2016 - 20:43:21: [SM] Displaying call stack trace for plugin "nextmap.smx":
L 05/21/2016 - 20:43:21: [SM]   [0]  Line 139, D:\builds\build-sourcemod-msvc12\windows-1.7\build\plugins\nextmap.sp::FindAndSetNextMap()
L 05/21/2016 - 20:43:21: [SM]   [1]  Line 109, D:\builds\build-sourcemod-msvc12\windows-1.7\build\plugins\nextmap.sp::OnConfigsExecuted()
L 05/21/2016 - 20:54:14: [SM] Native "KillTimer" reported: Invalid timer handle 11600179 (error 1)
L 05/21/2016 - 20:54:14: [SM] Displaying call stack trace for plugin "freak_fortress_2.smx":
L 05/21/2016 - 20:54:14: [SM]   [0]  Line 3240, C:\ff2_ver2\steamapps\common\Team Fortress 2 Dedicated Server\tf\addons\sourcemod\scripting\freak_fortress_2.sp::StopMusic()
L 05/21/2016 - 20:54:14: [SM]   [1]  Line 2770, C:\ff2_ver2\steamapps\common\Team Fortress 2 Dedicated Server\tf\addons\sourcemod\scripting\freak_fortress_2.sp::OnRoundEnd()
L 05/21/2016 - 20:56:20: [SM] Native "KillTimer" reported: Invalid timer handle 11600179 (error 3)
L 05/21/2016 - 20:56:20: [SM] Displaying call stack trace for plugin "freak_fortress_2.smx":
L 05/21/2016 - 20:56:20: [SM]   [0]  Line 3240, C:\ff2_ver2\steamapps\common\Team Fortress 2 Dedicated Server\tf\addons\sourcemod\scripting\freak_fortress_2.sp::StopMusic()
L 05/21/2016 - 20:56:20: [SM]   [1]  Line 2770, C:\ff2_ver2\steamapps\common\Team Fortress 2 Dedicated Server\tf\addons\sourcemod\scripting\freak_fortress_2.sp::OnRoundEnd()
L 05/21/2016 - 20:58:20: [SM] Native "KillTimer" reported: Invalid timer handle 11600179 (error 3)
L 05/21/2016 - 20:58:20: [SM] Displaying call stack trace for plugin "freak_fortress_2.smx":
L 05/21/2016 - 20:58:20: [SM]   [0]  Line 3240, C:\ff2_ver2\steamapps\common\Team Fortress 2 Dedicated Server\tf\addons\sourcemod\scripting\freak_fortress_2.sp::StopMusic()
L 05/21/2016 - 20:58:20: [SM]   [1]  Line 2770, C:\ff2_ver2\steamapps\common\Team Fortress 2 Dedicated Server\tf\addons\sourcemod\scripting\freak_fortress_2.sp::OnRoundEnd()
L 05/21/2016 - 20:58:25: [SM] Native "KillTimer" reported: Invalid timer handle 11600179 (error 3)
L 05/21/2016 - 20:58:25: [SM] Displaying call stack trace for plugin "freak_fortress_2.smx":
L 05/21/2016 - 20:58:25: [SM]   [0]  Line 1735, C:\ff2_ver2\steamapps\common\Team Fortress 2 Dedicated Server\tf\addons\sourcemod\scripting\freak_fortress_2.sp::DisableFF2()
L 05/21/2016 - 20:58:25: [SM]   [1]  Line 1615, C:\ff2_ver2\steamapps\common\Team Fortress 2 Dedicated Server\tf\addons\sourcemod\scripting\freak_fortress_2.sp::OnMapEnd()
L 05/21/2016 - 20:58:25: Error log file session closed.
L 05/21/2016 - 20:58:25: SourceMod error session started
L 05/21/2016 - 20:58:25: Info (map "vsh_waterbasin_b2") (file "errors_20160521.log")
L 05/21/2016 - 20:58:25: [SM] Warning(s) encountered in translation file "freak_fortress_2.phrases.txt"
L 05/21/2016 - 20:58:25: [SM] Invalid token ' ' in #format property on line 71.
L 05/21/2016 - 20:58:25: [SM] Invalid token ' ' in #format property on line 230.
L 05/21/2016 - 20:58:25: [SM] Invalid token '[' in #format property on line 230.
L 05/21/2016 - 20:58:25: [SM] Invalid token '3' in #format property on line 230.
L 05/21/2016 - 20:58:25: [SM] Invalid token ':' in #format property on line 230.
L 05/21/2016 - 20:58:25: [SM] Invalid token ']' in #format property on line 230.
L 05/21/2016 - 20:58:25: [SM] Invalid token ' ' in #format property on line 235.
L 05/21/2016 - 20:58:25: [SM] Invalid token ' ' in #format property on line 424.
L 05/21/2016 - 20:58:25: [SM] Invalid token ' ' in #format property on line 429.
L 05/21/2016 - 20:58:25: [SM] Invalid token ' ' in #format property on line 429.
L 05/21/2016 - 20:58:25: [SM] Invalid token ' ' in #format property on line 438.
L 05/21/2016 - 20:58:25: [SM] Invalid token ' ' in #format property on line 438.
L 05/21/2016 - 20:58:25: [SM] Invalid token ' ' in #format property on line 438.
L 05/21/2016 - 20:58:25: [SM] Unable to load plugin "rockthevote.smx": Could not find required plugin "mapchooser"
L 05/21/2016 - 20:58:30: [nextmap.smx] FATAL: Cannot load map cycle. Nextmap not loaded.
L 05/21/2016 - 20:58:30: [SM] Plugin encountered error 25: Call was aborted
L 05/21/2016 - 20:58:30: [SM] Native "SetFailState" reported: Mapcycle Not Found
L 05/21/2016 - 20:58:30: [SM] Displaying call stack trace for plugin "nextmap.smx":
L 05/21/2016 - 20:58:30: [SM]   [0]  Line 139, D:\builds\build-sourcemod-msvc12\windows-1.7\build\plugins\nextmap.sp::FindAndSetNextMap()
L 05/21/2016 - 20:58:30: [SM]   [1]  Line 109, D:\builds\build-sourcemod-msvc12\windows-1.7\build\plugins\nextmap.sp::OnConfigsExecuted()
L 05/21/2016 - 21:20:10: Error log file session closed.
L 05/21/2016 - 21:20:10: SourceMod error session started
L 05/21/2016 - 21:20:10: Info (map "vsh_pruvia_v5") (file "errors_20160521.log")
L 05/21/2016 - 21:20:10: [SM] Warning(s) encountered in translation file "freak_fortress_2.phrases.txt"
L 05/21/2016 - 21:20:10: [SM] Invalid token ' ' in #format property on line 71.
L 05/21/2016 - 21:20:10: [SM] Invalid token ' ' in #format property on line 230.
L 05/21/2016 - 21:20:10: [SM] Invalid token '[' in #format property on line 230.
L 05/21/2016 - 21:20:10: [SM] Invalid token '3' in #format property on line 230.
L 05/21/2016 - 21:20:10: [SM] Invalid token ':' in #format property on line 230.
L 05/21/2016 - 21:20:10: [SM] Invalid token ']' in #format property on line 230.
L 05/21/2016 - 21:20:10: [SM] Invalid token ' ' in #format property on line 235.
L 05/21/2016 - 21:20:10: [SM] Invalid token ' ' in #format property on line 424.
L 05/21/2016 - 21:20:10: [SM] Invalid token ' ' in #format property on line 429.
L 05/21/2016 - 21:20:10: [SM] Invalid token ' ' in #format property on line 429.
L 05/21/2016 - 21:20:10: [SM] Invalid token ' ' in #format property on line 438.
L 05/21/2016 - 21:20:10: [SM] Invalid token ' ' in #format property on line 438.
L 05/21/2016 - 21:20:10: [SM] Invalid token ' ' in #format property on line 438.
L 05/21/2016 - 21:20:10: [SM] Unable to load plugin "rockthevote.smx": Could not find required plugin "mapchooser"
L 05/21/2016 - 21:20:15: [nextmap.smx] FATAL: Cannot load map cycle. Nextmap not loaded.
L 05/21/2016 - 21:20:15: [SM] Plugin encountered error 25: Call was aborted
L 05/21/2016 - 21:20:15: [SM] Native "SetFailState" reported: Mapcycle Not Found
L 05/21/2016 - 21:20:15: [SM] Displaying call stack trace for plugin "nextmap.smx":
L 05/21/2016 - 21:20:15: [SM]   [0]  Line 139, D:\builds\build-sourcemod-msvc12\windows-1.7\build\plugins\nextmap.sp::FindAndSetNextMap()
L 05/21/2016 - 21:20:15: [SM]   [1]  Line 109, D:\builds\build-sourcemod-msvc12\windows-1.7\build\plugins\nextmap.sp::OnConfigsExecuted()
L 05/21/2016 - 21:47:24: Error log file session closed.
L 05/21/2016 - 21:47:24: SourceMod error session started
L 05/21/2016 - 21:47:24: Info (map "vsh_mountain_pb2") (file "errors_20160521.log")
L 05/21/2016 - 21:47:24: [SM] Warning(s) encountered in translation file "freak_fortress_2.phrases.txt"
L 05/21/2016 - 21:47:24: [SM] Invalid token ' ' in #format property on line 71.
L 05/21/2016 - 21:47:24: [SM] Invalid token ' ' in #format property on line 230.
L 05/21/2016 - 21:47:24: [SM] Invalid token '[' in #format property on line 230.
L 05/21/2016 - 21:47:24: [SM] Invalid token '3' in #format property on line 230.
L 05/21/2016 - 21:47:24: [SM] Invalid token ':' in #format property on line 230.
L 05/21/2016 - 21:47:24: [SM] Invalid token ']' in #format property on line 230.
L 05/21/2016 - 21:47:24: [SM] Invalid token ' ' in #format property on line 235.
L 05/21/2016 - 21:47:24: [SM] Invalid token ' ' in #format property on line 424.
L 05/21/2016 - 21:47:24: [SM] Invalid token ' ' in #format property on line 429.
L 05/21/2016 - 21:47:24: [SM] Invalid token ' ' in #format property on line 429.
L 05/21/2016 - 21:47:24: [SM] Invalid token ' ' in #format property on line 438.
L 05/21/2016 - 21:47:24: [SM] Invalid token ' ' in #format property on line 438.
L 05/21/2016 - 21:47:24: [SM] Invalid token ' ' in #format property on line 438.
L 05/21/2016 - 21:47:24: [SM] Unable to load plugin "rockthevote.smx": Could not find required plugin "mapchooser"
L 05/21/2016 - 21:47:29: [nextmap.smx] FATAL: Cannot load map cycle. Nextmap not loaded.
L 05/21/2016 - 21:47:29: [SM] Plugin encountered error 25: Call was aborted
L 05/21/2016 - 21:47:29: [SM] Native "SetFailState" reported: Mapcycle Not Found
L 05/21/2016 - 21:47:29: [SM] Displaying call stack trace for plugin "nextmap.smx":
L 05/21/2016 - 21:47:29: [SM]   [0]  Line 139, D:\builds\build-sourcemod-msvc12\windows-1.7\build\plugins\nextmap.sp::FindAndSetNextMap()
L 05/21/2016 - 21:47:29: [SM]   [1]  Line 109, D:\builds\build-sourcemod-msvc12\windows-1.7\build\plugins\nextmap.sp::OnConfigsExecuted()
L 05/21/2016 - 21:50:02: Error log file session closed.
L 05/21/2016 - 21:50:02: SourceMod error session started
L 05/21/2016 - 21:50:02: Info (map "vsh_fuiji") (file "errors_20160521.log")
L 05/21/2016 - 21:50:02: [SM] Warning(s) encountered in translation file "freak_fortress_2.phrases.txt"
L 05/21/2016 - 21:50:02: [SM] Invalid token ' ' in #format property on line 71.
L 05/21/2016 - 21:50:02: [SM] Invalid token ' ' in #format property on line 230.
L 05/21/2016 - 21:50:02: [SM] Invalid token '[' in #format property on line 230.
L 05/21/2016 - 21:50:02: [SM] Invalid token '3' in #format property on line 230.
L 05/21/2016 - 21:50:02: [SM] Invalid token ':' in #format property on line 230.
L 05/21/2016 - 21:50:02: [SM] Invalid token ']' in #format property on line 230.
L 05/21/2016 - 21:50:02: [SM] Invalid token ' ' in #format property on line 235.
L 05/21/2016 - 21:50:02: [SM] Invalid token ' ' in #format property on line 424.
L 05/21/2016 - 21:50:02: [SM] Invalid token ' ' in #format property on line 429.
L 05/21/2016 - 21:50:02: [SM] Invalid token ' ' in #format property on line 429.
L 05/21/2016 - 21:50:02: [SM] Invalid token ' ' in #format property on line 438.
L 05/21/2016 - 21:50:02: [SM] Invalid token ' ' in #format property on line 438.
L 05/21/2016 - 21:50:02: [SM] Invalid token ' ' in #format property on line 438.
L 05/21/2016 - 21:50:02: [SM] Unable to load plugin "rockthevote.smx": Could not find required plugin "mapchooser"
L 05/21/2016 - 21:50:08: [nextmap.smx] FATAL: Cannot load map cycle. Nextmap not loaded.
L 05/21/2016 - 21:50:08: [SM] Plugin encountered error 25: Call was aborted
L 05/21/2016 - 21:50:08: [SM] Native "SetFailState" reported: Mapcycle Not Found
L 05/21/2016 - 21:50:08: [SM] Displaying call stack trace for plugin "nextmap.smx":
L 05/21/2016 - 21:50:08: [SM]   [0]  Line 139, D:\builds\build-sourcemod-msvc12\windows-1.7\build\plugins\nextmap.sp::FindAndSetNextMap()
L 05/21/2016 - 21:50:08: [SM]   [1]  Line 109, D:\builds\build-sourcemod-msvc12\windows-1.7\build\plugins\nextmap.sp::OnConfigsExecuted()
L 05/21/2016 - 21:51:15: Error log file session closed.
L 05/21/2016 - 21:51:15: SourceMod error session started
L 05/21/2016 - 21:51:15: Info (map "vsh_treasure_room_v3") (file "errors_20160521.log")
L 05/21/2016 - 21:51:15: [SM] Warning(s) encountered in translation file "freak_fortress_2.phrases.txt"
L 05/21/2016 - 21:51:15: [SM] Invalid token ' ' in #format property on line 71.
L 05/21/2016 - 21:51:15: [SM] Invalid token ' ' in #format property on line 230.
L 05/21/2016 - 21:51:15: [SM] Invalid token '[' in #format property on line 230.
L 05/21/2016 - 21:51:15: [SM] Invalid token '3' in #format property on line 230.
L 05/21/2016 - 21:51:15: [SM] Invalid token ':' in #format property on line 230.
L 05/21/2016 - 21:51:15: [SM] Invalid token ']' in #format property on line 230.
L 05/21/2016 - 21:51:15: [SM] Invalid token ' ' in #format property on line 235.
L 05/21/2016 - 21:51:15: [SM] Invalid token ' ' in #format property on line 424.
L 05/21/2016 - 21:51:15: [SM] Invalid token ' ' in #format property on line 429.
L 05/21/2016 - 21:51:15: [SM] Invalid token ' ' in #format property on line 429.
L 05/21/2016 - 21:51:15: [SM] Invalid token ' ' in #format property on line 438.
L 05/21/2016 - 21:51:15: [SM] Invalid token ' ' in #format property on line 438.
L 05/21/2016 - 21:51:15: [SM] Invalid token ' ' in #format property on line 438.
L 05/21/2016 - 21:51:15: [SM] Unable to load plugin "rockthevote.smx": Could not find required plugin "mapchooser"
L 05/21/2016 - 21:51:20: [nextmap.smx] FATAL: Cannot load map cycle. Nextmap not loaded.
L 05/21/2016 - 21:51:20: [SM] Plugin encountered error 25: Call was aborted
L 05/21/2016 - 21:51:20: [SM] Native "SetFailState" reported: Mapcycle Not Found
L 05/21/2016 - 21:51:20: [SM] Displaying call stack trace for plugin "nextmap.smx":
L 05/21/2016 - 21:51:20: [SM]   [0]  Line 139, D:\builds\build-sourcemod-msvc12\windows-1.7\build\plugins\nextmap.sp::FindAndSetNextMap()
L 05/21/2016 - 21:51:20: [SM]   [1]  Line 109, D:\builds\build-sourcemod-msvc12\windows-1.7\build\plugins\nextmap.sp::OnConfigsExecuted()
L 05/21/2016 - 21:54:02: Error log file session closed.
L 05/21/2016 - 21:54:02: SourceMod error session started
L 05/21/2016 - 21:54:02: Info (map "vsh_remains_of_king_b1") (file "errors_20160521.log")
L 05/21/2016 - 21:54:02: [SM] Warning(s) encountered in translation file "freak_fortress_2.phrases.txt"
L 05/21/2016 - 21:54:02: [SM] Invalid token ' ' in #format property on line 71.
L 05/21/2016 - 21:54:02: [SM] Invalid token ' ' in #format property on line 230.
L 05/21/2016 - 21:54:02: [SM] Invalid token '[' in #format property on line 230.
L 05/21/2016 - 21:54:02: [SM] Invalid token '3' in #format property on line 230.
L 05/21/2016 - 21:54:02: [SM] Invalid token ':' in #format property on line 230.
L 05/21/2016 - 21:54:02: [SM] Invalid token ']' in #format property on line 230.
L 05/21/2016 - 21:54:02: [SM] Invalid token ' ' in #format property on line 235.
L 05/21/2016 - 21:54:02: [SM] Invalid token ' ' in #format property on line 424.
L 05/21/2016 - 21:54:02: [SM] Invalid token ' ' in #format property on line 429.
L 05/21/2016 - 21:54:02: [SM] Invalid token ' ' in #format property on line 429.
L 05/21/2016 - 21:54:02: [SM] Invalid token ' ' in #format property on line 438.
L 05/21/2016 - 21:54:02: [SM] Invalid token ' ' in #format property on line 438.
L 05/21/2016 - 21:54:02: [SM] Invalid token ' ' in #format property on line 438.
L 05/21/2016 - 21:54:02: [SM] Unable to load plugin "rockthevote.smx": Could not find required plugin "mapchooser"
L 05/21/2016 - 21:54:08: [nextmap.smx] FATAL: Cannot load map cycle. Nextmap not loaded.
L 05/21/2016 - 21:54:08: [SM] Plugin encountered error 25: Call was aborted
L 05/21/2016 - 21:54:08: [SM] Native "SetFailState" reported: Mapcycle Not Found
L 05/21/2016 - 21:54:08: [SM] Displaying call stack trace for plugin "nextmap.smx":
L 05/21/2016 - 21:54:08: [SM]   [0]  Line 139, D:\builds\build-sourcemod-msvc12\windows-1.7\build\plugins\nextmap.sp::FindAndSetNextMap()
L 05/21/2016 - 21:54:08: [SM]   [1]  Line 109, D:\builds\build-sourcemod-msvc12\windows-1.7\build\plugins\nextmap.sp::OnConfigsExecuted()
L 05/21/2016 - 21:58:07: Error log file session closed.
L 05/21/2016 - 21:58:07: SourceMod error session started
L 05/21/2016 - 21:58:07: Info (map "vsh_reservoir_v2_fix") (file "errors_20160521.log")
L 05/21/2016 - 21:58:07: [SM] Warning(s) encountered in translation file "freak_fortress_2.phrases.txt"
L 05/21/2016 - 21:58:07: [SM] Invalid token ' ' in #format property on line 71.
L 05/21/2016 - 21:58:07: [SM] Invalid token ' ' in #format property on line 230.
L 05/21/2016 - 21:58:07: [SM] Invalid token '[' in #format property on line 230.
L 05/21/2016 - 21:58:07: [SM] Invalid token '3' in #format property on line 230.
L 05/21/2016 - 21:58:07: [SM] Invalid token ':' in #format property on line 230.
L 05/21/2016 - 21:58:07: [SM] Invalid token ']' in #format property on line 230.
L 05/21/2016 - 21:58:07: [SM] Invalid token ' ' in #format property on line 235.
L 05/21/2016 - 21:58:07: [SM] Invalid token ' ' in #format property on line 424.
L 05/21/2016 - 21:58:08: [SM] Invalid token ' ' in #format property on line 429.
L 05/21/2016 - 21:58:08: [SM] Invalid token ' ' in #format property on line 429.
L 05/21/2016 - 21:58:08: [SM] Invalid token ' ' in #format property on line 438.
L 05/21/2016 - 21:58:08: [SM] Invalid token ' ' in #format property on line 438.
L 05/21/2016 - 21:58:08: [SM] Invalid token ' ' in #format property on line 438.
L 05/21/2016 - 21:58:08: [SM] Unable to load plugin "rockthevote.smx": Could not find required plugin "mapchooser"
L 05/21/2016 - 21:58:13: [nextmap.smx] FATAL: Cannot load map cycle. Nextmap not loaded.
L 05/21/2016 - 21:58:13: [SM] Plugin encountered error 25: Call was aborted
L 05/21/2016 - 21:58:13: [SM] Native "SetFailState" reported: Mapcycle Not Found
L 05/21/2016 - 21:58:13: [SM] Displaying call stack trace for plugin "nextmap.smx":
L 05/21/2016 - 21:58:13: [SM]   [0]  Line 139, D:\builds\build-sourcemod-msvc12\windows-1.7\build\plugins\nextmap.sp::FindAndSetNextMap()
L 05/21/2016 - 21:58:13: [SM]   [1]  Line 109, D:\builds\build-sourcemod-msvc12\windows-1.7\build\plugins\nextmap.sp::OnConfigsExecuted()
L 05/21/2016 - 21:59:22: Error log file session closed.
