L 03/30/2016 - 22:19:23: SourceMod error session started
L 03/30/2016 - 22:19:23: Info (map "arena_badlands") (file "errors_20160330.log")
L 03/30/2016 - 22:19:23: [SM] Warning(s) encountered in translation file "freak_fortress_2.phrases.txt"
L 03/30/2016 - 22:19:23: [SM] Invalid token ' ' in #format property on line 59.
L 03/30/2016 - 22:19:23: [SM] Invalid token ' ' in #format property on line 402.
L 03/30/2016 - 22:19:23: [SM] Invalid token ' ' in #format property on line 407.
L 03/30/2016 - 22:19:23: [SM] Invalid token ' ' in #format property on line 407.
L 03/30/2016 - 22:19:23: [SM] Invalid token ' ' in #format property on line 416.
L 03/30/2016 - 22:19:23: [SM] Invalid token ' ' in #format property on line 416.
L 03/30/2016 - 22:19:23: [SM] Invalid token ' ' in #format property on line 416.
L 03/30/2016 - 22:20:13: Error log file session closed.
L 03/30/2016 - 22:21:03: SourceMod error session started
L 03/30/2016 - 22:21:03: Info (map "arena_badlands") (file "errors_20160330.log")
L 03/30/2016 - 22:21:03: [SM] Warning(s) encountered in translation file "freak_fortress_2.phrases.txt"
L 03/30/2016 - 22:21:03: [SM] Invalid token ' ' in #format property on line 59.
L 03/30/2016 - 22:21:03: [SM] Invalid token ' ' in #format property on line 402.
L 03/30/2016 - 22:21:03: [SM] Invalid token ' ' in #format property on line 407.
L 03/30/2016 - 22:21:03: [SM] Invalid token ' ' in #format property on line 407.
L 03/30/2016 - 22:21:03: [SM] Invalid token ' ' in #format property on line 416.
L 03/30/2016 - 22:21:03: [SM] Invalid token ' ' in #format property on line 416.
L 03/30/2016 - 22:21:03: [SM] Invalid token ' ' in #format property on line 416.
L 03/30/2016 - 22:25:58: [SM] Native "IsClientInGame" reported: Client index 0 is invalid
L 03/30/2016 - 22:25:58: [SM] Displaying call stack trace for plugin "freaks\ff2_1st_set_abilities.ff2":
L 03/30/2016 - 22:25:58: [SM]   [0]  Line 114, C:\ff2\steamapps\common\Team Fortress 2 Dedicated Server\tf\addons\sourcemod\scripting\ff2_1st_set_abilities.sp::OnRoundEnd()
L 03/30/2016 - 22:26:58: [SM] Native "IsClientInGame" reported: Client index 0 is invalid
L 03/30/2016 - 22:26:58: [SM] Displaying call stack trace for plugin "freaks\ff2_1st_set_abilities.ff2":
L 03/30/2016 - 22:26:58: [SM]   [0]  Line 114, C:\ff2\steamapps\common\Team Fortress 2 Dedicated Server\tf\addons\sourcemod\scripting\ff2_1st_set_abilities.sp::OnRoundEnd()
L 03/30/2016 - 22:27:54: [SM] Native "IsClientInGame" reported: Client index 0 is invalid
L 03/30/2016 - 22:27:54: [SM] Displaying call stack trace for plugin "freaks\ff2_1st_set_abilities.ff2":
L 03/30/2016 - 22:27:54: [SM]   [0]  Line 114, C:\ff2\steamapps\common\Team Fortress 2 Dedicated Server\tf\addons\sourcemod\scripting\ff2_1st_set_abilities.sp::OnRoundEnd()
L 03/30/2016 - 22:28:45: [SM] Native "IsClientInGame" reported: Client index 0 is invalid
L 03/30/2016 - 22:28:45: [SM] Displaying call stack trace for plugin "freaks\ff2_1st_set_abilities.ff2":
L 03/30/2016 - 22:28:45: [SM]   [0]  Line 114, C:\ff2\steamapps\common\Team Fortress 2 Dedicated Server\tf\addons\sourcemod\scripting\ff2_1st_set_abilities.sp::OnRoundEnd()
L 03/30/2016 - 22:29:51: [SM] Native "IsClientInGame" reported: Client index 0 is invalid
L 03/30/2016 - 22:29:51: [SM] Displaying call stack trace for plugin "freaks\ff2_1st_set_abilities.ff2":
L 03/30/2016 - 22:29:51: [SM]   [0]  Line 114, C:\ff2\steamapps\common\Team Fortress 2 Dedicated Server\tf\addons\sourcemod\scripting\ff2_1st_set_abilities.sp::OnRoundEnd()
L 03/30/2016 - 22:33:04: [SM] Native "IsClientInGame" reported: Client index 0 is invalid
L 03/30/2016 - 22:33:04: [SM] Displaying call stack trace for plugin "freaks\ff2_1st_set_abilities.ff2":
L 03/30/2016 - 22:33:04: [SM]   [0]  Line 114, C:\ff2\steamapps\common\Team Fortress 2 Dedicated Server\tf\addons\sourcemod\scripting\ff2_1st_set_abilities.sp::OnRoundEnd()
L 03/30/2016 - 22:35:00: [SM] Native "IsClientInGame" reported: Client index 0 is invalid
L 03/30/2016 - 22:35:00: [SM] Displaying call stack trace for plugin "freaks\ff2_1st_set_abilities.ff2":
L 03/30/2016 - 22:35:00: [SM]   [0]  Line 114, C:\ff2\steamapps\common\Team Fortress 2 Dedicated Server\tf\addons\sourcemod\scripting\ff2_1st_set_abilities.sp::OnRoundEnd()
L 03/30/2016 - 22:37:18: [SM] Native "IsClientInGame" reported: Client index 0 is invalid
L 03/30/2016 - 22:37:18: [SM] Displaying call stack trace for plugin "freaks\ff2_1st_set_abilities.ff2":
L 03/30/2016 - 22:37:18: [SM]   [0]  Line 114, C:\ff2\steamapps\common\Team Fortress 2 Dedicated Server\tf\addons\sourcemod\scripting\ff2_1st_set_abilities.sp::OnRoundEnd()
L 03/30/2016 - 22:39:23: [SM] Native "IsClientInGame" reported: Client index 0 is invalid
L 03/30/2016 - 22:39:23: [SM] Displaying call stack trace for plugin "freaks\ff2_1st_set_abilities.ff2":
L 03/30/2016 - 22:39:23: [SM]   [0]  Line 114, C:\ff2\steamapps\common\Team Fortress 2 Dedicated Server\tf\addons\sourcemod\scripting\ff2_1st_set_abilities.sp::OnRoundEnd()
L 03/30/2016 - 22:40:36: [freaks\ff2_1st_set_abilities.ff2] [FF2] Cannot give ammo to weapon tf_weapon_bottle (boss )-check your config!
L 03/30/2016 - 22:40:36: [freaks\ff2_1st_set_abilities.ff2] [FF2] Cannot give ammo to weapon tf_weapon_bottle (boss )-check your config!
L 03/30/2016 - 22:40:36: [freaks\ff2_1st_set_abilities.ff2] [FF2] Cannot give ammo to weapon tf_weapon_bottle (boss )-check your config!
L 03/30/2016 - 22:40:36: [freaks\ff2_1st_set_abilities.ff2] [FF2] Cannot give ammo to weapon tf_weapon_bottle (boss )-check your config!
L 03/30/2016 - 22:40:49: [SM] Native "IsClientInGame" reported: Client index 0 is invalid
L 03/30/2016 - 22:40:49: [SM] Displaying call stack trace for plugin "freaks\ff2_1st_set_abilities.ff2":
L 03/30/2016 - 22:40:49: [SM]   [0]  Line 114, C:\ff2\steamapps\common\Team Fortress 2 Dedicated Server\tf\addons\sourcemod\scripting\ff2_1st_set_abilities.sp::OnRoundEnd()
L 03/30/2016 - 22:42:02: [SM] Native "IsClientInGame" reported: Client index 0 is invalid
L 03/30/2016 - 22:42:02: [SM] Displaying call stack trace for plugin "freaks\ff2_1st_set_abilities.ff2":
L 03/30/2016 - 22:42:02: [SM]   [0]  Line 114, C:\ff2\steamapps\common\Team Fortress 2 Dedicated Server\tf\addons\sourcemod\scripting\ff2_1st_set_abilities.sp::OnRoundEnd()
L 03/30/2016 - 22:44:14: [SM] Native "IsClientInGame" reported: Client index 0 is invalid
L 03/30/2016 - 22:44:14: [SM] Displaying call stack trace for plugin "freaks\ff2_1st_set_abilities.ff2":
L 03/30/2016 - 22:44:14: [SM]   [0]  Line 114, C:\ff2\steamapps\common\Team Fortress 2 Dedicated Server\tf\addons\sourcemod\scripting\ff2_1st_set_abilities.sp::OnRoundEnd()
L 03/30/2016 - 22:44:34: Error log file session closed.
L 03/30/2016 - 23:37:29: SourceMod error session started
L 03/30/2016 - 23:37:29: Info (map "arena_badlands") (file "errors_20160330.log")
L 03/30/2016 - 23:37:29: [SM] Warning(s) encountered in translation file "freak_fortress_2.phrases.txt"
L 03/30/2016 - 23:37:29: [SM] Invalid token ' ' in #format property on line 59.
L 03/30/2016 - 23:37:29: [SM] Invalid token ' ' in #format property on line 407.
L 03/30/2016 - 23:37:29: [SM] Invalid token ' ' in #format property on line 412.
L 03/30/2016 - 23:37:29: [SM] Invalid token ' ' in #format property on line 412.
L 03/30/2016 - 23:37:29: [SM] Invalid token ' ' in #format property on line 421.
L 03/30/2016 - 23:37:29: [SM] Invalid token ' ' in #format property on line 421.
L 03/30/2016 - 23:37:29: [SM] Invalid token ' ' in #format property on line 421.
L 03/30/2016 - 23:40:57: [SM] Native "IsPlayerAlive" reported: Invalid client index 0
L 03/30/2016 - 23:40:57: [SM] Displaying call stack trace for plugin "freaks\ff2_1st_set_abilities.ff2":
L 03/30/2016 - 23:40:57: [SM]   [0]  Line 544, C:\ff2\steamapps\common\Team Fortress 2 Dedicated Server\tf\addons\sourcemod\scripting\ff2_1st_set_abilities.sp::Timer_Rage_Explosive_Dance()
L 03/30/2016 - 23:40:57: [SM] Native "IsPlayerAlive" reported: Invalid client index 0
L 03/30/2016 - 23:40:57: [SM] Displaying call stack trace for plugin "freaks\ff2_1st_set_abilities.ff2":
L 03/30/2016 - 23:40:57: [SM]   [0]  Line 544, C:\ff2\steamapps\common\Team Fortress 2 Dedicated Server\tf\addons\sourcemod\scripting\ff2_1st_set_abilities.sp::Timer_Rage_Explosive_Dance()
L 03/30/2016 - 23:40:58: [SM] Native "IsPlayerAlive" reported: Invalid client index 0
L 03/30/2016 - 23:40:58: [SM] Displaying call stack trace for plugin "freaks\ff2_1st_set_abilities.ff2":
L 03/30/2016 - 23:40:58: [SM]   [0]  Line 544, C:\ff2\steamapps\common\Team Fortress 2 Dedicated Server\tf\addons\sourcemod\scripting\ff2_1st_set_abilities.sp::Timer_Rage_Explosive_Dance()
L 03/30/2016 - 23:40:58: [SM] Native "IsPlayerAlive" reported: Invalid client index 0
L 03/30/2016 - 23:40:58: [SM] Displaying call stack trace for plugin "freaks\ff2_1st_set_abilities.ff2":
L 03/30/2016 - 23:40:58: [SM]   [0]  Line 544, C:\ff2\steamapps\common\Team Fortress 2 Dedicated Server\tf\addons\sourcemod\scripting\ff2_1st_set_abilities.sp::Timer_Rage_Explosive_Dance()
L 03/30/2016 - 23:40:58: [SM] Native "IsClientInGame" reported: Client index 0 is invalid
L 03/30/2016 - 23:40:58: [SM] Displaying call stack trace for plugin "freaks\ff2_1st_set_abilities.ff2":
L 03/30/2016 - 23:40:58: [SM]   [0]  Line 114, C:\ff2\steamapps\common\Team Fortress 2 Dedicated Server\tf\addons\sourcemod\scripting\ff2_1st_set_abilities.sp::OnRoundEnd()
L 03/30/2016 - 23:40:58: [SM] Native "IsPlayerAlive" reported: Invalid client index 0
L 03/30/2016 - 23:40:58: [SM] Displaying call stack trace for plugin "freaks\ff2_1st_set_abilities.ff2":
L 03/30/2016 - 23:40:58: [SM]   [0]  Line 544, C:\ff2\steamapps\common\Team Fortress 2 Dedicated Server\tf\addons\sourcemod\scripting\ff2_1st_set_abilities.sp::Timer_Rage_Explosive_Dance()
L 03/30/2016 - 23:40:58: [SM] Native "IsPlayerAlive" reported: Invalid client index 0
L 03/30/2016 - 23:40:58: [SM] Displaying call stack trace for plugin "freaks\ff2_1st_set_abilities.ff2":
L 03/30/2016 - 23:40:58: [SM]   [0]  Line 544, C:\ff2\steamapps\common\Team Fortress 2 Dedicated Server\tf\addons\sourcemod\scripting\ff2_1st_set_abilities.sp::Timer_Rage_Explosive_Dance()
L 03/30/2016 - 23:40:58: [SM] Native "IsPlayerAlive" reported: Invalid client index 0
L 03/30/2016 - 23:40:58: [SM] Displaying call stack trace for plugin "freaks\ff2_1st_set_abilities.ff2":
L 03/30/2016 - 23:40:58: [SM]   [0]  Line 544, C:\ff2\steamapps\common\Team Fortress 2 Dedicated Server\tf\addons\sourcemod\scripting\ff2_1st_set_abilities.sp::Timer_Rage_Explosive_Dance()
L 03/30/2016 - 23:40:58: [SM] Native "IsPlayerAlive" reported: Invalid client index 0
L 03/30/2016 - 23:40:58: [SM] Displaying call stack trace for plugin "freaks\ff2_1st_set_abilities.ff2":
L 03/30/2016 - 23:40:58: [SM]   [0]  Line 544, C:\ff2\steamapps\common\Team Fortress 2 Dedicated Server\tf\addons\sourcemod\scripting\ff2_1st_set_abilities.sp::Timer_Rage_Explosive_Dance()
L 03/30/2016 - 23:40:58: [SM] Native "IsPlayerAlive" reported: Invalid client index 0
L 03/30/2016 - 23:40:58: [SM] Displaying call stack trace for plugin "freaks\ff2_1st_set_abilities.ff2":
L 03/30/2016 - 23:40:58: [SM]   [0]  Line 544, C:\ff2\steamapps\common\Team Fortress 2 Dedicated Server\tf\addons\sourcemod\scripting\ff2_1st_set_abilities.sp::Timer_Rage_Explosive_Dance()
L 03/30/2016 - 23:40:59: [SM] Native "IsPlayerAlive" reported: Invalid client index 0
L 03/30/2016 - 23:40:59: [SM] Displaying call stack trace for plugin "freaks\ff2_1st_set_abilities.ff2":
L 03/30/2016 - 23:40:59: [SM]   [0]  Line 544, C:\ff2\steamapps\common\Team Fortress 2 Dedicated Server\tf\addons\sourcemod\scripting\ff2_1st_set_abilities.sp::Timer_Rage_Explosive_Dance()
L 03/30/2016 - 23:40:59: [SM] Native "IsPlayerAlive" reported: Invalid client index 0
L 03/30/2016 - 23:40:59: [SM] Displaying call stack trace for plugin "freaks\ff2_1st_set_abilities.ff2":
L 03/30/2016 - 23:40:59: [SM]   [0]  Line 544, C:\ff2\steamapps\common\Team Fortress 2 Dedicated Server\tf\addons\sourcemod\scripting\ff2_1st_set_abilities.sp::Timer_Rage_Explosive_Dance()
L 03/30/2016 - 23:40:59: [SM] Native "IsPlayerAlive" reported: Invalid client index 0
L 03/30/2016 - 23:40:59: [SM] Displaying call stack trace for plugin "freaks\ff2_1st_set_abilities.ff2":
L 03/30/2016 - 23:40:59: [SM]   [0]  Line 544, C:\ff2\steamapps\common\Team Fortress 2 Dedicated Server\tf\addons\sourcemod\scripting\ff2_1st_set_abilities.sp::Timer_Rage_Explosive_Dance()
L 03/30/2016 - 23:40:59: [SM] Native "IsPlayerAlive" reported: Invalid client index 0
L 03/30/2016 - 23:40:59: [SM] Displaying call stack trace for plugin "freaks\ff2_1st_set_abilities.ff2":
L 03/30/2016 - 23:40:59: [SM]   [0]  Line 544, C:\ff2\steamapps\common\Team Fortress 2 Dedicated Server\tf\addons\sourcemod\scripting\ff2_1st_set_abilities.sp::Timer_Rage_Explosive_Dance()
L 03/30/2016 - 23:40:59: [SM] Native "IsPlayerAlive" reported: Invalid client index 0
L 03/30/2016 - 23:40:59: [SM] Displaying call stack trace for plugin "freaks\ff2_1st_set_abilities.ff2":
L 03/30/2016 - 23:40:59: [SM]   [0]  Line 544, C:\ff2\steamapps\common\Team Fortress 2 Dedicated Server\tf\addons\sourcemod\scripting\ff2_1st_set_abilities.sp::Timer_Rage_Explosive_Dance()
L 03/30/2016 - 23:40:59: [SM] Native "IsPlayerAlive" reported: Invalid client index 0
L 03/30/2016 - 23:40:59: [SM] Displaying call stack trace for plugin "freaks\ff2_1st_set_abilities.ff2":
L 03/30/2016 - 23:40:59: [SM]   [0]  Line 544, C:\ff2\steamapps\common\Team Fortress 2 Dedicated Server\tf\addons\sourcemod\scripting\ff2_1st_set_abilities.sp::Timer_Rage_Explosive_Dance()
L 03/30/2016 - 23:41:00: [SM] Native "IsPlayerAlive" reported: Invalid client index 0
L 03/30/2016 - 23:41:00: [SM] Displaying call stack trace for plugin "freaks\ff2_1st_set_abilities.ff2":
L 03/30/2016 - 23:41:00: [SM]   [0]  Line 544, C:\ff2\steamapps\common\Team Fortress 2 Dedicated Server\tf\addons\sourcemod\scripting\ff2_1st_set_abilities.sp::Timer_Rage_Explosive_Dance()
L 03/30/2016 - 23:41:00: [SM] Native "IsPlayerAlive" reported: Invalid client index 0
L 03/30/2016 - 23:41:00: [SM] Displaying call stack trace for plugin "freaks\ff2_1st_set_abilities.ff2":
L 03/30/2016 - 23:41:00: [SM]   [0]  Line 544, C:\ff2\steamapps\common\Team Fortress 2 Dedicated Server\tf\addons\sourcemod\scripting\ff2_1st_set_abilities.sp::Timer_Rage_Explosive_Dance()
L 03/30/2016 - 23:41:00: [SM] Native "IsPlayerAlive" reported: Invalid client index 0
L 03/30/2016 - 23:41:00: [SM] Displaying call stack trace for plugin "freaks\ff2_1st_set_abilities.ff2":
L 03/30/2016 - 23:41:00: [SM]   [0]  Line 544, C:\ff2\steamapps\common\Team Fortress 2 Dedicated Server\tf\addons\sourcemod\scripting\ff2_1st_set_abilities.sp::Timer_Rage_Explosive_Dance()
L 03/30/2016 - 23:41:00: [SM] Native "IsPlayerAlive" reported: Invalid client index 0
L 03/30/2016 - 23:41:00: [SM] Displaying call stack trace for plugin "freaks\ff2_1st_set_abilities.ff2":
L 03/30/2016 - 23:41:00: [SM]   [0]  Line 544, C:\ff2\steamapps\common\Team Fortress 2 Dedicated Server\tf\addons\sourcemod\scripting\ff2_1st_set_abilities.sp::Timer_Rage_Explosive_Dance()
L 03/30/2016 - 23:41:00: [SM] Native "IsPlayerAlive" reported: Invalid client index 0
L 03/30/2016 - 23:41:00: [SM] Displaying call stack trace for plugin "freaks\ff2_1st_set_abilities.ff2":
L 03/30/2016 - 23:41:00: [SM]   [0]  Line 544, C:\ff2\steamapps\common\Team Fortress 2 Dedicated Server\tf\addons\sourcemod\scripting\ff2_1st_set_abilities.sp::Timer_Rage_Explosive_Dance()
L 03/30/2016 - 23:41:00: [SM] Native "IsPlayerAlive" reported: Invalid client index 0
L 03/30/2016 - 23:41:00: [SM] Displaying call stack trace for plugin "freaks\ff2_1st_set_abilities.ff2":
L 03/30/2016 - 23:41:00: [SM]   [0]  Line 544, C:\ff2\steamapps\common\Team Fortress 2 Dedicated Server\tf\addons\sourcemod\scripting\ff2_1st_set_abilities.sp::Timer_Rage_Explosive_Dance()
L 03/30/2016 - 23:41:00: [SM] Native "IsPlayerAlive" reported: Invalid client index 0
L 03/30/2016 - 23:41:00: [SM] Displaying call stack trace for plugin "freaks\ff2_1st_set_abilities.ff2":
L 03/30/2016 - 23:41:00: [SM]   [0]  Line 544, C:\ff2\steamapps\common\Team Fortress 2 Dedicated Server\tf\addons\sourcemod\scripting\ff2_1st_set_abilities.sp::Timer_Rage_Explosive_Dance()
L 03/30/2016 - 23:41:01: [SM] Native "IsPlayerAlive" reported: Invalid client index 0
L 03/30/2016 - 23:41:01: [SM] Displaying call stack trace for plugin "freaks\ff2_1st_set_abilities.ff2":
L 03/30/2016 - 23:41:01: [SM]   [0]  Line 544, C:\ff2\steamapps\common\Team Fortress 2 Dedicated Server\tf\addons\sourcemod\scripting\ff2_1st_set_abilities.sp::Timer_Rage_Explosive_Dance()
L 03/30/2016 - 23:41:01: [SM] Native "IsPlayerAlive" reported: Invalid client index 0
L 03/30/2016 - 23:41:01: [SM] Displaying call stack trace for plugin "freaks\ff2_1st_set_abilities.ff2":
L 03/30/2016 - 23:41:01: [SM]   [0]  Line 544, C:\ff2\steamapps\common\Team Fortress 2 Dedicated Server\tf\addons\sourcemod\scripting\ff2_1st_set_abilities.sp::Timer_Rage_Explosive_Dance()
L 03/30/2016 - 23:41:20: Error log file session closed.
