L 05/07/2016 - 22:40:18: SourceMod error session started
L 05/07/2016 - 22:40:18: Info (map "vsh_apg_v2") (file "errors_20160507.log")
L 05/07/2016 - 22:40:18: [SM] Warning(s) encountered in translation file "freak_fortress_2.phrases.txt"
L 05/07/2016 - 22:40:18: [SM] Invalid token ' ' in #format property on line 71.
L 05/07/2016 - 22:40:18: [SM] Invalid token ' ' in #format property on line 230.
L 05/07/2016 - 22:40:18: [SM] Invalid token '[' in #format property on line 230.
L 05/07/2016 - 22:40:18: [SM] Invalid token '3' in #format property on line 230.
L 05/07/2016 - 22:40:18: [SM] Invalid token ':' in #format property on line 230.
L 05/07/2016 - 22:40:18: [SM] Invalid token ']' in #format property on line 230.
L 05/07/2016 - 22:40:18: [SM] Invalid token ' ' in #format property on line 235.
L 05/07/2016 - 22:40:18: [SM] Invalid token ' ' in #format property on line 424.
L 05/07/2016 - 22:40:18: [SM] Invalid token ' ' in #format property on line 429.
L 05/07/2016 - 22:40:18: [SM] Invalid token ' ' in #format property on line 429.
L 05/07/2016 - 22:40:18: [SM] Invalid token ' ' in #format property on line 438.
L 05/07/2016 - 22:40:18: [SM] Invalid token ' ' in #format property on line 438.
L 05/07/2016 - 22:40:18: [SM] Invalid token ' ' in #format property on line 438.
L 05/07/2016 - 22:43:10: [SM] Native "GetClientTeam" reported: Client 3 is not in game
L 05/07/2016 - 22:43:10: [SM] Displaying call stack trace for plugin "freaks\ff2_1st_set_abilities.ff2":
L 05/07/2016 - 22:43:10: [SM]   [0]  Line 114, C:\ff2_ver2\steamapps\common\Team Fortress 2 Dedicated Server\tf\addons\sourcemod\scripting\ff2_1st_set_abilities.sp::OnRoundEnd()
L 05/07/2016 - 23:16:05: [SM] Native "KillTimer" reported: Invalid timer handle 2f25017d (error 1)
L 05/07/2016 - 23:16:05: [SM] Displaying call stack trace for plugin "freak_fortress_2.smx":
L 05/07/2016 - 23:16:05: [SM]   [0]  Line 3219, C:\ff2_ver2\steamapps\common\Team Fortress 2 Dedicated Server\tf\addons\sourcemod\scripting\freak_fortress_2.sp::StopMusic()
L 05/07/2016 - 23:16:05: [SM]   [1]  Line 2757, C:\ff2_ver2\steamapps\common\Team Fortress 2 Dedicated Server\tf\addons\sourcemod\scripting\freak_fortress_2.sp::OnRoundEnd()
L 05/07/2016 - 23:16:17: [SM] Native "KillTimer" reported: Invalid timer handle 2f25017d (error 3)
L 05/07/2016 - 23:16:17: [SM] Displaying call stack trace for plugin "freak_fortress_2.smx":
L 05/07/2016 - 23:16:17: [SM]   [0]  Line 1724, C:\ff2_ver2\steamapps\common\Team Fortress 2 Dedicated Server\tf\addons\sourcemod\scripting\freak_fortress_2.sp::DisableFF2()
L 05/07/2016 - 23:16:17: [SM]   [1]  Line 1604, C:\ff2_ver2\steamapps\common\Team Fortress 2 Dedicated Server\tf\addons\sourcemod\scripting\freak_fortress_2.sp::OnMapEnd()
L 05/07/2016 - 23:16:19: Error log file session closed.
L 05/07/2016 - 23:16:19: SourceMod error session started
L 05/07/2016 - 23:16:19: Info (map "vsh_2fortdesk_v8") (file "errors_20160507.log")
L 05/07/2016 - 23:16:19: [SM] Warning(s) encountered in translation file "freak_fortress_2.phrases.txt"
L 05/07/2016 - 23:16:19: [SM] Invalid token ' ' in #format property on line 71.
L 05/07/2016 - 23:16:19: [SM] Invalid token ' ' in #format property on line 230.
L 05/07/2016 - 23:16:19: [SM] Invalid token '[' in #format property on line 230.
L 05/07/2016 - 23:16:19: [SM] Invalid token '3' in #format property on line 230.
L 05/07/2016 - 23:16:19: [SM] Invalid token ':' in #format property on line 230.
L 05/07/2016 - 23:16:19: [SM] Invalid token ']' in #format property on line 230.
L 05/07/2016 - 23:16:19: [SM] Invalid token ' ' in #format property on line 235.
L 05/07/2016 - 23:16:19: [SM] Invalid token ' ' in #format property on line 424.
L 05/07/2016 - 23:16:19: [SM] Invalid token ' ' in #format property on line 429.
L 05/07/2016 - 23:16:19: [SM] Invalid token ' ' in #format property on line 429.
L 05/07/2016 - 23:16:19: [SM] Invalid token ' ' in #format property on line 438.
L 05/07/2016 - 23:16:19: [SM] Invalid token ' ' in #format property on line 438.
L 05/07/2016 - 23:16:19: [SM] Invalid token ' ' in #format property on line 438.
L 05/07/2016 - 23:19:54: [SM] Native "GetClientTeam" reported: Client 3 is not in game
L 05/07/2016 - 23:19:54: [SM] Displaying call stack trace for plugin "freaks\ff2_1st_set_abilities.ff2":
L 05/07/2016 - 23:19:54: [SM]   [0]  Line 114, C:\ff2_ver2\steamapps\common\Team Fortress 2 Dedicated Server\tf\addons\sourcemod\scripting\ff2_1st_set_abilities.sp::OnRoundEnd()
L 05/07/2016 - 23:23:08: [SM] Native "KillTimer" reported: Invalid timer handle 38d3014e (error 1)
L 05/07/2016 - 23:23:08: [SM] Displaying call stack trace for plugin "freak_fortress_2.smx":
L 05/07/2016 - 23:23:08: [SM]   [0]  Line 3219, C:\ff2_ver2\steamapps\common\Team Fortress 2 Dedicated Server\tf\addons\sourcemod\scripting\freak_fortress_2.sp::StopMusic()
L 05/07/2016 - 23:23:08: [SM]   [1]  Line 2757, C:\ff2_ver2\steamapps\common\Team Fortress 2 Dedicated Server\tf\addons\sourcemod\scripting\freak_fortress_2.sp::OnRoundEnd()
L 05/07/2016 - 23:25:12: [SM] Native "KillTimer" reported: Invalid timer handle 38d3014e (error 1)
L 05/07/2016 - 23:25:12: [SM] Displaying call stack trace for plugin "freak_fortress_2.smx":
L 05/07/2016 - 23:25:12: [SM]   [0]  Line 3219, C:\ff2_ver2\steamapps\common\Team Fortress 2 Dedicated Server\tf\addons\sourcemod\scripting\freak_fortress_2.sp::StopMusic()
L 05/07/2016 - 23:25:12: [SM]   [1]  Line 2757, C:\ff2_ver2\steamapps\common\Team Fortress 2 Dedicated Server\tf\addons\sourcemod\scripting\freak_fortress_2.sp::OnRoundEnd()
L 05/07/2016 - 23:28:27: [SM] Native "KillTimer" reported: Invalid timer handle 38d3014e (error 3)
L 05/07/2016 - 23:28:27: [SM] Displaying call stack trace for plugin "freak_fortress_2.smx":
L 05/07/2016 - 23:28:27: [SM]   [0]  Line 3219, C:\ff2_ver2\steamapps\common\Team Fortress 2 Dedicated Server\tf\addons\sourcemod\scripting\freak_fortress_2.sp::StopMusic()
L 05/07/2016 - 23:28:27: [SM]   [1]  Line 2757, C:\ff2_ver2\steamapps\common\Team Fortress 2 Dedicated Server\tf\addons\sourcemod\scripting\freak_fortress_2.sp::OnRoundEnd()
L 05/07/2016 - 23:30:22: [SM] Native "KillTimer" reported: Invalid timer handle 38d3014e (error 3)
L 05/07/2016 - 23:30:22: [SM] Displaying call stack trace for plugin "freak_fortress_2.smx":
L 05/07/2016 - 23:30:22: [SM]   [0]  Line 3219, C:\ff2_ver2\steamapps\common\Team Fortress 2 Dedicated Server\tf\addons\sourcemod\scripting\freak_fortress_2.sp::StopMusic()
L 05/07/2016 - 23:30:22: [SM]   [1]  Line 2757, C:\ff2_ver2\steamapps\common\Team Fortress 2 Dedicated Server\tf\addons\sourcemod\scripting\freak_fortress_2.sp::OnRoundEnd()
L 05/07/2016 - 23:30:46: [SM] Native "KillTimer" reported: Invalid timer handle 38d3014e (error 3)
L 05/07/2016 - 23:30:46: [SM] Displaying call stack trace for plugin "freak_fortress_2.smx":
L 05/07/2016 - 23:30:46: [SM]   [0]  Line 1724, C:\ff2_ver2\steamapps\common\Team Fortress 2 Dedicated Server\tf\addons\sourcemod\scripting\freak_fortress_2.sp::DisableFF2()
L 05/07/2016 - 23:30:46: [SM]   [1]  Line 1604, C:\ff2_ver2\steamapps\common\Team Fortress 2 Dedicated Server\tf\addons\sourcemod\scripting\freak_fortress_2.sp::OnMapEnd()
L 05/07/2016 - 23:30:47: Error log file session closed.
