L 05/03/2016 - 21:12:36: SourceMod error session started
L 05/03/2016 - 21:12:36: Info (map "vsh_apg_v2") (file "errors_20160503.log")
L 05/03/2016 - 21:12:36: [SM] Warning(s) encountered in translation file "freak_fortress_2.phrases.txt"
L 05/03/2016 - 21:12:36: [SM] Invalid token ' ' in #format property on line 71.
L 05/03/2016 - 21:12:36: [SM] Invalid token ' ' in #format property on line 230.
L 05/03/2016 - 21:12:36: [SM] Invalid token '[' in #format property on line 230.
L 05/03/2016 - 21:12:36: [SM] Invalid token '3' in #format property on line 230.
L 05/03/2016 - 21:12:36: [SM] Invalid token ':' in #format property on line 230.
L 05/03/2016 - 21:12:36: [SM] Invalid token ']' in #format property on line 230.
L 05/03/2016 - 21:12:36: [SM] Invalid token ' ' in #format property on line 235.
L 05/03/2016 - 21:12:36: [SM] Invalid token ' ' in #format property on line 424.
L 05/03/2016 - 21:12:36: [SM] Invalid token ' ' in #format property on line 429.
L 05/03/2016 - 21:12:36: [SM] Invalid token ' ' in #format property on line 429.
L 05/03/2016 - 21:12:36: [SM] Invalid token ' ' in #format property on line 438.
L 05/03/2016 - 21:12:36: [SM] Invalid token ' ' in #format property on line 438.
L 05/03/2016 - 21:12:36: [SM] Invalid token ' ' in #format property on line 438.
L 05/03/2016 - 21:37:32: Error log file session closed.
L 05/03/2016 - 21:37:32: SourceMod error session started
L 05/03/2016 - 21:37:32: Info (map "vsh_apg_v2") (file "errors_20160503.log")
L 05/03/2016 - 21:37:32: [SM] Warning(s) encountered in translation file "freak_fortress_2.phrases.txt"
L 05/03/2016 - 21:37:32: [SM] Invalid token ' ' in #format property on line 71.
L 05/03/2016 - 21:37:32: [SM] Invalid token ' ' in #format property on line 230.
L 05/03/2016 - 21:37:32: [SM] Invalid token '[' in #format property on line 230.
L 05/03/2016 - 21:37:32: [SM] Invalid token '3' in #format property on line 230.
L 05/03/2016 - 21:37:32: [SM] Invalid token ':' in #format property on line 230.
L 05/03/2016 - 21:37:32: [SM] Invalid token ']' in #format property on line 230.
L 05/03/2016 - 21:37:32: [SM] Invalid token ' ' in #format property on line 235.
L 05/03/2016 - 21:37:32: [SM] Invalid token ' ' in #format property on line 424.
L 05/03/2016 - 21:37:32: [SM] Invalid token ' ' in #format property on line 429.
L 05/03/2016 - 21:37:32: [SM] Invalid token ' ' in #format property on line 429.
L 05/03/2016 - 21:37:32: [SM] Invalid token ' ' in #format property on line 438.
L 05/03/2016 - 21:37:32: [SM] Invalid token ' ' in #format property on line 438.
L 05/03/2016 - 21:37:32: [SM] Invalid token ' ' in #format property on line 438.
