L 05/08/2016 - 10:27:19: SourceMod error session started
L 05/08/2016 - 10:27:19: Info (map "vsh_apg_v2") (file "errors_20160508.log")
L 05/08/2016 - 10:27:19: [SM] Warning(s) encountered in translation file "freak_fortress_2.phrases.txt"
L 05/08/2016 - 10:27:19: [SM] Invalid token ' ' in #format property on line 71.
L 05/08/2016 - 10:27:19: [SM] Invalid token ' ' in #format property on line 230.
L 05/08/2016 - 10:27:19: [SM] Invalid token '[' in #format property on line 230.
L 05/08/2016 - 10:27:19: [SM] Invalid token '3' in #format property on line 230.
L 05/08/2016 - 10:27:19: [SM] Invalid token ':' in #format property on line 230.
L 05/08/2016 - 10:27:19: [SM] Invalid token ']' in #format property on line 230.
L 05/08/2016 - 10:27:19: [SM] Invalid token ' ' in #format property on line 235.
L 05/08/2016 - 10:27:19: [SM] Invalid token ' ' in #format property on line 424.
L 05/08/2016 - 10:27:19: [SM] Invalid token ' ' in #format property on line 429.
L 05/08/2016 - 10:27:19: [SM] Invalid token ' ' in #format property on line 429.
L 05/08/2016 - 10:27:19: [SM] Invalid token ' ' in #format property on line 438.
L 05/08/2016 - 10:27:19: [SM] Invalid token ' ' in #format property on line 438.
L 05/08/2016 - 10:27:19: [SM] Invalid token ' ' in #format property on line 438.
L 05/08/2016 - 10:30:47: [SM] Native "GetClientTeam" reported: Client 4 is not in game
L 05/08/2016 - 10:30:47: [SM] Displaying call stack trace for plugin "freaks\ff2_1st_set_abilities.ff2":
L 05/08/2016 - 10:30:47: [SM]   [0]  Line 114, C:\ff2_ver2\steamapps\common\Team Fortress 2 Dedicated Server\tf\addons\sourcemod\scripting\ff2_1st_set_abilities.sp::OnRoundEnd()
L 05/08/2016 - 10:34:26: Error log file session closed.
L 05/08/2016 - 12:13:31: SourceMod error session started
L 05/08/2016 - 12:13:31: Info (map "vsh_apg_v2") (file "errors_20160508.log")
L 05/08/2016 - 12:13:31: [SM] Warning(s) encountered in translation file "freak_fortress_2.phrases.txt"
L 05/08/2016 - 12:13:31: [SM] Invalid token ' ' in #format property on line 71.
L 05/08/2016 - 12:13:31: [SM] Invalid token ' ' in #format property on line 230.
L 05/08/2016 - 12:13:31: [SM] Invalid token '[' in #format property on line 230.
L 05/08/2016 - 12:13:31: [SM] Invalid token '3' in #format property on line 230.
L 05/08/2016 - 12:13:31: [SM] Invalid token ':' in #format property on line 230.
L 05/08/2016 - 12:13:31: [SM] Invalid token ']' in #format property on line 230.
L 05/08/2016 - 12:13:31: [SM] Invalid token ' ' in #format property on line 235.
L 05/08/2016 - 12:13:31: [SM] Invalid token ' ' in #format property on line 424.
L 05/08/2016 - 12:13:31: [SM] Invalid token ' ' in #format property on line 429.
L 05/08/2016 - 12:13:31: [SM] Invalid token ' ' in #format property on line 429.
L 05/08/2016 - 12:13:31: [SM] Invalid token ' ' in #format property on line 438.
L 05/08/2016 - 12:13:31: [SM] Invalid token ' ' in #format property on line 438.
L 05/08/2016 - 12:13:31: [SM] Invalid token ' ' in #format property on line 438.
L 05/08/2016 - 12:49:40: Error log file session closed.
L 05/08/2016 - 12:49:40: SourceMod error session started
L 05/08/2016 - 12:49:40: Info (map "vsh_2fortdesk_v8") (file "errors_20160508.log")
L 05/08/2016 - 12:49:40: [SM] Warning(s) encountered in translation file "freak_fortress_2.phrases.txt"
L 05/08/2016 - 12:49:40: [SM] Invalid token ' ' in #format property on line 71.
L 05/08/2016 - 12:49:40: [SM] Invalid token ' ' in #format property on line 230.
L 05/08/2016 - 12:49:40: [SM] Invalid token '[' in #format property on line 230.
L 05/08/2016 - 12:49:40: [SM] Invalid token '3' in #format property on line 230.
L 05/08/2016 - 12:49:40: [SM] Invalid token ':' in #format property on line 230.
L 05/08/2016 - 12:49:40: [SM] Invalid token ']' in #format property on line 230.
L 05/08/2016 - 12:49:40: [SM] Invalid token ' ' in #format property on line 235.
L 05/08/2016 - 12:49:40: [SM] Invalid token ' ' in #format property on line 424.
L 05/08/2016 - 12:49:40: [SM] Invalid token ' ' in #format property on line 429.
L 05/08/2016 - 12:49:40: [SM] Invalid token ' ' in #format property on line 429.
L 05/08/2016 - 12:49:40: [SM] Invalid token ' ' in #format property on line 438.
L 05/08/2016 - 12:49:40: [SM] Invalid token ' ' in #format property on line 438.
L 05/08/2016 - 12:49:40: [SM] Invalid token ' ' in #format property on line 438.
L 05/08/2016 - 12:56:37: [SM] Native "KillTimer" reported: Invalid timer handle 2a130173 (error 1)
L 05/08/2016 - 12:56:37: [SM] Displaying call stack trace for plugin "freak_fortress_2.smx":
L 05/08/2016 - 12:56:37: [SM]   [0]  Line 3229, C:\ff2_ver2\steamapps\common\Team Fortress 2 Dedicated Server\tf\addons\sourcemod\scripting\freak_fortress_2.sp::StopMusic()
L 05/08/2016 - 12:56:37: [SM]   [1]  Line 2767, C:\ff2_ver2\steamapps\common\Team Fortress 2 Dedicated Server\tf\addons\sourcemod\scripting\freak_fortress_2.sp::OnRoundEnd()
L 05/08/2016 - 12:56:59: [SM] Native "KillTimer" reported: Invalid timer handle 2a130173 (error 3)
L 05/08/2016 - 12:56:59: [SM] Displaying call stack trace for plugin "freak_fortress_2.smx":
L 05/08/2016 - 12:56:59: [SM]   [0]  Line 1734, C:\ff2_ver2\steamapps\common\Team Fortress 2 Dedicated Server\tf\addons\sourcemod\scripting\freak_fortress_2.sp::DisableFF2()
L 05/08/2016 - 12:56:59: [SM]   [1]  Line 1614, C:\ff2_ver2\steamapps\common\Team Fortress 2 Dedicated Server\tf\addons\sourcemod\scripting\freak_fortress_2.sp::OnMapEnd()
L 05/08/2016 - 12:57:01: Error log file session closed.
L 05/08/2016 - 12:57:01: SourceMod error session started
L 05/08/2016 - 12:57:01: Info (map "arena_badlands") (file "errors_20160508.log")
L 05/08/2016 - 12:57:01: [SM] Warning(s) encountered in translation file "freak_fortress_2.phrases.txt"
L 05/08/2016 - 12:57:01: [SM] Invalid token ' ' in #format property on line 71.
L 05/08/2016 - 12:57:01: [SM] Invalid token ' ' in #format property on line 230.
L 05/08/2016 - 12:57:01: [SM] Invalid token '[' in #format property on line 230.
L 05/08/2016 - 12:57:01: [SM] Invalid token '3' in #format property on line 230.
L 05/08/2016 - 12:57:01: [SM] Invalid token ':' in #format property on line 230.
L 05/08/2016 - 12:57:01: [SM] Invalid token ']' in #format property on line 230.
L 05/08/2016 - 12:57:01: [SM] Invalid token ' ' in #format property on line 235.
L 05/08/2016 - 12:57:01: [SM] Invalid token ' ' in #format property on line 424.
L 05/08/2016 - 12:57:01: [SM] Invalid token ' ' in #format property on line 429.
L 05/08/2016 - 12:57:01: [SM] Invalid token ' ' in #format property on line 429.
L 05/08/2016 - 12:57:01: [SM] Invalid token ' ' in #format property on line 438.
L 05/08/2016 - 12:57:01: [SM] Invalid token ' ' in #format property on line 438.
L 05/08/2016 - 12:57:01: [SM] Invalid token ' ' in #format property on line 438.
L 05/08/2016 - 13:10:33: [SM] Native "KillTimer" reported: Invalid timer handle 3d280163 (error 1)
L 05/08/2016 - 13:10:33: [SM] Displaying call stack trace for plugin "freak_fortress_2.smx":
L 05/08/2016 - 13:10:33: [SM]   [0]  Line 3229, C:\ff2_ver2\steamapps\common\Team Fortress 2 Dedicated Server\tf\addons\sourcemod\scripting\freak_fortress_2.sp::StopMusic()
L 05/08/2016 - 13:10:33: [SM]   [1]  Line 2767, C:\ff2_ver2\steamapps\common\Team Fortress 2 Dedicated Server\tf\addons\sourcemod\scripting\freak_fortress_2.sp::OnRoundEnd()
L 05/08/2016 - 13:17:16: [SM] Native "KillTimer" reported: Invalid timer handle 41130174 (error 1)
L 05/08/2016 - 13:17:16: [SM] Displaying call stack trace for plugin "freak_fortress_2.smx":
L 05/08/2016 - 13:17:16: [SM]   [0]  Line 3229, C:\ff2_ver2\steamapps\common\Team Fortress 2 Dedicated Server\tf\addons\sourcemod\scripting\freak_fortress_2.sp::StopMusic()
L 05/08/2016 - 13:17:16: [SM]   [1]  Line 2767, C:\ff2_ver2\steamapps\common\Team Fortress 2 Dedicated Server\tf\addons\sourcemod\scripting\freak_fortress_2.sp::OnRoundEnd()
L 05/08/2016 - 13:28:41: [SM] Native "KillTimer" reported: Invalid timer handle 4ed50168 (error 1)
L 05/08/2016 - 13:28:41: [SM] Displaying call stack trace for plugin "freak_fortress_2.smx":
L 05/08/2016 - 13:28:41: [SM]   [0]  Line 3229, C:\ff2_ver2\steamapps\common\Team Fortress 2 Dedicated Server\tf\addons\sourcemod\scripting\freak_fortress_2.sp::StopMusic()
L 05/08/2016 - 13:28:41: [SM]   [1]  Line 2767, C:\ff2_ver2\steamapps\common\Team Fortress 2 Dedicated Server\tf\addons\sourcemod\scripting\freak_fortress_2.sp::OnRoundEnd()
L 05/08/2016 - 13:32:37: Error log file session closed.
L 05/08/2016 - 19:35:59: SourceMod error session started
L 05/08/2016 - 19:35:59: Info (map "vsh_apg_v2") (file "errors_20160508.log")
L 05/08/2016 - 19:35:59: [SM] Warning(s) encountered in translation file "freak_fortress_2.phrases.txt"
L 05/08/2016 - 19:35:59: [SM] Invalid token ' ' in #format property on line 71.
L 05/08/2016 - 19:35:59: [SM] Invalid token ' ' in #format property on line 230.
L 05/08/2016 - 19:35:59: [SM] Invalid token '[' in #format property on line 230.
L 05/08/2016 - 19:35:59: [SM] Invalid token '3' in #format property on line 230.
L 05/08/2016 - 19:35:59: [SM] Invalid token ':' in #format property on line 230.
L 05/08/2016 - 19:35:59: [SM] Invalid token ']' in #format property on line 230.
L 05/08/2016 - 19:35:59: [SM] Invalid token ' ' in #format property on line 235.
L 05/08/2016 - 19:35:59: [SM] Invalid token ' ' in #format property on line 424.
L 05/08/2016 - 19:35:59: [SM] Invalid token ' ' in #format property on line 429.
L 05/08/2016 - 19:35:59: [SM] Invalid token ' ' in #format property on line 429.
L 05/08/2016 - 19:35:59: [SM] Invalid token ' ' in #format property on line 438.
L 05/08/2016 - 19:35:59: [SM] Invalid token ' ' in #format property on line 438.
L 05/08/2016 - 19:35:59: [SM] Invalid token ' ' in #format property on line 438.
L 05/08/2016 - 19:51:05: Error log file session closed.
L 05/08/2016 - 22:31:01: SourceMod error session started
L 05/08/2016 - 22:31:01: Info (map "vsh_apg_v2") (file "errors_20160508.log")
L 05/08/2016 - 22:31:01: [SM] Warning(s) encountered in translation file "freak_fortress_2.phrases.txt"
L 05/08/2016 - 22:31:01: [SM] Invalid token ' ' in #format property on line 71.
L 05/08/2016 - 22:31:01: [SM] Invalid token ' ' in #format property on line 230.
L 05/08/2016 - 22:31:01: [SM] Invalid token '[' in #format property on line 230.
L 05/08/2016 - 22:31:01: [SM] Invalid token '3' in #format property on line 230.
L 05/08/2016 - 22:31:01: [SM] Invalid token ':' in #format property on line 230.
L 05/08/2016 - 22:31:01: [SM] Invalid token ']' in #format property on line 230.
L 05/08/2016 - 22:31:01: [SM] Invalid token ' ' in #format property on line 235.
L 05/08/2016 - 22:31:01: [SM] Invalid token ' ' in #format property on line 424.
L 05/08/2016 - 22:31:01: [SM] Invalid token ' ' in #format property on line 429.
L 05/08/2016 - 22:31:01: [SM] Invalid token ' ' in #format property on line 429.
L 05/08/2016 - 22:31:01: [SM] Invalid token ' ' in #format property on line 438.
L 05/08/2016 - 22:31:01: [SM] Invalid token ' ' in #format property on line 438.
L 05/08/2016 - 22:31:01: [SM] Invalid token ' ' in #format property on line 438.
L 05/08/2016 - 22:50:09: [SM] Native "KillTimer" reported: Invalid timer handle 8210162 (error 1)
L 05/08/2016 - 22:50:09: [SM] Displaying call stack trace for plugin "freak_fortress_2.smx":
L 05/08/2016 - 22:50:09: [SM]   [0]  Line 3230, C:\ff2_ver2\steamapps\common\Team Fortress 2 Dedicated Server\tf\addons\sourcemod\scripting\freak_fortress_2.sp::StopMusic()
L 05/08/2016 - 22:50:09: [SM]   [1]  Line 2767, C:\ff2_ver2\steamapps\common\Team Fortress 2 Dedicated Server\tf\addons\sourcemod\scripting\freak_fortress_2.sp::OnRoundEnd()
L 05/08/2016 - 22:55:40: SourceMod error session started
L 05/08/2016 - 22:55:40: Info (map "vsh_apg_v2") (file "errors_20160508.log")
L 05/08/2016 - 22:55:40: [SM] Warning(s) encountered in translation file "freak_fortress_2.phrases.txt"
L 05/08/2016 - 22:55:40: [SM] Invalid token ' ' in #format property on line 71.
L 05/08/2016 - 22:55:40: [SM] Invalid token ' ' in #format property on line 230.
L 05/08/2016 - 22:55:40: [SM] Invalid token '[' in #format property on line 230.
L 05/08/2016 - 22:55:40: [SM] Invalid token '3' in #format property on line 230.
L 05/08/2016 - 22:55:40: [SM] Invalid token ':' in #format property on line 230.
L 05/08/2016 - 22:55:40: [SM] Invalid token ']' in #format property on line 230.
L 05/08/2016 - 22:55:40: [SM] Invalid token ' ' in #format property on line 235.
L 05/08/2016 - 22:55:40: [SM] Invalid token ' ' in #format property on line 424.
L 05/08/2016 - 22:55:40: [SM] Invalid token ' ' in #format property on line 429.
L 05/08/2016 - 22:55:40: [SM] Invalid token ' ' in #format property on line 429.
L 05/08/2016 - 22:55:40: [SM] Invalid token ' ' in #format property on line 438.
L 05/08/2016 - 22:55:40: [SM] Invalid token ' ' in #format property on line 438.
L 05/08/2016 - 22:55:40: [SM] Invalid token ' ' in #format property on line 438.
L 05/08/2016 - 23:12:34: [SM] Native "KillTimer" reported: Invalid timer handle 13cb015c (error 1)
L 05/08/2016 - 23:12:34: [SM] Displaying call stack trace for plugin "freak_fortress_2.smx":
L 05/08/2016 - 23:12:34: [SM]   [0]  Line 3230, C:\ff2_ver2\steamapps\common\Team Fortress 2 Dedicated Server\tf\addons\sourcemod\scripting\freak_fortress_2.sp::StopMusic()
L 05/08/2016 - 23:12:34: [SM]   [1]  Line 2767, C:\ff2_ver2\steamapps\common\Team Fortress 2 Dedicated Server\tf\addons\sourcemod\scripting\freak_fortress_2.sp::OnRoundEnd()
L 05/08/2016 - 23:16:51: [SM] Native "KillTimer" reported: Invalid timer handle 16f80159 (error 1)
L 05/08/2016 - 23:16:51: [SM] Displaying call stack trace for plugin "freak_fortress_2.smx":
L 05/08/2016 - 23:16:51: [SM]   [0]  Line 3230, C:\ff2_ver2\steamapps\common\Team Fortress 2 Dedicated Server\tf\addons\sourcemod\scripting\freak_fortress_2.sp::StopMusic()
L 05/08/2016 - 23:16:51: [SM]   [1]  Line 2767, C:\ff2_ver2\steamapps\common\Team Fortress 2 Dedicated Server\tf\addons\sourcemod\scripting\freak_fortress_2.sp::OnRoundEnd()
L 05/08/2016 - 23:19:52: [SM] Native "KillTimer" reported: Invalid timer handle 16f80159 (error 3)
L 05/08/2016 - 23:19:52: [SM] Displaying call stack trace for plugin "freak_fortress_2.smx":
L 05/08/2016 - 23:19:52: [SM]   [0]  Line 3230, C:\ff2_ver2\steamapps\common\Team Fortress 2 Dedicated Server\tf\addons\sourcemod\scripting\freak_fortress_2.sp::StopMusic()
L 05/08/2016 - 23:19:52: [SM]   [1]  Line 2767, C:\ff2_ver2\steamapps\common\Team Fortress 2 Dedicated Server\tf\addons\sourcemod\scripting\freak_fortress_2.sp::OnRoundEnd()
L 05/08/2016 - 23:22:06: [SM] Native "KillTimer" reported: Invalid timer handle 16f80159 (error 3)
L 05/08/2016 - 23:22:06: [SM] Displaying call stack trace for plugin "freak_fortress_2.smx":
L 05/08/2016 - 23:22:06: [SM]   [0]  Line 3230, C:\ff2_ver2\steamapps\common\Team Fortress 2 Dedicated Server\tf\addons\sourcemod\scripting\freak_fortress_2.sp::StopMusic()
L 05/08/2016 - 23:22:06: [SM]   [1]  Line 2767, C:\ff2_ver2\steamapps\common\Team Fortress 2 Dedicated Server\tf\addons\sourcemod\scripting\freak_fortress_2.sp::OnRoundEnd()
L 05/08/2016 - 23:25:13: [SM] Native "KillTimer" reported: Invalid timer handle 16f80159 (error 3)
L 05/08/2016 - 23:25:13: [SM] Displaying call stack trace for plugin "freak_fortress_2.smx":
L 05/08/2016 - 23:25:13: [SM]   [0]  Line 3230, C:\ff2_ver2\steamapps\common\Team Fortress 2 Dedicated Server\tf\addons\sourcemod\scripting\freak_fortress_2.sp::StopMusic()
L 05/08/2016 - 23:25:13: [SM]   [1]  Line 2767, C:\ff2_ver2\steamapps\common\Team Fortress 2 Dedicated Server\tf\addons\sourcemod\scripting\freak_fortress_2.sp::OnRoundEnd()
L 05/08/2016 - 23:25:17: [SM] Native "GetEntProp" reported: Entity 7 (7) is invalid
L 05/08/2016 - 23:25:17: [SM] Displaying call stack trace for plugin "freak_fortress_2.smx":
L 05/08/2016 - 23:25:17: [SM]   [0]  Line 558, C:\ff2_ver2\steamapps\common\Team Fortress 2 Dedicated Server\tf\addons\sourcemod\scripting\include\entity_prop_stocks.inc::GetClientButtons()
L 05/08/2016 - 23:25:17: [SM]   [1]  Line 574, C:\ff2_ver2\steamapps\common\Team Fortress 2 Dedicated Server\tf\addons\sourcemod\scripting\include\freak_fortress_2.inc::FF2_ShowSyncHudText()
L 05/08/2016 - 23:25:17: [SM]   [2]  Line 2691, C:\ff2_ver2\steamapps\common\Team Fortress 2 Dedicated Server\tf\addons\sourcemod\scripting\freak_fortress_2.sp::BossInfoTimer_ShowInfo()
L 05/08/2016 - 23:25:17: [SM] Native "GetEntProp" reported: Entity 7 (7) is invalid
L 05/08/2016 - 23:25:17: [SM] Displaying call stack trace for plugin "freak_fortress_2.smx":
L 05/08/2016 - 23:25:17: [SM]   [0]  Line 558, C:\ff2_ver2\steamapps\common\Team Fortress 2 Dedicated Server\tf\addons\sourcemod\scripting\include\entity_prop_stocks.inc::GetClientButtons()
L 05/08/2016 - 23:25:17: [SM]   [1]  Line 574, C:\ff2_ver2\steamapps\common\Team Fortress 2 Dedicated Server\tf\addons\sourcemod\scripting\include\freak_fortress_2.inc::FF2_ShowSyncHudText()
L 05/08/2016 - 23:25:17: [SM]   [2]  Line 2691, C:\ff2_ver2\steamapps\common\Team Fortress 2 Dedicated Server\tf\addons\sourcemod\scripting\freak_fortress_2.sp::BossInfoTimer_ShowInfo()
L 05/08/2016 - 23:25:17: [SM] Native "GetEntProp" reported: Entity 7 (7) is invalid
L 05/08/2016 - 23:25:17: [SM] Displaying call stack trace for plugin "freak_fortress_2.smx":
L 05/08/2016 - 23:25:17: [SM]   [0]  Line 558, C:\ff2_ver2\steamapps\common\Team Fortress 2 Dedicated Server\tf\addons\sourcemod\scripting\include\entity_prop_stocks.inc::GetClientButtons()
L 05/08/2016 - 23:25:17: [SM]   [1]  Line 574, C:\ff2_ver2\steamapps\common\Team Fortress 2 Dedicated Server\tf\addons\sourcemod\scripting\include\freak_fortress_2.inc::FF2_ShowSyncHudText()
L 05/08/2016 - 23:25:17: [SM]   [2]  Line 2691, C:\ff2_ver2\steamapps\common\Team Fortress 2 Dedicated Server\tf\addons\sourcemod\scripting\freak_fortress_2.sp::BossInfoTimer_ShowInfo()
L 05/08/2016 - 23:25:17: [SM] Native "GetEntProp" reported: Entity 7 (7) is invalid
L 05/08/2016 - 23:25:17: [SM] Displaying call stack trace for plugin "freak_fortress_2.smx":
L 05/08/2016 - 23:25:17: [SM]   [0]  Line 558, C:\ff2_ver2\steamapps\common\Team Fortress 2 Dedicated Server\tf\addons\sourcemod\scripting\include\entity_prop_stocks.inc::GetClientButtons()
L 05/08/2016 - 23:25:17: [SM]   [1]  Line 574, C:\ff2_ver2\steamapps\common\Team Fortress 2 Dedicated Server\tf\addons\sourcemod\scripting\include\freak_fortress_2.inc::FF2_ShowSyncHudText()
L 05/08/2016 - 23:25:17: [SM]   [2]  Line 2691, C:\ff2_ver2\steamapps\common\Team Fortress 2 Dedicated Server\tf\addons\sourcemod\scripting\freak_fortress_2.sp::BossInfoTimer_ShowInfo()
L 05/08/2016 - 23:25:17: [SM] Native "GetEntProp" reported: Entity 7 (7) is invalid
L 05/08/2016 - 23:25:18: [SM] Displaying call stack trace for plugin "freak_fortress_2.smx":
L 05/08/2016 - 23:25:18: [SM]   [0]  Line 558, C:\ff2_ver2\steamapps\common\Team Fortress 2 Dedicated Server\tf\addons\sourcemod\scripting\include\entity_prop_stocks.inc::GetClientButtons()
L 05/08/2016 - 23:25:18: [SM]   [1]  Line 574, C:\ff2_ver2\steamapps\common\Team Fortress 2 Dedicated Server\tf\addons\sourcemod\scripting\include\freak_fortress_2.inc::FF2_ShowSyncHudText()
L 05/08/2016 - 23:25:18: [SM]   [2]  Line 2691, C:\ff2_ver2\steamapps\common\Team Fortress 2 Dedicated Server\tf\addons\sourcemod\scripting\freak_fortress_2.sp::BossInfoTimer_ShowInfo()
L 05/08/2016 - 23:25:18: [SM] Native "GetEntProp" reported: Entity 7 (7) is invalid
L 05/08/2016 - 23:25:18: [SM] Displaying call stack trace for plugin "freak_fortress_2.smx":
L 05/08/2016 - 23:25:18: [SM]   [0]  Line 558, C:\ff2_ver2\steamapps\common\Team Fortress 2 Dedicated Server\tf\addons\sourcemod\scripting\include\entity_prop_stocks.inc::GetClientButtons()
L 05/08/2016 - 23:25:18: [SM]   [1]  Line 574, C:\ff2_ver2\steamapps\common\Team Fortress 2 Dedicated Server\tf\addons\sourcemod\scripting\include\freak_fortress_2.inc::FF2_ShowSyncHudText()
L 05/08/2016 - 23:25:18: [SM]   [2]  Line 2691, C:\ff2_ver2\steamapps\common\Team Fortress 2 Dedicated Server\tf\addons\sourcemod\scripting\freak_fortress_2.sp::BossInfoTimer_ShowInfo()
L 05/08/2016 - 23:25:18: [SM] Native "GetEntProp" reported: Entity 7 (7) is invalid
L 05/08/2016 - 23:25:18: [SM] Displaying call stack trace for plugin "freak_fortress_2.smx":
L 05/08/2016 - 23:25:18: [SM]   [0]  Line 558, C:\ff2_ver2\steamapps\common\Team Fortress 2 Dedicated Server\tf\addons\sourcemod\scripting\include\entity_prop_stocks.inc::GetClientButtons()
L 05/08/2016 - 23:25:18: [SM]   [1]  Line 574, C:\ff2_ver2\steamapps\common\Team Fortress 2 Dedicated Server\tf\addons\sourcemod\scripting\include\freak_fortress_2.inc::FF2_ShowSyncHudText()
L 05/08/2016 - 23:25:18: [SM]   [2]  Line 2691, C:\ff2_ver2\steamapps\common\Team Fortress 2 Dedicated Server\tf\addons\sourcemod\scripting\freak_fortress_2.sp::BossInfoTimer_ShowInfo()
L 05/08/2016 - 23:25:18: [SM] Native "GetEntProp" reported: Entity 7 (7) is invalid
L 05/08/2016 - 23:25:18: [SM] Displaying call stack trace for plugin "freak_fortress_2.smx":
L 05/08/2016 - 23:25:18: [SM]   [0]  Line 558, C:\ff2_ver2\steamapps\common\Team Fortress 2 Dedicated Server\tf\addons\sourcemod\scripting\include\entity_prop_stocks.inc::GetClientButtons()
L 05/08/2016 - 23:25:18: [SM]   [1]  Line 574, C:\ff2_ver2\steamapps\common\Team Fortress 2 Dedicated Server\tf\addons\sourcemod\scripting\include\freak_fortress_2.inc::FF2_ShowSyncHudText()
L 05/08/2016 - 23:25:18: [SM]   [2]  Line 2691, C:\ff2_ver2\steamapps\common\Team Fortress 2 Dedicated Server\tf\addons\sourcemod\scripting\freak_fortress_2.sp::BossInfoTimer_ShowInfo()
L 05/08/2016 - 23:25:18: [SM] Native "GetEntProp" reported: Entity 7 (7) is invalid
L 05/08/2016 - 23:25:18: [SM] Displaying call stack trace for plugin "freak_fortress_2.smx":
L 05/08/2016 - 23:25:18: [SM]   [0]  Line 558, C:\ff2_ver2\steamapps\common\Team Fortress 2 Dedicated Server\tf\addons\sourcemod\scripting\include\entity_prop_stocks.inc::GetClientButtons()
L 05/08/2016 - 23:25:18: [SM]   [1]  Line 574, C:\ff2_ver2\steamapps\common\Team Fortress 2 Dedicated Server\tf\addons\sourcemod\scripting\include\freak_fortress_2.inc::FF2_ShowSyncHudText()
L 05/08/2016 - 23:25:18: [SM]   [2]  Line 2691, C:\ff2_ver2\steamapps\common\Team Fortress 2 Dedicated Server\tf\addons\sourcemod\scripting\freak_fortress_2.sp::BossInfoTimer_ShowInfo()
L 05/08/2016 - 23:25:19: [SM] Native "GetEntProp" reported: Entity 7 (7) is invalid
L 05/08/2016 - 23:25:19: [SM] Displaying call stack trace for plugin "freak_fortress_2.smx":
L 05/08/2016 - 23:25:19: [SM]   [0]  Line 558, C:\ff2_ver2\steamapps\common\Team Fortress 2 Dedicated Server\tf\addons\sourcemod\scripting\include\entity_prop_stocks.inc::GetClientButtons()
L 05/08/2016 - 23:25:19: [SM]   [1]  Line 574, C:\ff2_ver2\steamapps\common\Team Fortress 2 Dedicated Server\tf\addons\sourcemod\scripting\include\freak_fortress_2.inc::FF2_ShowSyncHudText()
L 05/08/2016 - 23:25:19: [SM]   [2]  Line 2691, C:\ff2_ver2\steamapps\common\Team Fortress 2 Dedicated Server\tf\addons\sourcemod\scripting\freak_fortress_2.sp::BossInfoTimer_ShowInfo()
L 05/08/2016 - 23:25:19: [SM] Native "GetEntProp" reported: Entity 7 (7) is invalid
L 05/08/2016 - 23:25:19: [SM] Displaying call stack trace for plugin "freak_fortress_2.smx":
L 05/08/2016 - 23:25:19: [SM]   [0]  Line 558, C:\ff2_ver2\steamapps\common\Team Fortress 2 Dedicated Server\tf\addons\sourcemod\scripting\include\entity_prop_stocks.inc::GetClientButtons()
L 05/08/2016 - 23:25:19: [SM]   [1]  Line 574, C:\ff2_ver2\steamapps\common\Team Fortress 2 Dedicated Server\tf\addons\sourcemod\scripting\include\freak_fortress_2.inc::FF2_ShowSyncHudText()
L 05/08/2016 - 23:25:19: [SM]   [2]  Line 2691, C:\ff2_ver2\steamapps\common\Team Fortress 2 Dedicated Server\tf\addons\sourcemod\scripting\freak_fortress_2.sp::BossInfoTimer_ShowInfo()
L 05/08/2016 - 23:25:19: [SM] Native "GetEntProp" reported: Entity 7 (7) is invalid
L 05/08/2016 - 23:25:19: [SM] Displaying call stack trace for plugin "freak_fortress_2.smx":
L 05/08/2016 - 23:25:19: [SM]   [0]  Line 558, C:\ff2_ver2\steamapps\common\Team Fortress 2 Dedicated Server\tf\addons\sourcemod\scripting\include\entity_prop_stocks.inc::GetClientButtons()
L 05/08/2016 - 23:25:19: [SM]   [1]  Line 574, C:\ff2_ver2\steamapps\common\Team Fortress 2 Dedicated Server\tf\addons\sourcemod\scripting\include\freak_fortress_2.inc::FF2_ShowSyncHudText()
L 05/08/2016 - 23:25:19: [SM]   [2]  Line 2691, C:\ff2_ver2\steamapps\common\Team Fortress 2 Dedicated Server\tf\addons\sourcemod\scripting\freak_fortress_2.sp::BossInfoTimer_ShowInfo()
L 05/08/2016 - 23:25:20: [SM] Native "GetEntProp" reported: Entity 7 (7) is invalid
L 05/08/2016 - 23:25:20: [SM] Displaying call stack trace for plugin "freak_fortress_2.smx":
L 05/08/2016 - 23:25:20: [SM]   [0]  Line 558, C:\ff2_ver2\steamapps\common\Team Fortress 2 Dedicated Server\tf\addons\sourcemod\scripting\include\entity_prop_stocks.inc::GetClientButtons()
L 05/08/2016 - 23:25:20: [SM]   [1]  Line 574, C:\ff2_ver2\steamapps\common\Team Fortress 2 Dedicated Server\tf\addons\sourcemod\scripting\include\freak_fortress_2.inc::FF2_ShowSyncHudText()
L 05/08/2016 - 23:25:20: [SM]   [2]  Line 2691, C:\ff2_ver2\steamapps\common\Team Fortress 2 Dedicated Server\tf\addons\sourcemod\scripting\freak_fortress_2.sp::BossInfoTimer_ShowInfo()
L 05/08/2016 - 23:25:20: [SM] Native "GetEntProp" reported: Entity 7 (7) is invalid
L 05/08/2016 - 23:25:20: [SM] Displaying call stack trace for plugin "freak_fortress_2.smx":
L 05/08/2016 - 23:25:20: [SM]   [0]  Line 558, C:\ff2_ver2\steamapps\common\Team Fortress 2 Dedicated Server\tf\addons\sourcemod\scripting\include\entity_prop_stocks.inc::GetClientButtons()
L 05/08/2016 - 23:25:20: [SM]   [1]  Line 574, C:\ff2_ver2\steamapps\common\Team Fortress 2 Dedicated Server\tf\addons\sourcemod\scripting\include\freak_fortress_2.inc::FF2_ShowSyncHudText()
L 05/08/2016 - 23:25:20: [SM]   [2]  Line 2691, C:\ff2_ver2\steamapps\common\Team Fortress 2 Dedicated Server\tf\addons\sourcemod\scripting\freak_fortress_2.sp::BossInfoTimer_ShowInfo()
L 05/08/2016 - 23:25:20: [SM] Native "GetEntProp" reported: Entity 7 (7) is invalid
L 05/08/2016 - 23:25:20: [SM] Displaying call stack trace for plugin "freak_fortress_2.smx":
L 05/08/2016 - 23:25:20: [SM]   [0]  Line 558, C:\ff2_ver2\steamapps\common\Team Fortress 2 Dedicated Server\tf\addons\sourcemod\scripting\include\entity_prop_stocks.inc::GetClientButtons()
L 05/08/2016 - 23:25:20: [SM]   [1]  Line 574, C:\ff2_ver2\steamapps\common\Team Fortress 2 Dedicated Server\tf\addons\sourcemod\scripting\include\freak_fortress_2.inc::FF2_ShowSyncHudText()
L 05/08/2016 - 23:25:20: [SM]   [2]  Line 2691, C:\ff2_ver2\steamapps\common\Team Fortress 2 Dedicated Server\tf\addons\sourcemod\scripting\freak_fortress_2.sp::BossInfoTimer_ShowInfo()
L 05/08/2016 - 23:25:20: [SM] Native "GetEntProp" reported: Entity 7 (7) is invalid
L 05/08/2016 - 23:25:20: [SM] Displaying call stack trace for plugin "freak_fortress_2.smx":
L 05/08/2016 - 23:25:20: [SM]   [0]  Line 558, C:\ff2_ver2\steamapps\common\Team Fortress 2 Dedicated Server\tf\addons\sourcemod\scripting\include\entity_prop_stocks.inc::GetClientButtons()
L 05/08/2016 - 23:25:20: [SM]   [1]  Line 574, C:\ff2_ver2\steamapps\common\Team Fortress 2 Dedicated Server\tf\addons\sourcemod\scripting\include\freak_fortress_2.inc::FF2_ShowSyncHudText()
L 05/08/2016 - 23:25:20: [SM]   [2]  Line 2691, C:\ff2_ver2\steamapps\common\Team Fortress 2 Dedicated Server\tf\addons\sourcemod\scripting\freak_fortress_2.sp::BossInfoTimer_ShowInfo()
L 05/08/2016 - 23:25:20: [SM] Native "GetEntProp" reported: Entity 7 (7) is invalid
L 05/08/2016 - 23:25:20: [SM] Displaying call stack trace for plugin "freak_fortress_2.smx":
L 05/08/2016 - 23:25:20: [SM]   [0]  Line 558, C:\ff2_ver2\steamapps\common\Team Fortress 2 Dedicated Server\tf\addons\sourcemod\scripting\include\entity_prop_stocks.inc::GetClientButtons()
L 05/08/2016 - 23:25:20: [SM]   [1]  Line 574, C:\ff2_ver2\steamapps\common\Team Fortress 2 Dedicated Server\tf\addons\sourcemod\scripting\include\freak_fortress_2.inc::FF2_ShowSyncHudText()
L 05/08/2016 - 23:25:20: [SM]   [2]  Line 2691, C:\ff2_ver2\steamapps\common\Team Fortress 2 Dedicated Server\tf\addons\sourcemod\scripting\freak_fortress_2.sp::BossInfoTimer_ShowInfo()
L 05/08/2016 - 23:25:21: [SM] Native "GetEntProp" reported: Entity 7 (7) is invalid
L 05/08/2016 - 23:25:21: [SM] Displaying call stack trace for plugin "freak_fortress_2.smx":
L 05/08/2016 - 23:25:21: [SM]   [0]  Line 558, C:\ff2_ver2\steamapps\common\Team Fortress 2 Dedicated Server\tf\addons\sourcemod\scripting\include\entity_prop_stocks.inc::GetClientButtons()
L 05/08/2016 - 23:25:21: [SM]   [1]  Line 574, C:\ff2_ver2\steamapps\common\Team Fortress 2 Dedicated Server\tf\addons\sourcemod\scripting\include\freak_fortress_2.inc::FF2_ShowSyncHudText()
L 05/08/2016 - 23:25:21: [SM]   [2]  Line 2691, C:\ff2_ver2\steamapps\common\Team Fortress 2 Dedicated Server\tf\addons\sourcemod\scripting\freak_fortress_2.sp::BossInfoTimer_ShowInfo()
L 05/08/2016 - 23:25:21: [SM] Native "GetEntProp" reported: Entity 7 (7) is invalid
L 05/08/2016 - 23:25:21: [SM] Displaying call stack trace for plugin "freak_fortress_2.smx":
L 05/08/2016 - 23:25:21: [SM]   [0]  Line 558, C:\ff2_ver2\steamapps\common\Team Fortress 2 Dedicated Server\tf\addons\sourcemod\scripting\include\entity_prop_stocks.inc::GetClientButtons()
L 05/08/2016 - 23:25:21: [SM]   [1]  Line 574, C:\ff2_ver2\steamapps\common\Team Fortress 2 Dedicated Server\tf\addons\sourcemod\scripting\include\freak_fortress_2.inc::FF2_ShowSyncHudText()
L 05/08/2016 - 23:25:21: [SM]   [2]  Line 2691, C:\ff2_ver2\steamapps\common\Team Fortress 2 Dedicated Server\tf\addons\sourcemod\scripting\freak_fortress_2.sp::BossInfoTimer_ShowInfo()
L 05/08/2016 - 23:25:21: [SM] Native "GetEntProp" reported: Entity 7 (7) is invalid
L 05/08/2016 - 23:25:21: [SM] Displaying call stack trace for plugin "freak_fortress_2.smx":
L 05/08/2016 - 23:25:21: [SM]   [0]  Line 558, C:\ff2_ver2\steamapps\common\Team Fortress 2 Dedicated Server\tf\addons\sourcemod\scripting\include\entity_prop_stocks.inc::GetClientButtons()
L 05/08/2016 - 23:25:21: [SM]   [1]  Line 574, C:\ff2_ver2\steamapps\common\Team Fortress 2 Dedicated Server\tf\addons\sourcemod\scripting\include\freak_fortress_2.inc::FF2_ShowSyncHudText()
L 05/08/2016 - 23:25:21: [SM]   [2]  Line 2691, C:\ff2_ver2\steamapps\common\Team Fortress 2 Dedicated Server\tf\addons\sourcemod\scripting\freak_fortress_2.sp::BossInfoTimer_ShowInfo()
L 05/08/2016 - 23:25:21: [SM] Native "GetEntProp" reported: Entity 7 (7) is invalid
L 05/08/2016 - 23:25:21: [SM] Displaying call stack trace for plugin "freak_fortress_2.smx":
L 05/08/2016 - 23:25:21: [SM]   [0]  Line 558, C:\ff2_ver2\steamapps\common\Team Fortress 2 Dedicated Server\tf\addons\sourcemod\scripting\include\entity_prop_stocks.inc::GetClientButtons()
L 05/08/2016 - 23:25:21: [SM]   [1]  Line 574, C:\ff2_ver2\steamapps\common\Team Fortress 2 Dedicated Server\tf\addons\sourcemod\scripting\include\freak_fortress_2.inc::FF2_ShowSyncHudText()
L 05/08/2016 - 23:25:21: [SM]   [2]  Line 2691, C:\ff2_ver2\steamapps\common\Team Fortress 2 Dedicated Server\tf\addons\sourcemod\scripting\freak_fortress_2.sp::BossInfoTimer_ShowInfo()
L 05/08/2016 - 23:25:22: [SM] Native "GetEntProp" reported: Entity 7 (7) is invalid
L 05/08/2016 - 23:25:22: [SM] Displaying call stack trace for plugin "freak_fortress_2.smx":
L 05/08/2016 - 23:25:22: [SM]   [0]  Line 558, C:\ff2_ver2\steamapps\common\Team Fortress 2 Dedicated Server\tf\addons\sourcemod\scripting\include\entity_prop_stocks.inc::GetClientButtons()
L 05/08/2016 - 23:25:22: [SM]   [1]  Line 574, C:\ff2_ver2\steamapps\common\Team Fortress 2 Dedicated Server\tf\addons\sourcemod\scripting\include\freak_fortress_2.inc::FF2_ShowSyncHudText()
L 05/08/2016 - 23:25:22: [SM]   [2]  Line 2691, C:\ff2_ver2\steamapps\common\Team Fortress 2 Dedicated Server\tf\addons\sourcemod\scripting\freak_fortress_2.sp::BossInfoTimer_ShowInfo()
L 05/08/2016 - 23:25:22: [SM] Native "GetEntProp" reported: Entity 7 (7) is invalid
L 05/08/2016 - 23:25:22: [SM] Displaying call stack trace for plugin "freak_fortress_2.smx":
L 05/08/2016 - 23:25:22: [SM]   [0]  Line 558, C:\ff2_ver2\steamapps\common\Team Fortress 2 Dedicated Server\tf\addons\sourcemod\scripting\include\entity_prop_stocks.inc::GetClientButtons()
L 05/08/2016 - 23:25:22: [SM]   [1]  Line 574, C:\ff2_ver2\steamapps\common\Team Fortress 2 Dedicated Server\tf\addons\sourcemod\scripting\include\freak_fortress_2.inc::FF2_ShowSyncHudText()
L 05/08/2016 - 23:25:22: [SM]   [2]  Line 2691, C:\ff2_ver2\steamapps\common\Team Fortress 2 Dedicated Server\tf\addons\sourcemod\scripting\freak_fortress_2.sp::BossInfoTimer_ShowInfo()
L 05/08/2016 - 23:25:22: [SM] Native "GetEntProp" reported: Entity 7 (7) is invalid
L 05/08/2016 - 23:25:22: [SM] Displaying call stack trace for plugin "freak_fortress_2.smx":
L 05/08/2016 - 23:25:22: [SM]   [0]  Line 558, C:\ff2_ver2\steamapps\common\Team Fortress 2 Dedicated Server\tf\addons\sourcemod\scripting\include\entity_prop_stocks.inc::GetClientButtons()
L 05/08/2016 - 23:25:22: [SM]   [1]  Line 574, C:\ff2_ver2\steamapps\common\Team Fortress 2 Dedicated Server\tf\addons\sourcemod\scripting\include\freak_fortress_2.inc::FF2_ShowSyncHudText()
L 05/08/2016 - 23:25:22: [SM]   [2]  Line 2691, C:\ff2_ver2\steamapps\common\Team Fortress 2 Dedicated Server\tf\addons\sourcemod\scripting\freak_fortress_2.sp::BossInfoTimer_ShowInfo()
L 05/08/2016 - 23:25:22: [SM] Native "GetEntProp" reported: Entity 7 (7) is invalid
L 05/08/2016 - 23:25:22: [SM] Displaying call stack trace for plugin "freak_fortress_2.smx":
L 05/08/2016 - 23:25:22: [SM]   [0]  Line 558, C:\ff2_ver2\steamapps\common\Team Fortress 2 Dedicated Server\tf\addons\sourcemod\scripting\include\entity_prop_stocks.inc::GetClientButtons()
L 05/08/2016 - 23:25:22: [SM]   [1]  Line 574, C:\ff2_ver2\steamapps\common\Team Fortress 2 Dedicated Server\tf\addons\sourcemod\scripting\include\freak_fortress_2.inc::FF2_ShowSyncHudText()
L 05/08/2016 - 23:25:23: [SM]   [2]  Line 2691, C:\ff2_ver2\steamapps\common\Team Fortress 2 Dedicated Server\tf\addons\sourcemod\scripting\freak_fortress_2.sp::BossInfoTimer_ShowInfo()
L 05/08/2016 - 23:25:23: [SM] Native "GetEntProp" reported: Entity 7 (7) is invalid
L 05/08/2016 - 23:25:23: [SM] Displaying call stack trace for plugin "freak_fortress_2.smx":
L 05/08/2016 - 23:25:23: [SM]   [0]  Line 558, C:\ff2_ver2\steamapps\common\Team Fortress 2 Dedicated Server\tf\addons\sourcemod\scripting\include\entity_prop_stocks.inc::GetClientButtons()
L 05/08/2016 - 23:25:23: [SM]   [1]  Line 574, C:\ff2_ver2\steamapps\common\Team Fortress 2 Dedicated Server\tf\addons\sourcemod\scripting\include\freak_fortress_2.inc::FF2_ShowSyncHudText()
L 05/08/2016 - 23:25:23: [SM]   [2]  Line 2691, C:\ff2_ver2\steamapps\common\Team Fortress 2 Dedicated Server\tf\addons\sourcemod\scripting\freak_fortress_2.sp::BossInfoTimer_ShowInfo()
L 05/08/2016 - 23:25:23: [SM] Native "GetEntProp" reported: Entity 7 (7) is invalid
L 05/08/2016 - 23:25:23: [SM] Displaying call stack trace for plugin "freak_fortress_2.smx":
L 05/08/2016 - 23:25:23: [SM]   [0]  Line 558, C:\ff2_ver2\steamapps\common\Team Fortress 2 Dedicated Server\tf\addons\sourcemod\scripting\include\entity_prop_stocks.inc::GetClientButtons()
L 05/08/2016 - 23:25:23: [SM]   [1]  Line 574, C:\ff2_ver2\steamapps\common\Team Fortress 2 Dedicated Server\tf\addons\sourcemod\scripting\include\freak_fortress_2.inc::FF2_ShowSyncHudText()
L 05/08/2016 - 23:25:23: [SM]   [2]  Line 2691, C:\ff2_ver2\steamapps\common\Team Fortress 2 Dedicated Server\tf\addons\sourcemod\scripting\freak_fortress_2.sp::BossInfoTimer_ShowInfo()
L 05/08/2016 - 23:25:23: [SM] Native "GetEntProp" reported: Entity 7 (7) is invalid
L 05/08/2016 - 23:25:23: [SM] Displaying call stack trace for plugin "freak_fortress_2.smx":
L 05/08/2016 - 23:25:23: [SM]   [0]  Line 558, C:\ff2_ver2\steamapps\common\Team Fortress 2 Dedicated Server\tf\addons\sourcemod\scripting\include\entity_prop_stocks.inc::GetClientButtons()
L 05/08/2016 - 23:25:23: [SM]   [1]  Line 574, C:\ff2_ver2\steamapps\common\Team Fortress 2 Dedicated Server\tf\addons\sourcemod\scripting\include\freak_fortress_2.inc::FF2_ShowSyncHudText()
L 05/08/2016 - 23:25:23: [SM]   [2]  Line 2691, C:\ff2_ver2\steamapps\common\Team Fortress 2 Dedicated Server\tf\addons\sourcemod\scripting\freak_fortress_2.sp::BossInfoTimer_ShowInfo()
L 05/08/2016 - 23:25:23: [SM] Native "GetEntProp" reported: Entity 7 (7) is invalid
L 05/08/2016 - 23:25:23: [SM] Displaying call stack trace for plugin "freak_fortress_2.smx":
L 05/08/2016 - 23:25:23: [SM]   [0]  Line 558, C:\ff2_ver2\steamapps\common\Team Fortress 2 Dedicated Server\tf\addons\sourcemod\scripting\include\entity_prop_stocks.inc::GetClientButtons()
L 05/08/2016 - 23:25:23: [SM]   [1]  Line 574, C:\ff2_ver2\steamapps\common\Team Fortress 2 Dedicated Server\tf\addons\sourcemod\scripting\include\freak_fortress_2.inc::FF2_ShowSyncHudText()
L 05/08/2016 - 23:25:23: [SM]   [2]  Line 2691, C:\ff2_ver2\steamapps\common\Team Fortress 2 Dedicated Server\tf\addons\sourcemod\scripting\freak_fortress_2.sp::BossInfoTimer_ShowInfo()
L 05/08/2016 - 23:25:24: [SM] Native "GetEntProp" reported: Entity 7 (7) is invalid
L 05/08/2016 - 23:25:24: [SM] Displaying call stack trace for plugin "freak_fortress_2.smx":
L 05/08/2016 - 23:25:24: [SM]   [0]  Line 558, C:\ff2_ver2\steamapps\common\Team Fortress 2 Dedicated Server\tf\addons\sourcemod\scripting\include\entity_prop_stocks.inc::GetClientButtons()
L 05/08/2016 - 23:25:24: [SM]   [1]  Line 574, C:\ff2_ver2\steamapps\common\Team Fortress 2 Dedicated Server\tf\addons\sourcemod\scripting\include\freak_fortress_2.inc::FF2_ShowSyncHudText()
L 05/08/2016 - 23:25:24: [SM]   [2]  Line 2691, C:\ff2_ver2\steamapps\common\Team Fortress 2 Dedicated Server\tf\addons\sourcemod\scripting\freak_fortress_2.sp::BossInfoTimer_ShowInfo()
L 05/08/2016 - 23:25:24: [SM] Native "GetEntProp" reported: Entity 7 (7) is invalid
L 05/08/2016 - 23:25:24: [SM] Displaying call stack trace for plugin "freak_fortress_2.smx":
L 05/08/2016 - 23:25:24: [SM]   [0]  Line 558, C:\ff2_ver2\steamapps\common\Team Fortress 2 Dedicated Server\tf\addons\sourcemod\scripting\include\entity_prop_stocks.inc::GetClientButtons()
L 05/08/2016 - 23:25:24: [SM]   [1]  Line 574, C:\ff2_ver2\steamapps\common\Team Fortress 2 Dedicated Server\tf\addons\sourcemod\scripting\include\freak_fortress_2.inc::FF2_ShowSyncHudText()
L 05/08/2016 - 23:25:24: [SM]   [2]  Line 2691, C:\ff2_ver2\steamapps\common\Team Fortress 2 Dedicated Server\tf\addons\sourcemod\scripting\freak_fortress_2.sp::BossInfoTimer_ShowInfo()
L 05/08/2016 - 23:25:24: [SM] Native "GetEntProp" reported: Entity 7 (7) is invalid
L 05/08/2016 - 23:25:24: [SM] Displaying call stack trace for plugin "freak_fortress_2.smx":
L 05/08/2016 - 23:25:24: [SM]   [0]  Line 558, C:\ff2_ver2\steamapps\common\Team Fortress 2 Dedicated Server\tf\addons\sourcemod\scripting\include\entity_prop_stocks.inc::GetClientButtons()
L 05/08/2016 - 23:25:24: [SM]   [1]  Line 574, C:\ff2_ver2\steamapps\common\Team Fortress 2 Dedicated Server\tf\addons\sourcemod\scripting\include\freak_fortress_2.inc::FF2_ShowSyncHudText()
L 05/08/2016 - 23:25:24: [SM]   [2]  Line 2691, C:\ff2_ver2\steamapps\common\Team Fortress 2 Dedicated Server\tf\addons\sourcemod\scripting\freak_fortress_2.sp::BossInfoTimer_ShowInfo()
L 05/08/2016 - 23:25:24: [SM] Native "GetEntProp" reported: Entity 7 (7) is invalid
L 05/08/2016 - 23:25:24: [SM] Displaying call stack trace for plugin "freak_fortress_2.smx":
L 05/08/2016 - 23:25:24: [SM]   [0]  Line 558, C:\ff2_ver2\steamapps\common\Team Fortress 2 Dedicated Server\tf\addons\sourcemod\scripting\include\entity_prop_stocks.inc::GetClientButtons()
L 05/08/2016 - 23:25:24: [SM]   [1]  Line 574, C:\ff2_ver2\steamapps\common\Team Fortress 2 Dedicated Server\tf\addons\sourcemod\scripting\include\freak_fortress_2.inc::FF2_ShowSyncHudText()
L 05/08/2016 - 23:25:24: [SM]   [2]  Line 2691, C:\ff2_ver2\steamapps\common\Team Fortress 2 Dedicated Server\tf\addons\sourcemod\scripting\freak_fortress_2.sp::BossInfoTimer_ShowInfo()
L 05/08/2016 - 23:25:25: [SM] Native "GetEntProp" reported: Entity 7 (7) is invalid
L 05/08/2016 - 23:25:25: [SM] Displaying call stack trace for plugin "freak_fortress_2.smx":
L 05/08/2016 - 23:25:25: [SM]   [0]  Line 558, C:\ff2_ver2\steamapps\common\Team Fortress 2 Dedicated Server\tf\addons\sourcemod\scripting\include\entity_prop_stocks.inc::GetClientButtons()
L 05/08/2016 - 23:25:25: [SM]   [1]  Line 574, C:\ff2_ver2\steamapps\common\Team Fortress 2 Dedicated Server\tf\addons\sourcemod\scripting\include\freak_fortress_2.inc::FF2_ShowSyncHudText()
L 05/08/2016 - 23:25:25: [SM]   [2]  Line 2691, C:\ff2_ver2\steamapps\common\Team Fortress 2 Dedicated Server\tf\addons\sourcemod\scripting\freak_fortress_2.sp::BossInfoTimer_ShowInfo()
L 05/08/2016 - 23:25:25: [SM] Native "GetEntProp" reported: Entity 7 (7) is invalid
L 05/08/2016 - 23:25:25: [SM] Displaying call stack trace for plugin "freak_fortress_2.smx":
L 05/08/2016 - 23:25:25: [SM]   [0]  Line 558, C:\ff2_ver2\steamapps\common\Team Fortress 2 Dedicated Server\tf\addons\sourcemod\scripting\include\entity_prop_stocks.inc::GetClientButtons()
L 05/08/2016 - 23:25:25: [SM]   [1]  Line 574, C:\ff2_ver2\steamapps\common\Team Fortress 2 Dedicated Server\tf\addons\sourcemod\scripting\include\freak_fortress_2.inc::FF2_ShowSyncHudText()
L 05/08/2016 - 23:25:25: [SM]   [2]  Line 2691, C:\ff2_ver2\steamapps\common\Team Fortress 2 Dedicated Server\tf\addons\sourcemod\scripting\freak_fortress_2.sp::BossInfoTimer_ShowInfo()
L 05/08/2016 - 23:25:25: [SM] Native "GetEntProp" reported: Entity 7 (7) is invalid
L 05/08/2016 - 23:25:25: [SM] Displaying call stack trace for plugin "freak_fortress_2.smx":
L 05/08/2016 - 23:25:25: [SM]   [0]  Line 558, C:\ff2_ver2\steamapps\common\Team Fortress 2 Dedicated Server\tf\addons\sourcemod\scripting\include\entity_prop_stocks.inc::GetClientButtons()
L 05/08/2016 - 23:25:25: [SM]   [1]  Line 574, C:\ff2_ver2\steamapps\common\Team Fortress 2 Dedicated Server\tf\addons\sourcemod\scripting\include\freak_fortress_2.inc::FF2_ShowSyncHudText()
L 05/08/2016 - 23:25:25: [SM]   [2]  Line 2691, C:\ff2_ver2\steamapps\common\Team Fortress 2 Dedicated Server\tf\addons\sourcemod\scripting\freak_fortress_2.sp::BossInfoTimer_ShowInfo()
L 05/08/2016 - 23:25:26: [SM] Native "GetEntProp" reported: Entity 7 (7) is invalid
L 05/08/2016 - 23:25:26: [SM] Displaying call stack trace for plugin "freak_fortress_2.smx":
L 05/08/2016 - 23:25:26: [SM]   [0]  Line 558, C:\ff2_ver2\steamapps\common\Team Fortress 2 Dedicated Server\tf\addons\sourcemod\scripting\include\entity_prop_stocks.inc::GetClientButtons()
L 05/08/2016 - 23:25:26: [SM]   [1]  Line 574, C:\ff2_ver2\steamapps\common\Team Fortress 2 Dedicated Server\tf\addons\sourcemod\scripting\include\freak_fortress_2.inc::FF2_ShowSyncHudText()
L 05/08/2016 - 23:25:26: [SM]   [2]  Line 2691, C:\ff2_ver2\steamapps\common\Team Fortress 2 Dedicated Server\tf\addons\sourcemod\scripting\freak_fortress_2.sp::BossInfoTimer_ShowInfo()
L 05/08/2016 - 23:25:26: [SM] Native "GetEntProp" reported: Entity 7 (7) is invalid
L 05/08/2016 - 23:25:26: [SM] Displaying call stack trace for plugin "freak_fortress_2.smx":
L 05/08/2016 - 23:25:26: [SM]   [0]  Line 558, C:\ff2_ver2\steamapps\common\Team Fortress 2 Dedicated Server\tf\addons\sourcemod\scripting\include\entity_prop_stocks.inc::GetClientButtons()
L 05/08/2016 - 23:25:26: [SM]   [1]  Line 574, C:\ff2_ver2\steamapps\common\Team Fortress 2 Dedicated Server\tf\addons\sourcemod\scripting\include\freak_fortress_2.inc::FF2_ShowSyncHudText()
L 05/08/2016 - 23:25:26: [SM]   [2]  Line 2691, C:\ff2_ver2\steamapps\common\Team Fortress 2 Dedicated Server\tf\addons\sourcemod\scripting\freak_fortress_2.sp::BossInfoTimer_ShowInfo()
L 05/08/2016 - 23:25:26: [SM] Native "GetEntProp" reported: Entity 7 (7) is invalid
L 05/08/2016 - 23:25:26: [SM] Displaying call stack trace for plugin "freak_fortress_2.smx":
L 05/08/2016 - 23:25:26: [SM]   [0]  Line 558, C:\ff2_ver2\steamapps\common\Team Fortress 2 Dedicated Server\tf\addons\sourcemod\scripting\include\entity_prop_stocks.inc::GetClientButtons()
L 05/08/2016 - 23:25:26: [SM]   [1]  Line 574, C:\ff2_ver2\steamapps\common\Team Fortress 2 Dedicated Server\tf\addons\sourcemod\scripting\include\freak_fortress_2.inc::FF2_ShowSyncHudText()
L 05/08/2016 - 23:25:26: [SM]   [2]  Line 2691, C:\ff2_ver2\steamapps\common\Team Fortress 2 Dedicated Server\tf\addons\sourcemod\scripting\freak_fortress_2.sp::BossInfoTimer_ShowInfo()
L 05/08/2016 - 23:25:26: [SM] Native "GetEntProp" reported: Entity 7 (7) is invalid
L 05/08/2016 - 23:25:26: [SM] Displaying call stack trace for plugin "freak_fortress_2.smx":
L 05/08/2016 - 23:25:26: [SM]   [0]  Line 558, C:\ff2_ver2\steamapps\common\Team Fortress 2 Dedicated Server\tf\addons\sourcemod\scripting\include\entity_prop_stocks.inc::GetClientButtons()
L 05/08/2016 - 23:25:26: [SM]   [1]  Line 574, C:\ff2_ver2\steamapps\common\Team Fortress 2 Dedicated Server\tf\addons\sourcemod\scripting\include\freak_fortress_2.inc::FF2_ShowSyncHudText()
L 05/08/2016 - 23:25:26: [SM]   [2]  Line 2691, C:\ff2_ver2\steamapps\common\Team Fortress 2 Dedicated Server\tf\addons\sourcemod\scripting\freak_fortress_2.sp::BossInfoTimer_ShowInfo()
L 05/08/2016 - 23:25:26: [SM] Native "GetEntProp" reported: Entity 7 (7) is invalid
L 05/08/2016 - 23:25:26: [SM] Displaying call stack trace for plugin "freak_fortress_2.smx":
L 05/08/2016 - 23:25:27: [SM]   [0]  Line 558, C:\ff2_ver2\steamapps\common\Team Fortress 2 Dedicated Server\tf\addons\sourcemod\scripting\include\entity_prop_stocks.inc::GetClientButtons()
L 05/08/2016 - 23:25:27: [SM]   [1]  Line 574, C:\ff2_ver2\steamapps\common\Team Fortress 2 Dedicated Server\tf\addons\sourcemod\scripting\include\freak_fortress_2.inc::FF2_ShowSyncHudText()
L 05/08/2016 - 23:25:27: [SM]   [2]  Line 2691, C:\ff2_ver2\steamapps\common\Team Fortress 2 Dedicated Server\tf\addons\sourcemod\scripting\freak_fortress_2.sp::BossInfoTimer_ShowInfo()
L 05/08/2016 - 23:25:27: [SM] Native "GetEntProp" reported: Entity 7 (7) is invalid
L 05/08/2016 - 23:25:27: [SM] Displaying call stack trace for plugin "freak_fortress_2.smx":
L 05/08/2016 - 23:25:27: [SM]   [0]  Line 558, C:\ff2_ver2\steamapps\common\Team Fortress 2 Dedicated Server\tf\addons\sourcemod\scripting\include\entity_prop_stocks.inc::GetClientButtons()
L 05/08/2016 - 23:25:27: [SM]   [1]  Line 574, C:\ff2_ver2\steamapps\common\Team Fortress 2 Dedicated Server\tf\addons\sourcemod\scripting\include\freak_fortress_2.inc::FF2_ShowSyncHudText()
L 05/08/2016 - 23:25:27: [SM]   [2]  Line 2691, C:\ff2_ver2\steamapps\common\Team Fortress 2 Dedicated Server\tf\addons\sourcemod\scripting\freak_fortress_2.sp::BossInfoTimer_ShowInfo()
L 05/08/2016 - 23:25:27: [SM] Native "GetEntProp" reported: Entity 7 (7) is invalid
L 05/08/2016 - 23:25:27: [SM] Displaying call stack trace for plugin "freak_fortress_2.smx":
L 05/08/2016 - 23:25:27: [SM]   [0]  Line 558, C:\ff2_ver2\steamapps\common\Team Fortress 2 Dedicated Server\tf\addons\sourcemod\scripting\include\entity_prop_stocks.inc::GetClientButtons()
L 05/08/2016 - 23:25:27: [SM]   [1]  Line 574, C:\ff2_ver2\steamapps\common\Team Fortress 2 Dedicated Server\tf\addons\sourcemod\scripting\include\freak_fortress_2.inc::FF2_ShowSyncHudText()
L 05/08/2016 - 23:25:27: [SM]   [2]  Line 2691, C:\ff2_ver2\steamapps\common\Team Fortress 2 Dedicated Server\tf\addons\sourcemod\scripting\freak_fortress_2.sp::BossInfoTimer_ShowInfo()
L 05/08/2016 - 23:25:27: [SM] Native "GetEntProp" reported: Entity 7 (7) is invalid
L 05/08/2016 - 23:25:27: [SM] Displaying call stack trace for plugin "freak_fortress_2.smx":
L 05/08/2016 - 23:25:27: [SM]   [0]  Line 558, C:\ff2_ver2\steamapps\common\Team Fortress 2 Dedicated Server\tf\addons\sourcemod\scripting\include\entity_prop_stocks.inc::GetClientButtons()
L 05/08/2016 - 23:25:27: [SM]   [1]  Line 574, C:\ff2_ver2\steamapps\common\Team Fortress 2 Dedicated Server\tf\addons\sourcemod\scripting\include\freak_fortress_2.inc::FF2_ShowSyncHudText()
L 05/08/2016 - 23:25:27: [SM]   [2]  Line 2691, C:\ff2_ver2\steamapps\common\Team Fortress 2 Dedicated Server\tf\addons\sourcemod\scripting\freak_fortress_2.sp::BossInfoTimer_ShowInfo()
L 05/08/2016 - 23:25:27: [SM] Native "GetEntProp" reported: Entity 7 (7) is invalid
L 05/08/2016 - 23:25:28: [SM] Displaying call stack trace for plugin "freak_fortress_2.smx":
L 05/08/2016 - 23:25:28: [SM]   [0]  Line 558, C:\ff2_ver2\steamapps\common\Team Fortress 2 Dedicated Server\tf\addons\sourcemod\scripting\include\entity_prop_stocks.inc::GetClientButtons()
L 05/08/2016 - 23:25:28: [SM]   [1]  Line 574, C:\ff2_ver2\steamapps\common\Team Fortress 2 Dedicated Server\tf\addons\sourcemod\scripting\include\freak_fortress_2.inc::FF2_ShowSyncHudText()
L 05/08/2016 - 23:25:28: [SM]   [2]  Line 2691, C:\ff2_ver2\steamapps\common\Team Fortress 2 Dedicated Server\tf\addons\sourcemod\scripting\freak_fortress_2.sp::BossInfoTimer_ShowInfo()
L 05/08/2016 - 23:25:28: [SM] Native "GetEntProp" reported: Entity 7 (7) is invalid
L 05/08/2016 - 23:25:28: [SM] Displaying call stack trace for plugin "freak_fortress_2.smx":
L 05/08/2016 - 23:25:28: [SM]   [0]  Line 558, C:\ff2_ver2\steamapps\common\Team Fortress 2 Dedicated Server\tf\addons\sourcemod\scripting\include\entity_prop_stocks.inc::GetClientButtons()
L 05/08/2016 - 23:25:28: [SM]   [1]  Line 574, C:\ff2_ver2\steamapps\common\Team Fortress 2 Dedicated Server\tf\addons\sourcemod\scripting\include\freak_fortress_2.inc::FF2_ShowSyncHudText()
L 05/08/2016 - 23:25:28: [SM]   [2]  Line 2691, C:\ff2_ver2\steamapps\common\Team Fortress 2 Dedicated Server\tf\addons\sourcemod\scripting\freak_fortress_2.sp::BossInfoTimer_ShowInfo()
L 05/08/2016 - 23:25:28: [SM] Native "GetEntProp" reported: Entity 7 (7) is invalid
L 05/08/2016 - 23:25:28: [SM] Displaying call stack trace for plugin "freak_fortress_2.smx":
L 05/08/2016 - 23:25:28: [SM]   [0]  Line 558, C:\ff2_ver2\steamapps\common\Team Fortress 2 Dedicated Server\tf\addons\sourcemod\scripting\include\entity_prop_stocks.inc::GetClientButtons()
L 05/08/2016 - 23:25:28: [SM]   [1]  Line 574, C:\ff2_ver2\steamapps\common\Team Fortress 2 Dedicated Server\tf\addons\sourcemod\scripting\include\freak_fortress_2.inc::FF2_ShowSyncHudText()
L 05/08/2016 - 23:25:28: [SM]   [2]  Line 2691, C:\ff2_ver2\steamapps\common\Team Fortress 2 Dedicated Server\tf\addons\sourcemod\scripting\freak_fortress_2.sp::BossInfoTimer_ShowInfo()
L 05/08/2016 - 23:25:28: [SM] Native "GetEntProp" reported: Entity 7 (7) is invalid
L 05/08/2016 - 23:25:28: [SM] Displaying call stack trace for plugin "freak_fortress_2.smx":
L 05/08/2016 - 23:25:28: [SM]   [0]  Line 558, C:\ff2_ver2\steamapps\common\Team Fortress 2 Dedicated Server\tf\addons\sourcemod\scripting\include\entity_prop_stocks.inc::GetClientButtons()
L 05/08/2016 - 23:25:28: [SM]   [1]  Line 574, C:\ff2_ver2\steamapps\common\Team Fortress 2 Dedicated Server\tf\addons\sourcemod\scripting\include\freak_fortress_2.inc::FF2_ShowSyncHudText()
L 05/08/2016 - 23:25:28: [SM]   [2]  Line 2691, C:\ff2_ver2\steamapps\common\Team Fortress 2 Dedicated Server\tf\addons\sourcemod\scripting\freak_fortress_2.sp::BossInfoTimer_ShowInfo()
L 05/08/2016 - 23:25:29: [SM] Native "GetEntProp" reported: Entity 7 (7) is invalid
L 05/08/2016 - 23:25:29: [SM] Displaying call stack trace for plugin "freak_fortress_2.smx":
L 05/08/2016 - 23:25:29: [SM]   [0]  Line 558, C:\ff2_ver2\steamapps\common\Team Fortress 2 Dedicated Server\tf\addons\sourcemod\scripting\include\entity_prop_stocks.inc::GetClientButtons()
L 05/08/2016 - 23:25:29: [SM]   [1]  Line 574, C:\ff2_ver2\steamapps\common\Team Fortress 2 Dedicated Server\tf\addons\sourcemod\scripting\include\freak_fortress_2.inc::FF2_ShowSyncHudText()
L 05/08/2016 - 23:25:29: [SM]   [2]  Line 2691, C:\ff2_ver2\steamapps\common\Team Fortress 2 Dedicated Server\tf\addons\sourcemod\scripting\freak_fortress_2.sp::BossInfoTimer_ShowInfo()
L 05/08/2016 - 23:25:29: [SM] Native "GetEntProp" reported: Entity 7 (7) is invalid
L 05/08/2016 - 23:25:29: [SM] Displaying call stack trace for plugin "freak_fortress_2.smx":
L 05/08/2016 - 23:25:29: [SM]   [0]  Line 558, C:\ff2_ver2\steamapps\common\Team Fortress 2 Dedicated Server\tf\addons\sourcemod\scripting\include\entity_prop_stocks.inc::GetClientButtons()
L 05/08/2016 - 23:25:29: [SM]   [1]  Line 574, C:\ff2_ver2\steamapps\common\Team Fortress 2 Dedicated Server\tf\addons\sourcemod\scripting\include\freak_fortress_2.inc::FF2_ShowSyncHudText()
L 05/08/2016 - 23:25:29: [SM]   [2]  Line 2691, C:\ff2_ver2\steamapps\common\Team Fortress 2 Dedicated Server\tf\addons\sourcemod\scripting\freak_fortress_2.sp::BossInfoTimer_ShowInfo()
L 05/08/2016 - 23:25:29: [SM] Native "GetEntProp" reported: Entity 7 (7) is invalid
L 05/08/2016 - 23:25:29: [SM] Displaying call stack trace for plugin "freak_fortress_2.smx":
L 05/08/2016 - 23:25:29: [SM]   [0]  Line 558, C:\ff2_ver2\steamapps\common\Team Fortress 2 Dedicated Server\tf\addons\sourcemod\scripting\include\entity_prop_stocks.inc::GetClientButtons()
L 05/08/2016 - 23:25:29: [SM]   [1]  Line 574, C:\ff2_ver2\steamapps\common\Team Fortress 2 Dedicated Server\tf\addons\sourcemod\scripting\include\freak_fortress_2.inc::FF2_ShowSyncHudText()
L 05/08/2016 - 23:25:29: [SM]   [2]  Line 2691, C:\ff2_ver2\steamapps\common\Team Fortress 2 Dedicated Server\tf\addons\sourcemod\scripting\freak_fortress_2.sp::BossInfoTimer_ShowInfo()
L 05/08/2016 - 23:25:29: [SM] Native "GetEntProp" reported: Entity 7 (7) is invalid
L 05/08/2016 - 23:25:29: [SM] Displaying call stack trace for plugin "freak_fortress_2.smx":
L 05/08/2016 - 23:25:29: [SM]   [0]  Line 558, C:\ff2_ver2\steamapps\common\Team Fortress 2 Dedicated Server\tf\addons\sourcemod\scripting\include\entity_prop_stocks.inc::GetClientButtons()
L 05/08/2016 - 23:25:29: [SM]   [1]  Line 574, C:\ff2_ver2\steamapps\common\Team Fortress 2 Dedicated Server\tf\addons\sourcemod\scripting\include\freak_fortress_2.inc::FF2_ShowSyncHudText()
L 05/08/2016 - 23:25:29: [SM]   [2]  Line 2691, C:\ff2_ver2\steamapps\common\Team Fortress 2 Dedicated Server\tf\addons\sourcemod\scripting\freak_fortress_2.sp::BossInfoTimer_ShowInfo()
L 05/08/2016 - 23:25:30: [SM] Native "GetEntProp" reported: Entity 7 (7) is invalid
L 05/08/2016 - 23:25:30: [SM] Displaying call stack trace for plugin "freak_fortress_2.smx":
L 05/08/2016 - 23:25:30: [SM]   [0]  Line 558, C:\ff2_ver2\steamapps\common\Team Fortress 2 Dedicated Server\tf\addons\sourcemod\scripting\include\entity_prop_stocks.inc::GetClientButtons()
L 05/08/2016 - 23:25:30: [SM]   [1]  Line 574, C:\ff2_ver2\steamapps\common\Team Fortress 2 Dedicated Server\tf\addons\sourcemod\scripting\include\freak_fortress_2.inc::FF2_ShowSyncHudText()
L 05/08/2016 - 23:25:30: [SM]   [2]  Line 2691, C:\ff2_ver2\steamapps\common\Team Fortress 2 Dedicated Server\tf\addons\sourcemod\scripting\freak_fortress_2.sp::BossInfoTimer_ShowInfo()
L 05/08/2016 - 23:25:30: [SM] Native "GetEntProp" reported: Entity 7 (7) is invalid
L 05/08/2016 - 23:25:30: [SM] Displaying call stack trace for plugin "freak_fortress_2.smx":
L 05/08/2016 - 23:25:30: [SM]   [0]  Line 558, C:\ff2_ver2\steamapps\common\Team Fortress 2 Dedicated Server\tf\addons\sourcemod\scripting\include\entity_prop_stocks.inc::GetClientButtons()
L 05/08/2016 - 23:25:30: [SM]   [1]  Line 574, C:\ff2_ver2\steamapps\common\Team Fortress 2 Dedicated Server\tf\addons\sourcemod\scripting\include\freak_fortress_2.inc::FF2_ShowSyncHudText()
L 05/08/2016 - 23:25:30: [SM]   [2]  Line 2691, C:\ff2_ver2\steamapps\common\Team Fortress 2 Dedicated Server\tf\addons\sourcemod\scripting\freak_fortress_2.sp::BossInfoTimer_ShowInfo()
L 05/08/2016 - 23:25:30: [SM] Native "GetEntProp" reported: Entity 7 (7) is invalid
L 05/08/2016 - 23:25:30: [SM] Displaying call stack trace for plugin "freak_fortress_2.smx":
L 05/08/2016 - 23:25:30: [SM]   [0]  Line 558, C:\ff2_ver2\steamapps\common\Team Fortress 2 Dedicated Server\tf\addons\sourcemod\scripting\include\entity_prop_stocks.inc::GetClientButtons()
L 05/08/2016 - 23:25:30: [SM]   [1]  Line 574, C:\ff2_ver2\steamapps\common\Team Fortress 2 Dedicated Server\tf\addons\sourcemod\scripting\include\freak_fortress_2.inc::FF2_ShowSyncHudText()
L 05/08/2016 - 23:25:30: [SM]   [2]  Line 2691, C:\ff2_ver2\steamapps\common\Team Fortress 2 Dedicated Server\tf\addons\sourcemod\scripting\freak_fortress_2.sp::BossInfoTimer_ShowInfo()
L 05/08/2016 - 23:25:30: [SM] Native "GetEntProp" reported: Entity 7 (7) is invalid
L 05/08/2016 - 23:25:30: [SM] Displaying call stack trace for plugin "freak_fortress_2.smx":
L 05/08/2016 - 23:25:30: [SM]   [0]  Line 558, C:\ff2_ver2\steamapps\common\Team Fortress 2 Dedicated Server\tf\addons\sourcemod\scripting\include\entity_prop_stocks.inc::GetClientButtons()
L 05/08/2016 - 23:25:30: [SM]   [1]  Line 574, C:\ff2_ver2\steamapps\common\Team Fortress 2 Dedicated Server\tf\addons\sourcemod\scripting\include\freak_fortress_2.inc::FF2_ShowSyncHudText()
L 05/08/2016 - 23:25:30: [SM]   [2]  Line 2691, C:\ff2_ver2\steamapps\common\Team Fortress 2 Dedicated Server\tf\addons\sourcemod\scripting\freak_fortress_2.sp::BossInfoTimer_ShowInfo()
L 05/08/2016 - 23:25:31: [SM] Native "GetEntProp" reported: Entity 7 (7) is invalid
L 05/08/2016 - 23:25:31: [SM] Displaying call stack trace for plugin "freak_fortress_2.smx":
L 05/08/2016 - 23:25:31: [SM]   [0]  Line 558, C:\ff2_ver2\steamapps\common\Team Fortress 2 Dedicated Server\tf\addons\sourcemod\scripting\include\entity_prop_stocks.inc::GetClientButtons()
L 05/08/2016 - 23:25:31: [SM]   [1]  Line 574, C:\ff2_ver2\steamapps\common\Team Fortress 2 Dedicated Server\tf\addons\sourcemod\scripting\include\freak_fortress_2.inc::FF2_ShowSyncHudText()
L 05/08/2016 - 23:25:31: [SM]   [2]  Line 2691, C:\ff2_ver2\steamapps\common\Team Fortress 2 Dedicated Server\tf\addons\sourcemod\scripting\freak_fortress_2.sp::BossInfoTimer_ShowInfo()
L 05/08/2016 - 23:26:56: [SM] Native "KillTimer" reported: Invalid timer handle 16f80159 (error 1)
L 05/08/2016 - 23:26:56: [SM] Displaying call stack trace for plugin "freak_fortress_2.smx":
L 05/08/2016 - 23:26:56: [SM]   [0]  Line 3230, C:\ff2_ver2\steamapps\common\Team Fortress 2 Dedicated Server\tf\addons\sourcemod\scripting\freak_fortress_2.sp::StopMusic()
L 05/08/2016 - 23:26:56: [SM]   [1]  Line 2767, C:\ff2_ver2\steamapps\common\Team Fortress 2 Dedicated Server\tf\addons\sourcemod\scripting\freak_fortress_2.sp::OnRoundEnd()
L 05/08/2016 - 23:28:57: [SM] Native "KillTimer" reported: Invalid timer handle 16f80159 (error 1)
L 05/08/2016 - 23:28:57: [SM] Displaying call stack trace for plugin "freak_fortress_2.smx":
L 05/08/2016 - 23:28:57: [SM]   [0]  Line 3230, C:\ff2_ver2\steamapps\common\Team Fortress 2 Dedicated Server\tf\addons\sourcemod\scripting\freak_fortress_2.sp::StopMusic()
L 05/08/2016 - 23:28:57: [SM]   [1]  Line 2767, C:\ff2_ver2\steamapps\common\Team Fortress 2 Dedicated Server\tf\addons\sourcemod\scripting\freak_fortress_2.sp::OnRoundEnd()
L 05/08/2016 - 23:30:38: [SM] Native "KillTimer" reported: Invalid timer handle 16f80159 (error 3)
L 05/08/2016 - 23:30:38: [SM] Displaying call stack trace for plugin "freak_fortress_2.smx":
L 05/08/2016 - 23:30:38: [SM]   [0]  Line 1734, C:\ff2_ver2\steamapps\common\Team Fortress 2 Dedicated Server\tf\addons\sourcemod\scripting\freak_fortress_2.sp::DisableFF2()
L 05/08/2016 - 23:30:38: [SM]   [1]  Line 1614, C:\ff2_ver2\steamapps\common\Team Fortress 2 Dedicated Server\tf\addons\sourcemod\scripting\freak_fortress_2.sp::OnMapEnd()
L 05/08/2016 - 23:30:38: Error log file session closed.
