L 05/04/2016 - 21:41:07: SourceMod error session started
L 05/04/2016 - 21:41:07: Info (map "vsh_apg_v2") (file "errors_20160504.log")
L 05/04/2016 - 21:41:07: [SM] Warning(s) encountered in translation file "freak_fortress_2.phrases.txt"
L 05/04/2016 - 21:41:07: [SM] Invalid token ' ' in #format property on line 71.
L 05/04/2016 - 21:41:07: [SM] Invalid token ' ' in #format property on line 230.
L 05/04/2016 - 21:41:07: [SM] Invalid token '[' in #format property on line 230.
L 05/04/2016 - 21:41:07: [SM] Invalid token '3' in #format property on line 230.
L 05/04/2016 - 21:41:07: [SM] Invalid token ':' in #format property on line 230.
L 05/04/2016 - 21:41:07: [SM] Invalid token ']' in #format property on line 230.
L 05/04/2016 - 21:41:07: [SM] Invalid token ' ' in #format property on line 235.
L 05/04/2016 - 21:41:07: [SM] Invalid token ' ' in #format property on line 424.
L 05/04/2016 - 21:41:07: [SM] Invalid token ' ' in #format property on line 429.
L 05/04/2016 - 21:41:07: [SM] Invalid token ' ' in #format property on line 429.
L 05/04/2016 - 21:41:07: [SM] Invalid token ' ' in #format property on line 438.
L 05/04/2016 - 21:41:07: [SM] Invalid token ' ' in #format property on line 438.
L 05/04/2016 - 21:41:07: [SM] Invalid token ' ' in #format property on line 438.
L 05/04/2016 - 21:59:00: SourceMod error session started
L 05/04/2016 - 21:59:00: Info (map "vsh_apg_v2") (file "errors_20160504.log")
L 05/04/2016 - 21:59:00: [SM] Warning(s) encountered in translation file "freak_fortress_2.phrases.txt"
L 05/04/2016 - 21:59:00: [SM] Invalid token ' ' in #format property on line 71.
L 05/04/2016 - 21:59:00: [SM] Invalid token ' ' in #format property on line 230.
L 05/04/2016 - 21:59:00: [SM] Invalid token '[' in #format property on line 230.
L 05/04/2016 - 21:59:00: [SM] Invalid token '3' in #format property on line 230.
L 05/04/2016 - 21:59:00: [SM] Invalid token ':' in #format property on line 230.
L 05/04/2016 - 21:59:00: [SM] Invalid token ']' in #format property on line 230.
L 05/04/2016 - 21:59:00: [SM] Invalid token ' ' in #format property on line 235.
L 05/04/2016 - 21:59:00: [SM] Invalid token ' ' in #format property on line 424.
L 05/04/2016 - 21:59:00: [SM] Invalid token ' ' in #format property on line 429.
L 05/04/2016 - 21:59:00: [SM] Invalid token ' ' in #format property on line 429.
L 05/04/2016 - 21:59:00: [SM] Invalid token ' ' in #format property on line 438.
L 05/04/2016 - 21:59:00: [SM] Invalid token ' ' in #format property on line 438.
L 05/04/2016 - 21:59:00: [SM] Invalid token ' ' in #format property on line 438.
L 05/04/2016 - 22:35:16: Error log file session closed.
