L 05/27/2016 - 21:28:46: SourceMod error session started
L 05/27/2016 - 21:28:46: Info (map "vsh_apg_v2") (file "errors_20160527.log")
L 05/27/2016 - 21:28:46: [SM] Warning(s) encountered in translation file "freak_fortress_2.phrases.txt"
L 05/27/2016 - 21:28:46: [SM] Invalid token ' ' in #format property on line 71.
L 05/27/2016 - 21:28:46: [SM] Invalid token ' ' in #format property on line 424.
L 05/27/2016 - 21:28:46: [SM] Invalid token ' ' in #format property on line 429.
L 05/27/2016 - 21:28:46: [SM] Invalid token ' ' in #format property on line 429.
L 05/27/2016 - 21:28:46: [SM] Invalid token ' ' in #format property on line 438.
L 05/27/2016 - 21:28:46: [SM] Invalid token ' ' in #format property on line 438.
L 05/27/2016 - 21:28:46: [SM] Invalid token ' ' in #format property on line 438.
L 05/27/2016 - 21:28:47: [SM] Unable to load plugin "rockthevote.smx": Could not find required plugin "mapchooser"
L 05/27/2016 - 21:29:02: [nextmap.smx] FATAL: Cannot load map cycle. Nextmap not loaded.
L 05/27/2016 - 21:29:02: [SM] Plugin encountered error 25: Call was aborted
L 05/27/2016 - 21:29:02: [SM] Native "SetFailState" reported: Mapcycle Not Found
L 05/27/2016 - 21:29:02: [SM] Displaying call stack trace for plugin "nextmap.smx":
L 05/27/2016 - 21:29:02: [SM]   [0]  Line 139, D:\builds\build-sourcemod-msvc12\windows-1.7\build\plugins\nextmap.sp::FindAndSetNextMap()
L 05/27/2016 - 21:29:02: [SM]   [1]  Line 109, D:\builds\build-sourcemod-msvc12\windows-1.7\build\plugins\nextmap.sp::OnConfigsExecuted()
L 05/27/2016 - 21:52:22: [SM] Plugin encountered error 4: Invalid parameter or parameter type
L 05/27/2016 - 21:52:22: [SM] Native "Format" reported: Language phrase "" not found
L 05/27/2016 - 21:52:22: [SM] Displaying call stack trace for plugin "freak_fortress_2.smx":
L 05/27/2016 - 21:52:22: [SM]   [0]  Line 3606, C:\ff2_ver2\steamapps\common\Team Fortress 2 Dedicated Server\tf\addons\sourcemod\scripting\freak_fortress_2.sp::MessageTimer()
L 05/27/2016 - 22:09:55: Error log file session closed.
L 05/27/2016 - 22:09:56: SourceMod error session started
L 05/27/2016 - 22:09:56: Info (map "vsh_rooftop_b2") (file "errors_20160527.log")
L 05/27/2016 - 22:09:56: [SM] Warning(s) encountered in translation file "freak_fortress_2.phrases.txt"
L 05/27/2016 - 22:09:56: [SM] Invalid token ' ' in #format property on line 71.
L 05/27/2016 - 22:09:56: [SM] Invalid token ' ' in #format property on line 424.
L 05/27/2016 - 22:09:56: [SM] Invalid token ' ' in #format property on line 429.
L 05/27/2016 - 22:09:56: [SM] Invalid token ' ' in #format property on line 429.
L 05/27/2016 - 22:09:56: [SM] Invalid token ' ' in #format property on line 438.
L 05/27/2016 - 22:09:56: [SM] Invalid token ' ' in #format property on line 438.
L 05/27/2016 - 22:09:56: [SM] Invalid token ' ' in #format property on line 438.
L 05/27/2016 - 22:09:57: [SM] Unable to load plugin "rockthevote.smx": Could not find required plugin "mapchooser"
L 05/27/2016 - 22:10:04: [nextmap.smx] FATAL: Cannot load map cycle. Nextmap not loaded.
L 05/27/2016 - 22:10:04: [SM] Plugin encountered error 25: Call was aborted
L 05/27/2016 - 22:10:04: [SM] Native "SetFailState" reported: Mapcycle Not Found
L 05/27/2016 - 22:10:04: [SM] Displaying call stack trace for plugin "nextmap.smx":
L 05/27/2016 - 22:10:04: [SM]   [0]  Line 139, D:\builds\build-sourcemod-msvc12\windows-1.7\build\plugins\nextmap.sp::FindAndSetNextMap()
L 05/27/2016 - 22:10:04: [SM]   [1]  Line 109, D:\builds\build-sourcemod-msvc12\windows-1.7\build\plugins\nextmap.sp::OnConfigsExecuted()
L 05/27/2016 - 22:22:28: [SM] Plugin encountered error 4: Invalid parameter or parameter type
L 05/27/2016 - 22:22:28: [SM] Native "Format" reported: Language phrase "" not found
L 05/27/2016 - 22:22:28: [SM] Displaying call stack trace for plugin "freak_fortress_2.smx":
L 05/27/2016 - 22:22:28: [SM]   [0]  Line 3606, C:\ff2_ver2\steamapps\common\Team Fortress 2 Dedicated Server\tf\addons\sourcemod\scripting\freak_fortress_2.sp::MessageTimer()
L 05/27/2016 - 22:24:01: [freaks\ff2_1st_set_abilities.ff2] [FF2] Cannot give ammo to weapon tf_weapon_bottle (boss )-check your config!
L 05/27/2016 - 22:24:01: [freaks\ff2_1st_set_abilities.ff2] [FF2] Cannot give ammo to weapon tf_weapon_bottle (boss )-check your config!
L 05/27/2016 - 22:24:01: [freaks\ff2_1st_set_abilities.ff2] [FF2] Cannot give ammo to weapon tf_weapon_bottle (boss )-check your config!
L 05/27/2016 - 22:24:01: [freaks\ff2_1st_set_abilities.ff2] [FF2] Cannot give ammo to weapon tf_weapon_bottle (boss )-check your config!
L 05/27/2016 - 22:24:01: [freaks\ff2_1st_set_abilities.ff2] [FF2] Cannot give ammo to weapon tf_weapon_bottle (boss )-check your config!
L 05/27/2016 - 22:24:01: [freaks\ff2_1st_set_abilities.ff2] [FF2] Cannot give ammo to weapon tf_weapon_bottle (boss )-check your config!
L 05/27/2016 - 22:44:53: Error log file session closed.
