L 04/17/2016 - 22:01:34: SourceMod error session started
L 04/17/2016 - 22:01:34: Info (map "arena_badlands") (file "errors_20160417.log")
L 04/17/2016 - 22:01:34: [SM] Warning(s) encountered in translation file "freak_fortress_2.phrases.txt"
L 04/17/2016 - 22:01:34: [SM] Invalid token ' ' in #format property on line 59.
L 04/17/2016 - 22:01:34: [SM] Invalid token ' ' in #format property on line 213.
L 04/17/2016 - 22:01:34: [SM] Invalid token '[' in #format property on line 213.
L 04/17/2016 - 22:01:34: [SM] Invalid token '3' in #format property on line 213.
L 04/17/2016 - 22:01:34: [SM] Invalid token ':' in #format property on line 213.
L 04/17/2016 - 22:01:34: [SM] Invalid token ']' in #format property on line 213.
L 04/17/2016 - 22:01:34: [SM] Invalid token ' ' in #format property on line 218.
L 04/17/2016 - 22:01:34: [SM] Invalid token ' ' in #format property on line 407.
L 04/17/2016 - 22:01:34: [SM] Invalid token ' ' in #format property on line 412.
L 04/17/2016 - 22:01:34: [SM] Invalid token ' ' in #format property on line 412.
L 04/17/2016 - 22:01:34: [SM] Invalid token ' ' in #format property on line 421.
L 04/17/2016 - 22:01:34: [SM] Invalid token ' ' in #format property on line 421.
L 04/17/2016 - 22:01:34: [SM] Invalid token ' ' in #format property on line 421.
L 04/17/2016 - 22:01:47: [freak_fortress_2.smx] [FF2 Bosses] Character saxtonhale is missing file 'models\sarysa\saxton\saxton_hale_by_thepfa.mdl'!
L 04/17/2016 - 22:01:47: [freak_fortress_2.smx] [FF2 Bosses] Character saxtonhale is missing file 'models\sarysa\saxton\saxton_hale_by_thepfa.dx80.vtx'!
L 04/17/2016 - 22:01:47: [freak_fortress_2.smx] [FF2 Bosses] Character saxtonhale is missing file 'models\sarysa\saxton\saxton_hale_by_thepfa.dx90.vtx'!
L 04/17/2016 - 22:01:47: [freak_fortress_2.smx] [FF2 Bosses] Character saxtonhale is missing file 'models\sarysa\saxton\saxton_hale_by_thepfa.sw.vtx'!
L 04/17/2016 - 22:01:47: [freak_fortress_2.smx] [FF2 Bosses] Character saxtonhale is missing file 'models\sarysa\saxton\saxton_hale_by_thepfa.vvd'!
L 04/17/2016 - 22:01:47: [freak_fortress_2.smx] [FF2 Bosses] Character saxtonhale is missing file 'models\sarysa\tauntprop.mdl'!
L 04/17/2016 - 22:01:47: [freak_fortress_2.smx] [FF2 Bosses] Character saxtonhale is missing file 'models\sarysa\tauntprop.dx80.vtx'!
L 04/17/2016 - 22:01:47: [freak_fortress_2.smx] [FF2 Bosses] Character saxtonhale is missing file 'models\sarysa\tauntprop.dx90.vtx'!
L 04/17/2016 - 22:01:47: [freak_fortress_2.smx] [FF2 Bosses] Character saxtonhale is missing file 'models\sarysa\tauntprop.sw.vtx'!
L 04/17/2016 - 22:01:47: [freak_fortress_2.smx] [FF2 Bosses] Character saxtonhale is missing file 'models\sarysa\tauntprop.vvd'!
L 04/17/2016 - 22:01:47: [freak_fortress_2.smx] [FF2 Bosses] Character saxtonhale is missing file 'materials\models\player\saxton_physical\halebody.vtf'!
L 04/17/2016 - 22:01:47: [freak_fortress_2.smx] [FF2 Bosses] Character saxtonhale is missing file 'materials\models\player\saxton_physical\halebody.vmt'!
L 04/17/2016 - 22:01:47: [freak_fortress_2.smx] [FF2 Bosses] Character saxtonhale is missing file 'materials\models\player\saxton_physical\halehead.vtf'!
L 04/17/2016 - 22:01:47: [freak_fortress_2.smx] [FF2 Bosses] Character saxtonhale is missing file 'materials\models\player\saxton_physical\halehead.vmt'!
L 04/17/2016 - 22:01:47: [freak_fortress_2.smx] [FF2 Bosses] Character saxtonhale is missing file 'materials\models\player\saxton_physical\eyeball_l.vmt'!
L 04/17/2016 - 22:01:47: [freak_fortress_2.smx] [FF2 Bosses] Character saxtonhale is missing file 'materials\models\player\saxton_physical\eyeball_r.vmt'!
L 04/17/2016 - 22:01:47: [freak_fortress_2.smx] [FF2 Bosses] Character saxtonhale is missing file 'materials\models\player\saxton_physical\eye.vmt'!
L 04/17/2016 - 22:01:47: [freak_fortress_2.smx] [FF2 Bosses] Character saxtonhale is missing file 'materials\models\player\saxton_physical\halebodyexponent.vtf'!
L 04/17/2016 - 22:01:48: [freak_fortress_2.smx] [FF2 Bosses] Character saxtonhale is missing file 'materials\models\player\saxton_physical\haleheadexponent.vtf'!
L 04/17/2016 - 22:01:48: [freak_fortress_2.smx] [FF2 Bosses] Character saxtonhale is missing file 'materials\models\player\saxton_physical\halenormal.vtf'!
L 04/17/2016 - 22:01:48: [freak_fortress_2.smx] [FF2 Bosses] Character saxtonhale is missing file 'materials\models\player\saxton_physical\halephongmask.vtf'!
L 04/17/2016 - 22:01:48: [freak_fortress_2.smx] [FF2 Bosses] Character saxtonhale is missing file 'models\sarysa\tauntprop.phy'!
L 04/17/2016 - 22:01:48: [freak_fortress_2.smx] [FF2 Bosses] Character saxtonhale is missing file 'models\sarysa\saxton\saxton_hale_by_thepfa.phy'!
L 04/17/2016 - 22:01:49: [freak_fortress_2.smx] [FF2 Bosses] Character denmedic does not exist!
L 04/17/2016 - 22:06:13: [SM] Error parsing gameconfig file "C:\ff2_ver2\steamapps\common\Team Fortress 2 Dedicated Server\tf\addons\sourcemod\gamedata\tf2.tauntem.txt":
L 04/17/2016 - 22:06:13: [SM] Error 1 on line 0, col 0: Stream failed to open
L 04/17/2016 - 22:06:13: [SM] Native "LoadGameConfigFile" reported: Unable to open tf2.tauntem: File could not be opened: 지정된 파일을 찾을 수 없습니다.

L 04/17/2016 - 22:06:13: [SM] Displaying call stack trace for plugin "freaks\improved_saxton.ff2":
L 04/17/2016 - 22:06:13: [SM]   [0]  Line 2739, C:\ff2_ver2\steamapps\common\Team Fortress 2 Dedicated Server\tf\addons\sourcemod\scripting\improved_saxton.sp::RegisterForceTaunt()
L 04/17/2016 - 22:06:13: [SM]   [1]  Line 318, C:\ff2_ver2\steamapps\common\Team Fortress 2 Dedicated Server\tf\addons\sourcemod\scripting\improved_saxton.sp::OnPluginStart2()
L 04/17/2016 - 22:06:13: [SM]   [2]  Line 37, C:\ff2_ver2\steamapps\common\Team Fortress 2 Dedicated Server\tf\addons\sourcemod\scripting\include\freak_fortress_2_subplugin.inc::OnPluginStart()
L 04/17/2016 - 22:07:32: [SM] Plugin encountered error 22: Maximum number of parameters reached
L 04/17/2016 - 22:07:32: [SM] Native "Format" reported: Translation string formatted incorrectly - missing at least 1 parameters
L 04/17/2016 - 22:07:32: [SM] Displaying call stack trace for plugin "freak_fortress_2.smx":
L 04/17/2016 - 22:07:32: [SM]   [0]  Line 5315, C:\ff2_ver2\steamapps\common\Team Fortress 2 Dedicated Server\tf\addons\sourcemod\scripting\freak_fortress_2.sp::BossTimer()
L 04/17/2016 - 22:07:32: [SM] Plugin encountered error 22: Maximum number of parameters reached
L 04/17/2016 - 22:07:32: [SM] Native "Format" reported: Translation string formatted incorrectly - missing at least 1 parameters
L 04/17/2016 - 22:07:32: [SM] Displaying call stack trace for plugin "freak_fortress_2.smx":
L 04/17/2016 - 22:07:32: [SM]   [0]  Line 5315, C:\ff2_ver2\steamapps\common\Team Fortress 2 Dedicated Server\tf\addons\sourcemod\scripting\freak_fortress_2.sp::BossTimer()
L 04/17/2016 - 22:07:33: [SM] Plugin encountered error 22: Maximum number of parameters reached
L 04/17/2016 - 22:07:33: [SM] Native "Format" reported: Translation string formatted incorrectly - missing at least 1 parameters
L 04/17/2016 - 22:07:33: [SM] Displaying call stack trace for plugin "freak_fortress_2.smx":
L 04/17/2016 - 22:07:33: [SM]   [0]  Line 5315, C:\ff2_ver2\steamapps\common\Team Fortress 2 Dedicated Server\tf\addons\sourcemod\scripting\freak_fortress_2.sp::BossTimer()
L 04/17/2016 - 22:07:33: [SM] Plugin encountered error 22: Maximum number of parameters reached
L 04/17/2016 - 22:07:33: [SM] Native "Format" reported: Translation string formatted incorrectly - missing at least 1 parameters
L 04/17/2016 - 22:07:33: [SM] Displaying call stack trace for plugin "freak_fortress_2.smx":
L 04/17/2016 - 22:07:33: [SM]   [0]  Line 5315, C:\ff2_ver2\steamapps\common\Team Fortress 2 Dedicated Server\tf\addons\sourcemod\scripting\freak_fortress_2.sp::BossTimer()
L 04/17/2016 - 22:07:33: [SM] Plugin encountered error 22: Maximum number of parameters reached
L 04/17/2016 - 22:07:33: [SM] Native "Format" reported: Translation string formatted incorrectly - missing at least 1 parameters
L 04/17/2016 - 22:07:33: [SM] Displaying call stack trace for plugin "freak_fortress_2.smx":
L 04/17/2016 - 22:07:33: [SM]   [0]  Line 5315, C:\ff2_ver2\steamapps\common\Team Fortress 2 Dedicated Server\tf\addons\sourcemod\scripting\freak_fortress_2.sp::BossTimer()
L 04/17/2016 - 22:07:33: [SM] Plugin encountered error 22: Maximum number of parameters reached
L 04/17/2016 - 22:07:33: [SM] Native "Format" reported: Translation string formatted incorrectly - missing at least 1 parameters
L 04/17/2016 - 22:07:33: [SM] Displaying call stack trace for plugin "freak_fortress_2.smx":
L 04/17/2016 - 22:07:33: [SM]   [0]  Line 5315, C:\ff2_ver2\steamapps\common\Team Fortress 2 Dedicated Server\tf\addons\sourcemod\scripting\freak_fortress_2.sp::BossTimer()
L 04/17/2016 - 22:07:33: [SM] Plugin encountered error 22: Maximum number of parameters reached
L 04/17/2016 - 22:07:33: [SM] Native "Format" reported: Translation string formatted incorrectly - missing at least 1 parameters
L 04/17/2016 - 22:07:33: [SM] Displaying call stack trace for plugin "freak_fortress_2.smx":
L 04/17/2016 - 22:07:33: [SM]   [0]  Line 5315, C:\ff2_ver2\steamapps\common\Team Fortress 2 Dedicated Server\tf\addons\sourcemod\scripting\freak_fortress_2.sp::BossTimer()
L 04/17/2016 - 22:07:34: [SM] Plugin encountered error 22: Maximum number of parameters reached
L 04/17/2016 - 22:07:34: [SM] Native "Format" reported: Translation string formatted incorrectly - missing at least 1 parameters
L 04/17/2016 - 22:07:34: [SM] Displaying call stack trace for plugin "freak_fortress_2.smx":
L 04/17/2016 - 22:07:34: [SM]   [0]  Line 5315, C:\ff2_ver2\steamapps\common\Team Fortress 2 Dedicated Server\tf\addons\sourcemod\scripting\freak_fortress_2.sp::BossTimer()
L 04/17/2016 - 22:07:34: [SM] Plugin encountered error 22: Maximum number of parameters reached
L 04/17/2016 - 22:07:34: [SM] Native "Format" reported: Translation string formatted incorrectly - missing at least 1 parameters
L 04/17/2016 - 22:07:34: [SM] Displaying call stack trace for plugin "freak_fortress_2.smx":
L 04/17/2016 - 22:07:34: [SM]   [0]  Line 5315, C:\ff2_ver2\steamapps\common\Team Fortress 2 Dedicated Server\tf\addons\sourcemod\scripting\freak_fortress_2.sp::BossTimer()
L 04/17/2016 - 22:07:34: [SM] Plugin encountered error 22: Maximum number of parameters reached
L 04/17/2016 - 22:07:34: [SM] Native "Format" reported: Translation string formatted incorrectly - missing at least 1 parameters
L 04/17/2016 - 22:07:34: [SM] Displaying call stack trace for plugin "freak_fortress_2.smx":
L 04/17/2016 - 22:07:34: [SM]   [0]  Line 5315, C:\ff2_ver2\steamapps\common\Team Fortress 2 Dedicated Server\tf\addons\sourcemod\scripting\freak_fortress_2.sp::BossTimer()
L 04/17/2016 - 22:07:34: [SM] Plugin encountered error 22: Maximum number of parameters reached
L 04/17/2016 - 22:07:34: [SM] Native "Format" reported: Translation string formatted incorrectly - missing at least 1 parameters
L 04/17/2016 - 22:07:34: [SM] Displaying call stack trace for plugin "freak_fortress_2.smx":
L 04/17/2016 - 22:07:34: [SM]   [0]  Line 5315, C:\ff2_ver2\steamapps\common\Team Fortress 2 Dedicated Server\tf\addons\sourcemod\scripting\freak_fortress_2.sp::BossTimer()
L 04/17/2016 - 22:07:35: [SM] Plugin encountered error 22: Maximum number of parameters reached
L 04/17/2016 - 22:07:35: [SM] Native "Format" reported: Translation string formatted incorrectly - missing at least 1 parameters
L 04/17/2016 - 22:07:35: [SM] Displaying call stack trace for plugin "freak_fortress_2.smx":
L 04/17/2016 - 22:07:35: [SM]   [0]  Line 5315, C:\ff2_ver2\steamapps\common\Team Fortress 2 Dedicated Server\tf\addons\sourcemod\scripting\freak_fortress_2.sp::BossTimer()
L 04/17/2016 - 22:07:35: [SM] Plugin encountered error 22: Maximum number of parameters reached
L 04/17/2016 - 22:07:35: [SM] Native "Format" reported: Translation string formatted incorrectly - missing at least 1 parameters
L 04/17/2016 - 22:07:35: [SM] Displaying call stack trace for plugin "freak_fortress_2.smx":
L 04/17/2016 - 22:07:35: [SM]   [0]  Line 5315, C:\ff2_ver2\steamapps\common\Team Fortress 2 Dedicated Server\tf\addons\sourcemod\scripting\freak_fortress_2.sp::BossTimer()
L 04/17/2016 - 22:07:35: [SM] Plugin encountered error 22: Maximum number of parameters reached
L 04/17/2016 - 22:07:35: [SM] Native "Format" reported: Translation string formatted incorrectly - missing at least 1 parameters
L 04/17/2016 - 22:07:35: [SM] Displaying call stack trace for plugin "freak_fortress_2.smx":
L 04/17/2016 - 22:07:35: [SM]   [0]  Line 5315, C:\ff2_ver2\steamapps\common\Team Fortress 2 Dedicated Server\tf\addons\sourcemod\scripting\freak_fortress_2.sp::BossTimer()
L 04/17/2016 - 22:07:36: [SM] Plugin encountered error 22: Maximum number of parameters reached
L 04/17/2016 - 22:07:36: [SM] Native "Format" reported: Translation string formatted incorrectly - missing at least 1 parameters
L 04/17/2016 - 22:07:36: [SM] Displaying call stack trace for plugin "freak_fortress_2.smx":
L 04/17/2016 - 22:07:36: [SM]   [0]  Line 5315, C:\ff2_ver2\steamapps\common\Team Fortress 2 Dedicated Server\tf\addons\sourcemod\scripting\freak_fortress_2.sp::BossTimer()
L 04/17/2016 - 22:07:36: [SM] Plugin encountered error 22: Maximum number of parameters reached
L 04/17/2016 - 22:07:36: [SM] Native "Format" reported: Translation string formatted incorrectly - missing at least 1 parameters
L 04/17/2016 - 22:07:36: [SM] Displaying call stack trace for plugin "freak_fortress_2.smx":
L 04/17/2016 - 22:07:36: [SM]   [0]  Line 5315, C:\ff2_ver2\steamapps\common\Team Fortress 2 Dedicated Server\tf\addons\sourcemod\scripting\freak_fortress_2.sp::BossTimer()
L 04/17/2016 - 22:07:36: [SM] Plugin encountered error 22: Maximum number of parameters reached
L 04/17/2016 - 22:07:36: [SM] Native "Format" reported: Translation string formatted incorrectly - missing at least 1 parameters
L 04/17/2016 - 22:07:36: [SM] Displaying call stack trace for plugin "freak_fortress_2.smx":
L 04/17/2016 - 22:07:36: [SM]   [0]  Line 5315, C:\ff2_ver2\steamapps\common\Team Fortress 2 Dedicated Server\tf\addons\sourcemod\scripting\freak_fortress_2.sp::BossTimer()
L 04/17/2016 - 22:07:36: [SM] Plugin encountered error 22: Maximum number of parameters reached
L 04/17/2016 - 22:07:36: [SM] Native "Format" reported: Translation string formatted incorrectly - missing at least 1 parameters
L 04/17/2016 - 22:07:36: [SM] Displaying call stack trace for plugin "freak_fortress_2.smx":
L 04/17/2016 - 22:07:36: [SM]   [0]  Line 5315, C:\ff2_ver2\steamapps\common\Team Fortress 2 Dedicated Server\tf\addons\sourcemod\scripting\freak_fortress_2.sp::BossTimer()
L 04/17/2016 - 22:07:36: [SM] Plugin encountered error 22: Maximum number of parameters reached
L 04/17/2016 - 22:07:36: [SM] Native "Format" reported: Translation string formatted incorrectly - missing at least 1 parameters
L 04/17/2016 - 22:07:36: [SM] Displaying call stack trace for plugin "freak_fortress_2.smx":
L 04/17/2016 - 22:07:36: [SM]   [0]  Line 5315, C:\ff2_ver2\steamapps\common\Team Fortress 2 Dedicated Server\tf\addons\sourcemod\scripting\freak_fortress_2.sp::BossTimer()
L 04/17/2016 - 22:07:37: [SM] Plugin encountered error 22: Maximum number of parameters reached
L 04/17/2016 - 22:07:37: [SM] Native "Format" reported: Translation string formatted incorrectly - missing at least 1 parameters
L 04/17/2016 - 22:07:37: [SM] Displaying call stack trace for plugin "freak_fortress_2.smx":
L 04/17/2016 - 22:07:37: [SM]   [0]  Line 5315, C:\ff2_ver2\steamapps\common\Team Fortress 2 Dedicated Server\tf\addons\sourcemod\scripting\freak_fortress_2.sp::BossTimer()
L 04/17/2016 - 22:07:37: [SM] Plugin encountered error 22: Maximum number of parameters reached
L 04/17/2016 - 22:07:37: [SM] Native "Format" reported: Translation string formatted incorrectly - missing at least 1 parameters
L 04/17/2016 - 22:07:37: [SM] Displaying call stack trace for plugin "freak_fortress_2.smx":
L 04/17/2016 - 22:07:37: [SM]   [0]  Line 5315, C:\ff2_ver2\steamapps\common\Team Fortress 2 Dedicated Server\tf\addons\sourcemod\scripting\freak_fortress_2.sp::BossTimer()
L 04/17/2016 - 22:07:37: [SM] Plugin encountered error 22: Maximum number of parameters reached
L 04/17/2016 - 22:07:37: [SM] Native "Format" reported: Translation string formatted incorrectly - missing at least 1 parameters
L 04/17/2016 - 22:07:37: [SM] Displaying call stack trace for plugin "freak_fortress_2.smx":
L 04/17/2016 - 22:07:37: [SM]   [0]  Line 5315, C:\ff2_ver2\steamapps\common\Team Fortress 2 Dedicated Server\tf\addons\sourcemod\scripting\freak_fortress_2.sp::BossTimer()
L 04/17/2016 - 22:07:37: [SM] Plugin encountered error 22: Maximum number of parameters reached
L 04/17/2016 - 22:07:37: [SM] Native "Format" reported: Translation string formatted incorrectly - missing at least 1 parameters
L 04/17/2016 - 22:07:37: [SM] Displaying call stack trace for plugin "freak_fortress_2.smx":
L 04/17/2016 - 22:07:37: [SM]   [0]  Line 5315, C:\ff2_ver2\steamapps\common\Team Fortress 2 Dedicated Server\tf\addons\sourcemod\scripting\freak_fortress_2.sp::BossTimer()
L 04/17/2016 - 22:07:38: [SM] Plugin encountered error 22: Maximum number of parameters reached
L 04/17/2016 - 22:07:38: [SM] Native "Format" reported: Translation string formatted incorrectly - missing at least 1 parameters
L 04/17/2016 - 22:07:38: [SM] Displaying call stack trace for plugin "freak_fortress_2.smx":
L 04/17/2016 - 22:07:38: [SM]   [0]  Line 5315, C:\ff2_ver2\steamapps\common\Team Fortress 2 Dedicated Server\tf\addons\sourcemod\scripting\freak_fortress_2.sp::BossTimer()
L 04/17/2016 - 22:07:38: [SM] Plugin encountered error 22: Maximum number of parameters reached
L 04/17/2016 - 22:07:38: [SM] Native "Format" reported: Translation string formatted incorrectly - missing at least 1 parameters
L 04/17/2016 - 22:07:38: [SM] Displaying call stack trace for plugin "freak_fortress_2.smx":
L 04/17/2016 - 22:07:38: [SM]   [0]  Line 5315, C:\ff2_ver2\steamapps\common\Team Fortress 2 Dedicated Server\tf\addons\sourcemod\scripting\freak_fortress_2.sp::BossTimer()
L 04/17/2016 - 22:07:38: [SM] Plugin encountered error 22: Maximum number of parameters reached
L 04/17/2016 - 22:07:38: [SM] Native "Format" reported: Translation string formatted incorrectly - missing at least 1 parameters
L 04/17/2016 - 22:07:38: [SM] Displaying call stack trace for plugin "freak_fortress_2.smx":
L 04/17/2016 - 22:07:38: [SM]   [0]  Line 5315, C:\ff2_ver2\steamapps\common\Team Fortress 2 Dedicated Server\tf\addons\sourcemod\scripting\freak_fortress_2.sp::BossTimer()
L 04/17/2016 - 22:07:38: [SM] Plugin encountered error 22: Maximum number of parameters reached
L 04/17/2016 - 22:07:38: [SM] Native "Format" reported: Translation string formatted incorrectly - missing at least 1 parameters
L 04/17/2016 - 22:07:38: [SM] Displaying call stack trace for plugin "freak_fortress_2.smx":
L 04/17/2016 - 22:07:38: [SM]   [0]  Line 5315, C:\ff2_ver2\steamapps\common\Team Fortress 2 Dedicated Server\tf\addons\sourcemod\scripting\freak_fortress_2.sp::BossTimer()
L 04/17/2016 - 22:07:38: [SM] Plugin encountered error 22: Maximum number of parameters reached
L 04/17/2016 - 22:07:38: [SM] Native "Format" reported: Translation string formatted incorrectly - missing at least 1 parameters
L 04/17/2016 - 22:07:38: [SM] Displaying call stack trace for plugin "freak_fortress_2.smx":
L 04/17/2016 - 22:07:38: [SM]   [0]  Line 5315, C:\ff2_ver2\steamapps\common\Team Fortress 2 Dedicated Server\tf\addons\sourcemod\scripting\freak_fortress_2.sp::BossTimer()
L 04/17/2016 - 22:07:39: [SM] Plugin encountered error 22: Maximum number of parameters reached
L 04/17/2016 - 22:07:39: [SM] Native "Format" reported: Translation string formatted incorrectly - missing at least 1 parameters
L 04/17/2016 - 22:07:39: [SM] Displaying call stack trace for plugin "freak_fortress_2.smx":
L 04/17/2016 - 22:07:39: [SM]   [0]  Line 5315, C:\ff2_ver2\steamapps\common\Team Fortress 2 Dedicated Server\tf\addons\sourcemod\scripting\freak_fortress_2.sp::BossTimer()
L 04/17/2016 - 22:07:39: [SM] Plugin encountered error 22: Maximum number of parameters reached
L 04/17/2016 - 22:07:39: [SM] Native "Format" reported: Translation string formatted incorrectly - missing at least 1 parameters
L 04/17/2016 - 22:07:39: [SM] Displaying call stack trace for plugin "freak_fortress_2.smx":
L 04/17/2016 - 22:07:39: [SM]   [0]  Line 5315, C:\ff2_ver2\steamapps\common\Team Fortress 2 Dedicated Server\tf\addons\sourcemod\scripting\freak_fortress_2.sp::BossTimer()
L 04/17/2016 - 22:07:39: [SM] Plugin encountered error 22: Maximum number of parameters reached
L 04/17/2016 - 22:07:39: [SM] Native "Format" reported: Translation string formatted incorrectly - missing at least 1 parameters
L 04/17/2016 - 22:07:39: [SM] Displaying call stack trace for plugin "freak_fortress_2.smx":
L 04/17/2016 - 22:07:39: [SM]   [0]  Line 5315, C:\ff2_ver2\steamapps\common\Team Fortress 2 Dedicated Server\tf\addons\sourcemod\scripting\freak_fortress_2.sp::BossTimer()
L 04/17/2016 - 22:07:39: [SM] Plugin encountered error 22: Maximum number of parameters reached
L 04/17/2016 - 22:07:39: [SM] Native "Format" reported: Translation string formatted incorrectly - missing at least 1 parameters
L 04/17/2016 - 22:07:39: [SM] Displaying call stack trace for plugin "freak_fortress_2.smx":
L 04/17/2016 - 22:07:39: [SM]   [0]  Line 5315, C:\ff2_ver2\steamapps\common\Team Fortress 2 Dedicated Server\tf\addons\sourcemod\scripting\freak_fortress_2.sp::BossTimer()
L 04/17/2016 - 22:07:39: [SM] Plugin encountered error 22: Maximum number of parameters reached
L 04/17/2016 - 22:07:39: [SM] Native "Format" reported: Translation string formatted incorrectly - missing at least 1 parameters
L 04/17/2016 - 22:07:39: [SM] Displaying call stack trace for plugin "freak_fortress_2.smx":
L 04/17/2016 - 22:07:39: [SM]   [0]  Line 5315, C:\ff2_ver2\steamapps\common\Team Fortress 2 Dedicated Server\tf\addons\sourcemod\scripting\freak_fortress_2.sp::BossTimer()
L 04/17/2016 - 22:07:40: [SM] Plugin encountered error 22: Maximum number of parameters reached
L 04/17/2016 - 22:07:40: [SM] Native "Format" reported: Translation string formatted incorrectly - missing at least 1 parameters
L 04/17/2016 - 22:07:40: [SM] Displaying call stack trace for plugin "freak_fortress_2.smx":
L 04/17/2016 - 22:07:40: [SM]   [0]  Line 5315, C:\ff2_ver2\steamapps\common\Team Fortress 2 Dedicated Server\tf\addons\sourcemod\scripting\freak_fortress_2.sp::BossTimer()
L 04/17/2016 - 22:07:40: [SM] Plugin encountered error 22: Maximum number of parameters reached
L 04/17/2016 - 22:07:40: [SM] Native "Format" reported: Translation string formatted incorrectly - missing at least 1 parameters
L 04/17/2016 - 22:07:40: [SM] Displaying call stack trace for plugin "freak_fortress_2.smx":
L 04/17/2016 - 22:07:40: [SM]   [0]  Line 5315, C:\ff2_ver2\steamapps\common\Team Fortress 2 Dedicated Server\tf\addons\sourcemod\scripting\freak_fortress_2.sp::BossTimer()
L 04/17/2016 - 22:07:40: [SM] Plugin encountered error 22: Maximum number of parameters reached
L 04/17/2016 - 22:07:40: [SM] Native "Format" reported: Translation string formatted incorrectly - missing at least 1 parameters
L 04/17/2016 - 22:07:40: [SM] Displaying call stack trace for plugin "freak_fortress_2.smx":
L 04/17/2016 - 22:07:40: [SM]   [0]  Line 5315, C:\ff2_ver2\steamapps\common\Team Fortress 2 Dedicated Server\tf\addons\sourcemod\scripting\freak_fortress_2.sp::BossTimer()
L 04/17/2016 - 22:07:40: [SM] Plugin encountered error 22: Maximum number of parameters reached
L 04/17/2016 - 22:07:40: [SM] Native "Format" reported: Translation string formatted incorrectly - missing at least 1 parameters
L 04/17/2016 - 22:07:40: [SM] Displaying call stack trace for plugin "freak_fortress_2.smx":
L 04/17/2016 - 22:07:40: [SM]   [0]  Line 5315, C:\ff2_ver2\steamapps\common\Team Fortress 2 Dedicated Server\tf\addons\sourcemod\scripting\freak_fortress_2.sp::BossTimer()
L 04/17/2016 - 22:07:40: [SM] Plugin encountered error 22: Maximum number of parameters reached
L 04/17/2016 - 22:07:40: [SM] Native "Format" reported: Translation string formatted incorrectly - missing at least 1 parameters
L 04/17/2016 - 22:07:40: [SM] Displaying call stack trace for plugin "freak_fortress_2.smx":
L 04/17/2016 - 22:07:40: [SM]   [0]  Line 5315, C:\ff2_ver2\steamapps\common\Team Fortress 2 Dedicated Server\tf\addons\sourcemod\scripting\freak_fortress_2.sp::BossTimer()
L 04/17/2016 - 22:07:41: [SM] Plugin encountered error 22: Maximum number of parameters reached
L 04/17/2016 - 22:07:41: [SM] Native "Format" reported: Translation string formatted incorrectly - missing at least 1 parameters
L 04/17/2016 - 22:07:41: [SM] Displaying call stack trace for plugin "freak_fortress_2.smx":
L 04/17/2016 - 22:07:41: [SM]   [0]  Line 5315, C:\ff2_ver2\steamapps\common\Team Fortress 2 Dedicated Server\tf\addons\sourcemod\scripting\freak_fortress_2.sp::BossTimer()
L 04/17/2016 - 22:07:41: [SM] Plugin encountered error 22: Maximum number of parameters reached
L 04/17/2016 - 22:07:41: [SM] Native "Format" reported: Translation string formatted incorrectly - missing at least 1 parameters
L 04/17/2016 - 22:07:41: [SM] Displaying call stack trace for plugin "freak_fortress_2.smx":
L 04/17/2016 - 22:07:41: [SM]   [0]  Line 5315, C:\ff2_ver2\steamapps\common\Team Fortress 2 Dedicated Server\tf\addons\sourcemod\scripting\freak_fortress_2.sp::BossTimer()
L 04/17/2016 - 22:07:41: [SM] Plugin encountered error 22: Maximum number of parameters reached
L 04/17/2016 - 22:07:41: [SM] Native "Format" reported: Translation string formatted incorrectly - missing at least 1 parameters
L 04/17/2016 - 22:07:41: [SM] Displaying call stack trace for plugin "freak_fortress_2.smx":
L 04/17/2016 - 22:07:41: [SM]   [0]  Line 5315, C:\ff2_ver2\steamapps\common\Team Fortress 2 Dedicated Server\tf\addons\sourcemod\scripting\freak_fortress_2.sp::BossTimer()
L 04/17/2016 - 22:07:41: [SM] Plugin encountered error 22: Maximum number of parameters reached
L 04/17/2016 - 22:07:41: [SM] Native "Format" reported: Translation string formatted incorrectly - missing at least 1 parameters
L 04/17/2016 - 22:07:41: [SM] Displaying call stack trace for plugin "freak_fortress_2.smx":
L 04/17/2016 - 22:07:41: [SM]   [0]  Line 5315, C:\ff2_ver2\steamapps\common\Team Fortress 2 Dedicated Server\tf\addons\sourcemod\scripting\freak_fortress_2.sp::BossTimer()
L 04/17/2016 - 22:07:41: [SM] Plugin encountered error 22: Maximum number of parameters reached
L 04/17/2016 - 22:07:41: [SM] Native "Format" reported: Translation string formatted incorrectly - missing at least 1 parameters
L 04/17/2016 - 22:07:41: [SM] Displaying call stack trace for plugin "freak_fortress_2.smx":
L 04/17/2016 - 22:07:41: [SM]   [0]  Line 5315, C:\ff2_ver2\steamapps\common\Team Fortress 2 Dedicated Server\tf\addons\sourcemod\scripting\freak_fortress_2.sp::BossTimer()
L 04/17/2016 - 22:07:42: [SM] Plugin encountered error 22: Maximum number of parameters reached
L 04/17/2016 - 22:07:42: [SM] Native "Format" reported: Translation string formatted incorrectly - missing at least 1 parameters
L 04/17/2016 - 22:07:42: [SM] Displaying call stack trace for plugin "freak_fortress_2.smx":
L 04/17/2016 - 22:07:42: [SM]   [0]  Line 5315, C:\ff2_ver2\steamapps\common\Team Fortress 2 Dedicated Server\tf\addons\sourcemod\scripting\freak_fortress_2.sp::BossTimer()
L 04/17/2016 - 22:07:42: [SM] Plugin encountered error 22: Maximum number of parameters reached
L 04/17/2016 - 22:07:42: [SM] Native "Format" reported: Translation string formatted incorrectly - missing at least 1 parameters
L 04/17/2016 - 22:07:42: [SM] Displaying call stack trace for plugin "freak_fortress_2.smx":
L 04/17/2016 - 22:07:42: [SM]   [0]  Line 5315, C:\ff2_ver2\steamapps\common\Team Fortress 2 Dedicated Server\tf\addons\sourcemod\scripting\freak_fortress_2.sp::BossTimer()
L 04/17/2016 - 22:07:42: [SM] Plugin encountered error 22: Maximum number of parameters reached
L 04/17/2016 - 22:07:42: [SM] Native "Format" reported: Translation string formatted incorrectly - missing at least 1 parameters
L 04/17/2016 - 22:07:42: [SM] Displaying call stack trace for plugin "freak_fortress_2.smx":
L 04/17/2016 - 22:07:42: [SM]   [0]  Line 5315, C:\ff2_ver2\steamapps\common\Team Fortress 2 Dedicated Server\tf\addons\sourcemod\scripting\freak_fortress_2.sp::BossTimer()
L 04/17/2016 - 22:07:42: [SM] Plugin encountered error 22: Maximum number of parameters reached
L 04/17/2016 - 22:07:42: [SM] Native "Format" reported: Translation string formatted incorrectly - missing at least 1 parameters
L 04/17/2016 - 22:07:42: [SM] Displaying call stack trace for plugin "freak_fortress_2.smx":
L 04/17/2016 - 22:07:42: [SM]   [0]  Line 5315, C:\ff2_ver2\steamapps\common\Team Fortress 2 Dedicated Server\tf\addons\sourcemod\scripting\freak_fortress_2.sp::BossTimer()
L 04/17/2016 - 22:07:42: [SM] Native "IsClientInGame" reported: Client index 0 is invalid
L 04/17/2016 - 22:07:42: [SM] Displaying call stack trace for plugin "freaks\ff2_1st_set_abilities.ff2":
L 04/17/2016 - 22:07:42: [SM]   [0]  Line 114, C:\ff2\steamapps\common\Team Fortress 2 Dedicated Server\tf\addons\sourcemod\scripting\ff2_1st_set_abilities.sp::OnRoundEnd()
L 04/17/2016 - 22:09:17: [SM] Native "IsClientInGame" reported: Client index 0 is invalid
L 04/17/2016 - 22:09:17: [SM] Displaying call stack trace for plugin "freaks\ff2_1st_set_abilities.ff2":
L 04/17/2016 - 22:09:17: [SM]   [0]  Line 114, C:\ff2\steamapps\common\Team Fortress 2 Dedicated Server\tf\addons\sourcemod\scripting\ff2_1st_set_abilities.sp::OnRoundEnd()
L 04/17/2016 - 22:09:25: Error log file session closed.
L 04/17/2016 - 22:09:25: SourceMod error session started
L 04/17/2016 - 22:09:25: Info (map "arena_nucleus") (file "errors_20160417.log")
L 04/17/2016 - 22:09:25: [SM] Warning(s) encountered in translation file "freak_fortress_2.phrases.txt"
L 04/17/2016 - 22:09:25: [SM] Invalid token ' ' in #format property on line 59.
L 04/17/2016 - 22:09:25: [SM] Invalid token ' ' in #format property on line 213.
L 04/17/2016 - 22:09:25: [SM] Invalid token '[' in #format property on line 213.
L 04/17/2016 - 22:09:25: [SM] Invalid token '3' in #format property on line 213.
L 04/17/2016 - 22:09:25: [SM] Invalid token ':' in #format property on line 213.
L 04/17/2016 - 22:09:25: [SM] Invalid token ']' in #format property on line 213.
L 04/17/2016 - 22:09:25: [SM] Invalid token ' ' in #format property on line 218.
L 04/17/2016 - 22:09:25: [SM] Invalid token ' ' in #format property on line 407.
L 04/17/2016 - 22:09:25: [SM] Invalid token ' ' in #format property on line 412.
L 04/17/2016 - 22:09:25: [SM] Invalid token ' ' in #format property on line 412.
L 04/17/2016 - 22:09:25: [SM] Invalid token ' ' in #format property on line 421.
L 04/17/2016 - 22:09:25: [SM] Invalid token ' ' in #format property on line 421.
L 04/17/2016 - 22:09:25: [SM] Invalid token ' ' in #format property on line 421.
L 04/17/2016 - 22:09:31: [freak_fortress_2.smx] [FF2 Bosses] Character saxtonhale is missing file 'models\sarysa\saxton\saxton_hale_by_thepfa.mdl'!
L 04/17/2016 - 22:09:31: [freak_fortress_2.smx] [FF2 Bosses] Character saxtonhale is missing file 'models\sarysa\saxton\saxton_hale_by_thepfa.dx80.vtx'!
L 04/17/2016 - 22:09:31: [freak_fortress_2.smx] [FF2 Bosses] Character saxtonhale is missing file 'models\sarysa\saxton\saxton_hale_by_thepfa.dx90.vtx'!
L 04/17/2016 - 22:09:31: [freak_fortress_2.smx] [FF2 Bosses] Character saxtonhale is missing file 'models\sarysa\saxton\saxton_hale_by_thepfa.sw.vtx'!
L 04/17/2016 - 22:09:31: [freak_fortress_2.smx] [FF2 Bosses] Character saxtonhale is missing file 'models\sarysa\saxton\saxton_hale_by_thepfa.vvd'!
L 04/17/2016 - 22:09:31: [freak_fortress_2.smx] [FF2 Bosses] Character saxtonhale is missing file 'models\sarysa\tauntprop.mdl'!
L 04/17/2016 - 22:09:31: [freak_fortress_2.smx] [FF2 Bosses] Character saxtonhale is missing file 'models\sarysa\tauntprop.dx80.vtx'!
L 04/17/2016 - 22:09:31: [freak_fortress_2.smx] [FF2 Bosses] Character saxtonhale is missing file 'models\sarysa\tauntprop.dx90.vtx'!
L 04/17/2016 - 22:09:31: [freak_fortress_2.smx] [FF2 Bosses] Character saxtonhale is missing file 'models\sarysa\tauntprop.sw.vtx'!
L 04/17/2016 - 22:09:31: [freak_fortress_2.smx] [FF2 Bosses] Character saxtonhale is missing file 'models\sarysa\tauntprop.vvd'!
L 04/17/2016 - 22:09:31: [freak_fortress_2.smx] [FF2 Bosses] Character saxtonhale is missing file 'materials\models\player\saxton_physical\halebody.vtf'!
L 04/17/2016 - 22:09:31: [freak_fortress_2.smx] [FF2 Bosses] Character saxtonhale is missing file 'materials\models\player\saxton_physical\halebody.vmt'!
L 04/17/2016 - 22:09:31: [freak_fortress_2.smx] [FF2 Bosses] Character saxtonhale is missing file 'materials\models\player\saxton_physical\halehead.vtf'!
L 04/17/2016 - 22:09:31: [freak_fortress_2.smx] [FF2 Bosses] Character saxtonhale is missing file 'materials\models\player\saxton_physical\halehead.vmt'!
L 04/17/2016 - 22:09:31: [freak_fortress_2.smx] [FF2 Bosses] Character saxtonhale is missing file 'materials\models\player\saxton_physical\eyeball_l.vmt'!
L 04/17/2016 - 22:09:31: [freak_fortress_2.smx] [FF2 Bosses] Character saxtonhale is missing file 'materials\models\player\saxton_physical\eyeball_r.vmt'!
L 04/17/2016 - 22:09:31: [freak_fortress_2.smx] [FF2 Bosses] Character saxtonhale is missing file 'materials\models\player\saxton_physical\eye.vmt'!
L 04/17/2016 - 22:09:31: [freak_fortress_2.smx] [FF2 Bosses] Character saxtonhale is missing file 'materials\models\player\saxton_physical\halebodyexponent.vtf'!
L 04/17/2016 - 22:09:31: [freak_fortress_2.smx] [FF2 Bosses] Character saxtonhale is missing file 'materials\models\player\saxton_physical\haleheadexponent.vtf'!
L 04/17/2016 - 22:09:31: [freak_fortress_2.smx] [FF2 Bosses] Character saxtonhale is missing file 'materials\models\player\saxton_physical\halenormal.vtf'!
L 04/17/2016 - 22:09:31: [freak_fortress_2.smx] [FF2 Bosses] Character saxtonhale is missing file 'materials\models\player\saxton_physical\halephongmask.vtf'!
L 04/17/2016 - 22:09:31: [freak_fortress_2.smx] [FF2 Bosses] Character saxtonhale is missing file 'models\sarysa\tauntprop.phy'!
L 04/17/2016 - 22:09:31: [freak_fortress_2.smx] [FF2 Bosses] Character saxtonhale is missing file 'models\sarysa\saxton\saxton_hale_by_thepfa.phy'!
L 04/17/2016 - 22:09:32: [freak_fortress_2.smx] [FF2 Bosses] Character denmedic does not exist!
L 04/17/2016 - 22:10:38: Error log file session closed.
L 04/17/2016 - 22:10:38: SourceMod error session started
L 04/17/2016 - 22:10:38: Info (map "arena_badlands") (file "errors_20160417.log")
L 04/17/2016 - 22:10:38: [SM] Warning(s) encountered in translation file "freak_fortress_2.phrases.txt"
L 04/17/2016 - 22:10:38: [SM] Invalid token ' ' in #format property on line 59.
L 04/17/2016 - 22:10:38: [SM] Invalid token ' ' in #format property on line 213.
L 04/17/2016 - 22:10:38: [SM] Invalid token '[' in #format property on line 213.
L 04/17/2016 - 22:10:38: [SM] Invalid token '3' in #format property on line 213.
L 04/17/2016 - 22:10:38: [SM] Invalid token ':' in #format property on line 213.
L 04/17/2016 - 22:10:38: [SM] Invalid token ']' in #format property on line 213.
L 04/17/2016 - 22:10:38: [SM] Invalid token ' ' in #format property on line 218.
L 04/17/2016 - 22:10:38: [SM] Invalid token ' ' in #format property on line 407.
L 04/17/2016 - 22:10:38: [SM] Invalid token ' ' in #format property on line 412.
L 04/17/2016 - 22:10:38: [SM] Invalid token ' ' in #format property on line 412.
L 04/17/2016 - 22:10:38: [SM] Invalid token ' ' in #format property on line 421.
L 04/17/2016 - 22:10:38: [SM] Invalid token ' ' in #format property on line 421.
L 04/17/2016 - 22:10:38: [SM] Invalid token ' ' in #format property on line 421.
L 04/17/2016 - 22:10:43: [freak_fortress_2.smx] [FF2 Bosses] Character saxtonhale is missing file 'models\sarysa\saxton\saxton_hale_by_thepfa.mdl'!
L 04/17/2016 - 22:10:43: [freak_fortress_2.smx] [FF2 Bosses] Character saxtonhale is missing file 'models\sarysa\saxton\saxton_hale_by_thepfa.dx80.vtx'!
L 04/17/2016 - 22:10:43: [freak_fortress_2.smx] [FF2 Bosses] Character saxtonhale is missing file 'models\sarysa\saxton\saxton_hale_by_thepfa.dx90.vtx'!
L 04/17/2016 - 22:10:43: [freak_fortress_2.smx] [FF2 Bosses] Character saxtonhale is missing file 'models\sarysa\saxton\saxton_hale_by_thepfa.sw.vtx'!
L 04/17/2016 - 22:10:43: [freak_fortress_2.smx] [FF2 Bosses] Character saxtonhale is missing file 'models\sarysa\saxton\saxton_hale_by_thepfa.vvd'!
L 04/17/2016 - 22:10:43: [freak_fortress_2.smx] [FF2 Bosses] Character saxtonhale is missing file 'models\sarysa\tauntprop.mdl'!
L 04/17/2016 - 22:10:43: [freak_fortress_2.smx] [FF2 Bosses] Character saxtonhale is missing file 'models\sarysa\tauntprop.dx80.vtx'!
L 04/17/2016 - 22:10:43: [freak_fortress_2.smx] [FF2 Bosses] Character saxtonhale is missing file 'models\sarysa\tauntprop.dx90.vtx'!
L 04/17/2016 - 22:10:43: [freak_fortress_2.smx] [FF2 Bosses] Character saxtonhale is missing file 'models\sarysa\tauntprop.sw.vtx'!
L 04/17/2016 - 22:10:43: [freak_fortress_2.smx] [FF2 Bosses] Character saxtonhale is missing file 'models\sarysa\tauntprop.vvd'!
L 04/17/2016 - 22:10:43: [freak_fortress_2.smx] [FF2 Bosses] Character saxtonhale is missing file 'materials\models\player\saxton_physical\halebody.vtf'!
L 04/17/2016 - 22:10:43: [freak_fortress_2.smx] [FF2 Bosses] Character saxtonhale is missing file 'materials\models\player\saxton_physical\halebody.vmt'!
L 04/17/2016 - 22:10:43: [freak_fortress_2.smx] [FF2 Bosses] Character saxtonhale is missing file 'materials\models\player\saxton_physical\halehead.vtf'!
L 04/17/2016 - 22:10:43: [freak_fortress_2.smx] [FF2 Bosses] Character saxtonhale is missing file 'materials\models\player\saxton_physical\halehead.vmt'!
L 04/17/2016 - 22:10:43: [freak_fortress_2.smx] [FF2 Bosses] Character saxtonhale is missing file 'materials\models\player\saxton_physical\eyeball_l.vmt'!
L 04/17/2016 - 22:10:43: [freak_fortress_2.smx] [FF2 Bosses] Character saxtonhale is missing file 'materials\models\player\saxton_physical\eyeball_r.vmt'!
L 04/17/2016 - 22:10:43: [freak_fortress_2.smx] [FF2 Bosses] Character saxtonhale is missing file 'materials\models\player\saxton_physical\eye.vmt'!
L 04/17/2016 - 22:10:43: [freak_fortress_2.smx] [FF2 Bosses] Character saxtonhale is missing file 'materials\models\player\saxton_physical\halebodyexponent.vtf'!
L 04/17/2016 - 22:10:43: [freak_fortress_2.smx] [FF2 Bosses] Character saxtonhale is missing file 'materials\models\player\saxton_physical\haleheadexponent.vtf'!
L 04/17/2016 - 22:10:43: [freak_fortress_2.smx] [FF2 Bosses] Character saxtonhale is missing file 'materials\models\player\saxton_physical\halenormal.vtf'!
L 04/17/2016 - 22:10:43: [freak_fortress_2.smx] [FF2 Bosses] Character saxtonhale is missing file 'materials\models\player\saxton_physical\halephongmask.vtf'!
L 04/17/2016 - 22:10:43: [freak_fortress_2.smx] [FF2 Bosses] Character saxtonhale is missing file 'models\sarysa\tauntprop.phy'!
L 04/17/2016 - 22:10:43: [freak_fortress_2.smx] [FF2 Bosses] Character saxtonhale is missing file 'models\sarysa\saxton\saxton_hale_by_thepfa.phy'!
L 04/17/2016 - 22:10:44: [freak_fortress_2.smx] [FF2 Bosses] Character danmedic is missing file 'sound/freak_fortress_2/s93dm/dm_playerdeath.mp3'!
L 04/17/2016 - 22:14:45: [freaks\improved_saxton.ff2] [improved_saxton] Unable to initialize call to CTFPlayer::PlayTauntSceneFromItem. Need to get updated tf2.tauntem.txt method signatures. Saxton Slam will not animate.
L 04/17/2016 - 22:15:34: [SM] Native "IsClientInGame" reported: Client index 0 is invalid
L 04/17/2016 - 22:15:34: [SM] Displaying call stack trace for plugin "freaks\ff2_1st_set_abilities.ff2":
L 04/17/2016 - 22:15:34: [SM]   [0]  Line 114, C:\ff2\steamapps\common\Team Fortress 2 Dedicated Server\tf\addons\sourcemod\scripting\ff2_1st_set_abilities.sp::OnRoundEnd()
L 04/17/2016 - 22:17:44: [SM] Plugin encountered error 21: Native is not bound
L 04/17/2016 - 22:17:44: [SM] Native "setDecayTime" reported: 
L 04/17/2016 - 22:17:44: [SM] Displaying call stack trace for plugin "freaks\s93_blitzkrieg.ff2":
L 04/17/2016 - 22:17:44: [SM]   [0]  Line 714, L:\scripting\s93_blitzkrieg.sp::PrepareMarkers()
L 04/17/2016 - 22:17:44: [SM]   [1]  Line 1131, L:\scripting\s93_blitzkrieg.sp::Blitzkrieg_HookAbilities()
L 04/17/2016 - 22:17:44: [SM]   [2]  Line 676, L:\scripting\s93_blitzkrieg.sp::OnRoundStart()
L 04/17/2016 - 22:22:31: [SM] Native "IsClientInGame" reported: Client index 0 is invalid
L 04/17/2016 - 22:22:31: [SM] Displaying call stack trace for plugin "freaks\ff2_1st_set_abilities.ff2":
L 04/17/2016 - 22:22:31: [SM]   [0]  Line 114, C:\ff2\steamapps\common\Team Fortress 2 Dedicated Server\tf\addons\sourcemod\scripting\ff2_1st_set_abilities.sp::OnRoundEnd()
L 04/17/2016 - 22:24:43: [SM] Native "IsClientInGame" reported: Client index 0 is invalid
L 04/17/2016 - 22:24:43: [SM] Displaying call stack trace for plugin "freaks\ff2_1st_set_abilities.ff2":
L 04/17/2016 - 22:24:43: [SM]   [0]  Line 114, C:\ff2\steamapps\common\Team Fortress 2 Dedicated Server\tf\addons\sourcemod\scripting\ff2_1st_set_abilities.sp::OnRoundEnd()
L 04/17/2016 - 22:28:21: [SM] Native "IsClientInGame" reported: Client index 0 is invalid
L 04/17/2016 - 22:28:21: [SM] Displaying call stack trace for plugin "freaks\ff2_1st_set_abilities.ff2":
L 04/17/2016 - 22:28:21: [SM]   [0]  Line 114, C:\ff2\steamapps\common\Team Fortress 2 Dedicated Server\tf\addons\sourcemod\scripting\ff2_1st_set_abilities.sp::OnRoundEnd()
L 04/17/2016 - 22:31:36: [SM] Native "IsClientInGame" reported: Client index 0 is invalid
L 04/17/2016 - 22:31:36: [SM] Displaying call stack trace for plugin "freaks\ff2_1st_set_abilities.ff2":
L 04/17/2016 - 22:31:36: [SM]   [0]  Line 114, C:\ff2\steamapps\common\Team Fortress 2 Dedicated Server\tf\addons\sourcemod\scripting\ff2_1st_set_abilities.sp::OnRoundEnd()
L 04/17/2016 - 22:41:59: [SM] Native "IsClientInGame" reported: Client index 0 is invalid
L 04/17/2016 - 22:41:59: [SM] Displaying call stack trace for plugin "freaks\ff2_1st_set_abilities.ff2":
L 04/17/2016 - 22:41:59: [SM]   [0]  Line 114, C:\ff2\steamapps\common\Team Fortress 2 Dedicated Server\tf\addons\sourcemod\scripting\ff2_1st_set_abilities.sp::OnRoundEnd()
L 04/17/2016 - 22:44:54: [SM] Native "IsClientInGame" reported: Client index 0 is invalid
L 04/17/2016 - 22:44:54: [SM] Displaying call stack trace for plugin "freaks\ff2_1st_set_abilities.ff2":
L 04/17/2016 - 22:44:54: [SM]   [0]  Line 114, C:\ff2\steamapps\common\Team Fortress 2 Dedicated Server\tf\addons\sourcemod\scripting\ff2_1st_set_abilities.sp::OnRoundEnd()
L 04/17/2016 - 22:48:26: [SM] Native "IsClientInGame" reported: Client index 0 is invalid
L 04/17/2016 - 22:48:26: [SM] Displaying call stack trace for plugin "freaks\ff2_1st_set_abilities.ff2":
L 04/17/2016 - 22:48:26: [SM]   [0]  Line 114, C:\ff2\steamapps\common\Team Fortress 2 Dedicated Server\tf\addons\sourcemod\scripting\ff2_1st_set_abilities.sp::OnRoundEnd()
L 04/17/2016 - 22:48:53: Error log file session closed.
L 04/17/2016 - 22:48:54: SourceMod error session started
L 04/17/2016 - 22:48:54: Info (map "koth_nucleus") (file "errors_20160417.log")
L 04/17/2016 - 22:48:54: [SM] Warning(s) encountered in translation file "freak_fortress_2.phrases.txt"
L 04/17/2016 - 22:48:54: [SM] Invalid token ' ' in #format property on line 59.
L 04/17/2016 - 22:48:54: [SM] Invalid token ' ' in #format property on line 213.
L 04/17/2016 - 22:48:54: [SM] Invalid token '[' in #format property on line 213.
L 04/17/2016 - 22:48:54: [SM] Invalid token '3' in #format property on line 213.
L 04/17/2016 - 22:48:54: [SM] Invalid token ':' in #format property on line 213.
L 04/17/2016 - 22:48:54: [SM] Invalid token ']' in #format property on line 213.
L 04/17/2016 - 22:48:54: [SM] Invalid token ' ' in #format property on line 218.
L 04/17/2016 - 22:48:54: [SM] Invalid token ' ' in #format property on line 407.
L 04/17/2016 - 22:48:54: [SM] Invalid token ' ' in #format property on line 412.
L 04/17/2016 - 22:48:54: [SM] Invalid token ' ' in #format property on line 412.
L 04/17/2016 - 22:48:54: [SM] Invalid token ' ' in #format property on line 421.
L 04/17/2016 - 22:48:54: [SM] Invalid token ' ' in #format property on line 421.
L 04/17/2016 - 22:48:54: [SM] Invalid token ' ' in #format property on line 421.
L 04/17/2016 - 22:49:02: [freak_fortress_2.smx] [FF2 Bosses] Character danmedic is missing file 'sound/freak_fortress_2/s93dm/dm_playerdeath.mp3'!
L 04/17/2016 - 22:49:26: Error log file session closed.
L 04/17/2016 - 22:49:26: SourceMod error session started
L 04/17/2016 - 22:49:26: Info (map "arena_nucleus") (file "errors_20160417.log")
L 04/17/2016 - 22:49:26: [SM] Warning(s) encountered in translation file "freak_fortress_2.phrases.txt"
L 04/17/2016 - 22:49:26: [SM] Invalid token ' ' in #format property on line 59.
L 04/17/2016 - 22:49:26: [SM] Invalid token ' ' in #format property on line 213.
L 04/17/2016 - 22:49:26: [SM] Invalid token '[' in #format property on line 213.
L 04/17/2016 - 22:49:26: [SM] Invalid token '3' in #format property on line 213.
L 04/17/2016 - 22:49:26: [SM] Invalid token ':' in #format property on line 213.
L 04/17/2016 - 22:49:26: [SM] Invalid token ']' in #format property on line 213.
L 04/17/2016 - 22:49:26: [SM] Invalid token ' ' in #format property on line 218.
L 04/17/2016 - 22:49:27: [SM] Invalid token ' ' in #format property on line 407.
L 04/17/2016 - 22:49:27: [SM] Invalid token ' ' in #format property on line 412.
L 04/17/2016 - 22:49:27: [SM] Invalid token ' ' in #format property on line 412.
L 04/17/2016 - 22:49:27: [SM] Invalid token ' ' in #format property on line 421.
L 04/17/2016 - 22:49:27: [SM] Invalid token ' ' in #format property on line 421.
L 04/17/2016 - 22:49:27: [SM] Invalid token ' ' in #format property on line 421.
L 04/17/2016 - 22:49:31: [freak_fortress_2.smx] [FF2 Bosses] Character danmedic is missing file 'sound/freak_fortress_2/s93dm/dm_playerdeath.mp3'!
L 04/17/2016 - 22:50:32: [freaks\improved_saxton.ff2] [improved_saxton] Unable to initialize call to CTFPlayer::PlayTauntSceneFromItem. Need to get updated tf2.tauntem.txt method signatures. Saxton Slam will not animate.
L 04/17/2016 - 22:50:42: [SM] Plugin encountered error 21: Native is not bound
L 04/17/2016 - 22:50:42: [SM] Native "setDecayTime" reported: 
L 04/17/2016 - 22:50:42: [SM] Displaying call stack trace for plugin "freaks\s93_blitzkrieg.ff2":
L 04/17/2016 - 22:50:42: [SM]   [0]  Line 714, L:\scripting\s93_blitzkrieg.sp::PrepareMarkers()
L 04/17/2016 - 22:50:42: [SM]   [1]  Line 1131, L:\scripting\s93_blitzkrieg.sp::Blitzkrieg_HookAbilities()
L 04/17/2016 - 22:50:42: [SM]   [2]  Line 676, L:\scripting\s93_blitzkrieg.sp::OnRoundStart()
L 04/17/2016 - 22:51:32: [SM] Native "IsClientInGame" reported: Client index 0 is invalid
L 04/17/2016 - 22:51:32: [SM] Displaying call stack trace for plugin "freaks\ff2_1st_set_abilities.ff2":
L 04/17/2016 - 22:51:32: [SM]   [0]  Line 114, C:\ff2\steamapps\common\Team Fortress 2 Dedicated Server\tf\addons\sourcemod\scripting\ff2_1st_set_abilities.sp::OnRoundEnd()
L 04/17/2016 - 22:57:59: [SM] Native "IsClientInGame" reported: Client index 0 is invalid
L 04/17/2016 - 22:57:59: [SM] Displaying call stack trace for plugin "freaks\ff2_1st_set_abilities.ff2":
L 04/17/2016 - 22:57:59: [SM]   [0]  Line 114, C:\ff2\steamapps\common\Team Fortress 2 Dedicated Server\tf\addons\sourcemod\scripting\ff2_1st_set_abilities.sp::OnRoundEnd()
L 04/17/2016 - 22:58:25: [SM] Plugin encountered error 21: Native is not bound
L 04/17/2016 - 22:58:25: [SM] Native "setDecayTime" reported: 
L 04/17/2016 - 22:58:25: [SM] Displaying call stack trace for plugin "freaks\s93_blitzkrieg.ff2":
L 04/17/2016 - 22:58:25: [SM]   [0]  Line 714, L:\scripting\s93_blitzkrieg.sp::PrepareMarkers()
L 04/17/2016 - 22:58:25: [SM]   [1]  Line 1131, L:\scripting\s93_blitzkrieg.sp::Blitzkrieg_HookAbilities()
L 04/17/2016 - 22:58:25: [SM]   [2]  Line 676, L:\scripting\s93_blitzkrieg.sp::OnRoundStart()
L 04/17/2016 - 23:00:53: [SM] Native "IsClientInGame" reported: Client index 0 is invalid
L 04/17/2016 - 23:00:53: [SM] Displaying call stack trace for plugin "freaks\ff2_1st_set_abilities.ff2":
L 04/17/2016 - 23:00:53: [SM]   [0]  Line 114, C:\ff2\steamapps\common\Team Fortress 2 Dedicated Server\tf\addons\sourcemod\scripting\ff2_1st_set_abilities.sp::OnRoundEnd()
L 04/17/2016 - 23:02:35: [SM] Native "IsClientInGame" reported: Client index 0 is invalid
L 04/17/2016 - 23:02:35: [SM] Displaying call stack trace for plugin "freaks\ff2_1st_set_abilities.ff2":
L 04/17/2016 - 23:02:35: [SM]   [0]  Line 114, C:\ff2\steamapps\common\Team Fortress 2 Dedicated Server\tf\addons\sourcemod\scripting\ff2_1st_set_abilities.sp::OnRoundEnd()
L 04/17/2016 - 23:03:00: [SM] Plugin encountered error 21: Native is not bound
L 04/17/2016 - 23:03:00: [SM] Native "setDecayTime" reported: 
L 04/17/2016 - 23:03:00: [SM] Displaying call stack trace for plugin "freaks\s93_blitzkrieg.ff2":
L 04/17/2016 - 23:03:00: [SM]   [0]  Line 714, L:\scripting\s93_blitzkrieg.sp::PrepareMarkers()
L 04/17/2016 - 23:03:00: [SM]   [1]  Line 1131, L:\scripting\s93_blitzkrieg.sp::Blitzkrieg_HookAbilities()
L 04/17/2016 - 23:03:00: [SM]   [2]  Line 676, L:\scripting\s93_blitzkrieg.sp::OnRoundStart()
L 04/17/2016 - 23:09:20: [SM] Native "IsClientInGame" reported: Client index 0 is invalid
L 04/17/2016 - 23:09:20: [SM] Displaying call stack trace for plugin "freaks\ff2_1st_set_abilities.ff2":
L 04/17/2016 - 23:09:20: [SM]   [0]  Line 114, C:\ff2\steamapps\common\Team Fortress 2 Dedicated Server\tf\addons\sourcemod\scripting\ff2_1st_set_abilities.sp::OnRoundEnd()
L 04/17/2016 - 23:09:53: [SM] Native "IsClientInGame" reported: Client index 0 is invalid
L 04/17/2016 - 23:09:53: [SM] Displaying call stack trace for plugin "freaks\ff2_1st_set_abilities.ff2":
L 04/17/2016 - 23:09:53: [SM]   [0]  Line 114, C:\ff2\steamapps\common\Team Fortress 2 Dedicated Server\tf\addons\sourcemod\scripting\ff2_1st_set_abilities.sp::OnRoundEnd()
L 04/17/2016 - 23:12:16: [SM] Native "IsClientInGame" reported: Client index 0 is invalid
L 04/17/2016 - 23:12:16: [SM] Displaying call stack trace for plugin "freaks\ff2_1st_set_abilities.ff2":
L 04/17/2016 - 23:12:16: [SM]   [0]  Line 114, C:\ff2\steamapps\common\Team Fortress 2 Dedicated Server\tf\addons\sourcemod\scripting\ff2_1st_set_abilities.sp::OnRoundEnd()
L 04/17/2016 - 23:13:02: [SM] Native "IsClientInGame" reported: Client index 0 is invalid
L 04/17/2016 - 23:13:02: [SM] Displaying call stack trace for plugin "freaks\ff2_1st_set_abilities.ff2":
L 04/17/2016 - 23:13:02: [SM]   [0]  Line 114, C:\ff2\steamapps\common\Team Fortress 2 Dedicated Server\tf\addons\sourcemod\scripting\ff2_1st_set_abilities.sp::OnRoundEnd()
L 04/17/2016 - 23:15:09: [SM] Native "IsClientInGame" reported: Client index 0 is invalid
L 04/17/2016 - 23:15:09: [SM] Displaying call stack trace for plugin "freaks\ff2_1st_set_abilities.ff2":
L 04/17/2016 - 23:15:09: [SM]   [0]  Line 114, C:\ff2\steamapps\common\Team Fortress 2 Dedicated Server\tf\addons\sourcemod\scripting\ff2_1st_set_abilities.sp::OnRoundEnd()
L 04/17/2016 - 23:15:32: Error log file session closed.
