L 06/03/2016 - 20:01:28: SourceMod error session started
L 06/03/2016 - 20:01:28: Info (map "vsh_apg_v2") (file "errors_20160603.log")
L 06/03/2016 - 20:01:28: [SM] Warning(s) encountered in translation file "freak_fortress_2.phrases.txt"
L 06/03/2016 - 20:01:28: [SM] Invalid token ' ' in #format property on line 71.
L 06/03/2016 - 20:01:28: [SM] Invalid token ' ' in #format property on line 424.
L 06/03/2016 - 20:01:28: [SM] Invalid token ' ' in #format property on line 429.
L 06/03/2016 - 20:01:28: [SM] Invalid token ' ' in #format property on line 429.
L 06/03/2016 - 20:01:28: [SM] Invalid token ' ' in #format property on line 438.
L 06/03/2016 - 20:01:28: [SM] Invalid token ' ' in #format property on line 438.
L 06/03/2016 - 20:01:28: [SM] Invalid token ' ' in #format property on line 438.
L 06/03/2016 - 20:01:28: [SM] Unable to load plugin "rockthevote.smx": Could not find required plugin "mapchooser"
L 06/03/2016 - 20:01:44: [nextmap.smx] FATAL: Cannot load map cycle. Nextmap not loaded.
L 06/03/2016 - 20:01:44: [SM] Plugin encountered error 25: Call was aborted
L 06/03/2016 - 20:01:44: [SM] Native "SetFailState" reported: Mapcycle Not Found
L 06/03/2016 - 20:01:44: [SM] Displaying call stack trace for plugin "nextmap.smx":
L 06/03/2016 - 20:01:44: [SM]   [0]  Line 139, D:\builds\build-sourcemod-msvc12\windows-1.7\build\plugins\nextmap.sp::FindAndSetNextMap()
L 06/03/2016 - 20:01:44: [SM]   [1]  Line 109, D:\builds\build-sourcemod-msvc12\windows-1.7\build\plugins\nextmap.sp::OnConfigsExecuted()
L 06/03/2016 - 20:06:45: [freak_fortress_2.smx] [FF2 Bosses] Character spyper is missing file 'sound/vo/taunts/spy_taunt_rps_lose_11.mp3' in section 'sound_stabbed'!
L 06/03/2016 - 20:10:06: [TF2ITEMS] ---------------------------------------
L 06/03/2016 - 20:10:06: [TF2ITEMS] >>> szClassname = tf_weapon_shotgun
L 06/03/2016 - 20:10:06: [TF2ITEMS] >>> iItemDefinitionIndex = 15016
L 06/03/2016 - 20:10:06: [TF2ITEMS] >>> iEntityQuality = 2
L 06/03/2016 - 20:10:06: [TF2ITEMS] >>> iEntityLevel = 0
L 06/03/2016 - 20:10:06: [TF2ITEMS] ---------------------------------------
L 06/03/2016 - 20:10:06: [TF2ITEMS] >>> iAttributeDefinitionIndex = 2
L 06/03/2016 - 20:10:06: [TF2ITEMS] >>> flValue = 3.000000
L 06/03/2016 - 20:10:06: [TF2ITEMS] ---------------------------------------
L 06/03/2016 - 20:10:06: [TF2ITEMS] >>> iAttributeDefinitionIndex = 97
L 06/03/2016 - 20:10:06: [TF2ITEMS] >>> flValue = 0.400000
L 06/03/2016 - 20:10:06: [TF2ITEMS] ---------------------------------------
L 06/03/2016 - 20:10:06: [TF2ITEMS] >>> iAttributeDefinitionIndex = 6
L 06/03/2016 - 20:10:06: [TF2ITEMS] >>> flValue = 0.400000
L 06/03/2016 - 20:10:06: [TF2ITEMS] ---------------------------------------
L 06/03/2016 - 20:10:06: [SM] Native "TF2Items_GiveNamedItem" reported: Item is NULL. File a bug report if you are sure you set all the data correctly. (Try the FORCE_GENERATION flag.)
L 06/03/2016 - 20:10:06: [SM] Displaying call stack trace for plugin "ff2_deathmatch.smx":
L 06/03/2016 - 20:10:06: [SM]   [0]  Line 390, C:\ff2_ver2\steamapps\common\Team Fortress 2 Dedicated Server\tf\addons\sourcemod\scripting\ff2_deathmatch.sp::SpawnWeapon()
L 06/03/2016 - 20:10:06: [SM]   [1]  Line 304, C:\ff2_ver2\steamapps\common\Team Fortress 2 Dedicated Server\tf\addons\sourcemod\scripting\ff2_deathmatch.sp::GiveLastManWeapon()
L 06/03/2016 - 20:10:06: [SM]   [2]  Line 189, C:\ff2_ver2\steamapps\common\Team Fortress 2 Dedicated Server\tf\addons\sourcemod\scripting\ff2_deathmatch.sp::OnPlayerDeath()
L 06/03/2016 - 20:13:10: [freaks\ff2_1st_set_abilities.ff2] [FF2] Cannot give ammo to weapon tf_weapon_bottle (boss )-check your config!
L 06/03/2016 - 20:13:10: [freaks\ff2_1st_set_abilities.ff2] [FF2] Cannot give ammo to weapon tf_weapon_bottle (boss )-check your config!
L 06/03/2016 - 20:19:53: [freak_fortress_2.smx] [FF2 Bosses] Character spyper is missing file 'sound/vo/taunts/spy_taunt_rps_lose_11.mp3' in section 'sound_stabbed'!
L 06/03/2016 - 20:20:36: Error log file session closed.
L 06/03/2016 - 20:20:36: SourceMod error session started
L 06/03/2016 - 20:20:36: Info (map "vsh_apg_v2") (file "errors_20160603.log")
L 06/03/2016 - 20:20:36: [SM] Warning(s) encountered in translation file "freak_fortress_2.phrases.txt"
L 06/03/2016 - 20:20:36: [SM] Invalid token ' ' in #format property on line 71.
L 06/03/2016 - 20:20:36: [SM] Invalid token ' ' in #format property on line 424.
L 06/03/2016 - 20:20:36: [SM] Invalid token ' ' in #format property on line 429.
L 06/03/2016 - 20:20:36: [SM] Invalid token ' ' in #format property on line 429.
L 06/03/2016 - 20:20:36: [SM] Invalid token ' ' in #format property on line 438.
L 06/03/2016 - 20:20:36: [SM] Invalid token ' ' in #format property on line 438.
L 06/03/2016 - 20:20:36: [SM] Invalid token ' ' in #format property on line 438.
L 06/03/2016 - 20:20:36: [SM] Unable to load plugin "rockthevote.smx": Could not find required plugin "mapchooser"
L 06/03/2016 - 20:20:42: [nextmap.smx] FATAL: Cannot load map cycle. Nextmap not loaded.
L 06/03/2016 - 20:20:42: [SM] Plugin encountered error 25: Call was aborted
L 06/03/2016 - 20:20:42: [SM] Native "SetFailState" reported: Mapcycle Not Found
L 06/03/2016 - 20:20:42: [SM] Displaying call stack trace for plugin "nextmap.smx":
L 06/03/2016 - 20:20:42: [SM]   [0]  Line 139, D:\builds\build-sourcemod-msvc12\windows-1.7\build\plugins\nextmap.sp::FindAndSetNextMap()
L 06/03/2016 - 20:20:42: [SM]   [1]  Line 109, D:\builds\build-sourcemod-msvc12\windows-1.7\build\plugins\nextmap.sp::OnConfigsExecuted()
L 06/03/2016 - 20:24:31: [freak_fortress_2.smx] [FF2 Bosses] Character spyper is missing file 'sound/vo/taunts/spy_taunt_rps_lose_11.mp3' in section 'sound_stabbed'!
L 06/03/2016 - 20:27:25: [TF2ITEMS] ---------------------------------------
L 06/03/2016 - 20:27:25: [TF2ITEMS] >>> szClassname = tf_weapon_shotgun
L 06/03/2016 - 20:27:25: [TF2ITEMS] >>> iItemDefinitionIndex = 15016
L 06/03/2016 - 20:27:25: [TF2ITEMS] >>> iEntityQuality = 2
L 06/03/2016 - 20:27:25: [TF2ITEMS] >>> iEntityLevel = 0
L 06/03/2016 - 20:27:25: [TF2ITEMS] ---------------------------------------
L 06/03/2016 - 20:27:25: [TF2ITEMS] >>> iAttributeDefinitionIndex = 2
L 06/03/2016 - 20:27:25: [TF2ITEMS] >>> flValue = 3.000000
L 06/03/2016 - 20:27:25: [TF2ITEMS] ---------------------------------------
L 06/03/2016 - 20:27:25: [TF2ITEMS] >>> iAttributeDefinitionIndex = 97
L 06/03/2016 - 20:27:25: [TF2ITEMS] >>> flValue = 0.400000
L 06/03/2016 - 20:27:25: [TF2ITEMS] ---------------------------------------
L 06/03/2016 - 20:27:25: [TF2ITEMS] >>> iAttributeDefinitionIndex = 6
L 06/03/2016 - 20:27:25: [TF2ITEMS] >>> flValue = 0.400000
L 06/03/2016 - 20:27:25: [TF2ITEMS] ---------------------------------------
L 06/03/2016 - 20:27:25: [SM] Native "TF2Items_GiveNamedItem" reported: Item is NULL. File a bug report if you are sure you set all the data correctly. (Try the FORCE_GENERATION flag.)
L 06/03/2016 - 20:27:25: [SM] Displaying call stack trace for plugin "ff2_deathmatch.smx":
L 06/03/2016 - 20:27:25: [SM]   [0]  Line 390, C:\ff2_ver2\steamapps\common\Team Fortress 2 Dedicated Server\tf\addons\sourcemod\scripting\ff2_deathmatch.sp::SpawnWeapon()
L 06/03/2016 - 20:27:25: [SM]   [1]  Line 277, C:\ff2_ver2\steamapps\common\Team Fortress 2 Dedicated Server\tf\addons\sourcemod\scripting\ff2_deathmatch.sp::GiveLastManWeapon()
L 06/03/2016 - 20:27:25: [SM]   [2]  Line 206, C:\ff2_ver2\steamapps\common\Team Fortress 2 Dedicated Server\tf\addons\sourcemod\scripting\ff2_deathmatch.sp::LastManCheck()
L 06/03/2016 - 20:29:31: [TF2ITEMS] ---------------------------------------
L 06/03/2016 - 20:29:31: [TF2ITEMS] >>> szClassname = tf_weapon_shotgun
L 06/03/2016 - 20:29:31: [TF2ITEMS] >>> iItemDefinitionIndex = 15016
L 06/03/2016 - 20:29:31: [TF2ITEMS] >>> iEntityQuality = 2
L 06/03/2016 - 20:29:31: [TF2ITEMS] >>> iEntityLevel = 0
L 06/03/2016 - 20:29:31: [TF2ITEMS] ---------------------------------------
L 06/03/2016 - 20:29:31: [TF2ITEMS] >>> iAttributeDefinitionIndex = 2
L 06/03/2016 - 20:29:31: [TF2ITEMS] >>> flValue = 3.000000
L 06/03/2016 - 20:29:31: [TF2ITEMS] ---------------------------------------
L 06/03/2016 - 20:29:31: [TF2ITEMS] >>> iAttributeDefinitionIndex = 97
L 06/03/2016 - 20:29:31: [TF2ITEMS] >>> flValue = 0.400000
L 06/03/2016 - 20:29:31: [TF2ITEMS] ---------------------------------------
L 06/03/2016 - 20:29:31: [TF2ITEMS] >>> iAttributeDefinitionIndex = 6
L 06/03/2016 - 20:29:31: [TF2ITEMS] >>> flValue = 0.400000
L 06/03/2016 - 20:29:31: [TF2ITEMS] ---------------------------------------
L 06/03/2016 - 20:29:31: [SM] Native "TF2Items_GiveNamedItem" reported: Item is NULL. File a bug report if you are sure you set all the data correctly. (Try the FORCE_GENERATION flag.)
L 06/03/2016 - 20:29:31: [SM] Displaying call stack trace for plugin "ff2_deathmatch.smx":
L 06/03/2016 - 20:29:31: [SM]   [0]  Line 390, C:\ff2_ver2\steamapps\common\Team Fortress 2 Dedicated Server\tf\addons\sourcemod\scripting\ff2_deathmatch.sp::SpawnWeapon()
L 06/03/2016 - 20:29:31: [SM]   [1]  Line 277, C:\ff2_ver2\steamapps\common\Team Fortress 2 Dedicated Server\tf\addons\sourcemod\scripting\ff2_deathmatch.sp::GiveLastManWeapon()
L 06/03/2016 - 20:29:31: [SM]   [2]  Line 189, C:\ff2_ver2\steamapps\common\Team Fortress 2 Dedicated Server\tf\addons\sourcemod\scripting\ff2_deathmatch.sp::OnPlayerDeath()
L 06/03/2016 - 20:37:20: [TF2ITEMS] ---------------------------------------
L 06/03/2016 - 20:37:20: [TF2ITEMS] >>> szClassname = tf_weapon_shotgun
L 06/03/2016 - 20:37:20: [TF2ITEMS] >>> iItemDefinitionIndex = 15016
L 06/03/2016 - 20:37:20: [TF2ITEMS] >>> iEntityQuality = 2
L 06/03/2016 - 20:37:20: [TF2ITEMS] >>> iEntityLevel = 0
L 06/03/2016 - 20:37:20: [TF2ITEMS] ---------------------------------------
L 06/03/2016 - 20:37:20: [TF2ITEMS] >>> iAttributeDefinitionIndex = 2
L 06/03/2016 - 20:37:20: [TF2ITEMS] >>> flValue = 3.000000
L 06/03/2016 - 20:37:20: [TF2ITEMS] ---------------------------------------
L 06/03/2016 - 20:37:20: [TF2ITEMS] >>> iAttributeDefinitionIndex = 97
L 06/03/2016 - 20:37:20: [TF2ITEMS] >>> flValue = 0.400000
L 06/03/2016 - 20:37:20: [TF2ITEMS] ---------------------------------------
L 06/03/2016 - 20:37:20: [TF2ITEMS] >>> iAttributeDefinitionIndex = 6
L 06/03/2016 - 20:37:20: [TF2ITEMS] >>> flValue = 0.400000
L 06/03/2016 - 20:37:20: [TF2ITEMS] ---------------------------------------
L 06/03/2016 - 20:37:20: [SM] Native "TF2Items_GiveNamedItem" reported: Item is NULL. File a bug report if you are sure you set all the data correctly. (Try the FORCE_GENERATION flag.)
L 06/03/2016 - 20:37:20: [SM] Displaying call stack trace for plugin "ff2_deathmatch.smx":
L 06/03/2016 - 20:37:20: [SM]   [0]  Line 390, C:\ff2_ver2\steamapps\common\Team Fortress 2 Dedicated Server\tf\addons\sourcemod\scripting\ff2_deathmatch.sp::SpawnWeapon()
L 06/03/2016 - 20:37:20: [SM]   [1]  Line 277, C:\ff2_ver2\steamapps\common\Team Fortress 2 Dedicated Server\tf\addons\sourcemod\scripting\ff2_deathmatch.sp::GiveLastManWeapon()
L 06/03/2016 - 20:37:20: [SM]   [2]  Line 189, C:\ff2_ver2\steamapps\common\Team Fortress 2 Dedicated Server\tf\addons\sourcemod\scripting\ff2_deathmatch.sp::OnPlayerDeath()
L 06/03/2016 - 20:38:42: [freak_fortress_2.smx] [FF2 Bosses] Character spyper is missing file 'sound/vo/taunts/spy_taunt_rps_lose_11.mp3' in section 'sound_stabbed'!
L 06/03/2016 - 20:41:52: [TF2ITEMS] ---------------------------------------
L 06/03/2016 - 20:41:52: [TF2ITEMS] >>> szClassname = tf_weapon_shotgun
L 06/03/2016 - 20:41:52: [TF2ITEMS] >>> iItemDefinitionIndex = 12
L 06/03/2016 - 20:41:52: [TF2ITEMS] >>> iEntityQuality = 2
L 06/03/2016 - 20:41:52: [TF2ITEMS] >>> iEntityLevel = 0
L 06/03/2016 - 20:41:52: [TF2ITEMS] ---------------------------------------
L 06/03/2016 - 20:41:52: [TF2ITEMS] >>> iAttributeDefinitionIndex = 2
L 06/03/2016 - 20:41:52: [TF2ITEMS] >>> flValue = 3.000000
L 06/03/2016 - 20:41:52: [TF2ITEMS] ---------------------------------------
L 06/03/2016 - 20:41:52: [TF2ITEMS] >>> iAttributeDefinitionIndex = 97
L 06/03/2016 - 20:41:52: [TF2ITEMS] >>> flValue = 0.400000
L 06/03/2016 - 20:41:52: [TF2ITEMS] ---------------------------------------
L 06/03/2016 - 20:41:52: [TF2ITEMS] >>> iAttributeDefinitionIndex = 6
L 06/03/2016 - 20:41:52: [TF2ITEMS] >>> flValue = 0.400000
L 06/03/2016 - 20:41:52: [TF2ITEMS] ---------------------------------------
L 06/03/2016 - 20:41:52: [SM] Native "TF2Items_GiveNamedItem" reported: Item is NULL. File a bug report if you are sure you set all the data correctly. (Try the FORCE_GENERATION flag.)
L 06/03/2016 - 20:41:52: [SM] Displaying call stack trace for plugin "ff2_deathmatch.smx":
L 06/03/2016 - 20:41:52: [SM]   [0]  Line 390, C:\ff2_ver2\steamapps\common\Team Fortress 2 Dedicated Server\tf\addons\sourcemod\scripting\ff2_deathmatch.sp::SpawnWeapon()
L 06/03/2016 - 20:41:52: [SM]   [1]  Line 312, C:\ff2_ver2\steamapps\common\Team Fortress 2 Dedicated Server\tf\addons\sourcemod\scripting\ff2_deathmatch.sp::GiveLastManWeapon()
L 06/03/2016 - 20:41:52: [SM]   [2]  Line 189, C:\ff2_ver2\steamapps\common\Team Fortress 2 Dedicated Server\tf\addons\sourcemod\scripting\ff2_deathmatch.sp::OnPlayerDeath()
L 06/03/2016 - 20:44:36: [freaks\ff2_1st_set_abilities.ff2] [FF2] Cannot give ammo to weapon tf_weapon_bottle (boss )-check your config!
L 06/03/2016 - 20:44:36: [freaks\ff2_1st_set_abilities.ff2] [FF2] Cannot give ammo to weapon tf_weapon_bottle (boss )-check your config!
L 06/03/2016 - 20:44:36: [freaks\ff2_1st_set_abilities.ff2] [FF2] Cannot give ammo to weapon tf_weapon_bottle (boss )-check your config!
L 06/03/2016 - 20:44:36: [freaks\ff2_1st_set_abilities.ff2] [FF2] Cannot give ammo to weapon tf_weapon_bottle (boss )-check your config!
L 06/03/2016 - 20:47:37: [TF2ITEMS] ---------------------------------------
L 06/03/2016 - 20:47:37: [TF2ITEMS] >>> szClassname = tf_weapon_shotgun
L 06/03/2016 - 20:47:37: [TF2ITEMS] >>> iItemDefinitionIndex = 15016
L 06/03/2016 - 20:47:37: [TF2ITEMS] >>> iEntityQuality = 2
L 06/03/2016 - 20:47:37: [TF2ITEMS] >>> iEntityLevel = 0
L 06/03/2016 - 20:47:37: [TF2ITEMS] ---------------------------------------
L 06/03/2016 - 20:47:37: [TF2ITEMS] >>> iAttributeDefinitionIndex = 2
L 06/03/2016 - 20:47:37: [TF2ITEMS] >>> flValue = 3.000000
L 06/03/2016 - 20:47:37: [TF2ITEMS] ---------------------------------------
L 06/03/2016 - 20:47:37: [TF2ITEMS] >>> iAttributeDefinitionIndex = 97
L 06/03/2016 - 20:47:37: [TF2ITEMS] >>> flValue = 0.400000
L 06/03/2016 - 20:47:37: [TF2ITEMS] ---------------------------------------
L 06/03/2016 - 20:47:37: [TF2ITEMS] >>> iAttributeDefinitionIndex = 6
L 06/03/2016 - 20:47:37: [TF2ITEMS] >>> flValue = 0.400000
L 06/03/2016 - 20:47:37: [TF2ITEMS] ---------------------------------------
L 06/03/2016 - 20:47:37: [SM] Native "TF2Items_GiveNamedItem" reported: Item is NULL. File a bug report if you are sure you set all the data correctly. (Try the FORCE_GENERATION flag.)
L 06/03/2016 - 20:47:37: [SM] Displaying call stack trace for plugin "ff2_deathmatch.smx":
L 06/03/2016 - 20:47:37: [SM]   [0]  Line 390, C:\ff2_ver2\steamapps\common\Team Fortress 2 Dedicated Server\tf\addons\sourcemod\scripting\ff2_deathmatch.sp::SpawnWeapon()
L 06/03/2016 - 20:47:37: [SM]   [1]  Line 277, C:\ff2_ver2\steamapps\common\Team Fortress 2 Dedicated Server\tf\addons\sourcemod\scripting\ff2_deathmatch.sp::GiveLastManWeapon()
L 06/03/2016 - 20:47:37: [SM]   [2]  Line 206, C:\ff2_ver2\steamapps\common\Team Fortress 2 Dedicated Server\tf\addons\sourcemod\scripting\ff2_deathmatch.sp::LastManCheck()
L 06/03/2016 - 20:56:44: Error log file session closed.
L 06/03/2016 - 20:56:44: SourceMod error session started
L 06/03/2016 - 20:56:44: Info (map "vsh_apg_v2") (file "errors_20160603.log")
L 06/03/2016 - 20:56:44: [SM] Warning(s) encountered in translation file "freak_fortress_2.phrases.txt"
L 06/03/2016 - 20:56:44: [SM] Invalid token ' ' in #format property on line 71.
L 06/03/2016 - 20:56:44: [SM] Invalid token ' ' in #format property on line 424.
L 06/03/2016 - 20:56:44: [SM] Invalid token ' ' in #format property on line 429.
L 06/03/2016 - 20:56:44: [SM] Invalid token ' ' in #format property on line 429.
L 06/03/2016 - 20:56:44: [SM] Invalid token ' ' in #format property on line 438.
L 06/03/2016 - 20:56:44: [SM] Invalid token ' ' in #format property on line 438.
L 06/03/2016 - 20:56:44: [SM] Invalid token ' ' in #format property on line 438.
L 06/03/2016 - 20:56:44: [SM] Unable to load plugin "rockthevote.smx": Could not find required plugin "mapchooser"
L 06/03/2016 - 20:56:48: [nextmap.smx] FATAL: Cannot load map cycle. Nextmap not loaded.
L 06/03/2016 - 20:56:48: [SM] Plugin encountered error 25: Call was aborted
L 06/03/2016 - 20:56:48: [SM] Native "SetFailState" reported: Mapcycle Not Found
L 06/03/2016 - 20:56:48: [SM] Displaying call stack trace for plugin "nextmap.smx":
L 06/03/2016 - 20:56:48: [SM]   [0]  Line 139, D:\builds\build-sourcemod-msvc12\windows-1.7\build\plugins\nextmap.sp::FindAndSetNextMap()
L 06/03/2016 - 20:56:48: [SM]   [1]  Line 109, D:\builds\build-sourcemod-msvc12\windows-1.7\build\plugins\nextmap.sp::OnConfigsExecuted()
L 06/03/2016 - 20:59:30: [freaks\ff2_1st_set_abilities.ff2] [FF2] Cannot give ammo to weapon tf_weapon_bottle (boss )-check your config!
L 06/03/2016 - 20:59:30: [freaks\ff2_1st_set_abilities.ff2] [FF2] Cannot give ammo to weapon tf_weapon_bottle (boss )-check your config!
L 06/03/2016 - 20:59:30: [freaks\ff2_1st_set_abilities.ff2] [FF2] Cannot give ammo to weapon tf_weapon_bottle (boss )-check your config!
L 06/03/2016 - 21:12:10: [TF2ITEMS] ---------------------------------------
L 06/03/2016 - 21:12:10: [TF2ITEMS] >>> szClassname = tf_weapon_shotgun
L 06/03/2016 - 21:12:10: [TF2ITEMS] >>> iItemDefinitionIndex = 15016
L 06/03/2016 - 21:12:10: [TF2ITEMS] >>> iEntityQuality = 2
L 06/03/2016 - 21:12:10: [TF2ITEMS] >>> iEntityLevel = 0
L 06/03/2016 - 21:12:10: [TF2ITEMS] ---------------------------------------
L 06/03/2016 - 21:12:10: [TF2ITEMS] >>> iAttributeDefinitionIndex = 2
L 06/03/2016 - 21:12:10: [TF2ITEMS] >>> flValue = 3.000000
L 06/03/2016 - 21:12:10: [TF2ITEMS] ---------------------------------------
L 06/03/2016 - 21:12:10: [TF2ITEMS] >>> iAttributeDefinitionIndex = 97
L 06/03/2016 - 21:12:10: [TF2ITEMS] >>> flValue = 0.400000
L 06/03/2016 - 21:12:10: [TF2ITEMS] ---------------------------------------
L 06/03/2016 - 21:12:10: [TF2ITEMS] >>> iAttributeDefinitionIndex = 6
L 06/03/2016 - 21:12:10: [TF2ITEMS] >>> flValue = 0.400000
L 06/03/2016 - 21:12:10: [TF2ITEMS] ---------------------------------------
L 06/03/2016 - 21:12:10: [SM] Native "TF2Items_GiveNamedItem" reported: Item is NULL. File a bug report if you are sure you set all the data correctly. (Try the FORCE_GENERATION flag.)
L 06/03/2016 - 21:12:10: [SM] Displaying call stack trace for plugin "ff2_deathmatch.smx":
L 06/03/2016 - 21:12:10: [SM]   [0]  Line 391, C:\ff2_ver2\steamapps\common\Team Fortress 2 Dedicated Server\tf\addons\sourcemod\scripting\ff2_deathmatch.sp::SpawnWeapon()
L 06/03/2016 - 21:12:10: [SM]   [1]  Line 278, C:\ff2_ver2\steamapps\common\Team Fortress 2 Dedicated Server\tf\addons\sourcemod\scripting\ff2_deathmatch.sp::GiveLastManWeapon()
L 06/03/2016 - 21:12:10: [SM]   [2]  Line 206, C:\ff2_ver2\steamapps\common\Team Fortress 2 Dedicated Server\tf\addons\sourcemod\scripting\ff2_deathmatch.sp::LastManCheck()
L 06/03/2016 - 21:14:56: [TF2ITEMS] ---------------------------------------
L 06/03/2016 - 21:14:56: [TF2ITEMS] >>> szClassname = tf_weapon_shotgun
L 06/03/2016 - 21:14:56: [TF2ITEMS] >>> iItemDefinitionIndex = 15016
L 06/03/2016 - 21:14:56: [TF2ITEMS] >>> iEntityQuality = 2
L 06/03/2016 - 21:14:56: [TF2ITEMS] >>> iEntityLevel = 0
L 06/03/2016 - 21:14:56: [TF2ITEMS] ---------------------------------------
L 06/03/2016 - 21:14:56: [TF2ITEMS] >>> iAttributeDefinitionIndex = 2
L 06/03/2016 - 21:14:56: [TF2ITEMS] >>> flValue = 3.000000
L 06/03/2016 - 21:14:56: [TF2ITEMS] ---------------------------------------
L 06/03/2016 - 21:14:56: [TF2ITEMS] >>> iAttributeDefinitionIndex = 97
L 06/03/2016 - 21:14:56: [TF2ITEMS] >>> flValue = 0.400000
L 06/03/2016 - 21:14:56: [TF2ITEMS] ---------------------------------------
L 06/03/2016 - 21:14:56: [TF2ITEMS] >>> iAttributeDefinitionIndex = 6
L 06/03/2016 - 21:14:56: [TF2ITEMS] >>> flValue = 0.400000
L 06/03/2016 - 21:14:56: [TF2ITEMS] ---------------------------------------
L 06/03/2016 - 21:14:56: [SM] Native "TF2Items_GiveNamedItem" reported: Item is NULL. File a bug report if you are sure you set all the data correctly. (Try the FORCE_GENERATION flag.)
L 06/03/2016 - 21:14:56: [SM] Displaying call stack trace for plugin "ff2_deathmatch.smx":
L 06/03/2016 - 21:14:56: [SM]   [0]  Line 391, C:\ff2_ver2\steamapps\common\Team Fortress 2 Dedicated Server\tf\addons\sourcemod\scripting\ff2_deathmatch.sp::SpawnWeapon()
L 06/03/2016 - 21:14:56: [SM]   [1]  Line 278, C:\ff2_ver2\steamapps\common\Team Fortress 2 Dedicated Server\tf\addons\sourcemod\scripting\ff2_deathmatch.sp::GiveLastManWeapon()
L 06/03/2016 - 21:14:56: [SM]   [2]  Line 189, C:\ff2_ver2\steamapps\common\Team Fortress 2 Dedicated Server\tf\addons\sourcemod\scripting\ff2_deathmatch.sp::OnPlayerDeath()
L 06/03/2016 - 21:25:51: [TF2ITEMS] ---------------------------------------
L 06/03/2016 - 21:25:51: [TF2ITEMS] >>> szClassname = tf_weapon_shotgun
L 06/03/2016 - 21:25:51: [TF2ITEMS] >>> iItemDefinitionIndex = 15016
L 06/03/2016 - 21:25:51: [TF2ITEMS] >>> iEntityQuality = 2
L 06/03/2016 - 21:25:51: [TF2ITEMS] >>> iEntityLevel = 0
L 06/03/2016 - 21:25:51: [TF2ITEMS] ---------------------------------------
L 06/03/2016 - 21:25:51: [TF2ITEMS] >>> iAttributeDefinitionIndex = 2
L 06/03/2016 - 21:25:51: [TF2ITEMS] >>> flValue = 3.000000
L 06/03/2016 - 21:25:51: [TF2ITEMS] ---------------------------------------
L 06/03/2016 - 21:25:51: [TF2ITEMS] >>> iAttributeDefinitionIndex = 97
L 06/03/2016 - 21:25:51: [TF2ITEMS] >>> flValue = 0.400000
L 06/03/2016 - 21:25:51: [TF2ITEMS] ---------------------------------------
L 06/03/2016 - 21:25:51: [TF2ITEMS] >>> iAttributeDefinitionIndex = 6
L 06/03/2016 - 21:25:51: [TF2ITEMS] >>> flValue = 0.400000
L 06/03/2016 - 21:25:51: [TF2ITEMS] ---------------------------------------
L 06/03/2016 - 21:25:51: [SM] Native "TF2Items_GiveNamedItem" reported: Item is NULL. File a bug report if you are sure you set all the data correctly. (Try the FORCE_GENERATION flag.)
L 06/03/2016 - 21:25:51: [SM] Displaying call stack trace for plugin "ff2_deathmatch.smx":
L 06/03/2016 - 21:25:51: [SM]   [0]  Line 391, C:\ff2_ver2\steamapps\common\Team Fortress 2 Dedicated Server\tf\addons\sourcemod\scripting\ff2_deathmatch.sp::SpawnWeapon()
L 06/03/2016 - 21:25:51: [SM]   [1]  Line 278, C:\ff2_ver2\steamapps\common\Team Fortress 2 Dedicated Server\tf\addons\sourcemod\scripting\ff2_deathmatch.sp::GiveLastManWeapon()
L 06/03/2016 - 21:25:51: [SM]   [2]  Line 189, C:\ff2_ver2\steamapps\common\Team Fortress 2 Dedicated Server\tf\addons\sourcemod\scripting\ff2_deathmatch.sp::OnPlayerDeath()
L 06/03/2016 - 21:31:20: Error log file session closed.
