L 06/01/2016 - 21:04:06: SourceMod error session started
L 06/01/2016 - 21:04:06: Info (map "vsh_apg_v2") (file "errors_20160601.log")
L 06/01/2016 - 21:04:06: [SM] Warning(s) encountered in translation file "freak_fortress_2.phrases.txt"
L 06/01/2016 - 21:04:06: [SM] Invalid token ' ' in #format property on line 71.
L 06/01/2016 - 21:04:06: [SM] Invalid token ' ' in #format property on line 424.
L 06/01/2016 - 21:04:06: [SM] Invalid token ' ' in #format property on line 429.
L 06/01/2016 - 21:04:06: [SM] Invalid token ' ' in #format property on line 429.
L 06/01/2016 - 21:04:06: [SM] Invalid token ' ' in #format property on line 438.
L 06/01/2016 - 21:04:06: [SM] Invalid token ' ' in #format property on line 438.
L 06/01/2016 - 21:04:06: [SM] Invalid token ' ' in #format property on line 438.
L 06/01/2016 - 21:04:06: [SM] Unable to load plugin "rockthevote.smx": Could not find required plugin "mapchooser"
L 06/01/2016 - 21:04:21: [nextmap.smx] FATAL: Cannot load map cycle. Nextmap not loaded.
L 06/01/2016 - 21:04:21: [SM] Plugin encountered error 25: Call was aborted
L 06/01/2016 - 21:04:21: [SM] Native "SetFailState" reported: Mapcycle Not Found
L 06/01/2016 - 21:04:21: [SM] Displaying call stack trace for plugin "nextmap.smx":
L 06/01/2016 - 21:04:21: [SM]   [0]  Line 139, D:\builds\build-sourcemod-msvc12\windows-1.7\build\plugins\nextmap.sp::FindAndSetNextMap()
L 06/01/2016 - 21:04:21: [SM]   [1]  Line 109, D:\builds\build-sourcemod-msvc12\windows-1.7\build\plugins\nextmap.sp::OnConfigsExecuted()
L 06/01/2016 - 21:04:28: Error log file session closed.
L 06/01/2016 - 21:06:35: SourceMod error session started
L 06/01/2016 - 21:06:35: Info (map "vsh_apg_v2") (file "errors_20160601.log")
L 06/01/2016 - 21:06:35: [SM] Warning(s) encountered in translation file "freak_fortress_2.phrases.txt"
L 06/01/2016 - 21:06:35: [SM] Invalid token ' ' in #format property on line 71.
L 06/01/2016 - 21:06:35: [SM] Invalid token ' ' in #format property on line 424.
L 06/01/2016 - 21:06:35: [SM] Invalid token ' ' in #format property on line 429.
L 06/01/2016 - 21:06:35: [SM] Invalid token ' ' in #format property on line 429.
L 06/01/2016 - 21:06:35: [SM] Invalid token ' ' in #format property on line 438.
L 06/01/2016 - 21:06:35: [SM] Invalid token ' ' in #format property on line 438.
L 06/01/2016 - 21:06:35: [SM] Invalid token ' ' in #format property on line 438.
L 06/01/2016 - 21:06:35: [SM] Unable to load plugin "rockthevote.smx": Could not find required plugin "mapchooser"
L 06/01/2016 - 21:06:47: [nextmap.smx] FATAL: Cannot load map cycle. Nextmap not loaded.
L 06/01/2016 - 21:06:47: [SM] Plugin encountered error 25: Call was aborted
L 06/01/2016 - 21:06:47: [SM] Native "SetFailState" reported: Mapcycle Not Found
L 06/01/2016 - 21:06:47: [SM] Displaying call stack trace for plugin "nextmap.smx":
L 06/01/2016 - 21:06:47: [SM]   [0]  Line 139, D:\builds\build-sourcemod-msvc12\windows-1.7\build\plugins\nextmap.sp::FindAndSetNextMap()
L 06/01/2016 - 21:06:47: [SM]   [1]  Line 109, D:\builds\build-sourcemod-msvc12\windows-1.7\build\plugins\nextmap.sp::OnConfigsExecuted()
L 06/01/2016 - 21:09:51: [TF2ITEMS] ---------------------------------------
L 06/01/2016 - 21:09:51: [TF2ITEMS] >>> szClassname = tf_weapon_shotgun
L 06/01/2016 - 21:09:51: [TF2ITEMS] >>> iItemDefinitionIndex = 199
L 06/01/2016 - 21:09:51: [TF2ITEMS] >>> iEntityQuality = 1
L 06/01/2016 - 21:09:51: [TF2ITEMS] >>> iEntityLevel = 0
L 06/01/2016 - 21:09:51: [TF2ITEMS] ---------------------------------------
L 06/01/2016 - 21:09:51: [SM] Native "TF2Items_GiveNamedItem" reported: Item is NULL. File a bug report if you are sure you set all the data correctly. (Try the FORCE_GENERATION flag.)
L 06/01/2016 - 21:09:51: [SM] Displaying call stack trace for plugin "ff2_deathmatch.smx":
L 06/01/2016 - 21:09:51: [SM]   [0]  Line 262, C:\ff2_ver2\steamapps\common\Team Fortress 2 Dedicated Server\tf\addons\sourcemod\scripting\ff2_deathmatch.sp::SpawnWeapon()
L 06/01/2016 - 21:09:51: [SM]   [1]  Line 200, C:\ff2_ver2\steamapps\common\Team Fortress 2 Dedicated Server\tf\addons\sourcemod\scripting\ff2_deathmatch.sp::GiveLastManWeapon()
L 06/01/2016 - 21:09:51: [SM]   [2]  Line 147, C:\ff2_ver2\steamapps\common\Team Fortress 2 Dedicated Server\tf\addons\sourcemod\scripting\ff2_deathmatch.sp::OnPlayerDeath()
L 06/01/2016 - 21:10:06: [freak_fortress_2.smx] [FF2 Bosses] Character spyper is missing file 'sound/vo/taunts/spy_taunt_rps_lose_11.mp3' in section 'sound_stabbed'!
L 06/01/2016 - 21:12:20: [TF2ITEMS] ---------------------------------------
L 06/01/2016 - 21:12:20: [TF2ITEMS] >>> szClassname = saxxy
L 06/01/2016 - 21:12:20: [TF2ITEMS] >>> iItemDefinitionIndex = 1071
L 06/01/2016 - 21:12:20: [TF2ITEMS] >>> iEntityQuality = 1
L 06/01/2016 - 21:12:20: [TF2ITEMS] >>> iEntityLevel = 0
L 06/01/2016 - 21:12:20: [TF2ITEMS] ---------------------------------------
L 06/01/2016 - 21:12:20: [SM] Native "TF2Items_GiveNamedItem" reported: Item is NULL. File a bug report if you are sure you set all the data correctly. (Try the FORCE_GENERATION flag.)
L 06/01/2016 - 21:12:20: [SM] Displaying call stack trace for plugin "ff2_deathmatch.smx":
L 06/01/2016 - 21:12:20: [SM]   [0]  Line 262, C:\ff2_ver2\steamapps\common\Team Fortress 2 Dedicated Server\tf\addons\sourcemod\scripting\ff2_deathmatch.sp::SpawnWeapon()
L 06/01/2016 - 21:12:20: [SM]   [1]  Line 220, C:\ff2_ver2\steamapps\common\Team Fortress 2 Dedicated Server\tf\addons\sourcemod\scripting\ff2_deathmatch.sp::GiveLastManWeapon()
L 06/01/2016 - 21:12:20: [SM]   [2]  Line 147, C:\ff2_ver2\steamapps\common\Team Fortress 2 Dedicated Server\tf\addons\sourcemod\scripting\ff2_deathmatch.sp::OnPlayerDeath()
L 06/01/2016 - 21:12:35: [freak_fortress_2.smx] [FF2 Bosses] Character spyper is missing file 'sound/vo/taunts/spy_taunt_rps_lose_11.mp3' in section 'sound_stabbed'!
L 06/01/2016 - 21:18:24: [TF2ITEMS] ---------------------------------------
L 06/01/2016 - 21:18:24: [TF2ITEMS] >>> szClassname = tf_weapon_shotgun
L 06/01/2016 - 21:18:24: [TF2ITEMS] >>> iItemDefinitionIndex = 199
L 06/01/2016 - 21:18:24: [TF2ITEMS] >>> iEntityQuality = 1
L 06/01/2016 - 21:18:24: [TF2ITEMS] >>> iEntityLevel = 0
L 06/01/2016 - 21:18:24: [TF2ITEMS] ---------------------------------------
L 06/01/2016 - 21:18:24: [SM] Native "TF2Items_GiveNamedItem" reported: Item is NULL. File a bug report if you are sure you set all the data correctly. (Try the FORCE_GENERATION flag.)
L 06/01/2016 - 21:18:24: [SM] Displaying call stack trace for plugin "ff2_deathmatch.smx":
L 06/01/2016 - 21:18:24: [SM]   [0]  Line 263, C:\ff2_ver2\steamapps\common\Team Fortress 2 Dedicated Server\tf\addons\sourcemod\scripting\ff2_deathmatch.sp::SpawnWeapon()
L 06/01/2016 - 21:18:24: [SM]   [1]  Line 195, C:\ff2_ver2\steamapps\common\Team Fortress 2 Dedicated Server\tf\addons\sourcemod\scripting\ff2_deathmatch.sp::GiveLastManWeapon()
L 06/01/2016 - 21:18:24: [SM]   [2]  Line 147, C:\ff2_ver2\steamapps\common\Team Fortress 2 Dedicated Server\tf\addons\sourcemod\scripting\ff2_deathmatch.sp::OnPlayerDeath()
L 06/01/2016 - 21:18:39: [freak_fortress_2.smx] [FF2 Bosses] Character spyper is missing file 'sound/vo/taunts/spy_taunt_rps_lose_11.mp3' in section 'sound_stabbed'!
L 06/01/2016 - 21:33:44: [TF2ITEMS] ---------------------------------------
L 06/01/2016 - 21:33:44: [TF2ITEMS] >>> szClassname = tf_weapon_shotgun
L 06/01/2016 - 21:33:44: [TF2ITEMS] >>> iItemDefinitionIndex = 199
L 06/01/2016 - 21:33:44: [TF2ITEMS] >>> iEntityQuality = 1
L 06/01/2016 - 21:33:44: [TF2ITEMS] >>> iEntityLevel = 0
L 06/01/2016 - 21:33:44: [TF2ITEMS] ---------------------------------------
L 06/01/2016 - 21:33:44: [SM] Native "TF2Items_GiveNamedItem" reported: Item is NULL. File a bug report if you are sure you set all the data correctly. (Try the FORCE_GENERATION flag.)
L 06/01/2016 - 21:33:44: [SM] Displaying call stack trace for plugin "ff2_deathmatch.smx":
L 06/01/2016 - 21:33:44: [SM]   [0]  Line 263, C:\ff2_ver2\steamapps\common\Team Fortress 2 Dedicated Server\tf\addons\sourcemod\scripting\ff2_deathmatch.sp::SpawnWeapon()
L 06/01/2016 - 21:33:44: [SM]   [1]  Line 195, C:\ff2_ver2\steamapps\common\Team Fortress 2 Dedicated Server\tf\addons\sourcemod\scripting\ff2_deathmatch.sp::GiveLastManWeapon()
L 06/01/2016 - 21:33:44: [SM]   [2]  Line 147, C:\ff2_ver2\steamapps\common\Team Fortress 2 Dedicated Server\tf\addons\sourcemod\scripting\ff2_deathmatch.sp::OnPlayerDeath()
L 06/01/2016 - 21:38:11: [SM] Plugin encountered error 14: Divide by zero
L 06/01/2016 - 21:38:11: [SM] Displaying call stack trace for plugin "ff2_deathmatch.smx":
L 06/01/2016 - 21:38:11: [SM]   [0]  Line 120, C:\ff2_ver2\steamapps\common\Team Fortress 2 Dedicated Server\tf\addons\sourcemod\scripting\ff2_deathmatch.sp::OnPlayerDeath()
L 06/01/2016 - 21:43:38: Error log file session closed.
L 06/01/2016 - 21:43:40: SourceMod error session started
L 06/01/2016 - 21:43:40: Info (map "vsh_apg_v2") (file "errors_20160601.log")
L 06/01/2016 - 21:43:40: [SM] Warning(s) encountered in translation file "freak_fortress_2.phrases.txt"
L 06/01/2016 - 21:43:40: [SM] Invalid token ' ' in #format property on line 71.
L 06/01/2016 - 21:43:40: [SM] Invalid token ' ' in #format property on line 424.
L 06/01/2016 - 21:43:40: [SM] Invalid token ' ' in #format property on line 429.
L 06/01/2016 - 21:43:40: [SM] Invalid token ' ' in #format property on line 429.
L 06/01/2016 - 21:43:40: [SM] Invalid token ' ' in #format property on line 438.
L 06/01/2016 - 21:43:40: [SM] Invalid token ' ' in #format property on line 438.
L 06/01/2016 - 21:43:40: [SM] Invalid token ' ' in #format property on line 438.
L 06/01/2016 - 21:43:41: [SM] Unable to load plugin "rockthevote.smx": Could not find required plugin "mapchooser"
L 06/01/2016 - 21:43:54: [nextmap.smx] FATAL: Cannot load map cycle. Nextmap not loaded.
L 06/01/2016 - 21:43:54: [SM] Plugin encountered error 25: Call was aborted
L 06/01/2016 - 21:43:54: [SM] Native "SetFailState" reported: Mapcycle Not Found
L 06/01/2016 - 21:43:54: [SM] Displaying call stack trace for plugin "nextmap.smx":
L 06/01/2016 - 21:43:54: [SM]   [0]  Line 139, D:\builds\build-sourcemod-msvc12\windows-1.7\build\plugins\nextmap.sp::FindAndSetNextMap()
L 06/01/2016 - 21:43:54: [SM]   [1]  Line 109, D:\builds\build-sourcemod-msvc12\windows-1.7\build\plugins\nextmap.sp::OnConfigsExecuted()
L 06/01/2016 - 21:46:57: [SM] Native "VFormat" reported: Client index 1 is invalid
L 06/01/2016 - 21:46:57: [SM] Displaying call stack trace for plugin "ff2_deathmatch.smx":
L 06/01/2016 - 21:46:57: [SM]   [0]  Line 71, C:\ff2_ver2\steamapps\common\Team Fortress 2 Dedicated Server\tf\addons\sourcemod\scripting\include\morecolors.inc::CPrintToChatAll()
L 06/01/2016 - 21:46:57: [SM]   [1]  Line 120, C:\ff2_ver2\steamapps\common\Team Fortress 2 Dedicated Server\tf\addons\sourcemod\scripting\ff2_deathmatch.sp::OnPlayerDeath()
L 06/01/2016 - 21:48:15: [TF2ITEMS] ---------------------------------------
L 06/01/2016 - 21:48:15: [TF2ITEMS] >>> szClassname = tf_weapon_shotgun
L 06/01/2016 - 21:48:15: [TF2ITEMS] >>> iItemDefinitionIndex = 199
L 06/01/2016 - 21:48:15: [TF2ITEMS] >>> iEntityQuality = 1
L 06/01/2016 - 21:48:15: [TF2ITEMS] >>> iEntityLevel = 0
L 06/01/2016 - 21:48:15: [TF2ITEMS] ---------------------------------------
L 06/01/2016 - 21:48:15: [SM] Native "TF2Items_GiveNamedItem" reported: Item is NULL. File a bug report if you are sure you set all the data correctly. (Try the FORCE_GENERATION flag.)
L 06/01/2016 - 21:48:15: [SM] Displaying call stack trace for plugin "ff2_deathmatch.smx":
L 06/01/2016 - 21:48:15: [SM]   [0]  Line 263, C:\ff2_ver2\steamapps\common\Team Fortress 2 Dedicated Server\tf\addons\sourcemod\scripting\ff2_deathmatch.sp::SpawnWeapon()
L 06/01/2016 - 21:48:15: [SM]   [1]  Line 200, C:\ff2_ver2\steamapps\common\Team Fortress 2 Dedicated Server\tf\addons\sourcemod\scripting\ff2_deathmatch.sp::GiveLastManWeapon()
L 06/01/2016 - 21:48:15: [SM]   [2]  Line 147, C:\ff2_ver2\steamapps\common\Team Fortress 2 Dedicated Server\tf\addons\sourcemod\scripting\ff2_deathmatch.sp::OnPlayerDeath()
L 06/01/2016 - 22:15:47: [freak_fortress_2.smx] [FF2 Bosses] Character spyper is missing file 'sound/vo/taunts/spy_taunt_rps_lose_11.mp3' in section 'sound_stabbed'!
L 06/01/2016 - 22:21:51: Error log file session closed.
L 06/01/2016 - 22:21:51: SourceMod error session started
L 06/01/2016 - 22:21:51: Info (map "vsh_streets_v3") (file "errors_20160601.log")
L 06/01/2016 - 22:21:51: [SM] Warning(s) encountered in translation file "freak_fortress_2.phrases.txt"
L 06/01/2016 - 22:21:51: [SM] Invalid token ' ' in #format property on line 71.
L 06/01/2016 - 22:21:51: [SM] Invalid token ' ' in #format property on line 424.
L 06/01/2016 - 22:21:51: [SM] Invalid token ' ' in #format property on line 429.
L 06/01/2016 - 22:21:51: [SM] Invalid token ' ' in #format property on line 429.
L 06/01/2016 - 22:21:51: [SM] Invalid token ' ' in #format property on line 438.
L 06/01/2016 - 22:21:51: [SM] Invalid token ' ' in #format property on line 438.
L 06/01/2016 - 22:21:51: [SM] Invalid token ' ' in #format property on line 438.
L 06/01/2016 - 22:21:51: [SM] Unable to load plugin "rockthevote.smx": Could not find required plugin "mapchooser"
L 06/01/2016 - 22:21:57: [nextmap.smx] FATAL: Cannot load map cycle. Nextmap not loaded.
L 06/01/2016 - 22:21:57: [SM] Plugin encountered error 25: Call was aborted
L 06/01/2016 - 22:21:57: [SM] Native "SetFailState" reported: Mapcycle Not Found
L 06/01/2016 - 22:21:57: [SM] Displaying call stack trace for plugin "nextmap.smx":
L 06/01/2016 - 22:21:57: [SM]   [0]  Line 139, D:\builds\build-sourcemod-msvc12\windows-1.7\build\plugins\nextmap.sp::FindAndSetNextMap()
L 06/01/2016 - 22:21:57: [SM]   [1]  Line 109, D:\builds\build-sourcemod-msvc12\windows-1.7\build\plugins\nextmap.sp::OnConfigsExecuted()
L 06/01/2016 - 22:23:28: [freak_fortress_2.smx] [FF2 Bosses] Character spyper is missing file 'sound/vo/taunts/spy_taunt_rps_lose_11.mp3' in section 'sound_stabbed'!
L 06/01/2016 - 22:26:28: [TF2ITEMS] ---------------------------------------
L 06/01/2016 - 22:26:28: [TF2ITEMS] >>> szClassname = tf_weapon_shotgun
L 06/01/2016 - 22:26:28: [TF2ITEMS] >>> iItemDefinitionIndex = 199
L 06/01/2016 - 22:26:28: [TF2ITEMS] >>> iEntityQuality = 1
L 06/01/2016 - 22:26:28: [TF2ITEMS] >>> iEntityLevel = 0
L 06/01/2016 - 22:26:28: [TF2ITEMS] ---------------------------------------
L 06/01/2016 - 22:26:28: [SM] Native "TF2Items_GiveNamedItem" reported: Item is NULL. File a bug report if you are sure you set all the data correctly. (Try the FORCE_GENERATION flag.)
L 06/01/2016 - 22:26:28: [SM] Displaying call stack trace for plugin "ff2_deathmatch.smx":
L 06/01/2016 - 22:26:28: [SM]   [0]  Line 267, C:\ff2_ver2\steamapps\common\Team Fortress 2 Dedicated Server\tf\addons\sourcemod\scripting\ff2_deathmatch.sp::SpawnWeapon()
L 06/01/2016 - 22:26:28: [SM]   [1]  Line 200, C:\ff2_ver2\steamapps\common\Team Fortress 2 Dedicated Server\tf\addons\sourcemod\scripting\ff2_deathmatch.sp::GiveLastManWeapon()
L 06/01/2016 - 22:26:28: [SM]   [2]  Line 147, C:\ff2_ver2\steamapps\common\Team Fortress 2 Dedicated Server\tf\addons\sourcemod\scripting\ff2_deathmatch.sp::OnPlayerDeath()
L 06/01/2016 - 22:26:56: [freak_fortress_2.smx] [FF2 Bosses] Character spyper is missing file 'sound/vo/taunts/spy_taunt_rps_lose_11.mp3' in section 'sound_stabbed'!
L 06/01/2016 - 22:30:13: [TF2ITEMS] ---------------------------------------
L 06/01/2016 - 22:30:13: [TF2ITEMS] >>> szClassname = tf_weapon_shotgun
L 06/01/2016 - 22:30:13: [TF2ITEMS] >>> iItemDefinitionIndex = 199
L 06/01/2016 - 22:30:13: [TF2ITEMS] >>> iEntityQuality = 1
L 06/01/2016 - 22:30:13: [TF2ITEMS] >>> iEntityLevel = 0
L 06/01/2016 - 22:30:13: [TF2ITEMS] ---------------------------------------
L 06/01/2016 - 22:30:13: [SM] Native "TF2Items_GiveNamedItem" reported: Item is NULL. File a bug report if you are sure you set all the data correctly. (Try the FORCE_GENERATION flag.)
L 06/01/2016 - 22:30:13: [SM] Displaying call stack trace for plugin "ff2_deathmatch.smx":
L 06/01/2016 - 22:30:13: [SM]   [0]  Line 267, C:\ff2_ver2\steamapps\common\Team Fortress 2 Dedicated Server\tf\addons\sourcemod\scripting\ff2_deathmatch.sp::SpawnWeapon()
L 06/01/2016 - 22:30:13: [SM]   [1]  Line 200, C:\ff2_ver2\steamapps\common\Team Fortress 2 Dedicated Server\tf\addons\sourcemod\scripting\ff2_deathmatch.sp::GiveLastManWeapon()
L 06/01/2016 - 22:30:13: [SM]   [2]  Line 147, C:\ff2_ver2\steamapps\common\Team Fortress 2 Dedicated Server\tf\addons\sourcemod\scripting\ff2_deathmatch.sp::OnPlayerDeath()
L 06/01/2016 - 22:30:28: [freak_fortress_2.smx] [FF2 Bosses] Character spyper is missing file 'sound/vo/taunts/spy_taunt_rps_lose_11.mp3' in section 'sound_stabbed'!
L 06/01/2016 - 22:38:13: [freak_fortress_2.smx] [FF2 Bosses] Character spyper is missing file 'sound/vo/taunts/spy_taunt_rps_lose_11.mp3' in section 'sound_stabbed'!
L 06/01/2016 - 22:44:44: [freak_fortress_2.smx] [FF2 Bosses] Character spyper is missing file 'sound/vo/taunts/spy_taunt_rps_lose_11.mp3' in section 'sound_stabbed'!
L 06/01/2016 - 22:59:36: Error log file session closed.
L 06/01/2016 - 22:59:36: SourceMod error session started
L 06/01/2016 - 22:59:36: Info (map "vsh_rockslide_2") (file "errors_20160601.log")
L 06/01/2016 - 22:59:36: [SM] Warning(s) encountered in translation file "freak_fortress_2.phrases.txt"
L 06/01/2016 - 22:59:36: [SM] Invalid token ' ' in #format property on line 71.
L 06/01/2016 - 22:59:36: [SM] Invalid token ' ' in #format property on line 424.
L 06/01/2016 - 22:59:36: [SM] Invalid token ' ' in #format property on line 429.
L 06/01/2016 - 22:59:36: [SM] Invalid token ' ' in #format property on line 429.
L 06/01/2016 - 22:59:36: [SM] Invalid token ' ' in #format property on line 438.
L 06/01/2016 - 22:59:36: [SM] Invalid token ' ' in #format property on line 438.
L 06/01/2016 - 22:59:36: [SM] Invalid token ' ' in #format property on line 438.
L 06/01/2016 - 22:59:36: [SM] Unable to load plugin "rockthevote.smx": Could not find required plugin "mapchooser"
L 06/01/2016 - 22:59:41: [nextmap.smx] FATAL: Cannot load map cycle. Nextmap not loaded.
L 06/01/2016 - 22:59:41: [SM] Plugin encountered error 25: Call was aborted
L 06/01/2016 - 22:59:41: [SM] Native "SetFailState" reported: Mapcycle Not Found
L 06/01/2016 - 22:59:41: [SM] Displaying call stack trace for plugin "nextmap.smx":
L 06/01/2016 - 22:59:41: [SM]   [0]  Line 139, D:\builds\build-sourcemod-msvc12\windows-1.7\build\plugins\nextmap.sp::FindAndSetNextMap()
L 06/01/2016 - 22:59:41: [SM]   [1]  Line 109, D:\builds\build-sourcemod-msvc12\windows-1.7\build\plugins\nextmap.sp::OnConfigsExecuted()
L 06/01/2016 - 23:03:02: [freak_fortress_2.smx] [FF2 Bosses] Character spyper is missing file 'sound/vo/taunts/spy_taunt_rps_lose_11.mp3' in section 'sound_stabbed'!
L 06/01/2016 - 23:16:00: Error log file session closed.
