L 04/10/2016 - 20:37:43: SourceMod log file session started (file "L20160410.log") (Version "1.7.3-dev+5298")
L 04/10/2016 - 20:37:43: -------- Mapchange to arena_badlands --------
L 04/10/2016 - 20:37:43: [TF2ITEMS] "GiveNamedItem" offset = 472
L 04/10/2016 - 20:37:45: [Boss Selection.smx] [FF2boss] Added chat command: ff2boss
L 04/10/2016 - 20:37:45: [Boss Selection.smx] [FF2boss] Added chat command: boss
L 04/10/2016 - 20:37:45: [Boss Selection.smx] [FF2boss] Added chat command: 보스
L 04/10/2016 - 20:37:45: [Boss Selection.smx] [FF2boss] Added chat command: 보스선택
L 04/10/2016 - 20:37:45: [custompart.smx] Debug for CustomPart
L 04/10/2016 - 20:37:45: [freak_fortress_2.smx] ===Freak Fortress 2 Initializing-v1.10.9 Beta (build manual)===
L 04/10/2016 - 20:37:59: [Boss Selection.smx] [FF2boss] Added chat command: ff2boss
L 04/10/2016 - 20:37:59: [Boss Selection.smx] [FF2boss] Added chat command: boss
L 04/10/2016 - 20:37:59: [Boss Selection.smx] [FF2boss] Added chat command: 보스
L 04/10/2016 - 20:37:59: [Boss Selection.smx] [FF2boss] Added chat command: 보스선택
L 04/10/2016 - 21:26:24: Log file closed.
L 04/10/2016 - 23:24:59: SourceMod log file session started (file "L20160410.log") (Version "1.7.3-dev+5298")
L 04/10/2016 - 23:24:59: -------- Mapchange to arena_badlands --------
L 04/10/2016 - 23:24:59: [TF2ITEMS] "GiveNamedItem" offset = 472
L 04/10/2016 - 23:25:01: [Boss Selection.smx] [FF2boss] Added chat command: ff2boss
L 04/10/2016 - 23:25:01: [Boss Selection.smx] [FF2boss] Added chat command: boss
L 04/10/2016 - 23:25:01: [Boss Selection.smx] [FF2boss] Added chat command: 보스
L 04/10/2016 - 23:25:01: [Boss Selection.smx] [FF2boss] Added chat command: 보스선택
L 04/10/2016 - 23:25:01: [custompart.smx] Debug for CustomPart
L 04/10/2016 - 23:25:01: [freak_fortress_2.smx] ===Freak Fortress 2 Initializing-v1.10.9 Beta (build manual)===
L 04/10/2016 - 23:25:14: [Boss Selection.smx] [FF2boss] Added chat command: ff2boss
L 04/10/2016 - 23:25:14: [Boss Selection.smx] [FF2boss] Added chat command: boss
L 04/10/2016 - 23:25:14: [Boss Selection.smx] [FF2boss] Added chat command: 보스
L 04/10/2016 - 23:25:14: [Boss Selection.smx] [FF2boss] Added chat command: 보스선택
L 04/10/2016 - 23:38:01: [Boss Selection.smx] 선택한 보스 이름: Freddy Krueger
L 04/10/2016 - 23:39:38: [freak_fortress_2.smx] "Nopied◎<2><[U:1:103205717]><>" added 1234 queue points to "Nopied◎<2><[U:1:103205717]><>"
L 04/10/2016 - 23:50:58: [basecommands.smx] "Nopied◎<2><[U:1:103205717]><>" kicked "Rimuru Temfest<3><[U:1:76700589]><>" (reason "이 텍스트를 봤다면 당신은 멀록")
L 04/10/2016 - 23:50:58: [basecommands.smx] "Nopied◎<2><[U:1:103205717]><>" kicked "@ _ @ ♥ 깜찍이<4><[U:1:250739772]><>" (reason "이 텍스트를 봤다면 당신은 멀록")
L 04/10/2016 - 23:50:58: [basecommands.smx] "Nopied◎<2><[U:1:103205717]><>" kicked "호르알(nondor egg)<6><[U:1:118878229]><>" (reason "이 텍스트를 봤다면 당신은 멀록")
L 04/10/2016 - 23:50:58: [basecommands.smx] "Nopied◎<2><[U:1:103205717]><>" kicked "Nopied◎<2><[U:1:103205717]><>" (reason "이 텍스트를 봤다면 당신은 멀록")
L 04/10/2016 - 23:51:08: Log file closed.
