L 04/19/2016 - 20:43:19: SourceMod log file session started (file "L20160419.log") (Version "1.7.3-dev+5298")
L 04/19/2016 - 20:43:19: -------- Mapchange to arena_badlands --------
L 04/19/2016 - 20:43:19: [TF2ITEMS] "GiveNamedItem" offset = 472
L 04/19/2016 - 20:43:21: [Boss Selection.smx] [FF2boss] Added chat command: ff2boss
L 04/19/2016 - 20:43:21: [Boss Selection.smx] [FF2boss] Added chat command: boss
L 04/19/2016 - 20:43:21: [Boss Selection.smx] [FF2boss] Added chat command: 보스
L 04/19/2016 - 20:43:21: [Boss Selection.smx] [FF2boss] Added chat command: 보스선택
L 04/19/2016 - 20:43:21: [custompart.smx] Debug for CustomPart
L 04/19/2016 - 20:43:21: [freak_fortress_2.smx] ===Freak Fortress 2 Initializing-v1.10.9 Beta (build manual)===
L 04/19/2016 - 20:43:35: [Boss Selection.smx] [FF2boss] Added chat command: ff2boss
L 04/19/2016 - 20:43:35: [Boss Selection.smx] [FF2boss] Added chat command: boss
L 04/19/2016 - 20:43:35: [Boss Selection.smx] [FF2boss] Added chat command: 보스
L 04/19/2016 - 20:43:35: [Boss Selection.smx] [FF2boss] Added chat command: 보스선택
L 04/19/2016 - 20:56:23: Log file closed.
L 04/19/2016 - 20:56:37: SourceMod log file session started (file "L20160419.log") (Version "1.7.3-dev+5298")
L 04/19/2016 - 20:56:37: -------- Mapchange to arena_badlands --------
L 04/19/2016 - 20:56:37: [TF2ITEMS] "GiveNamedItem" offset = 472
L 04/19/2016 - 20:56:37: [Boss Selection.smx] [FF2boss] Added chat command: ff2boss
L 04/19/2016 - 20:56:37: [Boss Selection.smx] [FF2boss] Added chat command: boss
L 04/19/2016 - 20:56:37: [Boss Selection.smx] [FF2boss] Added chat command: 보스
L 04/19/2016 - 20:56:37: [Boss Selection.smx] [FF2boss] Added chat command: 보스선택
L 04/19/2016 - 20:56:37: [custompart.smx] Debug for CustomPart
L 04/19/2016 - 20:56:37: [freak_fortress_2.smx] ===Freak Fortress 2 Initializing-v1.10.9 Beta (build manual)===
L 04/19/2016 - 20:56:48: [Boss Selection.smx] [FF2boss] Added chat command: ff2boss
L 04/19/2016 - 20:56:48: [Boss Selection.smx] [FF2boss] Added chat command: boss
L 04/19/2016 - 20:56:48: [Boss Selection.smx] [FF2boss] Added chat command: 보스
L 04/19/2016 - 20:56:48: [Boss Selection.smx] [FF2boss] Added chat command: 보스선택
L 04/19/2016 - 20:59:12: [playercommands.smx] "Nopied◎<2><[U:1:103205717]><>" slayed "Nopied◎<2><[U:1:103205717]><>"
L 04/19/2016 - 20:59:12: [playercommands.smx] "Nopied◎<2><[U:1:103205717]><>" slayed "Bot01<3><BOT><>"
L 04/19/2016 - 20:59:12: [playercommands.smx] "Nopied◎<2><[U:1:103205717]><>" slayed "Bot02<4><BOT><>"
L 04/19/2016 - 20:59:12: [playercommands.smx] "Nopied◎<2><[U:1:103205717]><>" slayed "Bot03<5><BOT><>"
L 04/19/2016 - 20:59:12: [playercommands.smx] "Nopied◎<2><[U:1:103205717]><>" slayed "Bot04<6><BOT><>"
L 04/19/2016 - 20:59:12: [playercommands.smx] "Nopied◎<2><[U:1:103205717]><>" slayed "Bot05<7><BOT><>"
L 04/19/2016 - 20:59:12: [playercommands.smx] "Nopied◎<2><[U:1:103205717]><>" slayed "Bot06<8><BOT><>"
L 04/19/2016 - 21:04:00: Log file closed.
L 04/19/2016 - 21:17:32: SourceMod log file session started (file "L20160419.log") (Version "1.7.3-dev+5298")
L 04/19/2016 - 21:17:32: -------- Mapchange to arena_badlands --------
L 04/19/2016 - 21:17:32: [TF2ITEMS] "GiveNamedItem" offset = 472
L 04/19/2016 - 21:17:33: [Boss Selection.smx] [FF2boss] Added chat command: ff2boss
L 04/19/2016 - 21:17:33: [Boss Selection.smx] [FF2boss] Added chat command: boss
L 04/19/2016 - 21:17:33: [Boss Selection.smx] [FF2boss] Added chat command: 보스
L 04/19/2016 - 21:17:33: [Boss Selection.smx] [FF2boss] Added chat command: 보스선택
L 04/19/2016 - 21:17:33: [custompart.smx] Debug for CustomPart
L 04/19/2016 - 21:17:33: [freak_fortress_2.smx] ===Freak Fortress 2 Initializing-v1.10.9 Beta (build manual)===
L 04/19/2016 - 21:17:44: [Boss Selection.smx] [FF2boss] Added chat command: ff2boss
L 04/19/2016 - 21:17:44: [Boss Selection.smx] [FF2boss] Added chat command: boss
L 04/19/2016 - 21:17:44: [Boss Selection.smx] [FF2boss] Added chat command: 보스
L 04/19/2016 - 21:17:44: [Boss Selection.smx] [FF2boss] Added chat command: 보스선택
L 04/19/2016 - 21:21:21: [playercommands.smx] "Nopied◎<2><[U:1:103205717]><>" slayed "Bot03<8><BOT><>"
L 04/19/2016 - 21:21:32: [basecommands.smx] "Nopied◎<2><[U:1:103205717]><>" kicked "Bot01<6><BOT><>" (reason "")
L 04/19/2016 - 21:21:33: [basecommands.smx] "Nopied◎<2><[U:1:103205717]><>" kicked "Bot02<7><BOT><>" (reason "")
L 04/19/2016 - 21:21:33: [basecommands.smx] "Nopied◎<2><[U:1:103205717]><>" kicked "Bot03<8><BOT><>" (reason "")
L 04/19/2016 - 21:21:33: [basecommands.smx] "Nopied◎<2><[U:1:103205717]><>" kicked "Bot04<9><BOT><>" (reason "")
L 04/19/2016 - 21:21:34: [basecommands.smx] "Nopied◎<2><[U:1:103205717]><>" kicked "Bot05<10><BOT><>" (reason "")
L 04/19/2016 - 21:21:34: [basecommands.smx] "Nopied◎<2><[U:1:103205717]><>" kicked "Bot06<11><BOT><>" (reason "")
L 04/19/2016 - 21:21:47: [Boss Selection.smx] 이 클라이언트는 0의 대기포인트를 저장해놓은 상태.
L 04/19/2016 - 21:24:33: [Boss Selection.smx] 이 클라이언트는 0의 대기포인트를 저장해놓은 상태.
L 04/19/2016 - 21:26:50: [Boss Selection.smx] 이 클라이언트는 0의 대기포인트를 저장해놓은 상태.
L 04/19/2016 - 21:27:00: [freak_fortress_2.smx] "Nopied◎<2><[U:1:103205717]><>" added 123 queue points to "Nopied◎<2><[U:1:103205717]><>"
L 04/19/2016 - 21:32:55: SourceMod log file session started (file "L20160419.log") (Version "1.7.3-dev+5298")
L 04/19/2016 - 21:32:55: -------- Mapchange to arena_badlands --------
L 04/19/2016 - 21:32:55: [TF2ITEMS] "GiveNamedItem" offset = 472
L 04/19/2016 - 21:32:56: [Boss Selection.smx] [FF2boss] Added chat command: ff2boss
L 04/19/2016 - 21:32:56: [Boss Selection.smx] [FF2boss] Added chat command: boss
L 04/19/2016 - 21:32:56: [Boss Selection.smx] [FF2boss] Added chat command: 보스
L 04/19/2016 - 21:32:56: [Boss Selection.smx] [FF2boss] Added chat command: 보스선택
L 04/19/2016 - 21:32:56: [custompart.smx] Debug for CustomPart
L 04/19/2016 - 21:32:56: [freak_fortress_2.smx] ===Freak Fortress 2 Initializing-v1.10.9 Beta (build manual)===
L 04/19/2016 - 21:33:09: [Boss Selection.smx] [FF2boss] Added chat command: ff2boss
L 04/19/2016 - 21:33:09: [Boss Selection.smx] [FF2boss] Added chat command: boss
L 04/19/2016 - 21:33:09: [Boss Selection.smx] [FF2boss] Added chat command: 보스
L 04/19/2016 - 21:33:09: [Boss Selection.smx] [FF2boss] Added chat command: 보스선택
L 04/19/2016 - 21:37:58: [Boss Selection.smx] 이 클라이언트는 0의 대기포인트를 저장해놓은 상태.
L 04/19/2016 - 21:38:20: [playercommands.smx] "Nopied◎<3><[U:1:103205717]><>" slayed "[KOR]dwgwjw1024[PFBT]<8><[U:1:159644927]><>"
L 04/19/2016 - 21:38:23: [Boss Selection.smx] 이 클라이언트는 0의 대기포인트를 저장해놓은 상태.
L 04/19/2016 - 21:44:34: [Boss Selection.smx] 이 클라이언트는 0의 대기포인트를 저장해놓은 상태.
L 04/19/2016 - 21:44:34: [Boss Selection.smx] 이 클라이언트는 0의 대기포인트를 저장해놓은 상태.
L 04/19/2016 - 21:45:32: [Boss Selection.smx] 이 클라이언트는 0의 대기포인트를 저장해놓은 상태.
L 04/19/2016 - 21:45:32: [Boss Selection.smx] 이 클라이언트는 0의 대기포인트를 저장해놓은 상태.
L 04/19/2016 - 21:50:08: [Boss Selection.smx] 이 클라이언트는 0의 대기포인트를 저장해놓은 상태.
L 04/19/2016 - 21:50:08: [Boss Selection.smx] 이 클라이언트는 0의 대기포인트를 저장해놓은 상태.
L 04/19/2016 - 21:52:39: [Boss Selection.smx] 이 클라이언트는 0의 대기포인트를 저장해놓은 상태.
L 04/19/2016 - 21:52:39: [Boss Selection.smx] 이 클라이언트는 0의 대기포인트를 저장해놓은 상태.
L 04/19/2016 - 21:56:49: [playercommands.smx] "Nopied◎<3><[U:1:103205717]><>" slapped "[KOR]dwgwjw1024[PFBT]<8><[U:1:159644927]><>" (damage "1")
L 04/19/2016 - 21:56:50: [playercommands.smx] "Nopied◎<3><[U:1:103205717]><>" slapped "[KOR]dwgwjw1024[PFBT]<8><[U:1:159644927]><>" (damage "1")
L 04/19/2016 - 21:56:50: [playercommands.smx] "Nopied◎<3><[U:1:103205717]><>" slapped "[KOR]dwgwjw1024[PFBT]<8><[U:1:159644927]><>" (damage "1")
L 04/19/2016 - 21:56:50: [playercommands.smx] "Nopied◎<3><[U:1:103205717]><>" slapped "[KOR]dwgwjw1024[PFBT]<8><[U:1:159644927]><>" (damage "1")
L 04/19/2016 - 21:56:51: [playercommands.smx] "Nopied◎<3><[U:1:103205717]><>" slapped "[KOR]dwgwjw1024[PFBT]<8><[U:1:159644927]><>" (damage "1")
L 04/19/2016 - 21:56:51: [playercommands.smx] "Nopied◎<3><[U:1:103205717]><>" slapped "[KOR]dwgwjw1024[PFBT]<8><[U:1:159644927]><>" (damage "1")
L 04/19/2016 - 21:56:51: [playercommands.smx] "Nopied◎<3><[U:1:103205717]><>" slapped "[KOR]dwgwjw1024[PFBT]<8><[U:1:159644927]><>" (damage "1")
L 04/19/2016 - 21:56:52: [playercommands.smx] "Nopied◎<3><[U:1:103205717]><>" slapped "[KOR]dwgwjw1024[PFBT]<8><[U:1:159644927]><>" (damage "1")
L 04/19/2016 - 21:56:53: [playercommands.smx] "Nopied◎<3><[U:1:103205717]><>" slapped "[KOR]dwgwjw1024[PFBT]<8><[U:1:159644927]><>" (damage "1")
L 04/19/2016 - 21:56:53: [playercommands.smx] "Nopied◎<3><[U:1:103205717]><>" slapped "[KOR]dwgwjw1024[PFBT]<8><[U:1:159644927]><>" (damage "1")
L 04/19/2016 - 21:56:53: [playercommands.smx] "Nopied◎<3><[U:1:103205717]><>" slapped "[KOR]dwgwjw1024[PFBT]<8><[U:1:159644927]><>" (damage "1")
L 04/19/2016 - 21:56:54: [playercommands.smx] "Nopied◎<3><[U:1:103205717]><>" slapped "[KOR]dwgwjw1024[PFBT]<8><[U:1:159644927]><>" (damage "1")
L 04/19/2016 - 21:56:54: [playercommands.smx] "Nopied◎<3><[U:1:103205717]><>" slapped "[KOR]dwgwjw1024[PFBT]<8><[U:1:159644927]><>" (damage "1")
L 04/19/2016 - 21:56:54: [playercommands.smx] "Nopied◎<3><[U:1:103205717]><>" slapped "[KOR]dwgwjw1024[PFBT]<8><[U:1:159644927]><>" (damage "1")
L 04/19/2016 - 21:56:54: [playercommands.smx] "Nopied◎<3><[U:1:103205717]><>" slapped "[KOR]dwgwjw1024[PFBT]<8><[U:1:159644927]><>" (damage "1")
L 04/19/2016 - 21:56:54: [playercommands.smx] "Nopied◎<3><[U:1:103205717]><>" slapped "[KOR]dwgwjw1024[PFBT]<8><[U:1:159644927]><>" (damage "1")
L 04/19/2016 - 21:56:54: [playercommands.smx] "Nopied◎<3><[U:1:103205717]><>" slapped "[KOR]dwgwjw1024[PFBT]<8><[U:1:159644927]><>" (damage "1")
L 04/19/2016 - 21:56:54: [playercommands.smx] "Nopied◎<3><[U:1:103205717]><>" slapped "[KOR]dwgwjw1024[PFBT]<8><[U:1:159644927]><>" (damage "1")
L 04/19/2016 - 21:56:55: [playercommands.smx] "Nopied◎<3><[U:1:103205717]><>" slapped "[KOR]dwgwjw1024[PFBT]<8><[U:1:159644927]><>" (damage "1")
L 04/19/2016 - 21:56:55: [playercommands.smx] "Nopied◎<3><[U:1:103205717]><>" slapped "[KOR]dwgwjw1024[PFBT]<8><[U:1:159644927]><>" (damage "1")
L 04/19/2016 - 21:56:55: [playercommands.smx] "Nopied◎<3><[U:1:103205717]><>" slapped "[KOR]dwgwjw1024[PFBT]<8><[U:1:159644927]><>" (damage "1")
L 04/19/2016 - 21:56:55: [playercommands.smx] "Nopied◎<3><[U:1:103205717]><>" slapped "[KOR]dwgwjw1024[PFBT]<8><[U:1:159644927]><>" (damage "1")
L 04/19/2016 - 21:56:55: [playercommands.smx] "Nopied◎<3><[U:1:103205717]><>" slapped "[KOR]dwgwjw1024[PFBT]<8><[U:1:159644927]><>" (damage "1")
L 04/19/2016 - 21:56:55: [playercommands.smx] "Nopied◎<3><[U:1:103205717]><>" slapped "[KOR]dwgwjw1024[PFBT]<8><[U:1:159644927]><>" (damage "1")
L 04/19/2016 - 21:56:55: [playercommands.smx] "Nopied◎<3><[U:1:103205717]><>" slapped "[KOR]dwgwjw1024[PFBT]<8><[U:1:159644927]><>" (damage "1")
L 04/19/2016 - 21:56:56: [playercommands.smx] "Nopied◎<3><[U:1:103205717]><>" slapped "[KOR]dwgwjw1024[PFBT]<8><[U:1:159644927]><>" (damage "1")
L 04/19/2016 - 21:56:56: [playercommands.smx] "Nopied◎<3><[U:1:103205717]><>" slapped "[KOR]dwgwjw1024[PFBT]<8><[U:1:159644927]><>" (damage "1")
L 04/19/2016 - 21:56:58: [playercommands.smx] "Nopied◎<3><[U:1:103205717]><>" slapped "[KOR]dwgwjw1024[PFBT]<8><[U:1:159644927]><>" (damage "1")
L 04/19/2016 - 21:56:58: [playercommands.smx] "Nopied◎<3><[U:1:103205717]><>" slapped "[KOR]dwgwjw1024[PFBT]<8><[U:1:159644927]><>" (damage "1")
L 04/19/2016 - 21:56:58: [playercommands.smx] "Nopied◎<3><[U:1:103205717]><>" slapped "[KOR]dwgwjw1024[PFBT]<8><[U:1:159644927]><>" (damage "1")
L 04/19/2016 - 21:56:58: [playercommands.smx] "Nopied◎<3><[U:1:103205717]><>" slapped "[KOR]dwgwjw1024[PFBT]<8><[U:1:159644927]><>" (damage "1")
L 04/19/2016 - 21:56:59: [playercommands.smx] "Nopied◎<3><[U:1:103205717]><>" slapped "[KOR]dwgwjw1024[PFBT]<8><[U:1:159644927]><>" (damage "1")
L 04/19/2016 - 21:56:59: [playercommands.smx] "Nopied◎<3><[U:1:103205717]><>" slapped "[KOR]dwgwjw1024[PFBT]<8><[U:1:159644927]><>" (damage "1")
L 04/19/2016 - 21:57:00: [playercommands.smx] "Nopied◎<3><[U:1:103205717]><>" slapped "[KOR]dwgwjw1024[PFBT]<8><[U:1:159644927]><>" (damage "1")
L 04/19/2016 - 21:57:00: [playercommands.smx] "Nopied◎<3><[U:1:103205717]><>" slapped "[KOR]dwgwjw1024[PFBT]<8><[U:1:159644927]><>" (damage "1")
L 04/19/2016 - 21:57:00: [playercommands.smx] "Nopied◎<3><[U:1:103205717]><>" slapped "[KOR]dwgwjw1024[PFBT]<8><[U:1:159644927]><>" (damage "1")
L 04/19/2016 - 21:57:00: [playercommands.smx] "Nopied◎<3><[U:1:103205717]><>" slapped "[KOR]dwgwjw1024[PFBT]<8><[U:1:159644927]><>" (damage "1")
L 04/19/2016 - 21:57:00: [playercommands.smx] "Nopied◎<3><[U:1:103205717]><>" slapped "[KOR]dwgwjw1024[PFBT]<8><[U:1:159644927]><>" (damage "1")
L 04/19/2016 - 21:57:02: [playercommands.smx] "Nopied◎<3><[U:1:103205717]><>" slapped "[KOR]dwgwjw1024[PFBT]<8><[U:1:159644927]><>" (damage "1")
L 04/19/2016 - 21:57:02: [playercommands.smx] "Nopied◎<3><[U:1:103205717]><>" slapped "[KOR]dwgwjw1024[PFBT]<8><[U:1:159644927]><>" (damage "1")
L 04/19/2016 - 21:57:02: [playercommands.smx] "Nopied◎<3><[U:1:103205717]><>" slapped "[KOR]dwgwjw1024[PFBT]<8><[U:1:159644927]><>" (damage "1")
L 04/19/2016 - 21:57:02: [playercommands.smx] "Nopied◎<3><[U:1:103205717]><>" slapped "[KOR]dwgwjw1024[PFBT]<8><[U:1:159644927]><>" (damage "1")
L 04/19/2016 - 21:57:03: [playercommands.smx] "Nopied◎<3><[U:1:103205717]><>" slapped "[KOR]dwgwjw1024[PFBT]<8><[U:1:159644927]><>" (damage "1")
L 04/19/2016 - 21:57:06: [playercommands.smx] "Nopied◎<3><[U:1:103205717]><>" slapped "[KOR]dwgwjw1024[PFBT]<8><[U:1:159644927]><>" (damage "1")
L 04/19/2016 - 21:57:06: [playercommands.smx] "Nopied◎<3><[U:1:103205717]><>" slapped "[KOR]dwgwjw1024[PFBT]<8><[U:1:159644927]><>" (damage "1")
L 04/19/2016 - 21:57:06: [playercommands.smx] "Nopied◎<3><[U:1:103205717]><>" slapped "[KOR]dwgwjw1024[PFBT]<8><[U:1:159644927]><>" (damage "1")
L 04/19/2016 - 21:57:06: [playercommands.smx] "Nopied◎<3><[U:1:103205717]><>" slapped "[KOR]dwgwjw1024[PFBT]<8><[U:1:159644927]><>" (damage "1")
L 04/19/2016 - 21:57:06: [playercommands.smx] "Nopied◎<3><[U:1:103205717]><>" slapped "[KOR]dwgwjw1024[PFBT]<8><[U:1:159644927]><>" (damage "1")
L 04/19/2016 - 21:57:07: [playercommands.smx] "Nopied◎<3><[U:1:103205717]><>" slapped "[KOR]dwgwjw1024[PFBT]<8><[U:1:159644927]><>" (damage "1")
L 04/19/2016 - 21:57:07: [playercommands.smx] "Nopied◎<3><[U:1:103205717]><>" slapped "[KOR]dwgwjw1024[PFBT]<8><[U:1:159644927]><>" (damage "1")
L 04/19/2016 - 21:57:07: [playercommands.smx] "Nopied◎<3><[U:1:103205717]><>" slapped "[KOR]dwgwjw1024[PFBT]<8><[U:1:159644927]><>" (damage "1")
L 04/19/2016 - 21:57:07: [playercommands.smx] "Nopied◎<3><[U:1:103205717]><>" slapped "[KOR]dwgwjw1024[PFBT]<8><[U:1:159644927]><>" (damage "1")
L 04/19/2016 - 21:57:07: [playercommands.smx] "Nopied◎<3><[U:1:103205717]><>" slapped "[KOR]dwgwjw1024[PFBT]<8><[U:1:159644927]><>" (damage "1")
L 04/19/2016 - 21:57:07: [playercommands.smx] "Nopied◎<3><[U:1:103205717]><>" slapped "[KOR]dwgwjw1024[PFBT]<8><[U:1:159644927]><>" (damage "1")
L 04/19/2016 - 21:57:08: [playercommands.smx] "Nopied◎<3><[U:1:103205717]><>" slapped "[KOR]dwgwjw1024[PFBT]<8><[U:1:159644927]><>" (damage "1")
L 04/19/2016 - 21:57:08: [playercommands.smx] "Nopied◎<3><[U:1:103205717]><>" slapped "[KOR]dwgwjw1024[PFBT]<8><[U:1:159644927]><>" (damage "1")
L 04/19/2016 - 21:57:08: [playercommands.smx] "Nopied◎<3><[U:1:103205717]><>" slapped "[KOR]dwgwjw1024[PFBT]<8><[U:1:159644927]><>" (damage "1")
L 04/19/2016 - 21:57:08: [playercommands.smx] "Nopied◎<3><[U:1:103205717]><>" slapped "[KOR]dwgwjw1024[PFBT]<8><[U:1:159644927]><>" (damage "1")
L 04/19/2016 - 21:57:08: [playercommands.smx] "Nopied◎<3><[U:1:103205717]><>" slapped "[KOR]dwgwjw1024[PFBT]<8><[U:1:159644927]><>" (damage "1")
L 04/19/2016 - 21:57:08: [playercommands.smx] "Nopied◎<3><[U:1:103205717]><>" slapped "[KOR]dwgwjw1024[PFBT]<8><[U:1:159644927]><>" (damage "1")
L 04/19/2016 - 21:57:14: [playercommands.smx] "Nopied◎<3><[U:1:103205717]><>" slapped "[KOR]dwgwjw1024[PFBT]<8><[U:1:159644927]><>" (damage "99")
L 04/19/2016 - 21:57:15: [playercommands.smx] "Nopied◎<3><[U:1:103205717]><>" slapped "[KOR]dwgwjw1024[PFBT]<8><[U:1:159644927]><>" (damage "99")
L 04/19/2016 - 21:57:15: [playercommands.smx] "Nopied◎<3><[U:1:103205717]><>" slapped "[KOR]dwgwjw1024[PFBT]<8><[U:1:159644927]><>" (damage "99")
L 04/19/2016 - 21:57:15: [playercommands.smx] "Nopied◎<3><[U:1:103205717]><>" slapped "[KOR]dwgwjw1024[PFBT]<8><[U:1:159644927]><>" (damage "99")
L 04/19/2016 - 21:57:16: [playercommands.smx] "Nopied◎<3><[U:1:103205717]><>" slapped "[KOR]dwgwjw1024[PFBT]<8><[U:1:159644927]><>" (damage "99")
L 04/19/2016 - 21:57:16: [playercommands.smx] "Nopied◎<3><[U:1:103205717]><>" slapped "[KOR]dwgwjw1024[PFBT]<8><[U:1:159644927]><>" (damage "99")
L 04/19/2016 - 21:57:16: [playercommands.smx] "Nopied◎<3><[U:1:103205717]><>" slapped "[KOR]dwgwjw1024[PFBT]<8><[U:1:159644927]><>" (damage "99")
L 04/19/2016 - 21:57:16: [playercommands.smx] "Nopied◎<3><[U:1:103205717]><>" slapped "[KOR]dwgwjw1024[PFBT]<8><[U:1:159644927]><>" (damage "99")
L 04/19/2016 - 21:57:16: [playercommands.smx] "Nopied◎<3><[U:1:103205717]><>" slapped "[KOR]dwgwjw1024[PFBT]<8><[U:1:159644927]><>" (damage "99")
L 04/19/2016 - 21:57:17: [playercommands.smx] "Nopied◎<3><[U:1:103205717]><>" slapped "[KOR]dwgwjw1024[PFBT]<8><[U:1:159644927]><>" (damage "99")
L 04/19/2016 - 21:57:17: [playercommands.smx] "Nopied◎<3><[U:1:103205717]><>" slapped "[KOR]dwgwjw1024[PFBT]<8><[U:1:159644927]><>" (damage "99")
L 04/19/2016 - 21:57:22: [Boss Selection.smx] 이 클라이언트는 20의 대기포인트를 저장해놓은 상태.
L 04/19/2016 - 21:57:22: [Boss Selection.smx] 이 클라이언트는 0의 대기포인트를 저장해놓은 상태.
L 04/19/2016 - 21:57:23: [playercommands.smx] "Nopied◎<3><[U:1:103205717]><>" slapped "[KOR]dwgwjw1024[PFBT]<8><[U:1:159644927]><>" (damage "99")
L 04/19/2016 - 21:57:23: [playercommands.smx] "Nopied◎<3><[U:1:103205717]><>" slapped "[KOR]dwgwjw1024[PFBT]<8><[U:1:159644927]><>" (damage "99")
L 04/19/2016 - 21:57:23: [playercommands.smx] "Nopied◎<3><[U:1:103205717]><>" slapped "[KOR]dwgwjw1024[PFBT]<8><[U:1:159644927]><>" (damage "99")
L 04/19/2016 - 21:57:24: [playercommands.smx] "Nopied◎<3><[U:1:103205717]><>" slapped "[KOR]dwgwjw1024[PFBT]<8><[U:1:159644927]><>" (damage "99")
L 04/19/2016 - 21:57:24: [playercommands.smx] "Nopied◎<3><[U:1:103205717]><>" slapped "[KOR]dwgwjw1024[PFBT]<8><[U:1:159644927]><>" (damage "99")
L 04/19/2016 - 21:57:24: [playercommands.smx] "Nopied◎<3><[U:1:103205717]><>" slapped "[KOR]dwgwjw1024[PFBT]<8><[U:1:159644927]><>" (damage "99")
L 04/19/2016 - 21:57:24: [playercommands.smx] "Nopied◎<3><[U:1:103205717]><>" slapped "[KOR]dwgwjw1024[PFBT]<8><[U:1:159644927]><>" (damage "99")
L 04/19/2016 - 21:57:24: [playercommands.smx] "Nopied◎<3><[U:1:103205717]><>" slapped "[KOR]dwgwjw1024[PFBT]<8><[U:1:159644927]><>" (damage "99")
L 04/19/2016 - 21:57:24: [playercommands.smx] "Nopied◎<3><[U:1:103205717]><>" slapped "[KOR]dwgwjw1024[PFBT]<8><[U:1:159644927]><>" (damage "99")
L 04/19/2016 - 21:57:25: [playercommands.smx] "Nopied◎<3><[U:1:103205717]><>" slapped "[KOR]dwgwjw1024[PFBT]<8><[U:1:159644927]><>" (damage "99")
L 04/19/2016 - 21:57:25: [playercommands.smx] "Nopied◎<3><[U:1:103205717]><>" slapped "[KOR]dwgwjw1024[PFBT]<8><[U:1:159644927]><>" (damage "99")
L 04/19/2016 - 21:57:25: [playercommands.smx] "Nopied◎<3><[U:1:103205717]><>" slapped "[KOR]dwgwjw1024[PFBT]<8><[U:1:159644927]><>" (damage "99")
L 04/19/2016 - 21:57:25: [playercommands.smx] "Nopied◎<3><[U:1:103205717]><>" slapped "[KOR]dwgwjw1024[PFBT]<8><[U:1:159644927]><>" (damage "99")
L 04/19/2016 - 21:57:25: [playercommands.smx] "Nopied◎<3><[U:1:103205717]><>" slapped "[KOR]dwgwjw1024[PFBT]<8><[U:1:159644927]><>" (damage "99")
L 04/19/2016 - 21:57:26: [playercommands.smx] "Nopied◎<3><[U:1:103205717]><>" slapped "[KOR]dwgwjw1024[PFBT]<8><[U:1:159644927]><>" (damage "99")
L 04/19/2016 - 21:57:26: [playercommands.smx] "Nopied◎<3><[U:1:103205717]><>" slapped "[KOR]dwgwjw1024[PFBT]<8><[U:1:159644927]><>" (damage "99")
L 04/19/2016 - 21:57:26: [playercommands.smx] "Nopied◎<3><[U:1:103205717]><>" slapped "[KOR]dwgwjw1024[PFBT]<8><[U:1:159644927]><>" (damage "99")
L 04/19/2016 - 21:57:26: [playercommands.smx] "Nopied◎<3><[U:1:103205717]><>" slapped "[KOR]dwgwjw1024[PFBT]<8><[U:1:159644927]><>" (damage "99")
L 04/19/2016 - 21:57:26: [playercommands.smx] "Nopied◎<3><[U:1:103205717]><>" slapped "[KOR]dwgwjw1024[PFBT]<8><[U:1:159644927]><>" (damage "99")
L 04/19/2016 - 21:57:27: [playercommands.smx] "Nopied◎<3><[U:1:103205717]><>" slapped "[KOR]dwgwjw1024[PFBT]<8><[U:1:159644927]><>" (damage "99")
L 04/19/2016 - 21:57:27: [playercommands.smx] "Nopied◎<3><[U:1:103205717]><>" slapped "[KOR]dwgwjw1024[PFBT]<8><[U:1:159644927]><>" (damage "99")
L 04/19/2016 - 21:57:27: [playercommands.smx] "Nopied◎<3><[U:1:103205717]><>" slapped "[KOR]dwgwjw1024[PFBT]<8><[U:1:159644927]><>" (damage "99")
L 04/19/2016 - 21:57:27: [playercommands.smx] "Nopied◎<3><[U:1:103205717]><>" slapped "[KOR]dwgwjw1024[PFBT]<8><[U:1:159644927]><>" (damage "99")
L 04/19/2016 - 21:57:27: [playercommands.smx] "Nopied◎<3><[U:1:103205717]><>" slapped "[KOR]dwgwjw1024[PFBT]<8><[U:1:159644927]><>" (damage "99")
L 04/19/2016 - 21:57:28: [playercommands.smx] "Nopied◎<3><[U:1:103205717]><>" slapped "[KOR]dwgwjw1024[PFBT]<8><[U:1:159644927]><>" (damage "99")
L 04/19/2016 - 21:57:28: [playercommands.smx] "Nopied◎<3><[U:1:103205717]><>" slapped "[KOR]dwgwjw1024[PFBT]<8><[U:1:159644927]><>" (damage "99")
L 04/19/2016 - 21:57:28: [playercommands.smx] "Nopied◎<3><[U:1:103205717]><>" slapped "[KOR]dwgwjw1024[PFBT]<8><[U:1:159644927]><>" (damage "99")
L 04/19/2016 - 21:57:28: [playercommands.smx] "Nopied◎<3><[U:1:103205717]><>" slapped "[KOR]dwgwjw1024[PFBT]<8><[U:1:159644927]><>" (damage "99")
L 04/19/2016 - 21:57:28: [playercommands.smx] "Nopied◎<3><[U:1:103205717]><>" slapped "[KOR]dwgwjw1024[PFBT]<8><[U:1:159644927]><>" (damage "99")
L 04/19/2016 - 21:57:28: [playercommands.smx] "Nopied◎<3><[U:1:103205717]><>" slapped "[KOR]dwgwjw1024[PFBT]<8><[U:1:159644927]><>" (damage "99")
L 04/19/2016 - 21:57:29: [playercommands.smx] "Nopied◎<3><[U:1:103205717]><>" slapped "[KOR]dwgwjw1024[PFBT]<8><[U:1:159644927]><>" (damage "99")
L 04/19/2016 - 21:57:29: [playercommands.smx] "Nopied◎<3><[U:1:103205717]><>" slapped "[KOR]dwgwjw1024[PFBT]<8><[U:1:159644927]><>" (damage "99")
L 04/19/2016 - 21:57:29: [playercommands.smx] "Nopied◎<3><[U:1:103205717]><>" slapped "[KOR]dwgwjw1024[PFBT]<8><[U:1:159644927]><>" (damage "99")
L 04/19/2016 - 21:57:29: [playercommands.smx] "Nopied◎<3><[U:1:103205717]><>" slapped "[KOR]dwgwjw1024[PFBT]<8><[U:1:159644927]><>" (damage "99")
L 04/19/2016 - 21:57:29: [playercommands.smx] "Nopied◎<3><[U:1:103205717]><>" slapped "[KOR]dwgwjw1024[PFBT]<8><[U:1:159644927]><>" (damage "99")
L 04/19/2016 - 21:57:29: [playercommands.smx] "Nopied◎<3><[U:1:103205717]><>" slapped "[KOR]dwgwjw1024[PFBT]<8><[U:1:159644927]><>" (damage "99")
L 04/19/2016 - 21:57:30: [playercommands.smx] "Nopied◎<3><[U:1:103205717]><>" slapped "[KOR]dwgwjw1024[PFBT]<8><[U:1:159644927]><>" (damage "99")
L 04/19/2016 - 21:57:30: [playercommands.smx] "Nopied◎<3><[U:1:103205717]><>" slapped "[KOR]dwgwjw1024[PFBT]<8><[U:1:159644927]><>" (damage "99")
L 04/19/2016 - 21:57:30: [playercommands.smx] "Nopied◎<3><[U:1:103205717]><>" slapped "[KOR]dwgwjw1024[PFBT]<8><[U:1:159644927]><>" (damage "99")
L 04/19/2016 - 21:57:30: [playercommands.smx] "Nopied◎<3><[U:1:103205717]><>" slapped "[KOR]dwgwjw1024[PFBT]<8><[U:1:159644927]><>" (damage "99")
L 04/19/2016 - 21:57:30: [playercommands.smx] "Nopied◎<3><[U:1:103205717]><>" slapped "[KOR]dwgwjw1024[PFBT]<8><[U:1:159644927]><>" (damage "99")
L 04/19/2016 - 21:57:31: [playercommands.smx] "Nopied◎<3><[U:1:103205717]><>" slapped "[KOR]dwgwjw1024[PFBT]<8><[U:1:159644927]><>" (damage "99")
L 04/19/2016 - 21:57:31: [playercommands.smx] "Nopied◎<3><[U:1:103205717]><>" slapped "[KOR]dwgwjw1024[PFBT]<8><[U:1:159644927]><>" (damage "99")
L 04/19/2016 - 21:57:31: [playercommands.smx] "Nopied◎<3><[U:1:103205717]><>" slapped "[KOR]dwgwjw1024[PFBT]<8><[U:1:159644927]><>" (damage "99")
L 04/19/2016 - 21:57:31: [playercommands.smx] "Nopied◎<3><[U:1:103205717]><>" slapped "[KOR]dwgwjw1024[PFBT]<8><[U:1:159644927]><>" (damage "99")
L 04/19/2016 - 21:57:31: [playercommands.smx] "Nopied◎<3><[U:1:103205717]><>" slapped "[KOR]dwgwjw1024[PFBT]<8><[U:1:159644927]><>" (damage "99")
L 04/19/2016 - 21:57:31: [playercommands.smx] "Nopied◎<3><[U:1:103205717]><>" slapped "[KOR]dwgwjw1024[PFBT]<8><[U:1:159644927]><>" (damage "99")
L 04/19/2016 - 21:57:32: [playercommands.smx] "Nopied◎<3><[U:1:103205717]><>" slapped "[KOR]dwgwjw1024[PFBT]<8><[U:1:159644927]><>" (damage "99")
L 04/19/2016 - 21:57:32: [playercommands.smx] "Nopied◎<3><[U:1:103205717]><>" slapped "[KOR]dwgwjw1024[PFBT]<8><[U:1:159644927]><>" (damage "99")
L 04/19/2016 - 21:57:32: [playercommands.smx] "Nopied◎<3><[U:1:103205717]><>" slapped "[KOR]dwgwjw1024[PFBT]<8><[U:1:159644927]><>" (damage "99")
L 04/19/2016 - 21:57:32: [playercommands.smx] "Nopied◎<3><[U:1:103205717]><>" slapped "[KOR]dwgwjw1024[PFBT]<8><[U:1:159644927]><>" (damage "99")
L 04/19/2016 - 21:57:32: [playercommands.smx] "Nopied◎<3><[U:1:103205717]><>" slapped "[KOR]dwgwjw1024[PFBT]<8><[U:1:159644927]><>" (damage "99")
L 04/19/2016 - 21:57:33: [playercommands.smx] "Nopied◎<3><[U:1:103205717]><>" slapped "[KOR]dwgwjw1024[PFBT]<8><[U:1:159644927]><>" (damage "99")
L 04/19/2016 - 21:57:33: [playercommands.smx] "Nopied◎<3><[U:1:103205717]><>" slapped "[KOR]dwgwjw1024[PFBT]<8><[U:1:159644927]><>" (damage "99")
L 04/19/2016 - 21:57:33: [playercommands.smx] "Nopied◎<3><[U:1:103205717]><>" slapped "[KOR]dwgwjw1024[PFBT]<8><[U:1:159644927]><>" (damage "99")
L 04/19/2016 - 21:57:33: [playercommands.smx] "Nopied◎<3><[U:1:103205717]><>" slapped "[KOR]dwgwjw1024[PFBT]<8><[U:1:159644927]><>" (damage "99")
L 04/19/2016 - 21:57:33: [playercommands.smx] "Nopied◎<3><[U:1:103205717]><>" slapped "[KOR]dwgwjw1024[PFBT]<8><[U:1:159644927]><>" (damage "99")
L 04/19/2016 - 21:57:33: [playercommands.smx] "Nopied◎<3><[U:1:103205717]><>" slapped "[KOR]dwgwjw1024[PFBT]<8><[U:1:159644927]><>" (damage "99")
L 04/19/2016 - 21:57:34: [playercommands.smx] "Nopied◎<3><[U:1:103205717]><>" slapped "[KOR]dwgwjw1024[PFBT]<8><[U:1:159644927]><>" (damage "99")
L 04/19/2016 - 21:57:34: [playercommands.smx] "Nopied◎<3><[U:1:103205717]><>" slapped "[KOR]dwgwjw1024[PFBT]<8><[U:1:159644927]><>" (damage "99")
L 04/19/2016 - 22:00:08: [Boss Selection.smx] 이 클라이언트는 20의 대기포인트를 저장해놓은 상태.
L 04/19/2016 - 22:00:08: [Boss Selection.smx] 이 클라이언트는 0의 대기포인트를 저장해놓은 상태.
L 04/19/2016 - 22:02:15: [funcommands.smx] "Nopied◎<3><[U:1:103205717]><>" set a beacon on "나는 브로니다!<5><[U:1:150941697]><>"
L 04/19/2016 - 22:02:15: [funcommands.smx] "Nopied◎<3><[U:1:103205717]><>" set a beacon on "GO mediseun<10><[U:1:61271689]><>"
L 04/19/2016 - 22:02:25: [Boss Selection.smx] 이 클라이언트는 20의 대기포인트를 저장해놓은 상태.
L 04/19/2016 - 22:02:25: [Boss Selection.smx] 이 클라이언트는 0의 대기포인트를 저장해놓은 상태.
L 04/19/2016 - 22:06:31: [Boss Selection.smx] 이 클라이언트는 20의 대기포인트를 저장해놓은 상태.
L 04/19/2016 - 22:06:31: [Boss Selection.smx] 이 클라이언트는 0의 대기포인트를 저장해놓은 상태.
L 04/19/2016 - 22:09:34: [Boss Selection.smx] 이 클라이언트는 20의 대기포인트를 저장해놓은 상태.
L 04/19/2016 - 22:09:34: [Boss Selection.smx] 이 클라이언트는 0의 대기포인트를 저장해놓은 상태.
L 04/19/2016 - 22:09:56: [SM] Changed map to "koth_nucleus"
L 04/19/2016 - 22:09:58: -------- Mapchange to koth_nucleus --------
L 04/19/2016 - 22:10:05: [Boss Selection.smx] [FF2boss] Added chat command: ff2boss
L 04/19/2016 - 22:10:05: [Boss Selection.smx] [FF2boss] Added chat command: boss
L 04/19/2016 - 22:10:05: [Boss Selection.smx] [FF2boss] Added chat command: 보스
L 04/19/2016 - 22:10:05: [Boss Selection.smx] [FF2boss] Added chat command: 보스선택
L 04/19/2016 - 22:10:41: [basecommands.smx] "Nopied◎<3><[U:1:103205717]><>" changed map to "koth_king"
L 04/19/2016 - 22:10:44: [SM] Changed map to "koth_king"
L 04/19/2016 - 22:10:46: -------- Mapchange to koth_king --------
L 04/19/2016 - 22:10:50: [Boss Selection.smx] [FF2boss] Added chat command: ff2boss
L 04/19/2016 - 22:10:50: [Boss Selection.smx] [FF2boss] Added chat command: boss
L 04/19/2016 - 22:10:50: [Boss Selection.smx] [FF2boss] Added chat command: 보스
L 04/19/2016 - 22:10:50: [Boss Selection.smx] [FF2boss] Added chat command: 보스선택
L 04/19/2016 - 22:12:32: [Boss Selection.smx] 이 클라이언트는 0의 대기포인트를 저장해놓은 상태.
L 04/19/2016 - 22:18:25: [Boss Selection.smx] 이 클라이언트는 0의 대기포인트를 저장해놓은 상태.
L 04/19/2016 - 22:21:32: [playercommands.smx] "Nopied◎<3><[U:1:103205717]><>" slayed "GO mediseun<10><[U:1:61271689]><>"
L 04/19/2016 - 22:21:32: [playercommands.smx] "Nopied◎<3><[U:1:103205717]><>" slayed "[KOR]dwgwjw1024[PFBT]<8><[U:1:159644927]><>"
L 04/19/2016 - 22:21:35: [Boss Selection.smx] 이 클라이언트는 0의 대기포인트를 저장해놓은 상태.
L 04/19/2016 - 22:21:40: [freak_fortress_2.smx] "Nopied◎<3><[U:1:103205717]><>" added 123 queue points to "Nopied◎<3><[U:1:103205717]><>"
L 04/19/2016 - 22:25:10: [Boss Selection.smx] 이 클라이언트는 0의 대기포인트를 저장해놓은 상태.
L 04/19/2016 - 22:25:58: [freak_fortress_2.smx] "Nopied◎<3><[U:1:103205717]><>" added 123 queue points to "Nopied◎<3><[U:1:103205717]><>"
