L 04/21/2016 - 19:48:37: SourceMod log file session started (file "L20160421.log") (Version "1.7.3-dev+5298")
L 04/21/2016 - 19:48:37: -------- Mapchange to arena_badlands --------
L 04/21/2016 - 19:48:37: [TF2ITEMS] "GiveNamedItem" offset = 472
L 04/21/2016 - 19:48:39: [Boss Selection.smx] [FF2boss] Added chat command: ff2boss
L 04/21/2016 - 19:48:39: [Boss Selection.smx] [FF2boss] Added chat command: boss
L 04/21/2016 - 19:48:39: [Boss Selection.smx] [FF2boss] Added chat command: 보스
L 04/21/2016 - 19:48:39: [Boss Selection.smx] [FF2boss] Added chat command: 보스선택
L 04/21/2016 - 19:48:39: [custompart.smx] Debug for CustomPart
L 04/21/2016 - 19:48:39: [freak_fortress_2.smx] ===Freak Fortress 2 Initializing-v1.10.9 Beta (build manual)===
L 04/21/2016 - 19:48:52: [Boss Selection.smx] [FF2boss] Added chat command: ff2boss
L 04/21/2016 - 19:48:52: [Boss Selection.smx] [FF2boss] Added chat command: boss
L 04/21/2016 - 19:48:52: [Boss Selection.smx] [FF2boss] Added chat command: 보스
L 04/21/2016 - 19:48:52: [Boss Selection.smx] [FF2boss] Added chat command: 보스선택
L 04/21/2016 - 19:53:14: [basecommands.smx] "Nopied◎<2><[U:1:103205717]><>" kicked "Bot01<3><BOT><>" (reason "")
L 04/21/2016 - 19:53:14: [basecommands.smx] "Nopied◎<2><[U:1:103205717]><>" kicked "Bot02<4><BOT><>" (reason "")
L 04/21/2016 - 19:53:14: [basecommands.smx] "Nopied◎<2><[U:1:103205717]><>" kicked "Bot03<5><BOT><>" (reason "")
L 04/21/2016 - 19:53:14: [basecommands.smx] "Nopied◎<2><[U:1:103205717]><>" kicked "Bёtrαyαl fαster thαn l!ght<6><[U:1:45110770]><>" (reason "")
L 04/21/2016 - 19:53:14: [basecommands.smx] "Nopied◎<2><[U:1:103205717]><>" kicked "Nopied◎<2><[U:1:103205717]><>" (reason "")
L 04/21/2016 - 20:09:45: SourceMod log file session started (file "L20160421.log") (Version "1.7.3-dev+5298")
L 04/21/2016 - 20:09:45: -------- Mapchange to arena_badlands --------
L 04/21/2016 - 20:09:45: [TF2ITEMS] "GiveNamedItem" offset = 472
L 04/21/2016 - 20:09:46: [Boss Selection.smx] [FF2boss] Added chat command: ff2boss
L 04/21/2016 - 20:09:46: [Boss Selection.smx] [FF2boss] Added chat command: boss
L 04/21/2016 - 20:09:46: [Boss Selection.smx] [FF2boss] Added chat command: 보스
L 04/21/2016 - 20:09:46: [Boss Selection.smx] [FF2boss] Added chat command: 보스선택
L 04/21/2016 - 20:09:46: [custompart.smx] Debug for CustomPart
L 04/21/2016 - 20:09:46: [freak_fortress_2.smx] ===Freak Fortress 2 Initializing-v1.10.9 Beta (build manual)===
L 04/21/2016 - 20:09:57: [Boss Selection.smx] [FF2boss] Added chat command: ff2boss
L 04/21/2016 - 20:09:57: [Boss Selection.smx] [FF2boss] Added chat command: boss
L 04/21/2016 - 20:09:57: [Boss Selection.smx] [FF2boss] Added chat command: 보스
L 04/21/2016 - 20:09:57: [Boss Selection.smx] [FF2boss] Added chat command: 보스선택
L 04/21/2016 - 20:10:57: Log file closed.
L 04/21/2016 - 20:16:42: Log file closed.
L 04/21/2016 - 20:16:53: SourceMod log file session started (file "L20160421.log") (Version "1.7.3-dev+5298")
L 04/21/2016 - 20:16:53: -------- Mapchange to arena_badlands --------
L 04/21/2016 - 20:16:53: [TF2ITEMS] "GiveNamedItem" offset = 472
L 04/21/2016 - 20:16:54: [Boss Selection.smx] [FF2boss] Added chat command: ff2boss
L 04/21/2016 - 20:16:54: [Boss Selection.smx] [FF2boss] Added chat command: boss
L 04/21/2016 - 20:16:54: [Boss Selection.smx] [FF2boss] Added chat command: 보스
L 04/21/2016 - 20:16:54: [Boss Selection.smx] [FF2boss] Added chat command: 보스선택
L 04/21/2016 - 20:16:54: [custompart.smx] Debug for CustomPart
L 04/21/2016 - 20:16:54: [freak_fortress_2.smx] ===Freak Fortress 2 Initializing-v1.10.9 Beta (build manual)===
L 04/21/2016 - 20:17:05: [Boss Selection.smx] [FF2boss] Added chat command: ff2boss
L 04/21/2016 - 20:17:05: [Boss Selection.smx] [FF2boss] Added chat command: boss
L 04/21/2016 - 20:17:05: [Boss Selection.smx] [FF2boss] Added chat command: 보스
L 04/21/2016 - 20:17:05: [Boss Selection.smx] [FF2boss] Added chat command: 보스선택
L 04/21/2016 - 20:26:08: [playercommands.smx] "Nopied◎<2><[U:1:103205717]><>" slayed "Nopied◎<2><[U:1:103205717]><>"
L 04/21/2016 - 20:26:08: [playercommands.smx] "Nopied◎<2><[U:1:103205717]><>" slayed "Bot01<3><BOT><>"
L 04/21/2016 - 20:26:08: [playercommands.smx] "Nopied◎<2><[U:1:103205717]><>" slayed "Bot02<4><BOT><>"
L 04/21/2016 - 20:26:08: [playercommands.smx] "Nopied◎<2><[U:1:103205717]><>" slayed "Bot03<5><BOT><>"
L 04/21/2016 - 20:26:08: [playercommands.smx] "Nopied◎<2><[U:1:103205717]><>" slayed "Bot04<6><BOT><>"
L 04/21/2016 - 20:26:08: [playercommands.smx] "Nopied◎<2><[U:1:103205717]><>" slayed "Bot05<7><BOT><>"
L 04/21/2016 - 20:26:08: [playercommands.smx] "Nopied◎<2><[U:1:103205717]><>" slayed "Bot06<8><BOT><>"
L 04/21/2016 - 20:26:40: [playercommands.smx] "Nopied◎<2><[U:1:103205717]><>" slayed "Nopied◎<2><[U:1:103205717]><>"
L 04/21/2016 - 20:26:40: [playercommands.smx] "Nopied◎<2><[U:1:103205717]><>" slayed "Bot01<3><BOT><>"
L 04/21/2016 - 20:26:40: [playercommands.smx] "Nopied◎<2><[U:1:103205717]><>" slayed "Bot02<4><BOT><>"
L 04/21/2016 - 20:26:40: [playercommands.smx] "Nopied◎<2><[U:1:103205717]><>" slayed "Bot03<5><BOT><>"
L 04/21/2016 - 20:26:40: [playercommands.smx] "Nopied◎<2><[U:1:103205717]><>" slayed "Bot04<6><BOT><>"
L 04/21/2016 - 20:26:40: [playercommands.smx] "Nopied◎<2><[U:1:103205717]><>" slayed "Bot05<7><BOT><>"
L 04/21/2016 - 20:26:40: [playercommands.smx] "Nopied◎<2><[U:1:103205717]><>" slayed "Bot06<8><BOT><>"
L 04/21/2016 - 20:26:40: [playercommands.smx] "Nopied◎<2><[U:1:103205717]><>" slayed "Bёtrαyαl fαster thαn l!ght<10><[U:1:45110770]><>"
L 04/21/2016 - 20:28:04: Log file closed.
L 04/21/2016 - 20:28:10: SourceMod log file session started (file "L20160421.log") (Version "1.7.3-dev+5298")
L 04/21/2016 - 20:28:10: -------- Mapchange to arena_badlands --------
L 04/21/2016 - 20:28:10: [TF2ITEMS] "GiveNamedItem" offset = 472
L 04/21/2016 - 20:28:11: [Boss Selection.smx] [FF2boss] Added chat command: ff2boss
L 04/21/2016 - 20:28:11: [Boss Selection.smx] [FF2boss] Added chat command: boss
L 04/21/2016 - 20:28:11: [Boss Selection.smx] [FF2boss] Added chat command: 보스
L 04/21/2016 - 20:28:11: [Boss Selection.smx] [FF2boss] Added chat command: 보스선택
L 04/21/2016 - 20:28:11: [custompart.smx] Debug for CustomPart
L 04/21/2016 - 20:28:11: [freak_fortress_2.smx] ===Freak Fortress 2 Initializing-v1.10.9 Beta (build manual)===
L 04/21/2016 - 20:28:22: [Boss Selection.smx] [FF2boss] Added chat command: ff2boss
L 04/21/2016 - 20:28:22: [Boss Selection.smx] [FF2boss] Added chat command: boss
L 04/21/2016 - 20:28:22: [Boss Selection.smx] [FF2boss] Added chat command: 보스
L 04/21/2016 - 20:28:22: [Boss Selection.smx] [FF2boss] Added chat command: 보스선택
L 04/21/2016 - 20:34:04: Log file closed.
L 04/21/2016 - 20:34:23: SourceMod log file session started (file "L20160421.log") (Version "1.7.3-dev+5298")
L 04/21/2016 - 20:34:23: -------- Mapchange to arena_badlands --------
L 04/21/2016 - 20:34:23: [TF2ITEMS] "GiveNamedItem" offset = 472
L 04/21/2016 - 20:34:24: [Boss Selection.smx] [FF2boss] Added chat command: ff2boss
L 04/21/2016 - 20:34:24: [Boss Selection.smx] [FF2boss] Added chat command: boss
L 04/21/2016 - 20:34:24: [Boss Selection.smx] [FF2boss] Added chat command: 보스
L 04/21/2016 - 20:34:24: [Boss Selection.smx] [FF2boss] Added chat command: 보스선택
L 04/21/2016 - 20:34:24: [custompart.smx] Debug for CustomPart
L 04/21/2016 - 20:34:24: [freak_fortress_2.smx] ===Freak Fortress 2 Initializing-v1.10.9 Beta (build manual)===
L 04/21/2016 - 20:34:35: [Boss Selection.smx] [FF2boss] Added chat command: ff2boss
L 04/21/2016 - 20:34:35: [Boss Selection.smx] [FF2boss] Added chat command: boss
L 04/21/2016 - 20:34:35: [Boss Selection.smx] [FF2boss] Added chat command: 보스
L 04/21/2016 - 20:34:35: [Boss Selection.smx] [FF2boss] Added chat command: 보스선택
L 04/21/2016 - 20:37:12: [freak_fortress_2.smx] "Nopied◎<2><[U:1:103205717]><>" added 123 queue points to "Nopied◎<2><[U:1:103205717]><>"
L 04/21/2016 - 20:43:08: Log file closed.
L 04/21/2016 - 20:43:21: SourceMod log file session started (file "L20160421.log") (Version "1.7.3-dev+5298")
L 04/21/2016 - 20:43:21: -------- Mapchange to arena_badlands --------
L 04/21/2016 - 20:43:21: [TF2ITEMS] "GiveNamedItem" offset = 472
L 04/21/2016 - 20:43:22: [Boss Selection.smx] [FF2boss] Added chat command: ff2boss
L 04/21/2016 - 20:43:22: [Boss Selection.smx] [FF2boss] Added chat command: boss
L 04/21/2016 - 20:43:22: [Boss Selection.smx] [FF2boss] Added chat command: 보스
L 04/21/2016 - 20:43:22: [Boss Selection.smx] [FF2boss] Added chat command: 보스선택
L 04/21/2016 - 20:43:22: [custompart.smx] Debug for CustomPart
L 04/21/2016 - 20:43:22: [freak_fortress_2.smx] ===Freak Fortress 2 Initializing-v1.10.9 Beta (build manual)===
L 04/21/2016 - 20:43:33: [Boss Selection.smx] [FF2boss] Added chat command: ff2boss
L 04/21/2016 - 20:43:33: [Boss Selection.smx] [FF2boss] Added chat command: boss
L 04/21/2016 - 20:43:33: [Boss Selection.smx] [FF2boss] Added chat command: 보스
L 04/21/2016 - 20:43:33: [Boss Selection.smx] [FF2boss] Added chat command: 보스선택
L 04/21/2016 - 20:51:15: Log file closed.
L 04/21/2016 - 20:51:26: SourceMod log file session started (file "L20160421.log") (Version "1.7.3-dev+5298")
L 04/21/2016 - 20:51:26: -------- Mapchange to arena_badlands --------
L 04/21/2016 - 20:51:27: [TF2ITEMS] "GiveNamedItem" offset = 472
L 04/21/2016 - 20:51:27: [Boss Selection.smx] [FF2boss] Added chat command: ff2boss
L 04/21/2016 - 20:51:27: [Boss Selection.smx] [FF2boss] Added chat command: boss
L 04/21/2016 - 20:51:27: [Boss Selection.smx] [FF2boss] Added chat command: 보스
L 04/21/2016 - 20:51:27: [Boss Selection.smx] [FF2boss] Added chat command: 보스선택
L 04/21/2016 - 20:51:27: [custompart.smx] Debug for CustomPart
L 04/21/2016 - 20:51:27: [freak_fortress_2.smx] ===Freak Fortress 2 Initializing-v1.10.9 Beta (build manual)===
L 04/21/2016 - 20:51:38: [Boss Selection.smx] [FF2boss] Added chat command: ff2boss
L 04/21/2016 - 20:51:38: [Boss Selection.smx] [FF2boss] Added chat command: boss
L 04/21/2016 - 20:51:38: [Boss Selection.smx] [FF2boss] Added chat command: 보스
L 04/21/2016 - 20:51:38: [Boss Selection.smx] [FF2boss] Added chat command: 보스선택
L 04/21/2016 - 20:52:11: Log file closed.
L 04/21/2016 - 20:52:25: SourceMod log file session started (file "L20160421.log") (Version "1.7.3-dev+5298")
L 04/21/2016 - 20:52:25: -------- Mapchange to vsh_apg_v2 --------
L 04/21/2016 - 20:52:25: [TF2ITEMS] "GiveNamedItem" offset = 472
L 04/21/2016 - 20:52:25: [Boss Selection.smx] [FF2boss] Added chat command: ff2boss
L 04/21/2016 - 20:52:25: [Boss Selection.smx] [FF2boss] Added chat command: boss
L 04/21/2016 - 20:52:25: [Boss Selection.smx] [FF2boss] Added chat command: 보스
L 04/21/2016 - 20:52:25: [Boss Selection.smx] [FF2boss] Added chat command: 보스선택
L 04/21/2016 - 20:52:25: [custompart.smx] Debug for CustomPart
L 04/21/2016 - 20:52:25: [freak_fortress_2.smx] ===Freak Fortress 2 Initializing-v1.10.9 Beta (build manual)===
L 04/21/2016 - 20:52:36: [Boss Selection.smx] [FF2boss] Added chat command: ff2boss
L 04/21/2016 - 20:52:36: [Boss Selection.smx] [FF2boss] Added chat command: boss
L 04/21/2016 - 20:52:36: [Boss Selection.smx] [FF2boss] Added chat command: 보스
L 04/21/2016 - 20:52:36: [Boss Selection.smx] [FF2boss] Added chat command: 보스선택
L 04/21/2016 - 20:52:48: -------- Mapchange to vsh_apg_v2 --------
L 04/21/2016 - 20:52:53: [Boss Selection.smx] [FF2boss] Added chat command: ff2boss
L 04/21/2016 - 20:52:53: [Boss Selection.smx] [FF2boss] Added chat command: boss
L 04/21/2016 - 20:52:53: [Boss Selection.smx] [FF2boss] Added chat command: 보스
L 04/21/2016 - 20:52:53: [Boss Selection.smx] [FF2boss] Added chat command: 보스선택
L 04/21/2016 - 20:57:15: [playercommands.smx] "Nopied◎<3><[U:1:103205717]><>" slayed "Nopied◎<3><[U:1:103205717]><>"
L 04/21/2016 - 20:57:15: [playercommands.smx] "Nopied◎<3><[U:1:103205717]><>" slayed "나는 브로니다!<4><[U:1:150941697]><>"
L 04/21/2016 - 20:57:15: [playercommands.smx] "Nopied◎<3><[U:1:103205717]><>" slayed "나도 브로니다!<5><[U:1:171130010]><>"
L 04/21/2016 - 20:57:15: [playercommands.smx] "Nopied◎<3><[U:1:103205717]><>" slayed "(1)나는 브로니다!<6><[U:1:209760731]><>"
L 04/21/2016 - 21:08:01: Log file closed.
L 04/21/2016 - 21:08:12: SourceMod log file session started (file "L20160421.log") (Version "1.7.3-dev+5298")
L 04/21/2016 - 21:08:12: -------- Mapchange to vsh_apg_v2 --------
L 04/21/2016 - 21:08:12: [TF2ITEMS] "GiveNamedItem" offset = 472
L 04/21/2016 - 21:08:13: [Boss Selection.smx] [FF2boss] Added chat command: ff2boss
L 04/21/2016 - 21:08:13: [Boss Selection.smx] [FF2boss] Added chat command: boss
L 04/21/2016 - 21:08:13: [Boss Selection.smx] [FF2boss] Added chat command: 보스
L 04/21/2016 - 21:08:13: [Boss Selection.smx] [FF2boss] Added chat command: 보스선택
L 04/21/2016 - 21:08:13: [custompart.smx] Debug for CustomPart
L 04/21/2016 - 21:08:13: [freak_fortress_2.smx] ===Freak Fortress 2 Initializing-v1.10.9 Beta (build manual)===
L 04/21/2016 - 21:08:24: [Boss Selection.smx] [FF2boss] Added chat command: ff2boss
L 04/21/2016 - 21:08:24: [Boss Selection.smx] [FF2boss] Added chat command: boss
L 04/21/2016 - 21:08:24: [Boss Selection.smx] [FF2boss] Added chat command: 보스
L 04/21/2016 - 21:08:24: [Boss Selection.smx] [FF2boss] Added chat command: 보스선택
L 04/21/2016 - 21:21:59: [playercommands.smx] "Nopied◎<3><[U:1:103205717]><>" slayed "Nopied◎<3><[U:1:103205717]><>"
L 04/21/2016 - 21:28:15: [playercommands.smx] "Nopied◎<3><[U:1:103205717]><>" slayed "Nopied◎<3><[U:1:103205717]><>"
L 04/21/2016 - 21:44:05: [Boss Selection.smx] 이 클라이언트는 0의 대기포인트를 저장해놓은 상태.
L 04/21/2016 - 21:44:28: -------- Mapchange to vsh_2fortdesk_v8 --------
L 04/21/2016 - 21:44:35: [Boss Selection.smx] [FF2boss] Added chat command: ff2boss
L 04/21/2016 - 21:44:35: [Boss Selection.smx] [FF2boss] Added chat command: boss
L 04/21/2016 - 21:44:35: [Boss Selection.smx] [FF2boss] Added chat command: 보스
L 04/21/2016 - 21:44:35: [Boss Selection.smx] [FF2boss] Added chat command: 보스선택
L 04/21/2016 - 21:48:22: [Boss Selection.smx] 이 클라이언트는 20의 대기포인트를 저장해놓은 상태.
L 04/21/2016 - 21:48:22: [Boss Selection.smx] 이 클라이언트는 0의 대기포인트를 저장해놓은 상태.
L 04/21/2016 - 21:50:51: [Boss Selection.smx] 이 클라이언트는 20의 대기포인트를 저장해놓은 상태.
L 04/21/2016 - 21:50:51: [Boss Selection.smx] 이 클라이언트는 0의 대기포인트를 저장해놓은 상태.
L 04/21/2016 - 21:53:29: [Boss Selection.smx] 이 클라이언트는 20의 대기포인트를 저장해놓은 상태.
L 04/21/2016 - 21:53:29: [Boss Selection.smx] 이 클라이언트는 0의 대기포인트를 저장해놓은 상태.
L 04/21/2016 - 21:55:55: [playercommands.smx] "Nopied◎<3><[U:1:103205717]><>" slayed "나도 브로니다!<10><[U:1:171130010]><>"
L 04/21/2016 - 21:55:58: [Boss Selection.smx] 이 클라이언트는 20의 대기포인트를 저장해놓은 상태.
L 04/21/2016 - 21:55:58: [Boss Selection.smx] 이 클라이언트는 0의 대기포인트를 저장해놓은 상태.
L 04/21/2016 - 22:00:46: [Boss Selection.smx] 이 클라이언트는 20의 대기포인트를 저장해놓은 상태.
L 04/21/2016 - 22:00:46: [Boss Selection.smx] 이 클라이언트는 0의 대기포인트를 저장해놓은 상태.
L 04/21/2016 - 22:01:31: [playercommands.smx] "Nopied◎<3><[U:1:103205717]><>" slapped "나는 브로니다!<4><[U:1:150941697]><>" (damage "10")
L 04/21/2016 - 22:01:31: [playercommands.smx] "Nopied◎<3><[U:1:103205717]><>" slapped "나는 브로니다!<4><[U:1:150941697]><>" (damage "10")
L 04/21/2016 - 22:01:31: [playercommands.smx] "Nopied◎<3><[U:1:103205717]><>" slapped "나는 브로니다!<4><[U:1:150941697]><>" (damage "10")
L 04/21/2016 - 22:01:31: [playercommands.smx] "Nopied◎<3><[U:1:103205717]><>" slapped "나는 브로니다!<4><[U:1:150941697]><>" (damage "10")
L 04/21/2016 - 22:01:32: [playercommands.smx] "Nopied◎<3><[U:1:103205717]><>" slapped "나는 브로니다!<4><[U:1:150941697]><>" (damage "10")
L 04/21/2016 - 22:01:32: [playercommands.smx] "Nopied◎<3><[U:1:103205717]><>" slapped "나는 브로니다!<4><[U:1:150941697]><>" (damage "10")
L 04/21/2016 - 22:01:32: [playercommands.smx] "Nopied◎<3><[U:1:103205717]><>" slapped "나는 브로니다!<4><[U:1:150941697]><>" (damage "10")
L 04/21/2016 - 22:01:32: [playercommands.smx] "Nopied◎<3><[U:1:103205717]><>" slapped "나는 브로니다!<4><[U:1:150941697]><>" (damage "10")
L 04/21/2016 - 22:01:32: [playercommands.smx] "Nopied◎<3><[U:1:103205717]><>" slapped "나는 브로니다!<4><[U:1:150941697]><>" (damage "10")
L 04/21/2016 - 22:01:32: [playercommands.smx] "Nopied◎<3><[U:1:103205717]><>" slapped "나는 브로니다!<4><[U:1:150941697]><>" (damage "10")
L 04/21/2016 - 22:01:32: [playercommands.smx] "Nopied◎<3><[U:1:103205717]><>" slapped "나는 브로니다!<4><[U:1:150941697]><>" (damage "10")
L 04/21/2016 - 22:01:33: [playercommands.smx] "Nopied◎<3><[U:1:103205717]><>" slapped "나는 브로니다!<4><[U:1:150941697]><>" (damage "10")
L 04/21/2016 - 22:01:33: [playercommands.smx] "Nopied◎<3><[U:1:103205717]><>" slapped "나는 브로니다!<4><[U:1:150941697]><>" (damage "10")
L 04/21/2016 - 22:01:33: [playercommands.smx] "Nopied◎<3><[U:1:103205717]><>" slapped "나는 브로니다!<4><[U:1:150941697]><>" (damage "10")
L 04/21/2016 - 22:01:33: [playercommands.smx] "Nopied◎<3><[U:1:103205717]><>" slapped "나는 브로니다!<4><[U:1:150941697]><>" (damage "10")
L 04/21/2016 - 22:01:33: [playercommands.smx] "Nopied◎<3><[U:1:103205717]><>" slapped "나는 브로니다!<4><[U:1:150941697]><>" (damage "10")
L 04/21/2016 - 22:01:33: [playercommands.smx] "Nopied◎<3><[U:1:103205717]><>" slapped "나는 브로니다!<4><[U:1:150941697]><>" (damage "10")
L 04/21/2016 - 22:01:34: [playercommands.smx] "Nopied◎<3><[U:1:103205717]><>" slapped "나는 브로니다!<4><[U:1:150941697]><>" (damage "10")
L 04/21/2016 - 22:01:34: [playercommands.smx] "Nopied◎<3><[U:1:103205717]><>" slapped "나는 브로니다!<4><[U:1:150941697]><>" (damage "10")
L 04/21/2016 - 22:01:34: [playercommands.smx] "Nopied◎<3><[U:1:103205717]><>" slapped "나는 브로니다!<4><[U:1:150941697]><>" (damage "10")
L 04/21/2016 - 22:01:34: [playercommands.smx] "Nopied◎<3><[U:1:103205717]><>" slapped "나는 브로니다!<4><[U:1:150941697]><>" (damage "10")
L 04/21/2016 - 22:01:34: [playercommands.smx] "Nopied◎<3><[U:1:103205717]><>" slapped "나는 브로니다!<4><[U:1:150941697]><>" (damage "10")
L 04/21/2016 - 22:01:34: [playercommands.smx] "Nopied◎<3><[U:1:103205717]><>" slapped "나는 브로니다!<4><[U:1:150941697]><>" (damage "10")
L 04/21/2016 - 22:01:35: [playercommands.smx] "Nopied◎<3><[U:1:103205717]><>" slapped "나는 브로니다!<4><[U:1:150941697]><>" (damage "10")
L 04/21/2016 - 22:03:08: [Boss Selection.smx] 이 클라이언트는 20의 대기포인트를 저장해놓은 상태.
L 04/21/2016 - 22:04:48: [Boss Selection.smx] 이 클라이언트는 20의 대기포인트를 저장해놓은 상태.
L 04/21/2016 - 22:10:07: [Boss Selection.smx] 이 클라이언트는 20의 대기포인트를 저장해놓은 상태.
L 04/21/2016 - 22:10:07: [Boss Selection.smx] 이 클라이언트는 0의 대기포인트를 저장해놓은 상태.
L 04/21/2016 - 22:14:00: [Boss Selection.smx] 이 클라이언트는 20의 대기포인트를 저장해놓은 상태.
L 04/21/2016 - 22:16:20: [Boss Selection.smx] 이 클라이언트는 20의 대기포인트를 저장해놓은 상태.
L 04/21/2016 - 22:18:51: [Boss Selection.smx] 이 클라이언트는 20의 대기포인트를 저장해놓은 상태.
L 04/21/2016 - 22:19:36: [playercommands.smx] "Nopied◎<3><[U:1:103205717]><>" slayed "sakldkzldxjep<15><[U:1:159644927]><>"
L 04/21/2016 - 22:19:39: [Boss Selection.smx] 이 클라이언트는 20의 대기포인트를 저장해놓은 상태.
L 04/21/2016 - 22:19:59: -------- Mapchange to vsh_2fortdesk_v8 --------
L 04/21/2016 - 22:20:04: [Boss Selection.smx] [FF2boss] Added chat command: ff2boss
L 04/21/2016 - 22:20:04: [Boss Selection.smx] [FF2boss] Added chat command: boss
L 04/21/2016 - 22:20:04: [Boss Selection.smx] [FF2boss] Added chat command: 보스
L 04/21/2016 - 22:20:04: [Boss Selection.smx] [FF2boss] Added chat command: 보스선택
L 04/21/2016 - 22:22:03: [Boss Selection.smx] 이 클라이언트는 20의 대기포인트를 저장해놓은 상태.
L 04/21/2016 - 22:22:28: [playercommands.smx] "Nopied◎<3><[U:1:103205717]><>" slayed "Nopied◎<3><[U:1:103205717]><>"
L 04/21/2016 - 22:22:31: [Boss Selection.smx] 이 클라이언트는 20의 대기포인트를 저장해놓은 상태.
L 04/21/2016 - 22:24:07: [Boss Selection.smx] 이 클라이언트는 20의 대기포인트를 저장해놓은 상태.
L 04/21/2016 - 22:24:12: [freak_fortress_2.smx] "Nopied◎<3><[U:1:103205717]><>" added 123 queue points to "Nopied◎<3><[U:1:103205717]><>"
L 04/21/2016 - 22:25:34: [Boss Selection.smx] 이 클라이언트는 20의 대기포인트를 저장해놓은 상태.
L 04/21/2016 - 22:25:48: [basecommands.smx] "Nopied◎<3><[U:1:103205717]><>" kicked "나는 브로니다!<4><[U:1:150941697]><>" (reason "멀록")
L 04/21/2016 - 22:25:48: [basecommands.smx] "Nopied◎<3><[U:1:103205717]><>" kicked "(1)나는 브로니다!<5><[U:1:209760731]><>" (reason "멀록")
L 04/21/2016 - 22:25:48: [basecommands.smx] "Nopied◎<3><[U:1:103205717]><>" kicked "Rimuru Temfest<7><[U:1:76700589]><>" (reason "멀록")
L 04/21/2016 - 22:25:48: [basecommands.smx] "Nopied◎<3><[U:1:103205717]><>" kicked "sakldkzldxjep<15><[U:1:159644927]><>" (reason "멀록")
L 04/21/2016 - 22:25:48: [basecommands.smx] "Nopied◎<3><[U:1:103205717]><>" kicked "MueoNG(무엉)<14><[U:1:163233802]><>" (reason "멀록")
L 04/21/2016 - 22:25:48: [basecommands.smx] "Nopied◎<3><[U:1:103205717]><>" kicked "Nopied◎<3><[U:1:103205717]><>" (reason "멀록")
L 04/21/2016 - 22:25:55: Log file closed.
