L 03/30/2016 - 22:19:21: SourceMod log file session started (file "L20160330.log") (Version "1.7.3-dev+5298")
L 03/30/2016 - 22:19:21: -------- Mapchange to arena_badlands --------
L 03/30/2016 - 22:19:22: [TF2ITEMS] "GiveNamedItem" offset = 472
L 03/30/2016 - 22:19:23: [Boss Selection.smx] [FF2boss] Added chat command: ff2boss
L 03/30/2016 - 22:19:23: [Boss Selection.smx] [FF2boss] Added chat command: boss
L 03/30/2016 - 22:19:23: [Boss Selection.smx] [FF2boss] Added chat command: ë³´ìŠ¤
L 03/30/2016 - 22:19:23: [Boss Selection.smx] [FF2boss] Added chat command: ë³´ìŠ¤ì„ íƒ
L 03/30/2016 - 22:19:23: [Boss Selection.smx] [FF2boss] Added chat command: 
L 03/30/2016 - 22:19:23: [custompart.smx] Debug for CustomPart
L 03/30/2016 - 22:19:23: [freak_fortress_2.smx] ===Freak Fortress 2 Initializing-v1.10.9 Beta (build manual)===
L 03/30/2016 - 22:19:36: [Boss Selection.smx] [FF2boss] Added chat command: ff2boss
L 03/30/2016 - 22:19:36: [Boss Selection.smx] [FF2boss] Added chat command: boss
L 03/30/2016 - 22:19:36: [Boss Selection.smx] [FF2boss] Added chat command: ë³´ìŠ¤
L 03/30/2016 - 22:19:36: [Boss Selection.smx] [FF2boss] Added chat command: ë³´ìŠ¤ì„ íƒ
L 03/30/2016 - 22:19:36: [Boss Selection.smx] [FF2boss] Added chat command: 
L 03/30/2016 - 22:20:13: Log file closed.
L 03/30/2016 - 22:21:02: SourceMod log file session started (file "L20160330.log") (Version "1.7.3-dev+5298")
L 03/30/2016 - 22:21:02: -------- Mapchange to arena_badlands --------
L 03/30/2016 - 22:21:02: [TF2ITEMS] "GiveNamedItem" offset = 472
L 03/30/2016 - 22:21:03: [Boss Selection.smx] [FF2boss] Added chat command: ff2boss
L 03/30/2016 - 22:21:03: [Boss Selection.smx] [FF2boss] Added chat command: boss
L 03/30/2016 - 22:21:03: [Boss Selection.smx] [FF2boss] Added chat command: ë³´ìŠ¤
L 03/30/2016 - 22:21:03: [Boss Selection.smx] [FF2boss] Added chat command: ë³´ìŠ¤ì„ íƒ
L 03/30/2016 - 22:21:03: [Boss Selection.smx] [FF2boss] Added chat command: 
L 03/30/2016 - 22:21:03: [custompart.smx] Debug for CustomPart
L 03/30/2016 - 22:21:03: [freak_fortress_2.smx] ===Freak Fortress 2 Initializing-v1.10.9 Beta (build manual)===
L 03/30/2016 - 22:21:14: [Boss Selection.smx] [FF2boss] Added chat command: ff2boss
L 03/30/2016 - 22:21:14: [Boss Selection.smx] [FF2boss] Added chat command: boss
L 03/30/2016 - 22:21:14: [Boss Selection.smx] [FF2boss] Added chat command: ë³´ìŠ¤
L 03/30/2016 - 22:21:14: [Boss Selection.smx] [FF2boss] Added chat command: ë³´ìŠ¤ì„ íƒ
L 03/30/2016 - 22:21:14: [Boss Selection.smx] [FF2boss] Added chat command: 
L 03/30/2016 - 22:22:09: [Boss Selection.smx] ff2_dev""
L 03/30/2016 - 22:22:09: [Boss Selection.smx] ff2_dev""
L 03/30/2016 - 22:22:09: [Boss Selection.smx] ff2_dev""
L 03/30/2016 - 22:22:09: [Boss Selection.smx] ff2_dev""
L 03/30/2016 - 22:22:09: [Boss Selection.smx] ff2_dev""
L 03/30/2016 - 22:22:09: [Boss Selection.smx] ff2_dev""
L 03/30/2016 - 22:22:16: [Boss Selection.smx] ff2_devmode""
L 03/30/2016 - 22:22:16: [Boss Selection.smx] ff2_devmode""
L 03/30/2016 - 22:22:16: [Boss Selection.smx] ff2_devmode""
L 03/30/2016 - 22:22:16: [Boss Selection.smx] ff2_devmode""
L 03/30/2016 - 22:22:16: [Boss Selection.smx] ff2_devmode""
L 03/30/2016 - 22:22:16: [Boss Selection.smx] ff2_devmode""
L 03/30/2016 - 22:24:44: [Boss Selection.smx] ë¬´ìŠ¨ í´ë˜ìŠ¤ë¥¼ í•´ì•¼í•©ë‹ˆê¹Œ!""
L 03/30/2016 - 22:24:44: [Boss Selection.smx] ë¬´ìŠ¨ í´ë˜ìŠ¤ë¥¼ í•´ì•¼í•©ë‹ˆê¹Œ!""
L 03/30/2016 - 22:24:44: [Boss Selection.smx] ë¬´ìŠ¨ í´ë˜ìŠ¤ë¥¼ í•´ì•¼í•©ë‹ˆê¹Œ!""
L 03/30/2016 - 22:24:44: [Boss Selection.smx] ë¬´ìŠ¨ í´ë˜ìŠ¤ë¥¼ í•´ì•¼í•©ë‹ˆê¹Œ!""
L 03/30/2016 - 22:24:44: [Boss Selection.smx] ë¬´ìŠ¨ í´ë˜ìŠ¤ë¥¼ í•´ì•¼í•©ë‹ˆê¹Œ!""
L 03/30/2016 - 22:24:44: [Boss Selection.smx] ë¬´ìŠ¨ í´ë˜ìŠ¤ë¥¼ í•´ì•¼í•©ë‹ˆê¹Œ!""
L 03/30/2016 - 22:25:17: [Boss Selection.smx] ì˜¤ëŠ˜ì€..""
L 03/30/2016 - 22:25:17: [Boss Selection.smx] ì˜¤ëŠ˜ì€..""
L 03/30/2016 - 22:25:17: [Boss Selection.smx] ì˜¤ëŠ˜ì€..""
L 03/30/2016 - 22:25:18: [Boss Selection.smx] ì˜¤ëŠ˜ì€..""
L 03/30/2016 - 22:25:18: [Boss Selection.smx] ì˜¤ëŠ˜ì€..""
L 03/30/2016 - 22:25:18: [Boss Selection.smx] ì˜¤ëŠ˜ì€..""
L 03/30/2016 - 22:25:20: [Boss Selection.smx] ê·¸ëƒ¥..""
L 03/30/2016 - 22:25:20: [Boss Selection.smx] ê·¸ëƒ¥..""
L 03/30/2016 - 22:25:20: [Boss Selection.smx] ê·¸ëƒ¥..""
L 03/30/2016 - 22:25:20: [Boss Selection.smx] ê·¸ëƒ¥..""
L 03/30/2016 - 22:25:20: [Boss Selection.smx] ê·¸ëƒ¥..""
L 03/30/2016 - 22:25:20: [Boss Selection.smx] ê·¸ëƒ¥..""
L 03/30/2016 - 22:25:22: [Boss Selection.smx] ìŠ¤íŒŒì´ìš”""
L 03/30/2016 - 22:25:22: [Boss Selection.smx] ìŠ¤íŒŒì´ìš”""
L 03/30/2016 - 22:25:22: [Boss Selection.smx] ìŠ¤íŒŒì´ìš”""
L 03/30/2016 - 22:25:22: [Boss Selection.smx] ìŠ¤íŒŒì´ìš”""
L 03/30/2016 - 22:25:22: [Boss Selection.smx] ìŠ¤íŒŒì´ìš”""
L 03/30/2016 - 22:25:22: [Boss Selection.smx] ìŠ¤íŒŒì´ìš”""
L 03/30/2016 - 22:25:32: [Boss Selection.smx] ff2_devmode""
L 03/30/2016 - 22:25:32: [Boss Selection.smx] ff2_devmode""
L 03/30/2016 - 22:25:32: [Boss Selection.smx] ff2_devmode""
L 03/30/2016 - 22:25:32: [Boss Selection.smx] ff2_devmode""
L 03/30/2016 - 22:25:32: [Boss Selection.smx] ff2_devmode""
L 03/30/2016 - 22:25:32: [Boss Selection.smx] ff2_devmode""
L 03/30/2016 - 22:25:38: [Boss Selection.smx] í .""
L 03/30/2016 - 22:25:38: [Boss Selection.smx] í .""
L 03/30/2016 - 22:25:38: [Boss Selection.smx] í .""
L 03/30/2016 - 22:25:38: [Boss Selection.smx] í .""
L 03/30/2016 - 22:25:38: [Boss Selection.smx] í .""
L 03/30/2016 - 22:25:38: [Boss Selection.smx] í .""
L 03/30/2016 - 22:25:43: [Boss Selection.smx] ë­”ê°€ ì˜ëª» ì„¤ì • í–ˆêµ°!""
L 03/30/2016 - 22:25:43: [Boss Selection.smx] ë­”ê°€ ì˜ëª» ì„¤ì • í–ˆêµ°!""
L 03/30/2016 - 22:25:43: [Boss Selection.smx] ë­”ê°€ ì˜ëª» ì„¤ì • í–ˆêµ°!""
L 03/30/2016 - 22:25:43: [Boss Selection.smx] ë­”ê°€ ì˜ëª» ì„¤ì • í–ˆêµ°!""
L 03/30/2016 - 22:25:43: [Boss Selection.smx] ë­”ê°€ ì˜ëª» ì„¤ì • í–ˆêµ°!""
L 03/30/2016 - 22:25:43: [Boss Selection.smx] ë­”ê°€ ì˜ëª» ì„¤ì • í–ˆêµ°!""
L 03/30/2016 - 22:25:49: [Boss Selection.smx] !""
L 03/30/2016 - 22:25:49: [Boss Selection.smx] !""
L 03/30/2016 - 22:25:49: [Boss Selection.smx] !""
L 03/30/2016 - 22:25:49: [Boss Selection.smx] !""
L 03/30/2016 - 22:25:49: [Boss Selection.smx] !""
L 03/30/2016 - 22:25:49: [Boss Selection.smx] !""
L 03/30/2016 - 22:25:55: [Boss Selection.smx] ff2_addpoints @me 123""
L 03/30/2016 - 22:25:55: [Boss Selection.smx] ff2_addpoints @me 123""
L 03/30/2016 - 22:25:55: [Boss Selection.smx] ff2_addpoints @me 123""
L 03/30/2016 - 22:25:55: [Boss Selection.smx] ff2_addpoints @me 123""
L 03/30/2016 - 22:25:55: [Boss Selection.smx] ff2_addpoints @me 123""
L 03/30/2016 - 22:25:55: [Boss Selection.smx] ff2_addpoints @me 123""
L 03/30/2016 - 22:25:55: [freak_fortress_2.smx] "Nopiedâ—<2><[U:1:103205717]><>" added 123 queue points to "Nopiedâ—<2><[U:1:103205717]><>"
L 03/30/2016 - 22:25:58: [Boss Selection.smx] slay @all""
L 03/30/2016 - 22:25:58: [Boss Selection.smx] slay @all""
L 03/30/2016 - 22:25:58: [Boss Selection.smx] slay @all""
L 03/30/2016 - 22:25:58: [Boss Selection.smx] slay @all""
L 03/30/2016 - 22:25:58: [Boss Selection.smx] slay @all""
L 03/30/2016 - 22:25:58: [Boss Selection.smx] slay @all""
L 03/30/2016 - 22:25:58: [playercommands.smx] "Nopiedâ—<2><[U:1:103205717]><>" slayed "Kill Me<3><BOT><>"
L 03/30/2016 - 22:25:58: [playercommands.smx] "Nopiedâ—<2><[U:1:103205717]><>" slayed "Chucklenuts<4><BOT><>"
L 03/30/2016 - 22:25:58: [playercommands.smx] "Nopiedâ—<2><[U:1:103205717]><>" slayed "CryBaby<5><BOT><>"
L 03/30/2016 - 22:25:58: [playercommands.smx] "Nopiedâ—<2><[U:1:103205717]><>" slayed "WITCH<6><BOT><>"
L 03/30/2016 - 22:25:59: [Boss Selection.smx]  ""
L 03/30/2016 - 22:25:59: [Boss Selection.smx]  ""
L 03/30/2016 - 22:25:59: [Boss Selection.smx]  ""
L 03/30/2016 - 22:25:59: [Boss Selection.smx]  ""
L 03/30/2016 - 22:25:59: [Boss Selection.smx]  ""
L 03/30/2016 - 22:25:59: [Boss Selection.smx]  ""
L 03/30/2016 - 22:26:15: [Boss Selection.smx] ff2next""
L 03/30/2016 - 22:26:15: [Boss Selection.smx] ff2next""
L 03/30/2016 - 22:26:15: [Boss Selection.smx] ff2next""
L 03/30/2016 - 22:26:15: [Boss Selection.smx] ff2next""
L 03/30/2016 - 22:26:15: [Boss Selection.smx] ff2next""
L 03/30/2016 - 22:26:15: [Boss Selection.smx] ff2next""
L 03/30/2016 - 22:26:20: [Boss Selection.smx] ì˜¤ ëŒ€ê¸°ì—´í¬ì¸íŠ¸ ë˜ë„¤""
L 03/30/2016 - 22:26:20: [Boss Selection.smx] ì˜¤ ëŒ€ê¸°ì—´í¬ì¸íŠ¸ ë˜ë„¤""
L 03/30/2016 - 22:26:20: [Boss Selection.smx] ì˜¤ ëŒ€ê¸°ì—´í¬ì¸íŠ¸ ë˜ë„¤""
L 03/30/2016 - 22:26:20: [Boss Selection.smx] ì˜¤ ëŒ€ê¸°ì—´í¬ì¸íŠ¸ ë˜ë„¤""
L 03/30/2016 - 22:26:20: [Boss Selection.smx] ì˜¤ ëŒ€ê¸°ì—´í¬ì¸íŠ¸ ë˜ë„¤""
L 03/30/2016 - 22:26:20: [Boss Selection.smx] ì˜¤ ëŒ€ê¸°ì—´í¬ì¸íŠ¸ ë˜ë„¤""
L 03/30/2016 - 22:26:25: [Boss Selection.smx] ë³´ìŠ¤ ì„ íƒ í”ŒëŸ¬ê·¸ì¸ì„""
L 03/30/2016 - 22:26:25: [Boss Selection.smx] ë³´ìŠ¤ ì„ íƒ í”ŒëŸ¬ê·¸ì¸ì„""
L 03/30/2016 - 22:26:25: [Boss Selection.smx] ë³´ìŠ¤ ì„ íƒ í”ŒëŸ¬ê·¸ì¸ì„""
L 03/30/2016 - 22:26:25: [Boss Selection.smx] ë³´ìŠ¤ ì„ íƒ í”ŒëŸ¬ê·¸ì¸ì„""
L 03/30/2016 - 22:26:25: [Boss Selection.smx] ë³´ìŠ¤ ì„ íƒ í”ŒëŸ¬ê·¸ì¸ì„""
L 03/30/2016 - 22:26:25: [Boss Selection.smx] ë³´ìŠ¤ ì„ íƒ í”ŒëŸ¬ê·¸ì¸ì„""
L 03/30/2016 - 22:26:30: [Boss Selection.smx] ì¶”í›„ì— ê³ ì³ì„œ ë„£ìœ¼ë ¤ê³ ìš”""
L 03/30/2016 - 22:26:30: [Boss Selection.smx] ì¶”í›„ì— ê³ ì³ì„œ ë„£ìœ¼ë ¤ê³ ìš”""
L 03/30/2016 - 22:26:30: [Boss Selection.smx] ì¶”í›„ì— ê³ ì³ì„œ ë„£ìœ¼ë ¤ê³ ìš”""
L 03/30/2016 - 22:26:30: [Boss Selection.smx] ì¶”í›„ì— ê³ ì³ì„œ ë„£ìœ¼ë ¤ê³ ìš”""
L 03/30/2016 - 22:26:30: [Boss Selection.smx] ì¶”í›„ì— ê³ ì³ì„œ ë„£ìœ¼ë ¤ê³ ìš”""
L 03/30/2016 - 22:26:30: [Boss Selection.smx] ì¶”í›„ì— ê³ ì³ì„œ ë„£ìœ¼ë ¤ê³ ìš”""
L 03/30/2016 - 22:26:36: [Boss Selection.smx] ì„ íƒì€ ë˜ê¸´ ë˜ëŠ”ë°""
L 03/30/2016 - 22:26:36: [Boss Selection.smx] ì„ íƒì€ ë˜ê¸´ ë˜ëŠ”ë°""
L 03/30/2016 - 22:26:36: [Boss Selection.smx] ì„ íƒì€ ë˜ê¸´ ë˜ëŠ”ë°""
L 03/30/2016 - 22:26:36: [Boss Selection.smx] ì„ íƒì€ ë˜ê¸´ ë˜ëŠ”ë°""
L 03/30/2016 - 22:26:36: [Boss Selection.smx] ì„ íƒì€ ë˜ê¸´ ë˜ëŠ”ë°""
L 03/30/2016 - 22:26:36: [Boss Selection.smx] ì„ íƒì€ ë˜ê¸´ ë˜ëŠ”ë°""
L 03/30/2016 - 22:26:42: [Boss Selection.smx] ì•ˆí•¨ ì„¤ì •ì„ ëºŒ""
L 03/30/2016 - 22:26:42: [Boss Selection.smx] ì•ˆí•¨ ì„¤ì •ì„ ëºŒ""
L 03/30/2016 - 22:26:42: [Boss Selection.smx] ì•ˆí•¨ ì„¤ì •ì„ ëºŒ""
L 03/30/2016 - 22:26:42: [Boss Selection.smx] ì•ˆí•¨ ì„¤ì •ì„ ëºŒ""
L 03/30/2016 - 22:26:42: [Boss Selection.smx] ì•ˆí•¨ ì„¤ì •ì„ ëºŒ""
L 03/30/2016 - 22:26:42: [Boss Selection.smx] ì•ˆí•¨ ì„¤ì •ì„ ëºŒ""
L 03/30/2016 - 22:26:46: [Boss Selection.smx] ì˜¬ã…‹""
L 03/30/2016 - 22:26:46: [Boss Selection.smx] ì˜¬ã…‹""
L 03/30/2016 - 22:26:46: [Boss Selection.smx] ì˜¬ã…‹""
L 03/30/2016 - 22:26:46: [Boss Selection.smx] ì˜¬ã…‹""
L 03/30/2016 - 22:26:46: [Boss Selection.smx] ì˜¬ã…‹""
L 03/30/2016 - 22:26:46: [Boss Selection.smx] ì˜¬ã…‹""
L 03/30/2016 - 22:26:48: [Boss Selection.smx] ë°ë¯¸ì§€ ê³ ì¹¨.""
L 03/30/2016 - 22:26:48: [Boss Selection.smx] ë°ë¯¸ì§€ ê³ ì¹¨.""
L 03/30/2016 - 22:26:48: [Boss Selection.smx] ë°ë¯¸ì§€ ê³ ì¹¨.""
L 03/30/2016 - 22:26:48: [Boss Selection.smx] ë°ë¯¸ì§€ ê³ ì¹¨.""
L 03/30/2016 - 22:26:48: [Boss Selection.smx] ë°ë¯¸ì§€ ê³ ì¹¨.""
L 03/30/2016 - 22:26:48: [Boss Selection.smx] ë°ë¯¸ì§€ ê³ ì¹¨.""
L 03/30/2016 - 22:26:53: [Boss Selection.smx] êµ¼ë°” ã„±ã„±""
L 03/30/2016 - 22:26:53: [Boss Selection.smx] êµ¼ë°” ã„±ã„±""
L 03/30/2016 - 22:26:53: [Boss Selection.smx] êµ¼ë°” ã„±ã„±""
L 03/30/2016 - 22:26:53: [Boss Selection.smx] êµ¼ë°” ã„±ã„±""
L 03/30/2016 - 22:26:53: [Boss Selection.smx] êµ¼ë°” ã„±ã„±""
L 03/30/2016 - 22:26:53: [Boss Selection.smx] êµ¼ë°” ã„±ã„±""
L 03/30/2016 - 22:27:00: [Boss Selection.smx] ??""
L 03/30/2016 - 22:27:00: [Boss Selection.smx] ??""
L 03/30/2016 - 22:27:00: [Boss Selection.smx] ??""
L 03/30/2016 - 22:27:00: [Boss Selection.smx] ??""
L 03/30/2016 - 22:27:00: [Boss Selection.smx] ??""
L 03/30/2016 - 22:27:00: [Boss Selection.smx] ??""
L 03/30/2016 - 22:27:00: [Boss Selection.smx] ??""
L 03/30/2016 - 22:27:00: [Boss Selection.smx] ??""
L 03/30/2016 - 22:27:00: [Boss Selection.smx] ??""
L 03/30/2016 - 22:27:00: [Boss Selection.smx] ??""
L 03/30/2016 - 22:27:00: [Boss Selection.smx] ??""
L 03/30/2016 - 22:27:00: [Boss Selection.smx] ??""
L 03/30/2016 - 22:27:02: [Boss Selection.smx] ã…‹ã…‹ã…‹ã…‹ã…‹ã…‹ã…‹ã…‹""
L 03/30/2016 - 22:27:02: [Boss Selection.smx] ã…‹ã…‹ã…‹ã…‹ã…‹ã…‹ã…‹ã…‹""
L 03/30/2016 - 22:27:02: [Boss Selection.smx] ã…‹ã…‹ã…‹ã…‹ã…‹ã…‹ã…‹ã…‹""
L 03/30/2016 - 22:27:02: [Boss Selection.smx] ã…‹ã…‹ã…‹ã…‹ã…‹ã…‹ã…‹ã…‹""
L 03/30/2016 - 22:27:02: [Boss Selection.smx] ã…‹ã…‹ã…‹ã…‹ã…‹ã…‹ã…‹ã…‹""
L 03/30/2016 - 22:27:02: [Boss Selection.smx] ã…‹ã…‹ã…‹ã…‹ã…‹ã…‹ã…‹ã…‹""
L 03/30/2016 - 22:27:02: [Boss Selection.smx] ì´ê²Œ ë¬´ìŠ¨ ì†Œë¦¬ì•¼""
L 03/30/2016 - 22:27:02: [Boss Selection.smx] ì´ê²Œ ë¬´ìŠ¨ ì†Œë¦¬ì•¼""
L 03/30/2016 - 22:27:02: [Boss Selection.smx] ì´ê²Œ ë¬´ìŠ¨ ì†Œë¦¬ì•¼""
L 03/30/2016 - 22:27:02: [Boss Selection.smx] ì´ê²Œ ë¬´ìŠ¨ ì†Œë¦¬ì•¼""
L 03/30/2016 - 22:27:02: [Boss Selection.smx] ì´ê²Œ ë¬´ìŠ¨ ì†Œë¦¬ì•¼""
L 03/30/2016 - 22:27:02: [Boss Selection.smx] ì´ê²Œ ë¬´ìŠ¨ ì†Œë¦¬ì•¼""
L 03/30/2016 - 22:27:04: [Boss Selection.smx] ã…‹ã…‹ã…‹ã…‹ã…‹ã…‹ã…‹ã…‹ã…‹ã…‹ã…‹ã…‹ã…‹ã…‹ã…‹ã…‹ã
L 03/30/2016 - 22:27:04: [Boss Selection.smx] ã…‹ã…‹ã…‹ã…‹ã…‹ã…‹ã…‹ã…‹ã…‹ã…‹ã…‹ã…‹ã…‹ã…‹ã…‹ã…‹ã
L 03/30/2016 - 22:27:04: [Boss Selection.smx] ã…‹ã…‹ã…‹ã…‹ã…‹ã…‹ã…‹ã…‹ã…‹ã…‹ã…‹ã…‹ã…‹ã…‹ã…‹ã…‹ã
L 03/30/2016 - 22:27:04: [Boss Selection.smx] ã…‹ã…‹ã…‹ã…‹ã…‹ã…‹ã…‹ã…‹ã…‹ã…‹ã…‹ã…‹ã…‹ã…‹ã…‹ã…‹ã
L 03/30/2016 - 22:27:04: [Boss Selection.smx] ã…‹ã…‹ã…‹ã…‹ã…‹ã…‹ã…‹ã…‹ã…‹ã…‹ã…‹ã…‹ã…‹ã…‹ã…‹ã…‹ã
L 03/30/2016 - 22:27:04: [Boss Selection.smx] ã…‹ã…‹ã…‹ã…‹ã…‹ã…‹ã…‹ã…‹ã…‹ã…‹ã…‹ã…‹ã…‹ã…‹ã…‹ã…‹ã
L 03/30/2016 - 22:27:09: [Boss Selection.smx] í•˜ë‚˜ë¥¼ ê³ ì¹˜ë©´ í•˜ë‚˜ê°€ ìƒê¸°ëŠ” ë²„ê·¸!""
L 03/30/2016 - 22:27:09: [Boss Selection.smx] í•˜ë‚˜ë¥¼ ê³ ì¹˜ë©´ í•˜ë‚˜ê°€ ìƒê¸°ëŠ” ë²„ê·¸!""
L 03/30/2016 - 22:27:09: [Boss Selection.smx] í•˜ë‚˜ë¥¼ ê³ ì¹˜ë©´ í•˜ë‚˜ê°€ ìƒê¸°ëŠ” ë²„ê·¸!""
L 03/30/2016 - 22:27:09: [Boss Selection.smx] í•˜ë‚˜ë¥¼ ê³ ì¹˜ë©´ í•˜ë‚˜ê°€ ìƒê¸°ëŠ” ë²„ê·¸!""
L 03/30/2016 - 22:27:09: [Boss Selection.smx] í•˜ë‚˜ë¥¼ ê³ ì¹˜ë©´ í•˜ë‚˜ê°€ ìƒê¸°ëŠ” ë²„ê·¸!""
L 03/30/2016 - 22:27:09: [Boss Selection.smx] í•˜ë‚˜ë¥¼ ê³ ì¹˜ë©´ í•˜ë‚˜ê°€ ìƒê¸°ëŠ” ë²„ê·¸!""
L 03/30/2016 - 22:27:09: [Boss Selection.smx] ff2_addpoints @me 12345""
L 03/30/2016 - 22:27:09: [Boss Selection.smx] ff2_addpoints @me 12345""
L 03/30/2016 - 22:27:09: [Boss Selection.smx] ff2_addpoints @me 12345""
L 03/30/2016 - 22:27:09: [Boss Selection.smx] ff2_addpoints @me 12345""
L 03/30/2016 - 22:27:09: [Boss Selection.smx] ff2_addpoints @me 12345""
L 03/30/2016 - 22:27:09: [Boss Selection.smx] ff2_addpoints @me 12345""
L 03/30/2016 - 22:27:09: [freak_fortress_2.smx] "Nopiedâ—<2><[U:1:103205717]><>" added 12345 queue points to "Nopiedâ—<2><[U:1:103205717]><>"
L 03/30/2016 - 22:27:24: [Boss Selection.smx] ëª¨ë“  ê²Œì„ì˜ ë²•ì¹™ì´ì§€""
L 03/30/2016 - 22:27:24: [Boss Selection.smx] ëª¨ë“  ê²Œì„ì˜ ë²•ì¹™ì´ì§€""
L 03/30/2016 - 22:27:24: [Boss Selection.smx] ëª¨ë“  ê²Œì„ì˜ ë²•ì¹™ì´ì§€""
L 03/30/2016 - 22:27:24: [Boss Selection.smx] ëª¨ë“  ê²Œì„ì˜ ë²•ì¹™ì´ì§€""
L 03/30/2016 - 22:27:24: [Boss Selection.smx] ëª¨ë“  ê²Œì„ì˜ ë²•ì¹™ì´ì§€""
L 03/30/2016 - 22:27:24: [Boss Selection.smx] ëª¨ë“  ê²Œì„ì˜ ë²•ì¹™ì´ì§€""
L 03/30/2016 - 22:27:24: [Boss Selection.smx] ì œê°€ ì„ì˜ë¡œ ëŒ€ê¸°í¬ì¸íŠ¸ ìˆ˜ì •ì¤‘ì´ë‹ˆ"
L 03/30/2016 - 22:27:24: [Boss Selection.smx] ì œê°€ ì„ì˜ë¡œ ëŒ€ê¸°í¬ì¸íŠ¸ ìˆ˜ì •ì¤‘ì´ë‹ˆ"
L 03/30/2016 - 22:27:24: [Boss Selection.smx] ì œê°€ ì„ì˜ë¡œ ëŒ€ê¸°í¬ì¸íŠ¸ ìˆ˜ì •ì¤‘ì´ë‹ˆ"
L 03/30/2016 - 22:27:24: [Boss Selection.smx] ì œê°€ ì„ì˜ë¡œ ëŒ€ê¸°í¬ì¸íŠ¸ ìˆ˜ì •ì¤‘ì´ë‹ˆ"
L 03/30/2016 - 22:27:24: [Boss Selection.smx] ì œê°€ ì„ì˜ë¡œ ëŒ€ê¸°í¬ì¸íŠ¸ ìˆ˜ì •ì¤‘ì´ë‹ˆ"
L 03/30/2016 - 22:27:24: [Boss Selection.smx] ì œê°€ ì„ì˜ë¡œ ëŒ€ê¸°í¬ì¸íŠ¸ ìˆ˜ì •ì¤‘ì´ë‹ˆ"
L 03/30/2016 - 22:27:31: [Boss Selection.smx] ff2_devmode""
L 03/30/2016 - 22:27:31: [Boss Selection.smx] ff2_devmode""
L 03/30/2016 - 22:27:31: [Boss Selection.smx] ff2_devmode""
L 03/30/2016 - 22:27:31: [Boss Selection.smx] ff2_devmode""
L 03/30/2016 - 22:27:31: [Boss Selection.smx] ff2_devmode""
L 03/30/2016 - 22:27:31: [Boss Selection.smx] ff2_devmode""
L 03/30/2016 - 22:27:40: [Boss Selection.smx] ê·¸ë¦¬ê³ ""
L 03/30/2016 - 22:27:40: [Boss Selection.smx] ê·¸ë¦¬ê³ ""
L 03/30/2016 - 22:27:40: [Boss Selection.smx] ê·¸ë¦¬ê³ ""
L 03/30/2016 - 22:27:40: [Boss Selection.smx] ê·¸ë¦¬ê³ ""
L 03/30/2016 - 22:27:40: [Boss Selection.smx] ê·¸ë¦¬ê³ ""
L 03/30/2016 - 22:27:40: [Boss Selection.smx] ê·¸ë¦¬ê³ ""
L 03/30/2016 - 22:27:42: [Boss Selection.smx] ì´ì œ ë¶„ë…¸ëŠ”""
L 03/30/2016 - 22:27:42: [Boss Selection.smx] ì´ì œ ë¶„ë…¸ëŠ”""
L 03/30/2016 - 22:27:42: [Boss Selection.smx] ì´ì œ ë¶„ë…¸ëŠ”""
L 03/30/2016 - 22:27:42: [Boss Selection.smx] ì´ì œ ë¶„ë…¸ëŠ”""
L 03/30/2016 - 22:27:42: [Boss Selection.smx] ì´ì œ ë¶„ë…¸ëŠ”""
L 03/30/2016 - 22:27:42: [Boss Selection.smx] ì´ì œ ë¶„ë…¸ëŠ”""
L 03/30/2016 - 22:27:45: [Boss Selection.smx] ì¿¨íƒ€ì„ê³¼""
L 03/30/2016 - 22:27:45: [Boss Selection.smx] ì¿¨íƒ€ì„ê³¼""
L 03/30/2016 - 22:27:45: [Boss Selection.smx] ì¿¨íƒ€ì„ê³¼""
L 03/30/2016 - 22:27:45: [Boss Selection.smx] ì¿¨íƒ€ì„ê³¼""
L 03/30/2016 - 22:27:45: [Boss Selection.smx] ì¿¨íƒ€ì„ê³¼""
L 03/30/2016 - 22:27:45: [Boss Selection.smx] ì¿¨íƒ€ì„ê³¼""
L 03/30/2016 - 22:27:49: [Boss Selection.smx] ì§€ì†ì‹œê°„ì´ ëë‚˜ì•¼""
L 03/30/2016 - 22:27:49: [Boss Selection.smx] ì§€ì†ì‹œê°„ì´ ëë‚˜ì•¼""
L 03/30/2016 - 22:27:50: [Boss Selection.smx] ì§€ì†ì‹œê°„ì´ ëë‚˜ì•¼""
L 03/30/2016 - 22:27:50: [Boss Selection.smx] ì§€ì†ì‹œê°„ì´ ëë‚˜ì•¼""
L 03/30/2016 - 22:27:50: [Boss Selection.smx] ì§€ì†ì‹œê°„ì´ ëë‚˜ì•¼""
L 03/30/2016 - 22:27:50: [Boss Selection.smx] ì§€ì†ì‹œê°„ì´ ëë‚˜ì•¼""
L 03/30/2016 - 22:27:52: [Boss Selection.smx] ë‹¤ì‹œ ì‚¬ìš© ê°€ëŠ¥""
L 03/30/2016 - 22:27:52: [Boss Selection.smx] ë‹¤ì‹œ ì‚¬ìš© ê°€ëŠ¥""
L 03/30/2016 - 22:27:52: [Boss Selection.smx] ë‹¤ì‹œ ì‚¬ìš© ê°€ëŠ¥""
L 03/30/2016 - 22:27:52: [Boss Selection.smx] ë‹¤ì‹œ ì‚¬ìš© ê°€ëŠ¥""
L 03/30/2016 - 22:27:52: [Boss Selection.smx] ë‹¤ì‹œ ì‚¬ìš© ê°€ëŠ¥""
L 03/30/2016 - 22:27:52: [Boss Selection.smx] ë‹¤ì‹œ ì‚¬ìš© ê°€ëŠ¥""
L 03/30/2016 - 22:27:56: [Boss Selection.smx] ã…‹ã…‹ã…‹ã…‹ã…‹""
L 03/30/2016 - 22:27:56: [Boss Selection.smx] ã…‹ã…‹ã…‹ã…‹ã…‹""
L 03/30/2016 - 22:27:56: [Boss Selection.smx] ã…‹ã…‹ã…‹ã…‹ã…‹""
L 03/30/2016 - 22:27:56: [Boss Selection.smx] ã…‹ã…‹ã…‹ã…‹ã…‹""
L 03/30/2016 - 22:27:56: [Boss Selection.smx] ã…‹ã…‹ã…‹ã…‹ã…‹""
L 03/30/2016 - 22:27:56: [Boss Selection.smx] ã…‹ã…‹ã…‹ã…‹ã…‹""
L 03/30/2016 - 22:28:15: [Boss Selection.smx] í”„ë¡œí”„ì”¨""
L 03/30/2016 - 22:28:15: [Boss Selection.smx] í”„ë¡œí”„ì”¨""
L 03/30/2016 - 22:28:15: [Boss Selection.smx] í”„ë¡œí”„ì”¨""
L 03/30/2016 - 22:28:15: [Boss Selection.smx] í”„ë¡œí”„ì”¨""
L 03/30/2016 - 22:28:15: [Boss Selection.smx] í”„ë¡œí”„ì”¨""
L 03/30/2016 - 22:28:15: [Boss Selection.smx] í”„ë¡œí”„ì”¨""
L 03/30/2016 - 22:28:17: [Boss Selection.smx] ?""
L 03/30/2016 - 22:28:17: [Boss Selection.smx] ?""
L 03/30/2016 - 22:28:17: [Boss Selection.smx] ?""
L 03/30/2016 - 22:28:17: [Boss Selection.smx] ?""
L 03/30/2016 - 22:28:17: [Boss Selection.smx] ?""
L 03/30/2016 - 22:28:17: [Boss Selection.smx] ?""
L 03/30/2016 - 22:28:18: [Boss Selection.smx] ì–´ë””ì„œ""
L 03/30/2016 - 22:28:18: [Boss Selection.smx] ì–´ë””ì„œ""
L 03/30/2016 - 22:28:18: [Boss Selection.smx] ì–´ë””ì„œ""
L 03/30/2016 - 22:28:18: [Boss Selection.smx] ì–´ë””ì„œ""
L 03/30/2016 - 22:28:18: [Boss Selection.smx] ì–´ë””ì„œ""
L 03/30/2016 - 22:28:18: [Boss Selection.smx] ì–´ë””ì„œ""
L 03/30/2016 - 22:28:19: [Boss Selection.smx] ë°±ìŠ¤íƒ­ìœ¼ë¡œ ì£½ì–´ì£¼ì„¸ìš”""
L 03/30/2016 - 22:28:19: [Boss Selection.smx] ë°±ìŠ¤íƒ­ìœ¼ë¡œ ì£½ì–´ì£¼ì„¸ìš”""
L 03/30/2016 - 22:28:19: [Boss Selection.smx] ë°±ìŠ¤íƒ­ìœ¼ë¡œ ì£½ì–´ì£¼ì„¸ìš”""
L 03/30/2016 - 22:28:19: [Boss Selection.smx] ë°±ìŠ¤íƒ­ìœ¼ë¡œ ì£½ì–´ì£¼ì„¸ìš”""
L 03/30/2016 - 22:28:19: [Boss Selection.smx] ë°±ìŠ¤íƒ­ìœ¼ë¡œ ì£½ì–´ì£¼ì„¸ìš”""
L 03/30/2016 - 22:28:19: [Boss Selection.smx] ë°±ìŠ¤íƒ­ìœ¼ë¡œ ì£½ì–´ì£¼ì„¸ìš”""
L 03/30/2016 - 22:28:21: [Boss Selection.smx] ë§Œë¡œë¹… ìŒì•…""
L 03/30/2016 - 22:28:21: [Boss Selection.smx] ë§Œë¡œë¹… ìŒì•…""
L 03/30/2016 - 22:28:21: [Boss Selection.smx] ë§Œë¡œë¹… ìŒì•…""
L 03/30/2016 - 22:28:21: [Boss Selection.smx] ë§Œë¡œë¹… ìŒì•…""
L 03/30/2016 - 22:28:21: [Boss Selection.smx] ë§Œë¡œë¹… ìŒì•…""
L 03/30/2016 - 22:28:21: [Boss Selection.smx] ë§Œë¡œë¹… ìŒì•…""
L 03/30/2016 - 22:28:29: [Boss Selection.smx] ì•ˆë¼""
L 03/30/2016 - 22:28:29: [Boss Selection.smx] ì•ˆë¼""
L 03/30/2016 - 22:28:29: [Boss Selection.smx] ì•ˆë¼""
L 03/30/2016 - 22:28:29: [Boss Selection.smx] ì•ˆë¼""
L 03/30/2016 - 22:28:29: [Boss Selection.smx] ì•ˆë¼""
L 03/30/2016 - 22:28:29: [Boss Selection.smx] ì•ˆë¼""
L 03/30/2016 - 22:28:54: [Boss Selection.smx] ë•¡í.""
L 03/30/2016 - 22:28:54: [Boss Selection.smx] ë•¡í.""
L 03/30/2016 - 22:28:54: [Boss Selection.smx] ë•¡í.""
L 03/30/2016 - 22:28:54: [Boss Selection.smx] ë•¡í.""
L 03/30/2016 - 22:28:54: [Boss Selection.smx] ë•¡í.""
L 03/30/2016 - 22:28:54: [Boss Selection.smx] ë•¡í.""
L 03/30/2016 - 22:29:04: [Boss Selection.smx] êµ¼ë°”ë‹¹í•´ ì£½ì–´ì£¼ì„¸ìš”""
L 03/30/2016 - 22:29:04: [Boss Selection.smx] êµ¼ë°”ë‹¹í•´ ì£½ì–´ì£¼ì„¸ìš”""
L 03/30/2016 - 22:29:04: [Boss Selection.smx] êµ¼ë°”ë‹¹í•´ ì£½ì–´ì£¼ì„¸ìš”""
L 03/30/2016 - 22:29:04: [Boss Selection.smx] êµ¼ë°”ë‹¹í•´ ì£½ì–´ì£¼ì„¸ìš”""
L 03/30/2016 - 22:29:04: [Boss Selection.smx] êµ¼ë°”ë‹¹í•´ ì£½ì–´ì£¼ì„¸ìš”""
L 03/30/2016 - 22:29:04: [Boss Selection.smx] êµ¼ë°”ë‹¹í•´ ì£½ì–´ì£¼ì„¸ìš”""
L 03/30/2016 - 22:29:05: [Boss Selection.smx] ë°±ìŠ¤íƒ­ë„ í‚¬í”¼ë“œì— ëœ¨ê²Œ í• ê²Œìš”""
L 03/30/2016 - 22:29:05: [Boss Selection.smx] ë°±ìŠ¤íƒ­ë„ í‚¬í”¼ë“œì— ëœ¨ê²Œ í• ê²Œìš”""
L 03/30/2016 - 22:29:05: [Boss Selection.smx] ë°±ìŠ¤íƒ­ë„ í‚¬í”¼ë“œì— ëœ¨ê²Œ í• ê²Œìš”""
L 03/30/2016 - 22:29:05: [Boss Selection.smx] ë°±ìŠ¤íƒ­ë„ í‚¬í”¼ë“œì— ëœ¨ê²Œ í• ê²Œìš”""
L 03/30/2016 - 22:29:05: [Boss Selection.smx] ë°±ìŠ¤íƒ­ë„ í‚¬í”¼ë“œì— ëœ¨ê²Œ í• ê²Œìš”""
L 03/30/2016 - 22:29:05: [Boss Selection.smx] ë°±ìŠ¤íƒ­ë„ í‚¬í”¼ë“œì— ëœ¨ê²Œ í• ê²Œìš”""
L 03/30/2016 - 22:29:08: [Boss Selection.smx] ì•„ ê·¸ë¦¬ê³ ""
L 03/30/2016 - 22:29:08: [Boss Selection.smx] ì•„ ê·¸ë¦¬ê³ ""
L 03/30/2016 - 22:29:08: [Boss Selection.smx] ì•„ ê·¸ë¦¬ê³ ""
L 03/30/2016 - 22:29:08: [Boss Selection.smx] ì•„ ê·¸ë¦¬ê³ ""
L 03/30/2016 - 22:29:08: [Boss Selection.smx] ì•„ ê·¸ë¦¬ê³ ""
L 03/30/2016 - 22:29:08: [Boss Selection.smx] ì•„ ê·¸ë¦¬ê³ ""
L 03/30/2016 - 22:29:12: [Boss Selection.smx] ì§€ê¸ˆ ê°œë°œìëª¨ë“œ ì¼œë†¨ìœ¼ë‹ˆ""
L 03/30/2016 - 22:29:12: [Boss Selection.smx] ì§€ê¸ˆ ê°œë°œìëª¨ë“œ ì¼œë†¨ìœ¼ë‹ˆ""
L 03/30/2016 - 22:29:12: [Boss Selection.smx] ì§€ê¸ˆ ê°œë°œìëª¨ë“œ ì¼œë†¨ìœ¼ë‹ˆ""
L 03/30/2016 - 22:29:12: [Boss Selection.smx] ì§€ê¸ˆ ê°œë°œìëª¨ë“œ ì¼œë†¨ìœ¼ë‹ˆ""
L 03/30/2016 - 22:29:12: [Boss Selection.smx] ì§€ê¸ˆ ê°œë°œìëª¨ë“œ ì¼œë†¨ìœ¼ë‹ˆ""
L 03/30/2016 - 22:29:12: [Boss Selection.smx] ì§€ê¸ˆ ê°œë°œìëª¨ë“œ ì¼œë†¨ìœ¼ë‹ˆ""
L 03/30/2016 - 22:29:20: [Boss Selection.smx] ë¶„ë…¸ ë¬´ì œí•œì„""
L 03/30/2016 - 22:29:20: [Boss Selection.smx] ë¶„ë…¸ ë¬´ì œí•œì„""
L 03/30/2016 - 22:29:20: [Boss Selection.smx] ë¶„ë…¸ ë¬´ì œí•œì„""
L 03/30/2016 - 22:29:20: [Boss Selection.smx] ë¶„ë…¸ ë¬´ì œí•œì„""
L 03/30/2016 - 22:29:20: [Boss Selection.smx] ë¶„ë…¸ ë¬´ì œí•œì„""
L 03/30/2016 - 22:29:20: [Boss Selection.smx] ë¶„ë…¸ ë¬´ì œí•œì„""
L 03/30/2016 - 22:29:31: [Boss Selection.smx] ë¶„ë…¸ê°€""
L 03/30/2016 - 22:29:31: [Boss Selection.smx] ë¶„ë…¸ê°€""
L 03/30/2016 - 22:29:31: [Boss Selection.smx] ë¶„ë…¸ê°€""
L 03/30/2016 - 22:29:31: [Boss Selection.smx] ë¶„ë…¸ê°€""
L 03/30/2016 - 22:29:31: [Boss Selection.smx] ë¶„ë…¸ê°€""
L 03/30/2016 - 22:29:31: [Boss Selection.smx] ë¶„ë…¸ê°€""
L 03/30/2016 - 22:29:33: [Boss Selection.smx] ì•ˆë˜ìš”!""
L 03/30/2016 - 22:29:33: [Boss Selection.smx] ì•ˆë˜ìš”!""
L 03/30/2016 - 22:29:33: [Boss Selection.smx] ì•ˆë˜ìš”!""
L 03/30/2016 - 22:29:33: [Boss Selection.smx] ì•ˆë˜ìš”!""
L 03/30/2016 - 22:29:33: [Boss Selection.smx] ì•ˆë˜ìš”!""
L 03/30/2016 - 22:29:33: [Boss Selection.smx] ì•ˆë˜ìš”!""
L 03/30/2016 - 22:29:40: [Boss Selection.smx] ff2_devmode""
L 03/30/2016 - 22:29:40: [Boss Selection.smx] ff2_devmode""
L 03/30/2016 - 22:29:40: [Boss Selection.smx] ff2_devmode""
L 03/30/2016 - 22:29:40: [Boss Selection.smx] ff2_devmode""
L 03/30/2016 - 22:29:40: [Boss Selection.smx] ff2_devmode""
L 03/30/2016 - 22:29:40: [Boss Selection.smx] ff2_devmode""
L 03/30/2016 - 22:29:48: [Boss Selection.smx] ì•ˆë¨?""
L 03/30/2016 - 22:29:48: [Boss Selection.smx] ì•ˆë¨?""
L 03/30/2016 - 22:29:48: [Boss Selection.smx] ì•ˆë¨?""
L 03/30/2016 - 22:29:48: [Boss Selection.smx] ì•ˆë¨?""
L 03/30/2016 - 22:29:48: [Boss Selection.smx] ì•ˆë¨?""
L 03/30/2016 - 22:29:48: [Boss Selection.smx] ì•ˆë¨?""
L 03/30/2016 - 22:29:53: [Boss Selection.smx] ë„¹""
L 03/30/2016 - 22:29:53: [Boss Selection.smx] ë„¹""
L 03/30/2016 - 22:29:53: [Boss Selection.smx] ë„¹""
L 03/30/2016 - 22:29:53: [Boss Selection.smx] ë„¹""
L 03/30/2016 - 22:29:53: [Boss Selection.smx] ë„¹""
L 03/30/2016 - 22:29:53: [Boss Selection.smx] ë„¹""
L 03/30/2016 - 22:29:59: [Boss Selection.smx] ì§€ê¸ˆ ë¶„ë…¸ë¥¼ ì‚¬ìš©í•˜ì‹¤ìˆ˜ ì—†ìŠµë‹ˆë‹¤!""
L 03/30/2016 - 22:29:59: [Boss Selection.smx] ì§€ê¸ˆ ë¶„ë…¸ë¥¼ ì‚¬ìš©í•˜ì‹¤ìˆ˜ ì—†ìŠµë‹ˆë‹¤!""
L 03/30/2016 - 22:29:59: [Boss Selection.smx] ì§€ê¸ˆ ë¶„ë…¸ë¥¼ ì‚¬ìš©í•˜ì‹¤ìˆ˜ ì—†ìŠµë‹ˆë‹¤!""
L 03/30/2016 - 22:29:59: [Boss Selection.smx] ì§€ê¸ˆ ë¶„ë…¸ë¥¼ ì‚¬ìš©í•˜ì‹¤ìˆ˜ ì—†ìŠµë‹ˆë‹¤!""
L 03/30/2016 - 22:30:00: [Boss Selection.smx] ì§€ê¸ˆ ë¶„ë…¸ë¥¼ ì‚¬ìš©í•˜ì‹¤ìˆ˜ ì—†ìŠµë‹ˆë‹¤!""
L 03/30/2016 - 22:30:00: [Boss Selection.smx] ì§€ê¸ˆ ë¶„ë…¸ë¥¼ ì‚¬ìš©í•˜ì‹¤ìˆ˜ ì—†ìŠµë‹ˆë‹¤!""
L 03/30/2016 - 22:30:00: [Boss Selection.smx] ff2_addpoints @me 123""
L 03/30/2016 - 22:30:00: [Boss Selection.smx] ff2_addpoints @me 123""
L 03/30/2016 - 22:30:00: [Boss Selection.smx] ff2_addpoints @me 123""
L 03/30/2016 - 22:30:00: [Boss Selection.smx] ff2_addpoints @me 123""
L 03/30/2016 - 22:30:00: [Boss Selection.smx] ff2_addpoints @me 123""
L 03/30/2016 - 22:30:00: [Boss Selection.smx] ff2_addpoints @me 123""
L 03/30/2016 - 22:30:00: [freak_fortress_2.smx] "Nopiedâ—<2><[U:1:103205717]><>" added 123 queue points to "Nopiedâ—<2><[U:1:103205717]><>"
L 03/30/2016 - 22:30:01: [Boss Selection.smx] ëœ¸""
L 03/30/2016 - 22:30:01: [Boss Selection.smx] ëœ¸""
L 03/30/2016 - 22:30:01: [Boss Selection.smx] ëœ¸""
L 03/30/2016 - 22:30:01: [Boss Selection.smx] ëœ¸""
L 03/30/2016 - 22:30:01: [Boss Selection.smx] ëœ¸""
L 03/30/2016 - 22:30:01: [Boss Selection.smx] ëœ¸""
L 03/30/2016 - 22:30:03: [Boss Selection.smx] ì•„ ê·¸ê±´""
L 03/30/2016 - 22:30:03: [Boss Selection.smx] ì•„ ê·¸ê±´""
L 03/30/2016 - 22:30:03: [Boss Selection.smx] ì•„ ê·¸ê±´""
L 03/30/2016 - 22:30:03: [Boss Selection.smx] ì•„ ê·¸ê±´""
L 03/30/2016 - 22:30:03: [Boss Selection.smx] ì•„ ê·¸ê±´""
L 03/30/2016 - 22:30:03: [Boss Selection.smx] ì•„ ê·¸ê±´""
L 03/30/2016 - 22:30:06: [Boss Selection.smx] ë¶„ë…¸ ì¿¨íƒ€ì„.""
L 03/30/2016 - 22:30:06: [Boss Selection.smx] ë¶„ë…¸ ì¿¨íƒ€ì„.""
L 03/30/2016 - 22:30:06: [Boss Selection.smx] ë¶„ë…¸ ì¿¨íƒ€ì„.""
L 03/30/2016 - 22:30:06: [Boss Selection.smx] ë¶„ë…¸ ì¿¨íƒ€ì„.""
L 03/30/2016 - 22:30:06: [Boss Selection.smx] ë¶„ë…¸ ì¿¨íƒ€ì„.""
L 03/30/2016 - 22:30:06: [Boss Selection.smx] ë¶„ë…¸ ì¿¨íƒ€ì„.""
L 03/30/2016 - 22:30:11: [Boss Selection.smx] ë¶„ë…¸ ì•ˆì¼ëŠ”ë…..""
L 03/30/2016 - 22:30:11: [Boss Selection.smx] ë¶„ë…¸ ì•ˆì¼ëŠ”ë…..""
L 03/30/2016 - 22:30:11: [Boss Selection.smx] ë¶„ë…¸ ì•ˆì¼ëŠ”ë…..""
L 03/30/2016 - 22:30:11: [Boss Selection.smx] ë¶„ë…¸ ì•ˆì¼ëŠ”ë…..""
L 03/30/2016 - 22:30:11: [Boss Selection.smx] ë¶„ë…¸ ì•ˆì¼ëŠ”ë…..""
L 03/30/2016 - 22:30:11: [Boss Selection.smx] ë¶„ë…¸ ì•ˆì¼ëŠ”ë…..""
L 03/30/2016 - 22:30:13: [Boss Selection.smx] í .""
L 03/30/2016 - 22:30:13: [Boss Selection.smx] í .""
L 03/30/2016 - 22:30:13: [Boss Selection.smx] í .""
L 03/30/2016 - 22:30:13: [Boss Selection.smx] í .""
L 03/30/2016 - 22:30:13: [Boss Selection.smx] í .""
L 03/30/2016 - 22:30:13: [Boss Selection.smx] í .""
L 03/30/2016 - 22:30:18: [Boss Selection.smx] ì´ˆê¸°í™”ë¥¼ ì•ˆí•´ì„œ ê·¸ëŸ°ê°€ë´„ ã…‹ã…‹""
L 03/30/2016 - 22:30:18: [Boss Selection.smx] ì´ˆê¸°í™”ë¥¼ ì•ˆí•´ì„œ ê·¸ëŸ°ê°€ë´„ ã…‹ã…‹""
L 03/30/2016 - 22:30:18: [Boss Selection.smx] ì´ˆê¸°í™”ë¥¼ ì•ˆí•´ì„œ ê·¸ëŸ°ê°€ë´„ ã…‹ã…‹""
L 03/30/2016 - 22:30:18: [Boss Selection.smx] ì´ˆê¸°í™”ë¥¼ ì•ˆí•´ì„œ ê·¸ëŸ°ê°€ë´„ ã…‹ã…‹""
L 03/30/2016 - 22:30:18: [Boss Selection.smx] ì´ˆê¸°í™”ë¥¼ ì•ˆí•´ì„œ ê·¸ëŸ°ê°€ë´„ ã…‹ã…‹""
L 03/30/2016 - 22:30:18: [Boss Selection.smx] ì´ˆê¸°í™”ë¥¼ ì•ˆí•´ì„œ ê·¸ëŸ°ê°€ë´„ ã…‹ã…‹""
L 03/30/2016 - 22:30:26: [Boss Selection.smx] ff2_devmode""
L 03/30/2016 - 22:30:26: [Boss Selection.smx] ff2_devmode""
L 03/30/2016 - 22:30:26: [Boss Selection.smx] ff2_devmode""
L 03/30/2016 - 22:30:26: [Boss Selection.smx] ff2_devmode""
L 03/30/2016 - 22:30:26: [Boss Selection.smx] ff2_devmode""
L 03/30/2016 - 22:30:26: [Boss Selection.smx] ff2_devmode""
L 03/30/2016 - 22:30:42: [Boss Selection.smx] ì—Œ""
L 03/30/2016 - 22:30:42: [Boss Selection.smx] ì—Œ""
L 03/30/2016 - 22:30:42: [Boss Selection.smx] ì—Œ""
L 03/30/2016 - 22:30:42: [Boss Selection.smx] ì—Œ""
L 03/30/2016 - 22:30:42: [Boss Selection.smx] ì—Œ""
L 03/30/2016 - 22:30:42: [Boss Selection.smx] ì—Œ""
L 03/30/2016 - 22:30:46: [Boss Selection.smx] ì™œ ë˜""
L 03/30/2016 - 22:30:46: [Boss Selection.smx] ì™œ ë˜""
L 03/30/2016 - 22:30:46: [Boss Selection.smx] ì™œ ë˜""
L 03/30/2016 - 22:30:46: [Boss Selection.smx] ì™œ ë˜""
L 03/30/2016 - 22:30:46: [Boss Selection.smx] ì™œ ë˜""
L 03/30/2016 - 22:30:46: [Boss Selection.smx] ì™œ ë˜""
L 03/30/2016 - 22:30:49: [Boss Selection.smx] í¬ë¦¬ë°ë¯¸ì§€ê°€ ë“¤ì–´ê°€ì§€""
L 03/30/2016 - 22:30:49: [Boss Selection.smx] í¬ë¦¬ë°ë¯¸ì§€ê°€ ë“¤ì–´ê°€ì§€""
L 03/30/2016 - 22:30:49: [Boss Selection.smx] í¬ë¦¬ë°ë¯¸ì§€ê°€ ë“¤ì–´ê°€ì§€""
L 03/30/2016 - 22:30:49: [Boss Selection.smx] í¬ë¦¬ë°ë¯¸ì§€ê°€ ë“¤ì–´ê°€ì§€""
L 03/30/2016 - 22:30:49: [Boss Selection.smx] í¬ë¦¬ë°ë¯¸ì§€ê°€ ë“¤ì–´ê°€ì§€""
L 03/30/2016 - 22:30:49: [Boss Selection.smx] í¬ë¦¬ë°ë¯¸ì§€ê°€ ë“¤ì–´ê°€ì§€""
L 03/30/2016 - 22:30:51: [Boss Selection.smx] 195""
L 03/30/2016 - 22:30:51: [Boss Selection.smx] 195""
L 03/30/2016 - 22:30:51: [Boss Selection.smx] 195""
L 03/30/2016 - 22:30:51: [Boss Selection.smx] 195""
L 03/30/2016 - 22:30:51: [Boss Selection.smx] 195""
L 03/30/2016 - 22:30:51: [Boss Selection.smx] 195""
L 03/30/2016 - 22:30:57: [Boss Selection.smx] ë§ˆì¼“ì³¤ëŠ”ë°""
L 03/30/2016 - 22:30:57: [Boss Selection.smx] ë§ˆì¼“ì³¤ëŠ”ë°""
L 03/30/2016 - 22:30:57: [Boss Selection.smx] ë§ˆì¼“ì³¤ëŠ”ë°""
L 03/30/2016 - 22:30:57: [Boss Selection.smx] ë§ˆì¼“ì³¤ëŠ”ë°""
L 03/30/2016 - 22:30:57: [Boss Selection.smx] ë§ˆì¼“ì³¤ëŠ”ë°""
L 03/30/2016 - 22:30:57: [Boss Selection.smx] ë§ˆì¼“ì³¤ëŠ”ë°""
L 03/30/2016 - 22:30:59: [Boss Selection.smx] 195ë¼ë‹ˆ!""
L 03/30/2016 - 22:30:59: [Boss Selection.smx] 195ë¼ë‹ˆ!""
L 03/30/2016 - 22:30:59: [Boss Selection.smx] 195ë¼ë‹ˆ!""
L 03/30/2016 - 22:30:59: [Boss Selection.smx] 195ë¼ë‹ˆ!""
L 03/30/2016 - 22:30:59: [Boss Selection.smx] 195ë¼ë‹ˆ!""
L 03/30/2016 - 22:30:59: [Boss Selection.smx] 195ë¼ë‹ˆ!""
L 03/30/2016 - 22:31:20: [Boss Selection.smx] ff2_devmode""
L 03/30/2016 - 22:31:20: [Boss Selection.smx] ff2_devmode""
L 03/30/2016 - 22:31:20: [Boss Selection.smx] ff2_devmode""
L 03/30/2016 - 22:31:20: [Boss Selection.smx] ff2_devmode""
L 03/30/2016 - 22:31:20: [Boss Selection.smx] ff2_devmode""
L 03/30/2016 - 22:31:20: [Boss Selection.smx] ff2_devmode""
L 03/30/2016 - 22:31:40: [Boss Selection.smx] í‹°ë±ƒì”¨""
L 03/30/2016 - 22:31:40: [Boss Selection.smx] í‹°ë±ƒì”¨""
L 03/30/2016 - 22:31:40: [Boss Selection.smx] í‹°ë±ƒì”¨""
L 03/30/2016 - 22:31:40: [Boss Selection.smx] í‹°ë±ƒì”¨""
L 03/30/2016 - 22:31:40: [Boss Selection.smx] í‹°ë±ƒì”¨""
L 03/30/2016 - 22:31:40: [Boss Selection.smx] í‹°ë±ƒì”¨""
L 03/30/2016 - 22:31:43: [Boss Selection.smx] ì§€ê¸ˆ ì ˆ ê´€ì „í•˜ë©´""
L 03/30/2016 - 22:31:43: [Boss Selection.smx] ì§€ê¸ˆ ì ˆ ê´€ì „í•˜ë©´""
L 03/30/2016 - 22:31:43: [Boss Selection.smx] ì§€ê¸ˆ ì ˆ ê´€ì „í•˜ë©´""
L 03/30/2016 - 22:31:43: [Boss Selection.smx] ì§€ê¸ˆ ì ˆ ê´€ì „í•˜ë©´""
L 03/30/2016 - 22:31:43: [Boss Selection.smx] ì§€ê¸ˆ ì ˆ ê´€ì „í•˜ë©´""
L 03/30/2016 - 22:31:43: [Boss Selection.smx] ì§€ê¸ˆ ì ˆ ê´€ì „í•˜ë©´""
L 03/30/2016 - 22:31:45: [Boss Selection.smx] ë­ê°€ ëœ¨ì£ ?""
L 03/30/2016 - 22:31:45: [Boss Selection.smx] ë­ê°€ ëœ¨ì£ ?""
L 03/30/2016 - 22:31:45: [Boss Selection.smx] ë­ê°€ ëœ¨ì£ ?""
L 03/30/2016 - 22:31:45: [Boss Selection.smx] ë­ê°€ ëœ¨ì£ ?""
L 03/30/2016 - 22:31:45: [Boss Selection.smx] ë­ê°€ ëœ¨ì£ ?""
L 03/30/2016 - 22:31:45: [Boss Selection.smx] ë­ê°€ ëœ¨ì£ ?""
L 03/30/2016 - 22:32:07: [Boss Selection.smx] ìŒ""
L 03/30/2016 - 22:32:07: [Boss Selection.smx] ìŒ""
L 03/30/2016 - 22:32:07: [Boss Selection.smx] ìŒ""
L 03/30/2016 - 22:32:07: [Boss Selection.smx] ìŒ""
L 03/30/2016 - 22:32:07: [Boss Selection.smx] ìŒ""
L 03/30/2016 - 22:32:07: [Boss Selection.smx] ìŒ""
L 03/30/2016 - 22:32:11: [Boss Selection.smx] 0.000000000000000000000ì´ˆ í›„ì—""
L 03/30/2016 - 22:32:11: [Boss Selection.smx] 0.000000000000000000000ì´ˆ í›„ì—""
L 03/30/2016 - 22:32:11: [Boss Selection.smx] 0.000000000000000000000ì´ˆ í›„ì—""
L 03/30/2016 - 22:32:11: [Boss Selection.smx] 0.000000000000000000000ì´ˆ í›„ì—""
L 03/30/2016 - 22:32:11: [Boss Selection.smx] 0.000000000000000000000ì´ˆ í›„ì—""
L 03/30/2016 - 22:32:11: [Boss Selection.smx] 0.000000000000000000000ì´ˆ í›„ì—""
L 03/30/2016 - 22:32:15: [Boss Selection.smx] ë¶„ë…¸ë¥¼ ì‚¬ìš©í•˜ì‹¤ìˆ˜ ìˆìŠ¤ë‹¤""
L 03/30/2016 - 22:32:15: [Boss Selection.smx] ë¶„ë…¸ë¥¼ ì‚¬ìš©í•˜ì‹¤ìˆ˜ ìˆìŠ¤ë‹¤""
L 03/30/2016 - 22:32:15: [Boss Selection.smx] ë¶„ë…¸ë¥¼ ì‚¬ìš©í•˜ì‹¤ìˆ˜ ìˆìŠ¤ë‹¤""
L 03/30/2016 - 22:32:16: [Boss Selection.smx] ë¶„ë…¸ë¥¼ ì‚¬ìš©í•˜ì‹¤ìˆ˜ ìˆìŠ¤ë‹¤""
L 03/30/2016 - 22:32:16: [Boss Selection.smx] ë¶„ë…¸ë¥¼ ì‚¬ìš©í•˜ì‹¤ìˆ˜ ìˆìŠ¤ë‹¤""
L 03/30/2016 - 22:32:16: [Boss Selection.smx] ë¶„ë…¸ë¥¼ ì‚¬ìš©í•˜ì‹¤ìˆ˜ ìˆìŠ¤ë‹¤""
L 03/30/2016 - 22:32:19: [Boss Selection.smx] ìˆìŠµë‹ˆë‹¤""
L 03/30/2016 - 22:32:19: [Boss Selection.smx] ìˆìŠµë‹ˆë‹¤""
L 03/30/2016 - 22:32:19: [Boss Selection.smx] ìˆìŠµë‹ˆë‹¤""
L 03/30/2016 - 22:32:19: [Boss Selection.smx] ìˆìŠµë‹ˆë‹¤""
L 03/30/2016 - 22:32:19: [Boss Selection.smx] ìˆìŠµë‹ˆë‹¤""
L 03/30/2016 - 22:32:19: [Boss Selection.smx] ìˆìŠµë‹ˆë‹¤""
L 03/30/2016 - 22:32:24: [Boss Selection.smx] 0.000000""
L 03/30/2016 - 22:32:24: [Boss Selection.smx] 0.000000""
L 03/30/2016 - 22:32:24: [Boss Selection.smx] 0.000000""
L 03/30/2016 - 22:32:24: [Boss Selection.smx] 0.000000""
L 03/30/2016 - 22:32:24: [Boss Selection.smx] 0.000000""
L 03/30/2016 - 22:32:24: [Boss Selection.smx] 0.000000""
L 03/30/2016 - 22:32:29: [Boss Selection.smx] ê·¸ë¦¬ê³  ì²´ë ¥""
L 03/30/2016 - 22:32:29: [Boss Selection.smx] ê·¸ë¦¬ê³  ì²´ë ¥""
L 03/30/2016 - 22:32:29: [Boss Selection.smx] ê·¸ë¦¬ê³  ì²´ë ¥""
L 03/30/2016 - 22:32:29: [Boss Selection.smx] ê·¸ë¦¬ê³  ì²´ë ¥""
L 03/30/2016 - 22:32:29: [Boss Selection.smx] ê·¸ë¦¬ê³  ì²´ë ¥""
L 03/30/2016 - 22:32:29: [Boss Selection.smx] ê·¸ë¦¬ê³  ì²´ë ¥""
L 03/30/2016 - 22:32:42: [Boss Selection.smx] í”„ë¡œí”„ë‹˜ì€ ë°ë¯¸ì§€ë‘ DPS""
L 03/30/2016 - 22:32:42: [Boss Selection.smx] í”„ë¡œí”„ë‹˜ì€ ë°ë¯¸ì§€ë‘ DPS""
L 03/30/2016 - 22:32:42: [Boss Selection.smx] í”„ë¡œí”„ë‹˜ì€ ë°ë¯¸ì§€ë‘ DPS""
L 03/30/2016 - 22:32:42: [Boss Selection.smx] í”„ë¡œí”„ë‹˜ì€ ë°ë¯¸ì§€ë‘ DPS""
L 03/30/2016 - 22:32:42: [Boss Selection.smx] í”„ë¡œí”„ë‹˜ì€ ë°ë¯¸ì§€ë‘ DPS""
L 03/30/2016 - 22:32:42: [Boss Selection.smx] í”„ë¡œí”„ë‹˜ì€ ë°ë¯¸ì§€ë‘ DPS""
L 03/30/2016 - 22:32:55: [Boss Selection.smx] ì´ì™€ì¤‘ì— í”„ë¡œí”„ë‹˜ ë´‰í¬ ì„¤ëª…ì´ ì°¸""
L 03/30/2016 - 22:32:55: [Boss Selection.smx] ì´ì™€ì¤‘ì— í”„ë¡œí”„ë‹˜ ë´‰í¬ ì„¤ëª…ì´ ì°¸""
L 03/30/2016 - 22:32:55: [Boss Selection.smx] ì´ì™€ì¤‘ì— í”„ë¡œí”„ë‹˜ ë´‰í¬ ì„¤ëª…ì´ ì°¸""
L 03/30/2016 - 22:32:55: [Boss Selection.smx] ì´ì™€ì¤‘ì— í”„ë¡œí”„ë‹˜ ë´‰í¬ ì„¤ëª…ì´ ì°¸""
L 03/30/2016 - 22:32:55: [Boss Selection.smx] ì´ì™€ì¤‘ì— í”„ë¡œí”„ë‹˜ ë´‰í¬ ì„¤ëª…ì´ ì°¸""
L 03/30/2016 - 22:32:56: [Boss Selection.smx] ì´ì™€ì¤‘ì— í”„ë¡œí”„ë‹˜ ë´‰í¬ ì„¤ëª…ì´ ì°¸""
L 03/30/2016 - 22:32:59: [Boss Selection.smx] ??""
L 03/30/2016 - 22:32:59: [Boss Selection.smx] ??""
L 03/30/2016 - 22:32:59: [Boss Selection.smx] ??""
L 03/30/2016 - 22:32:59: [Boss Selection.smx] ??""
L 03/30/2016 - 22:32:59: [Boss Selection.smx] ??""
L 03/30/2016 - 22:32:59: [Boss Selection.smx] ??""
L 03/30/2016 - 22:33:04: [Boss Selection.smx] slay @boss""
L 03/30/2016 - 22:33:04: [Boss Selection.smx] slay @boss""
L 03/30/2016 - 22:33:04: [Boss Selection.smx] slay @boss""
L 03/30/2016 - 22:33:04: [Boss Selection.smx] slay @boss""
L 03/30/2016 - 22:33:04: [Boss Selection.smx] slay @boss""
L 03/30/2016 - 22:33:04: [Boss Selection.smx] slay @boss""
L 03/30/2016 - 22:33:04: [playercommands.smx] "Nopiedâ—<2><[U:1:103205717]><>" slayed "Nopiedâ—<2><[U:1:103205717]><>"
L 03/30/2016 - 22:33:37: [Boss Selection.smx] slay @me""
L 03/30/2016 - 22:33:37: [Boss Selection.smx] slay @me""
L 03/30/2016 - 22:33:37: [Boss Selection.smx] slay @me""
L 03/30/2016 - 22:33:37: [Boss Selection.smx] slay @me""
L 03/30/2016 - 22:33:37: [Boss Selection.smx] slay @me""
L 03/30/2016 - 22:33:37: [Boss Selection.smx] slay @me""
L 03/30/2016 - 22:33:37: [playercommands.smx] "Nopiedâ—<2><[U:1:103205717]><>" slayed "Nopiedâ—<2><[U:1:103205717]><>"
L 03/30/2016 - 22:33:40: [Boss Selection.smx] ?!""
L 03/30/2016 - 22:33:40: [Boss Selection.smx] ?!""
L 03/30/2016 - 22:33:40: [Boss Selection.smx] ?!""
L 03/30/2016 - 22:33:40: [Boss Selection.smx] ?!""
L 03/30/2016 - 22:33:40: [Boss Selection.smx] ?!""
L 03/30/2016 - 22:33:40: [Boss Selection.smx] ?!""
L 03/30/2016 - 22:33:43: [Boss Selection.smx] ?""
L 03/30/2016 - 22:33:43: [Boss Selection.smx] ?""
L 03/30/2016 - 22:33:43: [Boss Selection.smx] ?""
L 03/30/2016 - 22:33:43: [Boss Selection.smx] ?""
L 03/30/2016 - 22:33:43: [Boss Selection.smx] ?""
L 03/30/2016 - 22:33:43: [Boss Selection.smx] ?""
L 03/30/2016 - 22:33:49: [Boss Selection.smx] êµ¼ë°” ã„´ã„´""
L 03/30/2016 - 22:33:49: [Boss Selection.smx] êµ¼ë°” ã„´ã„´""
L 03/30/2016 - 22:33:49: [Boss Selection.smx] êµ¼ë°” ã„´ã„´""
L 03/30/2016 - 22:33:49: [Boss Selection.smx] êµ¼ë°” ã„´ã„´""
L 03/30/2016 - 22:33:49: [Boss Selection.smx] êµ¼ë°” ã„´ã„´""
L 03/30/2016 - 22:33:49: [Boss Selection.smx] êµ¼ë°” ã„´ã„´""
L 03/30/2016 - 22:34:06: [Boss Selection.smx] ì—Œ""
L 03/30/2016 - 22:34:06: [Boss Selection.smx] ì—Œ""
L 03/30/2016 - 22:34:06: [Boss Selection.smx] ì—Œ""
L 03/30/2016 - 22:34:06: [Boss Selection.smx] ì—Œ""
L 03/30/2016 - 22:34:06: [Boss Selection.smx] ì—Œ""
L 03/30/2016 - 22:34:06: [Boss Selection.smx] ì—Œ""
L 03/30/2016 - 22:34:10: [Boss Selection.smx] ì‚¬í›„ë„ë°œë³´ì†Œ""
L 03/30/2016 - 22:34:10: [Boss Selection.smx] ì‚¬í›„ë„ë°œë³´ì†Œ""
L 03/30/2016 - 22:34:10: [Boss Selection.smx] ì‚¬í›„ë„ë°œë³´ì†Œ""
L 03/30/2016 - 22:34:10: [Boss Selection.smx] ì‚¬í›„ë„ë°œë³´ì†Œ""
L 03/30/2016 - 22:34:10: [Boss Selection.smx] ì‚¬í›„ë„ë°œë³´ì†Œ""
L 03/30/2016 - 22:34:10: [Boss Selection.smx] ì‚¬í›„ë„ë°œë³´ì†Œ""
L 03/30/2016 - 22:34:11: [Boss Selection.smx] ã…‹ã…‹ã…‹ã…‹ã…‹ã…‹ã…‹ã…‹ã…‹ã…‹ã…‹ã…‹ã…‹ã…‹ã…‹ã…‹"
L 03/30/2016 - 22:34:11: [Boss Selection.smx] ã…‹ã…‹ã…‹ã…‹ã…‹ã…‹ã…‹ã…‹ã…‹ã…‹ã…‹ã…‹ã…‹ã…‹ã…‹ã…‹"
L 03/30/2016 - 22:34:11: [Boss Selection.smx] ã…‹ã…‹ã…‹ã…‹ã…‹ã…‹ã…‹ã…‹ã…‹ã…‹ã…‹ã…‹ã…‹ã…‹ã…‹ã…‹"
L 03/30/2016 - 22:34:11: [Boss Selection.smx] ã…‹ã…‹ã…‹ã…‹ã…‹ã…‹ã…‹ã…‹ã…‹ã…‹ã…‹ã…‹ã…‹ã…‹ã…‹ã…‹"
L 03/30/2016 - 22:34:11: [Boss Selection.smx] ã…‹ã…‹ã…‹ã…‹ã…‹ã…‹ã…‹ã…‹ã…‹ã…‹ã…‹ã…‹ã…‹ã…‹ã…‹ã…‹"
L 03/30/2016 - 22:34:11: [Boss Selection.smx] ã…‹ã…‹ã…‹ã…‹ã…‹ã…‹ã…‹ã…‹ã…‹ã…‹ã…‹ã…‹ã…‹ã…‹ã…‹ã…‹"
L 03/30/2016 - 22:34:12: [Boss Selection.smx] í”„ë¡œí”„ë‹˜""
L 03/30/2016 - 22:34:12: [Boss Selection.smx] í”„ë¡œí”„ë‹˜""
L 03/30/2016 - 22:34:12: [Boss Selection.smx] í”„ë¡œí”„ë‹˜""
L 03/30/2016 - 22:34:12: [Boss Selection.smx] í”„ë¡œí”„ë‹˜""
L 03/30/2016 - 22:34:12: [Boss Selection.smx] í”„ë¡œí”„ë‹˜""
L 03/30/2016 - 22:34:12: [Boss Selection.smx] í”„ë¡œí”„ë‹˜""
L 03/30/2016 - 22:34:21: [Boss Selection.smx] ff2_devmode""
L 03/30/2016 - 22:34:21: [Boss Selection.smx] ff2_devmode""
L 03/30/2016 - 22:34:21: [Boss Selection.smx] ff2_devmode""
L 03/30/2016 - 22:34:21: [Boss Selection.smx] ff2_devmode""
L 03/30/2016 - 22:34:21: [Boss Selection.smx] ff2_devmode""
L 03/30/2016 - 22:34:21: [Boss Selection.smx] ff2_devmode""
L 03/30/2016 - 22:34:28: [Boss Selection.smx] ì•„ë‹™ë‹ˆë‹¤""
L 03/30/2016 - 22:34:28: [Boss Selection.smx] ì•„ë‹™ë‹ˆë‹¤""
L 03/30/2016 - 22:34:28: [Boss Selection.smx] ì•„ë‹™ë‹ˆë‹¤""
L 03/30/2016 - 22:34:28: [Boss Selection.smx] ì•„ë‹™ë‹ˆë‹¤""
L 03/30/2016 - 22:34:28: [Boss Selection.smx] ì•„ë‹™ë‹ˆë‹¤""
L 03/30/2016 - 22:34:28: [Boss Selection.smx] ì•„ë‹™ë‹ˆë‹¤""
L 03/30/2016 - 22:34:34: [Boss Selection.smx] ë´‡ì´ ë¶„ë…¸ë¥¼ ì•ˆì“´ë‹¤.""
L 03/30/2016 - 22:34:34: [Boss Selection.smx] ë´‡ì´ ë¶„ë…¸ë¥¼ ì•ˆì“´ë‹¤.""
L 03/30/2016 - 22:34:34: [Boss Selection.smx] ë´‡ì´ ë¶„ë…¸ë¥¼ ì•ˆì“´ë‹¤.""
L 03/30/2016 - 22:34:34: [Boss Selection.smx] ë´‡ì´ ë¶„ë…¸ë¥¼ ì•ˆì“´ë‹¤.""
L 03/30/2016 - 22:34:34: [Boss Selection.smx] ë´‡ì´ ë¶„ë…¸ë¥¼ ì•ˆì“´ë‹¤.""
L 03/30/2016 - 22:34:34: [Boss Selection.smx] ë´‡ì´ ë¶„ë…¸ë¥¼ ì•ˆì“´ë‹¤.""
L 03/30/2016 - 22:34:42: [Boss Selection.smx] ê°œë°œì ëª¨ë“œëŠ” ì–´ë“œë¯¼ ì „ìš© ì»¤ë§¨ë“œë‹ˆ
L 03/30/2016 - 22:34:42: [Boss Selection.smx] ê°œë°œì ëª¨ë“œëŠ” ì–´ë“œë¯¼ ì „ìš© ì»¤ë§¨ë“œë‹ˆ
L 03/30/2016 - 22:34:42: [Boss Selection.smx] ê°œë°œì ëª¨ë“œëŠ” ì–´ë“œë¯¼ ì „ìš© ì»¤ë§¨ë“œë‹ˆ
L 03/30/2016 - 22:34:42: [Boss Selection.smx] ê°œë°œì ëª¨ë“œëŠ” ì–´ë“œë¯¼ ì „ìš© ì»¤ë§¨ë“œë‹ˆ
L 03/30/2016 - 22:34:42: [Boss Selection.smx] ê°œë°œì ëª¨ë“œëŠ” ì–´ë“œë¯¼ ì „ìš© ì»¤ë§¨ë“œë‹ˆ
L 03/30/2016 - 22:34:42: [Boss Selection.smx] ê°œë°œì ëª¨ë“œëŠ” ì–´ë“œë¯¼ ì „ìš© ì»¤ë§¨ë“œë‹ˆ
L 03/30/2016 - 22:34:46: [Boss Selection.smx] ì¹  ìƒê° ë§ˆì‡¼""
L 03/30/2016 - 22:34:46: [Boss Selection.smx] ì¹  ìƒê° ë§ˆì‡¼""
L 03/30/2016 - 22:34:46: [Boss Selection.smx] ì¹  ìƒê° ë§ˆì‡¼""
L 03/30/2016 - 22:34:46: [Boss Selection.smx] ì¹  ìƒê° ë§ˆì‡¼""
L 03/30/2016 - 22:34:46: [Boss Selection.smx] ì¹  ìƒê° ë§ˆì‡¼""
L 03/30/2016 - 22:34:46: [Boss Selection.smx] ì¹  ìƒê° ë§ˆì‡¼""
L 03/30/2016 - 22:34:50: [Boss Selection.smx] ë©”ë””ê¸°ë¥¼ ì•ˆë¶ˆëŸ¬ì„œ ê·¸ëŸ°ë“¯""
L 03/30/2016 - 22:34:50: [Boss Selection.smx] ë©”ë””ê¸°ë¥¼ ì•ˆë¶ˆëŸ¬ì„œ ê·¸ëŸ°ë“¯""
L 03/30/2016 - 22:34:50: [Boss Selection.smx] ë©”ë””ê¸°ë¥¼ ì•ˆë¶ˆëŸ¬ì„œ ê·¸ëŸ°ë“¯""
L 03/30/2016 - 22:34:50: [Boss Selection.smx] ë©”ë””ê¸°ë¥¼ ì•ˆë¶ˆëŸ¬ì„œ ê·¸ëŸ°ë“¯""
L 03/30/2016 - 22:34:50: [Boss Selection.smx] ë©”ë””ê¸°ë¥¼ ì•ˆë¶ˆëŸ¬ì„œ ê·¸ëŸ°ë“¯""
L 03/30/2016 - 22:34:50: [Boss Selection.smx] ë©”ë””ê¸°ë¥¼ ì•ˆë¶ˆëŸ¬ì„œ ê·¸ëŸ°ë“¯""
L 03/30/2016 - 22:34:55: [Boss Selection.smx] ?!""
L 03/30/2016 - 22:34:55: [Boss Selection.smx] ?!""
L 03/30/2016 - 22:34:55: [Boss Selection.smx] ?!""
L 03/30/2016 - 22:34:55: [Boss Selection.smx] ?!""
L 03/30/2016 - 22:34:55: [Boss Selection.smx] ?!""
L 03/30/2016 - 22:34:55: [Boss Selection.smx] ?!""
L 03/30/2016 - 22:34:56: [Boss Selection.smx] ã…‹ã…‹ã…‹ã…‹ã…‹""
L 03/30/2016 - 22:34:56: [Boss Selection.smx] ã…‹ã…‹ã…‹ã…‹ã…‹""
L 03/30/2016 - 22:34:56: [Boss Selection.smx] ã…‹ã…‹ã…‹ã…‹ã…‹""
L 03/30/2016 - 22:34:56: [Boss Selection.smx] ã…‹ã…‹ã…‹ã…‹ã…‹""
L 03/30/2016 - 22:34:56: [Boss Selection.smx] ã…‹ã…‹ã…‹ã…‹ã…‹""
L 03/30/2016 - 22:34:56: [Boss Selection.smx] ã…‹ã…‹ã…‹ã…‹ã…‹""
L 03/30/2016 - 22:34:58: [Boss Selection.smx] í•°""
L 03/30/2016 - 22:34:58: [Boss Selection.smx] í•°""
L 03/30/2016 - 22:34:58: [Boss Selection.smx] í•°""
L 03/30/2016 - 22:34:58: [Boss Selection.smx] í•°""
L 03/30/2016 - 22:34:58: [Boss Selection.smx] í•°""
L 03/30/2016 - 22:34:58: [Boss Selection.smx] í•°""
L 03/30/2016 - 22:35:00: [Boss Selection.smx] slay @all""
L 03/30/2016 - 22:35:00: [Boss Selection.smx] slay @all""
L 03/30/2016 - 22:35:00: [Boss Selection.smx] slay @all""
L 03/30/2016 - 22:35:00: [Boss Selection.smx] slay @all""
L 03/30/2016 - 22:35:00: [Boss Selection.smx] slay @all""
L 03/30/2016 - 22:35:00: [Boss Selection.smx] slay @all""
L 03/30/2016 - 22:35:00: [playercommands.smx] "Nopiedâ—<2><[U:1:103205717]><>" slayed "Kill Me<3><BOT><>"
L 03/30/2016 - 22:35:00: [playercommands.smx] "Nopiedâ—<2><[U:1:103205717]><>" slayed "Chucklenuts<4><BOT><>"
L 03/30/2016 - 22:35:00: [playercommands.smx] "Nopiedâ—<2><[U:1:103205717]><>" slayed "CryBaby<5><BOT><>"
L 03/30/2016 - 22:35:00: [playercommands.smx] "Nopiedâ—<2><[U:1:103205717]><>" slayed "WITCH<6><BOT><>"
L 03/30/2016 - 22:35:09: [Boss Selection.smx] ê·¼ë° ì™œ ì±„íŒ…ì— ì‚¬ì‚´í•œ ë¬´ê¸°ê°€ ëœ¨ì£ ""
L 03/30/2016 - 22:35:09: [Boss Selection.smx] ê·¼ë° ì™œ ì±„íŒ…ì— ì‚¬ì‚´í•œ ë¬´ê¸°ê°€ ëœ¨ì£ ""
L 03/30/2016 - 22:35:09: [Boss Selection.smx] ê·¼ë° ì™œ ì±„íŒ…ì— ì‚¬ì‚´í•œ ë¬´ê¸°ê°€ ëœ¨ì£ ""
L 03/30/2016 - 22:35:09: [Boss Selection.smx] ê·¼ë° ì™œ ì±„íŒ…ì— ì‚¬ì‚´í•œ ë¬´ê¸°ê°€ ëœ¨ì£ ""
L 03/30/2016 - 22:35:09: [Boss Selection.smx] ê·¼ë° ì™œ ì±„íŒ…ì— ì‚¬ì‚´í•œ ë¬´ê¸°ê°€ ëœ¨ì£ ""
L 03/30/2016 - 22:35:09: [Boss Selection.smx] ê·¼ë° ì™œ ì±„íŒ…ì— ì‚¬ì‚´í•œ ë¬´ê¸°ê°€ ëœ¨ì£ ""
L 03/30/2016 - 22:35:15: [Boss Selection.smx] ìë£Œ ìˆ˜ì§‘ìš©ì„""
L 03/30/2016 - 22:35:15: [Boss Selection.smx] ìë£Œ ìˆ˜ì§‘ìš©ì„""
L 03/30/2016 - 22:35:15: [Boss Selection.smx] ìë£Œ ìˆ˜ì§‘ìš©ì„""
L 03/30/2016 - 22:35:15: [Boss Selection.smx] ìë£Œ ìˆ˜ì§‘ìš©ì„""
L 03/30/2016 - 22:35:15: [Boss Selection.smx] ìë£Œ ìˆ˜ì§‘ìš©ì„""
L 03/30/2016 - 22:35:15: [Boss Selection.smx] ìë£Œ ìˆ˜ì§‘ìš©ì„""
L 03/30/2016 - 22:35:19: [Boss Selection.smx] ê·¸ë ‡êµ°""
L 03/30/2016 - 22:35:19: [Boss Selection.smx] ê·¸ë ‡êµ°""
L 03/30/2016 - 22:35:19: [Boss Selection.smx] ê·¸ë ‡êµ°""
L 03/30/2016 - 22:35:19: [Boss Selection.smx] ê·¸ë ‡êµ°""
L 03/30/2016 - 22:35:19: [Boss Selection.smx] ê·¸ë ‡êµ°""
L 03/30/2016 - 22:35:19: [Boss Selection.smx] ê·¸ë ‡êµ°""
L 03/30/2016 - 22:35:22: [Boss Selection.smx] ì´ì œ ì†ŒìŒì œê±° í…ŒìŠ¤íŠ¸ í•´ë³´ì""
L 03/30/2016 - 22:35:22: [Boss Selection.smx] ì´ì œ ì†ŒìŒì œê±° í…ŒìŠ¤íŠ¸ í•´ë³´ì""
L 03/30/2016 - 22:35:22: [Boss Selection.smx] ì´ì œ ì†ŒìŒì œê±° í…ŒìŠ¤íŠ¸ í•´ë³´ì""
L 03/30/2016 - 22:35:22: [Boss Selection.smx] ì´ì œ ì†ŒìŒì œê±° í…ŒìŠ¤íŠ¸ í•´ë³´ì""
L 03/30/2016 - 22:35:22: [Boss Selection.smx] ì´ì œ ì†ŒìŒì œê±° í…ŒìŠ¤íŠ¸ í•´ë³´ì""
L 03/30/2016 - 22:35:22: [Boss Selection.smx] ì´ì œ ì†ŒìŒì œê±° í…ŒìŠ¤íŠ¸ í•´ë³´ì""
L 03/30/2016 - 22:35:24: [Boss Selection.smx] sound""
L 03/30/2016 - 22:35:24: [Boss Selection.smx] sound""
L 03/30/2016 - 22:35:24: [Boss Selection.smx] sound""
L 03/30/2016 - 22:35:24: [Boss Selection.smx] sound""
L 03/30/2016 - 22:35:24: [Boss Selection.smx] sound""
L 03/30/2016 - 22:35:24: [Boss Selection.smx] sound""
L 03/30/2016 - 22:35:33: [Boss Selection.smx] ì˜ë§Œ ë“¤ë¦¬ë„¤""
L 03/30/2016 - 22:35:33: [Boss Selection.smx] ì˜ë§Œ ë“¤ë¦¬ë„¤""
L 03/30/2016 - 22:35:33: [Boss Selection.smx] ì˜ë§Œ ë“¤ë¦¬ë„¤""
L 03/30/2016 - 22:35:33: [Boss Selection.smx] ì˜ë§Œ ë“¤ë¦¬ë„¤""
L 03/30/2016 - 22:35:33: [Boss Selection.smx] ì˜ë§Œ ë“¤ë¦¬ë„¤""
L 03/30/2016 - 22:35:33: [Boss Selection.smx] ì˜ë§Œ ë“¤ë¦¬ë„¤""
L 03/30/2016 - 22:35:52: [Boss Selection.smx] ì•œ""
L 03/30/2016 - 22:35:52: [Boss Selection.smx] ì•œ""
L 03/30/2016 - 22:35:52: [Boss Selection.smx] ì•œ""
L 03/30/2016 - 22:35:52: [Boss Selection.smx] ì•œ""
L 03/30/2016 - 22:35:52: [Boss Selection.smx] ì•œ""
L 03/30/2016 - 22:35:52: [Boss Selection.smx] ì•œ""
L 03/30/2016 - 22:35:57: [Boss Selection.smx] ã…‡?""
L 03/30/2016 - 22:35:57: [Boss Selection.smx] ã…‡?""
L 03/30/2016 - 22:35:57: [Boss Selection.smx] ã…‡?""
L 03/30/2016 - 22:35:57: [Boss Selection.smx] ã…‡?""
L 03/30/2016 - 22:35:57: [Boss Selection.smx] ã…‡?""
L 03/30/2016 - 22:35:57: [Boss Selection.smx] ã…‡?""
L 03/30/2016 - 22:35:59: [Boss Selection.smx] ë¶„ë…¸ ë˜ìš”?""
L 03/30/2016 - 22:35:59: [Boss Selection.smx] ë¶„ë…¸ ë˜ìš”?""
L 03/30/2016 - 22:35:59: [Boss Selection.smx] ë¶„ë…¸ ë˜ìš”?""
L 03/30/2016 - 22:35:59: [Boss Selection.smx] ë¶„ë…¸ ë˜ìš”?""
L 03/30/2016 - 22:35:59: [Boss Selection.smx] ë¶„ë…¸ ë˜ìš”?""
L 03/30/2016 - 22:35:59: [Boss Selection.smx] ë¶„ë…¸ ë˜ìš”?""
L 03/30/2016 - 22:36:17: [Boss Selection.smx] ff2_devmode""
L 03/30/2016 - 22:36:17: [Boss Selection.smx] ff2_devmode""
L 03/30/2016 - 22:36:17: [Boss Selection.smx] ff2_devmode""
L 03/30/2016 - 22:36:17: [Boss Selection.smx] ff2_devmode""
L 03/30/2016 - 22:36:17: [Boss Selection.smx] ff2_devmode""
L 03/30/2016 - 22:36:17: [Boss Selection.smx] ff2_devmode""
L 03/30/2016 - 22:36:27: [Boss Selection.smx] ?!""
L 03/30/2016 - 22:36:27: [Boss Selection.smx] ?!""
L 03/30/2016 - 22:36:27: [Boss Selection.smx] ?!""
L 03/30/2016 - 22:36:27: [Boss Selection.smx] ?!""
L 03/30/2016 - 22:36:27: [Boss Selection.smx] ?!""
L 03/30/2016 - 22:36:27: [Boss Selection.smx] ?!""
L 03/30/2016 - 22:36:29: [Boss Selection.smx] ?????""
L 03/30/2016 - 22:36:29: [Boss Selection.smx] ?????""
L 03/30/2016 - 22:36:29: [Boss Selection.smx] ?????""
L 03/30/2016 - 22:36:29: [Boss Selection.smx] ?????""
L 03/30/2016 - 22:36:29: [Boss Selection.smx] ?????""
L 03/30/2016 - 22:36:29: [Boss Selection.smx] ?????""
L 03/30/2016 - 22:36:31: [Boss Selection.smx] ë­ì•¼!""
L 03/30/2016 - 22:36:31: [Boss Selection.smx] ë­ì•¼!""
L 03/30/2016 - 22:36:31: [Boss Selection.smx] ë­ì•¼!""
L 03/30/2016 - 22:36:31: [Boss Selection.smx] ë­ì•¼!""
L 03/30/2016 - 22:36:31: [Boss Selection.smx] ë­ì•¼!""
L 03/30/2016 - 22:36:31: [Boss Selection.smx] ë­ì•¼!""
L 03/30/2016 - 22:36:34: [Boss Selection.smx] MLG PRO""
L 03/30/2016 - 22:36:34: [Boss Selection.smx] MLG PRO""
L 03/30/2016 - 22:36:34: [Boss Selection.smx] MLG PRO""
L 03/30/2016 - 22:36:34: [Boss Selection.smx] MLG PRO""
L 03/30/2016 - 22:36:34: [Boss Selection.smx] MLG PRO""
L 03/30/2016 - 22:36:34: [Boss Selection.smx] MLG PRO""
L 03/30/2016 - 22:36:57: [Boss Selection.smx] í™œì„ ë“  ìŠ¤ë‚˜ì´í¼ ì˜†ì—""
L 03/30/2016 - 22:36:57: [Boss Selection.smx] í™œì„ ë“  ìŠ¤ë‚˜ì´í¼ ì˜†ì—""
L 03/30/2016 - 22:36:57: [Boss Selection.smx] í™œì„ ë“  ìŠ¤ë‚˜ì´í¼ ì˜†ì—""
L 03/30/2016 - 22:36:57: [Boss Selection.smx] í™œì„ ë“  ìŠ¤ë‚˜ì´í¼ ì˜†ì—""
L 03/30/2016 - 22:36:57: [Boss Selection.smx] í™œì„ ë“  ìŠ¤ë‚˜ì´í¼ ì˜†ì—""
L 03/30/2016 - 22:36:57: [Boss Selection.smx] í™œì„ ë“  ìŠ¤ë‚˜ì´í¼ ì˜†ì—""
L 03/30/2016 - 22:37:00: [Boss Selection.smx] 5.00000 ì´ê±° ë­ì£ ""
L 03/30/2016 - 22:37:00: [Boss Selection.smx] 5.00000 ì´ê±° ë­ì£ ""
L 03/30/2016 - 22:37:00: [Boss Selection.smx] 5.00000 ì´ê±° ë­ì£ ""
L 03/30/2016 - 22:37:00: [Boss Selection.smx] 5.00000 ì´ê±° ë­ì£ ""
L 03/30/2016 - 22:37:00: [Boss Selection.smx] 5.00000 ì´ê±° ë­ì£ ""
L 03/30/2016 - 22:37:00: [Boss Selection.smx] 5.00000 ì´ê±° ë­ì£ ""
L 03/30/2016 - 22:37:03: [Boss Selection.smx] ëŠ¥ë ¥ ì§€ì† ì‹œê°„""
L 03/30/2016 - 22:37:03: [Boss Selection.smx] ëŠ¥ë ¥ ì§€ì† ì‹œê°„""
L 03/30/2016 - 22:37:03: [Boss Selection.smx] ëŠ¥ë ¥ ì§€ì† ì‹œê°„""
L 03/30/2016 - 22:37:03: [Boss Selection.smx] ëŠ¥ë ¥ ì§€ì† ì‹œê°„""
L 03/30/2016 - 22:37:03: [Boss Selection.smx] ëŠ¥ë ¥ ì§€ì† ì‹œê°„""
L 03/30/2016 - 22:37:03: [Boss Selection.smx] ëŠ¥ë ¥ ì§€ì† ì‹œê°„""
L 03/30/2016 - 22:37:08: [Boss Selection.smx] ëŠ¥ë ¥ ì§€ì†ì‹œê°„ + ë¶„ë…¸ ì¿¨íƒ€ì„""
L 03/30/2016 - 22:37:08: [Boss Selection.smx] ëŠ¥ë ¥ ì§€ì†ì‹œê°„ + ë¶„ë…¸ ì¿¨íƒ€ì„""
L 03/30/2016 - 22:37:08: [Boss Selection.smx] ëŠ¥ë ¥ ì§€ì†ì‹œê°„ + ë¶„ë…¸ ì¿¨íƒ€ì„""
L 03/30/2016 - 22:37:08: [Boss Selection.smx] ëŠ¥ë ¥ ì§€ì†ì‹œê°„ + ë¶„ë…¸ ì¿¨íƒ€ì„""
L 03/30/2016 - 22:37:08: [Boss Selection.smx] ëŠ¥ë ¥ ì§€ì†ì‹œê°„ + ë¶„ë…¸ ì¿¨íƒ€ì„""
L 03/30/2016 - 22:37:08: [Boss Selection.smx] ëŠ¥ë ¥ ì§€ì†ì‹œê°„ + ë¶„ë…¸ ì¿¨íƒ€ì„""
L 03/30/2016 - 22:37:14: [Boss Selection.smx] ëë‚˜ì•¼ ë¶„ë…¸ ì‚¬ìš© ê°€ëŠ¥.""
L 03/30/2016 - 22:37:14: [Boss Selection.smx] ëë‚˜ì•¼ ë¶„ë…¸ ì‚¬ìš© ê°€ëŠ¥.""
L 03/30/2016 - 22:37:14: [Boss Selection.smx] ëë‚˜ì•¼ ë¶„ë…¸ ì‚¬ìš© ê°€ëŠ¥.""
L 03/30/2016 - 22:37:14: [Boss Selection.smx] ëë‚˜ì•¼ ë¶„ë…¸ ì‚¬ìš© ê°€ëŠ¥.""
L 03/30/2016 - 22:37:14: [Boss Selection.smx] ëë‚˜ì•¼ ë¶„ë…¸ ì‚¬ìš© ê°€ëŠ¥.""
L 03/30/2016 - 22:37:14: [Boss Selection.smx] ëë‚˜ì•¼ ë¶„ë…¸ ì‚¬ìš© ê°€ëŠ¥.""
L 03/30/2016 - 22:37:22: [Boss Selection.smx] ê·¸ë ‡êµ¬ë‚˜""
L 03/30/2016 - 22:37:22: [Boss Selection.smx] ê·¸ë ‡êµ¬ë‚˜""
L 03/30/2016 - 22:37:22: [Boss Selection.smx] ê·¸ë ‡êµ¬ë‚˜""
L 03/30/2016 - 22:37:22: [Boss Selection.smx] ê·¸ë ‡êµ¬ë‚˜""
L 03/30/2016 - 22:37:22: [Boss Selection.smx] ê·¸ë ‡êµ¬ë‚˜""
L 03/30/2016 - 22:37:22: [Boss Selection.smx] ê·¸ë ‡êµ¬ë‚˜""
L 03/30/2016 - 22:37:25: [Boss Selection.smx] ê·¸ëŸ°ë°.. ì§€ê¸ˆ ë¬¸ì œê°€ ìˆë‚˜ë´„.""
L 03/30/2016 - 22:37:25: [Boss Selection.smx] ê·¸ëŸ°ë°.. ì§€ê¸ˆ ë¬¸ì œê°€ ìˆë‚˜ë´„.""
L 03/30/2016 - 22:37:25: [Boss Selection.smx] ê·¸ëŸ°ë°.. ì§€ê¸ˆ ë¬¸ì œê°€ ìˆë‚˜ë´„.""
L 03/30/2016 - 22:37:25: [Boss Selection.smx] ê·¸ëŸ°ë°.. ì§€ê¸ˆ ë¬¸ì œê°€ ìˆë‚˜ë´„.""
L 03/30/2016 - 22:37:25: [Boss Selection.smx] ê·¸ëŸ°ë°.. ì§€ê¸ˆ ë¬¸ì œê°€ ìˆë‚˜ë´„.""
L 03/30/2016 - 22:37:25: [Boss Selection.smx] ê·¸ëŸ°ë°.. ì§€ê¸ˆ ë¬¸ì œê°€ ìˆë‚˜ë´„.""
L 03/30/2016 - 22:37:27: [Boss Selection.smx] boss""
L 03/30/2016 - 22:37:27: [Boss Selection.smx] boss""
L 03/30/2016 - 22:37:27: [Boss Selection.smx] boss""
L 03/30/2016 - 22:37:27: [Boss Selection.smx] boss""
L 03/30/2016 - 22:37:27: [Boss Selection.smx] boss""
L 03/30/2016 - 22:37:27: [Boss Selection.smx] boss""
L 03/30/2016 - 22:37:32: [Boss Selection.smx] ì„ íƒí•œ ë³´ìŠ¤ ì´ë¦„: Vagineer
L 03/30/2016 - 22:37:32: [Boss Selection.smx] client index: 7, g_hBossQueue: -1
L 03/30/2016 - 22:37:33: [Boss Selection.smx] êµ¼ë°” í”ŒëŸ¬ê·¸ì¸ ì§„ì‹¬""
L 03/30/2016 - 22:37:33: [Boss Selection.smx] êµ¼ë°” í”ŒëŸ¬ê·¸ì¸ ì§„ì‹¬""
L 03/30/2016 - 22:37:33: [Boss Selection.smx] êµ¼ë°” í”ŒëŸ¬ê·¸ì¸ ì§„ì‹¬""
L 03/30/2016 - 22:37:33: [Boss Selection.smx] êµ¼ë°” í”ŒëŸ¬ê·¸ì¸ ì§„ì‹¬""
L 03/30/2016 - 22:37:33: [Boss Selection.smx] êµ¼ë°” í”ŒëŸ¬ê·¸ì¸ ì§„ì‹¬""
L 03/30/2016 - 22:37:33: [Boss Selection.smx] êµ¼ë°” í”ŒëŸ¬ê·¸ì¸ ì§„ì‹¬""
L 03/30/2016 - 22:37:34: [Boss Selection.smx] ì € ê³§ ê°‘ë‹ˆë‹¤ :(""
L 03/30/2016 - 22:37:34: [Boss Selection.smx] ì € ê³§ ê°‘ë‹ˆë‹¤ :(""
L 03/30/2016 - 22:37:34: [Boss Selection.smx] ì € ê³§ ê°‘ë‹ˆë‹¤ :(""
L 03/30/2016 - 22:37:34: [Boss Selection.smx] ì € ê³§ ê°‘ë‹ˆë‹¤ :(""
L 03/30/2016 - 22:37:34: [Boss Selection.smx] ì € ê³§ ê°‘ë‹ˆë‹¤ :(""
L 03/30/2016 - 22:37:34: [Boss Selection.smx] ì € ê³§ ê°‘ë‹ˆë‹¤ :(""
L 03/30/2016 - 22:37:35: [Boss Selection.smx] ê°œ ì—¿ê°™ë„¤""
L 03/30/2016 - 22:37:35: [Boss Selection.smx] ê°œ ì—¿ê°™ë„¤""
L 03/30/2016 - 22:37:35: [Boss Selection.smx] ê°œ ì—¿ê°™ë„¤""
L 03/30/2016 - 22:37:35: [Boss Selection.smx] ê°œ ì—¿ê°™ë„¤""
L 03/30/2016 - 22:37:35: [Boss Selection.smx] ê°œ ì—¿ê°™ë„¤""
L 03/30/2016 - 22:37:35: [Boss Selection.smx] ê°œ ì—¿ê°™ë„¤""
L 03/30/2016 - 22:37:39: [Boss Selection.smx] ì™œ ê°‘ë‹ˆê¹Œ?""
L 03/30/2016 - 22:37:39: [Boss Selection.smx] ì™œ ê°‘ë‹ˆê¹Œ?""
L 03/30/2016 - 22:37:39: [Boss Selection.smx] ì™œ ê°‘ë‹ˆê¹Œ?""
L 03/30/2016 - 22:37:39: [Boss Selection.smx] ì™œ ê°‘ë‹ˆê¹Œ?""
L 03/30/2016 - 22:37:39: [Boss Selection.smx] ì™œ ê°‘ë‹ˆê¹Œ?""
L 03/30/2016 - 22:37:39: [Boss Selection.smx] ì™œ ê°‘ë‹ˆê¹Œ?""
L 03/30/2016 - 22:37:42: [Boss Selection.smx] ìì•¼ì£ ""
L 03/30/2016 - 22:37:42: [Boss Selection.smx] ìì•¼ì£ ""
L 03/30/2016 - 22:37:42: [Boss Selection.smx] ìì•¼ì£ ""
L 03/30/2016 - 22:37:42: [Boss Selection.smx] ìì•¼ì£ ""
L 03/30/2016 - 22:37:42: [Boss Selection.smx] ìì•¼ì£ ""
L 03/30/2016 - 22:37:42: [Boss Selection.smx] ìì•¼ì£ ""
L 03/30/2016 - 22:37:43: [Boss Selection.smx] ì‹œê°„ ì—†ë°ìš”""
L 03/30/2016 - 22:37:43: [Boss Selection.smx] ì‹œê°„ ì—†ë°ìš”""
L 03/30/2016 - 22:37:43: [Boss Selection.smx] ì‹œê°„ ì—†ë°ìš”""
L 03/30/2016 - 22:37:43: [Boss Selection.smx] ì‹œê°„ ì—†ë°ìš”""
L 03/30/2016 - 22:37:43: [Boss Selection.smx] ì‹œê°„ ì—†ë°ìš”""
L 03/30/2016 - 22:37:43: [Boss Selection.smx] ì‹œê°„ ì—†ë°ìš”""
L 03/30/2016 - 22:38:02: [Boss Selection.smx] ì˜¤ì¬""
L 03/30/2016 - 22:38:02: [Boss Selection.smx] ì˜¤ì¬""
L 03/30/2016 - 22:38:02: [Boss Selection.smx] ì˜¤ì¬""
L 03/30/2016 - 22:38:02: [Boss Selection.smx] ì˜¤ì¬""
L 03/30/2016 - 22:38:02: [Boss Selection.smx] ì˜¤ì¬""
L 03/30/2016 - 22:38:02: [Boss Selection.smx] ì˜¤ì¬""
L 03/30/2016 - 22:38:04: [Boss Selection.smx] ì•„ì¬""
L 03/30/2016 - 22:38:04: [Boss Selection.smx] ì•„ì¬""
L 03/30/2016 - 22:38:04: [Boss Selection.smx] ì•„ì¬""
L 03/30/2016 - 22:38:04: [Boss Selection.smx] ì•„ì¬""
L 03/30/2016 - 22:38:04: [Boss Selection.smx] ì•„ì¬""
L 03/30/2016 - 22:38:04: [Boss Selection.smx] ì•„ì¬""
L 03/30/2016 - 22:38:06: [Boss Selection.smx] ë¶„ë…¸ ì¨ë´ìš”""
L 03/30/2016 - 22:38:06: [Boss Selection.smx] ë¶„ë…¸ ì¨ë´ìš”""
L 03/30/2016 - 22:38:06: [Boss Selection.smx] ë¶„ë…¸ ì¨ë´ìš”""
L 03/30/2016 - 22:38:06: [Boss Selection.smx] ë¶„ë…¸ ì¨ë´ìš”""
L 03/30/2016 - 22:38:06: [Boss Selection.smx] ë¶„ë…¸ ì¨ë´ìš”""
L 03/30/2016 - 22:38:06: [Boss Selection.smx] ë¶„ë…¸ ì¨ë´ìš”""
L 03/30/2016 - 22:38:17: [Boss Selection.smx] ì´ë²ˆì—” ì§ì ‘ ë¶„ë…¸ ìŒ“ì•„ì„œ ë¶„ë…¸ì¨ë³´ì„¸
L 03/30/2016 - 22:38:17: [Boss Selection.smx] ì´ë²ˆì—” ì§ì ‘ ë¶„ë…¸ ìŒ“ì•„ì„œ ë¶„ë…¸ì¨ë³´ì„¸
L 03/30/2016 - 22:38:17: [Boss Selection.smx] ì´ë²ˆì—” ì§ì ‘ ë¶„ë…¸ ìŒ“ì•„ì„œ ë¶„ë…¸ì¨ë³´ì„¸
L 03/30/2016 - 22:38:17: [Boss Selection.smx] ì´ë²ˆì—” ì§ì ‘ ë¶„ë…¸ ìŒ“ì•„ì„œ ë¶„ë…¸ì¨ë³´ì„¸
L 03/30/2016 - 22:38:17: [Boss Selection.smx] ì´ë²ˆì—” ì§ì ‘ ë¶„ë…¸ ìŒ“ì•„ì„œ ë¶„ë…¸ì¨ë³´ì„¸
L 03/30/2016 - 22:38:17: [Boss Selection.smx] ì´ë²ˆì—” ì§ì ‘ ë¶„ë…¸ ìŒ“ì•„ì„œ ë¶„ë…¸ì¨ë³´ì„¸
L 03/30/2016 - 22:38:17: [Boss Selection.smx] ì¢€""
L 03/30/2016 - 22:38:17: [Boss Selection.smx] ì¢€""
L 03/30/2016 - 22:38:17: [Boss Selection.smx] ì¢€""
L 03/30/2016 - 22:38:17: [Boss Selection.smx] ì¢€""
L 03/30/2016 - 22:38:17: [Boss Selection.smx] ì¢€""
L 03/30/2016 - 22:38:17: [Boss Selection.smx] ì¢€""
L 03/30/2016 - 22:38:19: [Boss Selection.smx] ë§ì•„ì•¼ì§€""
L 03/30/2016 - 22:38:19: [Boss Selection.smx] ë§ì•„ì•¼ì§€""
L 03/30/2016 - 22:38:19: [Boss Selection.smx] ë§ì•„ì•¼ì§€""
L 03/30/2016 - 22:38:19: [Boss Selection.smx] ë§ì•„ì•¼ì§€""
L 03/30/2016 - 22:38:19: [Boss Selection.smx] ë§ì•„ì•¼ì§€""
L 03/30/2016 - 22:38:19: [Boss Selection.smx] ë§ì•„ì•¼ì§€""
L 03/30/2016 - 22:38:28: [Boss Selection.smx] ì—Œ""
L 03/30/2016 - 22:38:28: [Boss Selection.smx] ì—Œ""
L 03/30/2016 - 22:38:28: [Boss Selection.smx] ì—Œ""
L 03/30/2016 - 22:38:28: [Boss Selection.smx] ì—Œ""
L 03/30/2016 - 22:38:28: [Boss Selection.smx] ì—Œ""
L 03/30/2016 - 22:38:28: [Boss Selection.smx] ì—Œ""
L 03/30/2016 - 22:38:32: [Boss Selection.smx] ë¶„ë…¸ ã„±ã„±""
L 03/30/2016 - 22:38:32: [Boss Selection.smx] ë¶„ë…¸ ã„±ã„±""
L 03/30/2016 - 22:38:32: [Boss Selection.smx] ë¶„ë…¸ ã„±ã„±""
L 03/30/2016 - 22:38:32: [Boss Selection.smx] ë¶„ë…¸ ã„±ã„±""
L 03/30/2016 - 22:38:32: [Boss Selection.smx] ë¶„ë…¸ ã„±ã„±""
L 03/30/2016 - 22:38:32: [Boss Selection.smx] ë¶„ë…¸ ã„±ã„±""
L 03/30/2016 - 22:38:52: [Boss Selection.smx] ë‹¤ì‹œ ë¶„ë…¸ ì¨ë³´ì„¸ìš”""
L 03/30/2016 - 22:38:52: [Boss Selection.smx] ë‹¤ì‹œ ë¶„ë…¸ ì¨ë³´ì„¸ìš”""
L 03/30/2016 - 22:38:52: [Boss Selection.smx] ë‹¤ì‹œ ë¶„ë…¸ ì¨ë³´ì„¸ìš”""
L 03/30/2016 - 22:38:52: [Boss Selection.smx] ë‹¤ì‹œ ë¶„ë…¸ ì¨ë³´ì„¸ìš”""
L 03/30/2016 - 22:38:52: [Boss Selection.smx] ë‹¤ì‹œ ë¶„ë…¸ ì¨ë³´ì„¸ìš”""
L 03/30/2016 - 22:38:52: [Boss Selection.smx] ë‹¤ì‹œ ë¶„ë…¸ ì¨ë³´ì„¸ìš”""
L 03/30/2016 - 22:38:56: [Boss Selection.smx] í…”í¬ê°€""
L 03/30/2016 - 22:38:56: [Boss Selection.smx] í…”í¬ê°€""
L 03/30/2016 - 22:38:56: [Boss Selection.smx] í…”í¬ê°€""
L 03/30/2016 - 22:38:56: [Boss Selection.smx] í…”í¬ê°€""
L 03/30/2016 - 22:38:56: [Boss Selection.smx] í…”í¬ê°€""
L 03/30/2016 - 22:38:56: [Boss Selection.smx] í…”í¬ê°€""
L 03/30/2016 - 22:38:57: [Boss Selection.smx] ì•ˆë¼ìš”""
L 03/30/2016 - 22:38:57: [Boss Selection.smx] ì•ˆë¼ìš”""
L 03/30/2016 - 22:38:57: [Boss Selection.smx] ì•ˆë¼ìš”""
L 03/30/2016 - 22:38:57: [Boss Selection.smx] ì•ˆë¼ìš”""
L 03/30/2016 - 22:38:57: [Boss Selection.smx] ì•ˆë¼ìš”""
L 03/30/2016 - 22:38:57: [Boss Selection.smx] ì•ˆë¼ìš”""
L 03/30/2016 - 22:39:04: [Boss Selection.smx] ì¡°ì‘ì„ í™•ì‹¤í•˜ê²Œ í•˜ì„¸ìš”""
L 03/30/2016 - 22:39:04: [Boss Selection.smx] ì¡°ì‘ì„ í™•ì‹¤í•˜ê²Œ í•˜ì„¸ìš”""
L 03/30/2016 - 22:39:04: [Boss Selection.smx] ì¡°ì‘ì„ í™•ì‹¤í•˜ê²Œ í•˜ì„¸ìš”""
L 03/30/2016 - 22:39:04: [Boss Selection.smx] ì¡°ì‘ì„ í™•ì‹¤í•˜ê²Œ í•˜ì„¸ìš”""
L 03/30/2016 - 22:39:04: [Boss Selection.smx] ì¡°ì‘ì„ í™•ì‹¤í•˜ê²Œ í•˜ì„¸ìš”""
L 03/30/2016 - 22:39:04: [Boss Selection.smx] ì¡°ì‘ì„ í™•ì‹¤í•˜ê²Œ í•˜ì„¸ìš”""
L 03/30/2016 - 22:39:07: [Boss Selection.smx] ë„¤ ê·¸ë ‡ê²Œ""
L 03/30/2016 - 22:39:07: [Boss Selection.smx] ë„¤ ê·¸ë ‡ê²Œ""
L 03/30/2016 - 22:39:07: [Boss Selection.smx] ë„¤ ê·¸ë ‡ê²Œ""
L 03/30/2016 - 22:39:07: [Boss Selection.smx] ë„¤ ê·¸ë ‡ê²Œ""
L 03/30/2016 - 22:39:07: [Boss Selection.smx] ë„¤ ê·¸ë ‡ê²Œ""
L 03/30/2016 - 22:39:07: [Boss Selection.smx] ë„¤ ê·¸ë ‡ê²Œ""
L 03/30/2016 - 22:39:09: [Boss Selection.smx] ì£½ì´ì§„ ë§ê³ ""
L 03/30/2016 - 22:39:09: [Boss Selection.smx] ì£½ì´ì§„ ë§ê³ ""
L 03/30/2016 - 22:39:09: [Boss Selection.smx] ì£½ì´ì§„ ë§ê³ ""
L 03/30/2016 - 22:39:09: [Boss Selection.smx] ì£½ì´ì§„ ë§ê³ ""
L 03/30/2016 - 22:39:09: [Boss Selection.smx] ì£½ì´ì§„ ë§ê³ ""
L 03/30/2016 - 22:39:09: [Boss Selection.smx] ì£½ì´ì§„ ë§ê³ ""
L 03/30/2016 - 22:39:11: [Boss Selection.smx] ì£½ì´ì§„ ë§ê³ ""
L 03/30/2016 - 22:39:11: [Boss Selection.smx] ì£½ì´ì§„ ë§ê³ ""
L 03/30/2016 - 22:39:11: [Boss Selection.smx] ì£½ì´ì§„ ë§ê³ ""
L 03/30/2016 - 22:39:11: [Boss Selection.smx] ì£½ì´ì§„ ë§ê³ ""
L 03/30/2016 - 22:39:11: [Boss Selection.smx] ì£½ì´ì§„ ë§ê³ ""
L 03/30/2016 - 22:39:11: [Boss Selection.smx] ì£½ì´ì§„ ë§ê³ ""
L 03/30/2016 - 22:39:13: [Boss Selection.smx] ë˜ë„¤""
L 03/30/2016 - 22:39:13: [Boss Selection.smx] ë˜ë„¤""
L 03/30/2016 - 22:39:13: [Boss Selection.smx] ë˜ë„¤""
L 03/30/2016 - 22:39:13: [Boss Selection.smx] ë˜ë„¤""
L 03/30/2016 - 22:39:13: [Boss Selection.smx] ë˜ë„¤""
L 03/30/2016 - 22:39:14: [Boss Selection.smx] ë˜ë„¤""
L 03/30/2016 - 22:39:14: [Boss Selection.smx] ë¶„ë…¸ í•œë²ˆë§Œ ë”""
L 03/30/2016 - 22:39:14: [Boss Selection.smx] ë¶„ë…¸ í•œë²ˆë§Œ ë”""
L 03/30/2016 - 22:39:14: [Boss Selection.smx] ë¶„ë…¸ í•œë²ˆë§Œ ë”""
L 03/30/2016 - 22:39:14: [Boss Selection.smx] ë¶„ë…¸ í•œë²ˆë§Œ ë”""
L 03/30/2016 - 22:39:14: [Boss Selection.smx] ë¶„ë…¸ í•œë²ˆë§Œ ë”""
L 03/30/2016 - 22:39:14: [Boss Selection.smx] ë¶„ë…¸ í•œë²ˆë§Œ ë”""
L 03/30/2016 - 22:39:25: [Boss Selection.smx] ì•„ë‹ˆ""
L 03/30/2016 - 22:39:25: [Boss Selection.smx] ì•„ë‹ˆ""
L 03/30/2016 - 22:39:25: [Boss Selection.smx] ì•„ë‹ˆ""
L 03/30/2016 - 22:39:25: [Boss Selection.smx] ì•„ë‹ˆ""
L 03/30/2016 - 22:39:25: [Boss Selection.smx] ì•„ë‹ˆ""
L 03/30/2016 - 22:39:25: [Boss Selection.smx] ì•„ë‹ˆ""
L 03/30/2016 - 22:39:26: [Boss Selection.smx] í‘""
L 03/30/2016 - 22:39:26: [Boss Selection.smx] í‘""
L 03/30/2016 - 22:39:26: [Boss Selection.smx] í‘""
L 03/30/2016 - 22:39:26: [Boss Selection.smx] í‘""
L 03/30/2016 - 22:39:26: [Boss Selection.smx] í‘""
L 03/30/2016 - 22:39:26: [Boss Selection.smx] í‘""
L 03/30/2016 - 22:39:28: [Boss Selection.smx] ë¶„ë…¸ í•œë²ˆë§Œ ë”..""
L 03/30/2016 - 22:39:28: [Boss Selection.smx] ë¶„ë…¸ í•œë²ˆë§Œ ë”..""
L 03/30/2016 - 22:39:28: [Boss Selection.smx] ë¶„ë…¸ í•œë²ˆë§Œ ë”..""
L 03/30/2016 - 22:39:28: [Boss Selection.smx] ë¶„ë…¸ í•œë²ˆë§Œ ë”..""
L 03/30/2016 - 22:39:28: [Boss Selection.smx] ë¶„ë…¸ í•œë²ˆë§Œ ë”..""
L 03/30/2016 - 22:39:28: [Boss Selection.smx] ë¶„ë…¸ í•œë²ˆë§Œ ë”..""
L 03/30/2016 - 22:39:30: [Boss Selection.smx] ë·""
L 03/30/2016 - 22:39:30: [Boss Selection.smx] ë·""
L 03/30/2016 - 22:39:30: [Boss Selection.smx] ë·""
L 03/30/2016 - 22:39:30: [Boss Selection.smx] ë·""
L 03/30/2016 - 22:39:30: [Boss Selection.smx] ë·""
L 03/30/2016 - 22:39:30: [Boss Selection.smx] ë·""
L 03/30/2016 - 22:39:32: [Boss Selection.smx] ì•œ""
L 03/30/2016 - 22:39:32: [Boss Selection.smx] ì•œ""
L 03/30/2016 - 22:39:32: [Boss Selection.smx] ì•œ""
L 03/30/2016 - 22:39:32: [Boss Selection.smx] ì•œ""
L 03/30/2016 - 22:39:32: [Boss Selection.smx] ì•œ""
L 03/30/2016 - 22:39:32: [Boss Selection.smx] ì•œ""
L 03/30/2016 - 22:39:32: [Boss Selection.smx] ff2""
L 03/30/2016 - 22:39:32: [Boss Selection.smx] ff2""
L 03/30/2016 - 22:39:32: [Boss Selection.smx] ff2""
L 03/30/2016 - 22:39:32: [Boss Selection.smx] ff2""
L 03/30/2016 - 22:39:33: [Boss Selection.smx] ff2""
L 03/30/2016 - 22:39:33: [Boss Selection.smx] ff2""
L 03/30/2016 - 22:39:35: [Boss Selection.smx] ì£„ì†¡í•©ë‹ˆë‹¤""
L 03/30/2016 - 22:39:35: [Boss Selection.smx] ì£„ì†¡í•©ë‹ˆë‹¤""
L 03/30/2016 - 22:39:35: [Boss Selection.smx] ì£„ì†¡í•©ë‹ˆë‹¤""
L 03/30/2016 - 22:39:35: [Boss Selection.smx] ì£„ì†¡í•©ë‹ˆë‹¤""
L 03/30/2016 - 22:39:35: [Boss Selection.smx] ì£„ì†¡í•©ë‹ˆë‹¤""
L 03/30/2016 - 22:39:35: [Boss Selection.smx] ì£„ì†¡í•©ë‹ˆë‹¤""
L 03/30/2016 - 22:39:46: [Boss Selection.smx] ê·¼ë° ì™œ ë§ˆì¼“ì´ ì•ˆã„·..""
L 03/30/2016 - 22:39:46: [Boss Selection.smx] ê·¼ë° ì™œ ë§ˆì¼“ì´ ì•ˆã„·..""
L 03/30/2016 - 22:39:46: [Boss Selection.smx] ê·¼ë° ì™œ ë§ˆì¼“ì´ ì•ˆã„·..""
L 03/30/2016 - 22:39:46: [Boss Selection.smx] ê·¼ë° ì™œ ë§ˆì¼“ì´ ì•ˆã„·..""
L 03/30/2016 - 22:39:46: [Boss Selection.smx] ê·¼ë° ì™œ ë§ˆì¼“ì´ ì•ˆã„·..""
L 03/30/2016 - 22:39:47: [Boss Selection.smx] ê·¼ë° ì™œ ë§ˆì¼“ì´ ì•ˆã„·..""
L 03/30/2016 - 22:39:47: [Boss Selection.smx] ff2""
L 03/30/2016 - 22:39:47: [Boss Selection.smx] ff2""
L 03/30/2016 - 22:39:47: [Boss Selection.smx] ff2""
L 03/30/2016 - 22:39:47: [Boss Selection.smx] ff2""
L 03/30/2016 - 22:39:47: [Boss Selection.smx] ff2""
L 03/30/2016 - 22:39:47: [Boss Selection.smx] ff2""
L 03/30/2016 - 22:39:54: [Boss Selection.smx] ë‹˜ì´ ëª»í•˜ëŠ”ê²ë‹ˆë‹¤""
L 03/30/2016 - 22:39:54: [Boss Selection.smx] ë‹˜ì´ ëª»í•˜ëŠ”ê²ë‹ˆë‹¤""
L 03/30/2016 - 22:39:54: [Boss Selection.smx] ë‹˜ì´ ëª»í•˜ëŠ”ê²ë‹ˆë‹¤""
L 03/30/2016 - 22:39:54: [Boss Selection.smx] ë‹˜ì´ ëª»í•˜ëŠ”ê²ë‹ˆë‹¤""
L 03/30/2016 - 22:39:54: [Boss Selection.smx] ë‹˜ì´ ëª»í•˜ëŠ”ê²ë‹ˆë‹¤""
L 03/30/2016 - 22:39:54: [Boss Selection.smx] ë‹˜ì´ ëª»í•˜ëŠ”ê²ë‹ˆë‹¤""
L 03/30/2016 - 22:39:55: [Boss Selection.smx] ë¹¼ì• ì•¡""
L 03/30/2016 - 22:39:55: [Boss Selection.smx] ë¹¼ì• ì•¡""
L 03/30/2016 - 22:39:55: [Boss Selection.smx] ë¹¼ì• ì•¡""
L 03/30/2016 - 22:39:55: [Boss Selection.smx] ë¹¼ì• ì•¡""
L 03/30/2016 - 22:39:55: [Boss Selection.smx] ë¹¼ì• ì•¡""
L 03/30/2016 - 22:39:55: [Boss Selection.smx] ë¹¼ì• ì•¡""
L 03/30/2016 - 22:39:57: [Boss Selection.smx] ì•„ë‹ˆì•¼!""
L 03/30/2016 - 22:39:57: [Boss Selection.smx] ì•„ë‹ˆì•¼!""
L 03/30/2016 - 22:39:57: [Boss Selection.smx] ì•„ë‹ˆì•¼!""
L 03/30/2016 - 22:39:57: [Boss Selection.smx] ì•„ë‹ˆì•¼!""
L 03/30/2016 - 22:39:57: [Boss Selection.smx] ì•„ë‹ˆì•¼!""
L 03/30/2016 - 22:39:57: [Boss Selection.smx] ì•„ë‹ˆì•¼!""
L 03/30/2016 - 22:40:00: [Boss Selection.smx] 195ë”œ ë“¤ì–´ê°”ì–´!""
L 03/30/2016 - 22:40:00: [Boss Selection.smx] 195ë”œ ë“¤ì–´ê°”ì–´!""
L 03/30/2016 - 22:40:00: [Boss Selection.smx] 195ë”œ ë“¤ì–´ê°”ì–´!""
L 03/30/2016 - 22:40:00: [Boss Selection.smx] 195ë”œ ë“¤ì–´ê°”ì–´!""
L 03/30/2016 - 22:40:00: [Boss Selection.smx] 195ë”œ ë“¤ì–´ê°”ì–´!""
L 03/30/2016 - 22:40:00: [Boss Selection.smx] 195ë”œ ë“¤ì–´ê°”ì–´!""
L 03/30/2016 - 22:40:03: [Boss Selection.smx] í¬ë¦¬ ë§ˆì¼“ì´ì•¼!""
L 03/30/2016 - 22:40:03: [Boss Selection.smx] í¬ë¦¬ ë§ˆì¼“ì´ì•¼!""
L 03/30/2016 - 22:40:03: [Boss Selection.smx] í¬ë¦¬ ë§ˆì¼“ì´ì•¼!""
L 03/30/2016 - 22:40:03: [Boss Selection.smx] í¬ë¦¬ ë§ˆì¼“ì´ì•¼!""
L 03/30/2016 - 22:40:03: [Boss Selection.smx] í¬ë¦¬ ë§ˆì¼“ì´ì•¼!""
L 03/30/2016 - 22:40:03: [Boss Selection.smx] í¬ë¦¬ ë§ˆì¼“ì´ì•¼!""
L 03/30/2016 - 22:40:05: [Boss Selection.smx] ìŒ?""
L 03/30/2016 - 22:40:05: [Boss Selection.smx] ìŒ?""
L 03/30/2016 - 22:40:05: [Boss Selection.smx] ìŒ?""
L 03/30/2016 - 22:40:05: [Boss Selection.smx] ìŒ?""
L 03/30/2016 - 22:40:05: [Boss Selection.smx] ìŒ?""
L 03/30/2016 - 22:40:05: [Boss Selection.smx] ìŒ?""
L 03/30/2016 - 22:40:06: [Boss Selection.smx] ì£½ì´ì§€ ë§ˆì‡¼.""
L 03/30/2016 - 22:40:06: [Boss Selection.smx] ì£½ì´ì§€ ë§ˆì‡¼.""
L 03/30/2016 - 22:40:06: [Boss Selection.smx] ì£½ì´ì§€ ë§ˆì‡¼.""
L 03/30/2016 - 22:40:06: [Boss Selection.smx] ì£½ì´ì§€ ë§ˆì‡¼.""
L 03/30/2016 - 22:40:06: [Boss Selection.smx] ì£½ì´ì§€ ë§ˆì‡¼.""
L 03/30/2016 - 22:40:06: [Boss Selection.smx] ì£½ì´ì§€ ë§ˆì‡¼.""
L 03/30/2016 - 22:40:08: [Boss Selection.smx] 195ê°€ ì•„ë‹ˆë„¤""
L 03/30/2016 - 22:40:08: [Boss Selection.smx] 195ê°€ ì•„ë‹ˆë„¤""
L 03/30/2016 - 22:40:08: [Boss Selection.smx] 195ê°€ ì•„ë‹ˆë„¤""
L 03/30/2016 - 22:40:08: [Boss Selection.smx] 195ê°€ ì•„ë‹ˆë„¤""
L 03/30/2016 - 22:40:08: [Boss Selection.smx] 195ê°€ ì•„ë‹ˆë„¤""
L 03/30/2016 - 22:40:08: [Boss Selection.smx] 195ê°€ ì•„ë‹ˆë„¤""
L 03/30/2016 - 22:40:27: [Boss Selection.smx] ë§ˆì¼“ í¬ë¦¬ë”œì´ 195ì¸ë°""
L 03/30/2016 - 22:40:27: [Boss Selection.smx] ë§ˆì¼“ í¬ë¦¬ë”œì´ 195ì¸ë°""
L 03/30/2016 - 22:40:27: [Boss Selection.smx] ë§ˆì¼“ í¬ë¦¬ë”œì´ 195ì¸ë°""
L 03/30/2016 - 22:40:27: [Boss Selection.smx] ë§ˆì¼“ í¬ë¦¬ë”œì´ 195ì¸ë°""
L 03/30/2016 - 22:40:27: [Boss Selection.smx] ë§ˆì¼“ í¬ë¦¬ë”œì´ 195ì¸ë°""
L 03/30/2016 - 22:40:27: [Boss Selection.smx] ë§ˆì¼“ í¬ë¦¬ë”œì´ 195ì¸ë°""
L 03/30/2016 - 22:40:31: [Boss Selection.smx] ë”± 195ë”œ ë‚˜ì˜´""
L 03/30/2016 - 22:40:31: [Boss Selection.smx] ë”± 195ë”œ ë‚˜ì˜´""
L 03/30/2016 - 22:40:31: [Boss Selection.smx] ë”± 195ë”œ ë‚˜ì˜´""
L 03/30/2016 - 22:40:31: [Boss Selection.smx] ë”± 195ë”œ ë‚˜ì˜´""
L 03/30/2016 - 22:40:31: [Boss Selection.smx] ë”± 195ë”œ ë‚˜ì˜´""
L 03/30/2016 - 22:40:31: [Boss Selection.smx] ë”± 195ë”œ ë‚˜ì˜´""
L 03/30/2016 - 22:40:35: [Boss Selection.smx] ff2_devmode""
L 03/30/2016 - 22:40:35: [Boss Selection.smx] ff2_devmode""
L 03/30/2016 - 22:40:35: [Boss Selection.smx] ff2_devmode""
L 03/30/2016 - 22:40:35: [Boss Selection.smx] ff2_devmode""
L 03/30/2016 - 22:40:35: [Boss Selection.smx] ff2_devmode""
L 03/30/2016 - 22:40:35: [Boss Selection.smx] ff2_devmode""
L 03/30/2016 - 22:40:54: [Boss Selection.smx] ff2""
L 03/30/2016 - 22:40:54: [Boss Selection.smx] ff2""
L 03/30/2016 - 22:40:54: [Boss Selection.smx] ff2""
L 03/30/2016 - 22:40:54: [Boss Selection.smx] ff2""
L 03/30/2016 - 22:40:54: [Boss Selection.smx] ff2""
L 03/30/2016 - 22:40:54: [Boss Selection.smx] ff2""
L 03/30/2016 - 22:41:01: [Boss Selection.smx] ã…‡ã…‹..""
L 03/30/2016 - 22:41:01: [Boss Selection.smx] ã…‡ã…‹..""
L 03/30/2016 - 22:41:01: [Boss Selection.smx] ã…‡ã…‹..""
L 03/30/2016 - 22:41:01: [Boss Selection.smx] ã…‡ã…‹..""
L 03/30/2016 - 22:41:01: [Boss Selection.smx] ã…‡ã…‹..""
L 03/30/2016 - 22:41:01: [Boss Selection.smx] ã…‡ã…‹..""
L 03/30/2016 - 22:41:03: [Boss Selection.smx] ê·¸ëŸ¼ ì˜¤ëŠ˜ì€ ì´ë§Œ.""
L 03/30/2016 - 22:41:03: [Boss Selection.smx] ê·¸ëŸ¼ ì˜¤ëŠ˜ì€ ì´ë§Œ.""
L 03/30/2016 - 22:41:03: [Boss Selection.smx] ê·¸ëŸ¼ ì˜¤ëŠ˜ì€ ì´ë§Œ.""
L 03/30/2016 - 22:41:03: [Boss Selection.smx] ê·¸ëŸ¼ ì˜¤ëŠ˜ì€ ì´ë§Œ.""
L 03/30/2016 - 22:41:03: [Boss Selection.smx] ê·¸ëŸ¼ ì˜¤ëŠ˜ì€ ì´ë§Œ.""
L 03/30/2016 - 22:41:03: [Boss Selection.smx] ê·¸ëŸ¼ ì˜¤ëŠ˜ì€ ì´ë§Œ.""
L 03/30/2016 - 22:41:08: [Boss Selection.smx] ë¶„ë…¸ëŠ” ì •ìƒì´ê³ ""
L 03/30/2016 - 22:41:08: [Boss Selection.smx] ë¶„ë…¸ëŠ” ì •ìƒì´ê³ ""
L 03/30/2016 - 22:41:08: [Boss Selection.smx] ë¶„ë…¸ëŠ” ì •ìƒì´ê³ ""
L 03/30/2016 - 22:41:08: [Boss Selection.smx] ë¶„ë…¸ëŠ” ì •ìƒì´ê³ ""
L 03/30/2016 - 22:41:08: [Boss Selection.smx] ë¶„ë…¸ëŠ” ì •ìƒì´ê³ ""
L 03/30/2016 - 22:41:08: [Boss Selection.smx] ë¶„ë…¸ëŠ” ì •ìƒì´ê³ ""
L 03/30/2016 - 22:41:09: [Boss Selection.smx] ë§ˆì¼“ì¢€""
L 03/30/2016 - 22:41:09: [Boss Selection.smx] ë§ˆì¼“ì¢€""
L 03/30/2016 - 22:41:09: [Boss Selection.smx] ë§ˆì¼“ì¢€""
L 03/30/2016 - 22:41:09: [Boss Selection.smx] ë§ˆì¼“ì¢€""
L 03/30/2016 - 22:41:09: [Boss Selection.smx] ë§ˆì¼“ì¢€""
L 03/30/2016 - 22:41:09: [Boss Selection.smx] ë§ˆì¼“ì¢€""
L 03/30/2016 - 22:41:10: [Boss Selection.smx] ì‹œë„ë¥¼""
L 03/30/2016 - 22:41:10: [Boss Selection.smx] ì‹œë„ë¥¼""
L 03/30/2016 - 22:41:10: [Boss Selection.smx] ì‹œë„ë¥¼""
L 03/30/2016 - 22:41:10: [Boss Selection.smx] ì‹œë„ë¥¼""
L 03/30/2016 - 22:41:10: [Boss Selection.smx] ì‹œë„ë¥¼""
L 03/30/2016 - 22:41:10: [Boss Selection.smx] ì‹œë„ë¥¼""
L 03/30/2016 - 22:41:15: [Boss Selection.smx] ì œê°€ í•´ë³´ì£ ""
L 03/30/2016 - 22:41:15: [Boss Selection.smx] ì œê°€ í•´ë³´ì£ ""
L 03/30/2016 - 22:41:15: [Boss Selection.smx] ì œê°€ í•´ë³´ì£ ""
L 03/30/2016 - 22:41:15: [Boss Selection.smx] ì œê°€ í•´ë³´ì£ ""
L 03/30/2016 - 22:41:15: [Boss Selection.smx] ì œê°€ í•´ë³´ì£ ""
L 03/30/2016 - 22:41:15: [Boss Selection.smx] ì œê°€ í•´ë³´ì£ ""
L 03/30/2016 - 22:41:23: [Boss Selection.smx] ë´‡ì´ ì€ê·¼""
L 03/30/2016 - 22:41:23: [Boss Selection.smx] ë´‡ì´ ì€ê·¼""
L 03/30/2016 - 22:41:23: [Boss Selection.smx] ë´‡ì´ ì€ê·¼""
L 03/30/2016 - 22:41:23: [Boss Selection.smx] ë´‡ì´ ì€ê·¼""
L 03/30/2016 - 22:41:23: [Boss Selection.smx] ë´‡ì´ ì€ê·¼""
L 03/30/2016 - 22:41:23: [Boss Selection.smx] ë´‡ì´ ì€ê·¼""
L 03/30/2016 - 22:41:28: [Boss Selection.smx] ë™ì²´ì‹œë ¥ì´ ì¢‹ìŒ""
L 03/30/2016 - 22:41:28: [Boss Selection.smx] ë™ì²´ì‹œë ¥ì´ ì¢‹ìŒ""
L 03/30/2016 - 22:41:28: [Boss Selection.smx] ë™ì²´ì‹œë ¥ì´ ì¢‹ìŒ""
L 03/30/2016 - 22:41:28: [Boss Selection.smx] ë™ì²´ì‹œë ¥ì´ ì¢‹ìŒ""
L 03/30/2016 - 22:41:28: [Boss Selection.smx] ë™ì²´ì‹œë ¥ì´ ì¢‹ìŒ""
L 03/30/2016 - 22:41:28: [Boss Selection.smx] ë™ì²´ì‹œë ¥ì´ ì¢‹ìŒ""
L 03/30/2016 - 22:42:04: [Boss Selection.smx] ì•„ë‹ˆ..""
L 03/30/2016 - 22:42:04: [Boss Selection.smx] ì•„ë‹ˆ..""
L 03/30/2016 - 22:42:04: [Boss Selection.smx] ì•„ë‹ˆ..""
L 03/30/2016 - 22:42:04: [Boss Selection.smx] ì•„ë‹ˆ..""
L 03/30/2016 - 22:42:04: [Boss Selection.smx] ì•„ë‹ˆ..""
L 03/30/2016 - 22:42:04: [Boss Selection.smx] ì•„ë‹ˆ..""
L 03/30/2016 - 22:42:07: [Boss Selection.smx] ë§ˆì¼“ì„ í•´ì•¼ì§€..""
L 03/30/2016 - 22:42:07: [Boss Selection.smx] ë§ˆì¼“ì„ í•´ì•¼ì§€..""
L 03/30/2016 - 22:42:07: [Boss Selection.smx] ë§ˆì¼“ì„ í•´ì•¼ì§€..""
L 03/30/2016 - 22:42:07: [Boss Selection.smx] ë§ˆì¼“ì„ í•´ì•¼ì§€..""
L 03/30/2016 - 22:42:07: [Boss Selection.smx] ë§ˆì¼“ì„ í•´ì•¼ì§€..""
L 03/30/2016 - 22:42:07: [Boss Selection.smx] ë§ˆì¼“ì„ í•´ì•¼ì§€..""
L 03/30/2016 - 22:42:08: [Boss Selection.smx] ...""
L 03/30/2016 - 22:42:08: [Boss Selection.smx] ...""
L 03/30/2016 - 22:42:08: [Boss Selection.smx] ...""
L 03/30/2016 - 22:42:08: [Boss Selection.smx] ...""
L 03/30/2016 - 22:42:08: [Boss Selection.smx] ...""
L 03/30/2016 - 22:42:08: [Boss Selection.smx] ...""
L 03/30/2016 - 22:42:10: [Boss Selection.smx] ìœ¼ì•„ì•™""
L 03/30/2016 - 22:42:10: [Boss Selection.smx] ìœ¼ì•„ì•™""
L 03/30/2016 - 22:42:10: [Boss Selection.smx] ìœ¼ì•„ì•™""
L 03/30/2016 - 22:42:10: [Boss Selection.smx] ìœ¼ì•„ì•™""
L 03/30/2016 - 22:42:10: [Boss Selection.smx] ìœ¼ì•„ì•™""
L 03/30/2016 - 22:42:10: [Boss Selection.smx] ìœ¼ì•„ì•™""
L 03/30/2016 - 22:42:17: [Boss Selection.smx] êµ¼ë°”ì— ìµìˆ™í•˜ë‹¨ ë§ì´ì˜¤""
L 03/30/2016 - 22:42:17: [Boss Selection.smx] êµ¼ë°”ì— ìµìˆ™í•˜ë‹¨ ë§ì´ì˜¤""
L 03/30/2016 - 22:42:17: [Boss Selection.smx] êµ¼ë°”ì— ìµìˆ™í•˜ë‹¨ ë§ì´ì˜¤""
L 03/30/2016 - 22:42:17: [Boss Selection.smx] êµ¼ë°”ì— ìµìˆ™í•˜ë‹¨ ë§ì´ì˜¤""
L 03/30/2016 - 22:42:17: [Boss Selection.smx] êµ¼ë°”ì— ìµìˆ™í•˜ë‹¨ ë§ì´ì˜¤""
L 03/30/2016 - 22:42:17: [Boss Selection.smx] êµ¼ë°”ì— ìµìˆ™í•˜ë‹¨ ë§ì´ì˜¤""
L 03/30/2016 - 22:42:19: [Boss Selection.smx] êµ¿""
L 03/30/2016 - 22:42:19: [Boss Selection.smx] êµ¿""
L 03/30/2016 - 22:42:19: [Boss Selection.smx] êµ¿""
L 03/30/2016 - 22:42:19: [Boss Selection.smx] êµ¿""
L 03/30/2016 - 22:42:19: [Boss Selection.smx] êµ¿""
L 03/30/2016 - 22:42:19: [Boss Selection.smx] êµ¿""
L 03/30/2016 - 22:42:23: [Boss Selection.smx] ìº¡ìœ¼ë¡œ ì˜¤ì„¸ìš”""
L 03/30/2016 - 22:42:23: [Boss Selection.smx] ìº¡ìœ¼ë¡œ ì˜¤ì„¸ìš”""
L 03/30/2016 - 22:42:23: [Boss Selection.smx] ìº¡ìœ¼ë¡œ ì˜¤ì„¸ìš”""
L 03/30/2016 - 22:42:23: [Boss Selection.smx] ìº¡ìœ¼ë¡œ ì˜¤ì„¸ìš”""
L 03/30/2016 - 22:42:23: [Boss Selection.smx] ìº¡ìœ¼ë¡œ ì˜¤ì„¸ìš”""
L 03/30/2016 - 22:42:23: [Boss Selection.smx] ìº¡ìœ¼ë¡œ ì˜¤ì„¸ìš”""
L 03/30/2016 - 22:42:29: [Boss Selection.smx] ë§ˆì¼“ì´ ë¶„ëª…íˆ ë˜ë˜ê±¸ìš”""
L 03/30/2016 - 22:42:29: [Boss Selection.smx] ë§ˆì¼“ì´ ë¶„ëª…íˆ ë˜ë˜ê±¸ìš”""
L 03/30/2016 - 22:42:29: [Boss Selection.smx] ë§ˆì¼“ì´ ë¶„ëª…íˆ ë˜ë˜ê±¸ìš”""
L 03/30/2016 - 22:42:29: [Boss Selection.smx] ë§ˆì¼“ì´ ë¶„ëª…íˆ ë˜ë˜ê±¸ìš”""
L 03/30/2016 - 22:42:29: [Boss Selection.smx] ë§ˆì¼“ì´ ë¶„ëª…íˆ ë˜ë˜ê±¸ìš”""
L 03/30/2016 - 22:42:29: [Boss Selection.smx] ë§ˆì¼“ì´ ë¶„ëª…íˆ ë˜ë˜ê±¸ìš”""
L 03/30/2016 - 22:42:42: [Boss Selection.smx] ë¶„ë…¸ê°€ ì•ˆë˜ëŠ”ë°ìš”!""
L 03/30/2016 - 22:42:42: [Boss Selection.smx] ë¶„ë…¸ê°€ ì•ˆë˜ëŠ”ë°ìš”!""
L 03/30/2016 - 22:42:42: [Boss Selection.smx] ë¶„ë…¸ê°€ ì•ˆë˜ëŠ”ë°ìš”!""
L 03/30/2016 - 22:42:42: [Boss Selection.smx] ë¶„ë…¸ê°€ ì•ˆë˜ëŠ”ë°ìš”!""
L 03/30/2016 - 22:42:42: [Boss Selection.smx] ë¶„ë…¸ê°€ ì•ˆë˜ëŠ”ë°ìš”!""
L 03/30/2016 - 22:42:42: [Boss Selection.smx] ë¶„ë…¸ê°€ ì•ˆë˜ëŠ”ë°ìš”!""
L 03/30/2016 - 22:42:43: [Boss Selection.smx] ??""
L 03/30/2016 - 22:42:43: [Boss Selection.smx] ??""
L 03/30/2016 - 22:42:43: [Boss Selection.smx] ??""
L 03/30/2016 - 22:42:43: [Boss Selection.smx] ??""
L 03/30/2016 - 22:42:43: [Boss Selection.smx] ??""
L 03/30/2016 - 22:42:43: [Boss Selection.smx] ??""
L 03/30/2016 - 22:42:47: [Boss Selection.smx] ë´ìš”""
L 03/30/2016 - 22:42:47: [Boss Selection.smx] ë´ìš”""
L 03/30/2016 - 22:42:47: [Boss Selection.smx] ë´ìš”""
L 03/30/2016 - 22:42:47: [Boss Selection.smx] ë´ìš”""
L 03/30/2016 - 22:42:47: [Boss Selection.smx] ë´ìš”""
L 03/30/2016 - 22:42:47: [Boss Selection.smx] ë´ìš”""
L 03/30/2016 - 22:42:47: [Boss Selection.smx] ì™œ ë‚˜ë§Œ""
L 03/30/2016 - 22:42:47: [Boss Selection.smx] ì™œ ë‚˜ë§Œ""
L 03/30/2016 - 22:42:47: [Boss Selection.smx] ì™œ ë‚˜ë§Œ""
L 03/30/2016 - 22:42:47: [Boss Selection.smx] ì™œ ë‚˜ë§Œ""
L 03/30/2016 - 22:42:47: [Boss Selection.smx] ì™œ ë‚˜ë§Œ""
L 03/30/2016 - 22:42:47: [Boss Selection.smx] ì™œ ë‚˜ë§Œ""
L 03/30/2016 - 22:42:50: [Boss Selection.smx] ì°¨ë³„í•´!""
L 03/30/2016 - 22:42:50: [Boss Selection.smx] ì°¨ë³„í•´!""
L 03/30/2016 - 22:42:50: [Boss Selection.smx] ì°¨ë³„í•´!""
L 03/30/2016 - 22:42:50: [Boss Selection.smx] ì°¨ë³„í•´!""
L 03/30/2016 - 22:42:50: [Boss Selection.smx] ì°¨ë³„í•´!""
L 03/30/2016 - 22:42:50: [Boss Selection.smx] ì°¨ë³„í•´!""
L 03/30/2016 - 22:42:52: [Boss Selection.smx] ë¶„ë…¸ë„""
L 03/30/2016 - 22:42:52: [Boss Selection.smx] ë¶„ë…¸ë„""
L 03/30/2016 - 22:42:52: [Boss Selection.smx] ë¶„ë…¸ë„""
L 03/30/2016 - 22:42:52: [Boss Selection.smx] ë¶„ë…¸ë„""
L 03/30/2016 - 22:42:52: [Boss Selection.smx] ë¶„ë…¸ë„""
L 03/30/2016 - 22:42:52: [Boss Selection.smx] ë¶„ë…¸ë„""
L 03/30/2016 - 22:42:55: [Boss Selection.smx] ì•ˆì¨ì§„ë‹¤êµ¬!""
L 03/30/2016 - 22:42:55: [Boss Selection.smx] ì•ˆì¨ì§„ë‹¤êµ¬!""
L 03/30/2016 - 22:42:55: [Boss Selection.smx] ì•ˆì¨ì§„ë‹¤êµ¬!""
L 03/30/2016 - 22:42:55: [Boss Selection.smx] ì•ˆì¨ì§„ë‹¤êµ¬!""
L 03/30/2016 - 22:42:55: [Boss Selection.smx] ì•ˆì¨ì§„ë‹¤êµ¬!""
L 03/30/2016 - 22:42:55: [Boss Selection.smx] ì•ˆì¨ì§„ë‹¤êµ¬!""
L 03/30/2016 - 22:42:59: [Boss Selection.smx] ì ê¹.""
L 03/30/2016 - 22:42:59: [Boss Selection.smx] ì ê¹.""
L 03/30/2016 - 22:42:59: [Boss Selection.smx] ì ê¹.""
L 03/30/2016 - 22:42:59: [Boss Selection.smx] ì ê¹.""
L 03/30/2016 - 22:42:59: [Boss Selection.smx] ì ê¹.""
L 03/30/2016 - 22:42:59: [Boss Selection.smx] ì ê¹.""
L 03/30/2016 - 22:43:07: [Boss Selection.smx] ë§ˆì¼“ ë°ë¯¸ì§€ë„ 3ë°°ì–ì•„?""
L 03/30/2016 - 22:43:07: [Boss Selection.smx] ë§ˆì¼“ ë°ë¯¸ì§€ë„ 3ë°°ì–ì•„?""
L 03/30/2016 - 22:43:07: [Boss Selection.smx] ë§ˆì¼“ ë°ë¯¸ì§€ë„ 3ë°°ì–ì•„?""
L 03/30/2016 - 22:43:07: [Boss Selection.smx] ë§ˆì¼“ ë°ë¯¸ì§€ë„ 3ë°°ì–ì•„?""
L 03/30/2016 - 22:43:07: [Boss Selection.smx] ë§ˆì¼“ ë°ë¯¸ì§€ë„ 3ë°°ì–ì•„?""
L 03/30/2016 - 22:43:07: [Boss Selection.smx] ë§ˆì¼“ ë°ë¯¸ì§€ë„ 3ë°°ì–ì•„?""
L 03/30/2016 - 22:43:13: [Boss Selection.smx] ì ê¹ë§Œìš”""
L 03/30/2016 - 22:43:13: [Boss Selection.smx] ì ê¹ë§Œìš”""
L 03/30/2016 - 22:43:13: [Boss Selection.smx] ì ê¹ë§Œìš”""
L 03/30/2016 - 22:43:13: [Boss Selection.smx] ì ê¹ë§Œìš”""
L 03/30/2016 - 22:43:13: [Boss Selection.smx] ì ê¹ë§Œìš”""
L 03/30/2016 - 22:43:13: [Boss Selection.smx] ì ê¹ë§Œìš”""
L 03/30/2016 - 22:43:15: [Boss Selection.smx] ë§ˆì¼“ í•œë°©ë§Œ ë”""
L 03/30/2016 - 22:43:15: [Boss Selection.smx] ë§ˆì¼“ í•œë°©ë§Œ ë”""
L 03/30/2016 - 22:43:15: [Boss Selection.smx] ë§ˆì¼“ í•œë°©ë§Œ ë”""
L 03/30/2016 - 22:43:15: [Boss Selection.smx] ë§ˆì¼“ í•œë°©ë§Œ ë”""
L 03/30/2016 - 22:43:15: [Boss Selection.smx] ë§ˆì¼“ í•œë°©ë§Œ ë”""
L 03/30/2016 - 22:43:15: [Boss Selection.smx] ë§ˆì¼“ í•œë°©ë§Œ ë”""
L 03/30/2016 - 22:43:25: [Boss Selection.smx] ì§€ê¸ˆ ë¶„ë…¸ë¥¼ ì‚¬ìš©í•˜ì‹¤ìˆ˜ ì—†ìŠµë‹ˆë‹¤""
L 03/30/2016 - 22:43:25: [Boss Selection.smx] ì§€ê¸ˆ ë¶„ë…¸ë¥¼ ì‚¬ìš©í•˜ì‹¤ìˆ˜ ì—†ìŠµë‹ˆë‹¤""
L 03/30/2016 - 22:43:25: [Boss Selection.smx] ì§€ê¸ˆ ë¶„ë…¸ë¥¼ ì‚¬ìš©í•˜ì‹¤ìˆ˜ ì—†ìŠµë‹ˆë‹¤""
L 03/30/2016 - 22:43:25: [Boss Selection.smx] ì§€ê¸ˆ ë¶„ë…¸ë¥¼ ì‚¬ìš©í•˜ì‹¤ìˆ˜ ì—†ìŠµë‹ˆë‹¤""
L 03/30/2016 - 22:43:25: [Boss Selection.smx] ì§€ê¸ˆ ë¶„ë…¸ë¥¼ ì‚¬ìš©í•˜ì‹¤ìˆ˜ ì—†ìŠµë‹ˆë‹¤""
L 03/30/2016 - 22:43:25: [Boss Selection.smx] ì§€ê¸ˆ ë¶„ë…¸ë¥¼ ì‚¬ìš©í•˜ì‹¤ìˆ˜ ì—†ìŠµë‹ˆë‹¤""
L 03/30/2016 - 22:43:30: [Boss Selection.smx] ë¼ê³  ê³„ì†...""
L 03/30/2016 - 22:43:30: [Boss Selection.smx] ë¼ê³  ê³„ì†...""
L 03/30/2016 - 22:43:30: [Boss Selection.smx] ë¼ê³  ê³„ì†...""
L 03/30/2016 - 22:43:30: [Boss Selection.smx] ë¼ê³  ê³„ì†...""
L 03/30/2016 - 22:43:30: [Boss Selection.smx] ë¼ê³  ê³„ì†...""
L 03/30/2016 - 22:43:30: [Boss Selection.smx] ë¼ê³  ê³„ì†...""
L 03/30/2016 - 22:43:37: [Boss Selection.smx] 3ë°° ë§ë„¤""
L 03/30/2016 - 22:43:37: [Boss Selection.smx] 3ë°° ë§ë„¤""
L 03/30/2016 - 22:43:37: [Boss Selection.smx] 3ë°° ë§ë„¤""
L 03/30/2016 - 22:43:37: [Boss Selection.smx] 3ë°° ë§ë„¤""
L 03/30/2016 - 22:43:37: [Boss Selection.smx] 3ë°° ë§ë„¤""
L 03/30/2016 - 22:43:37: [Boss Selection.smx] 3ë°° ë§ë„¤""
L 03/30/2016 - 22:43:44: [Boss Selection.smx] í¬ë¦¬ ë§ˆì¼“ì´""
L 03/30/2016 - 22:43:44: [Boss Selection.smx] í¬ë¦¬ ë§ˆì¼“ì´""
L 03/30/2016 - 22:43:44: [Boss Selection.smx] í¬ë¦¬ ë§ˆì¼“ì´""
L 03/30/2016 - 22:43:44: [Boss Selection.smx] í¬ë¦¬ ë§ˆì¼“ì´""
L 03/30/2016 - 22:43:44: [Boss Selection.smx] í¬ë¦¬ ë§ˆì¼“ì´""
L 03/30/2016 - 22:43:44: [Boss Selection.smx] í¬ë¦¬ ë§ˆì¼“ì´""
L 03/30/2016 - 22:43:47: [Boss Selection.smx] ë¹¨ê°„ìƒ‰ì´ë¼ ê·¸ëŸ¼""
L 03/30/2016 - 22:43:47: [Boss Selection.smx] ë¹¨ê°„ìƒ‰ì´ë¼ ê·¸ëŸ¼""
L 03/30/2016 - 22:43:47: [Boss Selection.smx] ë¹¨ê°„ìƒ‰ì´ë¼ ê·¸ëŸ¼""
L 03/30/2016 - 22:43:47: [Boss Selection.smx] ë¹¨ê°„ìƒ‰ì´ë¼ ê·¸ëŸ¼""
L 03/30/2016 - 22:43:47: [Boss Selection.smx] ë¹¨ê°„ìƒ‰ì´ë¼ ê·¸ëŸ¼""
L 03/30/2016 - 22:43:47: [Boss Selection.smx] ë¹¨ê°„ìƒ‰ì´ë¼ ê·¸ëŸ¼""
L 03/30/2016 - 22:43:48: [Boss Selection.smx] ì´ê²ƒë„ ë‹¤ì‹œ ìˆ˜ì •í•´ì•¼ì§€""
L 03/30/2016 - 22:43:48: [Boss Selection.smx] ì´ê²ƒë„ ë‹¤ì‹œ ìˆ˜ì •í•´ì•¼ì§€""
L 03/30/2016 - 22:43:48: [Boss Selection.smx] ì´ê²ƒë„ ë‹¤ì‹œ ìˆ˜ì •í•´ì•¼ì§€""
L 03/30/2016 - 22:43:48: [Boss Selection.smx] ì´ê²ƒë„ ë‹¤ì‹œ ìˆ˜ì •í•´ì•¼ì§€""
L 03/30/2016 - 22:43:48: [Boss Selection.smx] ì´ê²ƒë„ ë‹¤ì‹œ ìˆ˜ì •í•´ì•¼ì§€""
L 03/30/2016 - 22:43:48: [Boss Selection.smx] ì´ê²ƒë„ ë‹¤ì‹œ ìˆ˜ì •í•´ì•¼ì§€""
L 03/30/2016 - 22:44:19: [Boss Selection.smx] ê°ˆê²Œìš”""
L 03/30/2016 - 22:44:19: [Boss Selection.smx] ê°ˆê²Œìš”""
L 03/30/2016 - 22:44:19: [Boss Selection.smx] ê°ˆê²Œìš”""
L 03/30/2016 - 22:44:19: [Boss Selection.smx] ê°ˆê²Œìš”""
L 03/30/2016 - 22:44:19: [Boss Selection.smx] ê°ˆê²Œìš”""
L 03/30/2016 - 22:44:19: [Boss Selection.smx] ê°ˆê²Œìš”""
L 03/30/2016 - 22:44:21: [Boss Selection.smx] ì•ˆë‡½""
L 03/30/2016 - 22:44:21: [Boss Selection.smx] ì•ˆë‡½""
L 03/30/2016 - 22:44:21: [Boss Selection.smx] ì•ˆë‡½""
L 03/30/2016 - 22:44:21: [Boss Selection.smx] ì•ˆë‡½""
L 03/30/2016 - 22:44:21: [Boss Selection.smx] ì•ˆë‡½""
L 03/30/2016 - 22:44:21: [Boss Selection.smx] ì•ˆë‡½""
L 03/30/2016 - 22:44:22: [Boss Selection.smx] ì˜ê°€ìœ ""
L 03/30/2016 - 22:44:22: [Boss Selection.smx] ì˜ê°€ìœ ""
L 03/30/2016 - 22:44:22: [Boss Selection.smx] ì˜ê°€ìœ ""
L 03/30/2016 - 22:44:22: [Boss Selection.smx] ì˜ê°€ìœ ""
L 03/30/2016 - 22:44:22: [Boss Selection.smx] ì˜ê°€ìœ ""
L 03/30/2016 - 22:44:22: [Boss Selection.smx] ì˜ê°€ìœ ""
L 03/30/2016 - 22:44:26: [Boss Selection.smx] ì„œë²„ ëŒê²Œìš”""
L 03/30/2016 - 22:44:26: [Boss Selection.smx] ì„œë²„ ëŒê²Œìš”""
L 03/30/2016 - 22:44:26: [Boss Selection.smx] ì„œë²„ ëŒê²Œìš”""
L 03/30/2016 - 22:44:26: [Boss Selection.smx] ì„œë²„ ëŒê²Œìš”""
L 03/30/2016 - 22:44:26: [Boss Selection.smx] ì„œë²„ ëŒê²Œìš”""
L 03/30/2016 - 22:44:26: [Boss Selection.smx] ì„œë²„ ëŒê²Œìš”""
L 03/30/2016 - 22:44:33: [Boss Selection.smx] ë„¤""
L 03/30/2016 - 22:44:33: [Boss Selection.smx] ë„¤""
L 03/30/2016 - 22:44:33: [Boss Selection.smx] ë„¤""
L 03/30/2016 - 22:44:33: [Boss Selection.smx] ë„¤""
L 03/30/2016 - 22:44:33: [Boss Selection.smx] ë„¤""
L 03/30/2016 - 22:44:33: [Boss Selection.smx] ë„¤""
L 03/30/2016 - 22:44:34: Log file closed.
L 03/30/2016 - 23:37:29: SourceMod log file session started (file "L20160330.log") (Version "1.7.3-dev+5298")
L 03/30/2016 - 23:37:29: -------- Mapchange to arena_badlands --------
L 03/30/2016 - 23:37:29: [TF2ITEMS] "GiveNamedItem" offset = 472
L 03/30/2016 - 23:37:29: [Boss Selection.smx] [FF2boss] Added chat command: ff2boss
L 03/30/2016 - 23:37:29: [Boss Selection.smx] [FF2boss] Added chat command: boss
L 03/30/2016 - 23:37:29: [Boss Selection.smx] [FF2boss] Added chat command: ë³´ìŠ¤
L 03/30/2016 - 23:37:29: [Boss Selection.smx] [FF2boss] Added chat command: ë³´ìŠ¤ì„ íƒ
L 03/30/2016 - 23:37:29: [Boss Selection.smx] [FF2boss] Added chat command: 
L 03/30/2016 - 23:37:29: [custompart.smx] Debug for CustomPart
L 03/30/2016 - 23:37:29: [freak_fortress_2.smx] ===Freak Fortress 2 Initializing-v1.10.9 Beta (build manual)===
L 03/30/2016 - 23:37:40: [Boss Selection.smx] [FF2boss] Added chat command: ff2boss
L 03/30/2016 - 23:37:40: [Boss Selection.smx] [FF2boss] Added chat command: boss
L 03/30/2016 - 23:37:40: [Boss Selection.smx] [FF2boss] Added chat command: ë³´ìŠ¤
L 03/30/2016 - 23:37:40: [Boss Selection.smx] [FF2boss] Added chat command: ë³´ìŠ¤ì„ íƒ
L 03/30/2016 - 23:37:40: [Boss Selection.smx] [FF2boss] Added chat command: 
L 03/30/2016 - 23:38:51: [Boss Selection.smx] part""
L 03/30/2016 - 23:38:51: [Boss Selection.smx] part""
L 03/30/2016 - 23:38:51: [Boss Selection.smx] part""
L 03/30/2016 - 23:38:51: [Boss Selection.smx] part""
L 03/30/2016 - 23:38:51: [Boss Selection.smx] part""
L 03/30/2016 - 23:38:51: [Boss Selection.smx] part""
L 03/30/2016 - 23:38:57: [Boss Selection.smx] part""
L 03/30/2016 - 23:38:57: [Boss Selection.smx] part""
L 03/30/2016 - 23:38:57: [Boss Selection.smx] part""
L 03/30/2016 - 23:38:57: [Boss Selection.smx] part""
L 03/30/2016 - 23:38:57: [Boss Selection.smx] part""
L 03/30/2016 - 23:38:57: [Boss Selection.smx] part""
L 03/30/2016 - 23:39:00: [Boss Selection.smx] part""
L 03/30/2016 - 23:39:00: [Boss Selection.smx] part""
L 03/30/2016 - 23:39:00: [Boss Selection.smx] part""
L 03/30/2016 - 23:39:00: [Boss Selection.smx] part""
L 03/30/2016 - 23:39:00: [Boss Selection.smx] part""
L 03/30/2016 - 23:39:01: [Boss Selection.smx] part""
L 03/30/2016 - 23:39:39: [Boss Selection.smx] ff2_addpoints @me 123""
L 03/30/2016 - 23:39:39: [Boss Selection.smx] ff2_addpoints @me 123""
L 03/30/2016 - 23:39:39: [Boss Selection.smx] ff2_addpoints @me 123""
L 03/30/2016 - 23:39:39: [Boss Selection.smx] ff2_addpoints @me 123""
L 03/30/2016 - 23:39:39: [Boss Selection.smx] ff2_addpoints @me 123""
L 03/30/2016 - 23:39:39: [Boss Selection.smx] ff2_addpoints @me 123""
L 03/30/2016 - 23:39:39: [freak_fortress_2.smx] "Nopiedâ—<2><[U:1:103205717]><>" added 123 queue points to "Nopiedâ—<2><[U:1:103205717]><>"
L 03/30/2016 - 23:40:02: [Boss Selection.smx] ff2_devmode""
L 03/30/2016 - 23:40:02: [Boss Selection.smx] ff2_devmode""
L 03/30/2016 - 23:40:02: [Boss Selection.smx] ff2_devmode""
L 03/30/2016 - 23:40:02: [Boss Selection.smx] ff2_devmode""
L 03/30/2016 - 23:40:02: [Boss Selection.smx] ff2_devmode""
L 03/30/2016 - 23:40:02: [Boss Selection.smx] ff2_devmode""
L 03/30/2016 - 23:40:18: [Boss Selection.smx] ff2_devmode""
L 03/30/2016 - 23:40:18: [Boss Selection.smx] ff2_devmode""
L 03/30/2016 - 23:40:18: [Boss Selection.smx] ff2_devmode""
L 03/30/2016 - 23:40:18: [Boss Selection.smx] ff2_devmode""
L 03/30/2016 - 23:40:18: [Boss Selection.smx] ff2_devmode""
L 03/30/2016 - 23:40:18: [Boss Selection.smx] ff2_devmode""
L 03/30/2016 - 23:41:20: Log file closed.
