L 04/15/2016 - 20:26:11: SourceMod log file session started (file "L20160415.log") (Version "1.7.3-dev+5298")
L 04/15/2016 - 20:26:11: -------- Mapchange to arena_badlands --------
L 04/15/2016 - 20:26:11: [TF2ITEMS] "GiveNamedItem" offset = 472
L 04/15/2016 - 20:26:13: [Boss Selection.smx] [FF2boss] Added chat command: ff2boss
L 04/15/2016 - 20:26:13: [Boss Selection.smx] [FF2boss] Added chat command: boss
L 04/15/2016 - 20:26:13: [Boss Selection.smx] [FF2boss] Added chat command: 보스
L 04/15/2016 - 20:26:13: [Boss Selection.smx] [FF2boss] Added chat command: 보스선택
L 04/15/2016 - 20:26:13: [custompart.smx] Debug for CustomPart
L 04/15/2016 - 20:26:13: [freak_fortress_2.smx] ===Freak Fortress 2 Initializing-v1.10.9 Beta (build manual)===
L 04/15/2016 - 20:26:24: [Boss Selection.smx] [FF2boss] Added chat command: ff2boss
L 04/15/2016 - 20:26:24: [Boss Selection.smx] [FF2boss] Added chat command: boss
L 04/15/2016 - 20:26:24: [Boss Selection.smx] [FF2boss] Added chat command: 보스
L 04/15/2016 - 20:26:24: [Boss Selection.smx] [FF2boss] Added chat command: 보스선택
L 04/15/2016 - 20:27:41: Log file closed.
L 04/15/2016 - 20:27:53: SourceMod log file session started (file "L20160415.log") (Version "1.7.3-dev+5298")
L 04/15/2016 - 20:27:53: -------- Mapchange to arena_badlands --------
L 04/15/2016 - 20:27:53: [TF2ITEMS] "GiveNamedItem" offset = 472
L 04/15/2016 - 20:27:54: [Boss Selection.smx] [FF2boss] Added chat command: ff2boss
L 04/15/2016 - 20:27:54: [Boss Selection.smx] [FF2boss] Added chat command: boss
L 04/15/2016 - 20:27:54: [Boss Selection.smx] [FF2boss] Added chat command: 보스
L 04/15/2016 - 20:27:54: [Boss Selection.smx] [FF2boss] Added chat command: 보스선택
L 04/15/2016 - 20:27:54: [custompart.smx] Debug for CustomPart
L 04/15/2016 - 20:27:54: [freak_fortress_2.smx] ===Freak Fortress 2 Initializing-v1.10.9 Beta (build manual)===
L 04/15/2016 - 20:28:03: [Boss Selection.smx] [FF2boss] Added chat command: ff2boss
L 04/15/2016 - 20:28:03: [Boss Selection.smx] [FF2boss] Added chat command: boss
L 04/15/2016 - 20:28:03: [Boss Selection.smx] [FF2boss] Added chat command: 보스
L 04/15/2016 - 20:28:03: [Boss Selection.smx] [FF2boss] Added chat command: 보스선택
L 04/15/2016 - 20:37:44: -------- Mapchange to arena_nucleus --------
L 04/15/2016 - 20:37:44: [Boss Selection.smx] [FF2boss] Added chat command: ff2boss
L 04/15/2016 - 20:37:45: [Boss Selection.smx] [FF2boss] Added chat command: boss
L 04/15/2016 - 20:37:45: [Boss Selection.smx] [FF2boss] Added chat command: 보스
L 04/15/2016 - 20:37:45: [Boss Selection.smx] [FF2boss] Added chat command: 보스선택
L 04/15/2016 - 20:37:50: [Boss Selection.smx] [FF2boss] Added chat command: ff2boss
L 04/15/2016 - 20:37:50: [Boss Selection.smx] [FF2boss] Added chat command: boss
L 04/15/2016 - 20:37:50: [Boss Selection.smx] [FF2boss] Added chat command: 보스
L 04/15/2016 - 20:37:50: [Boss Selection.smx] [FF2boss] Added chat command: 보스선택
L 04/15/2016 - 20:41:20: [Boss Selection.smx] 이 클라이언트는 0의 대기포인트를 저장해놓은 상태.
L 04/15/2016 - 20:41:20: [Boss Selection.smx] 이 클라이언트는 0의 대기포인트를 저장해놓은 상태.
L 04/15/2016 - 20:42:24: [Boss Selection.smx] 이 클라이언트는 0의 대기포인트를 저장해놓은 상태.
L 04/15/2016 - 20:42:24: [Boss Selection.smx] 이 클라이언트는 0의 대기포인트를 저장해놓은 상태.
L 04/15/2016 - 20:43:40: [Boss Selection.smx] 이 클라이언트는 0의 대기포인트를 저장해놓은 상태.
L 04/15/2016 - 20:43:40: [Boss Selection.smx] 이 클라이언트는 0의 대기포인트를 저장해놓은 상태.
L 04/15/2016 - 20:45:09: [freak_fortress_2.smx] "Nopied◎<10><[U:1:103205717]><>" added 123 queue points to "Nopied◎<10><[U:1:103205717]><>"
L 04/15/2016 - 20:45:46: [Boss Selection.smx] 이 클라이언트는 0의 대기포인트를 저장해놓은 상태.
L 04/15/2016 - 20:45:46: [Boss Selection.smx] 이 클라이언트는 0의 대기포인트를 저장해놓은 상태.
L 04/15/2016 - 20:46:42: [Boss Selection.smx] 이 클라이언트는 0의 대기포인트를 저장해놓은 상태.
L 04/15/2016 - 20:46:42: [Boss Selection.smx] 이 클라이언트는 0의 대기포인트를 저장해놓은 상태.
L 04/15/2016 - 20:48:29: [Boss Selection.smx] 이 클라이언트는 0의 대기포인트를 저장해놓은 상태.
L 04/15/2016 - 20:48:29: [Boss Selection.smx] 이 클라이언트는 0의 대기포인트를 저장해놓은 상태.
L 04/15/2016 - 20:49:06: [Boss Selection.smx] 이 클라이언트는 0의 대기포인트를 저장해놓은 상태.
L 04/15/2016 - 20:49:06: [Boss Selection.smx] 이 클라이언트는 0의 대기포인트를 저장해놓은 상태.
L 04/15/2016 - 20:49:06: [Boss Selection.smx] 이 클라이언트는 0의 대기포인트를 저장해놓은 상태.
L 04/15/2016 - 20:51:05: [Boss Selection.smx] 이 클라이언트는 0의 대기포인트를 저장해놓은 상태.
L 04/15/2016 - 20:51:05: [Boss Selection.smx] 이 클라이언트는 0의 대기포인트를 저장해놓은 상태.
L 04/15/2016 - 20:51:05: [Boss Selection.smx] 이 클라이언트는 0의 대기포인트를 저장해놓은 상태.
L 04/15/2016 - 20:51:05: [Boss Selection.smx] 이 클라이언트는 0의 대기포인트를 저장해놓은 상태.
L 04/15/2016 - 20:51:05: [Boss Selection.smx] 이 클라이언트는 0의 대기포인트를 저장해놓은 상태.
L 04/15/2016 - 20:52:06: [Boss Selection.smx] 이 클라이언트는 0의 대기포인트를 저장해놓은 상태.
L 04/15/2016 - 20:52:06: [Boss Selection.smx] 이 클라이언트는 0의 대기포인트를 저장해놓은 상태.
L 04/15/2016 - 20:52:06: [Boss Selection.smx] 이 클라이언트는 0의 대기포인트를 저장해놓은 상태.
L 04/15/2016 - 20:52:06: [Boss Selection.smx] 이 클라이언트는 0의 대기포인트를 저장해놓은 상태.
L 04/15/2016 - 20:52:06: [Boss Selection.smx] 이 클라이언트는 0의 대기포인트를 저장해놓은 상태.
L 04/15/2016 - 20:52:06: [Boss Selection.smx] 이 클라이언트는 0의 대기포인트를 저장해놓은 상태.
L 04/15/2016 - 20:52:39: [freak_fortress_2.smx] "Nopied◎<10><[U:1:103205717]><>" added 123 queue points to "Nopied◎<10><[U:1:103205717]><>"
L 04/15/2016 - 20:54:20: [Boss Selection.smx] 이 클라이언트는 0의 대기포인트를 저장해놓은 상태.
L 04/15/2016 - 20:54:20: [Boss Selection.smx] 이 클라이언트는 0의 대기포인트를 저장해놓은 상태.
L 04/15/2016 - 20:54:20: [Boss Selection.smx] 이 클라이언트는 0의 대기포인트를 저장해놓은 상태.
L 04/15/2016 - 20:54:20: [Boss Selection.smx] 이 클라이언트는 0의 대기포인트를 저장해놓은 상태.
L 04/15/2016 - 20:54:20: [Boss Selection.smx] 이 클라이언트는 0의 대기포인트를 저장해놓은 상태.
L 04/15/2016 - 20:54:20: [Boss Selection.smx] 이 클라이언트는 0의 대기포인트를 저장해놓은 상태.
L 04/15/2016 - 20:56:36: [Boss Selection.smx] 이 클라이언트는 0의 대기포인트를 저장해놓은 상태.
L 04/15/2016 - 20:56:36: [Boss Selection.smx] 이 클라이언트는 0의 대기포인트를 저장해놓은 상태.
L 04/15/2016 - 20:56:36: [Boss Selection.smx] 이 클라이언트는 0의 대기포인트를 저장해놓은 상태.
L 04/15/2016 - 20:56:36: [Boss Selection.smx] 이 클라이언트는 0의 대기포인트를 저장해놓은 상태.
L 04/15/2016 - 20:56:36: [Boss Selection.smx] 이 클라이언트는 0의 대기포인트를 저장해놓은 상태.
L 04/15/2016 - 20:56:36: [Boss Selection.smx] 이 클라이언트는 0의 대기포인트를 저장해놓은 상태.
L 04/15/2016 - 20:59:07: [Boss Selection.smx] 이 클라이언트는 0의 대기포인트를 저장해놓은 상태.
L 04/15/2016 - 20:59:08: [Boss Selection.smx] 이 클라이언트는 0의 대기포인트를 저장해놓은 상태.
L 04/15/2016 - 20:59:08: [Boss Selection.smx] 이 클라이언트는 0의 대기포인트를 저장해놓은 상태.
L 04/15/2016 - 20:59:08: [Boss Selection.smx] 이 클라이언트는 0의 대기포인트를 저장해놓은 상태.
L 04/15/2016 - 20:59:08: [Boss Selection.smx] 이 클라이언트는 0의 대기포인트를 저장해놓은 상태.
L 04/15/2016 - 20:59:08: [Boss Selection.smx] 이 클라이언트는 0의 대기포인트를 저장해놓은 상태.
L 04/15/2016 - 20:59:08: [Boss Selection.smx] 이 클라이언트는 0의 대기포인트를 저장해놓은 상태.
L 04/15/2016 - 21:00:35: [Boss Selection.smx] 이 클라이언트는 0의 대기포인트를 저장해놓은 상태.
L 04/15/2016 - 21:00:35: [Boss Selection.smx] 이 클라이언트는 0의 대기포인트를 저장해놓은 상태.
L 04/15/2016 - 21:00:35: [Boss Selection.smx] 이 클라이언트는 0의 대기포인트를 저장해놓은 상태.
L 04/15/2016 - 21:00:35: [Boss Selection.smx] 이 클라이언트는 0의 대기포인트를 저장해놓은 상태.
L 04/15/2016 - 21:00:35: [Boss Selection.smx] 이 클라이언트는 0의 대기포인트를 저장해놓은 상태.
L 04/15/2016 - 21:00:35: [Boss Selection.smx] 이 클라이언트는 0의 대기포인트를 저장해놓은 상태.
L 04/15/2016 - 21:00:35: [Boss Selection.smx] 이 클라이언트는 0의 대기포인트를 저장해놓은 상태.
L 04/15/2016 - 21:02:07: [Boss Selection.smx] 이 클라이언트는 0의 대기포인트를 저장해놓은 상태.
L 04/15/2016 - 21:02:07: [Boss Selection.smx] 이 클라이언트는 0의 대기포인트를 저장해놓은 상태.
L 04/15/2016 - 21:02:07: [Boss Selection.smx] 이 클라이언트는 0의 대기포인트를 저장해놓은 상태.
L 04/15/2016 - 21:02:07: [Boss Selection.smx] 이 클라이언트는 0의 대기포인트를 저장해놓은 상태.
L 04/15/2016 - 21:02:07: [Boss Selection.smx] 이 클라이언트는 0의 대기포인트를 저장해놓은 상태.
L 04/15/2016 - 21:02:07: [Boss Selection.smx] 이 클라이언트는 0의 대기포인트를 저장해놓은 상태.
L 04/15/2016 - 21:02:07: [Boss Selection.smx] 이 클라이언트는 0의 대기포인트를 저장해놓은 상태.
L 04/15/2016 - 21:02:10: [freak_fortress_2.smx] "Nopied◎<10><[U:1:103205717]><>" added 1234 queue points to "Nopied◎<10><[U:1:103205717]><>"
L 04/15/2016 - 21:03:48: [Boss Selection.smx] 이 클라이언트는 0의 대기포인트를 저장해놓은 상태.
L 04/15/2016 - 21:03:48: [Boss Selection.smx] 이 클라이언트는 0의 대기포인트를 저장해놓은 상태.
L 04/15/2016 - 21:03:48: [Boss Selection.smx] 이 클라이언트는 0의 대기포인트를 저장해놓은 상태.
L 04/15/2016 - 21:03:48: [Boss Selection.smx] 이 클라이언트는 0의 대기포인트를 저장해놓은 상태.
L 04/15/2016 - 21:03:48: [Boss Selection.smx] 이 클라이언트는 0의 대기포인트를 저장해놓은 상태.
L 04/15/2016 - 21:03:48: [Boss Selection.smx] 이 클라이언트는 0의 대기포인트를 저장해놓은 상태.
L 04/15/2016 - 21:07:37: [Boss Selection.smx] 이 클라이언트는 0의 대기포인트를 저장해놓은 상태.
L 04/15/2016 - 21:07:37: [Boss Selection.smx] 이 클라이언트는 0의 대기포인트를 저장해놓은 상태.
L 04/15/2016 - 21:07:37: [Boss Selection.smx] 이 클라이언트는 0의 대기포인트를 저장해놓은 상태.
L 04/15/2016 - 21:07:37: [Boss Selection.smx] 이 클라이언트는 0의 대기포인트를 저장해놓은 상태.
L 04/15/2016 - 21:07:37: [Boss Selection.smx] 이 클라이언트는 0의 대기포인트를 저장해놓은 상태.
L 04/15/2016 - 21:07:37: [Boss Selection.smx] 이 클라이언트는 0의 대기포인트를 저장해놓은 상태.
L 04/15/2016 - 21:10:44: [Boss Selection.smx] 이 클라이언트는 0의 대기포인트를 저장해놓은 상태.
L 04/15/2016 - 21:10:44: [Boss Selection.smx] 이 클라이언트는 0의 대기포인트를 저장해놓은 상태.
L 04/15/2016 - 21:10:44: [Boss Selection.smx] 이 클라이언트는 0의 대기포인트를 저장해놓은 상태.
L 04/15/2016 - 21:10:44: [Boss Selection.smx] 이 클라이언트는 0의 대기포인트를 저장해놓은 상태.
L 04/15/2016 - 21:10:44: [Boss Selection.smx] 이 클라이언트는 0의 대기포인트를 저장해놓은 상태.
L 04/15/2016 - 21:10:44: [Boss Selection.smx] 이 클라이언트는 0의 대기포인트를 저장해놓은 상태.
L 04/15/2016 - 21:14:38: [playercommands.smx] "Nopied◎<10><[U:1:103205717]><>" slayed "아야시(갓갓퇴물!)<18><[U:1:239742710]><>"
L 04/15/2016 - 21:14:41: [Boss Selection.smx] 이 클라이언트는 0의 대기포인트를 저장해놓은 상태.
L 04/15/2016 - 21:14:41: [Boss Selection.smx] 이 클라이언트는 0의 대기포인트를 저장해놓은 상태.
L 04/15/2016 - 21:14:41: [Boss Selection.smx] 이 클라이언트는 0의 대기포인트를 저장해놓은 상태.
L 04/15/2016 - 21:14:41: [Boss Selection.smx] 이 클라이언트는 0의 대기포인트를 저장해놓은 상태.
L 04/15/2016 - 21:14:41: [Boss Selection.smx] 이 클라이언트는 0의 대기포인트를 저장해놓은 상태.
L 04/15/2016 - 21:14:41: [Boss Selection.smx] 이 클라이언트는 0의 대기포인트를 저장해놓은 상태.
L 04/15/2016 - 21:14:41: [Boss Selection.smx] 이 클라이언트는 0의 대기포인트를 저장해놓은 상태.
L 04/15/2016 - 21:15:03: [SM] Changed map to "koth_nucleus"
L 04/15/2016 - 21:15:05: -------- Mapchange to koth_nucleus --------
L 04/15/2016 - 21:15:05: [Boss Selection.smx] [FF2boss] Added chat command: ff2boss
L 04/15/2016 - 21:15:05: [Boss Selection.smx] [FF2boss] Added chat command: boss
L 04/15/2016 - 21:15:05: [Boss Selection.smx] [FF2boss] Added chat command: 보스
L 04/15/2016 - 21:15:05: [Boss Selection.smx] [FF2boss] Added chat command: 보스선택
L 04/15/2016 - 21:15:10: [Boss Selection.smx] [FF2boss] Added chat command: ff2boss
L 04/15/2016 - 21:15:10: [Boss Selection.smx] [FF2boss] Added chat command: boss
L 04/15/2016 - 21:15:10: [Boss Selection.smx] [FF2boss] Added chat command: 보스
L 04/15/2016 - 21:15:10: [Boss Selection.smx] [FF2boss] Added chat command: 보스선택
L 04/15/2016 - 21:15:49: -------- Mapchange to arena_lumberyard --------
L 04/15/2016 - 21:15:54: [Boss Selection.smx] [FF2boss] Added chat command: ff2boss
L 04/15/2016 - 21:15:54: [Boss Selection.smx] [FF2boss] Added chat command: boss
L 04/15/2016 - 21:15:54: [Boss Selection.smx] [FF2boss] Added chat command: 보스
L 04/15/2016 - 21:15:54: [Boss Selection.smx] [FF2boss] Added chat command: 보스선택
L 04/15/2016 - 21:20:58: [Boss Selection.smx] 이 클라이언트는 0의 대기포인트를 저장해놓은 상태.
L 04/15/2016 - 21:20:58: [Boss Selection.smx] 이 클라이언트는 0의 대기포인트를 저장해놓은 상태.
L 04/15/2016 - 21:20:58: [Boss Selection.smx] 이 클라이언트는 0의 대기포인트를 저장해놓은 상태.
L 04/15/2016 - 21:20:58: [Boss Selection.smx] 이 클라이언트는 0의 대기포인트를 저장해놓은 상태.
L 04/15/2016 - 21:20:58: [Boss Selection.smx] 이 클라이언트는 0의 대기포인트를 저장해놓은 상태.
L 04/15/2016 - 21:20:58: [Boss Selection.smx] 이 클라이언트는 0의 대기포인트를 저장해놓은 상태.
L 04/15/2016 - 21:24:08: [Boss Selection.smx] 이 클라이언트는 0의 대기포인트를 저장해놓은 상태.
L 04/15/2016 - 21:24:08: [Boss Selection.smx] 이 클라이언트는 0의 대기포인트를 저장해놓은 상태.
L 04/15/2016 - 21:24:08: [Boss Selection.smx] 이 클라이언트는 0의 대기포인트를 저장해놓은 상태.
L 04/15/2016 - 21:24:08: [Boss Selection.smx] 이 클라이언트는 0의 대기포인트를 저장해놓은 상태.
L 04/15/2016 - 21:24:08: [Boss Selection.smx] 이 클라이언트는 0의 대기포인트를 저장해놓은 상태.
L 04/15/2016 - 21:24:08: [Boss Selection.smx] 이 클라이언트는 0의 대기포인트를 저장해놓은 상태.
L 04/15/2016 - 21:28:57: [Boss Selection.smx] 이 클라이언트는 0의 대기포인트를 저장해놓은 상태.
L 04/15/2016 - 21:28:57: [Boss Selection.smx] 이 클라이언트는 0의 대기포인트를 저장해놓은 상태.
L 04/15/2016 - 21:28:57: [Boss Selection.smx] 이 클라이언트는 0의 대기포인트를 저장해놓은 상태.
L 04/15/2016 - 21:28:57: [Boss Selection.smx] 이 클라이언트는 0의 대기포인트를 저장해놓은 상태.
L 04/15/2016 - 21:28:57: [Boss Selection.smx] 이 클라이언트는 0의 대기포인트를 저장해놓은 상태.
L 04/15/2016 - 21:28:57: [Boss Selection.smx] 이 클라이언트는 0의 대기포인트를 저장해놓은 상태.
L 04/15/2016 - 21:29:08: [playercommands.smx] "Nopied◎<21><[U:1:103205717]><>" slapped "[F]dwgwjw1024[PFBT]<22><[U:1:159644927]><>" (damage "5")
L 04/15/2016 - 21:29:08: [playercommands.smx] "Nopied◎<21><[U:1:103205717]><>" slapped "[F]dwgwjw1024[PFBT]<22><[U:1:159644927]><>" (damage "5")
L 04/15/2016 - 21:29:08: [playercommands.smx] "Nopied◎<21><[U:1:103205717]><>" slapped "[F]dwgwjw1024[PFBT]<22><[U:1:159644927]><>" (damage "5")
L 04/15/2016 - 21:29:08: [playercommands.smx] "Nopied◎<21><[U:1:103205717]><>" slapped "[F]dwgwjw1024[PFBT]<22><[U:1:159644927]><>" (damage "5")
L 04/15/2016 - 21:29:08: [playercommands.smx] "Nopied◎<21><[U:1:103205717]><>" slapped "[F]dwgwjw1024[PFBT]<22><[U:1:159644927]><>" (damage "5")
L 04/15/2016 - 21:29:08: [playercommands.smx] "Nopied◎<21><[U:1:103205717]><>" slapped "[F]dwgwjw1024[PFBT]<22><[U:1:159644927]><>" (damage "5")
L 04/15/2016 - 21:29:08: [playercommands.smx] "Nopied◎<21><[U:1:103205717]><>" slapped "[F]dwgwjw1024[PFBT]<22><[U:1:159644927]><>" (damage "5")
L 04/15/2016 - 21:29:09: [playercommands.smx] "Nopied◎<21><[U:1:103205717]><>" slapped "[F]dwgwjw1024[PFBT]<22><[U:1:159644927]><>" (damage "5")
L 04/15/2016 - 21:31:59: [Boss Selection.smx] 이 클라이언트는 0의 대기포인트를 저장해놓은 상태.
L 04/15/2016 - 21:31:59: [Boss Selection.smx] 이 클라이언트는 0의 대기포인트를 저장해놓은 상태.
L 04/15/2016 - 21:31:59: [Boss Selection.smx] 이 클라이언트는 0의 대기포인트를 저장해놓은 상태.
L 04/15/2016 - 21:31:59: [Boss Selection.smx] 이 클라이언트는 0의 대기포인트를 저장해놓은 상태.
L 04/15/2016 - 21:31:59: [Boss Selection.smx] 이 클라이언트는 0의 대기포인트를 저장해놓은 상태.
L 04/15/2016 - 21:33:36: [Boss Selection.smx] 이 클라이언트는 0의 대기포인트를 저장해놓은 상태.
L 04/15/2016 - 21:33:36: [Boss Selection.smx] 이 클라이언트는 0의 대기포인트를 저장해놓은 상태.
L 04/15/2016 - 21:33:36: [Boss Selection.smx] 이 클라이언트는 0의 대기포인트를 저장해놓은 상태.
L 04/15/2016 - 21:33:36: [Boss Selection.smx] 이 클라이언트는 0의 대기포인트를 저장해놓은 상태.
L 04/15/2016 - 21:33:36: [Boss Selection.smx] 이 클라이언트는 0의 대기포인트를 저장해놓은 상태.
L 04/15/2016 - 21:34:14: [freak_fortress_2.smx] "Nopied◎<21><[U:1:103205717]><>" added 123 queue points to "Nopied◎<21><[U:1:103205717]><>"
L 04/15/2016 - 21:36:55: [Boss Selection.smx] 이 클라이언트는 0의 대기포인트를 저장해놓은 상태.
L 04/15/2016 - 21:36:55: [Boss Selection.smx] 이 클라이언트는 0의 대기포인트를 저장해놓은 상태.
L 04/15/2016 - 21:36:55: [Boss Selection.smx] 이 클라이언트는 0의 대기포인트를 저장해놓은 상태.
L 04/15/2016 - 21:36:55: [Boss Selection.smx] 이 클라이언트는 0의 대기포인트를 저장해놓은 상태.
L 04/15/2016 - 21:36:55: [Boss Selection.smx] 이 클라이언트는 0의 대기포인트를 저장해놓은 상태.
L 04/15/2016 - 21:38:05: [Boss Selection.smx] 이 클라이언트는 0의 대기포인트를 저장해놓은 상태.
L 04/15/2016 - 21:38:05: [Boss Selection.smx] 이 클라이언트는 0의 대기포인트를 저장해놓은 상태.
L 04/15/2016 - 21:38:05: [Boss Selection.smx] 이 클라이언트는 0의 대기포인트를 저장해놓은 상태.
L 04/15/2016 - 21:38:05: [Boss Selection.smx] 이 클라이언트는 0의 대기포인트를 저장해놓은 상태.
L 04/15/2016 - 21:38:05: [Boss Selection.smx] 이 클라이언트는 0의 대기포인트를 저장해놓은 상태.
L 04/15/2016 - 21:40:20: [playercommands.smx] "Nopied◎<21><[U:1:103205717]><>" slayed "DandA1025<25><[U:1:150941697]><>"
L 04/15/2016 - 21:40:27: [Boss Selection.smx] 이 클라이언트는 0의 대기포인트를 저장해놓은 상태.
L 04/15/2016 - 21:40:27: [Boss Selection.smx] 이 클라이언트는 0의 대기포인트를 저장해놓은 상태.
L 04/15/2016 - 21:40:27: [Boss Selection.smx] 이 클라이언트는 0의 대기포인트를 저장해놓은 상태.
L 04/15/2016 - 21:40:27: [Boss Selection.smx] 이 클라이언트는 0의 대기포인트를 저장해놓은 상태.
L 04/15/2016 - 21:40:37: [freak_fortress_2.smx] "Nopied◎<21><[U:1:103205717]><>" added 123 queue points to "Nopied◎<21><[U:1:103205717]><>"
L 04/15/2016 - 21:42:34: [funcommands.smx] "Nopied◎<21><[U:1:103205717]><>" froze "나는 브로니다! 으아아<26><[U:1:224567350]><>"
L 04/15/2016 - 21:42:41: [funcommands.smx] "Nopied◎<21><[U:1:103205717]><>" set blind on "나는 브로니다! 으아아<26><[U:1:224567350]><>", amount 255.
L 04/15/2016 - 21:42:46: [funcommands.smx] "Nopied◎<21><[U:1:103205717]><>" set a TimeBomb on "나는 브로니다! 으아아<26><[U:1:224567350]><>"
L 04/15/2016 - 21:42:49: [funcommands.smx] "Nopied◎<21><[U:1:103205717]><>" removed a TimeBomb on "나는 브로니다! 으아아<26><[U:1:224567350]><>"
L 04/15/2016 - 21:42:50: [funcommands.smx] "Nopied◎<21><[U:1:103205717]><>" set a TimeBomb on "나는 브로니다! 으아아<26><[U:1:224567350]><>"
L 04/15/2016 - 21:43:00: [funcommands.smx] "Nopied◎<21><[U:1:103205717]><>" removed a TimeBomb on "나는 브로니다! 으아아<26><[U:1:224567350]><>"
L 04/15/2016 - 21:43:04: [funcommands.smx] "Nopied◎<21><[U:1:103205717]><>" set a FireBomb on "나는 브로니다! 으아아<26><[U:1:224567350]><>"
L 04/15/2016 - 21:43:09: [funcommands.smx] "Nopied◎<21><[U:1:103205717]><>" set a FireBomb on "나는 브로니다! 으아아<26><[U:1:224567350]><>"
L 04/15/2016 - 21:43:28: [funcommands.smx] "Nopied◎<21><[U:1:103205717]><>" drugged "나는 브로니다! 으아아<26><[U:1:224567350]><>"
L 04/15/2016 - 21:43:35: [funcommands.smx] "Nopied◎<21><[U:1:103205717]><>" set gravity on "나는 브로니다! 으아아<26><[U:1:224567350]><>" to 4.000000.
L 04/15/2016 - 21:43:48: [playercommands.smx] "Nopied◎<21><[U:1:103205717]><>" slapped "나는 브로니다! 으아아<26><[U:1:224567350]><>" (damage "1")
L 04/15/2016 - 21:43:48: [playercommands.smx] "Nopied◎<21><[U:1:103205717]><>" slapped "나는 브로니다! 으아아<26><[U:1:224567350]><>" (damage "1")
L 04/15/2016 - 21:43:48: [playercommands.smx] "Nopied◎<21><[U:1:103205717]><>" slapped "나는 브로니다! 으아아<26><[U:1:224567350]><>" (damage "1")
L 04/15/2016 - 21:43:48: [playercommands.smx] "Nopied◎<21><[U:1:103205717]><>" slapped "나는 브로니다! 으아아<26><[U:1:224567350]><>" (damage "1")
L 04/15/2016 - 21:43:48: [playercommands.smx] "Nopied◎<21><[U:1:103205717]><>" slapped "나는 브로니다! 으아아<26><[U:1:224567350]><>" (damage "1")
L 04/15/2016 - 21:43:48: [playercommands.smx] "Nopied◎<21><[U:1:103205717]><>" slapped "나는 브로니다! 으아아<26><[U:1:224567350]><>" (damage "1")
L 04/15/2016 - 21:43:49: [playercommands.smx] "Nopied◎<21><[U:1:103205717]><>" slapped "나는 브로니다! 으아아<26><[U:1:224567350]><>" (damage "1")
L 04/15/2016 - 21:43:49: [playercommands.smx] "Nopied◎<21><[U:1:103205717]><>" slapped "나는 브로니다! 으아아<26><[U:1:224567350]><>" (damage "1")
L 04/15/2016 - 21:43:49: [playercommands.smx] "Nopied◎<21><[U:1:103205717]><>" slapped "나는 브로니다! 으아아<26><[U:1:224567350]><>" (damage "1")
L 04/15/2016 - 21:43:49: [playercommands.smx] "Nopied◎<21><[U:1:103205717]><>" slapped "나는 브로니다! 으아아<26><[U:1:224567350]><>" (damage "1")
L 04/15/2016 - 21:43:49: [playercommands.smx] "Nopied◎<21><[U:1:103205717]><>" slapped "나는 브로니다! 으아아<26><[U:1:224567350]><>" (damage "1")
L 04/15/2016 - 21:43:49: [playercommands.smx] "Nopied◎<21><[U:1:103205717]><>" slapped "나는 브로니다! 으아아<26><[U:1:224567350]><>" (damage "1")
L 04/15/2016 - 21:43:49: [playercommands.smx] "Nopied◎<21><[U:1:103205717]><>" slapped "나는 브로니다! 으아아<26><[U:1:224567350]><>" (damage "1")
L 04/15/2016 - 21:43:50: [playercommands.smx] "Nopied◎<21><[U:1:103205717]><>" slapped "나는 브로니다! 으아아<26><[U:1:224567350]><>" (damage "1")
L 04/15/2016 - 21:43:50: [playercommands.smx] "Nopied◎<21><[U:1:103205717]><>" slapped "나는 브로니다! 으아아<26><[U:1:224567350]><>" (damage "1")
L 04/15/2016 - 21:43:50: [playercommands.smx] "Nopied◎<21><[U:1:103205717]><>" slapped "나는 브로니다! 으아아<26><[U:1:224567350]><>" (damage "1")
L 04/15/2016 - 21:43:50: [playercommands.smx] "Nopied◎<21><[U:1:103205717]><>" slapped "나는 브로니다! 으아아<26><[U:1:224567350]><>" (damage "1")
L 04/15/2016 - 21:43:50: [playercommands.smx] "Nopied◎<21><[U:1:103205717]><>" slapped "나는 브로니다! 으아아<26><[U:1:224567350]><>" (damage "1")
L 04/15/2016 - 21:43:51: [playercommands.smx] "Nopied◎<21><[U:1:103205717]><>" slapped "나는 브로니다! 으아아<26><[U:1:224567350]><>" (damage "1")
L 04/15/2016 - 21:43:51: [playercommands.smx] "Nopied◎<21><[U:1:103205717]><>" slapped "나는 브로니다! 으아아<26><[U:1:224567350]><>" (damage "1")
L 04/15/2016 - 21:43:51: [playercommands.smx] "Nopied◎<21><[U:1:103205717]><>" slapped "나는 브로니다! 으아아<26><[U:1:224567350]><>" (damage "1")
L 04/15/2016 - 21:43:51: [playercommands.smx] "Nopied◎<21><[U:1:103205717]><>" slapped "나는 브로니다! 으아아<26><[U:1:224567350]><>" (damage "1")
L 04/15/2016 - 21:43:51: [playercommands.smx] "Nopied◎<21><[U:1:103205717]><>" slapped "나는 브로니다! 으아아<26><[U:1:224567350]><>" (damage "1")
L 04/15/2016 - 21:43:51: [playercommands.smx] "Nopied◎<21><[U:1:103205717]><>" slapped "나는 브로니다! 으아아<26><[U:1:224567350]><>" (damage "1")
L 04/15/2016 - 21:43:51: [playercommands.smx] "Nopied◎<21><[U:1:103205717]><>" slapped "나는 브로니다! 으아아<26><[U:1:224567350]><>" (damage "1")
L 04/15/2016 - 21:43:52: [playercommands.smx] "Nopied◎<21><[U:1:103205717]><>" slapped "나는 브로니다! 으아아<26><[U:1:224567350]><>" (damage "1")
L 04/15/2016 - 21:43:52: [playercommands.smx] "Nopied◎<21><[U:1:103205717]><>" slapped "나는 브로니다! 으아아<26><[U:1:224567350]><>" (damage "1")
L 04/15/2016 - 21:43:52: [playercommands.smx] "Nopied◎<21><[U:1:103205717]><>" slapped "나는 브로니다! 으아아<26><[U:1:224567350]><>" (damage "1")
L 04/15/2016 - 21:43:52: [playercommands.smx] "Nopied◎<21><[U:1:103205717]><>" slapped "나는 브로니다! 으아아<26><[U:1:224567350]><>" (damage "1")
L 04/15/2016 - 21:43:52: [playercommands.smx] "Nopied◎<21><[U:1:103205717]><>" slapped "나는 브로니다! 으아아<26><[U:1:224567350]><>" (damage "1")
L 04/15/2016 - 21:43:52: [playercommands.smx] "Nopied◎<21><[U:1:103205717]><>" slapped "나는 브로니다! 으아아<26><[U:1:224567350]><>" (damage "1")
L 04/15/2016 - 21:43:52: [playercommands.smx] "Nopied◎<21><[U:1:103205717]><>" slapped "나는 브로니다! 으아아<26><[U:1:224567350]><>" (damage "1")
L 04/15/2016 - 21:43:52: [playercommands.smx] "Nopied◎<21><[U:1:103205717]><>" slapped "나는 브로니다! 으아아<26><[U:1:224567350]><>" (damage "1")
L 04/15/2016 - 21:43:53: [playercommands.smx] "Nopied◎<21><[U:1:103205717]><>" slapped "나는 브로니다! 으아아<26><[U:1:224567350]><>" (damage "1")
L 04/15/2016 - 21:43:53: [playercommands.smx] "Nopied◎<21><[U:1:103205717]><>" slapped "나는 브로니다! 으아아<26><[U:1:224567350]><>" (damage "1")
L 04/15/2016 - 21:43:53: [playercommands.smx] "Nopied◎<21><[U:1:103205717]><>" slapped "나는 브로니다! 으아아<26><[U:1:224567350]><>" (damage "1")
L 04/15/2016 - 21:43:53: [playercommands.smx] "Nopied◎<21><[U:1:103205717]><>" slapped "나는 브로니다! 으아아<26><[U:1:224567350]><>" (damage "1")
L 04/15/2016 - 21:43:53: [playercommands.smx] "Nopied◎<21><[U:1:103205717]><>" slapped "나는 브로니다! 으아아<26><[U:1:224567350]><>" (damage "1")
L 04/15/2016 - 21:43:54: [playercommands.smx] "Nopied◎<21><[U:1:103205717]><>" slapped "나는 브로니다! 으아아<26><[U:1:224567350]><>" (damage "1")
L 04/15/2016 - 21:43:54: [playercommands.smx] "Nopied◎<21><[U:1:103205717]><>" slapped "나는 브로니다! 으아아<26><[U:1:224567350]><>" (damage "1")
L 04/15/2016 - 21:43:54: [playercommands.smx] "Nopied◎<21><[U:1:103205717]><>" slapped "나는 브로니다! 으아아<26><[U:1:224567350]><>" (damage "1")
L 04/15/2016 - 21:43:54: [playercommands.smx] "Nopied◎<21><[U:1:103205717]><>" slapped "나는 브로니다! 으아아<26><[U:1:224567350]><>" (damage "1")
L 04/15/2016 - 21:43:54: [playercommands.smx] "Nopied◎<21><[U:1:103205717]><>" slapped "나는 브로니다! 으아아<26><[U:1:224567350]><>" (damage "1")
L 04/15/2016 - 21:43:54: [playercommands.smx] "Nopied◎<21><[U:1:103205717]><>" slapped "나는 브로니다! 으아아<26><[U:1:224567350]><>" (damage "1")
L 04/15/2016 - 21:43:55: [playercommands.smx] "Nopied◎<21><[U:1:103205717]><>" slapped "나는 브로니다! 으아아<26><[U:1:224567350]><>" (damage "1")
L 04/15/2016 - 21:43:55: [playercommands.smx] "Nopied◎<21><[U:1:103205717]><>" slapped "나는 브로니다! 으아아<26><[U:1:224567350]><>" (damage "1")
L 04/15/2016 - 21:43:55: [playercommands.smx] "Nopied◎<21><[U:1:103205717]><>" slapped "나는 브로니다! 으아아<26><[U:1:224567350]><>" (damage "1")
L 04/15/2016 - 21:43:55: [playercommands.smx] "Nopied◎<21><[U:1:103205717]><>" slapped "나는 브로니다! 으아아<26><[U:1:224567350]><>" (damage "1")
L 04/15/2016 - 21:43:55: [playercommands.smx] "Nopied◎<21><[U:1:103205717]><>" slapped "나는 브로니다! 으아아<26><[U:1:224567350]><>" (damage "1")
L 04/15/2016 - 21:43:55: [playercommands.smx] "Nopied◎<21><[U:1:103205717]><>" slapped "나는 브로니다! 으아아<26><[U:1:224567350]><>" (damage "1")
L 04/15/2016 - 21:43:55: [playercommands.smx] "Nopied◎<21><[U:1:103205717]><>" slapped "나는 브로니다! 으아아<26><[U:1:224567350]><>" (damage "1")
L 04/15/2016 - 21:43:56: [playercommands.smx] "Nopied◎<21><[U:1:103205717]><>" slapped "나는 브로니다! 으아아<26><[U:1:224567350]><>" (damage "1")
L 04/15/2016 - 21:43:56: [playercommands.smx] "Nopied◎<21><[U:1:103205717]><>" slapped "나는 브로니다! 으아아<26><[U:1:224567350]><>" (damage "1")
L 04/15/2016 - 21:43:56: [playercommands.smx] "Nopied◎<21><[U:1:103205717]><>" slapped "나는 브로니다! 으아아<26><[U:1:224567350]><>" (damage "1")
L 04/15/2016 - 21:43:56: [playercommands.smx] "Nopied◎<21><[U:1:103205717]><>" slapped "나는 브로니다! 으아아<26><[U:1:224567350]><>" (damage "1")
L 04/15/2016 - 21:43:56: [playercommands.smx] "Nopied◎<21><[U:1:103205717]><>" slapped "나는 브로니다! 으아아<26><[U:1:224567350]><>" (damage "1")
L 04/15/2016 - 21:43:56: [playercommands.smx] "Nopied◎<21><[U:1:103205717]><>" slapped "나는 브로니다! 으아아<26><[U:1:224567350]><>" (damage "1")
L 04/15/2016 - 21:43:57: [playercommands.smx] "Nopied◎<21><[U:1:103205717]><>" slapped "나는 브로니다! 으아아<26><[U:1:224567350]><>" (damage "1")
L 04/15/2016 - 21:43:57: [playercommands.smx] "Nopied◎<21><[U:1:103205717]><>" slapped "나는 브로니다! 으아아<26><[U:1:224567350]><>" (damage "1")
L 04/15/2016 - 21:43:57: [playercommands.smx] "Nopied◎<21><[U:1:103205717]><>" slapped "나는 브로니다! 으아아<26><[U:1:224567350]><>" (damage "1")
L 04/15/2016 - 21:43:57: [playercommands.smx] "Nopied◎<21><[U:1:103205717]><>" slapped "나는 브로니다! 으아아<26><[U:1:224567350]><>" (damage "1")
L 04/15/2016 - 21:43:58: [playercommands.smx] "Nopied◎<21><[U:1:103205717]><>" slapped "나는 브로니다! 으아아<26><[U:1:224567350]><>" (damage "1")
L 04/15/2016 - 21:43:58: [playercommands.smx] "Nopied◎<21><[U:1:103205717]><>" slapped "나는 브로니다! 으아아<26><[U:1:224567350]><>" (damage "1")
L 04/15/2016 - 21:43:58: [playercommands.smx] "Nopied◎<21><[U:1:103205717]><>" slapped "나는 브로니다! 으아아<26><[U:1:224567350]><>" (damage "1")
L 04/15/2016 - 21:43:58: [playercommands.smx] "Nopied◎<21><[U:1:103205717]><>" slapped "나는 브로니다! 으아아<26><[U:1:224567350]><>" (damage "1")
L 04/15/2016 - 21:43:58: [playercommands.smx] "Nopied◎<21><[U:1:103205717]><>" slapped "나는 브로니다! 으아아<26><[U:1:224567350]><>" (damage "1")
L 04/15/2016 - 21:44:03: [playercommands.smx] "Nopied◎<21><[U:1:103205717]><>" slapped "나는 브로니다! 으아아<26><[U:1:224567350]><>" (damage "5")
L 04/15/2016 - 21:44:03: [playercommands.smx] "Nopied◎<21><[U:1:103205717]><>" slapped "나는 브로니다! 으아아<26><[U:1:224567350]><>" (damage "5")
L 04/15/2016 - 21:44:03: [playercommands.smx] "Nopied◎<21><[U:1:103205717]><>" slapped "나는 브로니다! 으아아<26><[U:1:224567350]><>" (damage "5")
L 04/15/2016 - 21:44:03: [playercommands.smx] "Nopied◎<21><[U:1:103205717]><>" slapped "나는 브로니다! 으아아<26><[U:1:224567350]><>" (damage "5")
L 04/15/2016 - 21:44:03: [playercommands.smx] "Nopied◎<21><[U:1:103205717]><>" slapped "나는 브로니다! 으아아<26><[U:1:224567350]><>" (damage "5")
L 04/15/2016 - 21:44:04: [playercommands.smx] "Nopied◎<21><[U:1:103205717]><>" slapped "나는 브로니다! 으아아<26><[U:1:224567350]><>" (damage "5")
L 04/15/2016 - 21:44:04: [playercommands.smx] "Nopied◎<21><[U:1:103205717]><>" slapped "나는 브로니다! 으아아<26><[U:1:224567350]><>" (damage "5")
L 04/15/2016 - 21:44:04: [playercommands.smx] "Nopied◎<21><[U:1:103205717]><>" slapped "나는 브로니다! 으아아<26><[U:1:224567350]><>" (damage "5")
L 04/15/2016 - 21:44:04: [playercommands.smx] "Nopied◎<21><[U:1:103205717]><>" slapped "나는 브로니다! 으아아<26><[U:1:224567350]><>" (damage "5")
L 04/15/2016 - 21:44:04: [playercommands.smx] "Nopied◎<21><[U:1:103205717]><>" slapped "나는 브로니다! 으아아<26><[U:1:224567350]><>" (damage "5")
L 04/15/2016 - 21:44:04: [playercommands.smx] "Nopied◎<21><[U:1:103205717]><>" slapped "나는 브로니다! 으아아<26><[U:1:224567350]><>" (damage "5")
L 04/15/2016 - 21:44:04: [playercommands.smx] "Nopied◎<21><[U:1:103205717]><>" slapped "나는 브로니다! 으아아<26><[U:1:224567350]><>" (damage "5")
L 04/15/2016 - 21:44:05: [playercommands.smx] "Nopied◎<21><[U:1:103205717]><>" slapped "나는 브로니다! 으아아<26><[U:1:224567350]><>" (damage "5")
L 04/15/2016 - 21:44:05: [playercommands.smx] "Nopied◎<21><[U:1:103205717]><>" slapped "나는 브로니다! 으아아<26><[U:1:224567350]><>" (damage "5")
L 04/15/2016 - 21:44:05: [playercommands.smx] "Nopied◎<21><[U:1:103205717]><>" slapped "나는 브로니다! 으아아<26><[U:1:224567350]><>" (damage "5")
L 04/15/2016 - 21:44:05: [playercommands.smx] "Nopied◎<21><[U:1:103205717]><>" slapped "나는 브로니다! 으아아<26><[U:1:224567350]><>" (damage "5")
L 04/15/2016 - 21:44:05: [playercommands.smx] "Nopied◎<21><[U:1:103205717]><>" slapped "나는 브로니다! 으아아<26><[U:1:224567350]><>" (damage "5")
L 04/15/2016 - 21:44:06: [playercommands.smx] "Nopied◎<21><[U:1:103205717]><>" slapped "나는 브로니다! 으아아<26><[U:1:224567350]><>" (damage "5")
L 04/15/2016 - 21:44:06: [playercommands.smx] "Nopied◎<21><[U:1:103205717]><>" slapped "나는 브로니다! 으아아<26><[U:1:224567350]><>" (damage "5")
L 04/15/2016 - 21:44:06: [playercommands.smx] "Nopied◎<21><[U:1:103205717]><>" slapped "나는 브로니다! 으아아<26><[U:1:224567350]><>" (damage "5")
L 04/15/2016 - 21:44:06: [playercommands.smx] "Nopied◎<21><[U:1:103205717]><>" slapped "나는 브로니다! 으아아<26><[U:1:224567350]><>" (damage "5")
L 04/15/2016 - 21:44:06: [playercommands.smx] "Nopied◎<21><[U:1:103205717]><>" slapped "나는 브로니다! 으아아<26><[U:1:224567350]><>" (damage "5")
L 04/15/2016 - 21:44:06: [playercommands.smx] "Nopied◎<21><[U:1:103205717]><>" slapped "나는 브로니다! 으아아<26><[U:1:224567350]><>" (damage "5")
L 04/15/2016 - 21:44:07: [playercommands.smx] "Nopied◎<21><[U:1:103205717]><>" slapped "나는 브로니다! 으아아<26><[U:1:224567350]><>" (damage "5")
L 04/15/2016 - 21:44:07: [playercommands.smx] "Nopied◎<21><[U:1:103205717]><>" slapped "나는 브로니다! 으아아<26><[U:1:224567350]><>" (damage "5")
L 04/15/2016 - 21:44:07: [playercommands.smx] "Nopied◎<21><[U:1:103205717]><>" slapped "나는 브로니다! 으아아<26><[U:1:224567350]><>" (damage "5")
L 04/15/2016 - 21:44:07: [playercommands.smx] "Nopied◎<21><[U:1:103205717]><>" slapped "나는 브로니다! 으아아<26><[U:1:224567350]><>" (damage "5")
L 04/15/2016 - 21:44:07: [playercommands.smx] "Nopied◎<21><[U:1:103205717]><>" slapped "나는 브로니다! 으아아<26><[U:1:224567350]><>" (damage "5")
L 04/15/2016 - 21:44:08: [playercommands.smx] "Nopied◎<21><[U:1:103205717]><>" slapped "나는 브로니다! 으아아<26><[U:1:224567350]><>" (damage "5")
L 04/15/2016 - 21:44:08: [playercommands.smx] "Nopied◎<21><[U:1:103205717]><>" slapped "나는 브로니다! 으아아<26><[U:1:224567350]><>" (damage "5")
L 04/15/2016 - 21:44:08: [playercommands.smx] "Nopied◎<21><[U:1:103205717]><>" slapped "나는 브로니다! 으아아<26><[U:1:224567350]><>" (damage "5")
L 04/15/2016 - 21:44:08: [playercommands.smx] "Nopied◎<21><[U:1:103205717]><>" slapped "나는 브로니다! 으아아<26><[U:1:224567350]><>" (damage "5")
L 04/15/2016 - 21:44:08: [playercommands.smx] "Nopied◎<21><[U:1:103205717]><>" slapped "나는 브로니다! 으아아<26><[U:1:224567350]><>" (damage "5")
L 04/15/2016 - 21:44:08: [playercommands.smx] "Nopied◎<21><[U:1:103205717]><>" slapped "나는 브로니다! 으아아<26><[U:1:224567350]><>" (damage "5")
L 04/15/2016 - 21:44:11: [playercommands.smx] "Nopied◎<21><[U:1:103205717]><>" slapped "Nopied◎<21><[U:1:103205717]><>" (damage "5")
L 04/15/2016 - 21:44:11: [Boss Selection.smx] 이 클라이언트는 0의 대기포인트를 저장해놓은 상태.
L 04/15/2016 - 21:44:11: [Boss Selection.smx] 이 클라이언트는 0의 대기포인트를 저장해놓은 상태.
L 04/15/2016 - 21:44:11: [Boss Selection.smx] 이 클라이언트는 0의 대기포인트를 저장해놓은 상태.
L 04/15/2016 - 21:44:11: [Boss Selection.smx] 이 클라이언트는 0의 대기포인트를 저장해놓은 상태.
L 04/15/2016 - 21:44:11: [playercommands.smx] "Nopied◎<21><[U:1:103205717]><>" slapped "Nopied◎<21><[U:1:103205717]><>" (damage "5")
L 04/15/2016 - 21:44:11: [playercommands.smx] "Nopied◎<21><[U:1:103205717]><>" slapped "Nopied◎<21><[U:1:103205717]><>" (damage "5")
L 04/15/2016 - 21:44:12: [playercommands.smx] "Nopied◎<21><[U:1:103205717]><>" slapped "Nopied◎<21><[U:1:103205717]><>" (damage "5")
L 04/15/2016 - 21:44:12: [playercommands.smx] "Nopied◎<21><[U:1:103205717]><>" slapped "Nopied◎<21><[U:1:103205717]><>" (damage "5")
L 04/15/2016 - 21:44:12: [playercommands.smx] "Nopied◎<21><[U:1:103205717]><>" slapped "Nopied◎<21><[U:1:103205717]><>" (damage "5")
L 04/15/2016 - 21:44:12: [playercommands.smx] "Nopied◎<21><[U:1:103205717]><>" slapped "Nopied◎<21><[U:1:103205717]><>" (damage "5")
L 04/15/2016 - 21:44:12: [playercommands.smx] "Nopied◎<21><[U:1:103205717]><>" slapped "Nopied◎<21><[U:1:103205717]><>" (damage "5")
L 04/15/2016 - 21:44:12: [playercommands.smx] "Nopied◎<21><[U:1:103205717]><>" slapped "Nopied◎<21><[U:1:103205717]><>" (damage "5")
L 04/15/2016 - 21:44:13: [playercommands.smx] "Nopied◎<21><[U:1:103205717]><>" slapped "Nopied◎<21><[U:1:103205717]><>" (damage "5")
L 04/15/2016 - 21:44:13: [playercommands.smx] "Nopied◎<21><[U:1:103205717]><>" slapped "Nopied◎<21><[U:1:103205717]><>" (damage "5")
L 04/15/2016 - 21:44:13: [playercommands.smx] "Nopied◎<21><[U:1:103205717]><>" slapped "Nopied◎<21><[U:1:103205717]><>" (damage "5")
L 04/15/2016 - 21:44:13: [playercommands.smx] "Nopied◎<21><[U:1:103205717]><>" slapped "Nopied◎<21><[U:1:103205717]><>" (damage "5")
L 04/15/2016 - 21:44:13: [playercommands.smx] "Nopied◎<21><[U:1:103205717]><>" slapped "Nopied◎<21><[U:1:103205717]><>" (damage "5")
L 04/15/2016 - 21:44:14: [playercommands.smx] "Nopied◎<21><[U:1:103205717]><>" slapped "Nopied◎<21><[U:1:103205717]><>" (damage "5")
L 04/15/2016 - 21:44:14: [playercommands.smx] "Nopied◎<21><[U:1:103205717]><>" slapped "Nopied◎<21><[U:1:103205717]><>" (damage "5")
L 04/15/2016 - 21:44:14: [playercommands.smx] "Nopied◎<21><[U:1:103205717]><>" slapped "Nopied◎<21><[U:1:103205717]><>" (damage "5")
L 04/15/2016 - 21:44:14: [playercommands.smx] "Nopied◎<21><[U:1:103205717]><>" slapped "Nopied◎<21><[U:1:103205717]><>" (damage "5")
L 04/15/2016 - 21:44:14: [playercommands.smx] "Nopied◎<21><[U:1:103205717]><>" slapped "Nopied◎<21><[U:1:103205717]><>" (damage "5")
L 04/15/2016 - 21:44:15: [playercommands.smx] "Nopied◎<21><[U:1:103205717]><>" slapped "Nopied◎<21><[U:1:103205717]><>" (damage "5")
L 04/15/2016 - 21:44:15: [playercommands.smx] "Nopied◎<21><[U:1:103205717]><>" slapped "Nopied◎<21><[U:1:103205717]><>" (damage "5")
L 04/15/2016 - 21:44:15: [playercommands.smx] "Nopied◎<21><[U:1:103205717]><>" slapped "Nopied◎<21><[U:1:103205717]><>" (damage "5")
L 04/15/2016 - 21:44:15: [playercommands.smx] "Nopied◎<21><[U:1:103205717]><>" slapped "Nopied◎<21><[U:1:103205717]><>" (damage "5")
L 04/15/2016 - 21:44:15: [playercommands.smx] "Nopied◎<21><[U:1:103205717]><>" slapped "Nopied◎<21><[U:1:103205717]><>" (damage "5")
L 04/15/2016 - 21:44:15: [playercommands.smx] "Nopied◎<21><[U:1:103205717]><>" slapped "Nopied◎<21><[U:1:103205717]><>" (damage "5")
L 04/15/2016 - 21:44:16: [playercommands.smx] "Nopied◎<21><[U:1:103205717]><>" slapped "Nopied◎<21><[U:1:103205717]><>" (damage "5")
L 04/15/2016 - 21:44:16: [playercommands.smx] "Nopied◎<21><[U:1:103205717]><>" slapped "Nopied◎<21><[U:1:103205717]><>" (damage "5")
L 04/15/2016 - 21:44:16: [playercommands.smx] "Nopied◎<21><[U:1:103205717]><>" slapped "Nopied◎<21><[U:1:103205717]><>" (damage "5")
L 04/15/2016 - 21:44:16: [playercommands.smx] "Nopied◎<21><[U:1:103205717]><>" slapped "Nopied◎<21><[U:1:103205717]><>" (damage "5")
L 04/15/2016 - 21:44:16: [playercommands.smx] "Nopied◎<21><[U:1:103205717]><>" slapped "Nopied◎<21><[U:1:103205717]><>" (damage "5")
L 04/15/2016 - 21:44:17: [playercommands.smx] "Nopied◎<21><[U:1:103205717]><>" slapped "Nopied◎<21><[U:1:103205717]><>" (damage "5")
L 04/15/2016 - 21:44:17: [playercommands.smx] "Nopied◎<21><[U:1:103205717]><>" slapped "Nopied◎<21><[U:1:103205717]><>" (damage "5")
L 04/15/2016 - 21:44:17: [playercommands.smx] "Nopied◎<21><[U:1:103205717]><>" slapped "Nopied◎<21><[U:1:103205717]><>" (damage "5")
L 04/15/2016 - 21:44:17: [playercommands.smx] "Nopied◎<21><[U:1:103205717]><>" slapped "Nopied◎<21><[U:1:103205717]><>" (damage "5")
L 04/15/2016 - 21:44:17: [playercommands.smx] "Nopied◎<21><[U:1:103205717]><>" slapped "Nopied◎<21><[U:1:103205717]><>" (damage "5")
L 04/15/2016 - 21:44:21: [freak_fortress_2.smx] "Nopied◎<21><[U:1:103205717]><>" added 1234 queue points to "Nopied◎<21><[U:1:103205717]><>"
L 04/15/2016 - 21:45:10: [funcommands.smx] "Nopied◎<21><[U:1:103205717]><>" set gravity on "나는 브로니다! 으아아<26><[U:1:224567350]><>" to 1.000000.
L 04/15/2016 - 21:45:53: [Boss Selection.smx] 이 클라이언트는 0의 대기포인트를 저장해놓은 상태.
L 04/15/2016 - 21:45:53: [Boss Selection.smx] 이 클라이언트는 0의 대기포인트를 저장해놓은 상태.
L 04/15/2016 - 21:45:53: [Boss Selection.smx] 이 클라이언트는 0의 대기포인트를 저장해놓은 상태.
L 04/15/2016 - 21:45:53: [Boss Selection.smx] 이 클라이언트는 0의 대기포인트를 저장해놓은 상태.
L 04/15/2016 - 21:47:07: [Boss Selection.smx] 이 클라이언트는 0의 대기포인트를 저장해놓은 상태.
L 04/15/2016 - 21:47:07: [Boss Selection.smx] 이 클라이언트는 0의 대기포인트를 저장해놓은 상태.
L 04/15/2016 - 21:47:07: [Boss Selection.smx] 이 클라이언트는 0의 대기포인트를 저장해놓은 상태.
L 04/15/2016 - 21:47:07: [Boss Selection.smx] 이 클라이언트는 0의 대기포인트를 저장해놓은 상태.
L 04/15/2016 - 21:47:47: -------- Mapchange to arena_byre --------
L 04/15/2016 - 21:47:53: [Boss Selection.smx] [FF2boss] Added chat command: ff2boss
L 04/15/2016 - 21:47:53: [Boss Selection.smx] [FF2boss] Added chat command: boss
L 04/15/2016 - 21:47:53: [Boss Selection.smx] [FF2boss] Added chat command: 보스
L 04/15/2016 - 21:47:53: [Boss Selection.smx] [FF2boss] Added chat command: 보스선택
L 04/15/2016 - 21:54:03: [playercommands.smx] "Nopied◎<21><[U:1:103205717]><>" slapped "후와와 (작다)<24><[U:1:209760731]><>" (damage "1")
L 04/15/2016 - 21:54:04: [playercommands.smx] "Nopied◎<21><[U:1:103205717]><>" slapped "후와와 (작다)<24><[U:1:209760731]><>" (damage "1")
L 04/15/2016 - 21:54:04: [playercommands.smx] "Nopied◎<21><[U:1:103205717]><>" slapped "후와와 (작다)<24><[U:1:209760731]><>" (damage "1")
L 04/15/2016 - 21:54:04: [playercommands.smx] "Nopied◎<21><[U:1:103205717]><>" slapped "후와와 (작다)<24><[U:1:209760731]><>" (damage "1")
L 04/15/2016 - 21:54:04: [playercommands.smx] "Nopied◎<21><[U:1:103205717]><>" slapped "후와와 (작다)<24><[U:1:209760731]><>" (damage "1")
L 04/15/2016 - 21:54:04: [playercommands.smx] "Nopied◎<21><[U:1:103205717]><>" slapped "후와와 (작다)<24><[U:1:209760731]><>" (damage "1")
L 04/15/2016 - 21:54:04: [playercommands.smx] "Nopied◎<21><[U:1:103205717]><>" slapped "후와와 (작다)<24><[U:1:209760731]><>" (damage "1")
L 04/15/2016 - 21:54:04: [playercommands.smx] "Nopied◎<21><[U:1:103205717]><>" slapped "후와와 (작다)<24><[U:1:209760731]><>" (damage "1")
L 04/15/2016 - 21:54:04: [playercommands.smx] "Nopied◎<21><[U:1:103205717]><>" slapped "후와와 (작다)<24><[U:1:209760731]><>" (damage "1")
L 04/15/2016 - 21:54:05: [playercommands.smx] "Nopied◎<21><[U:1:103205717]><>" slapped "후와와 (작다)<24><[U:1:209760731]><>" (damage "1")
L 04/15/2016 - 21:54:05: [playercommands.smx] "Nopied◎<21><[U:1:103205717]><>" slapped "후와와 (작다)<24><[U:1:209760731]><>" (damage "1")
L 04/15/2016 - 21:54:05: [playercommands.smx] "Nopied◎<21><[U:1:103205717]><>" slapped "후와와 (작다)<24><[U:1:209760731]><>" (damage "1")
L 04/15/2016 - 21:54:05: [playercommands.smx] "Nopied◎<21><[U:1:103205717]><>" slapped "후와와 (작다)<24><[U:1:209760731]><>" (damage "1")
L 04/15/2016 - 21:54:05: [playercommands.smx] "Nopied◎<21><[U:1:103205717]><>" slapped "후와와 (작다)<24><[U:1:209760731]><>" (damage "1")
L 04/15/2016 - 21:54:05: [Boss Selection.smx] 이 클라이언트는 0의 대기포인트를 저장해놓은 상태.
L 04/15/2016 - 21:54:05: [Boss Selection.smx] 이 클라이언트는 0의 대기포인트를 저장해놓은 상태.
L 04/15/2016 - 21:54:05: [playercommands.smx] "Nopied◎<21><[U:1:103205717]><>" slapped "후와와 (작다)<24><[U:1:209760731]><>" (damage "1")
L 04/15/2016 - 21:54:05: [playercommands.smx] "Nopied◎<21><[U:1:103205717]><>" slapped "후와와 (작다)<24><[U:1:209760731]><>" (damage "1")
L 04/15/2016 - 21:54:05: [playercommands.smx] "Nopied◎<21><[U:1:103205717]><>" slapped "후와와 (작다)<24><[U:1:209760731]><>" (damage "1")
L 04/15/2016 - 21:54:06: [playercommands.smx] "Nopied◎<21><[U:1:103205717]><>" slapped "후와와 (작다)<24><[U:1:209760731]><>" (damage "1")
L 04/15/2016 - 21:54:06: [playercommands.smx] "Nopied◎<21><[U:1:103205717]><>" slapped "후와와 (작다)<24><[U:1:209760731]><>" (damage "1")
L 04/15/2016 - 21:54:06: [playercommands.smx] "Nopied◎<21><[U:1:103205717]><>" slapped "후와와 (작다)<24><[U:1:209760731]><>" (damage "1")
L 04/15/2016 - 21:54:06: [playercommands.smx] "Nopied◎<21><[U:1:103205717]><>" slapped "후와와 (작다)<24><[U:1:209760731]><>" (damage "1")
L 04/15/2016 - 21:54:06: [playercommands.smx] "Nopied◎<21><[U:1:103205717]><>" slapped "후와와 (작다)<24><[U:1:209760731]><>" (damage "1")
L 04/15/2016 - 21:54:06: [playercommands.smx] "Nopied◎<21><[U:1:103205717]><>" slapped "후와와 (작다)<24><[U:1:209760731]><>" (damage "1")
L 04/15/2016 - 21:54:07: [playercommands.smx] "Nopied◎<21><[U:1:103205717]><>" slapped "후와와 (작다)<24><[U:1:209760731]><>" (damage "1")
L 04/15/2016 - 21:54:07: [playercommands.smx] "Nopied◎<21><[U:1:103205717]><>" slapped "후와와 (작다)<24><[U:1:209760731]><>" (damage "1")
L 04/15/2016 - 21:54:07: [playercommands.smx] "Nopied◎<21><[U:1:103205717]><>" slapped "후와와 (작다)<24><[U:1:209760731]><>" (damage "1")
L 04/15/2016 - 21:54:07: [playercommands.smx] "Nopied◎<21><[U:1:103205717]><>" slapped "후와와 (작다)<24><[U:1:209760731]><>" (damage "1")
L 04/15/2016 - 21:54:07: [playercommands.smx] "Nopied◎<21><[U:1:103205717]><>" slapped "후와와 (작다)<24><[U:1:209760731]><>" (damage "1")
L 04/15/2016 - 21:54:07: [playercommands.smx] "Nopied◎<21><[U:1:103205717]><>" slapped "후와와 (작다)<24><[U:1:209760731]><>" (damage "1")
L 04/15/2016 - 21:55:04: [funcommands.smx] "Nopied◎<21><[U:1:103205717]><>" set a beacon on "『cute::special』<31><[U:1:103598715]><>"
L 04/15/2016 - 21:55:31: [funcommands.smx] "Nopied◎<21><[U:1:103205717]><>" set a FreezeBomb on "『cute::special』<31><[U:1:103598715]><>"
L 04/15/2016 - 21:55:54: [Boss Selection.smx] 이 클라이언트는 0의 대기포인트를 저장해놓은 상태.
L 04/15/2016 - 21:55:54: [Boss Selection.smx] 이 클라이언트는 0의 대기포인트를 저장해놓은 상태.
L 04/15/2016 - 21:58:46: [Boss Selection.smx] 이 클라이언트는 0의 대기포인트를 저장해놓은 상태.
L 04/15/2016 - 21:58:46: [Boss Selection.smx] 이 클라이언트는 0의 대기포인트를 저장해놓은 상태.
L 04/15/2016 - 22:00:10: [Boss Selection.smx] 이 클라이언트는 0의 대기포인트를 저장해놓은 상태.
L 04/15/2016 - 22:00:10: [Boss Selection.smx] 이 클라이언트는 0의 대기포인트를 저장해놓은 상태.
L 04/15/2016 - 22:02:18: [Boss Selection.smx] 이 클라이언트는 0의 대기포인트를 저장해놓은 상태.
L 04/15/2016 - 22:02:30: Log file closed.
