L 03/26/2016 - 13:28:31: SourceMod log file session started (file "L20160326.log") (Version "1.7.3-dev+5298")
L 03/26/2016 - 13:28:31: -------- Mapchange to arena_badlands --------
L 03/26/2016 - 13:28:31: [TF2ITEMS] "GiveNamedItem" offset = 472
L 03/26/2016 - 13:28:33: [Boss Selection.smx] [FF2boss] Added chat command: ff2boss
L 03/26/2016 - 13:28:33: [Boss Selection.smx] [FF2boss] Added chat command: boss
L 03/26/2016 - 13:28:33: [Boss Selection.smx] [FF2boss] Added chat command: 보스
L 03/26/2016 - 13:28:33: [Boss Selection.smx] [FF2boss] Added chat command: 보스선택
L 03/26/2016 - 13:28:33: [freak_fortress_2.smx] ===Freak Fortress 2 Initializing-v1.10.9 Beta (build manual)===
L 03/26/2016 - 13:28:47: [Boss Selection.smx] [FF2boss] Added chat command: ff2boss
L 03/26/2016 - 13:28:47: [Boss Selection.smx] [FF2boss] Added chat command: boss
L 03/26/2016 - 13:28:47: [Boss Selection.smx] [FF2boss] Added chat command: 보스
L 03/26/2016 - 13:28:47: [Boss Selection.smx] [FF2boss] Added chat command: 보스선택
L 03/26/2016 - 19:00:42: Log file closed.
L 03/26/2016 - 21:29:33: SourceMod log file session started (file "L20160326.log") (Version "1.7.3-dev+5298")
L 03/26/2016 - 21:29:33: -------- Mapchange to arena_badlands --------
L 03/26/2016 - 21:29:33: [TF2ITEMS] "GiveNamedItem" offset = 472
L 03/26/2016 - 21:29:35: [Boss Selection.smx] [FF2boss] Added chat command: ff2boss
L 03/26/2016 - 21:29:35: [Boss Selection.smx] [FF2boss] Added chat command: boss
L 03/26/2016 - 21:29:35: [Boss Selection.smx] [FF2boss] Added chat command: 보스
L 03/26/2016 - 21:29:35: [Boss Selection.smx] [FF2boss] Added chat command: 보스선택
L 03/26/2016 - 21:29:35: [freak_fortress_2.smx] ===Freak Fortress 2 Initializing-v1.10.9 Beta (build manual)===
L 03/26/2016 - 21:29:48: [Boss Selection.smx] [FF2boss] Added chat command: ff2boss
L 03/26/2016 - 21:29:48: [Boss Selection.smx] [FF2boss] Added chat command: boss
L 03/26/2016 - 21:29:48: [Boss Selection.smx] [FF2boss] Added chat command: 보스
L 03/26/2016 - 21:29:48: [Boss Selection.smx] [FF2boss] Added chat command: 보스선택
L 03/26/2016 - 21:37:24: Log file closed.
L 03/26/2016 - 22:43:24: SourceMod log file session started (file "L20160326.log") (Version "1.7.3-dev+5298")
L 03/26/2016 - 22:43:24: -------- Mapchange to arena_badlands --------
L 03/26/2016 - 22:43:24: [TF2ITEMS] "GiveNamedItem" offset = 472
L 03/26/2016 - 22:43:25: [Boss Selection.smx] [FF2boss] Added chat command: ff2boss
L 03/26/2016 - 22:43:25: [Boss Selection.smx] [FF2boss] Added chat command: boss
L 03/26/2016 - 22:43:25: [Boss Selection.smx] [FF2boss] Added chat command: 보스
L 03/26/2016 - 22:43:25: [Boss Selection.smx] [FF2boss] Added chat command: 보스선택
L 03/26/2016 - 22:43:25: [freak_fortress_2.smx] ===Freak Fortress 2 Initializing-v1.10.9 Beta (build manual)===
L 03/26/2016 - 22:43:35: [Boss Selection.smx] [FF2boss] Added chat command: ff2boss
L 03/26/2016 - 22:43:35: [Boss Selection.smx] [FF2boss] Added chat command: boss
L 03/26/2016 - 22:43:35: [Boss Selection.smx] [FF2boss] Added chat command: 보스
L 03/26/2016 - 22:43:35: [Boss Selection.smx] [FF2boss] Added chat command: 보스선택
L 03/26/2016 - 22:49:43: [Boss Selection.smx] g_strChatCommand[i] = ff2boss
L 03/26/2016 - 22:49:43: [Boss Selection.smx] g_strChatCommand[i] = boss
L 03/26/2016 - 22:49:43: [Boss Selection.smx] g_strChatCommand[i] = 보스
L 03/26/2016 - 22:49:43: [Boss Selection.smx] g_strChatCommand[i] = 보스선택
L 03/26/2016 - 22:49:43: [Boss Selection.smx] g_strChatCommand[i] = 
L 03/26/2016 - 22:52:33: -------- Mapchange to arena_badlands --------
L 03/26/2016 - 22:52:33: [Boss Selection.smx] [FF2boss] Added chat command: ff2boss
L 03/26/2016 - 22:52:33: [Boss Selection.smx] [FF2boss] Added chat command: boss
L 03/26/2016 - 22:52:33: [Boss Selection.smx] [FF2boss] Added chat command: 보스
L 03/26/2016 - 22:52:33: [Boss Selection.smx] [FF2boss] Added chat command: 보스선택
L 03/26/2016 - 22:52:33: [Boss Selection.smx] [FF2boss] Added chat command: 
L 03/26/2016 - 22:52:33: [freak_fortress_2.smx] ===Freak Fortress 2 Initializing-v1.10.9 Beta (build manual)===
L 03/26/2016 - 22:52:39: [Boss Selection.smx] [FF2boss] Added chat command: ff2boss
L 03/26/2016 - 22:52:39: [Boss Selection.smx] [FF2boss] Added chat command: boss
L 03/26/2016 - 22:52:39: [Boss Selection.smx] [FF2boss] Added chat command: 보스
L 03/26/2016 - 22:52:39: [Boss Selection.smx] [FF2boss] Added chat command: 보스선택
L 03/26/2016 - 22:52:39: [Boss Selection.smx] [FF2boss] Added chat command: 
L 03/26/2016 - 22:53:59: [Boss Selection.smx] g_strChatCommand[i] = ff2boss
L 03/26/2016 - 22:53:59: [Boss Selection.smx] g_strChatCommand[i] = boss
L 03/26/2016 - 22:53:59: [Boss Selection.smx] g_strChatCommand[i] = 보스
L 03/26/2016 - 22:53:59: [Boss Selection.smx] g_strChatCommand[i] = 보스선택
L 03/26/2016 - 22:53:59: [Boss Selection.smx] g_strChatCommand[i] = 
L 03/26/2016 - 22:53:59: [Boss Selection.smx] 명령어  감지
L 03/26/2016 - 22:54:05: [Boss Selection.smx] g_strChatCommand[i] = ff2boss
L 03/26/2016 - 22:54:05: [Boss Selection.smx] g_strChatCommand[i] = boss
L 03/26/2016 - 22:54:05: [Boss Selection.smx] g_strChatCommand[i] = 보스
L 03/26/2016 - 22:54:05: [Boss Selection.smx] g_strChatCommand[i] = 보스선택
L 03/26/2016 - 22:54:05: [Boss Selection.smx] g_strChatCommand[i] = 
L 03/26/2016 - 22:54:05: [Boss Selection.smx] 명령어  감지
L 03/26/2016 - 22:54:07: [Boss Selection.smx] g_strChatCommand[i] = ff2boss
L 03/26/2016 - 22:54:07: [Boss Selection.smx] g_strChatCommand[i] = boss
L 03/26/2016 - 22:54:07: [Boss Selection.smx] g_strChatCommand[i] = 보스
L 03/26/2016 - 22:54:07: [Boss Selection.smx] g_strChatCommand[i] = 보스선택
L 03/26/2016 - 22:54:07: [Boss Selection.smx] g_strChatCommand[i] = 
L 03/26/2016 - 22:54:07: [Boss Selection.smx] 명령어  감지
L 03/26/2016 - 22:54:16: [Boss Selection.smx] g_strChatCommand[i] = ff2boss
L 03/26/2016 - 22:54:16: [Boss Selection.smx] g_strChatCommand[i] = boss
L 03/26/2016 - 22:54:16: [Boss Selection.smx] g_strChatCommand[i] = 보스
L 03/26/2016 - 22:54:16: [Boss Selection.smx] g_strChatCommand[i] = 보스선택
L 03/26/2016 - 22:54:16: [Boss Selection.smx] g_strChatCommand[i] = 
L 03/26/2016 - 22:54:16: [Boss Selection.smx] 명령어  감지
L 03/26/2016 - 22:54:22: [Boss Selection.smx] g_strChatCommand[i] = ff2boss
L 03/26/2016 - 22:54:22: [Boss Selection.smx] g_strChatCommand[i] = boss
L 03/26/2016 - 22:54:22: [Boss Selection.smx] g_strChatCommand[i] = 보스
L 03/26/2016 - 22:54:22: [Boss Selection.smx] g_strChatCommand[i] = 보스선택
L 03/26/2016 - 22:54:22: [Boss Selection.smx] g_strChatCommand[i] = 
L 03/26/2016 - 22:54:22: [Boss Selection.smx] 명령어  감지
L 03/26/2016 - 22:54:23: [Boss Selection.smx] g_strChatCommand[i] = ff2boss
L 03/26/2016 - 22:54:23: [Boss Selection.smx] g_strChatCommand[i] = boss
L 03/26/2016 - 22:54:23: [Boss Selection.smx] g_strChatCommand[i] = 보스
L 03/26/2016 - 22:54:23: [Boss Selection.smx] g_strChatCommand[i] = 보스선택
L 03/26/2016 - 22:54:24: [Boss Selection.smx] g_strChatCommand[i] = 
L 03/26/2016 - 22:54:24: [Boss Selection.smx] 명령어  감지
L 03/26/2016 - 22:54:24: [Boss Selection.smx] g_strChatCommand[i] = ff2boss
L 03/26/2016 - 22:54:24: [Boss Selection.smx] g_strChatCommand[i] = boss
L 03/26/2016 - 22:54:24: [Boss Selection.smx] g_strChatCommand[i] = 보스
L 03/26/2016 - 22:54:24: [Boss Selection.smx] g_strChatCommand[i] = 보스선택
L 03/26/2016 - 22:54:24: [Boss Selection.smx] g_strChatCommand[i] = 
L 03/26/2016 - 22:54:24: [Boss Selection.smx] 명령어  감지
L 03/26/2016 - 22:54:24: [Boss Selection.smx] 선택한 보스 이름: Seeman
L 03/26/2016 - 22:54:32: [Boss Selection.smx] g_strChatCommand[i] = ff2boss
L 03/26/2016 - 22:54:32: [Boss Selection.smx] g_strChatCommand[i] = boss
L 03/26/2016 - 22:54:32: [Boss Selection.smx] g_strChatCommand[i] = 보스
L 03/26/2016 - 22:54:32: [Boss Selection.smx] g_strChatCommand[i] = 보스선택
L 03/26/2016 - 22:54:32: [Boss Selection.smx] g_strChatCommand[i] = 
L 03/26/2016 - 22:54:32: [Boss Selection.smx] 명령어  감지
L 03/26/2016 - 22:54:37: [Boss Selection.smx] 선택한 보스 이름: GentleSpy
L 03/26/2016 - 22:54:43: [Boss Selection.smx] g_strChatCommand[i] = ff2boss
L 03/26/2016 - 22:54:43: [Boss Selection.smx] g_strChatCommand[i] = boss
L 03/26/2016 - 22:54:43: [Boss Selection.smx] g_strChatCommand[i] = 보스
L 03/26/2016 - 22:54:43: [Boss Selection.smx] g_strChatCommand[i] = 보스선택
L 03/26/2016 - 22:54:43: [Boss Selection.smx] g_strChatCommand[i] = 
L 03/26/2016 - 22:54:43: [Boss Selection.smx] 명령어  감지
L 03/26/2016 - 22:54:48: [Boss Selection.smx] g_strChatCommand[i] = ff2boss
L 03/26/2016 - 22:54:48: [Boss Selection.smx] g_strChatCommand[i] = boss
L 03/26/2016 - 22:54:48: [Boss Selection.smx] g_strChatCommand[i] = 보스
L 03/26/2016 - 22:54:48: [Boss Selection.smx] g_strChatCommand[i] = 보스선택
L 03/26/2016 - 22:54:48: [Boss Selection.smx] g_strChatCommand[i] = 
L 03/26/2016 - 22:54:48: [Boss Selection.smx] 명령어  감지
L 03/26/2016 - 22:54:54: [Boss Selection.smx] g_strChatCommand[i] = ff2boss
L 03/26/2016 - 22:54:54: [Boss Selection.smx] g_strChatCommand[i] = boss
L 03/26/2016 - 22:54:54: [Boss Selection.smx] g_strChatCommand[i] = 보스
L 03/26/2016 - 22:54:54: [Boss Selection.smx] g_strChatCommand[i] = 보스선택
L 03/26/2016 - 22:54:54: [Boss Selection.smx] g_strChatCommand[i] = 
L 03/26/2016 - 22:54:54: [Boss Selection.smx] 명령어  감지
L 03/26/2016 - 22:54:55: [Boss Selection.smx] g_strChatCommand[i] = ff2boss
L 03/26/2016 - 22:54:55: [Boss Selection.smx] g_strChatCommand[i] = boss
L 03/26/2016 - 22:54:55: [Boss Selection.smx] g_strChatCommand[i] = 보스
L 03/26/2016 - 22:54:55: [Boss Selection.smx] g_strChatCommand[i] = 보스선택
L 03/26/2016 - 22:54:55: [Boss Selection.smx] g_strChatCommand[i] = 
L 03/26/2016 - 22:54:55: [Boss Selection.smx] 명령어  감지
L 03/26/2016 - 22:54:59: [Boss Selection.smx] g_strChatCommand[i] = ff2boss
L 03/26/2016 - 22:54:59: [Boss Selection.smx] g_strChatCommand[i] = boss
L 03/26/2016 - 22:54:59: [Boss Selection.smx] g_strChatCommand[i] = 보스
L 03/26/2016 - 22:54:59: [Boss Selection.smx] g_strChatCommand[i] = 보스선택
L 03/26/2016 - 22:54:59: [Boss Selection.smx] g_strChatCommand[i] = 
L 03/26/2016 - 22:54:59: [Boss Selection.smx] 명령어  감지
L 03/26/2016 - 22:55:01: [Boss Selection.smx] g_strChatCommand[i] = ff2boss
L 03/26/2016 - 22:55:01: [Boss Selection.smx] g_strChatCommand[i] = boss
L 03/26/2016 - 22:55:01: [Boss Selection.smx] g_strChatCommand[i] = 보스
L 03/26/2016 - 22:55:01: [Boss Selection.smx] g_strChatCommand[i] = 보스선택
L 03/26/2016 - 22:55:01: [Boss Selection.smx] g_strChatCommand[i] = 
L 03/26/2016 - 22:55:01: [Boss Selection.smx] 명령어  감지
L 03/26/2016 - 22:56:14: [Boss Selection.smx] g_strChatCommand[i] = ff2boss
L 03/26/2016 - 22:56:14: [Boss Selection.smx] g_strChatCommand[i] = boss
L 03/26/2016 - 22:56:14: [Boss Selection.smx] g_strChatCommand[i] = 보스
L 03/26/2016 - 22:56:14: [Boss Selection.smx] g_strChatCommand[i] = 보스선택
L 03/26/2016 - 22:56:14: [Boss Selection.smx] g_strChatCommand[i] = 
L 03/26/2016 - 22:56:14: [Boss Selection.smx] 명령어  감지
L 03/26/2016 - 22:56:29: [Boss Selection.smx] g_strChatCommand[i] = ff2boss
L 03/26/2016 - 22:56:29: [Boss Selection.smx] g_strChatCommand[i] = boss
L 03/26/2016 - 22:56:29: [Boss Selection.smx] g_strChatCommand[i] = 보스
L 03/26/2016 - 22:56:29: [Boss Selection.smx] g_strChatCommand[i] = 보스선택
L 03/26/2016 - 22:56:29: [Boss Selection.smx] g_strChatCommand[i] = 
L 03/26/2016 - 22:56:29: [Boss Selection.smx] 명령어  감지
L 03/26/2016 - 22:56:43: [Boss Selection.smx] g_strChatCommand[i] = ff2boss
L 03/26/2016 - 22:56:43: [Boss Selection.smx] g_strChatCommand[i] = boss
L 03/26/2016 - 22:56:43: [Boss Selection.smx] g_strChatCommand[i] = 보스
L 03/26/2016 - 22:56:43: [Boss Selection.smx] g_strChatCommand[i] = 보스선택
L 03/26/2016 - 22:56:43: [Boss Selection.smx] g_strChatCommand[i] = 
L 03/26/2016 - 22:56:43: [Boss Selection.smx] 명령어  감지
L 03/26/2016 - 22:56:47: [Boss Selection.smx] g_strChatCommand[i] = ff2boss
L 03/26/2016 - 22:56:47: [Boss Selection.smx] g_strChatCommand[i] = boss
L 03/26/2016 - 22:56:47: [Boss Selection.smx] g_strChatCommand[i] = 보스
L 03/26/2016 - 22:56:47: [Boss Selection.smx] g_strChatCommand[i] = 보스선택
L 03/26/2016 - 22:56:47: [Boss Selection.smx] g_strChatCommand[i] = 
L 03/26/2016 - 22:56:47: [Boss Selection.smx] 명령어  감지
L 03/26/2016 - 22:57:04: [Boss Selection.smx] g_strChatCommand[i] = ff2boss
L 03/26/2016 - 22:57:04: [Boss Selection.smx] g_strChatCommand[i] = boss
L 03/26/2016 - 22:57:04: [Boss Selection.smx] g_strChatCommand[i] = 보스
L 03/26/2016 - 22:57:04: [Boss Selection.smx] g_strChatCommand[i] = 보스선택
L 03/26/2016 - 22:57:04: [Boss Selection.smx] g_strChatCommand[i] = 
L 03/26/2016 - 22:57:04: [Boss Selection.smx] 명령어  감지
L 03/26/2016 - 22:57:06: [Boss Selection.smx] g_strChatCommand[i] = ff2boss
L 03/26/2016 - 22:57:06: [Boss Selection.smx] g_strChatCommand[i] = boss
L 03/26/2016 - 22:57:06: [Boss Selection.smx] g_strChatCommand[i] = 보스
L 03/26/2016 - 22:57:06: [Boss Selection.smx] g_strChatCommand[i] = 보스선택
L 03/26/2016 - 22:57:06: [Boss Selection.smx] g_strChatCommand[i] = 
L 03/26/2016 - 22:57:06: [Boss Selection.smx] 명령어  감지
L 03/26/2016 - 22:57:42: [Boss Selection.smx] g_strChatCommand[i] = ff2boss
L 03/26/2016 - 22:57:42: [Boss Selection.smx] g_strChatCommand[i] = boss
L 03/26/2016 - 22:57:42: [Boss Selection.smx] g_strChatCommand[i] = 보스
L 03/26/2016 - 22:57:42: [Boss Selection.smx] g_strChatCommand[i] = 보스선택
L 03/26/2016 - 22:57:42: [Boss Selection.smx] g_strChatCommand[i] = 
L 03/26/2016 - 22:57:42: [Boss Selection.smx] 명령어  감지
L 03/26/2016 - 22:57:47: [Boss Selection.smx] g_strChatCommand[i] = ff2boss
L 03/26/2016 - 22:57:47: [Boss Selection.smx] g_strChatCommand[i] = boss
L 03/26/2016 - 22:57:47: [Boss Selection.smx] g_strChatCommand[i] = 보스
L 03/26/2016 - 22:57:47: [Boss Selection.smx] g_strChatCommand[i] = 보스선택
L 03/26/2016 - 22:57:47: [Boss Selection.smx] g_strChatCommand[i] = 
L 03/26/2016 - 22:57:47: [Boss Selection.smx] 명령어  감지
L 03/26/2016 - 22:57:48: [Boss Selection.smx] g_strChatCommand[i] = ff2boss
L 03/26/2016 - 22:57:48: [Boss Selection.smx] g_strChatCommand[i] = boss
L 03/26/2016 - 22:57:48: [Boss Selection.smx] g_strChatCommand[i] = 보스
L 03/26/2016 - 22:57:48: [Boss Selection.smx] g_strChatCommand[i] = 보스선택
L 03/26/2016 - 22:57:48: [Boss Selection.smx] g_strChatCommand[i] = 
L 03/26/2016 - 22:57:48: [Boss Selection.smx] 명령어  감지
L 03/26/2016 - 22:57:50: [Boss Selection.smx] g_strChatCommand[i] = ff2boss
L 03/26/2016 - 22:57:50: [Boss Selection.smx] g_strChatCommand[i] = boss
L 03/26/2016 - 22:57:50: [Boss Selection.smx] g_strChatCommand[i] = 보스
L 03/26/2016 - 22:57:50: [Boss Selection.smx] g_strChatCommand[i] = 보스선택
L 03/26/2016 - 22:57:50: [Boss Selection.smx] g_strChatCommand[i] = 
L 03/26/2016 - 22:57:50: [Boss Selection.smx] 명령어  감지
L 03/26/2016 - 22:57:56: [Boss Selection.smx] g_strChatCommand[i] = ff2boss
L 03/26/2016 - 22:57:56: [Boss Selection.smx] g_strChatCommand[i] = boss
L 03/26/2016 - 22:57:56: [Boss Selection.smx] g_strChatCommand[i] = 보스
L 03/26/2016 - 22:57:56: [Boss Selection.smx] g_strChatCommand[i] = 보스선택
L 03/26/2016 - 22:57:56: [Boss Selection.smx] g_strChatCommand[i] = 
L 03/26/2016 - 22:57:56: [Boss Selection.smx] 명령어  감지
L 03/26/2016 - 22:58:19: [Boss Selection.smx] g_strChatCommand[i] = ff2boss
L 03/26/2016 - 22:58:19: [Boss Selection.smx] g_strChatCommand[i] = boss
L 03/26/2016 - 22:58:19: [Boss Selection.smx] g_strChatCommand[i] = 보스
L 03/26/2016 - 22:58:19: [Boss Selection.smx] g_strChatCommand[i] = 보스선택
L 03/26/2016 - 22:58:19: [Boss Selection.smx] g_strChatCommand[i] = 
L 03/26/2016 - 22:58:19: [Boss Selection.smx] 명령어  감지
L 03/26/2016 - 22:58:23: [Boss Selection.smx] g_strChatCommand[i] = ff2boss
L 03/26/2016 - 22:58:23: [Boss Selection.smx] g_strChatCommand[i] = boss
L 03/26/2016 - 22:58:23: [Boss Selection.smx] g_strChatCommand[i] = 보스
L 03/26/2016 - 22:58:23: [Boss Selection.smx] g_strChatCommand[i] = 보스선택
L 03/26/2016 - 22:58:23: [Boss Selection.smx] g_strChatCommand[i] = 
L 03/26/2016 - 22:58:24: [Boss Selection.smx] 명령어  감지
L 03/26/2016 - 22:58:39: [Boss Selection.smx] g_strChatCommand[i] = ff2boss
L 03/26/2016 - 22:58:39: [Boss Selection.smx] g_strChatCommand[i] = boss
L 03/26/2016 - 22:58:39: [Boss Selection.smx] g_strChatCommand[i] = 보스
L 03/26/2016 - 22:58:39: [Boss Selection.smx] g_strChatCommand[i] = 보스선택
L 03/26/2016 - 22:58:39: [Boss Selection.smx] g_strChatCommand[i] = 
L 03/26/2016 - 22:58:39: [Boss Selection.smx] 명령어  감지
L 03/26/2016 - 22:58:46: [Boss Selection.smx] g_strChatCommand[i] = ff2boss
L 03/26/2016 - 22:58:46: [Boss Selection.smx] g_strChatCommand[i] = boss
L 03/26/2016 - 22:58:46: [Boss Selection.smx] g_strChatCommand[i] = 보스
L 03/26/2016 - 22:58:46: [Boss Selection.smx] g_strChatCommand[i] = 보스선택
L 03/26/2016 - 22:58:46: [Boss Selection.smx] g_strChatCommand[i] = 
L 03/26/2016 - 22:58:46: [Boss Selection.smx] 명령어  감지
L 03/26/2016 - 22:59:07: [Boss Selection.smx] g_strChatCommand[i] = ff2boss
L 03/26/2016 - 22:59:07: [Boss Selection.smx] g_strChatCommand[i] = boss
L 03/26/2016 - 22:59:07: [Boss Selection.smx] g_strChatCommand[i] = 보스
L 03/26/2016 - 22:59:07: [Boss Selection.smx] g_strChatCommand[i] = 보스선택
L 03/26/2016 - 22:59:07: [Boss Selection.smx] g_strChatCommand[i] = 
L 03/26/2016 - 22:59:07: [Boss Selection.smx] 명령어  감지
L 03/26/2016 - 22:59:11: [Boss Selection.smx] g_strChatCommand[i] = ff2boss
L 03/26/2016 - 22:59:11: [Boss Selection.smx] g_strChatCommand[i] = boss
L 03/26/2016 - 22:59:11: [Boss Selection.smx] g_strChatCommand[i] = 보스
L 03/26/2016 - 22:59:11: [Boss Selection.smx] g_strChatCommand[i] = 보스선택
L 03/26/2016 - 22:59:11: [Boss Selection.smx] g_strChatCommand[i] = 
L 03/26/2016 - 22:59:11: [Boss Selection.smx] 명령어  감지
L 03/26/2016 - 23:00:09: [Boss Selection.smx] g_strChatCommand[i] = ff2boss
L 03/26/2016 - 23:00:09: [Boss Selection.smx] g_strChatCommand[i] = boss
L 03/26/2016 - 23:00:09: [Boss Selection.smx] g_strChatCommand[i] = 보스
L 03/26/2016 - 23:00:09: [Boss Selection.smx] g_strChatCommand[i] = 보스선택
L 03/26/2016 - 23:00:09: [Boss Selection.smx] g_strChatCommand[i] = 
L 03/26/2016 - 23:00:09: [Boss Selection.smx] 명령어  감지
L 03/26/2016 - 23:00:11: [Boss Selection.smx] g_strChatCommand[i] = ff2boss
L 03/26/2016 - 23:00:11: [Boss Selection.smx] g_strChatCommand[i] = boss
L 03/26/2016 - 23:00:11: [Boss Selection.smx] g_strChatCommand[i] = 보스
L 03/26/2016 - 23:00:11: [Boss Selection.smx] g_strChatCommand[i] = 보스선택
L 03/26/2016 - 23:00:11: [Boss Selection.smx] g_strChatCommand[i] = 
L 03/26/2016 - 23:00:11: [Boss Selection.smx] 명령어  감지
L 03/26/2016 - 23:00:18: [Boss Selection.smx] g_strChatCommand[i] = ff2boss
L 03/26/2016 - 23:00:18: [Boss Selection.smx] g_strChatCommand[i] = boss
L 03/26/2016 - 23:00:18: [Boss Selection.smx] g_strChatCommand[i] = 보스
L 03/26/2016 - 23:00:18: [Boss Selection.smx] g_strChatCommand[i] = 보스선택
L 03/26/2016 - 23:00:18: [Boss Selection.smx] g_strChatCommand[i] = 
L 03/26/2016 - 23:00:18: [Boss Selection.smx] 명령어  감지
L 03/26/2016 - 23:01:13: [Boss Selection.smx] g_strChatCommand[i] = ff2boss
L 03/26/2016 - 23:01:13: [Boss Selection.smx] g_strChatCommand[i] = boss
L 03/26/2016 - 23:01:13: [Boss Selection.smx] g_strChatCommand[i] = 보스
L 03/26/2016 - 23:01:13: [Boss Selection.smx] g_strChatCommand[i] = 보스선택
L 03/26/2016 - 23:01:13: [Boss Selection.smx] g_strChatCommand[i] = 
L 03/26/2016 - 23:01:13: [Boss Selection.smx] 명령어  감지
L 03/26/2016 - 23:01:16: [Boss Selection.smx] g_strChatCommand[i] = ff2boss
L 03/26/2016 - 23:01:16: [Boss Selection.smx] g_strChatCommand[i] = boss
L 03/26/2016 - 23:01:16: [Boss Selection.smx] g_strChatCommand[i] = 보스
L 03/26/2016 - 23:01:16: [Boss Selection.smx] g_strChatCommand[i] = 보스선택
L 03/26/2016 - 23:01:16: [Boss Selection.smx] g_strChatCommand[i] = 
L 03/26/2016 - 23:01:16: [Boss Selection.smx] 명령어  감지
L 03/26/2016 - 23:01:19: [Boss Selection.smx] g_strChatCommand[i] = ff2boss
L 03/26/2016 - 23:01:19: [Boss Selection.smx] g_strChatCommand[i] = boss
L 03/26/2016 - 23:01:19: [Boss Selection.smx] g_strChatCommand[i] = 보스
L 03/26/2016 - 23:01:19: [Boss Selection.smx] g_strChatCommand[i] = 보스선택
L 03/26/2016 - 23:01:19: [Boss Selection.smx] g_strChatCommand[i] = 
L 03/26/2016 - 23:01:19: [Boss Selection.smx] 명령어  감지
L 03/26/2016 - 23:01:22: [Boss Selection.smx] g_strChatCommand[i] = ff2boss
L 03/26/2016 - 23:01:22: [Boss Selection.smx] g_strChatCommand[i] = boss
L 03/26/2016 - 23:01:22: [Boss Selection.smx] g_strChatCommand[i] = 보스
L 03/26/2016 - 23:01:22: [Boss Selection.smx] g_strChatCommand[i] = 보스선택
L 03/26/2016 - 23:01:22: [Boss Selection.smx] g_strChatCommand[i] = 
L 03/26/2016 - 23:01:22: [Boss Selection.smx] 명령어  감지
L 03/26/2016 - 23:01:22: [Boss Selection.smx] g_strChatCommand[i] = ff2boss
L 03/26/2016 - 23:01:22: [Boss Selection.smx] g_strChatCommand[i] = boss
L 03/26/2016 - 23:01:22: [Boss Selection.smx] g_strChatCommand[i] = 보스
L 03/26/2016 - 23:01:22: [Boss Selection.smx] g_strChatCommand[i] = 보스선택
L 03/26/2016 - 23:01:22: [Boss Selection.smx] g_strChatCommand[i] = 
L 03/26/2016 - 23:01:22: [Boss Selection.smx] 명령어  감지
L 03/26/2016 - 23:01:25: [Boss Selection.smx] g_strChatCommand[i] = ff2boss
L 03/26/2016 - 23:01:25: [Boss Selection.smx] g_strChatCommand[i] = boss
L 03/26/2016 - 23:01:25: [Boss Selection.smx] g_strChatCommand[i] = 보스
L 03/26/2016 - 23:01:25: [Boss Selection.smx] g_strChatCommand[i] = 보스선택
L 03/26/2016 - 23:01:25: [Boss Selection.smx] g_strChatCommand[i] = 
L 03/26/2016 - 23:01:25: [Boss Selection.smx] 명령어  감지
L 03/26/2016 - 23:01:30: [Boss Selection.smx] g_strChatCommand[i] = ff2boss
L 03/26/2016 - 23:01:30: [Boss Selection.smx] g_strChatCommand[i] = boss
L 03/26/2016 - 23:01:30: [Boss Selection.smx] g_strChatCommand[i] = 보스
L 03/26/2016 - 23:01:30: [Boss Selection.smx] g_strChatCommand[i] = 보스선택
L 03/26/2016 - 23:01:30: [Boss Selection.smx] g_strChatCommand[i] = 
L 03/26/2016 - 23:01:30: [Boss Selection.smx] 명령어  감지
L 03/26/2016 - 23:01:31: [Boss Selection.smx] g_strChatCommand[i] = ff2boss
L 03/26/2016 - 23:01:31: [Boss Selection.smx] g_strChatCommand[i] = boss
L 03/26/2016 - 23:01:31: [Boss Selection.smx] g_strChatCommand[i] = 보스
L 03/26/2016 - 23:01:31: [Boss Selection.smx] g_strChatCommand[i] = 보스선택
L 03/26/2016 - 23:01:31: [Boss Selection.smx] g_strChatCommand[i] = 
L 03/26/2016 - 23:01:31: [Boss Selection.smx] 명령어  감지
L 03/26/2016 - 23:01:31: [Boss Selection.smx] g_strChatCommand[i] = ff2boss
L 03/26/2016 - 23:01:31: [Boss Selection.smx] g_strChatCommand[i] = boss
L 03/26/2016 - 23:01:31: [Boss Selection.smx] g_strChatCommand[i] = 보스
L 03/26/2016 - 23:01:31: [Boss Selection.smx] g_strChatCommand[i] = 보스선택
L 03/26/2016 - 23:01:31: [Boss Selection.smx] g_strChatCommand[i] = 
L 03/26/2016 - 23:01:31: [Boss Selection.smx] 명령어  감지
L 03/26/2016 - 23:02:09: [Boss Selection.smx] g_strChatCommand[i] = ff2boss
L 03/26/2016 - 23:02:09: [Boss Selection.smx] g_strChatCommand[i] = boss
L 03/26/2016 - 23:02:09: [Boss Selection.smx] g_strChatCommand[i] = 보스
L 03/26/2016 - 23:02:09: [Boss Selection.smx] g_strChatCommand[i] = 보스선택
L 03/26/2016 - 23:02:09: [Boss Selection.smx] g_strChatCommand[i] = 
L 03/26/2016 - 23:02:09: [Boss Selection.smx] 명령어  감지
L 03/26/2016 - 23:02:10: [Boss Selection.smx] g_strChatCommand[i] = ff2boss
L 03/26/2016 - 23:02:10: [Boss Selection.smx] g_strChatCommand[i] = boss
L 03/26/2016 - 23:02:10: [Boss Selection.smx] g_strChatCommand[i] = 보스
L 03/26/2016 - 23:02:10: [Boss Selection.smx] g_strChatCommand[i] = 보스선택
L 03/26/2016 - 23:02:10: [Boss Selection.smx] g_strChatCommand[i] = 
L 03/26/2016 - 23:02:10: [Boss Selection.smx] 명령어  감지
L 03/26/2016 - 23:02:15: [Boss Selection.smx] g_strChatCommand[i] = ff2boss
L 03/26/2016 - 23:02:15: [Boss Selection.smx] g_strChatCommand[i] = boss
L 03/26/2016 - 23:02:15: [Boss Selection.smx] g_strChatCommand[i] = 보스
L 03/26/2016 - 23:02:15: [Boss Selection.smx] g_strChatCommand[i] = 보스선택
L 03/26/2016 - 23:02:15: [Boss Selection.smx] g_strChatCommand[i] = 
L 03/26/2016 - 23:02:15: [Boss Selection.smx] 명령어  감지
L 03/26/2016 - 23:02:27: [Boss Selection.smx] g_strChatCommand[i] = ff2boss
L 03/26/2016 - 23:02:27: [Boss Selection.smx] g_strChatCommand[i] = boss
L 03/26/2016 - 23:02:27: [Boss Selection.smx] g_strChatCommand[i] = 보스
L 03/26/2016 - 23:02:27: [Boss Selection.smx] g_strChatCommand[i] = 보스선택
L 03/26/2016 - 23:02:27: [Boss Selection.smx] g_strChatCommand[i] = 
L 03/26/2016 - 23:02:27: [Boss Selection.smx] 명령어  감지
L 03/26/2016 - 23:02:44: [Boss Selection.smx] g_strChatCommand[i] = ff2boss
L 03/26/2016 - 23:02:44: [Boss Selection.smx] g_strChatCommand[i] = boss
L 03/26/2016 - 23:02:44: [Boss Selection.smx] g_strChatCommand[i] = 보스
L 03/26/2016 - 23:02:44: [Boss Selection.smx] g_strChatCommand[i] = 보스선택
L 03/26/2016 - 23:02:44: [Boss Selection.smx] g_strChatCommand[i] = 
L 03/26/2016 - 23:02:44: [Boss Selection.smx] 명령어  감지
L 03/26/2016 - 23:02:51: [Boss Selection.smx] g_strChatCommand[i] = ff2boss
L 03/26/2016 - 23:02:51: [Boss Selection.smx] g_strChatCommand[i] = boss
L 03/26/2016 - 23:02:51: [Boss Selection.smx] g_strChatCommand[i] = 보스
L 03/26/2016 - 23:02:51: [Boss Selection.smx] g_strChatCommand[i] = 보스선택
L 03/26/2016 - 23:02:51: [Boss Selection.smx] g_strChatCommand[i] = 
L 03/26/2016 - 23:02:51: [Boss Selection.smx] 명령어  감지
L 03/26/2016 - 23:02:52: [Boss Selection.smx] g_strChatCommand[i] = ff2boss
L 03/26/2016 - 23:02:52: [Boss Selection.smx] g_strChatCommand[i] = boss
L 03/26/2016 - 23:02:52: [Boss Selection.smx] g_strChatCommand[i] = 보스
L 03/26/2016 - 23:02:52: [Boss Selection.smx] g_strChatCommand[i] = 보스선택
L 03/26/2016 - 23:02:52: [Boss Selection.smx] g_strChatCommand[i] = 
L 03/26/2016 - 23:02:52: [Boss Selection.smx] 명령어  감지
L 03/26/2016 - 23:03:27: [Boss Selection.smx] g_strChatCommand[i] = ff2boss
L 03/26/2016 - 23:03:27: [Boss Selection.smx] g_strChatCommand[i] = boss
L 03/26/2016 - 23:03:27: [Boss Selection.smx] g_strChatCommand[i] = 보스
L 03/26/2016 - 23:03:27: [Boss Selection.smx] g_strChatCommand[i] = 보스선택
L 03/26/2016 - 23:03:27: [Boss Selection.smx] g_strChatCommand[i] = 
L 03/26/2016 - 23:03:27: [Boss Selection.smx] 명령어  감지
L 03/26/2016 - 23:03:30: [Boss Selection.smx] g_strChatCommand[i] = ff2boss
L 03/26/2016 - 23:03:30: [Boss Selection.smx] g_strChatCommand[i] = boss
L 03/26/2016 - 23:03:30: [Boss Selection.smx] g_strChatCommand[i] = 보스
L 03/26/2016 - 23:03:30: [Boss Selection.smx] g_strChatCommand[i] = 보스선택
L 03/26/2016 - 23:03:30: [Boss Selection.smx] g_strChatCommand[i] = 
L 03/26/2016 - 23:03:30: [Boss Selection.smx] 명령어  감지
L 03/26/2016 - 23:03:34: [Boss Selection.smx] g_strChatCommand[i] = ff2boss
L 03/26/2016 - 23:03:34: [Boss Selection.smx] g_strChatCommand[i] = boss
L 03/26/2016 - 23:03:34: [Boss Selection.smx] g_strChatCommand[i] = 보스
L 03/26/2016 - 23:03:34: [Boss Selection.smx] g_strChatCommand[i] = 보스선택
L 03/26/2016 - 23:03:34: [Boss Selection.smx] g_strChatCommand[i] = 
L 03/26/2016 - 23:03:34: [Boss Selection.smx] 명령어  감지
L 03/26/2016 - 23:04:14: [Boss Selection.smx] g_strChatCommand[i] = ff2boss
L 03/26/2016 - 23:04:14: [Boss Selection.smx] g_strChatCommand[i] = boss
L 03/26/2016 - 23:04:14: [Boss Selection.smx] g_strChatCommand[i] = 보스
L 03/26/2016 - 23:04:14: [Boss Selection.smx] g_strChatCommand[i] = 보스선택
L 03/26/2016 - 23:04:14: [Boss Selection.smx] g_strChatCommand[i] = 
L 03/26/2016 - 23:04:14: [Boss Selection.smx] 명령어  감지
L 03/26/2016 - 23:04:20: [Boss Selection.smx] g_strChatCommand[i] = ff2boss
L 03/26/2016 - 23:04:20: [Boss Selection.smx] g_strChatCommand[i] = boss
L 03/26/2016 - 23:04:20: [Boss Selection.smx] g_strChatCommand[i] = 보스
L 03/26/2016 - 23:04:20: [Boss Selection.smx] g_strChatCommand[i] = 보스선택
L 03/26/2016 - 23:04:20: [Boss Selection.smx] g_strChatCommand[i] = 
L 03/26/2016 - 23:04:20: [Boss Selection.smx] 명령어  감지
L 03/26/2016 - 23:04:24: [Boss Selection.smx] g_strChatCommand[i] = ff2boss
L 03/26/2016 - 23:04:24: [Boss Selection.smx] g_strChatCommand[i] = boss
L 03/26/2016 - 23:04:24: [Boss Selection.smx] g_strChatCommand[i] = 보스
L 03/26/2016 - 23:04:24: [Boss Selection.smx] g_strChatCommand[i] = 보스선택
L 03/26/2016 - 23:04:24: [Boss Selection.smx] g_strChatCommand[i] = 
L 03/26/2016 - 23:04:24: [Boss Selection.smx] 명령어  감지
L 03/26/2016 - 23:04:26: [Boss Selection.smx] g_strChatCommand[i] = ff2boss
L 03/26/2016 - 23:04:26: [Boss Selection.smx] g_strChatCommand[i] = boss
L 03/26/2016 - 23:04:26: [Boss Selection.smx] g_strChatCommand[i] = 보스
L 03/26/2016 - 23:04:26: [Boss Selection.smx] g_strChatCommand[i] = 보스선택
L 03/26/2016 - 23:04:26: [Boss Selection.smx] g_strChatCommand[i] = 
L 03/26/2016 - 23:04:26: [Boss Selection.smx] 명령어  감지
L 03/26/2016 - 23:04:30: [Boss Selection.smx] g_strChatCommand[i] = ff2boss
L 03/26/2016 - 23:04:30: [Boss Selection.smx] g_strChatCommand[i] = boss
L 03/26/2016 - 23:04:30: [Boss Selection.smx] g_strChatCommand[i] = 보스
L 03/26/2016 - 23:04:30: [Boss Selection.smx] g_strChatCommand[i] = 보스선택
L 03/26/2016 - 23:04:30: [Boss Selection.smx] g_strChatCommand[i] = 
L 03/26/2016 - 23:04:30: [Boss Selection.smx] 명령어  감지
L 03/26/2016 - 23:04:31: [Boss Selection.smx] g_strChatCommand[i] = ff2boss
L 03/26/2016 - 23:04:31: [Boss Selection.smx] g_strChatCommand[i] = boss
L 03/26/2016 - 23:04:31: [Boss Selection.smx] g_strChatCommand[i] = 보스
L 03/26/2016 - 23:04:31: [Boss Selection.smx] g_strChatCommand[i] = 보스선택
L 03/26/2016 - 23:04:31: [Boss Selection.smx] g_strChatCommand[i] = 
L 03/26/2016 - 23:04:31: [Boss Selection.smx] 명령어  감지
L 03/26/2016 - 23:15:57: SourceMod log file session started (file "L20160326.log") (Version "1.7.3-dev+5298")
L 03/26/2016 - 23:15:57: -------- Mapchange to arena_badlands --------
L 03/26/2016 - 23:15:57: [TF2ITEMS] "GiveNamedItem" offset = 472
L 03/26/2016 - 23:15:59: [Boss Selection.smx] [FF2boss] Added chat command: ff2boss
L 03/26/2016 - 23:15:59: [Boss Selection.smx] [FF2boss] Added chat command: boss
L 03/26/2016 - 23:15:59: [Boss Selection.smx] [FF2boss] Added chat command: 보스
L 03/26/2016 - 23:15:59: [Boss Selection.smx] [FF2boss] Added chat command: 보스선택
L 03/26/2016 - 23:15:59: [Boss Selection.smx] [FF2boss] Added chat command: 
L 03/26/2016 - 23:15:59: [freak_fortress_2.smx] ===Freak Fortress 2 Initializing-v1.10.9 Beta (build manual)===
L 03/26/2016 - 23:16:12: [Boss Selection.smx] [FF2boss] Added chat command: ff2boss
L 03/26/2016 - 23:16:12: [Boss Selection.smx] [FF2boss] Added chat command: boss
L 03/26/2016 - 23:16:12: [Boss Selection.smx] [FF2boss] Added chat command: 보스
L 03/26/2016 - 23:16:12: [Boss Selection.smx] [FF2boss] Added chat command: 보스선택
L 03/26/2016 - 23:16:12: [Boss Selection.smx] [FF2boss] Added chat command: 
L 03/26/2016 - 23:17:14: [Boss Selection.smx] g_strChatCommand[i] = ff2boss
L 03/26/2016 - 23:17:14: [Boss Selection.smx] g_strChatCommand[i] = boss
L 03/26/2016 - 23:17:14: [Boss Selection.smx] g_strChatCommand[i] = 보스
L 03/26/2016 - 23:17:14: [Boss Selection.smx] g_strChatCommand[i] = 보스선택
L 03/26/2016 - 23:17:14: [Boss Selection.smx] g_strChatCommand[i] = 
L 03/26/2016 - 23:17:14: [Boss Selection.smx] 명령어  감지
L 03/26/2016 - 23:17:17: [Boss Selection.smx] g_strChatCommand[i] = ff2boss
L 03/26/2016 - 23:17:17: [Boss Selection.smx] g_strChatCommand[i] = boss
L 03/26/2016 - 23:17:17: [Boss Selection.smx] g_strChatCommand[i] = 보스
L 03/26/2016 - 23:17:17: [Boss Selection.smx] g_strChatCommand[i] = 보스선택
L 03/26/2016 - 23:17:17: [Boss Selection.smx] g_strChatCommand[i] = 
L 03/26/2016 - 23:17:17: [Boss Selection.smx] 명령어  감지
L 03/26/2016 - 23:17:21: [Boss Selection.smx] g_strChatCommand[i] = ff2boss
L 03/26/2016 - 23:17:21: [Boss Selection.smx] g_strChatCommand[i] = boss
L 03/26/2016 - 23:17:21: [Boss Selection.smx] g_strChatCommand[i] = 보스
L 03/26/2016 - 23:17:21: [Boss Selection.smx] g_strChatCommand[i] = 보스선택
L 03/26/2016 - 23:17:21: [Boss Selection.smx] g_strChatCommand[i] = 
L 03/26/2016 - 23:17:21: [Boss Selection.smx] 명령어  감지
L 03/26/2016 - 23:17:23: [Boss Selection.smx] g_strChatCommand[i] = ff2boss
L 03/26/2016 - 23:17:23: [Boss Selection.smx] g_strChatCommand[i] = boss
L 03/26/2016 - 23:17:23: [Boss Selection.smx] g_strChatCommand[i] = 보스
L 03/26/2016 - 23:17:23: [Boss Selection.smx] g_strChatCommand[i] = 보스선택
L 03/26/2016 - 23:17:23: [Boss Selection.smx] g_strChatCommand[i] = 
L 03/26/2016 - 23:17:23: [Boss Selection.smx] 명령어  감지
L 03/26/2016 - 23:17:27: [Boss Selection.smx] g_strChatCommand[i] = ff2boss
L 03/26/2016 - 23:17:27: [Boss Selection.smx] g_strChatCommand[i] = boss
L 03/26/2016 - 23:17:27: [Boss Selection.smx] g_strChatCommand[i] = 보스
L 03/26/2016 - 23:17:27: [Boss Selection.smx] g_strChatCommand[i] = 보스선택
L 03/26/2016 - 23:17:27: [Boss Selection.smx] g_strChatCommand[i] = 
L 03/26/2016 - 23:17:27: [Boss Selection.smx] 명령어  감지
L 03/26/2016 - 23:17:30: [Boss Selection.smx] g_strChatCommand[i] = ff2boss
L 03/26/2016 - 23:17:30: [Boss Selection.smx] g_strChatCommand[i] = boss
L 03/26/2016 - 23:17:30: [Boss Selection.smx] g_strChatCommand[i] = 보스
L 03/26/2016 - 23:17:30: [Boss Selection.smx] g_strChatCommand[i] = 보스선택
L 03/26/2016 - 23:17:30: [Boss Selection.smx] g_strChatCommand[i] = 
L 03/26/2016 - 23:17:30: [Boss Selection.smx] 명령어  감지
L 03/26/2016 - 23:17:31: [Boss Selection.smx] 선택한 보스 이름: Seeman
L 03/26/2016 - 23:17:34: [Boss Selection.smx] g_strChatCommand[i] = ff2boss
L 03/26/2016 - 23:17:34: [Boss Selection.smx] g_strChatCommand[i] = boss
L 03/26/2016 - 23:17:34: [Boss Selection.smx] g_strChatCommand[i] = 보스
L 03/26/2016 - 23:17:34: [Boss Selection.smx] g_strChatCommand[i] = 보스선택
L 03/26/2016 - 23:17:34: [Boss Selection.smx] g_strChatCommand[i] = 
L 03/26/2016 - 23:17:34: [Boss Selection.smx] 명령어  감지
L 03/26/2016 - 23:18:58: [Boss Selection.smx] g_strChatCommand[i] = ff2boss
L 03/26/2016 - 23:18:58: [Boss Selection.smx] g_strChatCommand[i] = boss
L 03/26/2016 - 23:18:58: [Boss Selection.smx] g_strChatCommand[i] = 보스
L 03/26/2016 - 23:18:58: [Boss Selection.smx] g_strChatCommand[i] = 보스선택
L 03/26/2016 - 23:18:58: [Boss Selection.smx] g_strChatCommand[i] = 
L 03/26/2016 - 23:18:58: [Boss Selection.smx] 명령어  감지
L 03/26/2016 - 23:21:32: [Boss Selection.smx] g_strChatCommand[i] = ff2boss
L 03/26/2016 - 23:21:32: [Boss Selection.smx] g_strChatCommand[i] = boss
L 03/26/2016 - 23:21:32: [Boss Selection.smx] g_strChatCommand[i] = 보스
L 03/26/2016 - 23:21:32: [Boss Selection.smx] g_strChatCommand[i] = 보스선택
L 03/26/2016 - 23:21:32: [Boss Selection.smx] g_strChatCommand[i] = 
L 03/26/2016 - 23:21:32: [Boss Selection.smx] 명령어  감지
L 03/26/2016 - 23:26:43: -------- Mapchange to arena_badlands --------
L 03/26/2016 - 23:26:43: [Boss Selection.smx] [FF2boss] Added chat command: ff2boss
L 03/26/2016 - 23:26:43: [Boss Selection.smx] [FF2boss] Added chat command: boss
L 03/26/2016 - 23:26:43: [Boss Selection.smx] [FF2boss] Added chat command: 보스
L 03/26/2016 - 23:26:43: [Boss Selection.smx] [FF2boss] Added chat command: 보스선택
L 03/26/2016 - 23:26:43: [Boss Selection.smx] [FF2boss] Added chat command: 
L 03/26/2016 - 23:26:48: [Boss Selection.smx] [FF2boss] Added chat command: ff2boss
L 03/26/2016 - 23:26:48: [Boss Selection.smx] [FF2boss] Added chat command: boss
L 03/26/2016 - 23:26:48: [Boss Selection.smx] [FF2boss] Added chat command: 보스
L 03/26/2016 - 23:26:48: [Boss Selection.smx] [FF2boss] Added chat command: 보스선택
L 03/26/2016 - 23:26:48: [Boss Selection.smx] [FF2boss] Added chat command: 
L 03/26/2016 - 23:27:17: [Boss Selection.smx] g_strChatCommand[i] = ff2boss
L 03/26/2016 - 23:27:17: [Boss Selection.smx] g_strChatCommand[i] = boss
L 03/26/2016 - 23:27:17: [Boss Selection.smx] g_strChatCommand[i] = 보스
L 03/26/2016 - 23:27:17: [Boss Selection.smx] g_strChatCommand[i] = 보스선택
L 03/26/2016 - 23:27:17: [Boss Selection.smx] g_strChatCommand[i] = 
L 03/26/2016 - 23:27:17: [Boss Selection.smx] g_strChatCommand[i] = 
L 03/26/2016 - 23:27:31: [Boss Selection.smx] g_strChatCommand[i] = ff2boss
L 03/26/2016 - 23:27:31: [Boss Selection.smx] g_strChatCommand[i] = boss
L 03/26/2016 - 23:27:31: [Boss Selection.smx] g_strChatCommand[i] = 보스
L 03/26/2016 - 23:27:31: [Boss Selection.smx] g_strChatCommand[i] = 보스선택
L 03/26/2016 - 23:27:31: [Boss Selection.smx] g_strChatCommand[i] = 
L 03/26/2016 - 23:27:31: [Boss Selection.smx] g_strChatCommand[i] = 
L 03/26/2016 - 23:27:34: [Boss Selection.smx] g_strChatCommand[i] = ff2boss
L 03/26/2016 - 23:27:34: [Boss Selection.smx] g_strChatCommand[i] = boss
L 03/26/2016 - 23:27:34: [Boss Selection.smx] g_strChatCommand[i] = 보스
L 03/26/2016 - 23:27:34: [Boss Selection.smx] g_strChatCommand[i] = 보스선택
L 03/26/2016 - 23:27:34: [Boss Selection.smx] g_strChatCommand[i] = 
L 03/26/2016 - 23:27:34: [Boss Selection.smx] g_strChatCommand[i] = 
L 03/26/2016 - 23:28:38: [Boss Selection.smx] g_strChatCommand[i] = ff2boss
L 03/26/2016 - 23:28:38: [Boss Selection.smx] g_strChatCommand[i] = boss
L 03/26/2016 - 23:28:38: [Boss Selection.smx] g_strChatCommand[i] = 보스
L 03/26/2016 - 23:28:38: [Boss Selection.smx] g_strChatCommand[i] = 보스선택
L 03/26/2016 - 23:28:38: [Boss Selection.smx] g_strChatCommand[i] = 
L 03/26/2016 - 23:28:38: [Boss Selection.smx] g_strChatCommand[i] = 
L 03/26/2016 - 23:38:33: Log file closed.
