L 05/14/2016 - 11:09:29: SourceMod log file session started (file "L20160514.log") (Version "1.7.3-dev+5298")
L 05/14/2016 - 11:09:29: -------- Mapchange to vsh_apg_v2 --------
L 05/14/2016 - 11:09:29: [TF2ITEMS] "GiveNamedItem" offset = 472
L 05/14/2016 - 11:09:32: [boss_selection.smx] [FF2boss] Added chat command: ff2boss
L 05/14/2016 - 11:09:32: [boss_selection.smx] [FF2boss] Added chat command: boss
L 05/14/2016 - 11:09:32: [boss_selection.smx] [FF2boss] Added chat command: 보스
L 05/14/2016 - 11:09:32: [boss_selection.smx] [FF2boss] Added chat command: 보스선택
L 05/14/2016 - 11:09:32: [custompart.smx] Debug for CustomPart
L 05/14/2016 - 11:09:32: [freak_fortress_2.smx] ===Freak Fortress 2 Initializing-v1.10.10 Beta===
L 05/14/2016 - 11:09:47: [boss_selection.smx] [FF2boss] Added chat command: ff2boss
L 05/14/2016 - 11:09:47: [boss_selection.smx] [FF2boss] Added chat command: boss
L 05/14/2016 - 11:09:47: [boss_selection.smx] [FF2boss] Added chat command: 보스
L 05/14/2016 - 11:09:47: [boss_selection.smx] [FF2boss] Added chat command: 보스선택
L 05/14/2016 - 11:10:32: [boss_selection.smx] 
L 05/14/2016 - 11:37:04: Log file closed.
L 05/14/2016 - 11:45:59: SourceMod log file session started (file "L20160514.log") (Version "1.7.3-dev+5298")
L 05/14/2016 - 11:45:59: -------- Mapchange to vsh_apg_v2 --------
L 05/14/2016 - 11:45:59: [TF2ITEMS] "GiveNamedItem" offset = 472
L 05/14/2016 - 11:46:00: [boss_selection.smx] [FF2boss] Added chat command: ff2boss
L 05/14/2016 - 11:46:00: [boss_selection.smx] [FF2boss] Added chat command: boss
L 05/14/2016 - 11:46:00: [boss_selection.smx] [FF2boss] Added chat command: 보스
L 05/14/2016 - 11:46:00: [boss_selection.smx] [FF2boss] Added chat command: 보스선택
L 05/14/2016 - 11:46:00: [custompart.smx] Debug for CustomPart
L 05/14/2016 - 11:46:00: [freak_fortress_2.smx] ===Freak Fortress 2 Initializing-v1.10.10 Beta===
L 05/14/2016 - 11:46:11: [boss_selection.smx] [FF2boss] Added chat command: ff2boss
L 05/14/2016 - 11:46:11: [boss_selection.smx] [FF2boss] Added chat command: boss
L 05/14/2016 - 11:46:11: [boss_selection.smx] [FF2boss] Added chat command: 보스
L 05/14/2016 - 11:46:11: [boss_selection.smx] [FF2boss] Added chat command: 보스선택
L 05/14/2016 - 11:52:38: [boss_selection.smx] -1
L 05/14/2016 - 12:06:20: Log file closed.
L 05/14/2016 - 15:34:17: SourceMod log file session started (file "L20160514.log") (Version "1.7.3-dev+5298")
L 05/14/2016 - 15:34:17: -------- Mapchange to vsh_apg_v2 --------
L 05/14/2016 - 15:34:17: [TF2ITEMS] "GiveNamedItem" offset = 472
L 05/14/2016 - 15:34:19: [boss_selection.smx] [FF2boss] Added chat command: ff2boss
L 05/14/2016 - 15:34:19: [boss_selection.smx] [FF2boss] Added chat command: boss
L 05/14/2016 - 15:34:19: [boss_selection.smx] [FF2boss] Added chat command: 보스
L 05/14/2016 - 15:34:19: [boss_selection.smx] [FF2boss] Added chat command: 보스선택
L 05/14/2016 - 15:34:19: [custompart.smx] Debug for CustomPart
L 05/14/2016 - 15:34:19: [freak_fortress_2.smx] ===Freak Fortress 2 Initializing-v1.10.10 Beta===
L 05/14/2016 - 15:34:32: [boss_selection.smx] [FF2boss] Added chat command: ff2boss
L 05/14/2016 - 15:34:32: [boss_selection.smx] [FF2boss] Added chat command: boss
L 05/14/2016 - 15:34:32: [boss_selection.smx] [FF2boss] Added chat command: 보스
L 05/14/2016 - 15:34:32: [boss_selection.smx] [FF2boss] Added chat command: 보스선택
L 05/14/2016 - 15:38:59: [boss_selection.smx] -1
L 05/14/2016 - 15:40:29: [boss_selection.smx] 
L 05/14/2016 - 15:42:56: [boss_selection.smx] 
L 05/14/2016 - 15:43:34: [boss_selection.smx] 
L 05/14/2016 - 15:43:43: [playercommands.smx] "Nopied◎<2><[U:1:103205717]><>" slayed "Big Mean Muther Hubbard<10><BOT><>"
L 05/14/2016 - 15:44:08: [freaks\halloween_2014.ff2] Selected 2 by Key: special_greyalien
L 05/14/2016 - 15:45:15: [boss_selection.smx] 
L 05/14/2016 - 15:47:40: [freaks\halloween_2014.ff2] Selected 2 by Key: special_greyalien
L 05/14/2016 - 15:49:29: [boss_selection.smx] 
L 05/14/2016 - 15:53:01: [freaks\halloween_2014.ff2] Selected 2 by Key: special_greyalien
L 05/14/2016 - 15:54:41: [boss_selection.smx] -1
L 05/14/2016 - 16:04:42: [boss_selection.smx] 
L 05/14/2016 - 16:14:23: [SM] Changed map to "tc_hydro"
L 05/14/2016 - 16:14:27: -------- Mapchange to tc_hydro --------
L 05/14/2016 - 16:14:33: [boss_selection.smx] [FF2boss] Added chat command: ff2boss
L 05/14/2016 - 16:14:33: [boss_selection.smx] [FF2boss] Added chat command: boss
L 05/14/2016 - 16:14:33: [boss_selection.smx] [FF2boss] Added chat command: 보스
L 05/14/2016 - 16:14:33: [boss_selection.smx] [FF2boss] Added chat command: 보스선택
L 05/14/2016 - 16:14:37: -------- Mapchange to vsh_2fortdesk_v8 --------
L 05/14/2016 - 16:14:42: [boss_selection.smx] [FF2boss] Added chat command: ff2boss
L 05/14/2016 - 16:14:42: [boss_selection.smx] [FF2boss] Added chat command: boss
L 05/14/2016 - 16:14:42: [boss_selection.smx] [FF2boss] Added chat command: 보스
L 05/14/2016 - 16:14:42: [boss_selection.smx] [FF2boss] Added chat command: 보스선택
L 05/14/2016 - 16:14:52: [boss_selection.smx] -1
L 05/14/2016 - 16:14:55: [boss_selection.smx] -1
L 05/14/2016 - 16:15:02: [boss_selection.smx] -1
L 05/14/2016 - 16:16:40: [playercommands.smx] "Nopied◎<25><[U:1:103205717]><>" slayed "GO mediseun (자연산)<23><[U:1:61271689]><>"
L 05/14/2016 - 16:24:34: [playercommands.smx] "Nopied◎<25><[U:1:103205717]><>" slayed "GO mediseun (자연산)<23><[U:1:61271689]><>"
L 05/14/2016 - 16:26:50: [freaks\halloween_2014.ff2] Selected 2 by Key: special_greyalien
L 05/14/2016 - 16:30:37: [boss_selection.smx] 
L 05/14/2016 - 16:36:20: [playercommands.smx] "Nopied◎<25><[U:1:103205717]><>" slayed "GO mediseun (자연산)<23><[U:1:61271689]><>"
L 05/14/2016 - 16:36:37: [boss_selection.smx] -1
L 05/14/2016 - 16:39:51: [playercommands.smx] "Nopied◎<25><[U:1:103205717]><>" slayed "GO mediseun (자연산)<23><[U:1:61271689]><>"
L 05/14/2016 - 16:39:51: [playercommands.smx] "Nopied◎<25><[U:1:103205717]><>" slayed "Nopied◎<25><[U:1:103205717]><>"
L 05/14/2016 - 16:42:43: [boss_selection.smx] 
L 05/14/2016 - 16:44:05: [freaks\halloween_2014.ff2] Selected 2 by Key: special_greyalien
L 05/14/2016 - 16:51:16: [playercommands.smx] "Nopied◎<25><[U:1:103205717]><>" slayed "Nopied◎<25><[U:1:103205717]><>"
L 05/14/2016 - 16:51:26: Log file closed.
L 05/14/2016 - 19:01:01: SourceMod log file session started (file "L20160514.log") (Version "1.7.3-dev+5298")
L 05/14/2016 - 19:01:01: -------- Mapchange to vsh_apg_v2 --------
L 05/14/2016 - 19:01:01: [TF2ITEMS] "GiveNamedItem" offset = 472
L 05/14/2016 - 19:01:03: [boss_selection.smx] [FF2boss] Added chat command: ff2boss
L 05/14/2016 - 19:01:03: [boss_selection.smx] [FF2boss] Added chat command: boss
L 05/14/2016 - 19:01:03: [boss_selection.smx] [FF2boss] Added chat command: 보스
L 05/14/2016 - 19:01:03: [boss_selection.smx] [FF2boss] Added chat command: 보스선택
L 05/14/2016 - 19:01:03: [custompart.smx] Debug for CustomPart
L 05/14/2016 - 19:01:03: [freak_fortress_2.smx] ===Freak Fortress 2 Initializing-v1.10.10 Beta===
L 05/14/2016 - 19:01:16: [boss_selection.smx] [FF2boss] Added chat command: ff2boss
L 05/14/2016 - 19:01:17: [boss_selection.smx] [FF2boss] Added chat command: boss
L 05/14/2016 - 19:01:17: [boss_selection.smx] [FF2boss] Added chat command: 보스
L 05/14/2016 - 19:01:17: [boss_selection.smx] [FF2boss] Added chat command: 보스선택
L 05/14/2016 - 19:02:44: [boss_selection.smx] -1
L 05/14/2016 - 19:18:38: [freaks\halloween_2014.ff2] Selected 2 by Key: special_greyalien
L 05/14/2016 - 19:27:17: Log file closed.
L 05/14/2016 - 19:27:31: SourceMod log file session started (file "L20160514.log") (Version "1.7.3-dev+5298")
L 05/14/2016 - 19:27:31: -------- Mapchange to vsh_apg_v2 --------
L 05/14/2016 - 19:27:31: [TF2ITEMS] "GiveNamedItem" offset = 472
L 05/14/2016 - 19:27:31: [boss_selection.smx] [FF2boss] Added chat command: ff2boss
L 05/14/2016 - 19:27:31: [boss_selection.smx] [FF2boss] Added chat command: boss
L 05/14/2016 - 19:27:31: [boss_selection.smx] [FF2boss] Added chat command: 보스
L 05/14/2016 - 19:27:31: [boss_selection.smx] [FF2boss] Added chat command: 보스선택
L 05/14/2016 - 19:27:31: [custompart.smx] Debug for CustomPart
L 05/14/2016 - 19:27:31: [freak_fortress_2.smx] ===Freak Fortress 2 Initializing-v1.10.10 Beta===
L 05/14/2016 - 19:27:43: [boss_selection.smx] [FF2boss] Added chat command: ff2boss
L 05/14/2016 - 19:27:43: [boss_selection.smx] [FF2boss] Added chat command: boss
L 05/14/2016 - 19:27:43: [boss_selection.smx] [FF2boss] Added chat command: 보스
L 05/14/2016 - 19:27:43: [boss_selection.smx] [FF2boss] Added chat command: 보스선택
L 05/14/2016 - 19:27:49: [boss_selection.smx] -1
L 05/14/2016 - 19:30:41: [boss_selection.smx] 
L 05/14/2016 - 19:31:21: [playercommands.smx] "Nopied◎<2><[U:1:103205717]><>" slayed "Crazed Gunman<4><BOT><>"
L 05/14/2016 - 19:37:55: [playercommands.smx] "Nopied◎<2><[U:1:103205717]><>" slayed "Nopied◎<2><[U:1:103205717]><>"
L 05/14/2016 - 19:37:58: [playercommands.smx] "Nopied◎<2><[U:1:103205717]><>" slayed "Crazed Gunman<4><BOT><>"
L 05/14/2016 - 19:38:23: [freaks\halloween_2014.ff2] Selected 2 by Key: special_greyalien
L 05/14/2016 - 19:39:22: [boss_selection.smx] -1
L 05/14/2016 - 19:40:45: [playercommands.smx] "Nopied◎<2><[U:1:103205717]><>" slayed "Nopied◎<2><[U:1:103205717]><>"
L 05/14/2016 - 19:41:10: [freaks\halloween_2014.ff2] Selected 2 by Key: special_greyalien
L 05/14/2016 - 19:52:31: [playercommands.smx] "Nopied◎<2><[U:1:103205717]><>" slayed "Nopied◎<2><[U:1:103205717]><>"
L 05/14/2016 - 19:52:56: [freaks\halloween_2014.ff2] Selected 2 by Key: special_greyalien
L 05/14/2016 - 19:57:48: [playercommands.smx] "Nopied◎<2><[U:1:103205717]><>" slayed "Nopied◎<2><[U:1:103205717]><>"
L 05/14/2016 - 19:57:51: [freak_fortress_2.smx] "Nopied◎<2><[U:1:103205717]><>" added 123 queue points to "Nopied◎<2><[U:1:103205717]><>"
L 05/14/2016 - 20:02:30: Log file closed.
