L 05/04/2016 - 21:41:05: SourceMod log file session started (file "L20160504.log") (Version "1.7.3-dev+5298")
L 05/04/2016 - 21:41:05: -------- Mapchange to vsh_apg_v2 --------
L 05/04/2016 - 21:41:05: [TF2ITEMS] "GiveNamedItem" offset = 472
L 05/04/2016 - 21:41:07: [boss_selection.smx] [FF2boss] Added chat command: ff2boss
L 05/04/2016 - 21:41:07: [boss_selection.smx] [FF2boss] Added chat command: boss
L 05/04/2016 - 21:41:07: [boss_selection.smx] [FF2boss] Added chat command: 보스
L 05/04/2016 - 21:41:07: [boss_selection.smx] [FF2boss] Added chat command: 보스선택
L 05/04/2016 - 21:41:07: [custompart.smx] Debug for CustomPart
L 05/04/2016 - 21:41:07: [freak_fortress_2.smx] ===Freak Fortress 2 Initializing-v1.10.9 Beta (build manual)===
L 05/04/2016 - 21:41:20: [boss_selection.smx] [FF2boss] Added chat command: ff2boss
L 05/04/2016 - 21:41:20: [boss_selection.smx] [FF2boss] Added chat command: boss
L 05/04/2016 - 21:41:20: [boss_selection.smx] [FF2boss] Added chat command: 보스
L 05/04/2016 - 21:41:20: [boss_selection.smx] [FF2boss] Added chat command: 보스선택
L 05/04/2016 - 21:42:42: [fuckingloser.smx] 라운드 시작.
L 05/04/2016 - 21:43:01: [boss_selection.smx] -1
L 05/04/2016 - 21:43:25: [fuckingloser.smx] 라운드 시작.
L 05/04/2016 - 21:46:44: [boss_selection.smx] -1
L 05/04/2016 - 21:47:05: [fuckingloser.smx] 라운드 시작.
L 05/04/2016 - 21:48:41: [boss_selection.smx] -1
L 05/04/2016 - 21:50:18: [boss_selection.smx] -1
L 05/04/2016 - 21:50:28: [boss_selection.smx] 이 클라이언트는 0의 대기포인트를 저장해놓은 상태.
L 05/04/2016 - 21:50:40: [fuckingloser.smx] 라운드 시작.
L 05/04/2016 - 21:51:44: [fuckingloser.smx] 라운드 시작.
L 05/04/2016 - 21:51:53: [boss_selection.smx] 
L 05/04/2016 - 21:52:35: [boss_selection.smx] -1
L 05/04/2016 - 21:52:58: [boss_selection.smx] 이 클라이언트는 0의 대기포인트를 저장해놓은 상태.
L 05/04/2016 - 21:53:04: [boss_selection.smx] -1
L 05/04/2016 - 21:53:10: [fuckingloser.smx] 라운드 시작.
L 05/04/2016 - 21:55:26: [playercommands.smx] "Nopied◎<3><[U:1:103205717]><>" slayed "Nopied◎<3><[U:1:103205717]><>"
L 05/04/2016 - 21:55:29: [boss_selection.smx] 이 클라이언트는 0의 대기포인트를 저장해놓은 상태.
L 05/04/2016 - 21:55:41: [fuckingloser.smx] 라운드 시작.
L 05/04/2016 - 21:56:48: [playercommands.smx] "Nopied◎<3><[U:1:103205717]><>" slayed "ThatGuy<5><BOT><>"
L 05/04/2016 - 21:57:19: [boss_selection.smx] 이 클라이언트는 0의 대기포인트를 저장해놓은 상태.
L 05/04/2016 - 21:57:31: [fuckingloser.smx] 라운드 시작.
L 05/04/2016 - 21:58:59: SourceMod log file session started (file "L20160504.log") (Version "1.7.3-dev+5298")
L 05/04/2016 - 21:58:59: -------- Mapchange to vsh_apg_v2 --------
L 05/04/2016 - 21:58:59: [TF2ITEMS] "GiveNamedItem" offset = 472
L 05/04/2016 - 21:59:00: [boss_selection.smx] [FF2boss] Added chat command: ff2boss
L 05/04/2016 - 21:59:00: [boss_selection.smx] [FF2boss] Added chat command: boss
L 05/04/2016 - 21:59:00: [boss_selection.smx] [FF2boss] Added chat command: 보스
L 05/04/2016 - 21:59:00: [boss_selection.smx] [FF2boss] Added chat command: 보스선택
L 05/04/2016 - 21:59:00: [custompart.smx] Debug for CustomPart
L 05/04/2016 - 21:59:00: [freak_fortress_2.smx] ===Freak Fortress 2 Initializing-v1.10.9 Beta (build manual)===
L 05/04/2016 - 21:59:12: [boss_selection.smx] [FF2boss] Added chat command: ff2boss
L 05/04/2016 - 21:59:12: [boss_selection.smx] [FF2boss] Added chat command: boss
L 05/04/2016 - 21:59:12: [boss_selection.smx] [FF2boss] Added chat command: 보스
L 05/04/2016 - 21:59:12: [boss_selection.smx] [FF2boss] Added chat command: 보스선택
L 05/04/2016 - 21:59:18: [fuckingloser.smx] 라운드 시작.
L 05/04/2016 - 21:59:22: [boss_selection.smx] -1
L 05/04/2016 - 21:59:23: [boss_selection.smx] -1
L 05/04/2016 - 21:59:37: [boss_selection.smx] 
L 05/04/2016 - 21:59:52: [boss_selection.smx] -1
L 05/04/2016 - 22:01:14: [fuckingloser.smx] 라운드 시작.
L 05/04/2016 - 22:04:51: [fuckingloser.smx] 라운드 시작.
L 05/04/2016 - 22:04:51: [fuckingloser.smx] 라운드 시작.
L 05/04/2016 - 22:06:33: [fuckingloser.smx] 라운드 시작.
L 05/04/2016 - 22:08:32: [playercommands.smx] "Nopied◎<3><[U:1:103205717]><>" slapped "티벳여우<2><[U:1:171130010]><>" (damage "5")
L 05/04/2016 - 22:08:52: [funcommands.smx] "Nopied◎<3><[U:1:103205717]><>" set a beacon on "✔<5><[U:1:168642180]><>"
L 05/04/2016 - 22:08:52: [funcommands.smx] "Nopied◎<3><[U:1:103205717]><>" set a beacon on "티벳여우<2><[U:1:171130010]><>"
L 05/04/2016 - 22:09:14: [fuckingloser.smx] 라운드 시작.
L 05/04/2016 - 22:13:16: [fuckingloser.smx] 라운드 시작.
L 05/04/2016 - 22:14:02: [fuckingloser.smx] 라운드 시작.
L 05/04/2016 - 22:14:10: [boss_selection.smx] -1
L 05/04/2016 - 22:15:46: [fuckingloser.smx] 라운드 시작.
L 05/04/2016 - 22:17:11: [boss_selection.smx] 이 클라이언트는 0의 대기포인트를 저장해놓은 상태.
L 05/04/2016 - 22:17:11: [boss_selection.smx] 이 클라이언트는 0의 대기포인트를 저장해놓은 상태.
L 05/04/2016 - 22:17:11: [boss_selection.smx] 이 클라이언트는 0의 대기포인트를 저장해놓은 상태.
L 05/04/2016 - 22:17:11: [boss_selection.smx] 이 클라이언트는 0의 대기포인트를 저장해놓은 상태.
L 05/04/2016 - 22:17:11: [boss_selection.smx] 이 클라이언트는 0의 대기포인트를 저장해놓은 상태.
L 05/04/2016 - 22:17:11: [boss_selection.smx] 이 클라이언트는 0의 대기포인트를 저장해놓은 상태.
L 05/04/2016 - 22:17:11: [boss_selection.smx] 이 클라이언트는 0의 대기포인트를 저장해놓은 상태.
L 05/04/2016 - 22:17:23: [fuckingloser.smx] 라운드 시작.
L 05/04/2016 - 22:18:26: [playercommands.smx] "Nopied◎<3><[U:1:103205717]><>" slayed "Ribs Grow Back<15><BOT><>"
L 05/04/2016 - 22:18:29: [boss_selection.smx] 이 클라이언트는 0의 대기포인트를 저장해놓은 상태.
L 05/04/2016 - 22:18:29: [boss_selection.smx] 이 클라이언트는 0의 대기포인트를 저장해놓은 상태.
L 05/04/2016 - 22:18:29: [boss_selection.smx] 이 클라이언트는 0의 대기포인트를 저장해놓은 상태.
L 05/04/2016 - 22:18:29: [boss_selection.smx] 이 클라이언트는 0의 대기포인트를 저장해놓은 상태.
L 05/04/2016 - 22:18:29: [boss_selection.smx] 이 클라이언트는 0의 대기포인트를 저장해놓은 상태.
L 05/04/2016 - 22:18:29: [boss_selection.smx] 이 클라이언트는 0의 대기포인트를 저장해놓은 상태.
L 05/04/2016 - 22:18:41: [fuckingloser.smx] 라운드 시작.
L 05/04/2016 - 22:20:25: [boss_selection.smx] 이 클라이언트는 0의 대기포인트를 저장해놓은 상태.
L 05/04/2016 - 22:20:25: [boss_selection.smx] 이 클라이언트는 0의 대기포인트를 저장해놓은 상태.
L 05/04/2016 - 22:20:25: [boss_selection.smx] 이 클라이언트는 0의 대기포인트를 저장해놓은 상태.
L 05/04/2016 - 22:20:25: [boss_selection.smx] 이 클라이언트는 0의 대기포인트를 저장해놓은 상태.
L 05/04/2016 - 22:20:25: [boss_selection.smx] 이 클라이언트는 0의 대기포인트를 저장해놓은 상태.
L 05/04/2016 - 22:20:25: [boss_selection.smx] 이 클라이언트는 0의 대기포인트를 저장해놓은 상태.
L 05/04/2016 - 22:20:25: [boss_selection.smx] 이 클라이언트는 0의 대기포인트를 저장해놓은 상태.
L 05/04/2016 - 22:20:37: [fuckingloser.smx] 라운드 시작.
L 05/04/2016 - 22:22:02: [boss_selection.smx] 이 클라이언트는 0의 대기포인트를 저장해놓은 상태.
L 05/04/2016 - 22:22:02: [boss_selection.smx] 이 클라이언트는 0의 대기포인트를 저장해놓은 상태.
L 05/04/2016 - 22:22:02: [boss_selection.smx] 이 클라이언트는 0의 대기포인트를 저장해놓은 상태.
L 05/04/2016 - 22:22:02: [boss_selection.smx] 이 클라이언트는 0의 대기포인트를 저장해놓은 상태.
L 05/04/2016 - 22:22:02: [boss_selection.smx] 이 클라이언트는 0의 대기포인트를 저장해놓은 상태.
L 05/04/2016 - 22:22:02: [boss_selection.smx] 이 클라이언트는 0의 대기포인트를 저장해놓은 상태.
L 05/04/2016 - 22:22:02: [boss_selection.smx] 이 클라이언트는 0의 대기포인트를 저장해놓은 상태.
L 05/04/2016 - 22:22:14: [fuckingloser.smx] 라운드 시작.
L 05/04/2016 - 22:22:32: [playercommands.smx] "Nopied◎<3><[U:1:103205717]><>" slayed "A Professional With Standards<9><BOT><>"
L 05/04/2016 - 22:22:35: [playercommands.smx] "Nopied◎<3><[U:1:103205717]><>" slayed "Freakin' Unbelievable<10><BOT><>"
L 05/04/2016 - 22:22:35: [playercommands.smx] "Nopied◎<3><[U:1:103205717]><>" slayed "SMELLY UNFORTUNATE<11><BOT><>"
L 05/04/2016 - 22:22:36: [playercommands.smx] "Nopied◎<3><[U:1:103205717]><>" slayed "The Administrator<12><BOT><>"
L 05/04/2016 - 22:22:36: [playercommands.smx] "Nopied◎<3><[U:1:103205717]><>" slayed "Mentlegen<13><BOT><>"
L 05/04/2016 - 22:22:37: [playercommands.smx] "Nopied◎<3><[U:1:103205717]><>" slayed "Archimedes!<14><BOT><>"
L 05/04/2016 - 22:22:37: [playercommands.smx] "Nopied◎<3><[U:1:103205717]><>" slayed "Ribs Grow Back<15><BOT><>"
L 05/04/2016 - 22:23:01: [boss_selection.smx] 이 클라이언트는 0의 대기포인트를 저장해놓은 상태.
L 05/04/2016 - 22:23:01: [boss_selection.smx] 이 클라이언트는 0의 대기포인트를 저장해놓은 상태.
L 05/04/2016 - 22:23:01: [boss_selection.smx] 이 클라이언트는 0의 대기포인트를 저장해놓은 상태.
L 05/04/2016 - 22:23:01: [boss_selection.smx] 이 클라이언트는 0의 대기포인트를 저장해놓은 상태.
L 05/04/2016 - 22:23:01: [boss_selection.smx] 이 클라이언트는 0의 대기포인트를 저장해놓은 상태.
L 05/04/2016 - 22:23:01: [boss_selection.smx] 이 클라이언트는 0의 대기포인트를 저장해놓은 상태.
L 05/04/2016 - 22:23:01: [boss_selection.smx] 이 클라이언트는 0의 대기포인트를 저장해놓은 상태.
L 05/04/2016 - 22:23:13: [fuckingloser.smx] 라운드 시작.
L 05/04/2016 - 22:26:33: [boss_selection.smx] 이 클라이언트는 0의 대기포인트를 저장해놓은 상태.
L 05/04/2016 - 22:26:33: [boss_selection.smx] 이 클라이언트는 0의 대기포인트를 저장해놓은 상태.
L 05/04/2016 - 22:26:33: [boss_selection.smx] 이 클라이언트는 0의 대기포인트를 저장해놓은 상태.
L 05/04/2016 - 22:26:33: [boss_selection.smx] 이 클라이언트는 0의 대기포인트를 저장해놓은 상태.
L 05/04/2016 - 22:26:33: [boss_selection.smx] 이 클라이언트는 0의 대기포인트를 저장해놓은 상태.
L 05/04/2016 - 22:26:33: [boss_selection.smx] 이 클라이언트는 0의 대기포인트를 저장해놓은 상태.
L 05/04/2016 - 22:26:33: [boss_selection.smx] 이 클라이언트는 0의 대기포인트를 저장해놓은 상태.
L 05/04/2016 - 22:26:45: [fuckingloser.smx] 라운드 시작.
L 05/04/2016 - 22:27:44: [boss_selection.smx] 이 클라이언트는 0의 대기포인트를 저장해놓은 상태.
L 05/04/2016 - 22:27:44: [boss_selection.smx] 이 클라이언트는 0의 대기포인트를 저장해놓은 상태.
L 05/04/2016 - 22:27:44: [boss_selection.smx] 이 클라이언트는 0의 대기포인트를 저장해놓은 상태.
L 05/04/2016 - 22:27:44: [boss_selection.smx] 이 클라이언트는 0의 대기포인트를 저장해놓은 상태.
L 05/04/2016 - 22:27:44: [boss_selection.smx] 이 클라이언트는 0의 대기포인트를 저장해놓은 상태.
L 05/04/2016 - 22:27:44: [boss_selection.smx] 이 클라이언트는 0의 대기포인트를 저장해놓은 상태.
L 05/04/2016 - 22:27:44: [boss_selection.smx] 이 클라이언트는 0의 대기포인트를 저장해놓은 상태.
L 05/04/2016 - 22:27:56: [fuckingloser.smx] 라운드 시작.
L 05/04/2016 - 22:29:33: [boss_selection.smx] 이 클라이언트는 0의 대기포인트를 저장해놓은 상태.
L 05/04/2016 - 22:29:33: [boss_selection.smx] 이 클라이언트는 0의 대기포인트를 저장해놓은 상태.
L 05/04/2016 - 22:29:33: [boss_selection.smx] 이 클라이언트는 0의 대기포인트를 저장해놓은 상태.
L 05/04/2016 - 22:29:33: [boss_selection.smx] 이 클라이언트는 0의 대기포인트를 저장해놓은 상태.
L 05/04/2016 - 22:29:33: [boss_selection.smx] 이 클라이언트는 0의 대기포인트를 저장해놓은 상태.
L 05/04/2016 - 22:29:33: [boss_selection.smx] 이 클라이언트는 0의 대기포인트를 저장해놓은 상태.
L 05/04/2016 - 22:29:33: [boss_selection.smx] 이 클라이언트는 0의 대기포인트를 저장해놓은 상태.
L 05/04/2016 - 22:29:45: [fuckingloser.smx] 라운드 시작.
L 05/04/2016 - 22:29:56: [playercommands.smx] "Nopied◎<3><[U:1:103205717]><>" slayed "Ribs Grow Back<15><BOT><>"
L 05/04/2016 - 22:29:59: [boss_selection.smx] 이 클라이언트는 0의 대기포인트를 저장해놓은 상태.
L 05/04/2016 - 22:29:59: [boss_selection.smx] 이 클라이언트는 0의 대기포인트를 저장해놓은 상태.
L 05/04/2016 - 22:29:59: [boss_selection.smx] 이 클라이언트는 0의 대기포인트를 저장해놓은 상태.
L 05/04/2016 - 22:29:59: [boss_selection.smx] 이 클라이언트는 0의 대기포인트를 저장해놓은 상태.
L 05/04/2016 - 22:29:59: [boss_selection.smx] 이 클라이언트는 0의 대기포인트를 저장해놓은 상태.
L 05/04/2016 - 22:29:59: [boss_selection.smx] 이 클라이언트는 0의 대기포인트를 저장해놓은 상태.
L 05/04/2016 - 22:30:11: [fuckingloser.smx] 라운드 시작.
L 05/04/2016 - 22:32:08: [boss_selection.smx] 이 클라이언트는 0의 대기포인트를 저장해놓은 상태.
L 05/04/2016 - 22:32:08: [boss_selection.smx] 이 클라이언트는 0의 대기포인트를 저장해놓은 상태.
L 05/04/2016 - 22:32:08: [boss_selection.smx] 이 클라이언트는 0의 대기포인트를 저장해놓은 상태.
L 05/04/2016 - 22:32:08: [boss_selection.smx] 이 클라이언트는 0의 대기포인트를 저장해놓은 상태.
L 05/04/2016 - 22:32:08: [boss_selection.smx] 이 클라이언트는 0의 대기포인트를 저장해놓은 상태.
L 05/04/2016 - 22:32:08: [boss_selection.smx] 이 클라이언트는 0의 대기포인트를 저장해놓은 상태.
L 05/04/2016 - 22:32:08: [boss_selection.smx] 이 클라이언트는 0의 대기포인트를 저장해놓은 상태.
L 05/04/2016 - 22:32:20: [fuckingloser.smx] 라운드 시작.
L 05/04/2016 - 22:33:17: [boss_selection.smx] 이 클라이언트는 0의 대기포인트를 저장해놓은 상태.
L 05/04/2016 - 22:33:17: [boss_selection.smx] 이 클라이언트는 0의 대기포인트를 저장해놓은 상태.
L 05/04/2016 - 22:33:17: [boss_selection.smx] 이 클라이언트는 0의 대기포인트를 저장해놓은 상태.
L 05/04/2016 - 22:33:17: [boss_selection.smx] 이 클라이언트는 0의 대기포인트를 저장해놓은 상태.
L 05/04/2016 - 22:33:17: [boss_selection.smx] 이 클라이언트는 0의 대기포인트를 저장해놓은 상태.
L 05/04/2016 - 22:33:17: [boss_selection.smx] 이 클라이언트는 0의 대기포인트를 저장해놓은 상태.
L 05/04/2016 - 22:33:17: [boss_selection.smx] 이 클라이언트는 0의 대기포인트를 저장해놓은 상태.
L 05/04/2016 - 22:33:29: [fuckingloser.smx] 라운드 시작.
L 05/04/2016 - 22:34:56: [boss_selection.smx] 이 클라이언트는 0의 대기포인트를 저장해놓은 상태.
L 05/04/2016 - 22:34:56: [boss_selection.smx] 이 클라이언트는 0의 대기포인트를 저장해놓은 상태.
L 05/04/2016 - 22:34:56: [boss_selection.smx] 이 클라이언트는 0의 대기포인트를 저장해놓은 상태.
L 05/04/2016 - 22:34:56: [boss_selection.smx] 이 클라이언트는 0의 대기포인트를 저장해놓은 상태.
L 05/04/2016 - 22:34:56: [boss_selection.smx] 이 클라이언트는 0의 대기포인트를 저장해놓은 상태.
L 05/04/2016 - 22:34:56: [boss_selection.smx] 이 클라이언트는 0의 대기포인트를 저장해놓은 상태.
L 05/04/2016 - 22:34:56: [boss_selection.smx] 이 클라이언트는 0의 대기포인트를 저장해놓은 상태.
L 05/04/2016 - 22:35:08: [basecommands.smx] "Nopied◎<3><[U:1:103205717]><>" kicked "A Professional With Standards<9><BOT><>" (reason "멀록")
L 05/04/2016 - 22:35:08: [basecommands.smx] "Nopied◎<3><[U:1:103205717]><>" kicked "Cariscal<4><[U:1:206722249]><>" (reason "멀록")
L 05/04/2016 - 22:35:08: [basecommands.smx] "Nopied◎<3><[U:1:103205717]><>" kicked "나는 브로니다 -_-<8><[U:1:150941697]><>" (reason "멀록")
L 05/04/2016 - 22:35:08: [basecommands.smx] "Nopied◎<3><[U:1:103205717]><>" kicked "Freakin' Unbelievable<10><BOT><>" (reason "멀록")
L 05/04/2016 - 22:35:08: [basecommands.smx] "Nopied◎<3><[U:1:103205717]><>" kicked "SMELLY UNFORTUNATE<11><BOT><>" (reason "멀록")
L 05/04/2016 - 22:35:08: [basecommands.smx] "Nopied◎<3><[U:1:103205717]><>" kicked "The Administrator<12><BOT><>" (reason "멀록")
L 05/04/2016 - 22:35:08: [basecommands.smx] "Nopied◎<3><[U:1:103205717]><>" kicked "Mentlegen<13><BOT><>" (reason "멀록")
L 05/04/2016 - 22:35:08: [basecommands.smx] "Nopied◎<3><[U:1:103205717]><>" kicked "Archimedes!<14><BOT><>" (reason "멀록")
L 05/04/2016 - 22:35:08: [basecommands.smx] "Nopied◎<3><[U:1:103205717]><>" kicked "Ribs Grow Back<15><BOT><>" (reason "멀록")
L 05/04/2016 - 22:35:08: [basecommands.smx] "Nopied◎<3><[U:1:103205717]><>" kicked "Nopied◎<3><[U:1:103205717]><>" (reason "멀록")
L 05/04/2016 - 22:35:16: Log file closed.
