L 05/09/2016 - 21:10:48: SourceMod log file session started (file "L20160509.log") (Version "1.7.3-dev+5298")
L 05/09/2016 - 21:10:48: -------- Mapchange to vsh_apg_v2 --------
L 05/09/2016 - 21:10:48: [TF2ITEMS] "GiveNamedItem" offset = 472
L 05/09/2016 - 21:10:50: [boss_selection.smx] [FF2boss] Added chat command: ff2boss
L 05/09/2016 - 21:10:50: [boss_selection.smx] [FF2boss] Added chat command: boss
L 05/09/2016 - 21:10:50: [boss_selection.smx] [FF2boss] Added chat command: 보스
L 05/09/2016 - 21:10:50: [boss_selection.smx] [FF2boss] Added chat command: 보스선택
L 05/09/2016 - 21:10:50: [custompart.smx] Debug for CustomPart
L 05/09/2016 - 21:10:50: [freak_fortress_2.smx] ===Freak Fortress 2 Initializing-v1.10.9 Beta (build manual)===
L 05/09/2016 - 21:11:03: [boss_selection.smx] [FF2boss] Added chat command: ff2boss
L 05/09/2016 - 21:11:03: [boss_selection.smx] [FF2boss] Added chat command: boss
L 05/09/2016 - 21:11:03: [boss_selection.smx] [FF2boss] Added chat command: 보스
L 05/09/2016 - 21:11:03: [boss_selection.smx] [FF2boss] Added chat command: 보스선택
L 05/09/2016 - 21:11:31: [boss_selection.smx] 
L 05/09/2016 - 21:13:26: [boss_selection.smx] -1
L 05/09/2016 - 21:14:01: [boss_selection.smx] -1
L 05/09/2016 - 21:14:22: [playercommands.smx] "Subconsciousness<2><[U:1:300348140]><>" slayed "Target Practice<3><BOT><>"
L 05/09/2016 - 21:15:40: SourceMod log file session started (file "L20160509.log") (Version "1.7.3-dev+5298")
L 05/09/2016 - 21:15:40: -------- Mapchange to vsh_apg_v2 --------
L 05/09/2016 - 21:15:40: [TF2ITEMS] "GiveNamedItem" offset = 472
L 05/09/2016 - 21:15:41: [boss_selection.smx] [FF2boss] Added chat command: ff2boss
L 05/09/2016 - 21:15:41: [boss_selection.smx] [FF2boss] Added chat command: boss
L 05/09/2016 - 21:15:41: [boss_selection.smx] [FF2boss] Added chat command: 보스
L 05/09/2016 - 21:15:41: [boss_selection.smx] [FF2boss] Added chat command: 보스선택
L 05/09/2016 - 21:15:41: [custompart.smx] Debug for CustomPart
L 05/09/2016 - 21:15:41: [freak_fortress_2.smx] ===Freak Fortress 2 Initializing-v1.10.9 Beta (build manual)===
L 05/09/2016 - 21:15:52: [boss_selection.smx] [FF2boss] Added chat command: ff2boss
L 05/09/2016 - 21:15:52: [boss_selection.smx] [FF2boss] Added chat command: boss
L 05/09/2016 - 21:15:52: [boss_selection.smx] [FF2boss] Added chat command: 보스
L 05/09/2016 - 21:15:52: [boss_selection.smx] [FF2boss] Added chat command: 보스선택
L 05/09/2016 - 21:16:04: [boss_selection.smx] 
L 05/09/2016 - 21:16:48: [boss_selection.smx] -1
L 05/09/2016 - 21:17:06: [boss_selection.smx] -1
L 05/09/2016 - 21:17:48: [boss_selection.smx] -1
L 05/09/2016 - 21:24:19: [boss_selection.smx] -1
L 05/09/2016 - 21:25:36: [basecomm.smx] "Subconsciousness<2><[U:1:300348140]><>" gagged "티벳여우<6><[U:1:171130010]><>"
L 05/09/2016 - 21:25:55: [basecomm.smx] "Subconsciousness<2><[U:1:300348140]><>" ungagged "티벳여우<6><[U:1:171130010]><>"
L 05/09/2016 - 21:31:36: [playercommands.smx] "Subconsciousness<2><[U:1:300348140]><>" slayed "Cariscal<3><[U:1:206722249]><>"
L 05/09/2016 - 21:38:31: [boss_selection.smx] -1
L 05/09/2016 - 22:29:48: SourceMod log file session started (file "L20160509.log") (Version "1.7.3-dev+5298")
L 05/09/2016 - 22:29:48: -------- Mapchange to vsh_apg_v2 --------
L 05/09/2016 - 22:29:48: [TF2ITEMS] "GiveNamedItem" offset = 472
L 05/09/2016 - 22:29:49: [boss_selection.smx] [FF2boss] Added chat command: ff2boss
L 05/09/2016 - 22:29:49: [boss_selection.smx] [FF2boss] Added chat command: boss
L 05/09/2016 - 22:29:49: [boss_selection.smx] [FF2boss] Added chat command: 보스
L 05/09/2016 - 22:29:49: [boss_selection.smx] [FF2boss] Added chat command: 보스선택
L 05/09/2016 - 22:29:49: [custompart.smx] Debug for CustomPart
L 05/09/2016 - 22:29:49: [freak_fortress_2.smx] ===Freak Fortress 2 Initializing-v1.10.9 Beta (build manual)===
L 05/09/2016 - 22:30:01: [boss_selection.smx] [FF2boss] Added chat command: ff2boss
L 05/09/2016 - 22:30:01: [boss_selection.smx] [FF2boss] Added chat command: boss
L 05/09/2016 - 22:30:01: [boss_selection.smx] [FF2boss] Added chat command: 보스
L 05/09/2016 - 22:30:01: [boss_selection.smx] [FF2boss] Added chat command: 보스선택
L 05/09/2016 - 22:30:10: [boss_selection.smx] -1
L 05/09/2016 - 22:34:53: [freak_fortress_2.smx] "Subconsciousness<2><[U:1:300348140]><>" added 123 queue points to "Subconsciousness<2><[U:1:300348140]><>"
L 05/09/2016 - 22:43:29: [boss_selection.smx] -1
L 05/09/2016 - 22:46:52: [boss_selection.smx] -1
L 05/09/2016 - 22:48:41: [playercommands.smx] "Subconsciousness<2><[U:1:300348140]><>" slayed "Subconsciousness<2><[U:1:300348140]><>"
L 05/09/2016 - 22:48:41: [playercommands.smx] "Subconsciousness<2><[U:1:300348140]><>" slayed "Still Alive<4><BOT><>"
L 05/09/2016 - 22:48:41: [playercommands.smx] "Subconsciousness<2><[U:1:300348140]><>" slayed "M여우<5><[U:1:171130010]><>"
L 05/09/2016 - 22:54:19: [playercommands.smx] "Subconsciousness<2><[U:1:300348140]><>" slayed "나는 브로니다 -_-<6><[U:1:150941697]><>"
L 05/09/2016 - 22:55:19: [boss_selection.smx] -1
L 05/09/2016 - 22:55:46: [playercommands.smx] "Subconsciousness<2><[U:1:300348140]><>" slayed "Subconsciousness<2><[U:1:300348140]><>"
L 05/09/2016 - 22:55:46: [playercommands.smx] "Subconsciousness<2><[U:1:300348140]><>" slayed "Still Alive<4><BOT><>"
L 05/09/2016 - 22:55:46: [playercommands.smx] "Subconsciousness<2><[U:1:300348140]><>" slayed "M여우<5><[U:1:171130010]><>"
L 05/09/2016 - 22:56:34: [playercommands.smx] "Subconsciousness<2><[U:1:300348140]><>" slapped "M여우<5><[U:1:171130010]><>" (damage "99")
L 05/09/2016 - 22:56:34: [playercommands.smx] "Subconsciousness<2><[U:1:300348140]><>" slapped "M여우<5><[U:1:171130010]><>" (damage "99")
L 05/09/2016 - 22:56:34: [playercommands.smx] "Subconsciousness<2><[U:1:300348140]><>" slapped "M여우<5><[U:1:171130010]><>" (damage "99")
L 05/09/2016 - 22:56:34: [playercommands.smx] "Subconsciousness<2><[U:1:300348140]><>" slapped "M여우<5><[U:1:171130010]><>" (damage "99")
L 05/09/2016 - 22:56:35: [playercommands.smx] "Subconsciousness<2><[U:1:300348140]><>" slapped "M여우<5><[U:1:171130010]><>" (damage "99")
L 05/09/2016 - 22:56:35: [playercommands.smx] "Subconsciousness<2><[U:1:300348140]><>" slapped "M여우<5><[U:1:171130010]><>" (damage "99")
L 05/09/2016 - 22:56:35: [playercommands.smx] "Subconsciousness<2><[U:1:300348140]><>" slapped "M여우<5><[U:1:171130010]><>" (damage "99")
L 05/09/2016 - 22:56:35: [playercommands.smx] "Subconsciousness<2><[U:1:300348140]><>" slapped "M여우<5><[U:1:171130010]><>" (damage "99")
L 05/09/2016 - 22:56:35: [playercommands.smx] "Subconsciousness<2><[U:1:300348140]><>" slapped "M여우<5><[U:1:171130010]><>" (damage "99")
L 05/09/2016 - 22:56:35: [playercommands.smx] "Subconsciousness<2><[U:1:300348140]><>" slapped "M여우<5><[U:1:171130010]><>" (damage "99")
L 05/09/2016 - 22:56:35: [playercommands.smx] "Subconsciousness<2><[U:1:300348140]><>" slapped "M여우<5><[U:1:171130010]><>" (damage "99")
L 05/09/2016 - 22:56:36: [playercommands.smx] "Subconsciousness<2><[U:1:300348140]><>" slapped "M여우<5><[U:1:171130010]><>" (damage "99")
L 05/09/2016 - 22:56:36: [playercommands.smx] "Subconsciousness<2><[U:1:300348140]><>" slapped "M여우<5><[U:1:171130010]><>" (damage "99")
L 05/09/2016 - 22:56:36: [playercommands.smx] "Subconsciousness<2><[U:1:300348140]><>" slapped "M여우<5><[U:1:171130010]><>" (damage "99")
L 05/09/2016 - 22:56:36: [playercommands.smx] "Subconsciousness<2><[U:1:300348140]><>" slapped "M여우<5><[U:1:171130010]><>" (damage "99")
L 05/09/2016 - 22:56:43: [playercommands.smx] "Subconsciousness<2><[U:1:300348140]><>" slayed "M여우<5><[U:1:171130010]><>"
L 05/09/2016 - 22:58:02: [funcommands.smx] "Subconsciousness<2><[U:1:300348140]><>" set a TimeBomb on "Still Alive<4><BOT><>"
L 05/09/2016 - 22:58:23: [funcommands.smx] "Subconsciousness<2><[U:1:300348140]><>" set a TimeBomb on "Subconsciousness<2><[U:1:300348140]><>"
L 05/09/2016 - 22:58:39: [playercommands.smx] "Subconsciousness<2><[U:1:300348140]><>" slayed "Cariscal<10><[U:1:206722249]><>"
L 05/09/2016 - 23:01:32: [funcommands.smx] "Subconsciousness<2><[U:1:300348140]><>" froze "나는 브로니다 -_-<6><[U:1:150941697]><>"
L 05/09/2016 - 23:01:34: [funcommands.smx] "Subconsciousness<2><[U:1:300348140]><>" froze "Cariscal<10><[U:1:206722249]><>"
L 05/09/2016 - 23:01:35: [funcommands.smx] "Subconsciousness<2><[U:1:300348140]><>" froze "Cariscal<10><[U:1:206722249]><>"
L 05/09/2016 - 23:01:50: [playercommands.smx] "Subconsciousness<2><[U:1:300348140]><>" slayed "Still Alive<4><BOT><>"
L 05/09/2016 - 23:01:50: [playercommands.smx] "Subconsciousness<2><[U:1:300348140]><>" slayed "나는 브로니다 -_-<6><[U:1:150941697]><>"
L 05/09/2016 - 23:01:50: [playercommands.smx] "Subconsciousness<2><[U:1:300348140]><>" slayed "Cariscal<10><[U:1:206722249]><>"
L 05/09/2016 - 23:02:04: Log file closed.
