L 06/15/2016 - 18:31:35: SourceMod log file session started (file "L20160615.log") (Version "1.7.3-dev+5298")
L 06/15/2016 - 18:31:35: -------- Mapchange to vsh_apg_v2 --------
L 06/15/2016 - 18:31:35: [TF2ITEMS] "GiveNamedItem" offset = 472
L 06/15/2016 - 18:31:37: [boss_selection.smx] [FF2boss] Added chat command: ff2boss
L 06/15/2016 - 18:31:37: [boss_selection.smx] [FF2boss] Added chat command: boss
L 06/15/2016 - 18:31:37: [boss_selection.smx] [FF2boss] Added chat command: 보스
L 06/15/2016 - 18:31:37: [boss_selection.smx] [FF2boss] Added chat command: 보스선택
L 06/15/2016 - 18:31:37: [custompart.smx] Debug for CustomPart
L 06/15/2016 - 18:31:37: [freak_fortress_2.smx] ===Freak Fortress 2 Initializing-v1.10.10 Beta===
L 06/15/2016 - 18:31:51: [boss_selection.smx] [FF2boss] Added chat command: ff2boss
L 06/15/2016 - 18:31:51: [boss_selection.smx] [FF2boss] Added chat command: boss
L 06/15/2016 - 18:31:51: [boss_selection.smx] [FF2boss] Added chat command: 보스
L 06/15/2016 - 18:31:51: [boss_selection.smx] [FF2boss] Added chat command: 보스선택
L 06/15/2016 - 18:34:48: [playercommands.smx] "Nopied◎<3><[U:1:103205717]><>" slayed "Bot01<2><BOT><>"
L 06/15/2016 - 18:34:48: [playercommands.smx] "Nopied◎<3><[U:1:103205717]><>" slayed "Nopied◎<3><[U:1:103205717]><>"
L 06/15/2016 - 18:38:20: [playercommands.smx] "Nopied◎<3><[U:1:103205717]><>" slayed "Nopied◎<3><[U:1:103205717]><>"
L 06/15/2016 - 18:38:20: [playercommands.smx] "Nopied◎<3><[U:1:103205717]><>" slayed "Bot02<4><BOT><>"
L 06/15/2016 - 18:38:23: [boss_selection.smx] Nopied◎의 대기열 포인트: 0, 저장된 대기열포인트: -1
L 06/15/2016 - 18:38:23: [boss_selection.smx] GO mediseun (자연산)의 대기열 포인트: -1, 저장된 대기열포인트: -1
L 06/15/2016 - 18:43:37: [playercommands.smx] "Nopied◎<3><[U:1:103205717]><>" slayed "GO mediseun (자연산)<5><[U:1:61271689]><>"
L 06/15/2016 - 18:46:14: [playercommands.smx] "Nopied◎<3><[U:1:103205717]><>" slayed "GO mediseun (자연산)<5><[U:1:61271689]><>"
L 06/15/2016 - 18:46:46: [freak_fortress_2.smx] "Nopied◎<3><[U:1:103205717]><>" added 123 queue points to "Nopied◎<3><[U:1:103205717]><>"
L 06/15/2016 - 18:46:48: [playercommands.smx] "Nopied◎<3><[U:1:103205717]><>" slayed "Nopied◎<3><[U:1:103205717]><>"
L 06/15/2016 - 18:46:57: [playercommands.smx] "Nopied◎<3><[U:1:103205717]><>" slayed "Bot01<2><BOT><>"
L 06/15/2016 - 18:48:03: [boss_selection.smx] Nopied◎의 대기열 포인트: 123, 저장된 대기열포인트: -1
L 06/15/2016 - 18:51:30: [boss_selection.smx] GO mediseun (자연산)의 대기열 포인트: 7, 저장된 대기열포인트: -1
L 06/15/2016 - 18:54:26: [boss_selection.smx] Nopied◎의 대기열 포인트: 0, 저장된 대기열포인트: -1
L 06/15/2016 - 18:56:14: [playercommands.smx] "Nopied◎<3><[U:1:103205717]><>" slayed "Bot01<2><BOT><>"
L 06/15/2016 - 18:56:14: [playercommands.smx] "Nopied◎<3><[U:1:103205717]><>" slayed "Nopied◎<3><[U:1:103205717]><>"
L 06/15/2016 - 18:56:14: [playercommands.smx] "Nopied◎<3><[U:1:103205717]><>" slayed "GO mediseun (자연산)<5><[U:1:61271689]><>"
L 06/15/2016 - 18:57:37: [boss_selection.smx] Nopied◎의 대기열 포인트: 10, 저장된 대기열포인트: -1
L 06/15/2016 - 18:57:37: [boss_selection.smx] GO mediseun (자연산)의 대기열 포인트: 0, 저장된 대기열포인트: -1
L 06/15/2016 - 18:57:44: Log file closed.
L 06/15/2016 - 21:03:53: SourceMod log file session started (file "L20160615.log") (Version "1.7.3-dev+5298")
L 06/15/2016 - 21:03:53: -------- Mapchange to vsh_apg_v2 --------
L 06/15/2016 - 21:03:53: [TF2ITEMS] "GiveNamedItem" offset = 472
L 06/15/2016 - 21:03:55: [boss_selection.smx] [FF2boss] Added chat command: ff2boss
L 06/15/2016 - 21:03:55: [boss_selection.smx] [FF2boss] Added chat command: boss
L 06/15/2016 - 21:03:55: [boss_selection.smx] [FF2boss] Added chat command: 보스
L 06/15/2016 - 21:03:55: [boss_selection.smx] [FF2boss] Added chat command: 보스선택
L 06/15/2016 - 21:03:55: [custompart.smx] Debug for CustomPart
L 06/15/2016 - 21:03:55: [freak_fortress_2.smx] ===Freak Fortress 2 Initializing-v1.10.10 Beta===
L 06/15/2016 - 21:04:08: [boss_selection.smx] [FF2boss] Added chat command: ff2boss
L 06/15/2016 - 21:04:08: [boss_selection.smx] [FF2boss] Added chat command: boss
L 06/15/2016 - 21:04:08: [boss_selection.smx] [FF2boss] Added chat command: 보스
L 06/15/2016 - 21:04:08: [boss_selection.smx] [FF2boss] Added chat command: 보스선택
L 06/15/2016 - 21:09:00: [boss_selection.smx] 멍멍콘의 대기열 포인트: 10, 저장된 대기열포인트: -1
L 06/15/2016 - 21:13:17: [boss_selection.smx] Nopied◎의 대기열 포인트: 0, 저장된 대기열포인트: -1
L 06/15/2016 - 21:13:17: [boss_selection.smx] Sinanju의 대기열 포인트: 20, 저장된 대기열포인트: -1
L 06/15/2016 - 21:13:17: [boss_selection.smx] ♪(*´∀｀)(작다)의 대기열 포인트: 0, 저장된 대기열포인트: -1
L 06/15/2016 - 21:15:42: [boss_selection.smx] Nopied◎의 대기열 포인트: 10, 저장된 대기열포인트: -1
L 06/15/2016 - 21:15:42: [boss_selection.smx] 멍멍콘의 대기열 포인트: 0, 저장된 대기열포인트: -1
L 06/15/2016 - 21:15:42: [boss_selection.smx] ♪(*´∀｀)(작다)의 대기열 포인트: 10, 저장된 대기열포인트: -1
L 06/15/2016 - 21:19:07: [basecommands.smx] "Nopied◎<2><[U:1:103205717]><>" kicked "Bot01<5><BOT><>" (reason "")
L 06/15/2016 - 21:19:10: [basecommands.smx] "Nopied◎<2><[U:1:103205717]><>" kicked "Bot02<6><BOT><>" (reason "")
L 06/15/2016 - 21:23:51: [funcommands.smx] "Nopied◎<2><[U:1:103205717]><>" set a TimeBomb on "GO mediseun (자연산)<8><[U:1:61271689]><>"
L 06/15/2016 - 21:25:04: [playercommands.smx] "Nopied◎<2><[U:1:103205717]><>" slayed "Nopied◎<2><[U:1:103205717]><>"
L 06/15/2016 - 21:43:15: Log file closed.
L 06/15/2016 - 21:43:37: SourceMod log file session started (file "L20160615.log") (Version "1.7.3-dev+5298")
L 06/15/2016 - 21:43:37: -------- Mapchange to vsh_apg_v2 --------
L 06/15/2016 - 21:43:37: [TF2ITEMS] "GiveNamedItem" offset = 472
L 06/15/2016 - 21:43:38: [boss_selection.smx] [FF2boss] Added chat command: ff2boss
L 06/15/2016 - 21:43:38: [boss_selection.smx] [FF2boss] Added chat command: boss
L 06/15/2016 - 21:43:38: [boss_selection.smx] [FF2boss] Added chat command: 보스
L 06/15/2016 - 21:43:38: [boss_selection.smx] [FF2boss] Added chat command: 보스선택
L 06/15/2016 - 21:43:38: [custompart.smx] Debug for CustomPart
L 06/15/2016 - 21:43:38: [freak_fortress_2.smx] ===Freak Fortress 2 Initializing-v1.10.10 Beta===
L 06/15/2016 - 21:43:51: [boss_selection.smx] [FF2boss] Added chat command: ff2boss
L 06/15/2016 - 21:43:51: [boss_selection.smx] [FF2boss] Added chat command: boss
L 06/15/2016 - 21:43:51: [boss_selection.smx] [FF2boss] Added chat command: 보스
L 06/15/2016 - 21:43:51: [boss_selection.smx] [FF2boss] Added chat command: 보스선택
L 06/15/2016 - 21:49:40: [basecomm.smx] "Nopied◎<2><[U:1:103205717]><>" gagged "GO mediseun (자연산)<3><[U:1:61271689]><>"
L 06/15/2016 - 21:49:59: [basecomm.smx] "Nopied◎<2><[U:1:103205717]><>" muted "DandA1025<5><[U:1:150941697]><>"
L 06/15/2016 - 21:50:07: [basecomm.smx] "Nopied◎<2><[U:1:103205717]><>" muted "DandA1025<5><[U:1:150941697]><>"
L 06/15/2016 - 21:50:13: [basecomm.smx] "Nopied◎<2><[U:1:103205717]><>" unmuted "DandA1025<5><[U:1:150941697]><>"
L 06/15/2016 - 21:52:38: [basecomm.smx] "Nopied◎<2><[U:1:103205717]><>" gagged "티벳여우<6><[U:1:171130010]><>"
L 06/15/2016 - 21:52:53: [basecomm.smx] "Nopied◎<2><[U:1:103205717]><>" ungagged "Nopied◎<2><[U:1:103205717]><>"
L 06/15/2016 - 21:52:53: [basecomm.smx] "Nopied◎<2><[U:1:103205717]><>" ungagged "GO mediseun (자연산)<3><[U:1:61271689]><>"
L 06/15/2016 - 21:52:53: [basecomm.smx] "Nopied◎<2><[U:1:103205717]><>" ungagged "DandA1025<5><[U:1:150941697]><>"
L 06/15/2016 - 21:52:53: [basecomm.smx] "Nopied◎<2><[U:1:103205717]><>" ungagged "티벳여우<6><[U:1:171130010]><>"
L 06/15/2016 - 21:52:53: [basecomm.smx] "Nopied◎<2><[U:1:103205717]><>" ungagged "멍멍콘<8><[U:1:239344862]><>"
L 06/15/2016 - 21:52:53: [basecomm.smx] "Nopied◎<2><[U:1:103205717]><>" ungagged "♪(*´∀｀)(작다)<9><[U:1:209760731]><>"
L 06/15/2016 - 21:53:53: [funcommands.smx] "Nopied◎<2><[U:1:103205717]><>" set a TimeBomb on "GO mediseun (자연산)<3><[U:1:61271689]><>"
L 06/15/2016 - 21:53:53: [funcommands.smx] "Nopied◎<2><[U:1:103205717]><>" set a TimeBomb on "DandA1025<5><[U:1:150941697]><>"
L 06/15/2016 - 21:54:41: Log file closed.
L 06/15/2016 - 21:54:54: SourceMod log file session started (file "L20160615.log") (Version "1.7.3-dev+5298")
L 06/15/2016 - 21:54:54: -------- Mapchange to vsh_apg_v2 --------
L 06/15/2016 - 21:54:54: [TF2ITEMS] "GiveNamedItem" offset = 472
L 06/15/2016 - 21:54:55: [boss_selection.smx] [FF2boss] Added chat command: ff2boss
L 06/15/2016 - 21:54:55: [boss_selection.smx] [FF2boss] Added chat command: boss
L 06/15/2016 - 21:54:55: [boss_selection.smx] [FF2boss] Added chat command: 보스
L 06/15/2016 - 21:54:55: [boss_selection.smx] [FF2boss] Added chat command: 보스선택
L 06/15/2016 - 21:54:55: [custompart.smx] Debug for CustomPart
L 06/15/2016 - 21:54:55: [freak_fortress_2.smx] ===Freak Fortress 2 Initializing-v1.10.10 Beta===
L 06/15/2016 - 21:55:06: [boss_selection.smx] [FF2boss] Added chat command: ff2boss
L 06/15/2016 - 21:55:06: [boss_selection.smx] [FF2boss] Added chat command: boss
L 06/15/2016 - 21:55:06: [boss_selection.smx] [FF2boss] Added chat command: 보스
L 06/15/2016 - 21:55:06: [boss_selection.smx] [FF2boss] Added chat command: 보스선택
L 06/15/2016 - 22:01:46: [funcommands.smx] "Nopied◎<3><[U:1:103205717]><>" set a TimeBomb on "티벳여우<2><[U:1:171130010]><>"
L 06/15/2016 - 22:01:46: [funcommands.smx] "Nopied◎<3><[U:1:103205717]><>" set a TimeBomb on "Nopied◎<3><[U:1:103205717]><>"
L 06/15/2016 - 22:03:09: [boss_selection.smx] 티벳여우의 대기열 포인트: 0, 저장된 대기열포인트: -1
L 06/15/2016 - 22:03:09: [boss_selection.smx] Nopied◎의 대기열 포인트: 0, 저장된 대기열포인트: -1
L 06/15/2016 - 22:03:09: [boss_selection.smx] GO mediseun (자연산)의 대기열 포인트: 0, 저장된 대기열포인트: -1
L 06/15/2016 - 22:03:09: [boss_selection.smx] 개의 대기열 포인트: 0, 저장된 대기열포인트: -1
L 06/15/2016 - 22:08:09: [playercommands.smx] "Nopied◎<3><[U:1:103205717]><>" slayed "Nopied◎<3><[U:1:103205717]><>"
L 06/15/2016 - 22:08:09: [playercommands.smx] "Nopied◎<3><[U:1:103205717]><>" slayed "DandA1025<6><[U:1:150941697]><>"
L 06/15/2016 - 22:08:21: [playercommands.smx] "Nopied◎<3><[U:1:103205717]><>" slayed "Nopied◎<3><[U:1:103205717]><>"
L 06/15/2016 - 22:08:24: [boss_selection.smx] Nopied◎의 대기열 포인트: 10, 저장된 대기열포인트: -1
L 06/15/2016 - 22:08:24: [boss_selection.smx] GO mediseun (자연산)의 대기열 포인트: 10, 저장된 대기열포인트: -1
L 06/15/2016 - 22:08:24: [boss_selection.smx] ♪(*´∀｀)(작다)의 대기열 포인트: 0, 저장된 대기열포인트: -1
L 06/15/2016 - 22:08:44: Log file closed.
L 06/15/2016 - 22:08:56: SourceMod log file session started (file "L20160615.log") (Version "1.7.3-dev+5298")
L 06/15/2016 - 22:08:56: -------- Mapchange to vsh_apg_v2 --------
L 06/15/2016 - 22:08:56: [TF2ITEMS] "GiveNamedItem" offset = 472
L 06/15/2016 - 22:08:57: [boss_selection.smx] [FF2boss] Added chat command: ff2boss
L 06/15/2016 - 22:08:57: [boss_selection.smx] [FF2boss] Added chat command: boss
L 06/15/2016 - 22:08:57: [boss_selection.smx] [FF2boss] Added chat command: 보스
L 06/15/2016 - 22:08:57: [boss_selection.smx] [FF2boss] Added chat command: 보스선택
L 06/15/2016 - 22:08:57: [custompart.smx] Debug for CustomPart
L 06/15/2016 - 22:08:57: [freak_fortress_2.smx] ===Freak Fortress 2 Initializing-v1.10.10 Beta===
L 06/15/2016 - 22:09:09: [boss_selection.smx] [FF2boss] Added chat command: ff2boss
L 06/15/2016 - 22:09:09: [boss_selection.smx] [FF2boss] Added chat command: boss
L 06/15/2016 - 22:09:09: [boss_selection.smx] [FF2boss] Added chat command: 보스
L 06/15/2016 - 22:09:09: [boss_selection.smx] [FF2boss] Added chat command: 보스선택
L 06/15/2016 - 22:13:14: [boss_selection.smx] ✔의 대기열 포인트: 0, 저장된 대기열포인트: -1
L 06/15/2016 - 22:13:15: [boss_selection.smx] GO mediseun (자연산)의 대기열 포인트: 0, 저장된 대기열포인트: -1
L 06/15/2016 - 22:13:15: [boss_selection.smx] 개의 대기열 포인트: 0, 저장된 대기열포인트: -1
L 06/15/2016 - 22:13:15: [boss_selection.smx] ♪(*´∀｀)(작다)의 대기열 포인트: 10, 저장된 대기열포인트: -1
L 06/15/2016 - 22:13:25: [basecomm.smx] "Nopied◎<2><[U:1:103205717]><>" gagged "Nopied◎<2><[U:1:103205717]><>"
L 06/15/2016 - 22:13:38: [basechat.smx] "Nopied◎<2><[U:1:103205717]><>" triggered sm_say (text 읍읍!)
L 06/15/2016 - 22:13:56: [basecomm.smx] "Nopied◎<2><[U:1:103205717]><>" ungagged "Nopied◎<2><[U:1:103205717]><>"
L 06/15/2016 - 22:17:09: [boss_selection.smx] Nopied◎의 대기열 포인트: 0, 저장된 대기열포인트: -1
L 06/15/2016 - 22:17:09: [boss_selection.smx] ✔의 대기열 포인트: 10, 저장된 대기열포인트: -1
L 06/15/2016 - 22:17:09: [boss_selection.smx] DandA1025의 대기열 포인트: 17, 저장된 대기열포인트: -1
L 06/15/2016 - 22:17:09: [boss_selection.smx] GO mediseun (자연산)의 대기열 포인트: 10, 저장된 대기열포인트: -1
L 06/15/2016 - 22:17:09: [boss_selection.smx] 개의 대기열 포인트: 10, 저장된 대기열포인트: -1
L 06/15/2016 - 22:21:28: [boss_selection.smx] Nopied◎의 대기열 포인트: 10, 저장된 대기열포인트: -1
L 06/15/2016 - 22:21:28: [boss_selection.smx] ✔의 대기열 포인트: 20, 저장된 대기열포인트: -1
L 06/15/2016 - 22:21:28: [boss_selection.smx] GO mediseun (자연산)의 대기열 포인트: 20, 저장된 대기열포인트: -1
L 06/15/2016 - 22:21:28: [boss_selection.smx] 개의 대기열 포인트: 20, 저장된 대기열포인트: -1
L 06/15/2016 - 22:21:28: [boss_selection.smx] ♪(*´∀｀)(작다)의 대기열 포인트: 0, 저장된 대기열포인트: -1
L 06/15/2016 - 22:21:50: [freaks\halloween_2014.ff2] Selected 2 by Key: special_greyalien
L 06/15/2016 - 22:23:33: [boss_selection.smx] Nopied◎의 대기열 포인트: 20, 저장된 대기열포인트: -1
L 06/15/2016 - 22:23:33: [boss_selection.smx] ✔의 대기열 포인트: 30, 저장된 대기열포인트: -1
L 06/15/2016 - 22:23:33: [boss_selection.smx] DandA1025의 대기열 포인트: 0, 저장된 대기열포인트: -1
L 06/15/2016 - 22:23:33: [boss_selection.smx] GO mediseun (자연산)의 대기열 포인트: 30, 저장된 대기열포인트: -1
L 06/15/2016 - 22:23:33: [boss_selection.smx] ♪(*´∀｀)(작다)의 대기열 포인트: 10, 저장된 대기열포인트: -1
L 06/15/2016 - 22:26:53: [boss_selection.smx] Nopied◎의 대기열 포인트: 30, 저장된 대기열포인트: -1
L 06/15/2016 - 22:26:53: [boss_selection.smx] ✔의 대기열 포인트: 40, 저장된 대기열포인트: -1
L 06/15/2016 - 22:26:53: [boss_selection.smx] DandA1025의 대기열 포인트: 10, 저장된 대기열포인트: -1
L 06/15/2016 - 22:26:53: [boss_selection.smx] 개의 대기열 포인트: 0, 저장된 대기열포인트: -1
L 06/15/2016 - 22:26:53: [boss_selection.smx] ♪(*´∀｀)(작다)의 대기열 포인트: 20, 저장된 대기열포인트: -1
L 06/15/2016 - 22:29:48: [boss_selection.smx] Nopied◎의 대기열 포인트: 40, 저장된 대기열포인트: -1
L 06/15/2016 - 22:29:48: [boss_selection.smx] DandA1025의 대기열 포인트: 20, 저장된 대기열포인트: -1
L 06/15/2016 - 22:29:48: [boss_selection.smx] GO mediseun (자연산)의 대기열 포인트: 0, 저장된 대기열포인트: -1
L 06/15/2016 - 22:29:48: [boss_selection.smx] 개의 대기열 포인트: 10, 저장된 대기열포인트: -1
L 06/15/2016 - 22:29:48: [boss_selection.smx] ♪(*´∀｀)(작다)의 대기열 포인트: 30, 저장된 대기열포인트: -1
L 06/15/2016 - 22:30:43: [boss_selection.smx] ✔의 대기열 포인트: 0, 저장된 대기열포인트: -1
L 06/15/2016 - 22:30:43: [boss_selection.smx] DandA1025의 대기열 포인트: 30, 저장된 대기열포인트: -1
L 06/15/2016 - 22:30:43: [boss_selection.smx] GO mediseun (자연산)의 대기열 포인트: 10, 저장된 대기열포인트: -1
L 06/15/2016 - 22:30:43: [boss_selection.smx] 개의 대기열 포인트: 20, 저장된 대기열포인트: -1
L 06/15/2016 - 22:30:43: [boss_selection.smx] ♪(*´∀｀)(작다)의 대기열 포인트: 40, 저장된 대기열포인트: -1
L 06/15/2016 - 22:35:13: [boss_selection.smx] Nopied◎의 대기열 포인트: 0, 저장된 대기열포인트: -1
L 06/15/2016 - 22:35:13: [boss_selection.smx] ✔의 대기열 포인트: 10, 저장된 대기열포인트: -1
L 06/15/2016 - 22:35:13: [boss_selection.smx] DandA1025의 대기열 포인트: 40, 저장된 대기열포인트: -1
L 06/15/2016 - 22:35:13: [boss_selection.smx] 개의 대기열 포인트: 30, 저장된 대기열포인트: -1
L 06/15/2016 - 22:36:18: [boss_selection.smx] ✔의 대기열 포인트: 20, 저장된 대기열포인트: -1
L 06/15/2016 - 22:36:18: [boss_selection.smx] 개의 대기열 포인트: 40, 저장된 대기열포인트: -1
L 06/15/2016 - 22:36:18: [boss_selection.smx] ♪(*´∀｀)(작다)의 대기열 포인트: 0, 저장된 대기열포인트: -1
L 06/15/2016 - 22:40:31: [boss_selection.smx] ✔의 대기열 포인트: 30, 저장된 대기열포인트: -1
L 06/15/2016 - 22:40:31: [boss_selection.smx] DandA1025의 대기열 포인트: 0, 저장된 대기열포인트: -1
L 06/15/2016 - 22:40:31: [boss_selection.smx] ♪(*´∀｀)(작다)의 대기열 포인트: 10, 저장된 대기열포인트: -1
L 06/15/2016 - 22:40:31: [boss_selection.smx] 아기냥이의 대기열 포인트: 30, 저장된 대기열포인트: -1
L 06/15/2016 - 22:42:33: [boss_selection.smx] 《Re:Queen’M》의 대기열 포인트: 0, 저장된 대기열포인트: -1
L 06/15/2016 - 22:42:33: [boss_selection.smx] ✔의 대기열 포인트: 40, 저장된 대기열포인트: -1
L 06/15/2016 - 22:42:33: [boss_selection.smx] DandA1025의 대기열 포인트: 10, 저장된 대기열포인트: -1
L 06/15/2016 - 22:42:33: [boss_selection.smx] 개의 대기열 포인트: 0, 저장된 대기열포인트: -1
L 06/15/2016 - 22:42:33: [boss_selection.smx] ♪(*´∀｀)(작다)의 대기열 포인트: 20, 저장된 대기열포인트: -1
L 06/15/2016 - 22:44:00: [funcommands.smx] "《Re:Queen’M》<9><[U:1:300348140]><>" set a beacon on "✔<3><[U:1:168642180]><>"
L 06/15/2016 - 22:45:18: [funcommands.smx] "《Re:Queen’M》<9><[U:1:300348140]><>" set a TimeBomb on "아기냥이<8><[U:1:108655766]><>"
L 06/15/2016 - 22:45:55: [boss_selection.smx] 《Re:Queen’M》의 대기열 포인트: 10, 저장된 대기열포인트: -1
L 06/15/2016 - 22:45:55: [boss_selection.smx] DandA1025의 대기열 포인트: 20, 저장된 대기열포인트: -1
L 06/15/2016 - 22:45:55: [boss_selection.smx] 아기냥이의 대기열 포인트: 0, 저장된 대기열포인트: -1
L 06/15/2016 - 22:46:06: [basecommands.smx] "《Re:Queen’M》<9><[U:1:300348140]><>" changed map to "vsh_manncohq_v14"
L 06/15/2016 - 22:46:10: [SM] Changed map to "vsh_manncohq_v14"
L 06/15/2016 - 22:46:11: -------- Mapchange to vsh_manncohq_v14 --------
L 06/15/2016 - 22:46:19: [boss_selection.smx] [FF2boss] Added chat command: ff2boss
L 06/15/2016 - 22:46:19: [boss_selection.smx] [FF2boss] Added chat command: boss
L 06/15/2016 - 22:46:19: [boss_selection.smx] [FF2boss] Added chat command: 보스
L 06/15/2016 - 22:46:19: [boss_selection.smx] [FF2boss] Added chat command: 보스선택
L 06/15/2016 - 22:49:59: [boss_selection.smx] 《Re:Queen’M》의 대기열 포인트: 20, 저장된 대기열포인트: -1
L 06/15/2016 - 22:49:59: [boss_selection.smx] ✔의 대기열 포인트: 0, 저장된 대기열포인트: -1
L 06/15/2016 - 22:50:39: [boss_selection.smx] ✔의 대기열 포인트: 10, 저장된 대기열포인트: -1
L 06/15/2016 - 22:50:39: [boss_selection.smx] DandA1025의 대기열 포인트: 0, 저장된 대기열포인트: -1
L 06/15/2016 - 22:52:40: [freak_fortress_2.smx] "《Re:Queen’M》<9><[U:1:300348140]><>" added 123 queue points to "《Re:Queen’M》<9><[U:1:300348140]><>"
L 06/15/2016 - 22:53:39: [boss_selection.smx] 《Re:Queen’M》의 대기열 포인트: 123, 저장된 대기열포인트: -1
L 06/15/2016 - 22:53:39: [boss_selection.smx] DandA1025의 대기열 포인트: 10, 저장된 대기열포인트: -1
L 06/15/2016 - 22:54:24: [playercommands.smx] "《Re:Queen’M》<9><[U:1:300348140]><>" slayed "《Re:Queen’M》<9><[U:1:300348140]><>"
L 06/15/2016 - 22:54:27: [boss_selection.smx] ✔의 대기열 포인트: 0, 저장된 대기열포인트: -1
L 06/15/2016 - 22:55:55: [boss_selection.smx] 《Re:Queen’M》의 대기열 포인트: 0, 저장된 대기열포인트: -1
L 06/15/2016 - 22:57:26: [boss_selection.smx] ✔의 대기열 포인트: 0, 저장된 대기열포인트: -1
L 06/15/2016 - 23:00:07: [boss_selection.smx] 《Re:Queen’M》의 대기열 포인트: 0, 저장된 대기열포인트: -1
L 06/15/2016 - 23:00:12: Log file closed.
