L 06/05/2016 - 00:04:14: SourceMod log file session started (file "L20160605.log") (Version "1.7.3-dev+5298")
L 06/05/2016 - 00:04:14: [freaks\halloween_2014.ff2] Selected 2 by Key: special_greyalien
L 06/05/2016 - 00:10:59: [basecommands.smx] "Nopied◎<2><[U:1:103205717]><>" changed map to "vsh_snowflakes_b1"
L 06/05/2016 - 00:11:02: [SM] Changed map to "vsh_snowflakes_b1"
L 06/05/2016 - 00:11:03: -------- Mapchange to vsh_snowflakes_b1 --------
L 06/05/2016 - 00:11:09: [boss_selection.smx] [FF2boss] Added chat command: ff2boss
L 06/05/2016 - 00:11:09: [boss_selection.smx] [FF2boss] Added chat command: boss
L 06/05/2016 - 00:11:09: [boss_selection.smx] [FF2boss] Added chat command: 보스
L 06/05/2016 - 00:11:09: [boss_selection.smx] [FF2boss] Added chat command: 보스선택
L 06/05/2016 - 00:12:52: [playercommands.smx] "Nopied◎<2><[U:1:103205717]><>" slayed "The Administrator<27><BOT><>"
L 06/05/2016 - 00:13:17: [freaks\halloween_2014.ff2] Selected 2 by Key: special_greyalien
L 06/05/2016 - 00:22:34: [freaks\halloween_2014.ff2] Selected 2 by Key: special_greyalien
L 06/05/2016 - 00:22:36: [basecommands.smx] "Nopied◎<2><[U:1:103205717]><>" kicked "MoreGun<22><BOT><>" (reason "멀록")
L 06/05/2016 - 00:22:36: [basecommands.smx] "Nopied◎<2><[U:1:103205717]><>" kicked "Big Mean Muther Hubbard<23><BOT><>" (reason "멀록")
L 06/05/2016 - 00:22:36: [basecommands.smx] "Nopied◎<2><[U:1:103205717]><>" kicked "Crazed Gunman<24><BOT><>" (reason "멀록")
L 06/05/2016 - 00:22:37: [basecommands.smx] "Nopied◎<2><[U:1:103205717]><>" kicked "Poopy Joe<25><BOT><>" (reason "멀록")
L 06/05/2016 - 00:22:37: [basecommands.smx] "Nopied◎<2><[U:1:103205717]><>" kicked "Freakin' Unbelievable<26><BOT><>" (reason "멀록")
L 06/05/2016 - 00:22:37: [basecommands.smx] "Nopied◎<2><[U:1:103205717]><>" kicked "The Administrator<27><BOT><>" (reason "멀록")
L 06/05/2016 - 00:22:37: [basecommands.smx] "Nopied◎<2><[U:1:103205717]><>" kicked "DandA1025<15><[U:1:150941697]><>" (reason "멀록")
L 06/05/2016 - 00:22:37: [basecommands.smx] "Nopied◎<2><[U:1:103205717]><>" kicked "GO mediseun (자연산)<19><[U:1:61271689]><>" (reason "멀록")
L 06/05/2016 - 00:22:37: [basecommands.smx] "Nopied◎<2><[U:1:103205717]><>" kicked "See my nickname??<18><[U:1:156748728]><>" (reason "멀록")
L 06/05/2016 - 00:22:37: [basecommands.smx] "Nopied◎<2><[U:1:103205717]><>" kicked "nakengkaj<21><[U:1:197535832]><>" (reason "멀록")
L 06/05/2016 - 00:22:37: [basecommands.smx] "Nopied◎<2><[U:1:103205717]><>" kicked "Nopied◎<2><[U:1:103205717]><>" (reason "멀록")
L 06/05/2016 - 00:22:43: Log file closed.
L 06/05/2016 - 20:05:26: SourceMod log file session started (file "L20160605.log") (Version "1.7.3-dev+5298")
L 06/05/2016 - 20:05:26: -------- Mapchange to vsh_apg_v2 --------
L 06/05/2016 - 20:05:26: [TF2ITEMS] "GiveNamedItem" offset = 472
L 06/05/2016 - 20:05:28: [boss_selection.smx] [FF2boss] Added chat command: ff2boss
L 06/05/2016 - 20:05:28: [boss_selection.smx] [FF2boss] Added chat command: boss
L 06/05/2016 - 20:05:28: [boss_selection.smx] [FF2boss] Added chat command: 보스
L 06/05/2016 - 20:05:28: [boss_selection.smx] [FF2boss] Added chat command: 보스선택
L 06/05/2016 - 20:05:28: [custompart.smx] Debug for CustomPart
L 06/05/2016 - 20:05:28: [freak_fortress_2.smx] ===Freak Fortress 2 Initializing-v1.10.10 Beta===
L 06/05/2016 - 20:05:42: [boss_selection.smx] [FF2boss] Added chat command: ff2boss
L 06/05/2016 - 20:05:42: [boss_selection.smx] [FF2boss] Added chat command: boss
L 06/05/2016 - 20:05:42: [boss_selection.smx] [FF2boss] Added chat command: 보스
L 06/05/2016 - 20:05:42: [boss_selection.smx] [FF2boss] Added chat command: 보스선택
L 06/05/2016 - 20:12:06: SourceMod log file session started (file "L20160605.log") (Version "1.7.3-dev+5298")
L 06/05/2016 - 20:12:06: -------- Mapchange to vsh_apg_v2 --------
L 06/05/2016 - 20:12:06: [TF2ITEMS] "GiveNamedItem" offset = 472
L 06/05/2016 - 20:12:06: [boss_selection.smx] [FF2boss] Added chat command: ff2boss
L 06/05/2016 - 20:12:06: [boss_selection.smx] [FF2boss] Added chat command: boss
L 06/05/2016 - 20:12:06: [boss_selection.smx] [FF2boss] Added chat command: 보스
L 06/05/2016 - 20:12:06: [boss_selection.smx] [FF2boss] Added chat command: 보스선택
L 06/05/2016 - 20:12:06: [custompart.smx] Debug for CustomPart
L 06/05/2016 - 20:12:06: [freak_fortress_2.smx] ===Freak Fortress 2 Initializing-v1.10.10 Beta===
L 06/05/2016 - 20:12:18: [boss_selection.smx] [FF2boss] Added chat command: ff2boss
L 06/05/2016 - 20:12:18: [boss_selection.smx] [FF2boss] Added chat command: boss
L 06/05/2016 - 20:12:18: [boss_selection.smx] [FF2boss] Added chat command: 보스
L 06/05/2016 - 20:12:18: [boss_selection.smx] [FF2boss] Added chat command: 보스선택
L 06/05/2016 - 20:21:15: SourceMod log file session started (file "L20160605.log") (Version "1.7.3-dev+5298")
L 06/05/2016 - 20:21:15: -------- Mapchange to vsh_apg_v2 --------
L 06/05/2016 - 20:21:15: [TF2ITEMS] "GiveNamedItem" offset = 472
L 06/05/2016 - 20:21:15: [boss_selection.smx] [FF2boss] Added chat command: ff2boss
L 06/05/2016 - 20:21:15: [boss_selection.smx] [FF2boss] Added chat command: boss
L 06/05/2016 - 20:21:15: [boss_selection.smx] [FF2boss] Added chat command: 보스
L 06/05/2016 - 20:21:15: [boss_selection.smx] [FF2boss] Added chat command: 보스선택
L 06/05/2016 - 20:21:15: [custompart.smx] Debug for CustomPart
L 06/05/2016 - 20:21:15: [freak_fortress_2.smx] ===Freak Fortress 2 Initializing-v1.10.10 Beta===
L 06/05/2016 - 20:21:27: [boss_selection.smx] [FF2boss] Added chat command: ff2boss
L 06/05/2016 - 20:21:27: [boss_selection.smx] [FF2boss] Added chat command: boss
L 06/05/2016 - 20:21:27: [boss_selection.smx] [FF2boss] Added chat command: 보스
L 06/05/2016 - 20:21:27: [boss_selection.smx] [FF2boss] Added chat command: 보스선택
L 06/05/2016 - 20:27:30: [freaks\halloween_2014.ff2] Selected 2 by Key: special_greyalien
L 06/05/2016 - 20:41:58: [freaks\halloween_2014.ff2] Selected 2 by Key: special_greyalien
L 06/05/2016 - 20:42:00: [playercommands.smx] "Nopied◎<2><[U:1:103205717]><>" slayed "Nopied◎<2><[U:1:103205717]><>"
L 06/05/2016 - 20:42:00: [playercommands.smx] "Nopied◎<2><[U:1:103205717]><>" slayed "DandA1025<3><[U:1:150941697]><>"
L 06/05/2016 - 20:42:00: [playercommands.smx] "Nopied◎<2><[U:1:103205717]><>" slayed "♪(*´∀｀)(작다)<4><[U:1:209760731]><>"
L 06/05/2016 - 20:42:00: [playercommands.smx] "Nopied◎<2><[U:1:103205717]><>" slayed "나는 브로니다! 으아아<5><[U:1:224567350]><>"
L 06/05/2016 - 20:46:11: [playercommands.smx] "Nopied◎<2><[U:1:103205717]><>" slayed "DandA1025<3><[U:1:150941697]><>"
