L 03/27/2016 - 22:11:38: SourceMod log file session started (file "L20160327.log") (Version "1.7.3-dev+5298")
L 03/27/2016 - 22:11:38: -------- Mapchange to arena_badlands --------
L 03/27/2016 - 22:11:38: [TF2ITEMS] "GiveNamedItem" offset = 472
L 03/27/2016 - 22:11:40: [Boss Selection.smx] [FF2boss] Added chat command: ff2boss
L 03/27/2016 - 22:11:40: [Boss Selection.smx] [FF2boss] Added chat command: boss
L 03/27/2016 - 22:11:40: [Boss Selection.smx] [FF2boss] Added chat command: 보스
L 03/27/2016 - 22:11:40: [Boss Selection.smx] [FF2boss] Added chat command: 보스선택
L 03/27/2016 - 22:11:40: [Boss Selection.smx] [FF2boss] Added chat command: 
L 03/27/2016 - 22:11:40: [freak_fortress_2.smx] ===Freak Fortress 2 Initializing-v1.10.9 Beta (build manual)===
L 03/27/2016 - 22:11:54: [Boss Selection.smx] [FF2boss] Added chat command: ff2boss
L 03/27/2016 - 22:11:54: [Boss Selection.smx] [FF2boss] Added chat command: boss
L 03/27/2016 - 22:11:54: [Boss Selection.smx] [FF2boss] Added chat command: 보스
L 03/27/2016 - 22:11:54: [Boss Selection.smx] [FF2boss] Added chat command: 보스선택
L 03/27/2016 - 22:11:54: [Boss Selection.smx] [FF2boss] Added chat command: 
L 03/27/2016 - 22:14:32: [Boss Selection.smx] g_strChatCommand[i] = ff2boss
L 03/27/2016 - 22:14:32: [Boss Selection.smx] g_strChatCommand[i] = boss
L 03/27/2016 - 22:14:32: [Boss Selection.smx] g_strChatCommand[i] = 보스
L 03/27/2016 - 22:14:32: [Boss Selection.smx] g_strChatCommand[i] = 보스선택
L 03/27/2016 - 22:14:32: [Boss Selection.smx] g_strChatCommand[i] = 
L 03/27/2016 - 22:14:32: [Boss Selection.smx] g_strChatCommand[i] = 
L 03/27/2016 - 22:14:46: [Boss Selection.smx] g_strChatCommand[i] = ff2boss
L 03/27/2016 - 22:14:46: [Boss Selection.smx] g_strChatCommand[i] = boss
L 03/27/2016 - 22:14:46: [Boss Selection.smx] g_strChatCommand[i] = 보스
L 03/27/2016 - 22:14:46: [Boss Selection.smx] g_strChatCommand[i] = 보스선택
L 03/27/2016 - 22:14:46: [Boss Selection.smx] g_strChatCommand[i] = 
L 03/27/2016 - 22:14:46: [Boss Selection.smx] g_strChatCommand[i] = 
L 03/27/2016 - 22:14:48: [Boss Selection.smx] g_strChatCommand[i] = ff2boss
L 03/27/2016 - 22:14:48: [Boss Selection.smx] g_strChatCommand[i] = boss
L 03/27/2016 - 22:14:48: [Boss Selection.smx] g_strChatCommand[i] = 보스
L 03/27/2016 - 22:14:48: [Boss Selection.smx] g_strChatCommand[i] = 보스선택
L 03/27/2016 - 22:14:48: [Boss Selection.smx] g_strChatCommand[i] = 
L 03/27/2016 - 22:14:48: [Boss Selection.smx] g_strChatCommand[i] = 
L 03/27/2016 - 22:14:53: [Boss Selection.smx] g_strChatCommand[i] = ff2boss
L 03/27/2016 - 22:14:53: [Boss Selection.smx] g_strChatCommand[i] = boss
L 03/27/2016 - 22:14:53: [Boss Selection.smx] g_strChatCommand[i] = 보스
L 03/27/2016 - 22:14:53: [Boss Selection.smx] g_strChatCommand[i] = 보스선택
L 03/27/2016 - 22:14:53: [Boss Selection.smx] g_strChatCommand[i] = 
L 03/27/2016 - 22:14:53: [Boss Selection.smx] g_strChatCommand[i] = 
L 03/27/2016 - 22:15:00: [Boss Selection.smx] g_strChatCommand[i] = ff2boss
L 03/27/2016 - 22:15:00: [Boss Selection.smx] g_strChatCommand[i] = boss
L 03/27/2016 - 22:15:00: [Boss Selection.smx] g_strChatCommand[i] = 보스
L 03/27/2016 - 22:15:00: [Boss Selection.smx] g_strChatCommand[i] = 보스선택
L 03/27/2016 - 22:15:00: [Boss Selection.smx] g_strChatCommand[i] = 
L 03/27/2016 - 22:15:00: [Boss Selection.smx] g_strChatCommand[i] = 
L 03/27/2016 - 22:15:24: [Boss Selection.smx] g_strChatCommand[i] = ff2boss
L 03/27/2016 - 22:15:24: [Boss Selection.smx] g_strChatCommand[i] = boss
L 03/27/2016 - 22:15:24: [Boss Selection.smx] g_strChatCommand[i] = 보스
L 03/27/2016 - 22:15:24: [Boss Selection.smx] g_strChatCommand[i] = 보스선택
L 03/27/2016 - 22:15:24: [Boss Selection.smx] g_strChatCommand[i] = 
L 03/27/2016 - 22:15:24: [Boss Selection.smx] g_strChatCommand[i] = 
L 03/27/2016 - 22:15:25: [Boss Selection.smx] g_strChatCommand[i] = ff2boss
L 03/27/2016 - 22:15:25: [Boss Selection.smx] g_strChatCommand[i] = boss
L 03/27/2016 - 22:15:25: [Boss Selection.smx] g_strChatCommand[i] = 보스
L 03/27/2016 - 22:15:25: [Boss Selection.smx] g_strChatCommand[i] = 보스선택
L 03/27/2016 - 22:15:25: [Boss Selection.smx] g_strChatCommand[i] = 
L 03/27/2016 - 22:15:25: [Boss Selection.smx] g_strChatCommand[i] = 
L 03/27/2016 - 22:15:32: [Boss Selection.smx] g_strChatCommand[i] = ff2boss
L 03/27/2016 - 22:15:32: [Boss Selection.smx] g_strChatCommand[i] = boss
L 03/27/2016 - 22:15:32: [Boss Selection.smx] g_strChatCommand[i] = 보스
L 03/27/2016 - 22:15:32: [Boss Selection.smx] g_strChatCommand[i] = 보스선택
L 03/27/2016 - 22:15:32: [Boss Selection.smx] g_strChatCommand[i] = 
L 03/27/2016 - 22:15:32: [Boss Selection.smx] g_strChatCommand[i] = 
L 03/27/2016 - 22:15:36: [Boss Selection.smx] g_strChatCommand[i] = ff2boss
L 03/27/2016 - 22:15:36: [Boss Selection.smx] g_strChatCommand[i] = boss
L 03/27/2016 - 22:15:36: [Boss Selection.smx] g_strChatCommand[i] = 보스
L 03/27/2016 - 22:15:36: [Boss Selection.smx] g_strChatCommand[i] = 보스선택
L 03/27/2016 - 22:15:36: [Boss Selection.smx] g_strChatCommand[i] = 
L 03/27/2016 - 22:15:36: [Boss Selection.smx] g_strChatCommand[i] = 
L 03/27/2016 - 22:16:28: [Boss Selection.smx] g_strChatCommand[i] = ff2boss
L 03/27/2016 - 22:16:28: [Boss Selection.smx] g_strChatCommand[i] = boss
L 03/27/2016 - 22:16:28: [Boss Selection.smx] g_strChatCommand[i] = 보스
L 03/27/2016 - 22:16:28: [Boss Selection.smx] g_strChatCommand[i] = 보스선택
L 03/27/2016 - 22:16:28: [Boss Selection.smx] g_strChatCommand[i] = 
L 03/27/2016 - 22:16:28: [Boss Selection.smx] g_strChatCommand[i] = 
L 03/27/2016 - 22:16:31: [Boss Selection.smx] g_strChatCommand[i] = ff2boss
L 03/27/2016 - 22:16:31: [Boss Selection.smx] g_strChatCommand[i] = boss
L 03/27/2016 - 22:16:31: [Boss Selection.smx] g_strChatCommand[i] = 보스
L 03/27/2016 - 22:16:31: [Boss Selection.smx] g_strChatCommand[i] = 보스선택
L 03/27/2016 - 22:16:31: [Boss Selection.smx] g_strChatCommand[i] = 
L 03/27/2016 - 22:16:31: [Boss Selection.smx] g_strChatCommand[i] = 
L 03/27/2016 - 22:16:40: [Boss Selection.smx] g_strChatCommand[i] = ff2boss
L 03/27/2016 - 22:16:40: [Boss Selection.smx] g_strChatCommand[i] = boss
L 03/27/2016 - 22:16:40: [Boss Selection.smx] g_strChatCommand[i] = 보스
L 03/27/2016 - 22:16:40: [Boss Selection.smx] g_strChatCommand[i] = 보스선택
L 03/27/2016 - 22:16:40: [Boss Selection.smx] g_strChatCommand[i] = 
L 03/27/2016 - 22:16:40: [Boss Selection.smx] g_strChatCommand[i] = 
L 03/27/2016 - 22:16:53: [Boss Selection.smx] g_strChatCommand[i] = ff2boss
L 03/27/2016 - 22:16:53: [Boss Selection.smx] g_strChatCommand[i] = boss
L 03/27/2016 - 22:16:53: [Boss Selection.smx] g_strChatCommand[i] = 보스
L 03/27/2016 - 22:16:53: [Boss Selection.smx] g_strChatCommand[i] = 보스선택
L 03/27/2016 - 22:16:53: [Boss Selection.smx] g_strChatCommand[i] = 
L 03/27/2016 - 22:16:53: [Boss Selection.smx] g_strChatCommand[i] = 
L 03/27/2016 - 22:16:56: [Boss Selection.smx] g_strChatCommand[i] = ff2boss
L 03/27/2016 - 22:16:56: [Boss Selection.smx] g_strChatCommand[i] = boss
L 03/27/2016 - 22:16:56: [Boss Selection.smx] g_strChatCommand[i] = 보스
L 03/27/2016 - 22:16:56: [Boss Selection.smx] g_strChatCommand[i] = 보스선택
L 03/27/2016 - 22:16:56: [Boss Selection.smx] g_strChatCommand[i] = 
L 03/27/2016 - 22:16:56: [Boss Selection.smx] g_strChatCommand[i] = 
L 03/27/2016 - 22:17:12: [Boss Selection.smx] g_strChatCommand[i] = ff2boss
L 03/27/2016 - 22:17:12: [Boss Selection.smx] g_strChatCommand[i] = boss
L 03/27/2016 - 22:17:12: [Boss Selection.smx] g_strChatCommand[i] = 보스
L 03/27/2016 - 22:17:12: [Boss Selection.smx] g_strChatCommand[i] = 보스선택
L 03/27/2016 - 22:17:12: [Boss Selection.smx] g_strChatCommand[i] = 
L 03/27/2016 - 22:17:12: [Boss Selection.smx] g_strChatCommand[i] = 
L 03/27/2016 - 22:17:14: [Boss Selection.smx] g_strChatCommand[i] = ff2boss
L 03/27/2016 - 22:17:14: [Boss Selection.smx] g_strChatCommand[i] = boss
L 03/27/2016 - 22:17:14: [Boss Selection.smx] g_strChatCommand[i] = 보스
L 03/27/2016 - 22:17:14: [Boss Selection.smx] g_strChatCommand[i] = 보스선택
L 03/27/2016 - 22:17:14: [Boss Selection.smx] g_strChatCommand[i] = 
L 03/27/2016 - 22:17:14: [Boss Selection.smx] g_strChatCommand[i] = 
L 03/27/2016 - 22:17:15: [Boss Selection.smx] g_strChatCommand[i] = ff2boss
L 03/27/2016 - 22:17:15: [Boss Selection.smx] g_strChatCommand[i] = boss
L 03/27/2016 - 22:17:15: [Boss Selection.smx] g_strChatCommand[i] = 보스
L 03/27/2016 - 22:17:15: [Boss Selection.smx] g_strChatCommand[i] = 보스선택
L 03/27/2016 - 22:17:15: [Boss Selection.smx] g_strChatCommand[i] = 
L 03/27/2016 - 22:17:15: [Boss Selection.smx] g_strChatCommand[i] = 
L 03/27/2016 - 22:17:30: [Boss Selection.smx] g_strChatCommand[i] = ff2boss
L 03/27/2016 - 22:17:30: [Boss Selection.smx] g_strChatCommand[i] = boss
L 03/27/2016 - 22:17:30: [Boss Selection.smx] g_strChatCommand[i] = 보스
L 03/27/2016 - 22:17:30: [Boss Selection.smx] g_strChatCommand[i] = 보스선택
L 03/27/2016 - 22:17:30: [Boss Selection.smx] g_strChatCommand[i] = 
L 03/27/2016 - 22:17:30: [Boss Selection.smx] g_strChatCommand[i] = 
L 03/27/2016 - 22:18:31: [Boss Selection.smx] g_strChatCommand[i] = ff2boss
L 03/27/2016 - 22:18:31: [Boss Selection.smx] g_strChatCommand[i] = boss
L 03/27/2016 - 22:18:31: [Boss Selection.smx] g_strChatCommand[i] = 보스
L 03/27/2016 - 22:18:31: [Boss Selection.smx] g_strChatCommand[i] = 보스선택
L 03/27/2016 - 22:18:31: [Boss Selection.smx] g_strChatCommand[i] = 
L 03/27/2016 - 22:18:31: [Boss Selection.smx] g_strChatCommand[i] = 
L 03/27/2016 - 22:18:35: [Boss Selection.smx] g_strChatCommand[i] = ff2boss
L 03/27/2016 - 22:18:35: [Boss Selection.smx] g_strChatCommand[i] = boss
L 03/27/2016 - 22:18:35: [Boss Selection.smx] g_strChatCommand[i] = 보스
L 03/27/2016 - 22:18:35: [Boss Selection.smx] g_strChatCommand[i] = 보스선택
L 03/27/2016 - 22:18:35: [Boss Selection.smx] g_strChatCommand[i] = 
L 03/27/2016 - 22:18:35: [Boss Selection.smx] g_strChatCommand[i] = 
L 03/27/2016 - 22:18:51: [Boss Selection.smx] g_strChatCommand[i] = ff2boss
L 03/27/2016 - 22:18:51: [Boss Selection.smx] g_strChatCommand[i] = boss
L 03/27/2016 - 22:18:51: [Boss Selection.smx] g_strChatCommand[i] = 보스
L 03/27/2016 - 22:18:51: [Boss Selection.smx] g_strChatCommand[i] = 보스선택
L 03/27/2016 - 22:18:51: [Boss Selection.smx] g_strChatCommand[i] = 
L 03/27/2016 - 22:18:51: [Boss Selection.smx] g_strChatCommand[i] = 
L 03/27/2016 - 22:19:02: [Boss Selection.smx] g_strChatCommand[i] = ff2boss
L 03/27/2016 - 22:19:02: [Boss Selection.smx] g_strChatCommand[i] = boss
L 03/27/2016 - 22:19:02: [Boss Selection.smx] g_strChatCommand[i] = 보스
L 03/27/2016 - 22:19:02: [Boss Selection.smx] g_strChatCommand[i] = 보스선택
L 03/27/2016 - 22:19:02: [Boss Selection.smx] g_strChatCommand[i] = 
L 03/27/2016 - 22:19:02: [Boss Selection.smx] g_strChatCommand[i] = 
L 03/27/2016 - 22:19:54: [Boss Selection.smx] g_strChatCommand[i] = ff2boss
L 03/27/2016 - 22:19:54: [Boss Selection.smx] g_strChatCommand[i] = boss
L 03/27/2016 - 22:19:54: [Boss Selection.smx] g_strChatCommand[i] = 보스
L 03/27/2016 - 22:19:54: [Boss Selection.smx] g_strChatCommand[i] = 보스선택
L 03/27/2016 - 22:19:54: [Boss Selection.smx] g_strChatCommand[i] = 
L 03/27/2016 - 22:19:54: [Boss Selection.smx] g_strChatCommand[i] = 
L 03/27/2016 - 22:19:54: [playercommands.smx] "Nopied◎<2><[U:1:103205717]><>" slayed "Cannon Fodder<4><BOT><>"
L 03/27/2016 - 22:19:54: [playercommands.smx] "Nopied◎<2><[U:1:103205717]><>" slayed "trigger_hurt<5><BOT><>"
L 03/27/2016 - 22:19:54: [playercommands.smx] "Nopied◎<2><[U:1:103205717]><>" slayed "Nom Nom Nom<6><BOT><>"
L 03/27/2016 - 22:19:56: [Boss Selection.smx] g_strChatCommand[i] = ff2boss
L 03/27/2016 - 22:19:56: [Boss Selection.smx] g_strChatCommand[i] = boss
L 03/27/2016 - 22:19:56: [Boss Selection.smx] g_strChatCommand[i] = 보스
L 03/27/2016 - 22:19:56: [Boss Selection.smx] g_strChatCommand[i] = 보스선택
L 03/27/2016 - 22:19:56: [Boss Selection.smx] g_strChatCommand[i] = 
L 03/27/2016 - 22:19:56: [Boss Selection.smx] g_strChatCommand[i] = 
L 03/27/2016 - 22:19:59: [Boss Selection.smx] g_strChatCommand[i] = ff2boss
L 03/27/2016 - 22:19:59: [Boss Selection.smx] g_strChatCommand[i] = boss
L 03/27/2016 - 22:19:59: [Boss Selection.smx] g_strChatCommand[i] = 보스
L 03/27/2016 - 22:19:59: [Boss Selection.smx] g_strChatCommand[i] = 보스선택
L 03/27/2016 - 22:19:59: [Boss Selection.smx] g_strChatCommand[i] = 
L 03/27/2016 - 22:19:59: [Boss Selection.smx] g_strChatCommand[i] = 
L 03/27/2016 - 22:20:02: [Boss Selection.smx] g_strChatCommand[i] = ff2boss
L 03/27/2016 - 22:20:02: [Boss Selection.smx] g_strChatCommand[i] = boss
L 03/27/2016 - 22:20:02: [Boss Selection.smx] g_strChatCommand[i] = 보스
L 03/27/2016 - 22:20:02: [Boss Selection.smx] g_strChatCommand[i] = 보스선택
L 03/27/2016 - 22:20:02: [Boss Selection.smx] g_strChatCommand[i] = 
L 03/27/2016 - 22:20:02: [Boss Selection.smx] g_strChatCommand[i] = 
L 03/27/2016 - 22:20:06: [Boss Selection.smx] g_strChatCommand[i] = ff2boss
L 03/27/2016 - 22:20:06: [Boss Selection.smx] g_strChatCommand[i] = boss
L 03/27/2016 - 22:20:06: [Boss Selection.smx] g_strChatCommand[i] = 보스
L 03/27/2016 - 22:20:06: [Boss Selection.smx] g_strChatCommand[i] = 보스선택
L 03/27/2016 - 22:20:06: [Boss Selection.smx] g_strChatCommand[i] = 
L 03/27/2016 - 22:20:06: [Boss Selection.smx] g_strChatCommand[i] = 
L 03/27/2016 - 22:20:10: [Boss Selection.smx] g_strChatCommand[i] = ff2boss
L 03/27/2016 - 22:20:10: [Boss Selection.smx] g_strChatCommand[i] = boss
L 03/27/2016 - 22:20:10: [Boss Selection.smx] g_strChatCommand[i] = 보스
L 03/27/2016 - 22:20:10: [Boss Selection.smx] g_strChatCommand[i] = 보스선택
L 03/27/2016 - 22:20:10: [Boss Selection.smx] g_strChatCommand[i] = 
L 03/27/2016 - 22:20:10: [Boss Selection.smx] g_strChatCommand[i] = 
L 03/27/2016 - 22:20:53: [Boss Selection.smx] g_strChatCommand[i] = ff2boss
L 03/27/2016 - 22:20:53: [Boss Selection.smx] g_strChatCommand[i] = boss
L 03/27/2016 - 22:20:53: [Boss Selection.smx] g_strChatCommand[i] = 보스
L 03/27/2016 - 22:20:53: [Boss Selection.smx] g_strChatCommand[i] = 보스선택
L 03/27/2016 - 22:20:53: [Boss Selection.smx] g_strChatCommand[i] = 
L 03/27/2016 - 22:20:53: [Boss Selection.smx] g_strChatCommand[i] = 
L 03/27/2016 - 22:20:55: [Boss Selection.smx] g_strChatCommand[i] = ff2boss
L 03/27/2016 - 22:20:55: [Boss Selection.smx] g_strChatCommand[i] = boss
L 03/27/2016 - 22:20:55: [Boss Selection.smx] g_strChatCommand[i] = 보스
L 03/27/2016 - 22:20:55: [Boss Selection.smx] g_strChatCommand[i] = 보스선택
L 03/27/2016 - 22:20:55: [Boss Selection.smx] g_strChatCommand[i] = 
L 03/27/2016 - 22:20:55: [Boss Selection.smx] g_strChatCommand[i] = 
L 03/27/2016 - 22:20:58: [Boss Selection.smx] g_strChatCommand[i] = ff2boss
L 03/27/2016 - 22:20:58: [Boss Selection.smx] g_strChatCommand[i] = boss
L 03/27/2016 - 22:20:58: [Boss Selection.smx] g_strChatCommand[i] = 보스
L 03/27/2016 - 22:20:58: [Boss Selection.smx] g_strChatCommand[i] = 보스선택
L 03/27/2016 - 22:20:58: [Boss Selection.smx] g_strChatCommand[i] = 
L 03/27/2016 - 22:20:58: [Boss Selection.smx] g_strChatCommand[i] = 
L 03/27/2016 - 22:21:37: [Boss Selection.smx] g_strChatCommand[i] = ff2boss
L 03/27/2016 - 22:21:37: [Boss Selection.smx] g_strChatCommand[i] = boss
L 03/27/2016 - 22:21:37: [Boss Selection.smx] g_strChatCommand[i] = 보스
L 03/27/2016 - 22:21:37: [Boss Selection.smx] g_strChatCommand[i] = 보스선택
L 03/27/2016 - 22:21:37: [Boss Selection.smx] g_strChatCommand[i] = 
L 03/27/2016 - 22:21:37: [Boss Selection.smx] g_strChatCommand[i] = 
L 03/27/2016 - 22:21:41: [Boss Selection.smx] g_strChatCommand[i] = ff2boss
L 03/27/2016 - 22:21:41: [Boss Selection.smx] g_strChatCommand[i] = boss
L 03/27/2016 - 22:21:41: [Boss Selection.smx] g_strChatCommand[i] = 보스
L 03/27/2016 - 22:21:41: [Boss Selection.smx] g_strChatCommand[i] = 보스선택
L 03/27/2016 - 22:21:41: [Boss Selection.smx] g_strChatCommand[i] = 
L 03/27/2016 - 22:21:41: [Boss Selection.smx] g_strChatCommand[i] = 
L 03/27/2016 - 22:21:41: [playercommands.smx] "Nopied◎<2><[U:1:103205717]><>" slayed "Cannon Fodder<4><BOT><>"
L 03/27/2016 - 22:21:41: [playercommands.smx] "Nopied◎<2><[U:1:103205717]><>" slayed "trigger_hurt<5><BOT><>"
L 03/27/2016 - 22:21:41: [playercommands.smx] "Nopied◎<2><[U:1:103205717]><>" slayed "Nom Nom Nom<6><BOT><>"
L 03/27/2016 - 22:21:47: [Boss Selection.smx] g_strChatCommand[i] = ff2boss
L 03/27/2016 - 22:21:47: [Boss Selection.smx] g_strChatCommand[i] = boss
L 03/27/2016 - 22:21:47: [Boss Selection.smx] g_strChatCommand[i] = 보스
L 03/27/2016 - 22:21:47: [Boss Selection.smx] g_strChatCommand[i] = 보스선택
L 03/27/2016 - 22:21:47: [Boss Selection.smx] g_strChatCommand[i] = 
L 03/27/2016 - 22:21:47: [Boss Selection.smx] g_strChatCommand[i] = 
L 03/27/2016 - 22:21:52: [Boss Selection.smx] 선택한 보스 이름: Seeman
L 03/27/2016 - 22:21:55: [Boss Selection.smx] g_strChatCommand[i] = ff2boss
L 03/27/2016 - 22:21:55: [Boss Selection.smx] g_strChatCommand[i] = boss
L 03/27/2016 - 22:21:55: [Boss Selection.smx] g_strChatCommand[i] = 보스
L 03/27/2016 - 22:21:55: [Boss Selection.smx] g_strChatCommand[i] = 보스선택
L 03/27/2016 - 22:21:55: [Boss Selection.smx] g_strChatCommand[i] = 
L 03/27/2016 - 22:21:55: [Boss Selection.smx] g_strChatCommand[i] = 
L 03/27/2016 - 22:21:56: [Boss Selection.smx] 선택한 보스 이름: Demopan
L 03/27/2016 - 22:21:58: [Boss Selection.smx] g_strChatCommand[i] = ff2boss
L 03/27/2016 - 22:21:58: [Boss Selection.smx] g_strChatCommand[i] = boss
L 03/27/2016 - 22:21:58: [Boss Selection.smx] g_strChatCommand[i] = 보스
L 03/27/2016 - 22:21:58: [Boss Selection.smx] g_strChatCommand[i] = 보스선택
L 03/27/2016 - 22:21:58: [Boss Selection.smx] g_strChatCommand[i] = 
L 03/27/2016 - 22:21:58: [Boss Selection.smx] g_strChatCommand[i] = 
L 03/27/2016 - 22:22:12: [Boss Selection.smx] g_strChatCommand[i] = ff2boss
L 03/27/2016 - 22:22:12: [Boss Selection.smx] g_strChatCommand[i] = boss
L 03/27/2016 - 22:22:12: [Boss Selection.smx] g_strChatCommand[i] = 보스
L 03/27/2016 - 22:22:12: [Boss Selection.smx] g_strChatCommand[i] = 보스선택
L 03/27/2016 - 22:22:12: [Boss Selection.smx] g_strChatCommand[i] = 
L 03/27/2016 - 22:22:12: [Boss Selection.smx] g_strChatCommand[i] = 
L 03/27/2016 - 22:22:21: [Boss Selection.smx] g_strChatCommand[i] = ff2boss
L 03/27/2016 - 22:22:21: [Boss Selection.smx] g_strChatCommand[i] = boss
L 03/27/2016 - 22:22:21: [Boss Selection.smx] g_strChatCommand[i] = 보스
L 03/27/2016 - 22:22:21: [Boss Selection.smx] g_strChatCommand[i] = 보스선택
L 03/27/2016 - 22:22:21: [Boss Selection.smx] g_strChatCommand[i] = 
L 03/27/2016 - 22:22:21: [Boss Selection.smx] g_strChatCommand[i] = 
L 03/27/2016 - 22:22:28: [Boss Selection.smx] 선택한 보스 이름: Easter Bunny
L 03/27/2016 - 22:23:43: [Boss Selection.smx] g_strChatCommand[i] = ff2boss
L 03/27/2016 - 22:23:43: [Boss Selection.smx] g_strChatCommand[i] = boss
L 03/27/2016 - 22:23:43: [Boss Selection.smx] g_strChatCommand[i] = 보스
L 03/27/2016 - 22:23:43: [Boss Selection.smx] g_strChatCommand[i] = 보스선택
L 03/27/2016 - 22:23:43: [Boss Selection.smx] g_strChatCommand[i] = 
L 03/27/2016 - 22:23:43: [Boss Selection.smx] g_strChatCommand[i] = 
L 03/27/2016 - 22:24:28: [Boss Selection.smx] g_strChatCommand[i] = ff2boss
L 03/27/2016 - 22:24:28: [Boss Selection.smx] g_strChatCommand[i] = boss
L 03/27/2016 - 22:24:28: [Boss Selection.smx] g_strChatCommand[i] = 보스
L 03/27/2016 - 22:24:28: [Boss Selection.smx] g_strChatCommand[i] = 보스선택
L 03/27/2016 - 22:24:28: [Boss Selection.smx] g_strChatCommand[i] = 
L 03/27/2016 - 22:24:28: [Boss Selection.smx] g_strChatCommand[i] = 
L 03/27/2016 - 22:24:28: [playercommands.smx] "Nopied◎<2><[U:1:103205717]><>" slayed "Cannon Fodder<4><BOT><>"
L 03/27/2016 - 22:24:28: [playercommands.smx] "Nopied◎<2><[U:1:103205717]><>" slayed "trigger_hurt<5><BOT><>"
L 03/27/2016 - 22:24:28: [playercommands.smx] "Nopied◎<2><[U:1:103205717]><>" slayed "Nom Nom Nom<6><BOT><>"
L 03/27/2016 - 22:25:08: [Boss Selection.smx] g_strChatCommand[i] = ff2boss
L 03/27/2016 - 22:25:08: [Boss Selection.smx] g_strChatCommand[i] = boss
L 03/27/2016 - 22:25:08: [Boss Selection.smx] g_strChatCommand[i] = 보스
L 03/27/2016 - 22:25:08: [Boss Selection.smx] g_strChatCommand[i] = 보스선택
L 03/27/2016 - 22:25:08: [Boss Selection.smx] g_strChatCommand[i] = 
L 03/27/2016 - 22:25:08: [Boss Selection.smx] g_strChatCommand[i] = 
L 03/27/2016 - 22:25:10: [Boss Selection.smx] g_strChatCommand[i] = ff2boss
L 03/27/2016 - 22:25:10: [Boss Selection.smx] g_strChatCommand[i] = boss
L 03/27/2016 - 22:25:10: [Boss Selection.smx] g_strChatCommand[i] = 보스
L 03/27/2016 - 22:25:10: [Boss Selection.smx] g_strChatCommand[i] = 보스선택
L 03/27/2016 - 22:25:10: [Boss Selection.smx] g_strChatCommand[i] = 
L 03/27/2016 - 22:25:10: [Boss Selection.smx] g_strChatCommand[i] = 
L 03/27/2016 - 22:25:25: [Boss Selection.smx] g_strChatCommand[i] = ff2boss
L 03/27/2016 - 22:25:25: [Boss Selection.smx] g_strChatCommand[i] = boss
L 03/27/2016 - 22:25:25: [Boss Selection.smx] g_strChatCommand[i] = 보스
L 03/27/2016 - 22:25:25: [Boss Selection.smx] g_strChatCommand[i] = 보스선택
L 03/27/2016 - 22:25:25: [Boss Selection.smx] g_strChatCommand[i] = 
L 03/27/2016 - 22:25:25: [Boss Selection.smx] g_strChatCommand[i] = 
L 03/27/2016 - 22:26:08: [Boss Selection.smx] g_strChatCommand[i] = ff2boss
L 03/27/2016 - 22:26:08: [Boss Selection.smx] g_strChatCommand[i] = boss
L 03/27/2016 - 22:26:08: [Boss Selection.smx] g_strChatCommand[i] = 보스
L 03/27/2016 - 22:26:08: [Boss Selection.smx] g_strChatCommand[i] = 보스선택
L 03/27/2016 - 22:26:08: [Boss Selection.smx] g_strChatCommand[i] = 
L 03/27/2016 - 22:26:08: [Boss Selection.smx] g_strChatCommand[i] = 
L 03/27/2016 - 22:26:15: [Boss Selection.smx] g_strChatCommand[i] = ff2boss
L 03/27/2016 - 22:26:15: [Boss Selection.smx] g_strChatCommand[i] = boss
L 03/27/2016 - 22:26:15: [Boss Selection.smx] g_strChatCommand[i] = 보스
L 03/27/2016 - 22:26:15: [Boss Selection.smx] g_strChatCommand[i] = 보스선택
L 03/27/2016 - 22:26:15: [Boss Selection.smx] g_strChatCommand[i] = 
L 03/27/2016 - 22:26:15: [Boss Selection.smx] g_strChatCommand[i] = 
L 03/27/2016 - 22:26:17: [Boss Selection.smx] g_strChatCommand[i] = ff2boss
L 03/27/2016 - 22:26:17: [Boss Selection.smx] g_strChatCommand[i] = boss
L 03/27/2016 - 22:26:17: [Boss Selection.smx] g_strChatCommand[i] = 보스
L 03/27/2016 - 22:26:17: [Boss Selection.smx] g_strChatCommand[i] = 보스선택
L 03/27/2016 - 22:26:17: [Boss Selection.smx] g_strChatCommand[i] = 
L 03/27/2016 - 22:26:17: [Boss Selection.smx] g_strChatCommand[i] = 
L 03/27/2016 - 22:27:12: [Boss Selection.smx] g_strChatCommand[i] = ff2boss
L 03/27/2016 - 22:27:12: [Boss Selection.smx] g_strChatCommand[i] = boss
L 03/27/2016 - 22:27:12: [Boss Selection.smx] g_strChatCommand[i] = 보스
L 03/27/2016 - 22:27:12: [Boss Selection.smx] g_strChatCommand[i] = 보스선택
L 03/27/2016 - 22:27:12: [Boss Selection.smx] g_strChatCommand[i] = 
L 03/27/2016 - 22:27:12: [Boss Selection.smx] g_strChatCommand[i] = 
L 03/27/2016 - 22:27:17: [Boss Selection.smx] g_strChatCommand[i] = ff2boss
L 03/27/2016 - 22:27:17: [Boss Selection.smx] g_strChatCommand[i] = boss
L 03/27/2016 - 22:27:17: [Boss Selection.smx] g_strChatCommand[i] = 보스
L 03/27/2016 - 22:27:17: [Boss Selection.smx] g_strChatCommand[i] = 보스선택
L 03/27/2016 - 22:27:17: [Boss Selection.smx] g_strChatCommand[i] = 
L 03/27/2016 - 22:27:17: [Boss Selection.smx] g_strChatCommand[i] = 
L 03/27/2016 - 22:27:24: [Boss Selection.smx] g_strChatCommand[i] = ff2boss
L 03/27/2016 - 22:27:24: [Boss Selection.smx] g_strChatCommand[i] = boss
L 03/27/2016 - 22:27:24: [Boss Selection.smx] g_strChatCommand[i] = 보스
L 03/27/2016 - 22:27:24: [Boss Selection.smx] g_strChatCommand[i] = 보스선택
L 03/27/2016 - 22:27:24: [Boss Selection.smx] g_strChatCommand[i] = 
L 03/27/2016 - 22:27:24: [Boss Selection.smx] g_strChatCommand[i] = 
L 03/27/2016 - 22:27:36: [Boss Selection.smx] g_strChatCommand[i] = ff2boss
L 03/27/2016 - 22:27:36: [Boss Selection.smx] g_strChatCommand[i] = boss
L 03/27/2016 - 22:27:36: [Boss Selection.smx] g_strChatCommand[i] = 보스
L 03/27/2016 - 22:27:36: [Boss Selection.smx] g_strChatCommand[i] = 보스선택
L 03/27/2016 - 22:27:36: [Boss Selection.smx] g_strChatCommand[i] = 
L 03/27/2016 - 22:27:36: [Boss Selection.smx] g_strChatCommand[i] = 
L 03/27/2016 - 22:27:37: [Boss Selection.smx] g_strChatCommand[i] = ff2boss
L 03/27/2016 - 22:27:37: [Boss Selection.smx] g_strChatCommand[i] = boss
L 03/27/2016 - 22:27:37: [Boss Selection.smx] g_strChatCommand[i] = 보스
L 03/27/2016 - 22:27:37: [Boss Selection.smx] g_strChatCommand[i] = 보스선택
L 03/27/2016 - 22:27:37: [Boss Selection.smx] g_strChatCommand[i] = 
L 03/27/2016 - 22:27:37: [Boss Selection.smx] g_strChatCommand[i] = 
L 03/27/2016 - 22:27:43: [Boss Selection.smx] g_strChatCommand[i] = ff2boss
L 03/27/2016 - 22:27:43: [Boss Selection.smx] g_strChatCommand[i] = boss
L 03/27/2016 - 22:27:43: [Boss Selection.smx] g_strChatCommand[i] = 보스
L 03/27/2016 - 22:27:43: [Boss Selection.smx] g_strChatCommand[i] = 보스선택
L 03/27/2016 - 22:27:43: [Boss Selection.smx] g_strChatCommand[i] = 
L 03/27/2016 - 22:27:43: [Boss Selection.smx] g_strChatCommand[i] = 
L 03/27/2016 - 22:27:44: [Boss Selection.smx] g_strChatCommand[i] = ff2boss
L 03/27/2016 - 22:27:44: [Boss Selection.smx] g_strChatCommand[i] = boss
L 03/27/2016 - 22:27:44: [Boss Selection.smx] g_strChatCommand[i] = 보스
L 03/27/2016 - 22:27:44: [Boss Selection.smx] g_strChatCommand[i] = 보스선택
L 03/27/2016 - 22:27:44: [Boss Selection.smx] g_strChatCommand[i] = 
L 03/27/2016 - 22:27:44: [Boss Selection.smx] g_strChatCommand[i] = 
L 03/27/2016 - 22:27:52: Log file closed.
