L 04/23/2016 - 15:25:09: SourceMod log file session started (file "L20160423.log") (Version "1.7.3-dev+5298")
L 04/23/2016 - 15:25:09: -------- Mapchange to vsh_apg_v2 --------
L 04/23/2016 - 15:25:09: [TF2ITEMS] "GiveNamedItem" offset = 472
L 04/23/2016 - 15:25:11: [Boss Selection.smx] [FF2boss] Added chat command: ff2boss
L 04/23/2016 - 15:25:11: [Boss Selection.smx] [FF2boss] Added chat command: boss
L 04/23/2016 - 15:25:11: [Boss Selection.smx] [FF2boss] Added chat command: 보스
L 04/23/2016 - 15:25:11: [Boss Selection.smx] [FF2boss] Added chat command: 보스선택
L 04/23/2016 - 15:25:11: [custompart.smx] Debug for CustomPart
L 04/23/2016 - 15:25:11: [freak_fortress_2.smx] ===Freak Fortress 2 Initializing-v1.10.9 Beta (build manual)===
L 04/23/2016 - 15:25:24: [Boss Selection.smx] [FF2boss] Added chat command: ff2boss
L 04/23/2016 - 15:25:24: [Boss Selection.smx] [FF2boss] Added chat command: boss
L 04/23/2016 - 15:25:24: [Boss Selection.smx] [FF2boss] Added chat command: 보스
L 04/23/2016 - 15:25:24: [Boss Selection.smx] [FF2boss] Added chat command: 보스선택
L 04/23/2016 - 15:27:54: [Boss Selection.smx] 이 클라이언트는 20의 대기포인트를 저장해놓은 상태.
L 04/23/2016 - 15:28:26: [playercommands.smx] "Nopied◎<2><[U:1:103205717]><>" slayed "Nopied◎<2><[U:1:103205717]><>"
L 04/23/2016 - 15:28:29: [Boss Selection.smx] 이 클라이언트는 20의 대기포인트를 저장해놓은 상태.
L 04/23/2016 - 15:29:48: [Boss Selection.smx] 이 클라이언트는 20의 대기포인트를 저장해놓은 상태.
L 04/23/2016 - 15:31:50: [Boss Selection.smx] 이 클라이언트는 20의 대기포인트를 저장해놓은 상태.
L 04/23/2016 - 15:31:50: [Boss Selection.smx] 이 클라이언트는 0의 대기포인트를 저장해놓은 상태.
L 04/23/2016 - 15:42:12: Log file closed.
L 04/23/2016 - 15:42:25: SourceMod log file session started (file "L20160423.log") (Version "1.7.3-dev+5298")
L 04/23/2016 - 15:42:25: -------- Mapchange to vsh_apg_v2 --------
L 04/23/2016 - 15:42:25: [TF2ITEMS] "GiveNamedItem" offset = 472
L 04/23/2016 - 15:42:25: [Boss Selection.smx] [FF2boss] Added chat command: ff2boss
L 04/23/2016 - 15:42:25: [Boss Selection.smx] [FF2boss] Added chat command: boss
L 04/23/2016 - 15:42:25: [Boss Selection.smx] [FF2boss] Added chat command: 보스
L 04/23/2016 - 15:42:25: [Boss Selection.smx] [FF2boss] Added chat command: 보스선택
L 04/23/2016 - 15:42:25: [custompart.smx] Debug for CustomPart
L 04/23/2016 - 15:42:25: [freak_fortress_2.smx] ===Freak Fortress 2 Initializing-v1.10.9 Beta (build manual)===
L 04/23/2016 - 15:42:37: [Boss Selection.smx] [FF2boss] Added chat command: ff2boss
L 04/23/2016 - 15:42:37: [Boss Selection.smx] [FF2boss] Added chat command: boss
L 04/23/2016 - 15:42:37: [Boss Selection.smx] [FF2boss] Added chat command: 보스
L 04/23/2016 - 15:42:37: [Boss Selection.smx] [FF2boss] Added chat command: 보스선택
L 04/23/2016 - 15:43:26: [freak_fortress_2.smx] "Nopied◎<3><[U:1:103205717]><>" added 124 queue points to "Nopied◎<3><[U:1:103205717]><>"
L 04/23/2016 - 15:47:09: [playercommands.smx] "Nopied◎<3><[U:1:103205717]><>" slayed "Nopied◎<3><[U:1:103205717]><>"
L 04/23/2016 - 15:47:13: [Boss Selection.smx] 이 클라이언트는 0의 대기포인트를 저장해놓은 상태.
L 04/23/2016 - 15:47:13: [Boss Selection.smx] 이 클라이언트는 20의 대기포인트를 저장해놓은 상태.
L 04/23/2016 - 15:49:05: [Boss Selection.smx] 이 클라이언트는 0의 대기포인트를 저장해놓은 상태.
L 04/23/2016 - 15:49:05: [Boss Selection.smx] 이 클라이언트는 20의 대기포인트를 저장해놓은 상태.
L 04/23/2016 - 15:53:38: [Boss Selection.smx] 이 클라이언트는 0의 대기포인트를 저장해놓은 상태.
L 04/23/2016 - 15:53:38: [Boss Selection.smx] 이 클라이언트는 0의 대기포인트를 저장해놓은 상태.
L 04/23/2016 - 15:53:38: [Boss Selection.smx] 이 클라이언트는 20의 대기포인트를 저장해놓은 상태.
L 04/23/2016 - 16:01:12: SourceMod log file session started (file "L20160423.log") (Version "1.7.3-dev+5298")
L 04/23/2016 - 16:01:12: -------- Mapchange to vsh_apg_v2 --------
L 04/23/2016 - 16:01:12: [TF2ITEMS] "GiveNamedItem" offset = 472
L 04/23/2016 - 16:01:14: [Boss Selection.smx] [FF2boss] Added chat command: ff2boss
L 04/23/2016 - 16:01:14: [Boss Selection.smx] [FF2boss] Added chat command: boss
L 04/23/2016 - 16:01:14: [Boss Selection.smx] [FF2boss] Added chat command: 보스
L 04/23/2016 - 16:01:14: [Boss Selection.smx] [FF2boss] Added chat command: 보스선택
L 04/23/2016 - 16:01:14: [custompart.smx] Debug for CustomPart
L 04/23/2016 - 16:01:14: [freak_fortress_2.smx] ===Freak Fortress 2 Initializing-v1.10.9 Beta (build manual)===
L 04/23/2016 - 16:01:26: [Boss Selection.smx] [FF2boss] Added chat command: ff2boss
L 04/23/2016 - 16:01:26: [Boss Selection.smx] [FF2boss] Added chat command: boss
L 04/23/2016 - 16:01:26: [Boss Selection.smx] [FF2boss] Added chat command: 보스
L 04/23/2016 - 16:01:26: [Boss Selection.smx] [FF2boss] Added chat command: 보스선택
L 04/23/2016 - 16:05:35: [Boss Selection.smx] 이 클라이언트는 0의 대기포인트를 저장해놓은 상태.
L 04/23/2016 - 16:05:35: [Boss Selection.smx] 이 클라이언트는 20의 대기포인트를 저장해놓은 상태.
L 04/23/2016 - 16:07:49: [playercommands.smx] "Nopied◎<3><[U:1:103205717]><>" slayed "Nopied◎<3><[U:1:103205717]><>"
L 04/23/2016 - 16:07:52: [Boss Selection.smx] 이 클라이언트는 0의 대기포인트를 저장해놓은 상태.
L 04/23/2016 - 16:07:52: [Boss Selection.smx] 이 클라이언트는 20의 대기포인트를 저장해놓은 상태.
L 04/23/2016 - 16:07:59: [freak_fortress_2.smx] "Nopied◎<3><[U:1:103205717]><>" added 123 queue points to "Nopied◎<3><[U:1:103205717]><>"
L 04/23/2016 - 16:09:03: [Boss Selection.smx] 이 클라이언트는 0의 대기포인트를 저장해놓은 상태.
L 04/23/2016 - 16:09:03: [Boss Selection.smx] 이 클라이언트는 20의 대기포인트를 저장해놓은 상태.
L 04/23/2016 - 16:11:43: [Boss Selection.smx] 이 클라이언트는 0의 대기포인트를 저장해놓은 상태.
L 04/23/2016 - 16:11:43: [Boss Selection.smx] 이 클라이언트는 20의 대기포인트를 저장해놓은 상태.
L 04/23/2016 - 16:15:33: [Boss Selection.smx] 이 클라이언트는 0의 대기포인트를 저장해놓은 상태.
L 04/23/2016 - 16:15:33: [Boss Selection.smx] 이 클라이언트는 20의 대기포인트를 저장해놓은 상태.
L 04/23/2016 - 16:17:47: [Boss Selection.smx] 이 클라이언트는 0의 대기포인트를 저장해놓은 상태.
L 04/23/2016 - 16:17:47: [Boss Selection.smx] 이 클라이언트는 20의 대기포인트를 저장해놓은 상태.
L 04/23/2016 - 16:17:47: [Boss Selection.smx] 이 클라이언트는 0의 대기포인트를 저장해놓은 상태.
L 04/23/2016 - 16:19:48: [Boss Selection.smx] 이 클라이언트는 0의 대기포인트를 저장해놓은 상태.
L 04/23/2016 - 16:19:48: [Boss Selection.smx] 이 클라이언트는 20의 대기포인트를 저장해놓은 상태.
L 04/23/2016 - 16:19:48: [Boss Selection.smx] 이 클라이언트는 0의 대기포인트를 저장해놓은 상태.
L 04/23/2016 - 16:22:31: [playercommands.smx] "Nopied◎<3><[U:1:103205717]><>" slayed "나는 브로니다!<2><[U:1:150941697]><>"
L 04/23/2016 - 16:22:34: [Boss Selection.smx] 이 클라이언트는 0의 대기포인트를 저장해놓은 상태.
L 04/23/2016 - 16:22:34: [Boss Selection.smx] 이 클라이언트는 20의 대기포인트를 저장해놓은 상태.
L 04/23/2016 - 16:22:34: [Boss Selection.smx] 이 클라이언트는 0의 대기포인트를 저장해놓은 상태.
L 04/23/2016 - 16:23:02: [playercommands.smx] "Nopied◎<3><[U:1:103205717]><>" slayed "Nopied◎<3><[U:1:103205717]><>"
L 04/23/2016 - 16:23:06: [Boss Selection.smx] 이 클라이언트는 0의 대기포인트를 저장해놓은 상태.
L 04/23/2016 - 16:23:06: [Boss Selection.smx] 이 클라이언트는 20의 대기포인트를 저장해놓은 상태.
L 04/23/2016 - 16:23:06: [Boss Selection.smx] 이 클라이언트는 0의 대기포인트를 저장해놓은 상태.
L 04/23/2016 - 16:26:45: [Boss Selection.smx] 이 클라이언트는 0의 대기포인트를 저장해놓은 상태.
L 04/23/2016 - 16:26:45: [Boss Selection.smx] 이 클라이언트는 20의 대기포인트를 저장해놓은 상태.
L 04/23/2016 - 16:26:45: [Boss Selection.smx] 이 클라이언트는 0의 대기포인트를 저장해놓은 상태.
L 04/23/2016 - 16:29:34: [Boss Selection.smx] 이 클라이언트는 0의 대기포인트를 저장해놓은 상태.
L 04/23/2016 - 16:29:34: [Boss Selection.smx] 이 클라이언트는 20의 대기포인트를 저장해놓은 상태.
L 04/23/2016 - 16:29:34: [Boss Selection.smx] 이 클라이언트는 0의 대기포인트를 저장해놓은 상태.
L 04/23/2016 - 16:34:08: [Boss Selection.smx] 이 클라이언트는 0의 대기포인트를 저장해놓은 상태.
L 04/23/2016 - 16:34:08: [Boss Selection.smx] 이 클라이언트는 20의 대기포인트를 저장해놓은 상태.
L 04/23/2016 - 16:34:08: [Boss Selection.smx] 이 클라이언트는 0의 대기포인트를 저장해놓은 상태.
L 04/23/2016 - 16:34:09: [playercommands.smx] "Nopied◎<3><[U:1:103205717]><>" slayed "Nopied◎<3><[U:1:103205717]><>"
L 04/23/2016 - 16:38:55: [Boss Selection.smx] 이 클라이언트는 0의 대기포인트를 저장해놓은 상태.
L 04/23/2016 - 16:38:55: [Boss Selection.smx] 이 클라이언트는 20의 대기포인트를 저장해놓은 상태.
L 04/23/2016 - 16:38:56: [Boss Selection.smx] 이 클라이언트는 0의 대기포인트를 저장해놓은 상태.
L 04/23/2016 - 16:39:17: [SM] Changed map to "koth_nucleus"
L 04/23/2016 - 16:39:19: -------- Mapchange to koth_nucleus --------
L 04/23/2016 - 16:39:26: [Boss Selection.smx] [FF2boss] Added chat command: ff2boss
L 04/23/2016 - 16:39:26: [Boss Selection.smx] [FF2boss] Added chat command: boss
L 04/23/2016 - 16:39:26: [Boss Selection.smx] [FF2boss] Added chat command: 보스
L 04/23/2016 - 16:39:26: [Boss Selection.smx] [FF2boss] Added chat command: 보스선택
L 04/23/2016 - 16:40:14: [basecommands.smx] "Nopied◎<3><[U:1:103205717]><>" changed map to "vsh_2fortdesk_v8"
L 04/23/2016 - 16:40:17: [SM] Changed map to "vsh_2fortdesk_v8"
L 04/23/2016 - 16:40:20: -------- Mapchange to vsh_2fortdesk_v8 --------
L 04/23/2016 - 16:40:25: [Boss Selection.smx] [FF2boss] Added chat command: ff2boss
L 04/23/2016 - 16:40:25: [Boss Selection.smx] [FF2boss] Added chat command: boss
L 04/23/2016 - 16:40:25: [Boss Selection.smx] [FF2boss] Added chat command: 보스
L 04/23/2016 - 16:40:25: [Boss Selection.smx] [FF2boss] Added chat command: 보스선택
L 04/23/2016 - 16:44:13: [Boss Selection.smx] 이 클라이언트는 0의 대기포인트를 저장해놓은 상태.
L 04/23/2016 - 16:47:25: [Boss Selection.smx] 이 클라이언트는 0의 대기포인트를 저장해놓은 상태.
L 04/23/2016 - 16:47:25: [Boss Selection.smx] 이 클라이언트는 0의 대기포인트를 저장해놓은 상태.
L 04/23/2016 - 16:47:47: [playercommands.smx] "Nopied◎<3><[U:1:103205717]><>" slayed "나는 브로니다!<2><[U:1:150941697]><>"
L 04/23/2016 - 16:47:50: [Boss Selection.smx] 이 클라이언트는 0의 대기포인트를 저장해놓은 상태.
L 04/23/2016 - 16:47:50: [Boss Selection.smx] 이 클라이언트는 0의 대기포인트를 저장해놓은 상태.
L 04/23/2016 - 16:51:57: [Boss Selection.smx] 이 클라이언트는 0의 대기포인트를 저장해놓은 상태.
L 04/23/2016 - 16:51:57: [Boss Selection.smx] 이 클라이언트는 0의 대기포인트를 저장해놓은 상태.
L 04/23/2016 - 16:52:43: [Boss Selection.smx] 이 클라이언트는 0의 대기포인트를 저장해놓은 상태.
L 04/23/2016 - 16:52:43: [Boss Selection.smx] 이 클라이언트는 0의 대기포인트를 저장해놓은 상태.
L 04/23/2016 - 16:56:34: [playercommands.smx] "Nopied◎<3><[U:1:103205717]><>" slapped "(1)나는 브로니다!<16><[U:1:209760731]><>" (damage "5")
L 04/23/2016 - 16:56:35: [playercommands.smx] "Nopied◎<3><[U:1:103205717]><>" slapped "(1)나는 브로니다!<16><[U:1:209760731]><>" (damage "5")
L 04/23/2016 - 16:56:35: [playercommands.smx] "Nopied◎<3><[U:1:103205717]><>" slapped "(1)나는 브로니다!<16><[U:1:209760731]><>" (damage "5")
L 04/23/2016 - 16:56:35: [playercommands.smx] "Nopied◎<3><[U:1:103205717]><>" slapped "(1)나는 브로니다!<16><[U:1:209760731]><>" (damage "5")
L 04/23/2016 - 16:56:35: [playercommands.smx] "Nopied◎<3><[U:1:103205717]><>" slapped "(1)나는 브로니다!<16><[U:1:209760731]><>" (damage "5")
L 04/23/2016 - 16:56:35: [playercommands.smx] "Nopied◎<3><[U:1:103205717]><>" slapped "(1)나는 브로니다!<16><[U:1:209760731]><>" (damage "5")
L 04/23/2016 - 16:56:35: [playercommands.smx] "Nopied◎<3><[U:1:103205717]><>" slapped "(1)나는 브로니다!<16><[U:1:209760731]><>" (damage "5")
L 04/23/2016 - 16:56:36: [playercommands.smx] "Nopied◎<3><[U:1:103205717]><>" slapped "(1)나는 브로니다!<16><[U:1:209760731]><>" (damage "5")
L 04/23/2016 - 16:56:38: [playercommands.smx] "Nopied◎<3><[U:1:103205717]><>" slapped "(1)나는 브로니다!<16><[U:1:209760731]><>" (damage "5")
L 04/23/2016 - 16:56:39: [playercommands.smx] "Nopied◎<3><[U:1:103205717]><>" slapped "(1)나는 브로니다!<16><[U:1:209760731]><>" (damage "5")
L 04/23/2016 - 16:56:39: [playercommands.smx] "Nopied◎<3><[U:1:103205717]><>" slapped "(1)나는 브로니다!<16><[U:1:209760731]><>" (damage "5")
L 04/23/2016 - 16:56:39: [playercommands.smx] "Nopied◎<3><[U:1:103205717]><>" slapped "(1)나는 브로니다!<16><[U:1:209760731]><>" (damage "5")
L 04/23/2016 - 16:56:39: [playercommands.smx] "Nopied◎<3><[U:1:103205717]><>" slapped "(1)나는 브로니다!<16><[U:1:209760731]><>" (damage "5")
L 04/23/2016 - 16:56:39: [playercommands.smx] "Nopied◎<3><[U:1:103205717]><>" slapped "(1)나는 브로니다!<16><[U:1:209760731]><>" (damage "5")
L 04/23/2016 - 16:56:41: [playercommands.smx] "Nopied◎<3><[U:1:103205717]><>" slapped "(1)나는 브로니다!<16><[U:1:209760731]><>" (damage "5")
L 04/23/2016 - 16:56:42: [playercommands.smx] "Nopied◎<3><[U:1:103205717]><>" slapped "(1)나는 브로니다!<16><[U:1:209760731]><>" (damage "5")
L 04/23/2016 - 16:56:42: [playercommands.smx] "Nopied◎<3><[U:1:103205717]><>" slapped "(1)나는 브로니다!<16><[U:1:209760731]><>" (damage "5")
L 04/23/2016 - 16:56:42: [playercommands.smx] "Nopied◎<3><[U:1:103205717]><>" slapped "(1)나는 브로니다!<16><[U:1:209760731]><>" (damage "5")
L 04/23/2016 - 16:56:42: [playercommands.smx] "Nopied◎<3><[U:1:103205717]><>" slapped "(1)나는 브로니다!<16><[U:1:209760731]><>" (damage "5")
L 04/23/2016 - 16:56:43: [playercommands.smx] "Nopied◎<3><[U:1:103205717]><>" slapped "(1)나는 브로니다!<16><[U:1:209760731]><>" (damage "5")
L 04/23/2016 - 16:56:43: [playercommands.smx] "Nopied◎<3><[U:1:103205717]><>" slapped "(1)나는 브로니다!<16><[U:1:209760731]><>" (damage "5")
L 04/23/2016 - 16:56:43: [playercommands.smx] "Nopied◎<3><[U:1:103205717]><>" slapped "(1)나는 브로니다!<16><[U:1:209760731]><>" (damage "5")
L 04/23/2016 - 16:56:44: [playercommands.smx] "Nopied◎<3><[U:1:103205717]><>" slapped "(1)나는 브로니다!<16><[U:1:209760731]><>" (damage "5")
L 04/23/2016 - 16:56:44: [playercommands.smx] "Nopied◎<3><[U:1:103205717]><>" slapped "(1)나는 브로니다!<16><[U:1:209760731]><>" (damage "5")
L 04/23/2016 - 16:56:44: [playercommands.smx] "Nopied◎<3><[U:1:103205717]><>" slapped "(1)나는 브로니다!<16><[U:1:209760731]><>" (damage "5")
L 04/23/2016 - 16:56:44: [playercommands.smx] "Nopied◎<3><[U:1:103205717]><>" slapped "(1)나는 브로니다!<16><[U:1:209760731]><>" (damage "5")
L 04/23/2016 - 16:56:44: [playercommands.smx] "Nopied◎<3><[U:1:103205717]><>" slapped "(1)나는 브로니다!<16><[U:1:209760731]><>" (damage "5")
L 04/23/2016 - 16:56:45: [playercommands.smx] "Nopied◎<3><[U:1:103205717]><>" slapped "(1)나는 브로니다!<16><[U:1:209760731]><>" (damage "5")
L 04/23/2016 - 16:56:45: [playercommands.smx] "Nopied◎<3><[U:1:103205717]><>" slapped "(1)나는 브로니다!<16><[U:1:209760731]><>" (damage "5")
L 04/23/2016 - 16:56:45: [playercommands.smx] "Nopied◎<3><[U:1:103205717]><>" slapped "(1)나는 브로니다!<16><[U:1:209760731]><>" (damage "5")
L 04/23/2016 - 16:56:45: [playercommands.smx] "Nopied◎<3><[U:1:103205717]><>" slapped "(1)나는 브로니다!<16><[U:1:209760731]><>" (damage "5")
L 04/23/2016 - 16:56:46: [playercommands.smx] "Nopied◎<3><[U:1:103205717]><>" slapped "(1)나는 브로니다!<16><[U:1:209760731]><>" (damage "5")
L 04/23/2016 - 16:56:46: [playercommands.smx] "Nopied◎<3><[U:1:103205717]><>" slapped "(1)나는 브로니다!<16><[U:1:209760731]><>" (damage "5")
L 04/23/2016 - 16:56:46: [playercommands.smx] "Nopied◎<3><[U:1:103205717]><>" slapped "(1)나는 브로니다!<16><[U:1:209760731]><>" (damage "5")
L 04/23/2016 - 16:56:47: [playercommands.smx] "Nopied◎<3><[U:1:103205717]><>" slapped "(1)나는 브로니다!<16><[U:1:209760731]><>" (damage "5")
L 04/23/2016 - 16:56:47: [playercommands.smx] "Nopied◎<3><[U:1:103205717]><>" slapped "(1)나는 브로니다!<16><[U:1:209760731]><>" (damage "5")
L 04/23/2016 - 16:56:47: [playercommands.smx] "Nopied◎<3><[U:1:103205717]><>" slapped "(1)나는 브로니다!<16><[U:1:209760731]><>" (damage "5")
L 04/23/2016 - 16:56:47: [playercommands.smx] "Nopied◎<3><[U:1:103205717]><>" slapped "(1)나는 브로니다!<16><[U:1:209760731]><>" (damage "5")
L 04/23/2016 - 16:56:48: [playercommands.smx] "Nopied◎<3><[U:1:103205717]><>" slapped "(1)나는 브로니다!<16><[U:1:209760731]><>" (damage "5")
L 04/23/2016 - 16:56:48: [playercommands.smx] "Nopied◎<3><[U:1:103205717]><>" slapped "(1)나는 브로니다!<16><[U:1:209760731]><>" (damage "5")
L 04/23/2016 - 16:56:48: [playercommands.smx] "Nopied◎<3><[U:1:103205717]><>" slapped "(1)나는 브로니다!<16><[U:1:209760731]><>" (damage "5")
L 04/23/2016 - 16:56:48: [playercommands.smx] "Nopied◎<3><[U:1:103205717]><>" slapped "(1)나는 브로니다!<16><[U:1:209760731]><>" (damage "5")
L 04/23/2016 - 16:56:49: [playercommands.smx] "Nopied◎<3><[U:1:103205717]><>" slapped "(1)나는 브로니다!<16><[U:1:209760731]><>" (damage "5")
L 04/23/2016 - 16:56:49: [playercommands.smx] "Nopied◎<3><[U:1:103205717]><>" slapped "(1)나는 브로니다!<16><[U:1:209760731]><>" (damage "5")
L 04/23/2016 - 16:56:49: [playercommands.smx] "Nopied◎<3><[U:1:103205717]><>" slapped "(1)나는 브로니다!<16><[U:1:209760731]><>" (damage "5")
L 04/23/2016 - 16:56:50: [playercommands.smx] "Nopied◎<3><[U:1:103205717]><>" slapped "(1)나는 브로니다!<16><[U:1:209760731]><>" (damage "5")
L 04/23/2016 - 16:56:50: [playercommands.smx] "Nopied◎<3><[U:1:103205717]><>" slapped "(1)나는 브로니다!<16><[U:1:209760731]><>" (damage "5")
L 04/23/2016 - 16:56:50: [playercommands.smx] "Nopied◎<3><[U:1:103205717]><>" slapped "(1)나는 브로니다!<16><[U:1:209760731]><>" (damage "5")
L 04/23/2016 - 16:56:51: [playercommands.smx] "Nopied◎<3><[U:1:103205717]><>" slapped "(1)나는 브로니다!<16><[U:1:209760731]><>" (damage "5")
L 04/23/2016 - 16:56:51: [playercommands.smx] "Nopied◎<3><[U:1:103205717]><>" slapped "(1)나는 브로니다!<16><[U:1:209760731]><>" (damage "5")
L 04/23/2016 - 16:56:51: [playercommands.smx] "Nopied◎<3><[U:1:103205717]><>" slapped "(1)나는 브로니다!<16><[U:1:209760731]><>" (damage "5")
L 04/23/2016 - 16:56:51: [playercommands.smx] "Nopied◎<3><[U:1:103205717]><>" slapped "(1)나는 브로니다!<16><[U:1:209760731]><>" (damage "5")
L 04/23/2016 - 16:56:51: [playercommands.smx] "Nopied◎<3><[U:1:103205717]><>" slapped "(1)나는 브로니다!<16><[U:1:209760731]><>" (damage "5")
L 04/23/2016 - 16:56:51: [playercommands.smx] "Nopied◎<3><[U:1:103205717]><>" slapped "(1)나는 브로니다!<16><[U:1:209760731]><>" (damage "5")
L 04/23/2016 - 16:56:51: [playercommands.smx] "Nopied◎<3><[U:1:103205717]><>" slapped "(1)나는 브로니다!<16><[U:1:209760731]><>" (damage "5")
L 04/23/2016 - 16:56:51: [playercommands.smx] "Nopied◎<3><[U:1:103205717]><>" slapped "(1)나는 브로니다!<16><[U:1:209760731]><>" (damage "5")
L 04/23/2016 - 16:56:51: [playercommands.smx] "Nopied◎<3><[U:1:103205717]><>" slapped "(1)나는 브로니다!<16><[U:1:209760731]><>" (damage "5")
L 04/23/2016 - 16:56:52: [playercommands.smx] "Nopied◎<3><[U:1:103205717]><>" slapped "(1)나는 브로니다!<16><[U:1:209760731]><>" (damage "5")
L 04/23/2016 - 16:56:52: [playercommands.smx] "Nopied◎<3><[U:1:103205717]><>" slapped "(1)나는 브로니다!<16><[U:1:209760731]><>" (damage "5")
L 04/23/2016 - 16:56:52: [playercommands.smx] "Nopied◎<3><[U:1:103205717]><>" slapped "(1)나는 브로니다!<16><[U:1:209760731]><>" (damage "5")
L 04/23/2016 - 16:56:52: [playercommands.smx] "Nopied◎<3><[U:1:103205717]><>" slapped "(1)나는 브로니다!<16><[U:1:209760731]><>" (damage "5")
L 04/23/2016 - 16:56:52: [playercommands.smx] "Nopied◎<3><[U:1:103205717]><>" slapped "(1)나는 브로니다!<16><[U:1:209760731]><>" (damage "5")
L 04/23/2016 - 16:56:52: [playercommands.smx] "Nopied◎<3><[U:1:103205717]><>" slapped "(1)나는 브로니다!<16><[U:1:209760731]><>" (damage "5")
L 04/23/2016 - 16:56:52: [playercommands.smx] "Nopied◎<3><[U:1:103205717]><>" slapped "(1)나는 브로니다!<16><[U:1:209760731]><>" (damage "5")
L 04/23/2016 - 16:56:53: [playercommands.smx] "Nopied◎<3><[U:1:103205717]><>" slapped "(1)나는 브로니다!<16><[U:1:209760731]><>" (damage "5")
L 04/23/2016 - 16:56:55: [playercommands.smx] "Nopied◎<3><[U:1:103205717]><>" slapped "(1)나는 브로니다!<16><[U:1:209760731]><>" (damage "5")
L 04/23/2016 - 16:57:09: [Boss Selection.smx] 이 클라이언트는 0의 대기포인트를 저장해놓은 상태.
L 04/23/2016 - 17:00:39: [playercommands.smx] "Nopied◎<3><[U:1:103205717]><>" slayed "Nopied◎<3><[U:1:103205717]><>"
L 04/23/2016 - 17:00:42: [Boss Selection.smx] 이 클라이언트는 0의 대기포인트를 저장해놓은 상태.
L 04/23/2016 - 17:02:06: [Boss Selection.smx] 이 클라이언트는 0의 대기포인트를 저장해놓은 상태.
L 04/23/2016 - 17:02:06: [Boss Selection.smx] 이 클라이언트는 0의 대기포인트를 저장해놓은 상태.
L 04/23/2016 - 17:03:41: [Boss Selection.smx] 이 클라이언트는 0의 대기포인트를 저장해놓은 상태.
L 04/23/2016 - 17:03:41: [Boss Selection.smx] 이 클라이언트는 0의 대기포인트를 저장해놓은 상태.
L 04/23/2016 - 17:03:57: [basecommands.smx] "Nopied◎<3><[U:1:103205717]><>" changed map to "arena_badlands"
L 04/23/2016 - 17:04:00: [SM] Changed map to "arena_badlands"
L 04/23/2016 - 17:04:02: -------- Mapchange to arena_badlands --------
L 04/23/2016 - 17:04:07: [Boss Selection.smx] [FF2boss] Added chat command: ff2boss
L 04/23/2016 - 17:04:07: [Boss Selection.smx] [FF2boss] Added chat command: boss
L 04/23/2016 - 17:04:07: [Boss Selection.smx] [FF2boss] Added chat command: 보스
L 04/23/2016 - 17:04:07: [Boss Selection.smx] [FF2boss] Added chat command: 보스선택
L 04/23/2016 - 17:06:56: [Boss Selection.smx] 이 클라이언트는 0의 대기포인트를 저장해놓은 상태.
L 04/23/2016 - 17:06:56: [Boss Selection.smx] 이 클라이언트는 0의 대기포인트를 저장해놓은 상태.
L 04/23/2016 - 17:06:56: [Boss Selection.smx] 이 클라이언트는 0의 대기포인트를 저장해놓은 상태.
L 04/23/2016 - 17:09:53: [funcommands.smx] "Nopied◎<3><[U:1:103205717]><>" froze "(1)나는 브로니다!<16><[U:1:209760731]><>"
L 04/23/2016 - 17:09:57: [funcommands.smx] "Nopied◎<3><[U:1:103205717]><>" froze "(1)나는 브로니다!<16><[U:1:209760731]><>"
L 04/23/2016 - 17:10:08: [funcommands.smx] "Nopied◎<3><[U:1:103205717]><>" froze "(1)나는 브로니다!<16><[U:1:209760731]><>"
L 04/23/2016 - 17:10:08: [funcommands.smx] "Nopied◎<3><[U:1:103205717]><>" froze "(1)나는 브로니다!<16><[U:1:209760731]><>"
L 04/23/2016 - 17:11:27: [funcommands.smx] "Nopied◎<3><[U:1:103205717]><>" froze "(1)나는 브로니다!<16><[U:1:209760731]><>"
L 04/23/2016 - 17:11:29: [funcommands.smx] "Nopied◎<3><[U:1:103205717]><>" froze "(1)나는 브로니다!<16><[U:1:209760731]><>"
L 04/23/2016 - 17:11:37: [Boss Selection.smx] 이 클라이언트는 0의 대기포인트를 저장해놓은 상태.
L 04/23/2016 - 17:11:37: [Boss Selection.smx] 이 클라이언트는 0의 대기포인트를 저장해놓은 상태.
L 04/23/2016 - 17:11:37: [Boss Selection.smx] 이 클라이언트는 0의 대기포인트를 저장해놓은 상태.
L 04/23/2016 - 17:13:53: [funcommands.smx] "Nopied◎<3><[U:1:103205717]><>" set a TimeBomb on "-҉҉҉҉҉o҉҉҉҉҉-<21><[U:1:40881577]><>"
L 04/23/2016 - 17:14:03: [funcommands.smx] "Nopied◎<3><[U:1:103205717]><>" removed a TimeBomb on "-҉҉҉҉҉o҉҉҉҉҉-<21><[U:1:40881577]><>"
L 04/23/2016 - 17:14:16: [funcommands.smx] "Nopied◎<3><[U:1:103205717]><>" set a TimeBomb on "-҉҉҉҉҉o҉҉҉҉҉-<21><[U:1:40881577]><>"
L 04/23/2016 - 17:14:29: [Boss Selection.smx] 이 클라이언트는 0의 대기포인트를 저장해놓은 상태.
L 04/23/2016 - 17:14:29: [Boss Selection.smx] 이 클라이언트는 0의 대기포인트를 저장해놓은 상태.
L 04/23/2016 - 17:14:29: [Boss Selection.smx] 이 클라이언트는 0의 대기포인트를 저장해놓은 상태.
L 04/23/2016 - 17:17:02: [Boss Selection.smx] 이 클라이언트는 0의 대기포인트를 저장해놓은 상태.
L 04/23/2016 - 17:17:02: [Boss Selection.smx] 이 클라이언트는 0의 대기포인트를 저장해놓은 상태.
L 04/23/2016 - 17:17:02: [Boss Selection.smx] 이 클라이언트는 0의 대기포인트를 저장해놓은 상태.
L 04/23/2016 - 17:18:19: [Boss Selection.smx] 이 클라이언트는 0의 대기포인트를 저장해놓은 상태.
L 04/23/2016 - 17:18:47: [basecommands.smx] "Nopied◎<3><[U:1:103205717]><>" kicked "나는 브로니다!<2><[U:1:150941697]><>" (reason "고마워요")
L 04/23/2016 - 17:18:47: [basecommands.smx] "Nopied◎<3><[U:1:103205717]><>" kicked "L.H.S<22><[U:1:105959994]><>" (reason "고마워요")
L 04/23/2016 - 17:18:47: [basecommands.smx] "Nopied◎<3><[U:1:103205717]><>" kicked "마이쮸<17><[U:1:206644519]><>" (reason "고마워요")
L 04/23/2016 - 17:18:47: [basecommands.smx] "Nopied◎<3><[U:1:103205717]><>" kicked "Nopied◎<3><[U:1:103205717]><>" (reason "고마워요")
L 04/23/2016 - 17:18:58: Log file closed.
L 04/23/2016 - 21:00:55: SourceMod log file session started (file "L20160423.log") (Version "1.7.3-dev+5298")
L 04/23/2016 - 21:00:55: -------- Mapchange to vsh_apg_v2 --------
L 04/23/2016 - 21:00:55: [TF2ITEMS] "GiveNamedItem" offset = 472
L 04/23/2016 - 21:00:58: [Boss Selection.smx] [FF2boss] Added chat command: ff2boss
L 04/23/2016 - 21:00:58: [Boss Selection.smx] [FF2boss] Added chat command: boss
L 04/23/2016 - 21:00:58: [Boss Selection.smx] [FF2boss] Added chat command: 보스
L 04/23/2016 - 21:00:58: [Boss Selection.smx] [FF2boss] Added chat command: 보스선택
L 04/23/2016 - 21:00:58: [custompart.smx] Debug for CustomPart
L 04/23/2016 - 21:00:58: [freak_fortress_2.smx] ===Freak Fortress 2 Initializing-v1.10.9 Beta (build manual)===
L 04/23/2016 - 21:01:12: [Boss Selection.smx] [FF2boss] Added chat command: ff2boss
L 04/23/2016 - 21:01:12: [Boss Selection.smx] [FF2boss] Added chat command: boss
L 04/23/2016 - 21:01:12: [Boss Selection.smx] [FF2boss] Added chat command: 보스
L 04/23/2016 - 21:01:12: [Boss Selection.smx] [FF2boss] Added chat command: 보스선택
L 04/23/2016 - 21:29:10: [playercommands.smx] "Nopied◎<2><[U:1:103205717]><>" slayed "Nopied◎<2><[U:1:103205717]><>"
L 04/23/2016 - 21:30:01: [playercommands.smx] "Nopied◎<2><[U:1:103205717]><>" slayed "[KOR]dwgwjw1024[PFBT]<4><[U:1:159644927]><>"
L 04/23/2016 - 21:32:48: [playercommands.smx] "Nopied◎<2><[U:1:103205717]><>" slayed "(1)나는 브로니다!<5><[U:1:171130010]><>"
L 04/23/2016 - 21:49:01: [playercommands.smx] "Nopied◎<2><[U:1:103205717]><>" slayed "(1)나는 브로니다!<5><[U:1:171130010]><>"
L 04/23/2016 - 21:57:07: [SM] Changed map to "koth_nucleus"
L 04/23/2016 - 21:57:08: -------- Mapchange to koth_nucleus --------
L 04/23/2016 - 21:57:14: [Boss Selection.smx] [FF2boss] Added chat command: ff2boss
L 04/23/2016 - 21:57:14: [Boss Selection.smx] [FF2boss] Added chat command: boss
L 04/23/2016 - 21:57:14: [Boss Selection.smx] [FF2boss] Added chat command: 보스
L 04/23/2016 - 21:57:14: [Boss Selection.smx] [FF2boss] Added chat command: 보스선택
L 04/23/2016 - 22:00:44: [freak_fortress_2.smx] "Nopied◎<2><[U:1:103205717]><>" added 123 queue points to "Nopied◎<2><[U:1:103205717]><>"
L 04/23/2016 - 22:03:32: [playercommands.smx] "Nopied◎<2><[U:1:103205717]><>" slayed "Nopied◎<2><[U:1:103205717]><>"
L 04/23/2016 - 22:05:13: [basecommands.smx] "Nopied◎<2><[U:1:103205717]><>" changed map to "koth_harvest_final"
L 04/23/2016 - 22:05:16: [SM] Changed map to "koth_harvest_final"
L 04/23/2016 - 22:05:17: -------- Mapchange to koth_harvest_final --------
L 04/23/2016 - 22:05:22: [Boss Selection.smx] [FF2boss] Added chat command: ff2boss
L 04/23/2016 - 22:05:22: [Boss Selection.smx] [FF2boss] Added chat command: boss
L 04/23/2016 - 22:05:22: [Boss Selection.smx] [FF2boss] Added chat command: 보스
L 04/23/2016 - 22:05:22: [Boss Selection.smx] [FF2boss] Added chat command: 보스선택
L 04/23/2016 - 22:07:33: [basecommands.smx] "Nopied◎<2><[U:1:103205717]><>" changed map to "vsh_2fortdesk_v8"
L 04/23/2016 - 22:07:36: [SM] Changed map to "vsh_2fortdesk_v8"
L 04/23/2016 - 22:07:38: -------- Mapchange to vsh_2fortdesk_v8 --------
L 04/23/2016 - 22:07:43: [Boss Selection.smx] [FF2boss] Added chat command: ff2boss
L 04/23/2016 - 22:07:43: [Boss Selection.smx] [FF2boss] Added chat command: boss
L 04/23/2016 - 22:07:43: [Boss Selection.smx] [FF2boss] Added chat command: 보스
L 04/23/2016 - 22:07:43: [Boss Selection.smx] [FF2boss] Added chat command: 보스선택
L 04/23/2016 - 22:31:38: [playercommands.smx] "Nopied◎<2><[U:1:103205717]><>" slayed "Nopied◎<2><[U:1:103205717]><>"
L 04/23/2016 - 22:31:38: [playercommands.smx] "Nopied◎<2><[U:1:103205717]><>" slayed "나는 브로니다!<3><[U:1:150941697]><>"
L 04/23/2016 - 22:31:38: [playercommands.smx] "Nopied◎<2><[U:1:103205717]><>" slayed "(1)나는 브로니다!<5><[U:1:171130010]><>"
L 04/23/2016 - 22:31:38: [playercommands.smx] "Nopied◎<2><[U:1:103205717]><>" slayed "GO mediseun<10><[U:1:61271689]><>"
L 04/23/2016 - 22:31:46: [basecommands.smx] "Nopied◎<2><[U:1:103205717]><>" kicked "나는 브로니다!<3><[U:1:150941697]><>" (reason "멀록")
L 04/23/2016 - 22:31:46: [basecommands.smx] "Nopied◎<2><[U:1:103205717]><>" kicked "(1)나는 브로니다!<5><[U:1:171130010]><>" (reason "멀록")
L 04/23/2016 - 22:31:46: [basecommands.smx] "Nopied◎<2><[U:1:103205717]><>" kicked "GO mediseun<10><[U:1:61271689]><>" (reason "멀록")
L 04/23/2016 - 22:31:46: [basecommands.smx] "Nopied◎<2><[U:1:103205717]><>" kicked "Nopied◎<2><[U:1:103205717]><>" (reason "멀록")
L 04/23/2016 - 22:34:34: Log file closed.
