L 06/14/2016 - 19:17:21: SourceMod log file session started (file "L20160614.log") (Version "1.7.3-dev+5298")
L 06/14/2016 - 19:17:21: -------- Mapchange to vsh_apg_v2 --------
L 06/14/2016 - 19:17:21: [TF2ITEMS] "GiveNamedItem" offset = 472
L 06/14/2016 - 19:17:23: [boss_selection.smx] [FF2boss] Added chat command: ff2boss
L 06/14/2016 - 19:17:23: [boss_selection.smx] [FF2boss] Added chat command: boss
L 06/14/2016 - 19:17:23: [boss_selection.smx] [FF2boss] Added chat command: 보스
L 06/14/2016 - 19:17:23: [boss_selection.smx] [FF2boss] Added chat command: 보스선택
L 06/14/2016 - 19:17:23: [custompart.smx] Debug for CustomPart
L 06/14/2016 - 19:17:23: [freak_fortress_2.smx] ===Freak Fortress 2 Initializing-v1.10.10 Beta===
L 06/14/2016 - 19:17:36: [boss_selection.smx] [FF2boss] Added chat command: ff2boss
L 06/14/2016 - 19:17:36: [boss_selection.smx] [FF2boss] Added chat command: boss
L 06/14/2016 - 19:17:36: [boss_selection.smx] [FF2boss] Added chat command: 보스
L 06/14/2016 - 19:17:36: [boss_selection.smx] [FF2boss] Added chat command: 보스선택
L 06/14/2016 - 19:25:36: [playercommands.smx] "Nopied◎<2><[U:1:103205717]><>" slayed "Nopied◎<2><[U:1:103205717]><>"
L 06/14/2016 - 19:25:36: [playercommands.smx] "Nopied◎<2><[U:1:103205717]><>" slayed "Bot01<4><BOT><>"
L 06/14/2016 - 19:33:33: [playercommands.smx] "Nopied◎<2><[U:1:103205717]><>" slayed "Nopied◎<2><[U:1:103205717]><>"
L 06/14/2016 - 19:45:48: [playercommands.smx] "Nopied◎<2><[U:1:103205717]><>" slayed "Nopied◎<2><[U:1:103205717]><>"
L 06/14/2016 - 19:45:48: [playercommands.smx] "Nopied◎<2><[U:1:103205717]><>" slayed "GO mediseun (자연산)<3><[U:1:61271689]><>"
L 06/14/2016 - 19:45:48: [playercommands.smx] "Nopied◎<2><[U:1:103205717]><>" slayed "Bot01<4><BOT><>"
L 06/14/2016 - 19:48:52: Log file closed.
L 06/14/2016 - 20:34:15: SourceMod log file session started (file "L20160614.log") (Version "1.7.3-dev+5298")
L 06/14/2016 - 20:34:15: -------- Mapchange to vsh_apg_v2 --------
L 06/14/2016 - 20:34:15: [TF2ITEMS] "GiveNamedItem" offset = 472
L 06/14/2016 - 20:34:16: [boss_selection.smx] [FF2boss] Added chat command: ff2boss
L 06/14/2016 - 20:34:16: [boss_selection.smx] [FF2boss] Added chat command: boss
L 06/14/2016 - 20:34:16: [boss_selection.smx] [FF2boss] Added chat command: 보스
L 06/14/2016 - 20:34:16: [boss_selection.smx] [FF2boss] Added chat command: 보스선택
L 06/14/2016 - 20:34:16: [custompart.smx] Debug for CustomPart
L 06/14/2016 - 20:34:16: [freak_fortress_2.smx] ===Freak Fortress 2 Initializing-v1.10.10 Beta===
L 06/14/2016 - 20:34:29: [boss_selection.smx] [FF2boss] Added chat command: ff2boss
L 06/14/2016 - 20:34:29: [boss_selection.smx] [FF2boss] Added chat command: boss
L 06/14/2016 - 20:34:29: [boss_selection.smx] [FF2boss] Added chat command: 보스
L 06/14/2016 - 20:34:29: [boss_selection.smx] [FF2boss] Added chat command: 보스선택
L 06/14/2016 - 20:40:36: [playercommands.smx] "Nopied◎<2><[U:1:103205717]><>" slayed "Nopied◎<2><[U:1:103205717]><>"
L 06/14/2016 - 20:40:36: [playercommands.smx] "Nopied◎<2><[U:1:103205717]><>" slayed "Bot02<5><BOT><>"
L 06/14/2016 - 20:47:04: [playercommands.smx] "Nopied◎<2><[U:1:103205717]><>" slayed "MANN CO.<4><[U:1:150941697]><>"
L 06/14/2016 - 20:50:38: [funcommands.smx] "Nopied◎<2><[U:1:103205717]><>" set a TimeBomb on "Bot02<5><BOT><>"
L 06/14/2016 - 20:50:38: [funcommands.smx] "Nopied◎<2><[U:1:103205717]><>" set a TimeBomb on "Bot01<3><BOT><>"
L 06/14/2016 - 20:52:14: [basecommands.smx] "Nopied◎<2><[U:1:103205717]><>" kicked "Bot01<3><BOT><>" (reason "")
L 06/14/2016 - 20:52:15: [basecommands.smx] "Nopied◎<2><[U:1:103205717]><>" kicked "Bot02<5><BOT><>" (reason "")
L 06/14/2016 - 20:54:00: [playercommands.smx] "Nopied◎<2><[U:1:103205717]><>" slayed "GO mediseun (자연산)<9><[U:1:61271689]><>"
L 06/14/2016 - 20:59:06: Log file closed.
L 06/14/2016 - 21:03:35: SourceMod log file session started (file "L20160614.log") (Version "1.7.3-dev+5298")
L 06/14/2016 - 21:03:35: -------- Mapchange to vsh_apg_v2 --------
L 06/14/2016 - 21:03:35: [TF2ITEMS] "GiveNamedItem" offset = 472
L 06/14/2016 - 21:03:36: [boss_selection.smx] [FF2boss] Added chat command: ff2boss
L 06/14/2016 - 21:03:36: [boss_selection.smx] [FF2boss] Added chat command: boss
L 06/14/2016 - 21:03:36: [boss_selection.smx] [FF2boss] Added chat command: 보스
L 06/14/2016 - 21:03:36: [boss_selection.smx] [FF2boss] Added chat command: 보스선택
L 06/14/2016 - 21:03:36: [custompart.smx] Debug for CustomPart
L 06/14/2016 - 21:03:36: [freak_fortress_2.smx] ===Freak Fortress 2 Initializing-v1.10.10 Beta===
L 06/14/2016 - 21:03:48: [boss_selection.smx] [FF2boss] Added chat command: ff2boss
L 06/14/2016 - 21:03:48: [boss_selection.smx] [FF2boss] Added chat command: boss
L 06/14/2016 - 21:03:48: [boss_selection.smx] [FF2boss] Added chat command: 보스
L 06/14/2016 - 21:03:48: [boss_selection.smx] [FF2boss] Added chat command: 보스선택
L 06/14/2016 - 21:07:13: [funcommands.smx] "Nopied◎<2><[U:1:103205717]><>" set a TimeBomb on "MANN CO.<4><[U:1:150941697]><>"
L 06/14/2016 - 21:17:00: [freaks\halloween_2014.ff2] Selected 2 by Key: special_greyalien
L 06/14/2016 - 21:19:09: [playercommands.smx] "Nopied◎<2><[U:1:103205717]><>" slayed "✔<5><[U:1:168642180]><>"
