L 04/13/2016 - 11:02:44: SourceMod log file session started (file "L20160413.log") (Version "1.7.3-dev+5298")
L 04/13/2016 - 11:02:44: -------- Mapchange to arena_badlands --------
L 04/13/2016 - 11:02:44: [TF2ITEMS] "GiveNamedItem" offset = 472
L 04/13/2016 - 11:02:46: [Boss Selection.smx] [FF2boss] Added chat command: ff2boss
L 04/13/2016 - 11:02:46: [Boss Selection.smx] [FF2boss] Added chat command: boss
L 04/13/2016 - 11:02:46: [Boss Selection.smx] [FF2boss] Added chat command: ë³´ìŠ¤
L 04/13/2016 - 11:02:46: [Boss Selection.smx] [FF2boss] Added chat command: ë³´ìŠ¤ì„ íƒ
L 04/13/2016 - 11:02:46: [custompart.smx] Debug for CustomPart
L 04/13/2016 - 11:02:46: [freak_fortress_2.smx] ===Freak Fortress 2 Initializing-v1.10.9 Beta (build manual)===
L 04/13/2016 - 11:02:59: [Boss Selection.smx] [FF2boss] Added chat command: ff2boss
L 04/13/2016 - 11:02:59: [Boss Selection.smx] [FF2boss] Added chat command: boss
L 04/13/2016 - 11:02:59: [Boss Selection.smx] [FF2boss] Added chat command: ë³´ìŠ¤
L 04/13/2016 - 11:02:59: [Boss Selection.smx] [FF2boss] Added chat command: ë³´ìŠ¤ì„ íƒ
L 04/13/2016 - 11:04:17: Log file closed.
L 04/13/2016 - 11:04:28: SourceMod log file session started (file "L20160413.log") (Version "1.7.3-dev+5298")
L 04/13/2016 - 11:04:28: -------- Mapchange to arena_badlands --------
L 04/13/2016 - 11:04:28: [TF2ITEMS] "GiveNamedItem" offset = 472
L 04/13/2016 - 11:04:28: [Boss Selection.smx] [FF2boss] Added chat command: ff2boss
L 04/13/2016 - 11:04:28: [Boss Selection.smx] [FF2boss] Added chat command: boss
L 04/13/2016 - 11:04:28: [Boss Selection.smx] [FF2boss] Added chat command: ë³´ìŠ¤
L 04/13/2016 - 11:04:28: [Boss Selection.smx] [FF2boss] Added chat command: ë³´ìŠ¤ì„ íƒ
L 04/13/2016 - 11:04:28: [custompart.smx] Debug for CustomPart
L 04/13/2016 - 11:04:28: [freak_fortress_2.smx] ===Freak Fortress 2 Initializing-v1.10.9 Beta (build manual)===
L 04/13/2016 - 11:04:39: [Boss Selection.smx] [FF2boss] Added chat command: ff2boss
L 04/13/2016 - 11:04:39: [Boss Selection.smx] [FF2boss] Added chat command: boss
L 04/13/2016 - 11:04:39: [Boss Selection.smx] [FF2boss] Added chat command: ë³´ìŠ¤
L 04/13/2016 - 11:04:39: [Boss Selection.smx] [FF2boss] Added chat command: ë³´ìŠ¤ì„ íƒ
L 04/13/2016 - 11:07:10: [playercommands.smx] "Nopiedâ—(Ignored chat)<2><[U:1:103205717]><>" slayed "Nopiedâ—(Ignored chat)<2><[U:1:103205717]><>"
L 04/13/2016 - 11:12:23: [playercommands.smx] "Nopiedâ—(Ignored chat)<2><[U:1:103205717]><>" slayed "Nopiedâ—(Ignored chat)<2><[U:1:103205717]><>"
L 04/13/2016 - 11:14:10: [playercommands.smx] "Nopiedâ—(Ignored chat)<2><[U:1:103205717]><>" slayed "Bot09<12><BOT><>"
L 04/13/2016 - 11:16:27: [playercommands.smx] "Nopiedâ—(Ignored chat)<2><[U:1:103205717]><>" slayed "Nopiedâ—(Ignored chat)<2><[U:1:103205717]><>"
L 04/13/2016 - 11:16:36: [freak_fortress_2.smx] "Nopiedâ—(Ignored chat)<2><[U:1:103205717]><>" added 123 queue points to "Nopiedâ—(Ignored chat)<2><[U:1:103205717]><>"
L 04/13/2016 - 11:16:40: [Boss Selection.smx] ì„ íƒí•œ ë³´ìŠ¤ ì´ë¦„: í”„ë ˆë”” í¬ë£¨ê±°
L 04/13/2016 - 11:26:12: [playercommands.smx] "Nopiedâ—(Ignored chat)<2><[U:1:103205717]><>" slayed "Nopiedâ—(Ignored chat)<2><[U:1:103205717]><>"
L 04/13/2016 - 11:28:42: [playercommands.smx] "Nopiedâ—(Ignored chat)<2><[U:1:103205717]><>" slayed "Nopiedâ—(Ignored chat)<2><[U:1:103205717]><>"
L 04/13/2016 - 11:28:42: [playercommands.smx] "Nopiedâ—(Ignored chat)<2><[U:1:103205717]><>" slayed "Bot01<3><BOT><>"
L 04/13/2016 - 11:28:42: [playercommands.smx] "Nopiedâ—(Ignored chat)<2><[U:1:103205717]><>" slayed "Bot02<4><BOT><>"
L 04/13/2016 - 11:28:42: [playercommands.smx] "Nopiedâ—(Ignored chat)<2><[U:1:103205717]><>" slayed "Bot03<5><BOT><>"
L 04/13/2016 - 11:28:42: [playercommands.smx] "Nopiedâ—(Ignored chat)<2><[U:1:103205717]><>" slayed "Bot04<6><BOT><>"
L 04/13/2016 - 11:28:42: [playercommands.smx] "Nopiedâ—(Ignored chat)<2><[U:1:103205717]><>" slayed "Bot05<7><BOT><>"
L 04/13/2016 - 11:28:42: [playercommands.smx] "Nopiedâ—(Ignored chat)<2><[U:1:103205717]><>" slayed "Bot06<9><BOT><>"
L 04/13/2016 - 11:28:42: [playercommands.smx] "Nopiedâ—(Ignored chat)<2><[U:1:103205717]><>" slayed "Bot07<10><BOT><>"
L 04/13/2016 - 11:28:42: [playercommands.smx] "Nopiedâ—(Ignored chat)<2><[U:1:103205717]><>" slayed "Bot08<11><BOT><>"
L 04/13/2016 - 11:28:42: [playercommands.smx] "Nopiedâ—(Ignored chat)<2><[U:1:103205717]><>" slayed "Bot09<12><BOT><>"
L 04/13/2016 - 11:33:43: Log file closed.
L 04/13/2016 - 21:14:35: SourceMod log file session started (file "L20160413.log") (Version "1.7.3-dev+5298")
L 04/13/2016 - 21:14:35: -------- Mapchange to arena_badlands --------
L 04/13/2016 - 21:14:35: [TF2ITEMS] "GiveNamedItem" offset = 472
L 04/13/2016 - 21:14:37: [Boss Selection.smx] [FF2boss] Added chat command: ff2boss
L 04/13/2016 - 21:14:37: [Boss Selection.smx] [FF2boss] Added chat command: boss
L 04/13/2016 - 21:14:37: [Boss Selection.smx] [FF2boss] Added chat command: ë³´ìŠ¤
L 04/13/2016 - 21:14:37: [Boss Selection.smx] [FF2boss] Added chat command: ë³´ìŠ¤ì„ íƒ
L 04/13/2016 - 21:14:37: [custompart.smx] Debug for CustomPart
L 04/13/2016 - 21:14:37: [freak_fortress_2.smx] ===Freak Fortress 2 Initializing-v1.10.9 Beta (build manual)===
L 04/13/2016 - 21:14:50: [Boss Selection.smx] [FF2boss] Added chat command: ff2boss
L 04/13/2016 - 21:14:50: [Boss Selection.smx] [FF2boss] Added chat command: boss
L 04/13/2016 - 21:14:50: [Boss Selection.smx] [FF2boss] Added chat command: ë³´ìŠ¤
L 04/13/2016 - 21:14:50: [Boss Selection.smx] [FF2boss] Added chat command: ë³´ìŠ¤ì„ íƒ
L 04/13/2016 - 21:18:45: [playercommands.smx] "Nopiedâ—<9><[U:1:103205717]><>" slayed "Bot01<2><BOT><>"
L 04/13/2016 - 21:18:45: [playercommands.smx] "Nopiedâ—<9><[U:1:103205717]><>" slayed "Bot02<3><BOT><>"
L 04/13/2016 - 21:18:45: [playercommands.smx] "Nopiedâ—<9><[U:1:103205717]><>" slayed "Bot03<4><BOT><>"
L 04/13/2016 - 21:18:45: [playercommands.smx] "Nopiedâ—<9><[U:1:103205717]><>" slayed "Bot04<5><BOT><>"
L 04/13/2016 - 21:18:45: [playercommands.smx] "Nopiedâ—<9><[U:1:103205717]><>" slayed "Bot05<6><BOT><>"
L 04/13/2016 - 21:18:45: [playercommands.smx] "Nopiedâ—<9><[U:1:103205717]><>" slayed "Bot06<7><BOT><>"
L 04/13/2016 - 21:18:45: [playercommands.smx] "Nopiedâ—<9><[U:1:103205717]><>" slayed "Bot07<8><BOT><>"
L 04/13/2016 - 21:19:51: [playercommands.smx] "Nopiedâ—<9><[U:1:103205717]><>" slayed "Nopiedâ—<9><[U:1:103205717]><>"
L 04/13/2016 - 21:21:58: [Boss Selection.smx] ì„ íƒí•œ ë³´ìŠ¤ ì´ë¦„: ìƒ‰ìŠ¤í„´ í—¤ì¼
L 04/13/2016 - 21:29:52: [playercommands.smx] "Nopiedâ—<9><[U:1:103205717]><>" slayed "Nopiedâ—<9><[U:1:103205717]><>"
L 04/13/2016 - 21:30:03: [Boss Selection.smx] ì„ íƒí•œ ë³´ìŠ¤ ì´ë¦„: í”„ë ˆë”” í¬ë£¨ê±°
L 04/13/2016 - 21:30:26: [playercommands.smx] "Nopiedâ—<9><[U:1:103205717]><>" slayed "Gay<11><[U:1:97781225]><>"
L 04/13/2016 - 21:33:46: [playercommands.smx] "Nopiedâ—<9><[U:1:103205717]><>" slayed "Nopiedâ—<9><[U:1:103205717]><>"
L 04/13/2016 - 21:33:54: [Boss Selection.smx] ì„ íƒí•œ ë³´ìŠ¤ ì´ë¦„: ì”¨ë§¨
L 04/13/2016 - 21:34:03: [freak_fortress_2.smx] "Nopiedâ—<9><[U:1:103205717]><>" added 123 queue points to "Nopiedâ—<9><[U:1:103205717]><>"
L 04/13/2016 - 21:35:44: [playercommands.smx] "Nopiedâ—<9><[U:1:103205717]><>" slayed "@ _ @  â™¥ ê¹œì°ì´<13><[U:1:250739772]><>"
L 04/13/2016 - 21:36:52: [playercommands.smx] "Nopiedâ—<9><[U:1:103205717]><>" slayed "Nopiedâ—<9><[U:1:103205717]><>"
L 04/13/2016 - 21:40:27: [playercommands.smx] "Nopiedâ—<9><[U:1:103205717]><>" slayed "Nopiedâ—<9><[U:1:103205717]><>"
L 04/13/2016 - 21:40:35: [playercommands.smx] "Nopiedâ—<9><[U:1:103205717]><>" slayed "Bot01<2><BOT><>"
L 04/13/2016 - 21:40:35: [playercommands.smx] "Nopiedâ—<9><[U:1:103205717]><>" slayed "Bot02<3><BOT><>"
L 04/13/2016 - 21:40:35: [playercommands.smx] "Nopiedâ—<9><[U:1:103205717]><>" slayed "Bot03<4><BOT><>"
L 04/13/2016 - 21:40:35: [playercommands.smx] "Nopiedâ—<9><[U:1:103205717]><>" slayed "Bot04<5><BOT><>"
L 04/13/2016 - 21:40:35: [playercommands.smx] "Nopiedâ—<9><[U:1:103205717]><>" slayed "Bot05<6><BOT><>"
L 04/13/2016 - 21:40:35: [playercommands.smx] "Nopiedâ—<9><[U:1:103205717]><>" slayed "Bot06<7><BOT><>"
L 04/13/2016 - 21:40:35: [playercommands.smx] "Nopiedâ—<9><[U:1:103205717]><>" slayed "Bot07<8><BOT><>"
L 04/13/2016 - 21:46:01: [playercommands.smx] "Nopiedâ—<9><[U:1:103205717]><>" slayed "Nopiedâ—<9><[U:1:103205717]><>"
L 04/13/2016 - 21:46:01: [playercommands.smx] "Nopiedâ—<9><[U:1:103205717]><>" slayed "CAPTAIN:Yuudachiã€Œå¤•ç«‹<15><[U:1:94273821]><>"
L 04/13/2016 - 21:46:10: [Boss Selection.smx] ì„ íƒí•œ ë³´ìŠ¤ ì´ë¦„: í”„ë ˆë”” í¬ë£¨ê±°
L 04/13/2016 - 21:48:50: [playercommands.smx] "Nopiedâ—<9><[U:1:103205717]><>" slayed "Bot01<2><BOT><>"
L 04/13/2016 - 21:48:50: [playercommands.smx] "Nopiedâ—<9><[U:1:103205717]><>" slayed "Bot02<3><BOT><>"
L 04/13/2016 - 21:48:50: [playercommands.smx] "Nopiedâ—<9><[U:1:103205717]><>" slayed "Bot03<4><BOT><>"
L 04/13/2016 - 21:48:50: [playercommands.smx] "Nopiedâ—<9><[U:1:103205717]><>" slayed "Bot04<5><BOT><>"
L 04/13/2016 - 21:48:50: [playercommands.smx] "Nopiedâ—<9><[U:1:103205717]><>" slayed "Bot05<6><BOT><>"
L 04/13/2016 - 21:48:50: [playercommands.smx] "Nopiedâ—<9><[U:1:103205717]><>" slayed "Bot06<7><BOT><>"
L 04/13/2016 - 21:48:50: [playercommands.smx] "Nopiedâ—<9><[U:1:103205717]><>" slayed "Bot07<8><BOT><>"
L 04/13/2016 - 21:48:50: [playercommands.smx] "Nopiedâ—<9><[U:1:103205717]><>" slayed "ë°°íŠ¸ê²Œì´<11><[U:1:97781225]><>"
L 04/13/2016 - 21:48:50: [playercommands.smx] "Nopiedâ—<9><[U:1:103205717]><>" slayed "@ _ @  â™¥ ê¹œì°ì´<13><[U:1:250739772]><>"
L 04/13/2016 - 21:48:50: [playercommands.smx] "Nopiedâ—<9><[U:1:103205717]><>" slayed "CAPTAIN:Yuudachiã€Œå¤•ç«‹<15><[U:1:94273821]><>"
L 04/13/2016 - 21:51:37: [SM] Changed map to "koth_nucleus"
L 04/13/2016 - 21:51:38: -------- Mapchange to koth_nucleus --------
L 04/13/2016 - 21:51:44: [Boss Selection.smx] [FF2boss] Added chat command: ff2boss
L 04/13/2016 - 21:51:44: [Boss Selection.smx] [FF2boss] Added chat command: boss
L 04/13/2016 - 21:51:44: [Boss Selection.smx] [FF2boss] Added chat command: ë³´ìŠ¤
L 04/13/2016 - 21:51:44: [Boss Selection.smx] [FF2boss] Added chat command: ë³´ìŠ¤ì„ íƒ
L 04/13/2016 - 21:56:57: [Boss Selection.smx] ì„ íƒí•œ ë³´ìŠ¤ ì´ë¦„: ë‹Œì ìŠ¤íŒŒì´
L 04/13/2016 - 21:57:12: [Boss Selection.smx] ì„ íƒí•œ ë³´ìŠ¤ ì´ë¦„: ë°ëª¨íŒ
L 04/13/2016 - 22:00:42: [playercommands.smx] "Nopiedâ—<9><[U:1:103205717]><>" slayed "Nopiedâ—<9><[U:1:103205717]><>"
L 04/13/2016 - 22:00:42: [playercommands.smx] "Nopiedâ—<9><[U:1:103205717]><>" slayed "ì‹ ì„ í•˜ê³  ì°°ì§„ ê³ ê¸°<16><[U:1:100119082]><>"
L 04/13/2016 - 22:00:42: [playercommands.smx] "Nopiedâ—<9><[U:1:103205717]><>" slayed "CAPTAIN:Yuudachiã€Œå¤•ç«‹<15><[U:1:94273821]><>"
L 04/13/2016 - 22:00:50: [Boss Selection.smx] ì„ íƒí•œ ë³´ìŠ¤ ì´ë¦„: ë²„ì§€ë‹ˆì–´
L 04/13/2016 - 22:02:48: [basecommands.smx] "ëŸ¬ìŠ¤ëŸ¬ìŠ¤<17><[U:1:122272762]><>" refreshed the admin cache.
L 04/13/2016 - 22:03:05: [funcommands.smx] "ëŸ¬ìŠ¤ëŸ¬ìŠ¤<17><[U:1:122272762]><>" set a beacon on "Nopiedâ—<9><[U:1:103205717]><>"
L 04/13/2016 - 22:03:11: [funcommands.smx] "ëŸ¬ìŠ¤ëŸ¬ìŠ¤<17><[U:1:122272762]><>" removed a beacon on "Nopiedâ—<9><[U:1:103205717]><>"
L 04/13/2016 - 22:07:01: [Boss Selection.smx] ì„ íƒí•œ ë³´ìŠ¤ ì´ë¦„: ë‹Œì ìŠ¤íŒŒì´
L 04/13/2016 - 22:16:47: [playercommands.smx] "Nopiedâ—<9><[U:1:103205717]><>" slayed "ëŸ¬ìŠ¤ëŸ¬ìŠ¤<17><[U:1:122272762]><>"
L 04/13/2016 - 22:17:07: [Boss Selection.smx] ì„ íƒí•œ ë³´ìŠ¤ ì´ë¦„: ì´ìŠ¤í„° ë²„ë‹ˆ
L 04/13/2016 - 22:18:15: [playercommands.smx] "ëŸ¬ìŠ¤ëŸ¬ìŠ¤<17><[U:1:122272762]><>" slayed "Nopiedâ—<9><[U:1:103205717]><>"
L 04/13/2016 - 22:19:24: [Boss Selection.smx] ì„ íƒí•œ ë³´ìŠ¤ ì´ë¦„: ìƒ‰ìŠ¤í„´ í—¤ì¼
L 04/13/2016 - 22:27:29: [SM] Changed map to "koth_viaduct"
L 04/13/2016 - 22:27:31: -------- Mapchange to koth_viaduct --------
L 04/13/2016 - 22:27:36: [Boss Selection.smx] [FF2boss] Added chat command: ff2boss
L 04/13/2016 - 22:27:36: [Boss Selection.smx] [FF2boss] Added chat command: boss
L 04/13/2016 - 22:27:36: [Boss Selection.smx] [FF2boss] Added chat command: ë³´ìŠ¤
L 04/13/2016 - 22:27:36: [Boss Selection.smx] [FF2boss] Added chat command: ë³´ìŠ¤ì„ íƒ
L 04/13/2016 - 22:33:29: [playercommands.smx] "ëŸ¬ìŠ¤ëŸ¬ìŠ¤<17><[U:1:122272762]><>" slapped "CAPTAIN:Yuudachiã€Œå¤•ç«‹<15><[U:1:94273821]><>" (damage "1")
L 04/13/2016 - 22:33:55: [playercommands.smx] "Nopiedâ—<9><[U:1:103205717]><>" slapped "CAPTAIN:Yuudachiã€Œå¤•ç«‹<15><[U:1:94273821]><>" (damage "1")
L 04/13/2016 - 22:33:55: [playercommands.smx] "Nopiedâ—<9><[U:1:103205717]><>" slapped "CAPTAIN:Yuudachiã€Œå¤•ç«‹<15><[U:1:94273821]><>" (damage "1")
L 04/13/2016 - 22:33:55: [playercommands.smx] "Nopiedâ—<9><[U:1:103205717]><>" slapped "CAPTAIN:Yuudachiã€Œå¤•ç«‹<15><[U:1:94273821]><>" (damage "1")
L 04/13/2016 - 22:33:55: [playercommands.smx] "Nopiedâ—<9><[U:1:103205717]><>" slapped "CAPTAIN:Yuudachiã€Œå¤•ç«‹<15><[U:1:94273821]><>" (damage "1")
L 04/13/2016 - 22:33:56: [playercommands.smx] "Nopiedâ—<9><[U:1:103205717]><>" slapped "CAPTAIN:Yuudachiã€Œå¤•ç«‹<15><[U:1:94273821]><>" (damage "1")
L 04/13/2016 - 22:33:56: [playercommands.smx] "Nopiedâ—<9><[U:1:103205717]><>" slapped "CAPTAIN:Yuudachiã€Œå¤•ç«‹<15><[U:1:94273821]><>" (damage "1")
L 04/13/2016 - 22:33:56: [playercommands.smx] "Nopiedâ—<9><[U:1:103205717]><>" slapped "CAPTAIN:Yuudachiã€Œå¤•ç«‹<15><[U:1:94273821]><>" (damage "1")
L 04/13/2016 - 22:33:56: [playercommands.smx] "Nopiedâ—<9><[U:1:103205717]><>" slapped "CAPTAIN:Yuudachiã€Œå¤•ç«‹<15><[U:1:94273821]><>" (damage "1")
L 04/13/2016 - 22:33:56: [playercommands.smx] "Nopiedâ—<9><[U:1:103205717]><>" slapped "CAPTAIN:Yuudachiã€Œå¤•ç«‹<15><[U:1:94273821]><>" (damage "1")
L 04/13/2016 - 22:33:56: [playercommands.smx] "Nopiedâ—<9><[U:1:103205717]><>" slapped "CAPTAIN:Yuudachiã€Œå¤•ç«‹<15><[U:1:94273821]><>" (damage "1")
L 04/13/2016 - 22:33:56: [playercommands.smx] "Nopiedâ—<9><[U:1:103205717]><>" slapped "CAPTAIN:Yuudachiã€Œå¤•ç«‹<15><[U:1:94273821]><>" (damage "1")
L 04/13/2016 - 22:33:57: [playercommands.smx] "Nopiedâ—<9><[U:1:103205717]><>" slapped "CAPTAIN:Yuudachiã€Œå¤•ç«‹<15><[U:1:94273821]><>" (damage "1")
L 04/13/2016 - 22:33:57: [playercommands.smx] "Nopiedâ—<9><[U:1:103205717]><>" slapped "CAPTAIN:Yuudachiã€Œå¤•ç«‹<15><[U:1:94273821]><>" (damage "1")
L 04/13/2016 - 22:33:57: [playercommands.smx] "Nopiedâ—<9><[U:1:103205717]><>" slapped "CAPTAIN:Yuudachiã€Œå¤•ç«‹<15><[U:1:94273821]><>" (damage "1")
L 04/13/2016 - 22:33:57: [playercommands.smx] "Nopiedâ—<9><[U:1:103205717]><>" slapped "CAPTAIN:Yuudachiã€Œå¤•ç«‹<15><[U:1:94273821]><>" (damage "1")
L 04/13/2016 - 22:33:57: [playercommands.smx] "Nopiedâ—<9><[U:1:103205717]><>" slapped "CAPTAIN:Yuudachiã€Œå¤•ç«‹<15><[U:1:94273821]><>" (damage "1")
L 04/13/2016 - 22:33:57: [playercommands.smx] "Nopiedâ—<9><[U:1:103205717]><>" slapped "CAPTAIN:Yuudachiã€Œå¤•ç«‹<15><[U:1:94273821]><>" (damage "1")
L 04/13/2016 - 22:33:58: [playercommands.smx] "Nopiedâ—<9><[U:1:103205717]><>" slapped "CAPTAIN:Yuudachiã€Œå¤•ç«‹<15><[U:1:94273821]><>" (damage "1")
L 04/13/2016 - 22:33:58: [playercommands.smx] "Nopiedâ—<9><[U:1:103205717]><>" slapped "CAPTAIN:Yuudachiã€Œå¤•ç«‹<15><[U:1:94273821]><>" (damage "1")
L 04/13/2016 - 22:33:58: [playercommands.smx] "Nopiedâ—<9><[U:1:103205717]><>" slapped "CAPTAIN:Yuudachiã€Œå¤•ç«‹<15><[U:1:94273821]><>" (damage "1")
L 04/13/2016 - 22:33:58: [playercommands.smx] "Nopiedâ—<9><[U:1:103205717]><>" slapped "CAPTAIN:Yuudachiã€Œå¤•ç«‹<15><[U:1:94273821]><>" (damage "1")
L 04/13/2016 - 22:33:58: [playercommands.smx] "Nopiedâ—<9><[U:1:103205717]><>" slapped "CAPTAIN:Yuudachiã€Œå¤•ç«‹<15><[U:1:94273821]><>" (damage "1")
L 04/13/2016 - 22:34:02: [playercommands.smx] "Nopiedâ—<9><[U:1:103205717]><>" slapped "CAPTAIN:Yuudachiã€Œå¤•ç«‹<15><[U:1:94273821]><>" (damage "1")
L 04/13/2016 - 22:34:03: [playercommands.smx] "Nopiedâ—<9><[U:1:103205717]><>" slapped "CAPTAIN:Yuudachiã€Œå¤•ç«‹<15><[U:1:94273821]><>" (damage "1")
L 04/13/2016 - 22:34:03: [playercommands.smx] "Nopiedâ—<9><[U:1:103205717]><>" slapped "CAPTAIN:Yuudachiã€Œå¤•ç«‹<15><[U:1:94273821]><>" (damage "1")
L 04/13/2016 - 22:34:03: [playercommands.smx] "Nopiedâ—<9><[U:1:103205717]><>" slapped "CAPTAIN:Yuudachiã€Œå¤•ç«‹<15><[U:1:94273821]><>" (damage "1")
L 04/13/2016 - 22:34:12: [Boss Selection.smx] ì„ íƒí•œ ë³´ìŠ¤ ì´ë¦„: ë§ë„ ì—†ê³  ë¨¸ë¦¬ë„ ì—†ëŠ” ê¸°ë§Œë³‘ ì£¼ë‹ˆì–´
L 04/13/2016 - 22:38:23: [basecomm.smx] "Nopiedâ—<9><[U:1:103205717]><>" muted "CAPTAIN:Yuudachiã€Œå¤•ç«‹<15><[U:1:94273821]><>"
L 04/13/2016 - 22:38:32: [basecomm.smx] "Nopiedâ—<9><[U:1:103205717]><>" muted "CAPTAIN:Yuudachiã€Œå¤•ç«‹<15><[U:1:94273821]><>"
L 04/13/2016 - 22:38:47: [playercommands.smx] "Nopiedâ—<9><[U:1:103205717]><>" renamed "Nopiedâ—<9><[U:1:103205717]><>" to "dpNeNNââ")
L 04/13/2016 - 22:38:48: [basecomm.smx] "ëŸ¬ìŠ¤ëŸ¬ìŠ¤<17><[U:1:122272762]><>" silenced "CAPTAIN:Yuudachiã€Œå¤•ç«‹<15><[U:1:94273821]><>"
L 04/13/2016 - 22:39:08: [basecomm.smx] "ëŸ¬ìŠ¤ëŸ¬ìŠ¤<17><[U:1:122272762]><>" unsilenced "CAPTAIN:Yuudachiã€Œå¤•ç«‹<15><[U:1:94273821]><>"
L 04/13/2016 - 22:39:21: [Boss Selection.smx] ì„ íƒí•œ ë³´ìŠ¤ ì´ë¦„: í”„ë ˆë”” í¬ë£¨ê±°
L 04/13/2016 - 22:39:54: [playercommands.smx] "ëŸ¬ìŠ¤ëŸ¬ìŠ¤<17><[U:1:122272762]><>" slayed "CAPTAIN:Yuudachiã€Œå¤•ç«‹<15><[U:1:94273821]><>"
L 04/13/2016 - 22:41:16: [Boss Selection.smx] ì„ íƒí•œ ë³´ìŠ¤ ì´ë¦„: í”„ë ˆë”” í¬ë£¨ê±°
L 04/13/2016 - 22:44:02: [playercommands.smx] "Nopiedâ—<9><[U:1:103205717]><>" slayed "CAPTAIN:Yuudachiã€Œå¤•ç«‹<15><[U:1:94273821]><>"
L 04/13/2016 - 22:47:36: [basecommands.smx] "Nopiedâ—<9><[U:1:103205717]><>" kicked "WAVER!<20><[U:1:159081753]><>" (reason "ì´ í…ìŠ¤íŠ¸ë¥¼ ë´¤ë‹¤ë©´ ìë„¤ëŠ” ë©€ë¡ì´ì•¼!")
L 04/13/2016 - 22:47:36: [basecommands.smx] "Nopiedâ—<9><[U:1:103205717]><>" kicked "CAPTAIN:Yuudachiã€Œå¤•ç«‹<15><[U:1:94273821]><>" (reason "ì´ í…ìŠ¤íŠ¸ë¥¼ ë´¤ë‹¤ë©´ ìë„¤ëŠ” ë©€ë¡ì´ì•¼!")
L 04/13/2016 - 22:47:36: [basecommands.smx] "Nopiedâ—<9><[U:1:103205717]><>" kicked "Nopiedâ—<9><[U:1:103205717]><>" (reason "ì´ í…ìŠ¤íŠ¸ë¥¼ ë´¤ë‹¤ë©´ ìë„¤ëŠ” ë©€ë¡ì´ì•¼!")
L 04/13/2016 - 22:47:44: Log file closed.
