L 05/24/2016 - 19:50:47: SourceMod log file session started (file "L20160524.log") (Version "1.7.3-dev+5298")
L 05/24/2016 - 19:50:47: -------- Mapchange to vsh_apg_v2 --------
L 05/24/2016 - 19:50:47: [TF2ITEMS] "GiveNamedItem" offset = 472
L 05/24/2016 - 19:50:49: [boss_selection.smx] [FF2boss] Added chat command: ff2boss
L 05/24/2016 - 19:50:49: [boss_selection.smx] [FF2boss] Added chat command: boss
L 05/24/2016 - 19:50:49: [boss_selection.smx] [FF2boss] Added chat command: 보스
L 05/24/2016 - 19:50:49: [boss_selection.smx] [FF2boss] Added chat command: 보스선택
L 05/24/2016 - 19:50:49: [custompart.smx] Debug for CustomPart
L 05/24/2016 - 19:50:49: [freak_fortress_2.smx] ===Freak Fortress 2 Initializing-v1.10.10 Beta===
L 05/24/2016 - 19:51:03: [boss_selection.smx] [FF2boss] Added chat command: ff2boss
L 05/24/2016 - 19:51:03: [boss_selection.smx] [FF2boss] Added chat command: boss
L 05/24/2016 - 19:51:03: [boss_selection.smx] [FF2boss] Added chat command: 보스
L 05/24/2016 - 19:51:03: [boss_selection.smx] [FF2boss] Added chat command: 보스선택
L 05/24/2016 - 19:51:09: Log file closed.
L 05/24/2016 - 19:55:56: SourceMod log file session started (file "L20160524.log") (Version "1.7.3-dev+5298")
L 05/24/2016 - 19:55:56: -------- Mapchange to vsh_apg_v2 --------
L 05/24/2016 - 19:55:56: [TF2ITEMS] "GiveNamedItem" offset = 472
L 05/24/2016 - 19:55:56: [boss_selection.smx] [FF2boss] Added chat command: ff2boss
L 05/24/2016 - 19:55:56: [boss_selection.smx] [FF2boss] Added chat command: boss
L 05/24/2016 - 19:55:56: [boss_selection.smx] [FF2boss] Added chat command: 보스
L 05/24/2016 - 19:55:56: [boss_selection.smx] [FF2boss] Added chat command: 보스선택
L 05/24/2016 - 19:55:56: [custompart.smx] Debug for CustomPart
L 05/24/2016 - 19:55:56: [freak_fortress_2.smx] ===Freak Fortress 2 Initializing-v1.10.10 Beta===
L 05/24/2016 - 19:56:07: [boss_selection.smx] [FF2boss] Added chat command: ff2boss
L 05/24/2016 - 19:56:07: [boss_selection.smx] [FF2boss] Added chat command: boss
L 05/24/2016 - 19:56:07: [boss_selection.smx] [FF2boss] Added chat command: 보스
L 05/24/2016 - 19:56:07: [boss_selection.smx] [FF2boss] Added chat command: 보스선택
L 05/24/2016 - 19:57:20: [boss_selection.smx] -1
L 05/24/2016 - 20:01:35: [freaks\halloween_2014.ff2] Selected 2 by Key: special_greyalien
L 05/24/2016 - 20:08:20: Log file closed.
