L 04/25/2016 - 19:44:11: SourceMod log file session started (file "L20160425.log") (Version "1.7.3-dev+5298")
L 04/25/2016 - 19:44:11: -------- Mapchange to vsh_apg_v2 --------
L 04/25/2016 - 19:44:11: [TF2ITEMS] "GiveNamedItem" offset = 472
L 04/25/2016 - 19:44:13: [Boss Selection.smx] [FF2boss] Added chat command: ff2boss
L 04/25/2016 - 19:44:13: [Boss Selection.smx] [FF2boss] Added chat command: boss
L 04/25/2016 - 19:44:13: [Boss Selection.smx] [FF2boss] Added chat command: 보스
L 04/25/2016 - 19:44:13: [Boss Selection.smx] [FF2boss] Added chat command: 보스선택
L 04/25/2016 - 19:44:13: [custompart.smx] Debug for CustomPart
L 04/25/2016 - 19:44:13: [freak_fortress_2.smx] ===Freak Fortress 2 Initializing-v1.10.9 Beta (build manual)===
L 04/25/2016 - 19:44:27: [Boss Selection.smx] [FF2boss] Added chat command: ff2boss
L 04/25/2016 - 19:44:27: [Boss Selection.smx] [FF2boss] Added chat command: boss
L 04/25/2016 - 19:44:27: [Boss Selection.smx] [FF2boss] Added chat command: 보스
L 04/25/2016 - 19:44:27: [Boss Selection.smx] [FF2boss] Added chat command: 보스선택
L 04/25/2016 - 19:47:50: [playercommands.smx] "Nopied◎<2><[U:1:103205717]><>" slayed "Bot01<3><BOT><>"
L 04/25/2016 - 19:47:50: [playercommands.smx] "Nopied◎<2><[U:1:103205717]><>" slayed "Bot02<4><BOT><>"
L 04/25/2016 - 19:47:50: [playercommands.smx] "Nopied◎<2><[U:1:103205717]><>" slayed "Bot03<5><BOT><>"
L 04/25/2016 - 19:47:50: [playercommands.smx] "Nopied◎<2><[U:1:103205717]><>" slayed "Bot04<6><BOT><>"
L 04/25/2016 - 19:47:51: [playercommands.smx] "Nopied◎<2><[U:1:103205717]><>" slayed "Bot05<7><BOT><>"
L 04/25/2016 - 19:47:51: [playercommands.smx] "Nopied◎<2><[U:1:103205717]><>" slayed "Bot06<8><BOT><>"
L 04/25/2016 - 19:47:51: [playercommands.smx] "Nopied◎<2><[U:1:103205717]><>" slayed "Bot07<9><BOT><>"
L 04/25/2016 - 19:47:52: [playercommands.smx] "Nopied◎<2><[U:1:103205717]><>" slayed "Bot08<10><BOT><>"
L 04/25/2016 - 19:47:52: [playercommands.smx] "Nopied◎<2><[U:1:103205717]><>" slayed "Bot09<11><BOT><>"
L 04/25/2016 - 19:47:52: [playercommands.smx] "Nopied◎<2><[U:1:103205717]><>" slayed "Bot10<12><BOT><>"
L 04/25/2016 - 19:47:53: [playercommands.smx] "Nopied◎<2><[U:1:103205717]><>" slayed "Bot11<13><BOT><>"
L 04/25/2016 - 19:50:25: Log file closed.
L 04/25/2016 - 19:52:13: SourceMod log file session started (file "L20160425.log") (Version "1.7.3-dev+5298")
L 04/25/2016 - 19:52:13: -------- Mapchange to vsh_apg_v2 --------
L 04/25/2016 - 19:52:13: [TF2ITEMS] "GiveNamedItem" offset = 472
L 04/25/2016 - 19:52:13: [Boss Selection.smx] [FF2boss] Added chat command: ff2boss
L 04/25/2016 - 19:52:13: [Boss Selection.smx] [FF2boss] Added chat command: boss
L 04/25/2016 - 19:52:13: [Boss Selection.smx] [FF2boss] Added chat command: 보스
L 04/25/2016 - 19:52:13: [Boss Selection.smx] [FF2boss] Added chat command: 보스선택
L 04/25/2016 - 19:52:13: [custompart.smx] Debug for CustomPart
L 04/25/2016 - 19:52:13: [freak_fortress_2.smx] ===Freak Fortress 2 Initializing-v1.10.9 Beta (build manual)===
L 04/25/2016 - 19:52:24: [Boss Selection.smx] [FF2boss] Added chat command: ff2boss
L 04/25/2016 - 19:52:24: [Boss Selection.smx] [FF2boss] Added chat command: boss
L 04/25/2016 - 19:52:24: [Boss Selection.smx] [FF2boss] Added chat command: 보스
L 04/25/2016 - 19:52:24: [Boss Selection.smx] [FF2boss] Added chat command: 보스선택
L 04/25/2016 - 19:55:01: [playercommands.smx] "Nopied◎<2><[U:1:103205717]><>" slayed "Nopied◎<2><[U:1:103205717]><>"
L 04/25/2016 - 19:55:01: [playercommands.smx] "Nopied◎<2><[U:1:103205717]><>" slayed "Bot01<3><BOT><>"
L 04/25/2016 - 19:55:01: [playercommands.smx] "Nopied◎<2><[U:1:103205717]><>" slayed "Bot02<4><BOT><>"
L 04/25/2016 - 19:55:01: [playercommands.smx] "Nopied◎<2><[U:1:103205717]><>" slayed "Bot03<5><BOT><>"
L 04/25/2016 - 19:55:38: [playercommands.smx] "Nopied◎<2><[U:1:103205717]><>" slayed "Bot01<3><BOT><>"
L 04/25/2016 - 19:55:38: [playercommands.smx] "Nopied◎<2><[U:1:103205717]><>" slayed "Bot02<4><BOT><>"
L 04/25/2016 - 19:55:38: [playercommands.smx] "Nopied◎<2><[U:1:103205717]><>" slayed "Bot03<5><BOT><>"
L 04/25/2016 - 19:55:39: [playercommands.smx] "Nopied◎<2><[U:1:103205717]><>" slayed "Bot04<6><BOT><>"
L 04/25/2016 - 19:55:39: [playercommands.smx] "Nopied◎<2><[U:1:103205717]><>" slayed "Bot05<7><BOT><>"
L 04/25/2016 - 19:55:40: [playercommands.smx] "Nopied◎<2><[U:1:103205717]><>" slayed "Bot06<8><BOT><>"
L 04/25/2016 - 19:55:40: [playercommands.smx] "Nopied◎<2><[U:1:103205717]><>" slayed "Bot07<9><BOT><>"
L 04/25/2016 - 19:58:32: [playercommands.smx] "Nopied◎<2><[U:1:103205717]><>" slayed "Nopied◎<2><[U:1:103205717]><>"
L 04/25/2016 - 19:58:32: [playercommands.smx] "Nopied◎<2><[U:1:103205717]><>" slayed "Bot01<3><BOT><>"
L 04/25/2016 - 19:58:32: [playercommands.smx] "Nopied◎<2><[U:1:103205717]><>" slayed "Bot02<4><BOT><>"
L 04/25/2016 - 19:58:32: [playercommands.smx] "Nopied◎<2><[U:1:103205717]><>" slayed "Bot03<5><BOT><>"
L 04/25/2016 - 19:58:32: [playercommands.smx] "Nopied◎<2><[U:1:103205717]><>" slayed "Bot04<6><BOT><>"
L 04/25/2016 - 19:58:32: [playercommands.smx] "Nopied◎<2><[U:1:103205717]><>" slayed "Bot05<7><BOT><>"
L 04/25/2016 - 19:58:32: [playercommands.smx] "Nopied◎<2><[U:1:103205717]><>" slayed "Bot06<8><BOT><>"
L 04/25/2016 - 19:58:32: [playercommands.smx] "Nopied◎<2><[U:1:103205717]><>" slayed "Bot07<9><BOT><>"
L 04/25/2016 - 19:58:32: [playercommands.smx] "Nopied◎<2><[U:1:103205717]><>" slayed "Bot08<10><BOT><>"
L 04/25/2016 - 19:58:32: [playercommands.smx] "Nopied◎<2><[U:1:103205717]><>" slayed "Bot09<11><BOT><>"
L 04/25/2016 - 19:58:32: [playercommands.smx] "Nopied◎<2><[U:1:103205717]><>" slayed "Bot10<12><BOT><>"
L 04/25/2016 - 19:58:32: [playercommands.smx] "Nopied◎<2><[U:1:103205717]><>" slayed "Bot11<13><BOT><>"
L 04/25/2016 - 19:58:32: [playercommands.smx] "Nopied◎<2><[U:1:103205717]><>" slayed "Bot12<14><BOT><>"
L 04/25/2016 - 19:59:10: [playercommands.smx] "Nopied◎<2><[U:1:103205717]><>" slayed "Bot01<3><BOT><>"
L 04/25/2016 - 19:59:11: [playercommands.smx] "Nopied◎<2><[U:1:103205717]><>" slayed "Bot02<4><BOT><>"
L 04/25/2016 - 19:59:11: [playercommands.smx] "Nopied◎<2><[U:1:103205717]><>" slayed "Bot03<5><BOT><>"
L 04/25/2016 - 19:59:11: [playercommands.smx] "Nopied◎<2><[U:1:103205717]><>" slayed "Bot04<6><BOT><>"
L 04/25/2016 - 19:59:12: [playercommands.smx] "Nopied◎<2><[U:1:103205717]><>" slayed "Bot05<7><BOT><>"
L 04/25/2016 - 19:59:12: [playercommands.smx] "Nopied◎<2><[U:1:103205717]><>" slayed "Bot06<8><BOT><>"
L 04/25/2016 - 19:59:13: [playercommands.smx] "Nopied◎<2><[U:1:103205717]><>" slayed "Bot07<9><BOT><>"
L 04/25/2016 - 20:07:01: [basecommands.smx] "Nopied◎<2><[U:1:103205717]><>" kicked "Bot01<3><BOT><>" (reason "")
L 04/25/2016 - 20:07:01: [basecommands.smx] "Nopied◎<2><[U:1:103205717]><>" kicked "Bot02<4><BOT><>" (reason "")
L 04/25/2016 - 20:07:02: [basecommands.smx] "Nopied◎<2><[U:1:103205717]><>" kicked "Bot03<5><BOT><>" (reason "")
L 04/25/2016 - 20:07:03: [basecommands.smx] "Nopied◎<2><[U:1:103205717]><>" kicked "Bot04<6><BOT><>" (reason "")
L 04/25/2016 - 20:07:04: [basecommands.smx] "Nopied◎<2><[U:1:103205717]><>" kicked "Bot05<7><BOT><>" (reason "")
L 04/25/2016 - 20:07:04: [basecommands.smx] "Nopied◎<2><[U:1:103205717]><>" kicked "Bot06<8><BOT><>" (reason "")
L 04/25/2016 - 20:11:38: [playercommands.smx] "Nopied◎<2><[U:1:103205717]><>" slayed "Nopied◎<2><[U:1:103205717]><>"
L 04/25/2016 - 20:11:38: [playercommands.smx] "Nopied◎<2><[U:1:103205717]><>" slayed "Bot07<9><BOT><>"
L 04/25/2016 - 20:11:38: [playercommands.smx] "Nopied◎<2><[U:1:103205717]><>" slayed "Bot08<10><BOT><>"
L 04/25/2016 - 20:11:38: [playercommands.smx] "Nopied◎<2><[U:1:103205717]><>" slayed "Bot09<11><BOT><>"
L 04/25/2016 - 20:11:38: [playercommands.smx] "Nopied◎<2><[U:1:103205717]><>" slayed "Bot10<12><BOT><>"
L 04/25/2016 - 20:11:38: [playercommands.smx] "Nopied◎<2><[U:1:103205717]><>" slayed "Bot11<13><BOT><>"
L 04/25/2016 - 20:11:38: [playercommands.smx] "Nopied◎<2><[U:1:103205717]><>" slayed "Bot12<14><BOT><>"
L 04/25/2016 - 20:11:41: [Boss Selection.smx] 이 클라이언트는 0의 대기포인트를 저장해놓은 상태.
L 04/25/2016 - 20:13:06: [Boss Selection.smx] 이 클라이언트는 0의 대기포인트를 저장해놓은 상태.
L 04/25/2016 - 20:13:35: [playercommands.smx] "Nopied◎<2><[U:1:103205717]><>" slayed "Bot19<23><BOT><>"
L 04/25/2016 - 20:13:38: [Boss Selection.smx] 이 클라이언트는 0의 대기포인트를 저장해놓은 상태.
L 04/25/2016 - 20:18:50: [playercommands.smx] "Nopied◎<2><[U:1:103205717]><>" slayed "Nopied◎<2><[U:1:103205717]><>"
L 04/25/2016 - 20:22:03: [playercommands.smx] "Nopied◎<2><[U:1:103205717]><>" slayed "Bot19<23><BOT><>"
L 04/25/2016 - 20:22:30: [playercommands.smx] "Nopied◎<2><[U:1:103205717]><>" slayed "Nopied◎<2><[U:1:103205717]><>"
L 04/25/2016 - 20:23:11: [playercommands.smx] "Nopied◎<2><[U:1:103205717]><>" slayed "Bot13<17><BOT><>"
L 04/25/2016 - 20:23:12: [playercommands.smx] "Nopied◎<2><[U:1:103205717]><>" slayed "Bot14<18><BOT><>"
L 04/25/2016 - 20:23:13: [playercommands.smx] "Nopied◎<2><[U:1:103205717]><>" slayed "Bot15<19><BOT><>"
L 04/25/2016 - 20:23:13: [playercommands.smx] "Nopied◎<2><[U:1:103205717]><>" slayed "Bot16<20><BOT><>"
L 04/25/2016 - 20:23:13: [playercommands.smx] "Nopied◎<2><[U:1:103205717]><>" slayed "Bot17<21><BOT><>"
L 04/25/2016 - 20:23:14: [playercommands.smx] "Nopied◎<2><[U:1:103205717]><>" slayed "Bot07<9><BOT><>"
L 04/25/2016 - 20:23:14: [playercommands.smx] "Nopied◎<2><[U:1:103205717]><>" slayed "Bot08<10><BOT><>"
L 04/25/2016 - 20:23:14: [playercommands.smx] "Nopied◎<2><[U:1:103205717]><>" slayed "Bot09<11><BOT><>"
L 04/25/2016 - 20:23:15: [playercommands.smx] "Nopied◎<2><[U:1:103205717]><>" slayed "Bot10<12><BOT><>"
L 04/25/2016 - 20:26:47: Log file closed.
L 04/25/2016 - 20:35:06: SourceMod log file session started (file "L20160425.log") (Version "1.7.3-dev+5298")
L 04/25/2016 - 20:35:06: -------- Mapchange to vsh_apg_v2 --------
L 04/25/2016 - 20:35:06: [TF2ITEMS] "GiveNamedItem" offset = 472
L 04/25/2016 - 20:35:06: [Boss Selection.smx] [FF2boss] Added chat command: ff2boss
L 04/25/2016 - 20:35:06: [Boss Selection.smx] [FF2boss] Added chat command: boss
L 04/25/2016 - 20:35:06: [Boss Selection.smx] [FF2boss] Added chat command: 보스
L 04/25/2016 - 20:35:06: [Boss Selection.smx] [FF2boss] Added chat command: 보스선택
L 04/25/2016 - 20:35:06: [custompart.smx] Debug for CustomPart
L 04/25/2016 - 20:35:06: [freak_fortress_2.smx] ===Freak Fortress 2 Initializing-v1.10.9 Beta (build manual)===
L 04/25/2016 - 20:35:18: [Boss Selection.smx] [FF2boss] Added chat command: ff2boss
L 04/25/2016 - 20:35:18: [Boss Selection.smx] [FF2boss] Added chat command: boss
L 04/25/2016 - 20:35:18: [Boss Selection.smx] [FF2boss] Added chat command: 보스
L 04/25/2016 - 20:35:18: [Boss Selection.smx] [FF2boss] Added chat command: 보스선택
L 04/25/2016 - 20:38:36: Log file closed.
L 04/25/2016 - 21:19:59: SourceMod log file session started (file "L20160425.log") (Version "1.7.3-dev+5298")
L 04/25/2016 - 21:19:59: -------- Mapchange to vsh_apg_v2 --------
L 04/25/2016 - 21:19:59: [TF2ITEMS] "GiveNamedItem" offset = 472
L 04/25/2016 - 21:19:59: [Boss Selection.smx] [FF2boss] Added chat command: ff2boss
L 04/25/2016 - 21:19:59: [Boss Selection.smx] [FF2boss] Added chat command: boss
L 04/25/2016 - 21:19:59: [Boss Selection.smx] [FF2boss] Added chat command: 보스
L 04/25/2016 - 21:19:59: [Boss Selection.smx] [FF2boss] Added chat command: 보스선택
L 04/25/2016 - 21:19:59: [custompart.smx] Debug for CustomPart
L 04/25/2016 - 21:19:59: [freak_fortress_2.smx] ===Freak Fortress 2 Initializing-v1.10.9 Beta (build manual)===
L 04/25/2016 - 21:20:11: [Boss Selection.smx] [FF2boss] Added chat command: ff2boss
L 04/25/2016 - 21:20:11: [Boss Selection.smx] [FF2boss] Added chat command: boss
L 04/25/2016 - 21:20:11: [Boss Selection.smx] [FF2boss] Added chat command: 보스
L 04/25/2016 - 21:20:11: [Boss Selection.smx] [FF2boss] Added chat command: 보스선택
L 04/25/2016 - 21:36:38: Log file closed.
L 04/25/2016 - 21:36:52: SourceMod log file session started (file "L20160425.log") (Version "1.7.3-dev+5298")
L 04/25/2016 - 21:36:52: -------- Mapchange to vsh_apg_v2 --------
L 04/25/2016 - 21:36:52: [TF2ITEMS] "GiveNamedItem" offset = 472
L 04/25/2016 - 21:36:54: [Boss Selection.smx] [FF2boss] Added chat command: ff2boss
L 04/25/2016 - 21:36:54: [Boss Selection.smx] [FF2boss] Added chat command: boss
L 04/25/2016 - 21:36:54: [Boss Selection.smx] [FF2boss] Added chat command: 보스
L 04/25/2016 - 21:36:54: [Boss Selection.smx] [FF2boss] Added chat command: 보스선택
L 04/25/2016 - 21:36:54: [custompart.smx] Debug for CustomPart
L 04/25/2016 - 21:36:54: [freak_fortress_2.smx] ===Freak Fortress 2 Initializing-v1.10.9 Beta (build manual)===
L 04/25/2016 - 21:37:07: [Boss Selection.smx] [FF2boss] Added chat command: ff2boss
L 04/25/2016 - 21:37:07: [Boss Selection.smx] [FF2boss] Added chat command: boss
L 04/25/2016 - 21:37:07: [Boss Selection.smx] [FF2boss] Added chat command: 보스
L 04/25/2016 - 21:37:07: [Boss Selection.smx] [FF2boss] Added chat command: 보스선택
L 04/25/2016 - 21:46:00: SourceMod log file session started (file "L20160425.log") (Version "1.7.3-dev+5298")
L 04/25/2016 - 21:46:00: -------- Mapchange to vsh_apg_v2 --------
L 04/25/2016 - 21:46:00: [TF2ITEMS] "GiveNamedItem" offset = 472
L 04/25/2016 - 21:46:01: [Boss Selection.smx] [FF2boss] Added chat command: ff2boss
L 04/25/2016 - 21:46:01: [Boss Selection.smx] [FF2boss] Added chat command: boss
L 04/25/2016 - 21:46:01: [Boss Selection.smx] [FF2boss] Added chat command: 보스
L 04/25/2016 - 21:46:01: [Boss Selection.smx] [FF2boss] Added chat command: 보스선택
L 04/25/2016 - 21:46:01: [custompart.smx] Debug for CustomPart
L 04/25/2016 - 21:46:01: [freak_fortress_2.smx] ===Freak Fortress 2 Initializing-v1.10.9 Beta (build manual)===
L 04/25/2016 - 21:46:12: [Boss Selection.smx] [FF2boss] Added chat command: ff2boss
L 04/25/2016 - 21:46:12: [Boss Selection.smx] [FF2boss] Added chat command: boss
L 04/25/2016 - 21:46:12: [Boss Selection.smx] [FF2boss] Added chat command: 보스
L 04/25/2016 - 21:46:12: [Boss Selection.smx] [FF2boss] Added chat command: 보스선택
L 04/25/2016 - 21:48:27: [boss_selection.smx] [FF2boss] Added chat command: ff2boss
L 04/25/2016 - 21:48:27: [boss_selection.smx] [FF2boss] Added chat command: boss
L 04/25/2016 - 21:48:27: [boss_selection.smx] [FF2boss] Added chat command: 보스
L 04/25/2016 - 21:48:27: [boss_selection.smx] [FF2boss] Added chat command: 보스선택
L 04/25/2016 - 21:48:27: [boss_selection.smx] [FF2boss] Added chat command: ff2boss
L 04/25/2016 - 21:48:27: [boss_selection.smx] [FF2boss] Added chat command: boss
L 04/25/2016 - 21:48:27: [boss_selection.smx] [FF2boss] Added chat command: 보스
L 04/25/2016 - 21:48:27: [boss_selection.smx] [FF2boss] Added chat command: 보스선택
L 04/25/2016 - 21:52:12: [Boss Selection.smx] 이 클라이언트는 0의 대기포인트를 저장해놓은 상태.
L 04/25/2016 - 21:52:12: [Boss Selection.smx] 이 클라이언트는 0의 대기포인트를 저장해놓은 상태.
L 04/25/2016 - 21:52:12: [Boss Selection.smx] 이 클라이언트는 0의 대기포인트를 저장해놓은 상태.
L 04/25/2016 - 21:52:12: [boss_selection.smx] 이 클라이언트는 0의 대기포인트를 저장해놓은 상태.
L 04/25/2016 - 21:52:12: [boss_selection.smx] 이 클라이언트는 0의 대기포인트를 저장해놓은 상태.
L 04/25/2016 - 21:52:12: [boss_selection.smx] 이 클라이언트는 0의 대기포인트를 저장해놓은 상태.
L 04/25/2016 - 21:56:02: [Boss Selection.smx] 이 클라이언트는 0의 대기포인트를 저장해놓은 상태.
L 04/25/2016 - 21:56:02: [Boss Selection.smx] 이 클라이언트는 0의 대기포인트를 저장해놓은 상태.
L 04/25/2016 - 21:56:02: [Boss Selection.smx] 이 클라이언트는 0의 대기포인트를 저장해놓은 상태.
L 04/25/2016 - 21:56:02: [Boss Selection.smx] 이 클라이언트는 0의 대기포인트를 저장해놓은 상태.
L 04/25/2016 - 21:56:02: [Boss Selection.smx] 이 클라이언트는 0의 대기포인트를 저장해놓은 상태.
L 04/25/2016 - 21:56:02: [boss_selection.smx] 이 클라이언트는 0의 대기포인트를 저장해놓은 상태.
L 04/25/2016 - 21:56:02: [boss_selection.smx] 이 클라이언트는 0의 대기포인트를 저장해놓은 상태.
L 04/25/2016 - 21:56:02: [boss_selection.smx] 이 클라이언트는 0의 대기포인트를 저장해놓은 상태.
L 04/25/2016 - 21:56:02: [boss_selection.smx] 이 클라이언트는 0의 대기포인트를 저장해놓은 상태.
L 04/25/2016 - 21:56:03: [boss_selection.smx] 이 클라이언트는 0의 대기포인트를 저장해놓은 상태.
L 04/25/2016 - 21:57:02: [playercommands.smx] "Nopied◎<3><[U:1:103205717]><>" slayed "Bot01<13><BOT><>"
L 04/25/2016 - 21:57:03: [playercommands.smx] "Nopied◎<3><[U:1:103205717]><>" slayed "Bot02<14><BOT><>"
L 04/25/2016 - 21:57:05: [playercommands.smx] "Nopied◎<3><[U:1:103205717]><>" slayed "Bot03<15><BOT><>"
L 04/25/2016 - 21:57:06: [playercommands.smx] "Nopied◎<3><[U:1:103205717]><>" slayed "Bot04<16><BOT><>"
L 04/25/2016 - 21:58:11: [Boss Selection.smx] 이 클라이언트는 0의 대기포인트를 저장해놓은 상태.
L 04/25/2016 - 21:58:11: [Boss Selection.smx] 이 클라이언트는 0의 대기포인트를 저장해놓은 상태.
L 04/25/2016 - 21:58:11: [Boss Selection.smx] 이 클라이언트는 0의 대기포인트를 저장해놓은 상태.
L 04/25/2016 - 21:58:11: [Boss Selection.smx] 이 클라이언트는 0의 대기포인트를 저장해놓은 상태.
L 04/25/2016 - 21:58:11: [boss_selection.smx] 이 클라이언트는 0의 대기포인트를 저장해놓은 상태.
L 04/25/2016 - 21:58:11: [boss_selection.smx] 이 클라이언트는 0의 대기포인트를 저장해놓은 상태.
L 04/25/2016 - 21:58:11: [boss_selection.smx] 이 클라이언트는 0의 대기포인트를 저장해놓은 상태.
L 04/25/2016 - 21:58:11: [boss_selection.smx] 이 클라이언트는 0의 대기포인트를 저장해놓은 상태.
L 04/25/2016 - 21:59:08: [Boss Selection.smx] 이 클라이언트는 0의 대기포인트를 저장해놓은 상태.
L 04/25/2016 - 21:59:08: [Boss Selection.smx] 이 클라이언트는 0의 대기포인트를 저장해놓은 상태.
L 04/25/2016 - 21:59:08: [Boss Selection.smx] 이 클라이언트는 0의 대기포인트를 저장해놓은 상태.
L 04/25/2016 - 21:59:08: [Boss Selection.smx] 이 클라이언트는 0의 대기포인트를 저장해놓은 상태.
L 04/25/2016 - 21:59:08: [boss_selection.smx] 이 클라이언트는 0의 대기포인트를 저장해놓은 상태.
L 04/25/2016 - 21:59:08: [boss_selection.smx] 이 클라이언트는 0의 대기포인트를 저장해놓은 상태.
L 04/25/2016 - 21:59:08: [boss_selection.smx] 이 클라이언트는 0의 대기포인트를 저장해놓은 상태.
L 04/25/2016 - 21:59:08: [boss_selection.smx] 이 클라이언트는 0의 대기포인트를 저장해놓은 상태.
L 04/25/2016 - 21:59:58: [playercommands.smx] "Nopied◎<3><[U:1:103205717]><>" slayed "Bot01<13><BOT><>"
L 04/25/2016 - 21:59:59: [playercommands.smx] "Nopied◎<3><[U:1:103205717]><>" slayed "Bot02<14><BOT><>"
L 04/25/2016 - 22:00:00: [playercommands.smx] "Nopied◎<3><[U:1:103205717]><>" slayed "Bot03<15><BOT><>"
L 04/25/2016 - 22:00:01: [playercommands.smx] "Nopied◎<3><[U:1:103205717]><>" slayed "Bot04<16><BOT><>"
L 04/25/2016 - 22:02:17: [Boss Selection.smx] 이 클라이언트는 0의 대기포인트를 저장해놓은 상태.
L 04/25/2016 - 22:02:17: [Boss Selection.smx] 이 클라이언트는 0의 대기포인트를 저장해놓은 상태.
L 04/25/2016 - 22:02:17: [Boss Selection.smx] 이 클라이언트는 0의 대기포인트를 저장해놓은 상태.
L 04/25/2016 - 22:02:17: [boss_selection.smx] 이 클라이언트는 0의 대기포인트를 저장해놓은 상태.
L 04/25/2016 - 22:02:17: [boss_selection.smx] 이 클라이언트는 0의 대기포인트를 저장해놓은 상태.
L 04/25/2016 - 22:02:17: [boss_selection.smx] 이 클라이언트는 0의 대기포인트를 저장해놓은 상태.
L 04/25/2016 - 22:02:38: [boss_selection.smx] [FF2boss] Added chat command: ff2boss
L 04/25/2016 - 22:02:38: [boss_selection.smx] [FF2boss] Added chat command: boss
L 04/25/2016 - 22:02:38: [boss_selection.smx] [FF2boss] Added chat command: 보스
L 04/25/2016 - 22:02:38: [boss_selection.smx] [FF2boss] Added chat command: 보스선택
L 04/25/2016 - 22:02:38: [boss_selection.smx] [FF2boss] Added chat command: ff2boss
L 04/25/2016 - 22:02:38: [boss_selection.smx] [FF2boss] Added chat command: boss
L 04/25/2016 - 22:02:38: [boss_selection.smx] [FF2boss] Added chat command: 보스
L 04/25/2016 - 22:02:38: [boss_selection.smx] [FF2boss] Added chat command: 보스선택
L 04/25/2016 - 22:06:07: [Boss Selection.smx] 이 클라이언트는 0의 대기포인트를 저장해놓은 상태.
L 04/25/2016 - 22:06:07: [Boss Selection.smx] 이 클라이언트는 0의 대기포인트를 저장해놓은 상태.
L 04/25/2016 - 22:06:07: [Boss Selection.smx] 이 클라이언트는 0의 대기포인트를 저장해놓은 상태.
L 04/25/2016 - 22:06:07: [boss_selection.smx] 이 클라이언트는 0의 대기포인트를 저장해놓은 상태.
L 04/25/2016 - 22:06:07: [boss_selection.smx] 이 클라이언트는 0의 대기포인트를 저장해놓은 상태.
L 04/25/2016 - 22:06:07: [boss_selection.smx] 이 클라이언트는 0의 대기포인트를 저장해놓은 상태.
L 04/25/2016 - 22:07:42: [playercommands.smx] "Nopied◎<3><[U:1:103205717]><>" slayed "Bot01<13><BOT><>"
L 04/25/2016 - 22:07:43: [playercommands.smx] "Nopied◎<3><[U:1:103205717]><>" slayed "Bot02<14><BOT><>"
L 04/25/2016 - 22:07:43: [playercommands.smx] "Nopied◎<3><[U:1:103205717]><>" slayed "Bot03<15><BOT><>"
L 04/25/2016 - 22:07:43: [playercommands.smx] "Nopied◎<3><[U:1:103205717]><>" slayed "Bot04<16><BOT><>"
L 04/25/2016 - 22:08:50: [Boss Selection.smx] 이 클라이언트는 0의 대기포인트를 저장해놓은 상태.
L 04/25/2016 - 22:08:50: [Boss Selection.smx] 이 클라이언트는 0의 대기포인트를 저장해놓은 상태.
L 04/25/2016 - 22:08:50: [boss_selection.smx] 이 클라이언트는 0의 대기포인트를 저장해놓은 상태.
L 04/25/2016 - 22:08:50: [boss_selection.smx] 이 클라이언트는 0의 대기포인트를 저장해놓은 상태.
L 04/25/2016 - 22:12:48: [Boss Selection.smx] 이 클라이언트는 0의 대기포인트를 저장해놓은 상태.
L 04/25/2016 - 22:12:48: [Boss Selection.smx] 이 클라이언트는 0의 대기포인트를 저장해놓은 상태.
L 04/25/2016 - 22:12:48: [boss_selection.smx] 이 클라이언트는 0의 대기포인트를 저장해놓은 상태.
L 04/25/2016 - 22:12:48: [boss_selection.smx] 이 클라이언트는 0의 대기포인트를 저장해놓은 상태.
L 04/25/2016 - 22:13:11: [playercommands.smx] "Nopied◎<3><[U:1:103205717]><>" slayed "Rimuru Temfest<9><[U:1:76700589]><>"
L 04/25/2016 - 22:13:14: [Boss Selection.smx] 이 클라이언트는 0의 대기포인트를 저장해놓은 상태.
L 04/25/2016 - 22:13:14: [Boss Selection.smx] 이 클라이언트는 0의 대기포인트를 저장해놓은 상태.
L 04/25/2016 - 22:13:14: [boss_selection.smx] 이 클라이언트는 0의 대기포인트를 저장해놓은 상태.
L 04/25/2016 - 22:13:14: [boss_selection.smx] 이 클라이언트는 0의 대기포인트를 저장해놓은 상태.
L 04/25/2016 - 22:20:23: [playercommands.smx] "Nopied◎<3><[U:1:103205717]><>" slayed "Nopied◎<3><[U:1:103205717]><>"
L 04/25/2016 - 22:20:47: [basecommands.smx] "Nopied◎<3><[U:1:103205717]><>" changed map to "arena_badlands"
L 04/25/2016 - 22:20:50: [SM] Changed map to "arena_badlands"
L 04/25/2016 - 22:20:52: -------- Mapchange to arena_badlands --------
L 04/25/2016 - 22:20:58: [boss_selection.smx] [FF2boss] Added chat command: ff2boss
L 04/25/2016 - 22:20:58: [boss_selection.smx] [FF2boss] Added chat command: boss
L 04/25/2016 - 22:20:58: [boss_selection.smx] [FF2boss] Added chat command: 보스
L 04/25/2016 - 22:20:58: [boss_selection.smx] [FF2boss] Added chat command: 보스선택
L 04/25/2016 - 22:32:49: [playercommands.smx] "Nopied◎<3><[U:1:103205717]><>" slayed "GO mediseun<5><[U:1:61271689]><>"
L 04/25/2016 - 22:44:16: [boss_selection.smx] 이 클라이언트는 0의 대기포인트를 저장해놓은 상태.
L 04/25/2016 - 22:46:12: [playercommands.smx] "Nopied◎<3><[U:1:103205717]><>" slayed "[KOR]dwgwjw1024[PFBT]<11><[U:1:159644927]><>"
L 04/25/2016 - 22:47:13: [boss_selection.smx] 이 클라이언트는 0의 대기포인트를 저장해놓은 상태.
L 04/25/2016 - 22:49:23: [boss_selection.smx] 이 클라이언트는 0의 대기포인트를 저장해놓은 상태.
L 04/25/2016 - 22:51:45: [boss_selection.smx] 이 클라이언트는 0의 대기포인트를 저장해놓은 상태.
L 04/25/2016 - 22:51:47: [playercommands.smx] "Nopied◎<3><[U:1:103205717]><>" slayed "-҉҉҉҉҉o҉҉҉҉҉-<4><[U:1:40881577]><>"
L 04/25/2016 - 22:52:48: [funcommands.smx] "Nopied◎<3><[U:1:103205717]><>" ignited "[KOR]dwgwjw1024[PFBT]<11><[U:1:159644927]><>" (seconds "20.000000")
L 04/25/2016 - 22:53:14: [funcommands.smx] "Nopied◎<3><[U:1:103205717]><>" set a FireBomb on "[KOR]dwgwjw1024[PFBT]<11><[U:1:159644927]><>"
L 04/25/2016 - 22:53:48: [funcommands.smx] "Nopied◎<3><[U:1:103205717]><>" set gravity on "[KOR]dwgwjw1024[PFBT]<11><[U:1:159644927]><>" to 0.100000.
L 04/25/2016 - 22:54:08: [funcommands.smx] "Nopied◎<3><[U:1:103205717]><>" set gravity on "[KOR]dwgwjw1024[PFBT]<11><[U:1:159644927]><>" to 1.000000.
L 04/25/2016 - 22:54:19: [funcommands.smx] "Nopied◎<3><[U:1:103205717]><>" set blind on "[KOR]dwgwjw1024[PFBT]<11><[U:1:159644927]><>", amount 240.
L 04/25/2016 - 22:54:27: [funcommands.smx] "Nopied◎<3><[U:1:103205717]><>" set blind on "[KOR]dwgwjw1024[PFBT]<11><[U:1:159644927]><>", amount 0.
L 04/25/2016 - 22:54:34: [funcommands.smx] "Nopied◎<3><[U:1:103205717]><>" froze "[KOR]dwgwjw1024[PFBT]<11><[U:1:159644927]><>"
L 04/25/2016 - 22:54:34: [funcommands.smx] "Nopied◎<3><[U:1:103205717]><>" froze "[KOR]dwgwjw1024[PFBT]<11><[U:1:159644927]><>"
L 04/25/2016 - 22:54:35: [funcommands.smx] "Nopied◎<3><[U:1:103205717]><>" froze "[KOR]dwgwjw1024[PFBT]<11><[U:1:159644927]><>"
L 04/25/2016 - 22:54:35: [funcommands.smx] "Nopied◎<3><[U:1:103205717]><>" froze "[KOR]dwgwjw1024[PFBT]<11><[U:1:159644927]><>"
L 04/25/2016 - 22:54:35: [funcommands.smx] "Nopied◎<3><[U:1:103205717]><>" froze "[KOR]dwgwjw1024[PFBT]<11><[U:1:159644927]><>"
L 04/25/2016 - 22:54:35: [funcommands.smx] "Nopied◎<3><[U:1:103205717]><>" froze "[KOR]dwgwjw1024[PFBT]<11><[U:1:159644927]><>"
L 04/25/2016 - 22:54:36: [funcommands.smx] "Nopied◎<3><[U:1:103205717]><>" froze "[KOR]dwgwjw1024[PFBT]<11><[U:1:159644927]><>"
L 04/25/2016 - 22:54:36: [funcommands.smx] "Nopied◎<3><[U:1:103205717]><>" froze "[KOR]dwgwjw1024[PFBT]<11><[U:1:159644927]><>"
L 04/25/2016 - 22:55:01: [funcommands.smx] "Nopied◎<3><[U:1:103205717]><>" toggled noclip on "[KOR]dwgwjw1024[PFBT]<11><[U:1:159644927]><>"
L 04/25/2016 - 22:55:02: [funcommands.smx] "Nopied◎<3><[U:1:103205717]><>" toggled noclip on "Mann Co.<19><BOT><>"
L 04/25/2016 - 22:55:04: [funcommands.smx] "Nopied◎<3><[U:1:103205717]><>" toggled noclip on "[KOR]dwgwjw1024[PFBT]<11><[U:1:159644927]><>"
L 04/25/2016 - 22:55:42: [funcommands.smx] "Nopied◎<3><[U:1:103205717]><>" froze "[KOR]dwgwjw1024[PFBT]<11><[U:1:159644927]><>"
L 04/25/2016 - 22:55:43: [funcommands.smx] "Nopied◎<3><[U:1:103205717]><>" froze "[KOR]dwgwjw1024[PFBT]<11><[U:1:159644927]><>"
L 04/25/2016 - 22:55:48: [funcommands.smx] "Nopied◎<3><[U:1:103205717]><>" froze "[KOR]dwgwjw1024[PFBT]<11><[U:1:159644927]><>"
L 04/25/2016 - 22:55:49: [funcommands.smx] "Nopied◎<3><[U:1:103205717]><>" froze "[KOR]dwgwjw1024[PFBT]<11><[U:1:159644927]><>"
L 04/25/2016 - 22:55:57: [boss_selection.smx] 이 클라이언트는 0의 대기포인트를 저장해놓은 상태.
L 04/25/2016 - 22:56:49: [funcommands.smx] "Nopied◎<3><[U:1:103205717]><>" set a TimeBomb on "Nopied◎<3><[U:1:103205717]><>"
L 04/25/2016 - 22:57:16: [funcommands.smx] "Nopied◎<3><[U:1:103205717]><>" set a TimeBomb on "Nopied◎<3><[U:1:103205717]><>"
L 04/25/2016 - 22:57:17: [funcommands.smx] "Nopied◎<3><[U:1:103205717]><>" set a TimeBomb on "Rimuru Temfest<9><[U:1:76700589]><>"
L 04/25/2016 - 22:57:20: [funcommands.smx] "Nopied◎<3><[U:1:103205717]><>" set a TimeBomb on "-҉҉҉҉҉o҉҉҉҉҉-<4><[U:1:40881577]><>"
L 04/25/2016 - 22:57:25: [funcommands.smx] "Nopied◎<3><[U:1:103205717]><>" removed a TimeBomb on "Rimuru Temfest<9><[U:1:76700589]><>"
L 04/25/2016 - 22:57:25: [funcommands.smx] "Nopied◎<3><[U:1:103205717]><>" removed a TimeBomb on "-҉҉҉҉҉o҉҉҉҉҉-<4><[U:1:40881577]><>"
L 04/25/2016 - 22:57:26: [funcommands.smx] "Nopied◎<3><[U:1:103205717]><>" set a TimeBomb on "Rimuru Temfest<9><[U:1:76700589]><>"
L 04/25/2016 - 22:57:27: [funcommands.smx] "Nopied◎<3><[U:1:103205717]><>" set a TimeBomb on "-҉҉҉҉҉o҉҉҉҉҉-<4><[U:1:40881577]><>"
L 04/25/2016 - 22:57:30: [funcommands.smx] "Nopied◎<3><[U:1:103205717]><>" set a TimeBomb on "Rimuru Temfest<9><[U:1:76700589]><>"
L 04/25/2016 - 22:57:31: [funcommands.smx] "Nopied◎<3><[U:1:103205717]><>" removed a TimeBomb on "Rimuru Temfest<9><[U:1:76700589]><>"
L 04/25/2016 - 22:57:32: [boss_selection.smx] 이 클라이언트는 0의 대기포인트를 저장해놓은 상태.
L 04/25/2016 - 22:57:32: [funcommands.smx] "Nopied◎<3><[U:1:103205717]><>" set a TimeBomb on "Rimuru Temfest<9><[U:1:76700589]><>"
L 04/25/2016 - 22:57:33: [funcommands.smx] "Nopied◎<3><[U:1:103205717]><>" removed a TimeBomb on "Rimuru Temfest<9><[U:1:76700589]><>"
L 04/25/2016 - 22:57:33: [funcommands.smx] "Nopied◎<3><[U:1:103205717]><>" set a TimeBomb on "Rimuru Temfest<9><[U:1:76700589]><>"
L 04/25/2016 - 22:57:33: [funcommands.smx] "Nopied◎<3><[U:1:103205717]><>" removed a TimeBomb on "Rimuru Temfest<9><[U:1:76700589]><>"
L 04/25/2016 - 22:57:33: [funcommands.smx] "Nopied◎<3><[U:1:103205717]><>" set a TimeBomb on "Rimuru Temfest<9><[U:1:76700589]><>"
L 04/25/2016 - 22:57:33: [funcommands.smx] "Nopied◎<3><[U:1:103205717]><>" set a TimeBomb on "Rimuru Temfest<9><[U:1:76700589]><>"
L 04/25/2016 - 22:57:34: [funcommands.smx] "Nopied◎<3><[U:1:103205717]><>" removed a TimeBomb on "Rimuru Temfest<9><[U:1:76700589]><>"
L 04/25/2016 - 22:57:34: [funcommands.smx] "Nopied◎<3><[U:1:103205717]><>" set a TimeBomb on "Rimuru Temfest<9><[U:1:76700589]><>"
L 04/25/2016 - 22:57:34: [funcommands.smx] "Nopied◎<3><[U:1:103205717]><>" set a TimeBomb on "Rimuru Temfest<9><[U:1:76700589]><>"
L 04/25/2016 - 22:57:54: [SM] Changed map to "koth_nucleus"
L 04/25/2016 - 22:57:56: -------- Mapchange to koth_nucleus --------
L 04/25/2016 - 22:58:00: [boss_selection.smx] [FF2boss] Added chat command: ff2boss
L 04/25/2016 - 22:58:00: [boss_selection.smx] [FF2boss] Added chat command: boss
L 04/25/2016 - 22:58:00: [boss_selection.smx] [FF2boss] Added chat command: 보스
L 04/25/2016 - 22:58:00: [boss_selection.smx] [FF2boss] Added chat command: 보스선택
L 04/25/2016 - 22:58:05: Log file closed.
