L 05/05/2016 - 17:53:16: SourceMod log file session started (file "L20160505.log") (Version "1.7.3-dev+5298")
L 05/05/2016 - 17:53:16: -------- Mapchange to vsh_apg_v2 --------
L 05/05/2016 - 17:53:17: [TF2ITEMS] "GiveNamedItem" offset = 472
L 05/05/2016 - 17:53:19: [boss_selection.smx] [FF2boss] Added chat command: ff2boss
L 05/05/2016 - 17:53:19: [boss_selection.smx] [FF2boss] Added chat command: boss
L 05/05/2016 - 17:53:19: [boss_selection.smx] [FF2boss] Added chat command: 보스
L 05/05/2016 - 17:53:19: [boss_selection.smx] [FF2boss] Added chat command: 보스선택
L 05/05/2016 - 17:53:19: [custompart.smx] Debug for CustomPart
L 05/05/2016 - 17:53:19: [freak_fortress_2.smx] ===Freak Fortress 2 Initializing-v1.10.9 Beta (build manual)===
L 05/05/2016 - 17:53:32: [boss_selection.smx] [FF2boss] Added chat command: ff2boss
L 05/05/2016 - 17:53:32: [boss_selection.smx] [FF2boss] Added chat command: boss
L 05/05/2016 - 17:53:32: [boss_selection.smx] [FF2boss] Added chat command: 보스
L 05/05/2016 - 17:53:32: [boss_selection.smx] [FF2boss] Added chat command: 보스선택
L 05/05/2016 - 17:53:43: [fuckingloser.smx] 라운드 시작.
L 05/05/2016 - 17:53:51: [boss_selection.smx] -1
L 05/05/2016 - 17:55:38: [fuckingloser.smx] 라운드 시작.
L 05/05/2016 - 17:56:41: [boss_selection.smx] 이 클라이언트는 0의 대기포인트를 저장해놓은 상태.
L 05/05/2016 - 17:56:53: [fuckingloser.smx] 라운드 시작.
L 05/05/2016 - 17:58:31: [fuckingloser.smx] 라운드 시작.
L 05/05/2016 - 17:58:48: [playercommands.smx] "Nopied◎<2><[U:1:103205717]><>" slayed "Nopied◎<2><[U:1:103205717]><>"
L 05/05/2016 - 17:58:52: [boss_selection.smx] 이 클라이언트는 0의 대기포인트를 저장해놓은 상태.
L 05/05/2016 - 17:59:04: [fuckingloser.smx] 라운드 시작.
L 05/05/2016 - 18:01:26: [fuckingloser.smx] 라운드 시작.
L 05/05/2016 - 18:02:46: [fuckingloser.smx] 라운드 시작.
L 05/05/2016 - 18:04:49: [boss_selection.smx] 이 클라이언트는 0의 대기포인트를 저장해놓은 상태.
L 05/05/2016 - 18:05:01: [fuckingloser.smx] 라운드 시작.
L 05/05/2016 - 18:06:08: [fuckingloser.smx] 라운드 시작.
L 05/05/2016 - 18:07:22: [fuckingloser.smx] 라운드 시작.
L 05/05/2016 - 18:07:22: [fuckingloser.smx] 라운드 시작.
L 05/05/2016 - 18:09:27: [boss_selection.smx] 이 클라이언트는 0의 대기포인트를 저장해놓은 상태.
L 05/05/2016 - 18:09:39: [fuckingloser.smx] 라운드 시작.
L 05/05/2016 - 18:26:54: Log file closed.
L 05/05/2016 - 19:50:21: SourceMod log file session started (file "L20160505.log") (Version "1.7.3-dev+5298")
L 05/05/2016 - 19:50:21: -------- Mapchange to vsh_apg_v2 --------
L 05/05/2016 - 19:50:21: [TF2ITEMS] "GiveNamedItem" offset = 472
L 05/05/2016 - 19:50:23: [boss_selection.smx] [FF2boss] Added chat command: ff2boss
L 05/05/2016 - 19:50:23: [boss_selection.smx] [FF2boss] Added chat command: boss
L 05/05/2016 - 19:50:23: [boss_selection.smx] [FF2boss] Added chat command: 보스
L 05/05/2016 - 19:50:23: [boss_selection.smx] [FF2boss] Added chat command: 보스선택
L 05/05/2016 - 19:50:23: [custompart.smx] Debug for CustomPart
L 05/05/2016 - 19:50:23: [freak_fortress_2.smx] ===Freak Fortress 2 Initializing-v1.10.9 Beta (build manual)===
L 05/05/2016 - 19:50:38: [boss_selection.smx] [FF2boss] Added chat command: ff2boss
L 05/05/2016 - 19:50:38: [boss_selection.smx] [FF2boss] Added chat command: boss
L 05/05/2016 - 19:50:38: [boss_selection.smx] [FF2boss] Added chat command: 보스
L 05/05/2016 - 19:50:38: [boss_selection.smx] [FF2boss] Added chat command: 보스선택
L 05/05/2016 - 19:50:53: [fuckingloser.smx] 라운드 시작.
L 05/05/2016 - 19:50:59: [boss_selection.smx] -1
L 05/05/2016 - 19:52:20: [boss_selection.smx] -1
L 05/05/2016 - 19:52:44: [fuckingloser.smx] 라운드 시작.
L 05/05/2016 - 19:53:18: [playercommands.smx] "Nopied◎<2><[U:1:103205717]><>" slayed "Nopied◎<2><[U:1:103205717]><>"
L 05/05/2016 - 19:53:33: [fuckingloser.smx] 라운드 시작.
L 05/05/2016 - 19:57:15: [boss_selection.smx] 이 클라이언트는 0의 대기포인트를 저장해놓은 상태.
L 05/05/2016 - 19:57:27: [fuckingloser.smx] 라운드 시작.
L 05/05/2016 - 19:58:25: [boss_selection.smx] 이 클라이언트는 0의 대기포인트를 저장해놓은 상태.
L 05/05/2016 - 19:58:37: [fuckingloser.smx] 라운드 시작.
L 05/05/2016 - 19:59:06: Log file closed.
L 05/05/2016 - 19:59:26: SourceMod log file session started (file "L20160505.log") (Version "1.7.3-dev+5298")
L 05/05/2016 - 19:59:26: -------- Mapchange to vsh_apg_v2 --------
L 05/05/2016 - 19:59:26: [TF2ITEMS] "GiveNamedItem" offset = 472
L 05/05/2016 - 19:59:27: [boss_selection.smx] [FF2boss] Added chat command: ff2boss
L 05/05/2016 - 19:59:27: [boss_selection.smx] [FF2boss] Added chat command: boss
L 05/05/2016 - 19:59:27: [boss_selection.smx] [FF2boss] Added chat command: 보스
L 05/05/2016 - 19:59:27: [boss_selection.smx] [FF2boss] Added chat command: 보스선택
L 05/05/2016 - 19:59:27: [custompart.smx] Debug for CustomPart
L 05/05/2016 - 19:59:27: [freak_fortress_2.smx] ===Freak Fortress 2 Initializing-v1.10.9 Beta (build manual)===
L 05/05/2016 - 19:59:38: [boss_selection.smx] [FF2boss] Added chat command: ff2boss
L 05/05/2016 - 19:59:38: [boss_selection.smx] [FF2boss] Added chat command: boss
L 05/05/2016 - 19:59:38: [boss_selection.smx] [FF2boss] Added chat command: 보스
L 05/05/2016 - 19:59:38: [boss_selection.smx] [FF2boss] Added chat command: 보스선택
L 05/05/2016 - 19:59:49: [fuckingloser.smx] 라운드 시작.
L 05/05/2016 - 19:59:53: [boss_selection.smx] -1
L 05/05/2016 - 20:01:42: [fuckingloser.smx] 라운드 시작.
L 05/05/2016 - 20:08:07: [fuckingloser.smx] 라운드 시작.
L 05/05/2016 - 20:10:20: [fuckingloser.smx] 라운드 시작.
L 05/05/2016 - 20:10:37: Log file closed.
L 05/05/2016 - 20:10:47: SourceMod log file session started (file "L20160505.log") (Version "1.7.3-dev+5298")
L 05/05/2016 - 20:10:47: -------- Mapchange to vsh_apg_v2 --------
L 05/05/2016 - 20:10:47: [TF2ITEMS] "GiveNamedItem" offset = 472
L 05/05/2016 - 20:10:47: [boss_selection.smx] [FF2boss] Added chat command: ff2boss
L 05/05/2016 - 20:10:47: [boss_selection.smx] [FF2boss] Added chat command: boss
L 05/05/2016 - 20:10:47: [boss_selection.smx] [FF2boss] Added chat command: 보스
L 05/05/2016 - 20:10:47: [boss_selection.smx] [FF2boss] Added chat command: 보스선택
L 05/05/2016 - 20:10:47: [custompart.smx] Debug for CustomPart
L 05/05/2016 - 20:10:47: [freak_fortress_2.smx] ===Freak Fortress 2 Initializing-v1.10.9 Beta (build manual)===
L 05/05/2016 - 20:10:59: [boss_selection.smx] [FF2boss] Added chat command: ff2boss
L 05/05/2016 - 20:10:59: [boss_selection.smx] [FF2boss] Added chat command: boss
L 05/05/2016 - 20:10:59: [boss_selection.smx] [FF2boss] Added chat command: 보스
L 05/05/2016 - 20:10:59: [boss_selection.smx] [FF2boss] Added chat command: 보스선택
L 05/05/2016 - 20:11:00: [fuckingloser.smx] 라운드 시작.
L 05/05/2016 - 20:11:06: [boss_selection.smx] -1
L 05/05/2016 - 20:13:02: [fuckingloser.smx] 라운드 시작.
L 05/05/2016 - 20:15:09: [boss_selection.smx] 
L 05/05/2016 - 20:16:42: [playercommands.smx] "Nopied◎<4><[U:1:103205717]><>" slayed "Nopied◎<4><[U:1:103205717]><>"
L 05/05/2016 - 20:16:57: [fuckingloser.smx] 라운드 시작.
L 05/05/2016 - 20:19:51: [boss_selection.smx] 이 클라이언트는 0의 대기포인트를 저장해놓은 상태.
L 05/05/2016 - 20:20:03: [fuckingloser.smx] 라운드 시작.
L 05/05/2016 - 20:22:18: [fuckingloser.smx] 라운드 시작.
L 05/05/2016 - 20:23:35: [fuckingloser.smx] 라운드 시작.
L 05/05/2016 - 20:26:49: [fuckingloser.smx] 라운드 시작.
L 05/05/2016 - 20:27:25: [fuckingloser.smx] 라운드 시작.
L 05/05/2016 - 20:29:07: [fuckingloser.smx] 라운드 시작.
L 05/05/2016 - 20:29:07: [fuckingloser.smx] 라운드 시작.
L 05/05/2016 - 20:30:24: [playercommands.smx] "Nopied◎<4><[U:1:103205717]><>" slayed "Nopied◎<4><[U:1:103205717]><>"
L 05/05/2016 - 20:30:27: [boss_selection.smx] 이 클라이언트는 0의 대기포인트를 저장해놓은 상태.
L 05/05/2016 - 20:30:39: [fuckingloser.smx] 라운드 시작.
L 05/05/2016 - 20:33:28: [fuckingloser.smx] 라운드 시작.
L 05/05/2016 - 20:33:46: Log file closed.
