L 05/29/2016 - 12:47:57: SourceMod log file session started (file "L20160529.log") (Version "1.7.3-dev+5298")
L 05/29/2016 - 12:47:57: -------- Mapchange to vsh_apg_v2 --------
L 05/29/2016 - 12:47:57: [TF2ITEMS] "GiveNamedItem" offset = 472
L 05/29/2016 - 12:48:00: [boss_selection.smx] [FF2boss] Added chat command: ff2boss
L 05/29/2016 - 12:48:00: [boss_selection.smx] [FF2boss] Added chat command: boss
L 05/29/2016 - 12:48:00: [boss_selection.smx] [FF2boss] Added chat command: 보스
L 05/29/2016 - 12:48:00: [boss_selection.smx] [FF2boss] Added chat command: 보스선택
L 05/29/2016 - 12:48:00: [custompart.smx] Debug for CustomPart
L 05/29/2016 - 12:48:00: [freak_fortress_2.smx] ===Freak Fortress 2 Initializing-v1.10.10 Beta===
L 05/29/2016 - 12:48:14: [boss_selection.smx] [FF2boss] Added chat command: ff2boss
L 05/29/2016 - 12:48:14: [boss_selection.smx] [FF2boss] Added chat command: boss
L 05/29/2016 - 12:48:14: [boss_selection.smx] [FF2boss] Added chat command: 보스
L 05/29/2016 - 12:48:14: [boss_selection.smx] [FF2boss] Added chat command: 보스선택
L 05/29/2016 - 12:48:14: [UPDATER] Successfully updated gamedata file "sdktools.games/engine.insurgency.txt"
L 05/29/2016 - 12:48:14: [UPDATER] SourceMod has been updated, please reload it or restart your server.
L 05/29/2016 - 12:53:36: -------- Mapchange to arena_badlands --------
L 05/29/2016 - 12:53:42: [boss_selection.smx] [FF2boss] Added chat command: ff2boss
L 05/29/2016 - 12:53:42: [boss_selection.smx] [FF2boss] Added chat command: boss
L 05/29/2016 - 12:53:42: [boss_selection.smx] [FF2boss] Added chat command: 보스
L 05/29/2016 - 12:53:42: [boss_selection.smx] [FF2boss] Added chat command: 보스선택
L 05/29/2016 - 12:56:50: [playercommands.smx] "Nopied◎<2><[U:1:103205717]><>" slayed "Nopied◎<2><[U:1:103205717]><>"
L 05/29/2016 - 12:56:55: [freak_fortress_2.smx] "Nopied◎<2><[U:1:103205717]><>" added 123 queue points to "Nopied◎<2><[U:1:103205717]><>"
L 05/29/2016 - 12:59:30: Log file closed.
L 05/29/2016 - 13:01:11: SourceMod log file session started (file "L20160529.log") (Version "1.7.3-dev+5298")
L 05/29/2016 - 13:01:11: -------- Mapchange to vsh_apg_v2 --------
L 05/29/2016 - 13:01:11: [TF2ITEMS] "GiveNamedItem" offset = 472
L 05/29/2016 - 13:01:12: [boss_selection.smx] [FF2boss] Added chat command: ff2boss
L 05/29/2016 - 13:01:12: [boss_selection.smx] [FF2boss] Added chat command: boss
L 05/29/2016 - 13:01:12: [boss_selection.smx] [FF2boss] Added chat command: 보스
L 05/29/2016 - 13:01:12: [boss_selection.smx] [FF2boss] Added chat command: 보스선택
L 05/29/2016 - 13:01:12: [custompart.smx] Debug for CustomPart
L 05/29/2016 - 13:01:12: [freak_fortress_2.smx] ===Freak Fortress 2 Initializing-v1.10.10 Beta===
L 05/29/2016 - 13:01:23: [boss_selection.smx] [FF2boss] Added chat command: ff2boss
L 05/29/2016 - 13:01:23: [boss_selection.smx] [FF2boss] Added chat command: boss
L 05/29/2016 - 13:01:23: [boss_selection.smx] [FF2boss] Added chat command: 보스
L 05/29/2016 - 13:01:23: [boss_selection.smx] [FF2boss] Added chat command: 보스선택
L 05/29/2016 - 13:03:37: [playercommands.smx] "Nopied◎<2><[U:1:103205717]><>" slayed "Nopied◎<2><[U:1:103205717]><>"
L 05/29/2016 - 13:03:37: [playercommands.smx] "Nopied◎<2><[U:1:103205717]><>" slayed "Gentlemanne of Leisure<3><BOT><>"
L 05/29/2016 - 13:03:37: [playercommands.smx] "Nopied◎<2><[U:1:103205717]><>" slayed "Companion Cube<4><BOT><>"
L 05/29/2016 - 13:03:37: [playercommands.smx] "Nopied◎<2><[U:1:103205717]><>" slayed "Target Practice<5><BOT><>"
L 05/29/2016 - 13:03:37: [playercommands.smx] "Nopied◎<2><[U:1:103205717]><>" slayed "One-Man Cheeseburger Apocalypse<6><BOT><>"
L 05/29/2016 - 13:03:37: [playercommands.smx] "Nopied◎<2><[U:1:103205717]><>" slayed "Crowbar<7><BOT><>"
L 05/29/2016 - 13:03:37: [playercommands.smx] "Nopied◎<2><[U:1:103205717]><>" slayed "Delicious Cake<8><BOT><>"
L 05/29/2016 - 13:03:37: [playercommands.smx] "Nopied◎<2><[U:1:103205717]><>" slayed "IvanTheSpaceBiker<9><BOT><>"
L 05/29/2016 - 13:03:37: [playercommands.smx] "Nopied◎<2><[U:1:103205717]><>" slayed "I LIVE!<10><BOT><>"
L 05/29/2016 - 13:03:37: [playercommands.smx] "Nopied◎<2><[U:1:103205717]><>" slayed "Cannon Fodder<11><BOT><>"
L 05/29/2016 - 13:03:37: [playercommands.smx] "Nopied◎<2><[U:1:103205717]><>" slayed "trigger_hurt<12><BOT><>"
L 05/29/2016 - 13:14:51: [playercommands.smx] "Nopied◎<15><[U:1:103205717]><>" slayed "Divide by Zero<16><BOT><>"
L 05/29/2016 - 13:14:51: [playercommands.smx] "Nopied◎<15><[U:1:103205717]><>" slayed "MoreGun<17><BOT><>"
L 05/29/2016 - 13:14:51: [playercommands.smx] "Nopied◎<15><[U:1:103205717]><>" slayed "Big Mean Muther Hubbard<18><BOT><>"
L 05/29/2016 - 13:14:51: [playercommands.smx] "Nopied◎<15><[U:1:103205717]><>" slayed "Crazed Gunman<19><BOT><>"
L 05/29/2016 - 13:14:51: [playercommands.smx] "Nopied◎<15><[U:1:103205717]><>" slayed "Poopy Joe<20><BOT><>"
L 05/29/2016 - 13:14:51: [playercommands.smx] "Nopied◎<15><[U:1:103205717]><>" slayed "Freakin' Unbelievable<21><BOT><>"
L 05/29/2016 - 13:14:51: [playercommands.smx] "Nopied◎<15><[U:1:103205717]><>" slayed "The Administrator<22><BOT><>"
L 05/29/2016 - 13:14:51: [playercommands.smx] "Nopied◎<15><[U:1:103205717]><>" slayed "Archimedes!<23><BOT><>"
L 05/29/2016 - 13:14:51: [playercommands.smx] "Nopied◎<15><[U:1:103205717]><>" slayed "It's Filthy in There!<24><BOT><>"
L 05/29/2016 - 13:14:51: [playercommands.smx] "Nopied◎<15><[U:1:103205717]><>" slayed "Kill Me<25><BOT><>"
L 05/29/2016 - 13:16:15: [playercommands.smx] "Nopied◎<15><[U:1:103205717]><>" slayed "Nopied◎<15><[U:1:103205717]><>"
L 05/29/2016 - 13:16:15: [playercommands.smx] "Nopied◎<15><[U:1:103205717]><>" slayed "Divide by Zero<16><BOT><>"
L 05/29/2016 - 13:16:15: [playercommands.smx] "Nopied◎<15><[U:1:103205717]><>" slayed "MoreGun<17><BOT><>"
L 05/29/2016 - 13:16:15: [playercommands.smx] "Nopied◎<15><[U:1:103205717]><>" slayed "Big Mean Muther Hubbard<18><BOT><>"
L 05/29/2016 - 13:16:15: [playercommands.smx] "Nopied◎<15><[U:1:103205717]><>" slayed "Crazed Gunman<19><BOT><>"
L 05/29/2016 - 13:16:15: [playercommands.smx] "Nopied◎<15><[U:1:103205717]><>" slayed "Poopy Joe<20><BOT><>"
L 05/29/2016 - 13:16:15: [playercommands.smx] "Nopied◎<15><[U:1:103205717]><>" slayed "Freakin' Unbelievable<21><BOT><>"
L 05/29/2016 - 13:16:15: [playercommands.smx] "Nopied◎<15><[U:1:103205717]><>" slayed "The Administrator<22><BOT><>"
L 05/29/2016 - 13:16:15: [playercommands.smx] "Nopied◎<15><[U:1:103205717]><>" slayed "Archimedes!<23><BOT><>"
L 05/29/2016 - 13:16:15: [playercommands.smx] "Nopied◎<15><[U:1:103205717]><>" slayed "It's Filthy in There!<24><BOT><>"
L 05/29/2016 - 13:16:15: [playercommands.smx] "Nopied◎<15><[U:1:103205717]><>" slayed "Kill Me<25><BOT><>"
L 05/29/2016 - 13:26:24: Log file closed.
L 05/29/2016 - 13:26:38: SourceMod log file session started (file "L20160529.log") (Version "1.7.3-dev+5298")
L 05/29/2016 - 13:26:38: -------- Mapchange to vsh_apg_v2 --------
L 05/29/2016 - 13:26:38: [TF2ITEMS] "GiveNamedItem" offset = 472
L 05/29/2016 - 13:26:38: [boss_selection.smx] [FF2boss] Added chat command: ff2boss
L 05/29/2016 - 13:26:38: [boss_selection.smx] [FF2boss] Added chat command: boss
L 05/29/2016 - 13:26:38: [boss_selection.smx] [FF2boss] Added chat command: 보스
L 05/29/2016 - 13:26:38: [boss_selection.smx] [FF2boss] Added chat command: 보스선택
L 05/29/2016 - 13:26:38: [custompart.smx] Debug for CustomPart
L 05/29/2016 - 13:26:38: [freak_fortress_2.smx] ===Freak Fortress 2 Initializing-v1.10.10 Beta===
L 05/29/2016 - 13:26:50: [boss_selection.smx] [FF2boss] Added chat command: ff2boss
L 05/29/2016 - 13:26:50: [boss_selection.smx] [FF2boss] Added chat command: boss
L 05/29/2016 - 13:26:50: [boss_selection.smx] [FF2boss] Added chat command: 보스
L 05/29/2016 - 13:26:50: [boss_selection.smx] [FF2boss] Added chat command: 보스선택
L 05/29/2016 - 13:27:37: [freak_fortress_2.smx] "Nopied◎<2><[U:1:103205717]><>" added 123 queue points to "Nopied◎<2><[U:1:103205717]><>"
L 05/29/2016 - 13:32:39: Log file closed.
L 05/29/2016 - 20:15:32: SourceMod log file session started (file "L20160529.log") (Version "1.7.3-dev+5298")
L 05/29/2016 - 20:15:32: -------- Mapchange to vsh_apg_v2 --------
L 05/29/2016 - 20:15:32: [TF2ITEMS] "GiveNamedItem" offset = 472
L 05/29/2016 - 20:15:34: [boss_selection.smx] [FF2boss] Added chat command: ff2boss
L 05/29/2016 - 20:15:34: [boss_selection.smx] [FF2boss] Added chat command: boss
L 05/29/2016 - 20:15:34: [boss_selection.smx] [FF2boss] Added chat command: 보스
L 05/29/2016 - 20:15:34: [boss_selection.smx] [FF2boss] Added chat command: 보스선택
L 05/29/2016 - 20:15:34: [custompart.smx] Debug for CustomPart
L 05/29/2016 - 20:15:34: [freak_fortress_2.smx] ===Freak Fortress 2 Initializing-v1.10.10 Beta===
L 05/29/2016 - 20:15:48: [boss_selection.smx] [FF2boss] Added chat command: ff2boss
L 05/29/2016 - 20:15:48: [boss_selection.smx] [FF2boss] Added chat command: boss
L 05/29/2016 - 20:15:48: [boss_selection.smx] [FF2boss] Added chat command: 보스
L 05/29/2016 - 20:15:48: [boss_selection.smx] [FF2boss] Added chat command: 보스선택
L 05/29/2016 - 20:19:39: Log file closed.
L 05/29/2016 - 20:19:52: SourceMod log file session started (file "L20160529.log") (Version "1.7.3-dev+5298")
L 05/29/2016 - 20:19:52: -------- Mapchange to vsh_apg_v2 --------
L 05/29/2016 - 20:19:52: [TF2ITEMS] "GiveNamedItem" offset = 472
L 05/29/2016 - 20:19:53: [boss_selection.smx] [FF2boss] Added chat command: ff2boss
L 05/29/2016 - 20:19:53: [boss_selection.smx] [FF2boss] Added chat command: boss
L 05/29/2016 - 20:19:53: [boss_selection.smx] [FF2boss] Added chat command: 보스
L 05/29/2016 - 20:19:53: [boss_selection.smx] [FF2boss] Added chat command: 보스선택
L 05/29/2016 - 20:19:53: [custompart.smx] Debug for CustomPart
L 05/29/2016 - 20:19:53: [freak_fortress_2.smx] ===Freak Fortress 2 Initializing-v1.10.10 Beta===
L 05/29/2016 - 20:20:04: [boss_selection.smx] [FF2boss] Added chat command: ff2boss
L 05/29/2016 - 20:20:04: [boss_selection.smx] [FF2boss] Added chat command: boss
L 05/29/2016 - 20:20:04: [boss_selection.smx] [FF2boss] Added chat command: 보스
L 05/29/2016 - 20:20:04: [boss_selection.smx] [FF2boss] Added chat command: 보스선택
L 05/29/2016 - 20:22:18: [playercommands.smx] "Nopied◎<2><[U:1:103205717]><>" slayed "Companion Cube<4><BOT><>"
L 05/29/2016 - 20:26:42: [playercommands.smx] "Nopied◎<2><[U:1:103205717]><>" slayed "Nopied◎<2><[U:1:103205717]><>"
L 05/29/2016 - 20:27:07: [freaks\halloween_2014.ff2] Selected 2 by Key: special_greyalien
L 05/29/2016 - 20:32:30: Log file closed.
L 05/29/2016 - 20:32:42: SourceMod log file session started (file "L20160529.log") (Version "1.7.3-dev+5298")
L 05/29/2016 - 20:32:42: -------- Mapchange to vsh_apg_v2 --------
L 05/29/2016 - 20:32:42: [TF2ITEMS] "GiveNamedItem" offset = 472
L 05/29/2016 - 20:32:42: [boss_selection.smx] [FF2boss] Added chat command: ff2boss
L 05/29/2016 - 20:32:42: [boss_selection.smx] [FF2boss] Added chat command: boss
L 05/29/2016 - 20:32:42: [boss_selection.smx] [FF2boss] Added chat command: 보스
L 05/29/2016 - 20:32:42: [boss_selection.smx] [FF2boss] Added chat command: 보스선택
L 05/29/2016 - 20:32:42: [custompart.smx] Debug for CustomPart
L 05/29/2016 - 20:32:42: [freak_fortress_2.smx] ===Freak Fortress 2 Initializing-v1.10.10 Beta===
L 05/29/2016 - 20:32:53: [boss_selection.smx] [FF2boss] Added chat command: ff2boss
L 05/29/2016 - 20:32:53: [boss_selection.smx] [FF2boss] Added chat command: boss
L 05/29/2016 - 20:32:53: [boss_selection.smx] [FF2boss] Added chat command: 보스
L 05/29/2016 - 20:32:53: [boss_selection.smx] [FF2boss] Added chat command: 보스선택
L 05/29/2016 - 20:36:48: [funcommands.smx] "Nopied◎<3><[U:1:103205717]><>" set a TimeBomb on "잠옷입은깜찍이<4><[U:1:108655766]><>"
L 05/29/2016 - 20:46:41: [funcommands.smx] "Nopied◎<3><[U:1:103205717]><>" set a TimeBomb on "양심<2><[U:1:150941697]><>"
L 05/29/2016 - 20:49:38: [freak_fortress_2.smx] "Nopied◎<3><[U:1:103205717]><>" added 123 queue points to "Nopied◎<3><[U:1:103205717]><>"
L 05/29/2016 - 20:52:42: [playercommands.smx] "Nopied◎<3><[U:1:103205717]><>" slayed "Nopied◎<3><[U:1:103205717]><>"
L 05/29/2016 - 20:58:48: [freak_fortress_2.smx] "Nopied◎<3><[U:1:103205717]><>" added 123 queue points to "Nopied◎<3><[U:1:103205717]><>"
L 05/29/2016 - 20:59:03: [funcommands.smx] "Nopied◎<3><[U:1:103205717]><>" set a TimeBomb on "[F]sakldkzldxjep<6><[U:1:159644927]><>"
L 05/29/2016 - 20:59:16: [funcommands.smx] "Nopied◎<3><[U:1:103205717]><>" set a TimeBomb on "♪(*´∀｀)(작다)<5><[U:1:209760731]><>"
L 05/29/2016 - 20:59:16: [funcommands.smx] "Nopied◎<3><[U:1:103205717]><>" set a TimeBomb on "잠옷입은깜찍이<4><[U:1:108655766]><>"
L 05/29/2016 - 20:59:16: [funcommands.smx] "Nopied◎<3><[U:1:103205717]><>" set a TimeBomb on "양심<2><[U:1:150941697]><>"
L 05/29/2016 - 20:59:16: [funcommands.smx] "Nopied◎<3><[U:1:103205717]><>" removed a TimeBomb on "잠옷입은깜찍이<4><[U:1:108655766]><>"
L 05/29/2016 - 20:59:17: [funcommands.smx] "Nopied◎<3><[U:1:103205717]><>" removed a TimeBomb on "♪(*´∀｀)(작다)<5><[U:1:209760731]><>"
L 05/29/2016 - 20:59:17: [funcommands.smx] "Nopied◎<3><[U:1:103205717]><>" set a TimeBomb on "계정팜☞프로필참조<7><[U:1:171130010]><>"
L 05/29/2016 - 21:01:23: [playercommands.smx] "Nopied◎<3><[U:1:103205717]><>" slayed "Nopied◎<3><[U:1:103205717]><>"
L 05/29/2016 - 21:01:49: [playercommands.smx] "Nopied◎<3><[U:1:103205717]><>" slayed "Nopied◎<3><[U:1:103205717]><>"
L 05/29/2016 - 21:04:23: Log file closed.
L 05/29/2016 - 21:04:35: SourceMod log file session started (file "L20160529.log") (Version "1.7.3-dev+5298")
L 05/29/2016 - 21:04:35: -------- Mapchange to vsh_apg_v2 --------
L 05/29/2016 - 21:04:35: [TF2ITEMS] "GiveNamedItem" offset = 472
L 05/29/2016 - 21:04:36: [boss_selection.smx] [FF2boss] Added chat command: ff2boss
L 05/29/2016 - 21:04:36: [boss_selection.smx] [FF2boss] Added chat command: boss
L 05/29/2016 - 21:04:36: [boss_selection.smx] [FF2boss] Added chat command: 보스
L 05/29/2016 - 21:04:36: [boss_selection.smx] [FF2boss] Added chat command: 보스선택
L 05/29/2016 - 21:04:36: [custompart.smx] Debug for CustomPart
L 05/29/2016 - 21:04:36: [freak_fortress_2.smx] ===Freak Fortress 2 Initializing-v1.10.10 Beta===
L 05/29/2016 - 21:04:47: [boss_selection.smx] [FF2boss] Added chat command: ff2boss
L 05/29/2016 - 21:04:47: [boss_selection.smx] [FF2boss] Added chat command: boss
L 05/29/2016 - 21:04:47: [boss_selection.smx] [FF2boss] Added chat command: 보스
L 05/29/2016 - 21:04:47: [boss_selection.smx] [FF2boss] Added chat command: 보스선택
L 05/29/2016 - 21:06:54: [freak_fortress_2.smx] "Nopied◎<3><[U:1:103205717]><>" added 100 queue points to "Nopied◎<3><[U:1:103205717]><>"
L 05/29/2016 - 21:09:46: SourceMod log file session started (file "L20160529.log") (Version "1.7.3-dev+5298")
L 05/29/2016 - 21:09:46: -------- Mapchange to vsh_apg_v2 --------
L 05/29/2016 - 21:09:46: [TF2ITEMS] "GiveNamedItem" offset = 472
L 05/29/2016 - 21:09:46: [boss_selection.smx] [FF2boss] Added chat command: ff2boss
L 05/29/2016 - 21:09:46: [boss_selection.smx] [FF2boss] Added chat command: boss
L 05/29/2016 - 21:09:46: [boss_selection.smx] [FF2boss] Added chat command: 보스
L 05/29/2016 - 21:09:46: [boss_selection.smx] [FF2boss] Added chat command: 보스선택
L 05/29/2016 - 21:09:46: [custompart.smx] Debug for CustomPart
L 05/29/2016 - 21:09:46: [freak_fortress_2.smx] ===Freak Fortress 2 Initializing-v1.10.10 Beta===
L 05/29/2016 - 21:09:58: [boss_selection.smx] [FF2boss] Added chat command: ff2boss
L 05/29/2016 - 21:09:58: [boss_selection.smx] [FF2boss] Added chat command: boss
L 05/29/2016 - 21:09:58: [boss_selection.smx] [FF2boss] Added chat command: 보스
L 05/29/2016 - 21:09:58: [boss_selection.smx] [FF2boss] Added chat command: 보스선택
L 05/29/2016 - 21:11:28: [freak_fortress_2.smx] "Nopied◎<3><[U:1:103205717]><>" added 123 queue points to "Nopied◎<3><[U:1:103205717]><>"
L 05/29/2016 - 21:16:23: [funcommands.smx] "Nopied◎<3><[U:1:103205717]><>" set a TimeBomb on "Nopied◎<3><[U:1:103205717]><>"
L 05/29/2016 - 21:16:23: [funcommands.smx] "Nopied◎<3><[U:1:103205717]><>" set a TimeBomb on "DandA1025<4><[U:1:150941697]><>"
L 05/29/2016 - 21:16:24: [funcommands.smx] "Nopied◎<3><[U:1:103205717]><>" set a TimeBomb on "[F]sakldkzldxjep<5><[U:1:159644927]><>"
L 05/29/2016 - 21:16:36: [freak_fortress_2.smx] "Nopied◎<3><[U:1:103205717]><>" added 123 queue points to "Nopied◎<3><[U:1:103205717]><>"
L 05/29/2016 - 21:18:21: [playercommands.smx] "Nopied◎<3><[U:1:103205717]><>" slayed "Nopied◎<3><[U:1:103205717]><>"
L 05/29/2016 - 21:21:58: [funcommands.smx] "Nopied◎<3><[U:1:103205717]><>" froze "DandA1025<4><[U:1:150941697]><>"
L 05/29/2016 - 21:21:58: [funcommands.smx] "Nopied◎<3><[U:1:103205717]><>" froze "Hata no kokoro<7><[U:1:122523408]><>"
L 05/29/2016 - 21:22:12: [playercommands.smx] "Nopied◎<3><[U:1:103205717]><>" slayed "계정팜☞프로필참조<2><[U:1:171130010]><>"
L 05/29/2016 - 21:28:37: [funcommands.smx] "Nopied◎<3><[U:1:103205717]><>" set a TimeBomb on "[F]sakldkzldxjep<5><[U:1:159644927]><>"
L 05/29/2016 - 21:28:39: [funcommands.smx] "Nopied◎<3><[U:1:103205717]><>" removed a TimeBomb on "[F]sakldkzldxjep<5><[U:1:159644927]><>"
L 05/29/2016 - 21:29:26: Log file closed.
L 05/29/2016 - 21:29:47: SourceMod log file session started (file "L20160529.log") (Version "1.7.3-dev+5298")
L 05/29/2016 - 21:29:47: -------- Mapchange to vsh_apg_v2 --------
L 05/29/2016 - 21:29:47: [TF2ITEMS] "GiveNamedItem" offset = 472
L 05/29/2016 - 21:29:47: [boss_selection.smx] [FF2boss] Added chat command: ff2boss
L 05/29/2016 - 21:29:47: [boss_selection.smx] [FF2boss] Added chat command: boss
L 05/29/2016 - 21:29:47: [boss_selection.smx] [FF2boss] Added chat command: 보스
L 05/29/2016 - 21:29:47: [boss_selection.smx] [FF2boss] Added chat command: 보스선택
L 05/29/2016 - 21:29:47: [custompart.smx] Debug for CustomPart
L 05/29/2016 - 21:29:47: [freak_fortress_2.smx] ===Freak Fortress 2 Initializing-v1.10.10 Beta===
L 05/29/2016 - 21:29:58: [boss_selection.smx] [FF2boss] Added chat command: ff2boss
L 05/29/2016 - 21:29:59: [boss_selection.smx] [FF2boss] Added chat command: boss
L 05/29/2016 - 21:29:59: [boss_selection.smx] [FF2boss] Added chat command: 보스
L 05/29/2016 - 21:29:59: [boss_selection.smx] [FF2boss] Added chat command: 보스선택
L 05/29/2016 - 21:30:51: [freak_fortress_2.smx] "Nopied◎<4><[U:1:103205717]><>" added 123 queue points to "Nopied◎<4><[U:1:103205717]><>"
L 05/29/2016 - 21:34:35: [playercommands.smx] "Nopied◎<4><[U:1:103205717]><>" slayed "Nopied◎<4><[U:1:103205717]><>"
L 05/29/2016 - 21:40:47: [funcommands.smx] "Nopied◎<4><[U:1:103205717]><>" froze "♪(*´∀｀)(작다)<9><[U:1:209760731]><>"
L 05/29/2016 - 21:44:36: [freaks\halloween_2014.ff2] Selected 2 by Key: special_greyalien
L 05/29/2016 - 21:59:34: [funcommands.smx] "Nopied◎<4><[U:1:103205717]><>" set a TimeBomb on "[F]sakldkzldxjep<8><[U:1:159644927]><>"
L 05/29/2016 - 22:07:37: [basecommands.smx] "Nopied◎<4><[U:1:103205717]><>" changed map to "vsh_snowflakes_b1"
L 05/29/2016 - 22:07:40: [SM] Changed map to "vsh_snowflakes_b1"
L 05/29/2016 - 22:07:40: -------- Mapchange to vsh_snowflakes_b1 --------
L 05/29/2016 - 22:07:47: [boss_selection.smx] [FF2boss] Added chat command: ff2boss
L 05/29/2016 - 22:07:47: [boss_selection.smx] [FF2boss] Added chat command: boss
L 05/29/2016 - 22:07:47: [boss_selection.smx] [FF2boss] Added chat command: 보스
L 05/29/2016 - 22:07:47: [boss_selection.smx] [FF2boss] Added chat command: 보스선택
L 05/29/2016 - 22:31:54: Log file closed.
