L 04/29/2016 - 20:48:25: SourceMod log file session started (file "L20160429.log") (Version "1.7.3-dev+5298")
L 04/29/2016 - 20:48:25: -------- Mapchange to vsh_apg_v2 --------
L 04/29/2016 - 20:48:25: [TF2ITEMS] "GiveNamedItem" offset = 472
L 04/29/2016 - 20:48:27: [boss_selection.smx] [FF2boss] Added chat command: ff2boss
L 04/29/2016 - 20:48:27: [boss_selection.smx] [FF2boss] Added chat command: boss
L 04/29/2016 - 20:48:27: [boss_selection.smx] [FF2boss] Added chat command: 보스
L 04/29/2016 - 20:48:27: [boss_selection.smx] [FF2boss] Added chat command: 보스선택
L 04/29/2016 - 20:48:27: [custompart.smx] Debug for CustomPart
L 04/29/2016 - 20:48:27: [freak_fortress_2.smx] ===Freak Fortress 2 Initializing-v1.10.9 Beta (build manual)===
L 04/29/2016 - 20:48:40: [boss_selection.smx] [FF2boss] Added chat command: ff2boss
L 04/29/2016 - 20:48:40: [boss_selection.smx] [FF2boss] Added chat command: boss
L 04/29/2016 - 20:48:40: [boss_selection.smx] [FF2boss] Added chat command: 보스
L 04/29/2016 - 20:48:40: [boss_selection.smx] [FF2boss] Added chat command: 보스선택
L 04/29/2016 - 20:52:33: SourceMod log file session started (file "L20160429.log") (Version "1.7.3-dev+5298")
L 04/29/2016 - 20:52:33: -------- Mapchange to vsh_apg_v2 --------
L 04/29/2016 - 20:52:33: [TF2ITEMS] "GiveNamedItem" offset = 472
L 04/29/2016 - 20:52:35: [boss_selection.smx] [FF2boss] Added chat command: ff2boss
L 04/29/2016 - 20:52:35: [boss_selection.smx] [FF2boss] Added chat command: boss
L 04/29/2016 - 20:52:35: [boss_selection.smx] [FF2boss] Added chat command: 보스
L 04/29/2016 - 20:52:35: [boss_selection.smx] [FF2boss] Added chat command: 보스선택
L 04/29/2016 - 20:52:35: [custompart.smx] Debug for CustomPart
L 04/29/2016 - 20:52:35: [freak_fortress_2.smx] ===Freak Fortress 2 Initializing-v1.10.9 Beta (build manual)===
L 04/29/2016 - 20:52:48: [boss_selection.smx] [FF2boss] Added chat command: ff2boss
L 04/29/2016 - 20:52:48: [boss_selection.smx] [FF2boss] Added chat command: boss
L 04/29/2016 - 20:52:48: [boss_selection.smx] [FF2boss] Added chat command: 보스
L 04/29/2016 - 20:52:48: [boss_selection.smx] [FF2boss] Added chat command: 보스선택
L 04/29/2016 - 20:52:59: [fuckingloser.smx] 라운드 시작.
L 04/29/2016 - 20:53:17: [boss_selection.smx] -1
L 04/29/2016 - 20:54:13: [boss_selection.smx] 
L 04/29/2016 - 20:54:54: [fuckingloser.smx] 라운드 시작.
L 04/29/2016 - 20:54:54: [fuckingloser.smx] 라운드 시작.
L 04/29/2016 - 20:55:40: [fuckingloser.smx] 라운드 시작.
L 04/29/2016 - 20:56:05: [playercommands.smx] "Nopied◎<2><[U:1:103205717]><>" slayed "Nopied◎<2><[U:1:103205717]><>"
L 04/29/2016 - 20:56:20: [fuckingloser.smx] 라운드 시작.
L 04/29/2016 - 20:58:12: [fuckingloser.smx] 라운드 시작.
L 04/29/2016 - 20:58:56: [boss_selection.smx] -1
L 04/29/2016 - 20:58:58: [boss_selection.smx] 
L 04/29/2016 - 20:59:51: [fuckingloser.smx] 라운드 시작.
L 04/29/2016 - 21:00:56: [fuckingloser.smx] 라운드 시작.
L 04/29/2016 - 21:01:07: [playercommands.smx] "Nopied◎<2><[U:1:103205717]><>" slayed "(걍다죽임)티벳여우<6><[U:1:171130010]><>"
L 04/29/2016 - 21:01:22: [fuckingloser.smx] 라운드 시작.
L 04/29/2016 - 21:05:17: [fuckingloser.smx] 라운드 시작.
L 04/29/2016 - 21:09:41: [fuckingloser.smx] 라운드 시작.
L 04/29/2016 - 21:10:22: [boss_selection.smx] -1
L 04/29/2016 - 21:11:43: [funcommands.smx] "Nopied◎<2><[U:1:103205717]><>" set a TimeBomb on "(걍다죽임)티벳여우<6><[U:1:171130010]><>"
L 04/29/2016 - 21:11:43: [funcommands.smx] "Nopied◎<2><[U:1:103205717]><>" set a TimeBomb on "나는 브로니다!(작다)<5><[U:1:209760731]><>"
L 04/29/2016 - 21:11:50: [funcommands.smx] "Nopied◎<2><[U:1:103205717]><>" set a TimeBomb on "(걍다죽임)티벳여우<6><[U:1:171130010]><>"
L 04/29/2016 - 21:11:51: [funcommands.smx] "Nopied◎<2><[U:1:103205717]><>" set a TimeBomb on "나는 브로니다!(작다)<5><[U:1:209760731]><>"
L 04/29/2016 - 21:12:03: [fuckingloser.smx] 라운드 시작.
L 04/29/2016 - 21:18:11: [boss_selection.smx] -1
L 04/29/2016 - 21:20:23: [fuckingloser.smx] 라운드 시작.
L 04/29/2016 - 21:20:24: [boss_selection.smx] -1
L 04/29/2016 - 21:24:22: Log file closed.
