L 03/29/2016 - 21:29:47: SourceMod log file session started (file "L20160329.log") (Version "1.7.3-dev+5298")
L 03/29/2016 - 21:29:47: -------- Mapchange to arena_badlands --------
L 03/29/2016 - 21:29:47: [TF2ITEMS] "GiveNamedItem" offset = 472
L 03/29/2016 - 21:29:49: [Boss Selection.smx] [FF2boss] Added chat command: ff2boss
L 03/29/2016 - 21:29:49: [Boss Selection.smx] [FF2boss] Added chat command: boss
L 03/29/2016 - 21:29:49: [Boss Selection.smx] [FF2boss] Added chat command: 보스
L 03/29/2016 - 21:29:49: [Boss Selection.smx] [FF2boss] Added chat command: 보스선택
L 03/29/2016 - 21:29:49: [Boss Selection.smx] [FF2boss] Added chat command: 
L 03/29/2016 - 21:29:49: [freak_fortress_2.smx] ===Freak Fortress 2 Initializing-v1.10.9 Beta (build manual)===
L 03/29/2016 - 21:30:03: [Boss Selection.smx] [FF2boss] Added chat command: ff2boss
L 03/29/2016 - 21:30:03: [Boss Selection.smx] [FF2boss] Added chat command: boss
L 03/29/2016 - 21:30:03: [Boss Selection.smx] [FF2boss] Added chat command: 보스
L 03/29/2016 - 21:30:03: [Boss Selection.smx] [FF2boss] Added chat command: 보스선택
L 03/29/2016 - 21:30:03: [Boss Selection.smx] [FF2boss] Added chat command: 
L 03/29/2016 - 21:31:47: [Boss Selection.smx] 선택한 보스 이름: Christian Brutal Sniper
L 03/29/2016 - 21:31:47: [Boss Selection.smx] client index: 2, g_hBossQueue: -1
L 03/29/2016 - 21:31:50: [Boss Selection.smx] 선택한 보스 이름: Seeman
L 03/29/2016 - 21:31:50: [Boss Selection.smx] client index: 1, g_hBossQueue: -1
L 03/29/2016 - 21:32:00: [Boss Selection.smx] client index: 1, g_hBossQueue: -1
L 03/29/2016 - 21:33:42: [freak_fortress_2.smx] "Nopied◎<2><[U:1:103205717]><>" added 123456 queue points to "Nopied◎<2><[U:1:103205717]><>"
L 03/29/2016 - 21:34:55: [playercommands.smx] "Nopied◎<2><[U:1:103205717]><>" slayed "GENTLE MANNE of LEISURE<4><BOT><>"
L 03/29/2016 - 21:34:55: [playercommands.smx] "Nopied◎<2><[U:1:103205717]><>" slayed "MoreGun<5><BOT><>"
L 03/29/2016 - 21:34:55: [playercommands.smx] "Nopied◎<2><[U:1:103205717]><>" slayed "Tiny Baby Man<6><BOT><>"
L 03/29/2016 - 21:34:55: [playercommands.smx] "Nopied◎<2><[U:1:103205717]><>" slayed "Big Mean Muther Hubbard<7><BOT><>"
L 03/29/2016 - 21:38:17: Log file closed.
L 03/29/2016 - 21:38:46: SourceMod log file session started (file "L20160329.log") (Version "1.7.3-dev+5298")
L 03/29/2016 - 21:38:46: -------- Mapchange to arena_badlands --------
L 03/29/2016 - 21:38:46: [TF2ITEMS] "GiveNamedItem" offset = 472
L 03/29/2016 - 21:38:47: [Boss Selection.smx] [FF2boss] Added chat command: ff2boss
L 03/29/2016 - 21:38:47: [Boss Selection.smx] [FF2boss] Added chat command: boss
L 03/29/2016 - 21:38:47: [Boss Selection.smx] [FF2boss] Added chat command: 보스
L 03/29/2016 - 21:38:47: [Boss Selection.smx] [FF2boss] Added chat command: 보스선택
L 03/29/2016 - 21:38:47: [Boss Selection.smx] [FF2boss] Added chat command: 
L 03/29/2016 - 21:38:47: [freak_fortress_2.smx] ===Freak Fortress 2 Initializing-v1.10.9 Beta (build manual)===
L 03/29/2016 - 21:38:58: [Boss Selection.smx] [FF2boss] Added chat command: ff2boss
L 03/29/2016 - 21:38:58: [Boss Selection.smx] [FF2boss] Added chat command: boss
L 03/29/2016 - 21:38:58: [Boss Selection.smx] [FF2boss] Added chat command: 보스
L 03/29/2016 - 21:38:58: [Boss Selection.smx] [FF2boss] Added chat command: 보스선택
L 03/29/2016 - 21:38:58: [Boss Selection.smx] [FF2boss] Added chat command: 
L 03/29/2016 - 21:42:56: [Boss Selection.smx] 이 클라이언트는 0의 대기포인트를 저장해놓은 상태.
L 03/29/2016 - 21:42:56: [Boss Selection.smx] 이 클라이언트는 0의 대기포인트를 저장해놓은 상태.
L 03/29/2016 - 21:42:56: [Boss Selection.smx] 이 클라이언트는 0의 대기포인트를 저장해놓은 상태.
L 03/29/2016 - 21:42:56: [Boss Selection.smx] 이 클라이언트는 0의 대기포인트를 저장해놓은 상태.
L 03/29/2016 - 21:44:00: [Boss Selection.smx] 이 클라이언트는 0의 대기포인트를 저장해놓은 상태.
L 03/29/2016 - 21:44:00: [Boss Selection.smx] 이 클라이언트는 0의 대기포인트를 저장해놓은 상태.
L 03/29/2016 - 21:44:00: [Boss Selection.smx] 이 클라이언트는 0의 대기포인트를 저장해놓은 상태.
L 03/29/2016 - 21:44:00: [Boss Selection.smx] 이 클라이언트는 0의 대기포인트를 저장해놓은 상태.
L 03/29/2016 - 21:44:43: [freak_fortress_2.smx] ===Freak Fortress 2 Initializing-v1.10.9 Beta (build manual)===
L 03/29/2016 - 21:45:23: [Boss Selection.smx] 이 클라이언트는 0의 대기포인트를 저장해놓은 상태.
L 03/29/2016 - 21:45:23: [Boss Selection.smx] 이 클라이언트는 0의 대기포인트를 저장해놓은 상태.
L 03/29/2016 - 21:45:23: [Boss Selection.smx] 이 클라이언트는 0의 대기포인트를 저장해놓은 상태.
L 03/29/2016 - 21:45:23: [Boss Selection.smx] 이 클라이언트는 0의 대기포인트를 저장해놓은 상태.
L 03/29/2016 - 21:48:31: [freak_fortress_2.smx] ===Freak Fortress 2 Initializing-v1.10.9 Beta (build manual)===
L 03/29/2016 - 21:48:56: [Boss Selection.smx] 이 클라이언트는 0의 대기포인트를 저장해놓은 상태.
L 03/29/2016 - 21:48:56: [Boss Selection.smx] 이 클라이언트는 0의 대기포인트를 저장해놓은 상태.
L 03/29/2016 - 21:48:56: [Boss Selection.smx] 이 클라이언트는 0의 대기포인트를 저장해놓은 상태.
L 03/29/2016 - 21:48:56: [Boss Selection.smx] 이 클라이언트는 0의 대기포인트를 저장해놓은 상태.
L 03/29/2016 - 21:50:42: [Boss Selection.smx] 이 클라이언트는 0의 대기포인트를 저장해놓은 상태.
L 03/29/2016 - 21:50:42: [Boss Selection.smx] 이 클라이언트는 0의 대기포인트를 저장해놓은 상태.
L 03/29/2016 - 21:50:42: [Boss Selection.smx] 이 클라이언트는 0의 대기포인트를 저장해놓은 상태.
L 03/29/2016 - 21:50:42: [Boss Selection.smx] 이 클라이언트는 0의 대기포인트를 저장해놓은 상태.
L 03/29/2016 - 21:55:01: [Boss Selection.smx] 이 클라이언트는 0의 대기포인트를 저장해놓은 상태.
L 03/29/2016 - 21:55:01: [Boss Selection.smx] 이 클라이언트는 0의 대기포인트를 저장해놓은 상태.
L 03/29/2016 - 21:55:01: [Boss Selection.smx] 이 클라이언트는 0의 대기포인트를 저장해놓은 상태.
L 03/29/2016 - 21:55:01: [Boss Selection.smx] 이 클라이언트는 0의 대기포인트를 저장해놓은 상태.
L 03/29/2016 - 21:55:01: [Boss Selection.smx] 이 클라이언트는 0의 대기포인트를 저장해놓은 상태.
L 03/29/2016 - 21:57:08: [Boss Selection.smx] 이 클라이언트는 0의 대기포인트를 저장해놓은 상태.
L 03/29/2016 - 21:57:08: [Boss Selection.smx] 이 클라이언트는 0의 대기포인트를 저장해놓은 상태.
L 03/29/2016 - 21:57:08: [Boss Selection.smx] 이 클라이언트는 0의 대기포인트를 저장해놓은 상태.
L 03/29/2016 - 21:57:08: [Boss Selection.smx] 이 클라이언트는 0의 대기포인트를 저장해놓은 상태.
L 03/29/2016 - 21:57:08: [Boss Selection.smx] 이 클라이언트는 0의 대기포인트를 저장해놓은 상태.
L 03/29/2016 - 21:57:39: [freak_fortress_2.smx] "Nopied◎<2><[U:1:103205717]><>" added 123 queue points to "Nopied◎<2><[U:1:103205717]><>"
L 03/29/2016 - 21:57:50: [playercommands.smx] "Nopied◎<2><[U:1:103205717]><>" slayed "Nopied◎<2><[U:1:103205717]><>"
L 03/29/2016 - 21:57:50: [playercommands.smx] "Nopied◎<2><[U:1:103205717]><>" slayed "Bot01<3><BOT><>"
L 03/29/2016 - 21:57:50: [playercommands.smx] "Nopied◎<2><[U:1:103205717]><>" slayed "Bot02<4><BOT><>"
L 03/29/2016 - 21:57:50: [playercommands.smx] "Nopied◎<2><[U:1:103205717]><>" slayed "Bot03<5><BOT><>"
L 03/29/2016 - 21:57:50: [playercommands.smx] "Nopied◎<2><[U:1:103205717]><>" slayed "QWERTY<7><[U:1:171130010]><>"
L 03/29/2016 - 21:57:53: [Boss Selection.smx] 이 클라이언트는 0의 대기포인트를 저장해놓은 상태.
L 03/29/2016 - 21:57:53: [Boss Selection.smx] 이 클라이언트는 0의 대기포인트를 저장해놓은 상태.
L 03/29/2016 - 21:57:53: [Boss Selection.smx] 이 클라이언트는 0의 대기포인트를 저장해놓은 상태.
L 03/29/2016 - 21:57:53: [Boss Selection.smx] 이 클라이언트는 0의 대기포인트를 저장해놓은 상태.
L 03/29/2016 - 21:57:53: [Boss Selection.smx] 이 클라이언트는 0의 대기포인트를 저장해놓은 상태.
L 03/29/2016 - 21:59:36: [freak_fortress_2.smx] "Nopied◎<2><[U:1:103205717]><>" added 123456 queue points to "QWERTY<7><[U:1:171130010]><>"
L 03/29/2016 - 21:59:50: [playercommands.smx] "Nopied◎<2><[U:1:103205717]><>" slayed "Nopied◎<2><[U:1:103205717]><>"
L 03/29/2016 - 21:59:50: [playercommands.smx] "Nopied◎<2><[U:1:103205717]><>" slayed "Bot01<3><BOT><>"
L 03/29/2016 - 21:59:50: [playercommands.smx] "Nopied◎<2><[U:1:103205717]><>" slayed "Bot02<4><BOT><>"
L 03/29/2016 - 21:59:50: [playercommands.smx] "Nopied◎<2><[U:1:103205717]><>" slayed "Bot03<5><BOT><>"
L 03/29/2016 - 21:59:50: [playercommands.smx] "Nopied◎<2><[U:1:103205717]><>" slayed "QWERTY<7><[U:1:171130010]><>"
L 03/29/2016 - 21:59:53: [Boss Selection.smx] 이 클라이언트는 0의 대기포인트를 저장해놓은 상태.
L 03/29/2016 - 21:59:53: [Boss Selection.smx] 이 클라이언트는 0의 대기포인트를 저장해놓은 상태.
L 03/29/2016 - 21:59:53: [Boss Selection.smx] 이 클라이언트는 0의 대기포인트를 저장해놓은 상태.
L 03/29/2016 - 21:59:53: [Boss Selection.smx] 이 클라이언트는 0의 대기포인트를 저장해놓은 상태.
L 03/29/2016 - 21:59:53: [Boss Selection.smx] 이 클라이언트는 0의 대기포인트를 저장해놓은 상태.
L 03/29/2016 - 22:01:07: [playercommands.smx] "Nopied◎<2><[U:1:103205717]><>" slayed "Bot01<3><BOT><>"
L 03/29/2016 - 22:01:07: [playercommands.smx] "Nopied◎<2><[U:1:103205717]><>" slayed "Bot02<4><BOT><>"
L 03/29/2016 - 22:01:07: [playercommands.smx] "Nopied◎<2><[U:1:103205717]><>" slayed "Bot03<5><BOT><>"
L 03/29/2016 - 22:01:10: [Boss Selection.smx] 이 클라이언트는 0의 대기포인트를 저장해놓은 상태.
L 03/29/2016 - 22:01:10: [Boss Selection.smx] 이 클라이언트는 0의 대기포인트를 저장해놓은 상태.
L 03/29/2016 - 22:01:10: [Boss Selection.smx] 이 클라이언트는 0의 대기포인트를 저장해놓은 상태.
L 03/29/2016 - 22:01:10: [Boss Selection.smx] 이 클라이언트는 0의 대기포인트를 저장해놓은 상태.
L 03/29/2016 - 22:01:10: [Boss Selection.smx] 이 클라이언트는 0의 대기포인트를 저장해놓은 상태.
L 03/29/2016 - 22:01:39: [playercommands.smx] "Nopied◎<2><[U:1:103205717]><>" slayed "Nopied◎<2><[U:1:103205717]><>"
L 03/29/2016 - 22:01:39: [playercommands.smx] "Nopied◎<2><[U:1:103205717]><>" slayed "Bot01<3><BOT><>"
L 03/29/2016 - 22:01:39: [playercommands.smx] "Nopied◎<2><[U:1:103205717]><>" slayed "Bot02<4><BOT><>"
L 03/29/2016 - 22:01:39: [playercommands.smx] "Nopied◎<2><[U:1:103205717]><>" slayed "Bot03<5><BOT><>"
L 03/29/2016 - 22:01:39: [playercommands.smx] "Nopied◎<2><[U:1:103205717]><>" slayed "QWERTY<7><[U:1:171130010]><>"
L 03/29/2016 - 22:01:42: [Boss Selection.smx] 이 클라이언트는 0의 대기포인트를 저장해놓은 상태.
L 03/29/2016 - 22:01:42: [Boss Selection.smx] 이 클라이언트는 0의 대기포인트를 저장해놓은 상태.
L 03/29/2016 - 22:01:42: [Boss Selection.smx] 이 클라이언트는 0의 대기포인트를 저장해놓은 상태.
L 03/29/2016 - 22:01:42: [Boss Selection.smx] 이 클라이언트는 0의 대기포인트를 저장해놓은 상태.
L 03/29/2016 - 22:01:42: [Boss Selection.smx] 이 클라이언트는 0의 대기포인트를 저장해놓은 상태.
L 03/29/2016 - 22:02:21: [Boss Selection.smx] 이 클라이언트는 0의 대기포인트를 저장해놓은 상태.
L 03/29/2016 - 22:02:21: [Boss Selection.smx] 이 클라이언트는 0의 대기포인트를 저장해놓은 상태.
L 03/29/2016 - 22:02:21: [Boss Selection.smx] 이 클라이언트는 0의 대기포인트를 저장해놓은 상태.
L 03/29/2016 - 22:02:21: [Boss Selection.smx] 이 클라이언트는 0의 대기포인트를 저장해놓은 상태.
L 03/29/2016 - 22:02:21: [Boss Selection.smx] 이 클라이언트는 0의 대기포인트를 저장해놓은 상태.
L 03/29/2016 - 22:03:26: [Boss Selection.smx] 이 클라이언트는 0의 대기포인트를 저장해놓은 상태.
L 03/29/2016 - 22:03:26: [Boss Selection.smx] 이 클라이언트는 0의 대기포인트를 저장해놓은 상태.
L 03/29/2016 - 22:03:26: [Boss Selection.smx] 이 클라이언트는 0의 대기포인트를 저장해놓은 상태.
L 03/29/2016 - 22:03:26: [Boss Selection.smx] 이 클라이언트는 0의 대기포인트를 저장해놓은 상태.
L 03/29/2016 - 22:03:26: [Boss Selection.smx] 이 클라이언트는 0의 대기포인트를 저장해놓은 상태.
L 03/29/2016 - 22:04:04: [Boss Selection.smx] 이 클라이언트는 0의 대기포인트를 저장해놓은 상태.
L 03/29/2016 - 22:04:04: [Boss Selection.smx] 이 클라이언트는 0의 대기포인트를 저장해놓은 상태.
L 03/29/2016 - 22:04:04: [Boss Selection.smx] 이 클라이언트는 0의 대기포인트를 저장해놓은 상태.
L 03/29/2016 - 22:04:04: [Boss Selection.smx] 이 클라이언트는 0의 대기포인트를 저장해놓은 상태.
L 03/29/2016 - 22:04:04: [Boss Selection.smx] 이 클라이언트는 0의 대기포인트를 저장해놓은 상태.
L 03/29/2016 - 22:05:04: [Boss Selection.smx] 이 클라이언트는 0의 대기포인트를 저장해놓은 상태.
L 03/29/2016 - 22:05:04: [Boss Selection.smx] 이 클라이언트는 0의 대기포인트를 저장해놓은 상태.
L 03/29/2016 - 22:05:04: [Boss Selection.smx] 이 클라이언트는 0의 대기포인트를 저장해놓은 상태.
L 03/29/2016 - 22:05:04: [Boss Selection.smx] 이 클라이언트는 0의 대기포인트를 저장해놓은 상태.
L 03/29/2016 - 22:05:04: [Boss Selection.smx] 이 클라이언트는 0의 대기포인트를 저장해놓은 상태.
L 03/29/2016 - 22:07:09: [Boss Selection.smx] 이 클라이언트는 0의 대기포인트를 저장해놓은 상태.
L 03/29/2016 - 22:07:09: [Boss Selection.smx] 이 클라이언트는 0의 대기포인트를 저장해놓은 상태.
L 03/29/2016 - 22:07:09: [Boss Selection.smx] 이 클라이언트는 0의 대기포인트를 저장해놓은 상태.
L 03/29/2016 - 22:07:09: [Boss Selection.smx] 이 클라이언트는 0의 대기포인트를 저장해놓은 상태.
L 03/29/2016 - 22:07:09: [Boss Selection.smx] 이 클라이언트는 0의 대기포인트를 저장해놓은 상태.
L 03/29/2016 - 22:08:19: [Boss Selection.smx] 이 클라이언트는 0의 대기포인트를 저장해놓은 상태.
L 03/29/2016 - 22:08:19: [Boss Selection.smx] 이 클라이언트는 0의 대기포인트를 저장해놓은 상태.
L 03/29/2016 - 22:08:19: [Boss Selection.smx] 이 클라이언트는 0의 대기포인트를 저장해놓은 상태.
L 03/29/2016 - 22:08:19: [Boss Selection.smx] 이 클라이언트는 0의 대기포인트를 저장해놓은 상태.
L 03/29/2016 - 22:08:19: [Boss Selection.smx] 이 클라이언트는 0의 대기포인트를 저장해놓은 상태.
L 03/29/2016 - 22:08:58: [Boss Selection.smx] 선택한 보스 이름: Ninja Spy
L 03/29/2016 - 22:08:58: [Boss Selection.smx] client index: 5, g_hBossQueue: -1
L 03/29/2016 - 22:09:10: [Boss Selection.smx] 이 클라이언트는 0의 대기포인트를 저장해놓은 상태.
L 03/29/2016 - 22:09:10: [Boss Selection.smx] 이 클라이언트는 0의 대기포인트를 저장해놓은 상태.
L 03/29/2016 - 22:09:10: [Boss Selection.smx] 이 클라이언트는 0의 대기포인트를 저장해놓은 상태.
L 03/29/2016 - 22:09:10: [Boss Selection.smx] 이 클라이언트는 0의 대기포인트를 저장해놓은 상태.
L 03/29/2016 - 22:09:10: [Boss Selection.smx] 이 클라이언트는 0의 대기포인트를 저장해놓은 상태.
L 03/29/2016 - 22:10:34: [Boss Selection.smx] 이 클라이언트는 0의 대기포인트를 저장해놓은 상태.
L 03/29/2016 - 22:10:34: [Boss Selection.smx] 이 클라이언트는 0의 대기포인트를 저장해놓은 상태.
L 03/29/2016 - 22:10:34: [Boss Selection.smx] 이 클라이언트는 0의 대기포인트를 저장해놓은 상태.
L 03/29/2016 - 22:10:34: [Boss Selection.smx] 이 클라이언트는 0의 대기포인트를 저장해놓은 상태.
L 03/29/2016 - 22:10:34: [Boss Selection.smx] 이 클라이언트는 0의 대기포인트를 저장해놓은 상태.
L 03/29/2016 - 22:12:22: [Boss Selection.smx] 이 클라이언트는 0의 대기포인트를 저장해놓은 상태.
L 03/29/2016 - 22:12:22: [Boss Selection.smx] 이 클라이언트는 0의 대기포인트를 저장해놓은 상태.
L 03/29/2016 - 22:12:22: [Boss Selection.smx] 이 클라이언트는 0의 대기포인트를 저장해놓은 상태.
L 03/29/2016 - 22:12:22: [Boss Selection.smx] 이 클라이언트는 0의 대기포인트를 저장해놓은 상태.
L 03/29/2016 - 22:12:22: [Boss Selection.smx] 이 클라이언트는 0의 대기포인트를 저장해놓은 상태.
L 03/29/2016 - 22:12:27: [freak_fortress_2.smx] "Nopied◎<2><[U:1:103205717]><>" added 123 queue points to "Nopied◎<2><[U:1:103205717]><>"
L 03/29/2016 - 22:12:33: [Boss Selection.smx] client index: 1, g_hBossQueue: -1
L 03/29/2016 - 22:12:56: [Boss Selection.smx] client index: 5, g_hBossQueue: 0
L 03/29/2016 - 22:13:31: [Boss Selection.smx] 이 클라이언트는 0의 대기포인트를 저장해놓은 상태.
L 03/29/2016 - 22:13:31: [Boss Selection.smx] 이 클라이언트는 0의 대기포인트를 저장해놓은 상태.
L 03/29/2016 - 22:13:31: [Boss Selection.smx] 이 클라이언트는 0의 대기포인트를 저장해놓은 상태.
L 03/29/2016 - 22:13:31: [Boss Selection.smx] 이 클라이언트는 0의 대기포인트를 저장해놓은 상태.
L 03/29/2016 - 22:13:31: [Boss Selection.smx] 이 클라이언트는 0의 대기포인트를 저장해놓은 상태.
L 03/29/2016 - 22:13:39: [freak_fortress_2.smx] "Nopied◎<2><[U:1:103205717]><>" added 123 queue points to "Nopied◎<2><[U:1:103205717]><>"
L 03/29/2016 - 22:15:21: [Boss Selection.smx] 이 클라이언트는 0의 대기포인트를 저장해놓은 상태.
L 03/29/2016 - 22:15:21: [Boss Selection.smx] 이 클라이언트는 0의 대기포인트를 저장해놓은 상태.
L 03/29/2016 - 22:15:21: [Boss Selection.smx] 이 클라이언트는 0의 대기포인트를 저장해놓은 상태.
L 03/29/2016 - 22:15:21: [Boss Selection.smx] 이 클라이언트는 0의 대기포인트를 저장해놓은 상태.
L 03/29/2016 - 22:15:21: [Boss Selection.smx] 이 클라이언트는 0의 대기포인트를 저장해놓은 상태.
L 03/29/2016 - 22:15:43: [SM] Changed map to "koth_nucleus"
L 03/29/2016 - 22:15:45: -------- Mapchange to koth_nucleus --------
L 03/29/2016 - 22:15:51: [Boss Selection.smx] [FF2boss] Added chat command: ff2boss
L 03/29/2016 - 22:15:51: [Boss Selection.smx] [FF2boss] Added chat command: boss
L 03/29/2016 - 22:15:51: [Boss Selection.smx] [FF2boss] Added chat command: 보스
L 03/29/2016 - 22:15:51: [Boss Selection.smx] [FF2boss] Added chat command: 보스선택
L 03/29/2016 - 22:15:51: [Boss Selection.smx] [FF2boss] Added chat command: 
L 03/29/2016 - 22:16:35: -------- Mapchange to mvm_rottenburg --------
L 03/29/2016 - 22:16:41: [Boss Selection.smx] [FF2boss] Added chat command: ff2boss
L 03/29/2016 - 22:16:41: [Boss Selection.smx] [FF2boss] Added chat command: boss
L 03/29/2016 - 22:16:41: [Boss Selection.smx] [FF2boss] Added chat command: 보스
L 03/29/2016 - 22:16:41: [Boss Selection.smx] [FF2boss] Added chat command: 보스선택
L 03/29/2016 - 22:16:41: [Boss Selection.smx] [FF2boss] Added chat command: 
L 03/29/2016 - 22:21:26: [Boss Selection.smx] 이 클라이언트는 0의 대기포인트를 저장해놓은 상태.
L 03/29/2016 - 22:21:26: [Boss Selection.smx] 이 클라이언트는 0의 대기포인트를 저장해놓은 상태.
L 03/29/2016 - 22:21:26: [Boss Selection.smx] 이 클라이언트는 0의 대기포인트를 저장해놓은 상태.
L 03/29/2016 - 22:21:28: -------- Mapchange to koth_harvest_final --------
L 03/29/2016 - 22:21:32: [Boss Selection.smx] [FF2boss] Added chat command: ff2boss
L 03/29/2016 - 22:21:32: [Boss Selection.smx] [FF2boss] Added chat command: boss
L 03/29/2016 - 22:21:32: [Boss Selection.smx] [FF2boss] Added chat command: 보스
L 03/29/2016 - 22:21:32: [Boss Selection.smx] [FF2boss] Added chat command: 보스선택
L 03/29/2016 - 22:21:32: [Boss Selection.smx] [FF2boss] Added chat command: 
L 03/29/2016 - 22:23:45: [freak_fortress_2.smx] "Nopied◎<2><[U:1:103205717]><>" added 123 queue points to "[KOR]dwgwjw1024[PFBT]<8><[U:1:159644927]><>"
L 03/29/2016 - 22:23:48: [Boss Selection.smx] 선택한 보스 이름: Saxton Hale
L 03/29/2016 - 22:23:48: [Boss Selection.smx] client index: 5, g_hBossQueue: -1
L 03/29/2016 - 22:23:52: [Boss Selection.smx] 선택한 보스 이름: GentleSpy
L 03/29/2016 - 22:23:52: [Boss Selection.smx] client index: 2, g_hBossQueue: -1
L 03/29/2016 - 22:24:36: [Boss Selection.smx] 이 클라이언트는 0의 대기포인트를 저장해놓은 상태.
L 03/29/2016 - 22:24:36: [Boss Selection.smx] 이 클라이언트는 0의 대기포인트를 저장해놓은 상태.
L 03/29/2016 - 22:24:36: [Boss Selection.smx] 이 클라이언트는 0의 대기포인트를 저장해놓은 상태.
L 03/29/2016 - 22:25:38: [playercommands.smx] "Nopied◎<2><[U:1:103205717]><>" slayed "QWERTY<7><[U:1:171130010]><>"
L 03/29/2016 - 22:25:41: [Boss Selection.smx] 이 클라이언트는 0의 대기포인트를 저장해놓은 상태.
L 03/29/2016 - 22:25:41: [Boss Selection.smx] 이 클라이언트는 0의 대기포인트를 저장해놓은 상태.
L 03/29/2016 - 22:25:41: [Boss Selection.smx] 이 클라이언트는 0의 대기포인트를 저장해놓은 상태.
L 03/29/2016 - 22:27:05: [Boss Selection.smx] 이 클라이언트는 0의 대기포인트를 저장해놓은 상태.
L 03/29/2016 - 22:27:05: [Boss Selection.smx] 이 클라이언트는 0의 대기포인트를 저장해놓은 상태.
L 03/29/2016 - 22:27:05: [Boss Selection.smx] 이 클라이언트는 0의 대기포인트를 저장해놓은 상태.
L 03/29/2016 - 22:29:38: [Boss Selection.smx] 이 클라이언트는 0의 대기포인트를 저장해놓은 상태.
L 03/29/2016 - 22:29:38: [Boss Selection.smx] 이 클라이언트는 0의 대기포인트를 저장해놓은 상태.
L 03/29/2016 - 22:29:38: [Boss Selection.smx] 이 클라이언트는 0의 대기포인트를 저장해놓은 상태.
L 03/29/2016 - 22:31:36: [Boss Selection.smx] 이 클라이언트는 0의 대기포인트를 저장해놓은 상태.
L 03/29/2016 - 22:31:36: [Boss Selection.smx] 이 클라이언트는 0의 대기포인트를 저장해놓은 상태.
L 03/29/2016 - 22:31:36: [Boss Selection.smx] 이 클라이언트는 0의 대기포인트를 저장해놓은 상태.
L 03/29/2016 - 22:31:55: [Boss Selection.smx] client index: 5, g_hBossQueue: -1
L 03/29/2016 - 22:32:24: [Boss Selection.smx] client index: 2, g_hBossQueue: -1
L 03/29/2016 - 22:33:10: [Boss Selection.smx] 이 클라이언트는 0의 대기포인트를 저장해놓은 상태.
L 03/29/2016 - 22:33:10: [Boss Selection.smx] 이 클라이언트는 0의 대기포인트를 저장해놓은 상태.
L 03/29/2016 - 22:33:10: [Boss Selection.smx] 이 클라이언트는 0의 대기포인트를 저장해놓은 상태.
L 03/29/2016 - 22:35:30: [Boss Selection.smx] 이 클라이언트는 0의 대기포인트를 저장해놓은 상태.
L 03/29/2016 - 22:35:30: [Boss Selection.smx] 이 클라이언트는 0의 대기포인트를 저장해놓은 상태.
L 03/29/2016 - 22:35:30: [Boss Selection.smx] 이 클라이언트는 0의 대기포인트를 저장해놓은 상태.
L 03/29/2016 - 22:36:12: [Boss Selection.smx] 이 클라이언트는 0의 대기포인트를 저장해놓은 상태.
L 03/29/2016 - 22:36:12: [Boss Selection.smx] 이 클라이언트는 0의 대기포인트를 저장해놓은 상태.
L 03/29/2016 - 22:36:12: [Boss Selection.smx] 이 클라이언트는 0의 대기포인트를 저장해놓은 상태.
L 03/29/2016 - 22:37:04: [Boss Selection.smx] 이 클라이언트는 0의 대기포인트를 저장해놓은 상태.
L 03/29/2016 - 22:37:04: [Boss Selection.smx] 이 클라이언트는 0의 대기포인트를 저장해놓은 상태.
L 03/29/2016 - 22:37:04: [Boss Selection.smx] 이 클라이언트는 0의 대기포인트를 저장해놓은 상태.
L 03/29/2016 - 22:38:13: [Boss Selection.smx] 이 클라이언트는 0의 대기포인트를 저장해놓은 상태.
L 03/29/2016 - 22:38:13: [Boss Selection.smx] 이 클라이언트는 0의 대기포인트를 저장해놓은 상태.
L 03/29/2016 - 22:38:13: [Boss Selection.smx] 이 클라이언트는 0의 대기포인트를 저장해놓은 상태.
L 03/29/2016 - 22:40:21: Log file closed.
