L 04/30/2016 - 13:51:31: SourceMod log file session started (file "L20160430.log") (Version "1.7.3-dev+5298")
L 04/30/2016 - 13:51:31: -------- Mapchange to vsh_apg_v2 --------
L 04/30/2016 - 13:51:31: [TF2ITEMS] "GiveNamedItem" offset = 472
L 04/30/2016 - 13:51:34: [boss_selection.smx] [FF2boss] Added chat command: ff2boss
L 04/30/2016 - 13:51:34: [boss_selection.smx] [FF2boss] Added chat command: boss
L 04/30/2016 - 13:51:34: [boss_selection.smx] [FF2boss] Added chat command: 보스
L 04/30/2016 - 13:51:34: [boss_selection.smx] [FF2boss] Added chat command: 보스선택
L 04/30/2016 - 13:51:34: [custompart.smx] Debug for CustomPart
L 04/30/2016 - 13:51:34: [freak_fortress_2.smx] ===Freak Fortress 2 Initializing-v1.10.9 Beta (build manual)===
L 04/30/2016 - 13:51:48: [boss_selection.smx] [FF2boss] Added chat command: ff2boss
L 04/30/2016 - 13:51:48: [boss_selection.smx] [FF2boss] Added chat command: boss
L 04/30/2016 - 13:51:48: [boss_selection.smx] [FF2boss] Added chat command: 보스
L 04/30/2016 - 13:51:48: [boss_selection.smx] [FF2boss] Added chat command: 보스선택
L 04/30/2016 - 13:52:05: [fuckingloser.smx] 라운드 시작.
L 04/30/2016 - 13:53:54: [fuckingloser.smx] 라운드 시작.
L 04/30/2016 - 13:54:28: [boss_selection.smx] 이 클라이언트는 0의 대기포인트를 저장해놓은 상태.
L 04/30/2016 - 13:54:28: [boss_selection.smx] 이 클라이언트는 0의 대기포인트를 저장해놓은 상태.
L 04/30/2016 - 13:54:28: [boss_selection.smx] 이 클라이언트는 0의 대기포인트를 저장해놓은 상태.
L 04/30/2016 - 13:54:28: [boss_selection.smx] 이 클라이언트는 0의 대기포인트를 저장해놓은 상태.
L 04/30/2016 - 13:54:28: [boss_selection.smx] 이 클라이언트는 0의 대기포인트를 저장해놓은 상태.
L 04/30/2016 - 13:54:40: [fuckingloser.smx] 라운드 시작.
L 04/30/2016 - 14:21:07: Log file closed.
L 04/30/2016 - 14:38:27: SourceMod log file session started (file "L20160430.log") (Version "1.7.3-dev+5298")
L 04/30/2016 - 14:38:27: -------- Mapchange to vsh_apg_v2 --------
L 04/30/2016 - 14:38:28: [TF2ITEMS] "GiveNamedItem" offset = 472
L 04/30/2016 - 14:38:28: [boss_selection.smx] [FF2boss] Added chat command: ff2boss
L 04/30/2016 - 14:38:28: [boss_selection.smx] [FF2boss] Added chat command: boss
L 04/30/2016 - 14:38:28: [boss_selection.smx] [FF2boss] Added chat command: 보스
L 04/30/2016 - 14:38:28: [boss_selection.smx] [FF2boss] Added chat command: 보스선택
L 04/30/2016 - 14:38:28: [custompart.smx] Debug for CustomPart
L 04/30/2016 - 14:38:28: [freak_fortress_2.smx] ===Freak Fortress 2 Initializing-v1.10.9 Beta (build manual)===
L 04/30/2016 - 14:38:39: [boss_selection.smx] [FF2boss] Added chat command: ff2boss
L 04/30/2016 - 14:38:39: [boss_selection.smx] [FF2boss] Added chat command: boss
L 04/30/2016 - 14:38:39: [boss_selection.smx] [FF2boss] Added chat command: 보스
L 04/30/2016 - 14:38:39: [boss_selection.smx] [FF2boss] Added chat command: 보스선택
L 04/30/2016 - 14:40:08: Log file closed.
L 04/30/2016 - 14:40:19: SourceMod log file session started (file "L20160430.log") (Version "1.7.3-dev+5298")
L 04/30/2016 - 14:40:19: -------- Mapchange to vsh_apg_v2 --------
L 04/30/2016 - 14:40:19: [TF2ITEMS] "GiveNamedItem" offset = 472
L 04/30/2016 - 14:40:20: [boss_selection.smx] [FF2boss] Added chat command: ff2boss
L 04/30/2016 - 14:40:20: [boss_selection.smx] [FF2boss] Added chat command: boss
L 04/30/2016 - 14:40:20: [boss_selection.smx] [FF2boss] Added chat command: 보스
L 04/30/2016 - 14:40:20: [boss_selection.smx] [FF2boss] Added chat command: 보스선택
L 04/30/2016 - 14:40:20: [custompart.smx] Debug for CustomPart
L 04/30/2016 - 14:40:20: [freak_fortress_2.smx] ===Freak Fortress 2 Initializing-v1.10.9 Beta (build manual)===
L 04/30/2016 - 14:40:31: [boss_selection.smx] [FF2boss] Added chat command: ff2boss
L 04/30/2016 - 14:40:31: [boss_selection.smx] [FF2boss] Added chat command: boss
L 04/30/2016 - 14:40:31: [boss_selection.smx] [FF2boss] Added chat command: 보스
L 04/30/2016 - 14:40:31: [boss_selection.smx] [FF2boss] Added chat command: 보스선택
L 04/30/2016 - 14:40:46: [fuckingloser.smx] 라운드 시작.
L 04/30/2016 - 14:42:34: [fuckingloser.smx] 라운드 시작.
L 04/30/2016 - 14:43:08: [boss_selection.smx] 이 클라이언트는 0의 대기포인트를 저장해놓은 상태.
L 04/30/2016 - 14:43:08: [boss_selection.smx] 이 클라이언트는 0의 대기포인트를 저장해놓은 상태.
L 04/30/2016 - 14:43:08: [boss_selection.smx] 이 클라이언트는 0의 대기포인트를 저장해놓은 상태.
L 04/30/2016 - 14:43:08: [boss_selection.smx] 이 클라이언트는 0의 대기포인트를 저장해놓은 상태.
L 04/30/2016 - 14:43:08: [boss_selection.smx] 이 클라이언트는 0의 대기포인트를 저장해놓은 상태.
L 04/30/2016 - 14:43:20: [fuckingloser.smx] 라운드 시작.
L 04/30/2016 - 14:46:00: [boss_selection.smx] -1
L 04/30/2016 - 14:46:32: [playercommands.smx] "Nopied◎<2><[U:1:103205717]><>" slayed "Bot01<3><BOT><>"
L 04/30/2016 - 14:46:32: [playercommands.smx] "Nopied◎<2><[U:1:103205717]><>" slayed "Bot02<4><BOT><>"
L 04/30/2016 - 14:46:32: [playercommands.smx] "Nopied◎<2><[U:1:103205717]><>" slayed "Bot03<5><BOT><>"
L 04/30/2016 - 14:46:32: [playercommands.smx] "Nopied◎<2><[U:1:103205717]><>" slayed "Bot04<6><BOT><>"
L 04/30/2016 - 14:46:32: [playercommands.smx] "Nopied◎<2><[U:1:103205717]><>" slayed "Bot05<7><BOT><>"
L 04/30/2016 - 14:46:32: [playercommands.smx] "Nopied◎<2><[U:1:103205717]><>" slayed "Bot06<8><BOT><>"
L 04/30/2016 - 14:46:36: [boss_selection.smx] 이 클라이언트는 0의 대기포인트를 저장해놓은 상태.
L 04/30/2016 - 14:46:36: [boss_selection.smx] 이 클라이언트는 0의 대기포인트를 저장해놓은 상태.
L 04/30/2016 - 14:46:36: [boss_selection.smx] 이 클라이언트는 0의 대기포인트를 저장해놓은 상태.
L 04/30/2016 - 14:46:36: [boss_selection.smx] 이 클라이언트는 0의 대기포인트를 저장해놓은 상태.
L 04/30/2016 - 14:46:36: [boss_selection.smx] 이 클라이언트는 0의 대기포인트를 저장해놓은 상태.
L 04/30/2016 - 14:46:48: [fuckingloser.smx] 라운드 시작.
L 04/30/2016 - 14:47:57: [boss_selection.smx] 이 클라이언트는 0의 대기포인트를 저장해놓은 상태.
L 04/30/2016 - 14:47:57: [boss_selection.smx] 이 클라이언트는 0의 대기포인트를 저장해놓은 상태.
L 04/30/2016 - 14:47:57: [boss_selection.smx] 이 클라이언트는 0의 대기포인트를 저장해놓은 상태.
L 04/30/2016 - 14:47:57: [boss_selection.smx] 이 클라이언트는 0의 대기포인트를 저장해놓은 상태.
L 04/30/2016 - 14:47:57: [boss_selection.smx] 이 클라이언트는 0의 대기포인트를 저장해놓은 상태.
L 04/30/2016 - 14:47:57: [boss_selection.smx] 이 클라이언트는 0의 대기포인트를 저장해놓은 상태.
L 04/30/2016 - 14:48:09: [fuckingloser.smx] 라운드 시작.
L 04/30/2016 - 14:51:01: Log file closed.
L 04/30/2016 - 23:31:21: SourceMod log file session started (file "L20160430.log") (Version "1.7.3-dev+5298")
L 04/30/2016 - 23:31:21: -------- Mapchange to vsh_apg_v2 --------
L 04/30/2016 - 23:31:21: [TF2ITEMS] "GiveNamedItem" offset = 472
L 04/30/2016 - 23:31:23: [boss_selection.smx] [FF2boss] Added chat command: ff2boss
L 04/30/2016 - 23:31:23: [boss_selection.smx] [FF2boss] Added chat command: boss
L 04/30/2016 - 23:31:23: [boss_selection.smx] [FF2boss] Added chat command: 보스
L 04/30/2016 - 23:31:23: [boss_selection.smx] [FF2boss] Added chat command: 보스선택
L 04/30/2016 - 23:31:23: [custompart.smx] Debug for CustomPart
L 04/30/2016 - 23:31:23: [freak_fortress_2.smx] ===Freak Fortress 2 Initializing-v1.10.9 Beta (build manual)===
L 04/30/2016 - 23:31:39: [boss_selection.smx] [FF2boss] Added chat command: ff2boss
L 04/30/2016 - 23:31:39: [boss_selection.smx] [FF2boss] Added chat command: boss
L 04/30/2016 - 23:31:39: [boss_selection.smx] [FF2boss] Added chat command: 보스
L 04/30/2016 - 23:31:39: [boss_selection.smx] [FF2boss] Added chat command: 보스선택
L 04/30/2016 - 23:31:50: [fuckingloser.smx] 라운드 시작.
L 04/30/2016 - 23:31:57: [boss_selection.smx] -1
L 04/30/2016 - 23:33:44: [fuckingloser.smx] 라운드 시작.
L 04/30/2016 - 23:40:21: [boss_selection.smx] 
L 04/30/2016 - 23:40:40: [fuckingloser.smx] 라운드 시작.
L 04/30/2016 - 23:46:53: SourceMod log file session started (file "L20160430.log") (Version "1.7.3-dev+5298")
L 04/30/2016 - 23:46:53: -------- Mapchange to vsh_apg_v2 --------
L 04/30/2016 - 23:46:53: [TF2ITEMS] "GiveNamedItem" offset = 472
L 04/30/2016 - 23:46:55: [boss_selection.smx] [FF2boss] Added chat command: ff2boss
L 04/30/2016 - 23:46:55: [boss_selection.smx] [FF2boss] Added chat command: boss
L 04/30/2016 - 23:46:55: [boss_selection.smx] [FF2boss] Added chat command: 보스
L 04/30/2016 - 23:46:55: [boss_selection.smx] [FF2boss] Added chat command: 보스선택
L 04/30/2016 - 23:46:55: [custompart.smx] Debug for CustomPart
L 04/30/2016 - 23:46:55: [freak_fortress_2.smx] ===Freak Fortress 2 Initializing-v1.10.9 Beta (build manual)===
L 04/30/2016 - 23:47:07: [boss_selection.smx] [FF2boss] Added chat command: ff2boss
L 04/30/2016 - 23:47:07: [boss_selection.smx] [FF2boss] Added chat command: boss
L 04/30/2016 - 23:47:07: [boss_selection.smx] [FF2boss] Added chat command: 보스
L 04/30/2016 - 23:47:07: [boss_selection.smx] [FF2boss] Added chat command: 보스선택
L 04/30/2016 - 23:47:18: [fuckingloser.smx] 라운드 시작.
L 04/30/2016 - 23:47:34: [boss_selection.smx] -1
L 04/30/2016 - 23:47:56: [boss_selection.smx] 
L 04/30/2016 - 23:48:03: [boss_selection.smx] 
L 04/30/2016 - 23:49:10: [fuckingloser.smx] 라운드 시작.
L 04/30/2016 - 23:52:09: [boss_selection.smx] -1
L 04/30/2016 - 23:52:31: [fuckingloser.smx] 라운드 시작.
L 04/30/2016 - 23:54:05: [fuckingloser.smx] 라운드 시작.
L 04/30/2016 - 23:54:07: [boss_selection.smx] -1
L 04/30/2016 - 23:54:42: [playercommands.smx] "Nopied◎<3><[U:1:103205717]><>" slayed "-҉҉҉҉҉o҉҉҉҉҉-<4><[U:1:40881577]><>"
L 04/30/2016 - 23:54:42: [playercommands.smx] "Nopied◎<3><[U:1:103205717]><>" slayed "나는 브로니다! 으아아<5><[U:1:224567350]><>"
L 04/30/2016 - 23:54:42: [playercommands.smx] "Nopied◎<3><[U:1:103205717]><>" slayed "나는 브로니다! :)<6><[U:1:150941697]><>"
L 04/30/2016 - 23:54:57: [fuckingloser.smx] 라운드 시작.
L 04/30/2016 - 23:56:49: [fuckingloser.smx] 라운드 시작.
L 04/30/2016 - 23:59:19: [funcommands.smx] "Nopied◎<3><[U:1:103205717]><>" set a beacon on "mediseun (자연산)<7><[U:1:61271689]><>"
L 04/30/2016 - 23:59:34: [funcommands.smx] "Nopied◎<3><[U:1:103205717]><>" set a TimeBomb on "mediseun (자연산)<7><[U:1:61271689]><>"
L 04/30/2016 - 23:59:44: [funcommands.smx] "Nopied◎<3><[U:1:103205717]><>" removed a TimeBomb on "mediseun (자연산)<7><[U:1:61271689]><>"
