L 05/03/2016 - 21:12:33: SourceMod log file session started (file "L20160503.log") (Version "1.7.3-dev+5298")
L 05/03/2016 - 21:12:33: -------- Mapchange to vsh_apg_v2 --------
L 05/03/2016 - 21:12:33: [TF2ITEMS] "GiveNamedItem" offset = 472
L 05/03/2016 - 21:12:35: [boss_selection.smx] [FF2boss] Added chat command: ff2boss
L 05/03/2016 - 21:12:36: [boss_selection.smx] [FF2boss] Added chat command: boss
L 05/03/2016 - 21:12:36: [boss_selection.smx] [FF2boss] Added chat command: 보스
L 05/03/2016 - 21:12:36: [boss_selection.smx] [FF2boss] Added chat command: 보스선택
L 05/03/2016 - 21:12:36: [custompart.smx] Debug for CustomPart
L 05/03/2016 - 21:12:36: [freak_fortress_2.smx] ===Freak Fortress 2 Initializing-v1.10.9 Beta (build manual)===
L 05/03/2016 - 21:12:50: [boss_selection.smx] [FF2boss] Added chat command: ff2boss
L 05/03/2016 - 21:12:50: [boss_selection.smx] [FF2boss] Added chat command: boss
L 05/03/2016 - 21:12:50: [boss_selection.smx] [FF2boss] Added chat command: 보스
L 05/03/2016 - 21:12:50: [boss_selection.smx] [FF2boss] Added chat command: 보스선택
L 05/03/2016 - 21:13:01: [fuckingloser.smx] 라운드 시작.
L 05/03/2016 - 21:13:20: [boss_selection.smx] -1
L 05/03/2016 - 21:14:54: [fuckingloser.smx] 라운드 시작.
L 05/03/2016 - 21:34:12: [boss_selection.smx] -1
L 05/03/2016 - 21:35:07: [boss_selection.smx] -1
L 05/03/2016 - 21:35:31: [boss_selection.smx] -1
L 05/03/2016 - 21:35:40: [fuckingloser.smx] 라운드 시작.
L 05/03/2016 - 21:37:21: [playercommands.smx] "Nopied◎<3><[U:1:103205717]><>" slayed "Bёtrαyαl fαster thαn l!ght<4><[U:1:45110770]><>"
L 05/03/2016 - 21:37:21: [playercommands.smx] "Nopied◎<3><[U:1:103205717]><>" slayed "✔<6><[U:1:168642180]><>"
L 05/03/2016 - 21:37:32: -------- Mapchange to vsh_apg_v2 --------
L 05/03/2016 - 21:37:38: [boss_selection.smx] [FF2boss] Added chat command: ff2boss
L 05/03/2016 - 21:37:38: [boss_selection.smx] [FF2boss] Added chat command: boss
L 05/03/2016 - 21:37:38: [boss_selection.smx] [FF2boss] Added chat command: 보스
L 05/03/2016 - 21:37:38: [boss_selection.smx] [FF2boss] Added chat command: 보스선택
L 05/03/2016 - 21:37:41: [fuckingloser.smx] 라운드 시작.
L 05/03/2016 - 21:37:45: [boss_selection.smx] -1
L 05/03/2016 - 21:37:55: [boss_selection.smx] -1
L 05/03/2016 - 21:37:59: [boss_selection.smx] -1
L 05/03/2016 - 21:39:09: [fuckingloser.smx] 라운드 시작.
L 05/03/2016 - 21:40:22: [boss_selection.smx] -1
L 05/03/2016 - 21:40:40: [boss_selection.smx] -1
L 05/03/2016 - 21:43:02: [fuckingloser.smx] 라운드 시작.
L 05/03/2016 - 21:43:02: [fuckingloser.smx] 라운드 시작.
L 05/03/2016 - 21:46:38: [boss_selection.smx] -1
L 05/03/2016 - 21:46:53: [fuckingloser.smx] 라운드 시작.
L 05/03/2016 - 21:49:51: [fuckingloser.smx] 라운드 시작.
L 05/03/2016 - 21:52:48: [fuckingloser.smx] 라운드 시작.
L 05/03/2016 - 21:55:32: [boss_selection.smx] -1
L 05/03/2016 - 21:57:11: [boss_selection.smx] -1
