L 04/11/2016 - 20:28:57: SourceMod log file session started (file "L20160411.log") (Version "1.7.3-dev+5298")
L 04/11/2016 - 20:28:57: -------- Mapchange to arena_badlands --------
L 04/11/2016 - 20:28:57: [TF2ITEMS] "GiveNamedItem" offset = 472
L 04/11/2016 - 20:28:59: [Boss Selection.smx] [FF2boss] Added chat command: ff2boss
L 04/11/2016 - 20:28:59: [Boss Selection.smx] [FF2boss] Added chat command: boss
L 04/11/2016 - 20:28:59: [Boss Selection.smx] [FF2boss] Added chat command: 보스
L 04/11/2016 - 20:28:59: [Boss Selection.smx] [FF2boss] Added chat command: 보스선택
L 04/11/2016 - 20:28:59: [custompart.smx] Debug for CustomPart
L 04/11/2016 - 20:28:59: [freak_fortress_2.smx] ===Freak Fortress 2 Initializing-v1.10.9 Beta (build manual)===
L 04/11/2016 - 20:29:12: [Boss Selection.smx] [FF2boss] Added chat command: ff2boss
L 04/11/2016 - 20:29:12: [Boss Selection.smx] [FF2boss] Added chat command: boss
L 04/11/2016 - 20:29:12: [Boss Selection.smx] [FF2boss] Added chat command: 보스
L 04/11/2016 - 20:29:12: [Boss Selection.smx] [FF2boss] Added chat command: 보스선택
L 04/11/2016 - 20:34:33: SourceMod log file session started (file "L20160411.log") (Version "1.7.3-dev+5298")
L 04/11/2016 - 20:34:33: -------- Mapchange to arena_badlands --------
L 04/11/2016 - 20:34:33: [TF2ITEMS] "GiveNamedItem" offset = 472
L 04/11/2016 - 20:34:35: [Boss Selection.smx] [FF2boss] Added chat command: ff2boss
L 04/11/2016 - 20:34:35: [Boss Selection.smx] [FF2boss] Added chat command: boss
L 04/11/2016 - 20:34:35: [Boss Selection.smx] [FF2boss] Added chat command: 보스
L 04/11/2016 - 20:34:35: [Boss Selection.smx] [FF2boss] Added chat command: 보스선택
L 04/11/2016 - 20:34:35: [custompart.smx] Debug for CustomPart
L 04/11/2016 - 20:34:35: [freak_fortress_2.smx] ===Freak Fortress 2 Initializing-v1.10.9 Beta (build manual)===
L 04/11/2016 - 20:34:50: [Boss Selection.smx] [FF2boss] Added chat command: ff2boss
L 04/11/2016 - 20:34:50: [Boss Selection.smx] [FF2boss] Added chat command: boss
L 04/11/2016 - 20:34:50: [Boss Selection.smx] [FF2boss] Added chat command: 보스
L 04/11/2016 - 20:34:50: [Boss Selection.smx] [FF2boss] Added chat command: 보스선택
L 04/11/2016 - 20:40:16: [playercommands.smx] "Nopied◎<2><[U:1:103205717]><>" slayed "Nopied◎<2><[U:1:103205717]><>"
L 04/11/2016 - 20:40:16: [playercommands.smx] "Nopied◎<2><[U:1:103205717]><>" slayed "Bot01<3><BOT><>"
L 04/11/2016 - 20:40:16: [playercommands.smx] "Nopied◎<2><[U:1:103205717]><>" slayed "Bot02<4><BOT><>"
L 04/11/2016 - 20:40:16: [playercommands.smx] "Nopied◎<2><[U:1:103205717]><>" slayed "Bot03<5><BOT><>"
L 04/11/2016 - 20:40:16: [playercommands.smx] "Nopied◎<2><[U:1:103205717]><>" slayed "Bot04<6><BOT><>"
L 04/11/2016 - 20:40:16: [playercommands.smx] "Nopied◎<2><[U:1:103205717]><>" slayed "Bot05<7><BOT><>"
L 04/11/2016 - 20:40:16: [playercommands.smx] "Nopied◎<2><[U:1:103205717]><>" slayed "Bot06<8><BOT><>"
L 04/11/2016 - 20:48:17: [playercommands.smx] "Nopied◎<2><[U:1:103205717]><>" slayed "Bot01<3><BOT><>"
L 04/11/2016 - 20:48:17: [playercommands.smx] "Nopied◎<2><[U:1:103205717]><>" slayed "Bot02<4><BOT><>"
L 04/11/2016 - 20:48:17: [playercommands.smx] "Nopied◎<2><[U:1:103205717]><>" slayed "Bot03<5><BOT><>"
L 04/11/2016 - 20:48:17: [playercommands.smx] "Nopied◎<2><[U:1:103205717]><>" slayed "Bot04<6><BOT><>"
L 04/11/2016 - 20:48:17: [playercommands.smx] "Nopied◎<2><[U:1:103205717]><>" slayed "Bot05<7><BOT><>"
L 04/11/2016 - 20:48:17: [playercommands.smx] "Nopied◎<2><[U:1:103205717]><>" slayed "Bot06<8><BOT><>"
L 04/11/2016 - 21:01:12: [playercommands.smx] "Nopied◎<2><[U:1:103205717]><>" slayed "티벳여우<11><[U:1:171130010]><>"
L 04/11/2016 - 21:05:19: [basecommands.smx] "Nopied◎<2><[U:1:103205717]><>" kicked "Bot01<3><BOT><>" (reason "멀록이세요?")
L 04/11/2016 - 21:05:19: [basecommands.smx] "Nopied◎<2><[U:1:103205717]><>" kicked "Bot02<4><BOT><>" (reason "멀록이세요?")
L 04/11/2016 - 21:05:19: [basecommands.smx] "Nopied◎<2><[U:1:103205717]><>" kicked "Bot03<5><BOT><>" (reason "멀록이세요?")
L 04/11/2016 - 21:05:19: [basecommands.smx] "Nopied◎<2><[U:1:103205717]><>" kicked "Bot04<6><BOT><>" (reason "멀록이세요?")
L 04/11/2016 - 21:05:19: [basecommands.smx] "Nopied◎<2><[U:1:103205717]><>" kicked "Bot05<7><BOT><>" (reason "멀록이세요?")
L 04/11/2016 - 21:05:19: [basecommands.smx] "Nopied◎<2><[U:1:103205717]><>" kicked "Bot06<8><BOT><>" (reason "멀록이세요?")
L 04/11/2016 - 21:05:19: [basecommands.smx] "Nopied◎<2><[U:1:103205717]><>" kicked "Rimuru Temfest<9><[U:1:76700589]><>" (reason "멀록이세요?")
L 04/11/2016 - 21:05:19: [basecommands.smx] "Nopied◎<2><[U:1:103205717]><>" kicked "후와와 (작다)<10><[U:1:209760731]><>" (reason "멀록이세요?")
L 04/11/2016 - 21:05:19: [basecommands.smx] "Nopied◎<2><[U:1:103205717]><>" kicked "티벳여우<14><[U:1:171130010]><>" (reason "멀록이세요?")
L 04/11/2016 - 21:05:19: [basecommands.smx] "Nopied◎<2><[U:1:103205717]><>" kicked "아야시(갓갓퇴물!)<12><[U:1:239742710]><>" (reason "멀록이세요?")
L 04/11/2016 - 21:05:19: [basecommands.smx] "Nopied◎<2><[U:1:103205717]><>" kicked "Nopied◎<2><[U:1:103205717]><>" (reason "멀록이세요?")
L 04/11/2016 - 21:05:27: Log file closed.
L 04/11/2016 - 21:15:36: SourceMod log file session started (file "L20160411.log") (Version "1.7.3-dev+5298")
L 04/11/2016 - 21:15:36: -------- Mapchange to arena_badlands --------
L 04/11/2016 - 21:15:36: [TF2ITEMS] "GiveNamedItem" offset = 472
L 04/11/2016 - 21:15:38: [Boss Selection.smx] [FF2boss] Added chat command: ff2boss
L 04/11/2016 - 21:15:38: [Boss Selection.smx] [FF2boss] Added chat command: boss
L 04/11/2016 - 21:15:38: [Boss Selection.smx] [FF2boss] Added chat command: 보스
L 04/11/2016 - 21:15:38: [Boss Selection.smx] [FF2boss] Added chat command: 보스선택
L 04/11/2016 - 21:15:38: [custompart.smx] Debug for CustomPart
L 04/11/2016 - 21:15:38: [freak_fortress_2.smx] ===Freak Fortress 2 Initializing-v1.10.9 Beta (build manual)===
L 04/11/2016 - 21:15:50: [Boss Selection.smx] [FF2boss] Added chat command: ff2boss
L 04/11/2016 - 21:15:50: [Boss Selection.smx] [FF2boss] Added chat command: boss
L 04/11/2016 - 21:15:50: [Boss Selection.smx] [FF2boss] Added chat command: 보스
L 04/11/2016 - 21:15:50: [Boss Selection.smx] [FF2boss] Added chat command: 보스선택
L 04/11/2016 - 21:16:46: -------- Mapchange to cp_vanguard --------
L 04/11/2016 - 21:16:52: [Boss Selection.smx] [FF2boss] Added chat command: ff2boss
L 04/11/2016 - 21:16:52: [Boss Selection.smx] [FF2boss] Added chat command: boss
L 04/11/2016 - 21:16:52: [Boss Selection.smx] [FF2boss] Added chat command: 보스
L 04/11/2016 - 21:16:52: [Boss Selection.smx] [FF2boss] Added chat command: 보스선택
L 04/11/2016 - 21:19:24: Log file closed.
