L 04/20/2016 - 20:08:30: SourceMod log file session started (file "L20160420.log") (Version "1.7.3-dev+5298")
L 04/20/2016 - 20:08:30: -------- Mapchange to arena_badlands --------
L 04/20/2016 - 20:08:31: [TF2ITEMS] "GiveNamedItem" offset = 472
L 04/20/2016 - 20:08:33: [Boss Selection.smx] [FF2boss] Added chat command: ff2boss
L 04/20/2016 - 20:08:33: [Boss Selection.smx] [FF2boss] Added chat command: boss
L 04/20/2016 - 20:08:33: [Boss Selection.smx] [FF2boss] Added chat command: 보스
L 04/20/2016 - 20:08:33: [Boss Selection.smx] [FF2boss] Added chat command: 보스선택
L 04/20/2016 - 20:08:33: [custompart.smx] Debug for CustomPart
L 04/20/2016 - 20:08:33: [freak_fortress_2.smx] ===Freak Fortress 2 Initializing-v1.10.9 Beta (build manual)===
L 04/20/2016 - 20:08:46: [Boss Selection.smx] [FF2boss] Added chat command: ff2boss
L 04/20/2016 - 20:08:46: [Boss Selection.smx] [FF2boss] Added chat command: boss
L 04/20/2016 - 20:08:46: [Boss Selection.smx] [FF2boss] Added chat command: 보스
L 04/20/2016 - 20:08:46: [Boss Selection.smx] [FF2boss] Added chat command: 보스선택
L 04/20/2016 - 20:11:54: [basecommands.smx] "Nopied◎<2><[U:1:103205717]><>" changed map to "arena_badlands"
L 04/20/2016 - 20:11:57: [SM] Changed map to "arena_badlands"
L 04/20/2016 - 20:11:58: -------- Mapchange to arena_badlands --------
L 04/20/2016 - 20:12:03: [Boss Selection.smx] [FF2boss] Added chat command: ff2boss
L 04/20/2016 - 20:12:04: [Boss Selection.smx] [FF2boss] Added chat command: boss
L 04/20/2016 - 20:12:04: [Boss Selection.smx] [FF2boss] Added chat command: 보스
L 04/20/2016 - 20:12:04: [Boss Selection.smx] [FF2boss] Added chat command: 보스선택
L 04/20/2016 - 20:22:51: [playercommands.smx] "Nopied◎<2><[U:1:103205717]><>" slayed "Nopied◎<2><[U:1:103205717]><>"
L 04/20/2016 - 20:22:51: [playercommands.smx] "Nopied◎<2><[U:1:103205717]><>" slayed "GO mediseun<3><[U:1:61271689]><>"
L 04/20/2016 - 20:23:16: [playercommands.smx] "Nopied◎<2><[U:1:103205717]><>" slayed "Nopied◎<2><[U:1:103205717]><>"
L 04/20/2016 - 20:23:16: [playercommands.smx] "Nopied◎<2><[U:1:103205717]><>" slayed "GO mediseun<3><[U:1:61271689]><>"
L 04/20/2016 - 20:23:49: [freak_fortress_2.smx] "Nopied◎<2><[U:1:103205717]><>" added 124 queue points to "Nopied◎<2><[U:1:103205717]><>"
L 04/20/2016 - 20:23:52: [playercommands.smx] "Nopied◎<2><[U:1:103205717]><>" slayed "Nopied◎<2><[U:1:103205717]><>"
L 04/20/2016 - 20:23:52: [playercommands.smx] "Nopied◎<2><[U:1:103205717]><>" slayed "GO mediseun<3><[U:1:61271689]><>"
L 04/20/2016 - 20:30:07: Log file closed.
L 04/20/2016 - 20:30:30: SourceMod log file session started (file "L20160420.log") (Version "1.7.3-dev+5298")
L 04/20/2016 - 20:30:30: -------- Mapchange to arena_badlands --------
L 04/20/2016 - 20:30:30: [TF2ITEMS] "GiveNamedItem" offset = 472
L 04/20/2016 - 20:30:30: [Boss Selection.smx] [FF2boss] Added chat command: ff2boss
L 04/20/2016 - 20:30:30: [Boss Selection.smx] [FF2boss] Added chat command: boss
L 04/20/2016 - 20:30:30: [Boss Selection.smx] [FF2boss] Added chat command: 보스
L 04/20/2016 - 20:30:30: [Boss Selection.smx] [FF2boss] Added chat command: 보스선택
L 04/20/2016 - 20:30:30: [custompart.smx] Debug for CustomPart
L 04/20/2016 - 20:30:30: [freak_fortress_2.smx] ===Freak Fortress 2 Initializing-v1.10.9 Beta (build manual)===
L 04/20/2016 - 20:30:42: [Boss Selection.smx] [FF2boss] Added chat command: ff2boss
L 04/20/2016 - 20:30:42: [Boss Selection.smx] [FF2boss] Added chat command: boss
L 04/20/2016 - 20:30:42: [Boss Selection.smx] [FF2boss] Added chat command: 보스
L 04/20/2016 - 20:30:42: [Boss Selection.smx] [FF2boss] Added chat command: 보스선택
L 04/20/2016 - 20:33:12: [playercommands.smx] "Nopied◎<2><[U:1:103205717]><>" slayed "Nopied◎<2><[U:1:103205717]><>"
L 04/20/2016 - 20:33:12: [playercommands.smx] "Nopied◎<2><[U:1:103205717]><>" slayed "Bot01<3><BOT><>"
L 04/20/2016 - 20:33:12: [playercommands.smx] "Nopied◎<2><[U:1:103205717]><>" slayed "Bot02<4><BOT><>"
L 04/20/2016 - 20:33:12: [playercommands.smx] "Nopied◎<2><[U:1:103205717]><>" slayed "Bot03<5><BOT><>"
L 04/20/2016 - 20:33:12: [playercommands.smx] "Nopied◎<2><[U:1:103205717]><>" slayed "Bot04<6><BOT><>"
L 04/20/2016 - 20:33:12: [playercommands.smx] "Nopied◎<2><[U:1:103205717]><>" slayed "Bot05<7><BOT><>"
L 04/20/2016 - 20:33:12: [playercommands.smx] "Nopied◎<2><[U:1:103205717]><>" slayed "Bot06<8><BOT><>"
L 04/20/2016 - 20:35:38: [freak_fortress_2.smx] ===Freak Fortress 2 Initializing-v1.10.9 Beta (build manual)===
L 04/20/2016 - 20:45:57: SourceMod log file session started (file "L20160420.log") (Version "1.7.3-dev+5298")
L 04/20/2016 - 20:45:57: -------- Mapchange to arena_badlands --------
L 04/20/2016 - 20:45:57: [TF2ITEMS] "GiveNamedItem" offset = 472
L 04/20/2016 - 20:45:57: [Boss Selection.smx] [FF2boss] Added chat command: ff2boss
L 04/20/2016 - 20:45:57: [Boss Selection.smx] [FF2boss] Added chat command: boss
L 04/20/2016 - 20:45:57: [Boss Selection.smx] [FF2boss] Added chat command: 보스
L 04/20/2016 - 20:45:57: [Boss Selection.smx] [FF2boss] Added chat command: 보스선택
L 04/20/2016 - 20:45:57: [custompart.smx] Debug for CustomPart
L 04/20/2016 - 20:45:57: [freak_fortress_2.smx] ===Freak Fortress 2 Initializing-v1.10.9 Beta (build manual)===
L 04/20/2016 - 20:46:09: [Boss Selection.smx] [FF2boss] Added chat command: ff2boss
L 04/20/2016 - 20:46:09: [Boss Selection.smx] [FF2boss] Added chat command: boss
L 04/20/2016 - 20:46:09: [Boss Selection.smx] [FF2boss] Added chat command: 보스
L 04/20/2016 - 20:46:09: [Boss Selection.smx] [FF2boss] Added chat command: 보스선택
L 04/20/2016 - 20:48:21: [playercommands.smx] "Nopied◎<3><[U:1:103205717]><>" slayed "[KOR]dwgwjw1024[PFBT]<4><[U:1:159644927]><>"
L 04/20/2016 - 20:53:12: [playercommands.smx] "Nopied◎<3><[U:1:103205717]><>" slapped "[KOR]dwgwjw1024[PFBT]<4><[U:1:159644927]><>" (damage "10")
L 04/20/2016 - 20:53:13: [playercommands.smx] "Nopied◎<3><[U:1:103205717]><>" slapped "[KOR]dwgwjw1024[PFBT]<4><[U:1:159644927]><>" (damage "10")
L 04/20/2016 - 20:53:13: [playercommands.smx] "Nopied◎<3><[U:1:103205717]><>" slapped "[KOR]dwgwjw1024[PFBT]<4><[U:1:159644927]><>" (damage "10")
L 04/20/2016 - 20:53:13: [playercommands.smx] "Nopied◎<3><[U:1:103205717]><>" slapped "[KOR]dwgwjw1024[PFBT]<4><[U:1:159644927]><>" (damage "10")
L 04/20/2016 - 20:53:13: [playercommands.smx] "Nopied◎<3><[U:1:103205717]><>" slapped "[KOR]dwgwjw1024[PFBT]<4><[U:1:159644927]><>" (damage "10")
L 04/20/2016 - 20:53:13: [playercommands.smx] "Nopied◎<3><[U:1:103205717]><>" slapped "[KOR]dwgwjw1024[PFBT]<4><[U:1:159644927]><>" (damage "10")
L 04/20/2016 - 20:53:13: [playercommands.smx] "Nopied◎<3><[U:1:103205717]><>" slapped "[KOR]dwgwjw1024[PFBT]<4><[U:1:159644927]><>" (damage "10")
L 04/20/2016 - 20:53:14: [playercommands.smx] "Nopied◎<3><[U:1:103205717]><>" slapped "[KOR]dwgwjw1024[PFBT]<4><[U:1:159644927]><>" (damage "10")
L 04/20/2016 - 20:53:14: [playercommands.smx] "Nopied◎<3><[U:1:103205717]><>" slapped "[KOR]dwgwjw1024[PFBT]<4><[U:1:159644927]><>" (damage "10")
L 04/20/2016 - 20:53:14: [playercommands.smx] "Nopied◎<3><[U:1:103205717]><>" slapped "[KOR]dwgwjw1024[PFBT]<4><[U:1:159644927]><>" (damage "10")
L 04/20/2016 - 20:53:14: [playercommands.smx] "Nopied◎<3><[U:1:103205717]><>" slapped "[KOR]dwgwjw1024[PFBT]<4><[U:1:159644927]><>" (damage "10")
L 04/20/2016 - 20:53:14: [playercommands.smx] "Nopied◎<3><[U:1:103205717]><>" slapped "[KOR]dwgwjw1024[PFBT]<4><[U:1:159644927]><>" (damage "10")
L 04/20/2016 - 20:53:14: [playercommands.smx] "Nopied◎<3><[U:1:103205717]><>" slapped "[KOR]dwgwjw1024[PFBT]<4><[U:1:159644927]><>" (damage "10")
L 04/20/2016 - 20:56:13: [funcommands.smx] "Nopied◎<3><[U:1:103205717]><>" set a beacon on "[KOR]dwgwjw1024[PFBT]<4><[U:1:159644927]><>"
L 04/20/2016 - 21:00:47: [Boss Selection.smx] 이 클라이언트는 0의 대기포인트를 저장해놓은 상태.
L 04/20/2016 - 21:05:57: [Boss Selection.smx] 이 클라이언트는 0의 대기포인트를 저장해놓은 상태.
L 04/20/2016 - 21:10:41: [Boss Selection.smx] 이 클라이언트는 0의 대기포인트를 저장해놓은 상태.
L 04/20/2016 - 21:10:41: [Boss Selection.smx] 이 클라이언트는 0의 대기포인트를 저장해놓은 상태.
L 04/20/2016 - 21:18:07: [playercommands.smx] "Nopied◎<3><[U:1:103205717]><>" slayed "GO mediseun<7><[U:1:61271689]><>"
L 04/20/2016 - 21:18:10: [Boss Selection.smx] 이 클라이언트는 0의 대기포인트를 저장해놓은 상태.
L 04/20/2016 - 21:18:10: [Boss Selection.smx] 이 클라이언트는 0의 대기포인트를 저장해놓은 상태.
L 04/20/2016 - 21:18:32: [playercommands.smx] "Nopied◎<3><[U:1:103205717]><>" slayed "[KOR]dwgwjw1024[PFBT]<4><[U:1:159644927]><>"
L 04/20/2016 - 21:18:35: [Boss Selection.smx] 이 클라이언트는 0의 대기포인트를 저장해놓은 상태.
L 04/20/2016 - 21:18:35: [Boss Selection.smx] 이 클라이언트는 0의 대기포인트를 저장해놓은 상태.
L 04/20/2016 - 21:19:42: [Boss Selection.smx] 이 클라이언트는 0의 대기포인트를 저장해놓은 상태.
L 04/20/2016 - 21:19:42: [Boss Selection.smx] 이 클라이언트는 0의 대기포인트를 저장해놓은 상태.
L 04/20/2016 - 21:21:15: [Boss Selection.smx] 이 클라이언트는 0의 대기포인트를 저장해놓은 상태.
L 04/20/2016 - 21:21:15: [Boss Selection.smx] 이 클라이언트는 0의 대기포인트를 저장해놓은 상태.
L 04/20/2016 - 21:24:11: [Boss Selection.smx] 이 클라이언트는 0의 대기포인트를 저장해놓은 상태.
L 04/20/2016 - 21:24:11: [Boss Selection.smx] 이 클라이언트는 0의 대기포인트를 저장해놓은 상태.
L 04/20/2016 - 21:24:24: [basecommands.smx] "Nopied◎<3><[U:1:103205717]><>" changed map to "arena_badlands"
L 04/20/2016 - 21:24:27: [SM] Changed map to "arena_badlands"
L 04/20/2016 - 21:24:28: -------- Mapchange to arena_badlands --------
L 04/20/2016 - 21:24:33: [Boss Selection.smx] [FF2boss] Added chat command: ff2boss
L 04/20/2016 - 21:24:33: [Boss Selection.smx] [FF2boss] Added chat command: boss
L 04/20/2016 - 21:24:33: [Boss Selection.smx] [FF2boss] Added chat command: 보스
L 04/20/2016 - 21:24:33: [Boss Selection.smx] [FF2boss] Added chat command: 보스선택
L 04/20/2016 - 21:28:48: [Boss Selection.smx] 이 클라이언트는 0의 대기포인트를 저장해놓은 상태.
L 04/20/2016 - 21:28:48: [Boss Selection.smx] 이 클라이언트는 0의 대기포인트를 저장해놓은 상태.
L 04/20/2016 - 21:34:25: [playercommands.smx] "Nopied◎<3><[U:1:103205717]><>" slayed "[KOR]dwgwjw1024[PFBT]<4><[U:1:159644927]><>"
L 04/20/2016 - 21:34:28: [Boss Selection.smx] 이 클라이언트는 0의 대기포인트를 저장해놓은 상태.
L 04/20/2016 - 21:34:28: [Boss Selection.smx] 이 클라이언트는 0의 대기포인트를 저장해놓은 상태.
L 04/20/2016 - 21:38:37: [Boss Selection.smx] 이 클라이언트는 0의 대기포인트를 저장해놓은 상태.
L 04/20/2016 - 21:38:58: [basecommands.smx] "Nopied◎<3><[U:1:103205717]><>" kicked "[KOR]dwgwjw1024[PFBT]<4><[U:1:159644927]><>" (reason ".")
L 04/20/2016 - 21:38:58: [basecommands.smx] "Nopied◎<3><[U:1:103205717]><>" kicked "-҉҉҉҉҉o҉҉҉҉҉-<11><[U:1:40881577]><>" (reason ".")
L 04/20/2016 - 21:38:58: [basecommands.smx] "Nopied◎<3><[U:1:103205717]><>" kicked "GO mediseun<7><[U:1:61271689]><>" (reason ".")
L 04/20/2016 - 21:38:58: [basecommands.smx] "Nopied◎<3><[U:1:103205717]><>" kicked "깜찍이 ♥ @ _ @<9><[U:1:108655766]><>" (reason ".")
L 04/20/2016 - 21:38:58: [basecommands.smx] "Nopied◎<3><[U:1:103205717]><>" kicked "Nopied◎<3><[U:1:103205717]><>" (reason ".")
L 04/20/2016 - 21:40:21: Log file closed.
L 04/20/2016 - 22:08:42: SourceMod log file session started (file "L20160420.log") (Version "1.7.3-dev+5298")
L 04/20/2016 - 22:08:42: -------- Mapchange to arena_badlands --------
L 04/20/2016 - 22:08:42: [TF2ITEMS] "GiveNamedItem" offset = 472
L 04/20/2016 - 22:08:43: [Boss Selection.smx] [FF2boss] Added chat command: ff2boss
L 04/20/2016 - 22:08:43: [Boss Selection.smx] [FF2boss] Added chat command: boss
L 04/20/2016 - 22:08:43: [Boss Selection.smx] [FF2boss] Added chat command: 보스
L 04/20/2016 - 22:08:43: [Boss Selection.smx] [FF2boss] Added chat command: 보스선택
L 04/20/2016 - 22:08:43: [custompart.smx] Debug for CustomPart
L 04/20/2016 - 22:08:43: [freak_fortress_2.smx] ===Freak Fortress 2 Initializing-v1.10.9 Beta (build manual)===
L 04/20/2016 - 22:08:55: [Boss Selection.smx] [FF2boss] Added chat command: ff2boss
L 04/20/2016 - 22:08:55: [Boss Selection.smx] [FF2boss] Added chat command: boss
L 04/20/2016 - 22:08:55: [Boss Selection.smx] [FF2boss] Added chat command: 보스
L 04/20/2016 - 22:08:55: [Boss Selection.smx] [FF2boss] Added chat command: 보스선택
L 04/20/2016 - 23:36:44: Log file closed.
