L 05/12/2016 - 23:07:25: SourceMod log file session started (file "L20160512.log") (Version "1.7.3-dev+5298")
L 05/12/2016 - 23:07:25: -------- Mapchange to vsh_apg_v2 --------
L 05/12/2016 - 23:07:25: [TF2ITEMS] "GiveNamedItem" offset = 472
L 05/12/2016 - 23:07:27: [boss_selection.smx] [FF2boss] Added chat command: ff2boss
L 05/12/2016 - 23:07:27: [boss_selection.smx] [FF2boss] Added chat command: boss
L 05/12/2016 - 23:07:27: [boss_selection.smx] [FF2boss] Added chat command: 보스
L 05/12/2016 - 23:07:27: [boss_selection.smx] [FF2boss] Added chat command: 보스선택
L 05/12/2016 - 23:07:27: [custompart.smx] Debug for CustomPart
L 05/12/2016 - 23:07:27: [freak_fortress_2.smx] ===Freak Fortress 2 Initializing-v1.10.9 Beta (build manual)===
L 05/12/2016 - 23:07:40: [boss_selection.smx] [FF2boss] Added chat command: ff2boss
L 05/12/2016 - 23:07:40: [boss_selection.smx] [FF2boss] Added chat command: boss
L 05/12/2016 - 23:07:40: [boss_selection.smx] [FF2boss] Added chat command: 보스
L 05/12/2016 - 23:07:40: [boss_selection.smx] [FF2boss] Added chat command: 보스선택
L 05/12/2016 - 23:09:53: Log file closed.
L 05/12/2016 - 23:11:39: SourceMod log file session started (file "L20160512.log") (Version "1.7.3-dev+5298")
L 05/12/2016 - 23:11:39: -------- Mapchange to vsh_apg_v2 --------
L 05/12/2016 - 23:11:39: [TF2ITEMS] "GiveNamedItem" offset = 472
L 05/12/2016 - 23:11:39: [boss_selection.smx] [FF2boss] Added chat command: ff2boss
L 05/12/2016 - 23:11:39: [boss_selection.smx] [FF2boss] Added chat command: boss
L 05/12/2016 - 23:11:39: [boss_selection.smx] [FF2boss] Added chat command: 보스
L 05/12/2016 - 23:11:39: [boss_selection.smx] [FF2boss] Added chat command: 보스선택
L 05/12/2016 - 23:11:39: [custompart.smx] Debug for CustomPart
L 05/12/2016 - 23:11:39: [freak_fortress_2.smx] ===Freak Fortress 2 Initializing-v1.10.10 Beta===
L 05/12/2016 - 23:11:51: [boss_selection.smx] [FF2boss] Added chat command: ff2boss
L 05/12/2016 - 23:11:51: [boss_selection.smx] [FF2boss] Added chat command: boss
L 05/12/2016 - 23:11:51: [boss_selection.smx] [FF2boss] Added chat command: 보스
L 05/12/2016 - 23:11:51: [boss_selection.smx] [FF2boss] Added chat command: 보스선택
L 05/12/2016 - 23:13:39: [boss_selection.smx] -1
L 05/12/2016 - 23:14:23: [boss_selection.smx] 0
L 05/12/2016 - 23:18:14: [playercommands.smx] "Nopied◎<2><[U:1:103205717]><>" slayed "Humans Are Weak<4><BOT><>"
L 05/12/2016 - 23:18:46: [playercommands.smx] "Nopied◎<2><[U:1:103205717]><>" slayed "Nopied◎<2><[U:1:103205717]><>"
L 05/12/2016 - 23:19:11: [playercommands.smx] "Nopied◎<2><[U:1:103205717]><>" slayed "Humans Are Weak<4><BOT><>"
L 05/12/2016 - 23:19:42: [boss_selection.smx] 
L 05/12/2016 - 23:20:38: [playercommands.smx] "Nopied◎<2><[U:1:103205717]><>" slayed "Nopied◎<2><[U:1:103205717]><>"
L 05/12/2016 - 23:20:38: [playercommands.smx] "Nopied◎<2><[U:1:103205717]><>" slayed "Humans Are Weak<4><BOT><>"
L 05/12/2016 - 23:23:12: [playercommands.smx] "Nopied◎<2><[U:1:103205717]><>" slayed "Nopied◎<2><[U:1:103205717]><>"
L 05/12/2016 - 23:23:21: [boss_selection.smx] -1
L 05/12/2016 - 23:27:26: Log file closed.
