L 04/14/2016 - 21:21:43: SourceMod log file session started (file "L20160414.log") (Version "1.7.3-dev+5298")
L 04/14/2016 - 21:21:43: -------- Mapchange to arena_badlands --------
L 04/14/2016 - 21:21:43: [TF2ITEMS] "GiveNamedItem" offset = 472
L 04/14/2016 - 21:21:45: [Boss Selection.smx] [FF2boss] Added chat command: ff2boss
L 04/14/2016 - 21:21:45: [Boss Selection.smx] [FF2boss] Added chat command: boss
L 04/14/2016 - 21:21:45: [Boss Selection.smx] [FF2boss] Added chat command: 보스
L 04/14/2016 - 21:21:45: [Boss Selection.smx] [FF2boss] Added chat command: 보스선택
L 04/14/2016 - 21:21:45: [custompart.smx] Debug for CustomPart
L 04/14/2016 - 21:21:45: [freak_fortress_2.smx] ===Freak Fortress 2 Initializing-v1.10.9 Beta (build manual)===
L 04/14/2016 - 21:21:57: [Boss Selection.smx] [FF2boss] Added chat command: ff2boss
L 04/14/2016 - 21:21:57: [Boss Selection.smx] [FF2boss] Added chat command: boss
L 04/14/2016 - 21:21:57: [Boss Selection.smx] [FF2boss] Added chat command: 보스
L 04/14/2016 - 21:21:57: [Boss Selection.smx] [FF2boss] Added chat command: 보스선택
L 04/14/2016 - 21:24:19: Log file closed.
L 04/14/2016 - 21:24:31: SourceMod log file session started (file "L20160414.log") (Version "1.7.3-dev+5298")
L 04/14/2016 - 21:24:31: -------- Mapchange to arena_badlands --------
L 04/14/2016 - 21:24:31: [TF2ITEMS] "GiveNamedItem" offset = 472
L 04/14/2016 - 21:24:32: [Boss Selection.smx] [FF2boss] Added chat command: ff2boss
L 04/14/2016 - 21:24:32: [Boss Selection.smx] [FF2boss] Added chat command: boss
L 04/14/2016 - 21:24:32: [Boss Selection.smx] [FF2boss] Added chat command: 보스
L 04/14/2016 - 21:24:32: [Boss Selection.smx] [FF2boss] Added chat command: 보스선택
L 04/14/2016 - 21:24:32: [custompart.smx] Debug for CustomPart
L 04/14/2016 - 21:24:32: [freak_fortress_2.smx] ===Freak Fortress 2 Initializing-v1.10.9 Beta (build manual)===
L 04/14/2016 - 21:24:41: [Boss Selection.smx] [FF2boss] Added chat command: ff2boss
L 04/14/2016 - 21:24:42: [Boss Selection.smx] [FF2boss] Added chat command: boss
L 04/14/2016 - 21:24:42: [Boss Selection.smx] [FF2boss] Added chat command: 보스
L 04/14/2016 - 21:24:42: [Boss Selection.smx] [FF2boss] Added chat command: 보스선택
L 04/14/2016 - 21:28:49: [Boss Selection.smx] 선택한 보스 이름: 씨맨
L 04/14/2016 - 21:30:52: [playercommands.smx] "Subconsciousness<3><[U:1:300348140]><>" slayed "아야시(갓갓퇴물!)<10><[U:1:239742710]><>"
L 04/14/2016 - 21:34:36: [playercommands.smx] "Subconsciousness<3><[U:1:300348140]><>" slayed "쓰레기<2><[U:1:150941697]><>"
L 04/14/2016 - 21:34:36: [playercommands.smx] "Subconsciousness<3><[U:1:300348140]><>" slayed "Bot01<4><BOT><>"
L 04/14/2016 - 21:34:36: [playercommands.smx] "Subconsciousness<3><[U:1:300348140]><>" slayed "Bot02<5><BOT><>"
L 04/14/2016 - 21:34:36: [playercommands.smx] "Subconsciousness<3><[U:1:300348140]><>" slayed "Bot03<6><BOT><>"
L 04/14/2016 - 21:34:36: [playercommands.smx] "Subconsciousness<3><[U:1:300348140]><>" slayed "Bot04<7><BOT><>"
L 04/14/2016 - 21:34:36: [playercommands.smx] "Subconsciousness<3><[U:1:300348140]><>" slayed "Bot05<8><BOT><>"
L 04/14/2016 - 21:36:20: [Boss Selection.smx] 선택한 보스 이름: 버지니어
L 04/14/2016 - 21:37:07: [playercommands.smx] "Subconsciousness<3><[U:1:300348140]><>" slayed "Bot01<4><BOT><>"
L 04/14/2016 - 21:37:07: [playercommands.smx] "Subconsciousness<3><[U:1:300348140]><>" slayed "Bot02<5><BOT><>"
L 04/14/2016 - 21:37:07: [playercommands.smx] "Subconsciousness<3><[U:1:300348140]><>" slayed "Bot03<6><BOT><>"
L 04/14/2016 - 21:37:07: [playercommands.smx] "Subconsciousness<3><[U:1:300348140]><>" slayed "Bot04<7><BOT><>"
L 04/14/2016 - 21:37:07: [playercommands.smx] "Subconsciousness<3><[U:1:300348140]><>" slayed "Bot05<8><BOT><>"
L 04/14/2016 - 21:37:07: [playercommands.smx] "Subconsciousness<3><[U:1:300348140]><>" slayed "Bot06<9><BOT><>"
L 04/14/2016 - 21:37:21: [Boss Selection.smx] 선택한 보스 이름: 데모판
L 04/14/2016 - 21:42:21: [playercommands.smx] "Subconsciousness<3><[U:1:300348140]><>" slayed "Bot01<4><BOT><>"
L 04/14/2016 - 21:42:21: [playercommands.smx] "Subconsciousness<3><[U:1:300348140]><>" slayed "Bot02<5><BOT><>"
L 04/14/2016 - 21:42:21: [playercommands.smx] "Subconsciousness<3><[U:1:300348140]><>" slayed "Bot03<6><BOT><>"
L 04/14/2016 - 21:42:21: [playercommands.smx] "Subconsciousness<3><[U:1:300348140]><>" slayed "Bot04<7><BOT><>"
L 04/14/2016 - 21:42:21: [playercommands.smx] "Subconsciousness<3><[U:1:300348140]><>" slayed "Bot05<8><BOT><>"
L 04/14/2016 - 21:42:21: [playercommands.smx] "Subconsciousness<3><[U:1:300348140]><>" slayed "Bot06<9><BOT><>"
L 04/14/2016 - 21:43:42: [playercommands.smx] "Subconsciousness<3><[U:1:300348140]><>" slayed "쓰레기<2><[U:1:150941697]><>"
L 04/14/2016 - 21:44:10: [Boss Selection.smx] 선택한 보스 이름: 데모판
L 04/14/2016 - 21:56:29: [freak_fortress_2.smx] "Subconsciousness<3><[U:1:300348140]><>" added 1234 queue points to "Subconsciousness<3><[U:1:300348140]><>"
L 04/14/2016 - 22:01:31: [SM] Changed map to "koth_nucleus"
L 04/14/2016 - 22:01:32: -------- Mapchange to koth_nucleus --------
L 04/14/2016 - 22:01:38: [Boss Selection.smx] [FF2boss] Added chat command: ff2boss
L 04/14/2016 - 22:01:38: [Boss Selection.smx] [FF2boss] Added chat command: boss
L 04/14/2016 - 22:01:38: [Boss Selection.smx] [FF2boss] Added chat command: 보스
L 04/14/2016 - 22:01:38: [Boss Selection.smx] [FF2boss] Added chat command: 보스선택
L 04/14/2016 - 22:01:45: [basecommands.smx] "Console<0><Console><Console>" kicked "쓰레기<2><[U:1:150941697]><>" (reason "Fuck off.")
L 04/14/2016 - 22:01:45: [basecommands.smx] "Console<0><Console><Console>" kicked "Subconsciousness<3><[U:1:300348140]><>" (reason "Fuck off.")
L 04/14/2016 - 22:01:45: [basecommands.smx] "Console<0><Console><Console>" kicked "아야시(갓갓퇴물!)<10><[U:1:239742710]><>" (reason "Fuck off.")
L 04/14/2016 - 22:04:00: Log file closed.
