L 05/15/2016 - 19:02:55: SourceMod log file session started (file "L20160515.log") (Version "1.7.3-dev+5298")
L 05/15/2016 - 19:02:55: -------- Mapchange to vsh_apg_v2 --------
L 05/15/2016 - 19:02:55: [TF2ITEMS] "GiveNamedItem" offset = 472
L 05/15/2016 - 19:02:57: [boss_selection.smx] [FF2boss] Added chat command: ff2boss
L 05/15/2016 - 19:02:57: [boss_selection.smx] [FF2boss] Added chat command: boss
L 05/15/2016 - 19:02:57: [boss_selection.smx] [FF2boss] Added chat command: 보스
L 05/15/2016 - 19:02:57: [boss_selection.smx] [FF2boss] Added chat command: 보스선택
L 05/15/2016 - 19:02:57: [custompart.smx] Debug for CustomPart
L 05/15/2016 - 19:02:57: [freak_fortress_2.smx] ===Freak Fortress 2 Initializing-v1.10.10 Beta===
L 05/15/2016 - 19:03:10: [boss_selection.smx] [FF2boss] Added chat command: ff2boss
L 05/15/2016 - 19:03:10: [boss_selection.smx] [FF2boss] Added chat command: boss
L 05/15/2016 - 19:03:10: [boss_selection.smx] [FF2boss] Added chat command: 보스
L 05/15/2016 - 19:03:10: [boss_selection.smx] [FF2boss] Added chat command: 보스선택
L 05/15/2016 - 19:04:34: [boss_selection.smx] -1
L 05/15/2016 - 19:15:21: [boss_selection.smx] -1
L 05/15/2016 - 19:20:31: [playercommands.smx] "Nopied◎<4><[U:1:103205717]><>" slayed "Nopied◎<4><[U:1:103205717]><>"
L 05/15/2016 - 19:27:32: [boss_selection.smx] -1
L 05/15/2016 - 19:29:05: [playercommands.smx] "Nopied◎<4><[U:1:103205717]><>" slayed "Nopied◎<4><[U:1:103205717]><>"
L 05/15/2016 - 19:29:05: [playercommands.smx] "Nopied◎<4><[U:1:103205717]><>" slayed "잠옷입은깜찍이<6><[U:1:108655766]><>"
L 05/15/2016 - 19:33:30: [boss_selection.smx] 
L 05/15/2016 - 19:33:53: [boss_selection.smx] -1
L 05/15/2016 - 19:34:34: [playercommands.smx] "Nopied◎<4><[U:1:103205717]><>" slayed "GO mediseun (자연산)<8><[U:1:61271689]><>"
L 05/15/2016 - 19:38:59: [funcommands.smx] "Nopied◎<4><[U:1:103205717]><>" set a TimeBomb on "잠옷입은깜찍이<6><[U:1:108655766]><>"
L 05/15/2016 - 19:39:35: [SM] Changed map to "tc_hydro"
L 05/15/2016 - 19:39:38: -------- Mapchange to tc_hydro --------
L 05/15/2016 - 19:39:44: [boss_selection.smx] [FF2boss] Added chat command: ff2boss
L 05/15/2016 - 19:39:44: [boss_selection.smx] [FF2boss] Added chat command: boss
L 05/15/2016 - 19:39:44: [boss_selection.smx] [FF2boss] Added chat command: 보스
L 05/15/2016 - 19:39:44: [boss_selection.smx] [FF2boss] Added chat command: 보스선택
L 05/15/2016 - 19:39:49: -------- Mapchange to vsh_2fortdesk_v8 --------
L 05/15/2016 - 19:39:54: [boss_selection.smx] [FF2boss] Added chat command: ff2boss
L 05/15/2016 - 19:39:54: [boss_selection.smx] [FF2boss] Added chat command: boss
L 05/15/2016 - 19:39:54: [boss_selection.smx] [FF2boss] Added chat command: 보스
L 05/15/2016 - 19:39:54: [boss_selection.smx] [FF2boss] Added chat command: 보스선택
L 05/15/2016 - 19:40:03: [boss_selection.smx] -1
L 05/15/2016 - 19:50:27: [freaks\halloween_2014.ff2] Selected 2 by Key: special_greyalien
L 05/15/2016 - 19:56:11: [freaks\halloween_2014.ff2] Selected 2 by Key: special_greyalien
L 05/15/2016 - 19:58:03: [playercommands.smx] "Nopied◎<4><[U:1:103205717]><>" slayed "Nopied◎<4><[U:1:103205717]><>"
L 05/15/2016 - 20:07:06: [boss_selection.smx] -1
L 05/15/2016 - 20:07:44: SourceMod log file session started (file "L20160515.log") (Version "1.7.3-dev+5298")
L 05/15/2016 - 20:07:44: -------- Mapchange to vsh_apg_v2 --------
L 05/15/2016 - 20:07:44: [TF2ITEMS] "GiveNamedItem" offset = 472
L 05/15/2016 - 20:07:44: [boss_selection.smx] [FF2boss] Added chat command: ff2boss
L 05/15/2016 - 20:07:44: [boss_selection.smx] [FF2boss] Added chat command: boss
L 05/15/2016 - 20:07:44: [boss_selection.smx] [FF2boss] Added chat command: 보스
L 05/15/2016 - 20:07:44: [boss_selection.smx] [FF2boss] Added chat command: 보스선택
L 05/15/2016 - 20:07:44: [custompart.smx] Debug for CustomPart
L 05/15/2016 - 20:07:44: [freak_fortress_2.smx] ===Freak Fortress 2 Initializing-v1.10.10 Beta===
L 05/15/2016 - 20:07:56: [boss_selection.smx] [FF2boss] Added chat command: ff2boss
L 05/15/2016 - 20:07:56: [boss_selection.smx] [FF2boss] Added chat command: boss
L 05/15/2016 - 20:07:56: [boss_selection.smx] [FF2boss] Added chat command: 보스
L 05/15/2016 - 20:07:56: [boss_selection.smx] [FF2boss] Added chat command: 보스선택
L 05/15/2016 - 20:08:55: [boss_selection.smx] -1
L 05/15/2016 - 20:12:46: SourceMod log file session started (file "L20160515.log") (Version "1.7.3-dev+5298")
L 05/15/2016 - 20:12:46: -------- Mapchange to vsh_apg_v2 --------
L 05/15/2016 - 20:12:46: [TF2ITEMS] "GiveNamedItem" offset = 472
L 05/15/2016 - 20:12:46: [boss_selection.smx] [FF2boss] Added chat command: ff2boss
L 05/15/2016 - 20:12:46: [boss_selection.smx] [FF2boss] Added chat command: boss
L 05/15/2016 - 20:12:46: [boss_selection.smx] [FF2boss] Added chat command: 보스
L 05/15/2016 - 20:12:46: [boss_selection.smx] [FF2boss] Added chat command: 보스선택
L 05/15/2016 - 20:12:46: [custompart.smx] Debug for CustomPart
L 05/15/2016 - 20:12:46: [freak_fortress_2.smx] ===Freak Fortress 2 Initializing-v1.10.10 Beta===
L 05/15/2016 - 20:12:58: [boss_selection.smx] [FF2boss] Added chat command: ff2boss
L 05/15/2016 - 20:12:58: [boss_selection.smx] [FF2boss] Added chat command: boss
L 05/15/2016 - 20:12:58: [boss_selection.smx] [FF2boss] Added chat command: 보스
L 05/15/2016 - 20:12:58: [boss_selection.smx] [FF2boss] Added chat command: 보스선택
L 05/15/2016 - 20:13:13: [boss_selection.smx] -1
L 05/15/2016 - 20:14:34: [boss_selection.smx] -1
L 05/15/2016 - 20:18:18: [freaks\halloween_2014.ff2] Selected 2 by Key: special_greyalien
L 05/15/2016 - 20:27:21: [freaks\halloween_2014.ff2] Selected 2 by Key: special_greyalien
L 05/15/2016 - 20:40:20: [playercommands.smx] "Nopied◎<2><[U:1:103205717]><>" slayed "Nopied◎<2><[U:1:103205717]><>"
L 05/15/2016 - 20:40:20: [playercommands.smx] "Nopied◎<2><[U:1:103205717]><>" slayed "trigger_hurt<5><BOT><>"
L 05/15/2016 - 20:48:59: Log file closed.
