L 03/16/2016 - 19:43:04: SourceMod log file session started (file "L20160316.log") (Version "1.7.3-dev+5298")
L 03/16/2016 - 19:43:04: -------- Mapchange to arena_badlands --------
L 03/16/2016 - 19:43:04: [TF2ITEMS] "GiveNamedItem" offset = 472
L 03/16/2016 - 19:43:06: [freak_fortress_2.smx] ===Freak Fortress 2 Initializing-v1.10.9 Beta (build manual)===
L 03/16/2016 - 19:44:51: Log file closed.
L 03/16/2016 - 19:46:21: SourceMod log file session started (file "L20160316.log") (Version "1.7.3-dev+5298")
L 03/16/2016 - 19:46:21: -------- Mapchange to arena_badlands --------
L 03/16/2016 - 19:46:21: [TF2ITEMS] "GiveNamedItem" offset = 472
L 03/16/2016 - 19:46:23: [freak_fortress_2.smx] ===Freak Fortress 2 Initializing-v1.10.9 Beta (build manual)===
L 03/16/2016 - 19:52:02: -------- Mapchange to arena_badlands --------
L 03/16/2016 - 19:53:26: Log file closed.
L 03/16/2016 - 19:54:03: SourceMod log file session started (file "L20160316.log") (Version "1.7.3-dev+5298")
L 03/16/2016 - 19:54:03: -------- Mapchange to arena_badlands --------
L 03/16/2016 - 19:54:03: [TF2ITEMS] "GiveNamedItem" offset = 472
L 03/16/2016 - 19:54:04: [freak_fortress_2.smx] ===Freak Fortress 2 Initializing-v1.10.9 Beta (build manual)===
L 03/16/2016 - 19:54:37: -------- Mapchange to arena_badlands --------
L 03/16/2016 - 19:56:09: -------- Mapchange to arena_badlands --------
L 03/16/2016 - 19:56:58: -------- Mapchange to arena_badlands --------
L 03/16/2016 - 19:58:48: Log file closed.
L 03/16/2016 - 19:59:00: SourceMod log file session started (file "L20160316.log") (Version "1.7.3-dev+5298")
L 03/16/2016 - 19:59:00: -------- Mapchange to arena_badlands --------
L 03/16/2016 - 19:59:00: [TF2ITEMS] "GiveNamedItem" offset = 472
L 03/16/2016 - 19:59:00: [freak_fortress_2.smx] ===Freak Fortress 2 Initializing-v1.10.9 Beta (build manual)===
L 03/16/2016 - 19:59:47: -------- Mapchange to arena_badlands --------
L 03/16/2016 - 20:03:16: -------- Mapchange to arena_badlands --------
L 03/16/2016 - 20:15:22: -------- Mapchange to arena_badlands --------
L 03/16/2016 - 20:15:22: [Boss Selection.smx] [FF2boss] Added chat command: ff2boss
L 03/16/2016 - 20:15:22: [Boss Selection.smx] [FF2boss] Added chat command: boss
L 03/16/2016 - 20:15:22: [Boss Selection.smx] [FF2boss] Added chat command: 보스
L 03/16/2016 - 20:15:22: [Boss Selection.smx] [FF2boss] Added chat command: 
L 03/16/2016 - 20:15:28: [Boss Selection.smx] [FF2boss] Added chat command: ff2boss
L 03/16/2016 - 20:15:28: [Boss Selection.smx] [FF2boss] Added chat command: boss
L 03/16/2016 - 20:15:28: [Boss Selection.smx] [FF2boss] Added chat command: 보스
L 03/16/2016 - 20:15:28: [Boss Selection.smx] [FF2boss] Added chat command: 
L 03/16/2016 - 20:17:24: Log file closed.
L 03/16/2016 - 20:17:37: SourceMod log file session started (file "L20160316.log") (Version "1.7.3-dev+5298")
L 03/16/2016 - 20:17:37: -------- Mapchange to arena_badlands --------
L 03/16/2016 - 20:17:37: [TF2ITEMS] "GiveNamedItem" offset = 472
L 03/16/2016 - 20:17:37: [Boss Selection.smx] [FF2boss] Added chat command: ff2boss
L 03/16/2016 - 20:17:37: [Boss Selection.smx] [FF2boss] Added chat command: boss
L 03/16/2016 - 20:17:37: [Boss Selection.smx] [FF2boss] Added chat command: 보스
L 03/16/2016 - 20:17:37: [Boss Selection.smx] [FF2boss] Added chat command: 보스선택
L 03/16/2016 - 20:17:37: [freak_fortress_2.smx] ===Freak Fortress 2 Initializing-v1.10.9 Beta (build manual)===
L 03/16/2016 - 20:17:48: [Boss Selection.smx] [FF2boss] Added chat command: ff2boss
L 03/16/2016 - 20:17:48: [Boss Selection.smx] [FF2boss] Added chat command: boss
L 03/16/2016 - 20:17:48: [Boss Selection.smx] [FF2boss] Added chat command: 보스
L 03/16/2016 - 20:17:48: [Boss Selection.smx] [FF2boss] Added chat command: 보스선택
L 03/16/2016 - 20:19:34: Log file closed.
L 03/16/2016 - 21:40:34: SourceMod log file session started (file "L20160316.log") (Version "1.7.3-dev+5298")
L 03/16/2016 - 21:40:34: -------- Mapchange to arena_badlands --------
L 03/16/2016 - 21:40:34: [TF2ITEMS] "GiveNamedItem" offset = 472
L 03/16/2016 - 21:40:34: [Boss Selection.smx] [FF2boss] Added chat command: ff2boss
L 03/16/2016 - 21:40:34: [Boss Selection.smx] [FF2boss] Added chat command: boss
L 03/16/2016 - 21:40:34: [Boss Selection.smx] [FF2boss] Added chat command: 보스
L 03/16/2016 - 21:40:34: [Boss Selection.smx] [FF2boss] Added chat command: 보스선택
L 03/16/2016 - 21:40:34: [freak_fortress_2.smx] ===Freak Fortress 2 Initializing-v1.10.9 Beta (build manual)===
L 03/16/2016 - 21:40:46: [Boss Selection.smx] [FF2boss] Added chat command: ff2boss
L 03/16/2016 - 21:40:46: [Boss Selection.smx] [FF2boss] Added chat command: boss
L 03/16/2016 - 21:40:46: [Boss Selection.smx] [FF2boss] Added chat command: 보스
L 03/16/2016 - 21:40:46: [Boss Selection.smx] [FF2boss] Added chat command: 보스선택
L 03/16/2016 - 21:41:08: [Boss Selection.smx] g_strChatCommand[i] = ff2boss
L 03/16/2016 - 21:41:08: [Boss Selection.smx] g_strChatCommand[i] = boss
L 03/16/2016 - 21:41:08: [Boss Selection.smx] g_strChatCommand[i] = 보스
L 03/16/2016 - 21:41:08: [Boss Selection.smx] g_strChatCommand[i] = 보스선택
L 03/16/2016 - 21:41:08: [Boss Selection.smx] g_strChatCommand[i] = 
L 03/16/2016 - 21:41:11: [Boss Selection.smx] 선택한 보스 이름: Seeman
L 03/16/2016 - 21:41:12: [Boss Selection.smx] g_strChatCommand[i] = ff2boss
L 03/16/2016 - 21:41:12: [Boss Selection.smx] g_strChatCommand[i] = boss
L 03/16/2016 - 21:41:12: [Boss Selection.smx] g_strChatCommand[i] = 보스
L 03/16/2016 - 21:41:12: [Boss Selection.smx] g_strChatCommand[i] = 보스선택
L 03/16/2016 - 21:41:12: [Boss Selection.smx] g_strChatCommand[i] = 
L 03/16/2016 - 21:41:14: [Boss Selection.smx] 선택한 보스 이름: Ninja Spy
L 03/16/2016 - 21:41:15: [Boss Selection.smx] g_strChatCommand[i] = ff2boss
L 03/16/2016 - 21:41:15: [Boss Selection.smx] g_strChatCommand[i] = boss
L 03/16/2016 - 21:41:15: [Boss Selection.smx] g_strChatCommand[i] = 보스
L 03/16/2016 - 21:41:15: [Boss Selection.smx] g_strChatCommand[i] = 보스선택
L 03/16/2016 - 21:41:15: [Boss Selection.smx] g_strChatCommand[i] = 
L 03/16/2016 - 21:41:17: [Boss Selection.smx] g_strChatCommand[i] = ff2boss
L 03/16/2016 - 21:41:17: [Boss Selection.smx] g_strChatCommand[i] = boss
L 03/16/2016 - 21:41:17: [Boss Selection.smx] g_strChatCommand[i] = 보스
L 03/16/2016 - 21:41:17: [Boss Selection.smx] g_strChatCommand[i] = 보스선택
L 03/16/2016 - 21:41:17: [Boss Selection.smx] g_strChatCommand[i] = 
L 03/16/2016 - 21:41:19: [Boss Selection.smx] g_strChatCommand[i] = ff2boss
L 03/16/2016 - 21:41:19: [Boss Selection.smx] g_strChatCommand[i] = boss
L 03/16/2016 - 21:41:19: [Boss Selection.smx] g_strChatCommand[i] = 보스
L 03/16/2016 - 21:41:19: [Boss Selection.smx] g_strChatCommand[i] = 보스선택
L 03/16/2016 - 21:41:19: [Boss Selection.smx] g_strChatCommand[i] = 
L 03/16/2016 - 21:41:20: [Boss Selection.smx] 선택한 보스 이름: Seeman
L 03/16/2016 - 21:41:26: [Boss Selection.smx] g_strChatCommand[i] = ff2boss
L 03/16/2016 - 21:41:26: [Boss Selection.smx] g_strChatCommand[i] = boss
L 03/16/2016 - 21:41:26: [Boss Selection.smx] g_strChatCommand[i] = 보스
L 03/16/2016 - 21:41:26: [Boss Selection.smx] g_strChatCommand[i] = 보스선택
L 03/16/2016 - 21:41:26: [Boss Selection.smx] g_strChatCommand[i] = 
L 03/16/2016 - 21:41:27: [Boss Selection.smx] 선택한 보스 이름: Seeman
L 03/16/2016 - 21:41:31: [Boss Selection.smx] g_strChatCommand[i] = ff2boss
L 03/16/2016 - 21:41:31: [Boss Selection.smx] g_strChatCommand[i] = boss
L 03/16/2016 - 21:41:31: [Boss Selection.smx] g_strChatCommand[i] = 보스
L 03/16/2016 - 21:41:31: [Boss Selection.smx] g_strChatCommand[i] = 보스선택
L 03/16/2016 - 21:41:31: [Boss Selection.smx] g_strChatCommand[i] = 
L 03/16/2016 - 22:38:26: Log file closed.
