L 06/03/2016 - 20:01:25: SourceMod log file session started (file "L20160603.log") (Version "1.7.3-dev+5298")
L 06/03/2016 - 20:01:25: -------- Mapchange to vsh_apg_v2 --------
L 06/03/2016 - 20:01:26: [TF2ITEMS] "GiveNamedItem" offset = 472
L 06/03/2016 - 20:01:28: [boss_selection.smx] [FF2boss] Added chat command: ff2boss
L 06/03/2016 - 20:01:28: [boss_selection.smx] [FF2boss] Added chat command: boss
L 06/03/2016 - 20:01:28: [boss_selection.smx] [FF2boss] Added chat command: 보스
L 06/03/2016 - 20:01:28: [boss_selection.smx] [FF2boss] Added chat command: 보스선택
L 06/03/2016 - 20:01:28: [custompart.smx] Debug for CustomPart
L 06/03/2016 - 20:01:28: [freak_fortress_2.smx] ===Freak Fortress 2 Initializing-v1.10.10 Beta===
L 06/03/2016 - 20:01:41: [boss_selection.smx] [FF2boss] Added chat command: ff2boss
L 06/03/2016 - 20:01:41: [boss_selection.smx] [FF2boss] Added chat command: boss
L 06/03/2016 - 20:01:41: [boss_selection.smx] [FF2boss] Added chat command: 보스
L 06/03/2016 - 20:01:41: [boss_selection.smx] [FF2boss] Added chat command: 보스선택
L 06/03/2016 - 20:13:38: [playercommands.smx] "Nopied◎<2><[U:1:103205717]><>" slayed "BoomerBile<5><BOT><>"
L 06/03/2016 - 20:13:47: [freak_fortress_2.smx] "Nopied◎<2><[U:1:103205717]><>" added -300 queue points to "BoomerBile<5><BOT><>"
L 06/03/2016 - 20:20:13: [freak_fortress_2.smx] "Nopied◎<2><[U:1:103205717]><>" added 12 queue points to "[F]sakldkzldxjep<6><[U:1:159644927]><>"
L 06/03/2016 - 20:20:25: [freak_fortress_2.smx] "Nopied◎<2><[U:1:103205717]><>" added 123456 queue points to "[F]sakldkzldxjep<6><[U:1:159644927]><>"
L 06/03/2016 - 20:20:33: [basecommands.smx] "Nopied◎<2><[U:1:103205717]><>" changed map to "vsh_apg_v2"
L 06/03/2016 - 20:20:36: [SM] Changed map to "vsh_apg_v2"
L 06/03/2016 - 20:20:36: -------- Mapchange to vsh_apg_v2 --------
L 06/03/2016 - 20:20:42: [boss_selection.smx] [FF2boss] Added chat command: ff2boss
L 06/03/2016 - 20:20:42: [boss_selection.smx] [FF2boss] Added chat command: boss
L 06/03/2016 - 20:20:42: [boss_selection.smx] [FF2boss] Added chat command: 보스
L 06/03/2016 - 20:20:42: [boss_selection.smx] [FF2boss] Added chat command: 보스선택
L 06/03/2016 - 20:21:25: [freak_fortress_2.smx] "Nopied◎<2><[U:1:103205717]><>" added 1234567 queue points to "Nopied◎<2><[U:1:103205717]><>"
L 06/03/2016 - 20:21:39: [freak_fortress_2.smx] "Nopied◎<2><[U:1:103205717]><>" added -300 queue points to "[F]sakldkzldxjep<6><[U:1:159644927]><>"
L 06/03/2016 - 20:30:50: [playercommands.smx] "Nopied◎<2><[U:1:103205717]><>" slayed "Mann Co.<8><BOT><>"
L 06/03/2016 - 20:45:57: [freaks\halloween_2014.ff2] Selected 2 by Key: special_greyalien
L 06/03/2016 - 20:55:18: [freaks\halloween_2014.ff2] Selected 2 by Key: special_greyalien
L 06/03/2016 - 20:56:43: [SM] Changed map to "vsh_apg_v2"
L 06/03/2016 - 20:56:44: -------- Mapchange to vsh_apg_v2 --------
L 06/03/2016 - 20:56:48: [boss_selection.smx] [FF2boss] Added chat command: ff2boss
L 06/03/2016 - 20:56:48: [boss_selection.smx] [FF2boss] Added chat command: boss
L 06/03/2016 - 20:56:48: [boss_selection.smx] [FF2boss] Added chat command: 보스
L 06/03/2016 - 20:56:48: [boss_selection.smx] [FF2boss] Added chat command: 보스선택
L 06/03/2016 - 20:59:28: [playercommands.smx] "Nopied◎<15><[U:1:103205717]><>" slayed "Kaboom!<14><BOT><>"
L 06/03/2016 - 21:02:14: [playercommands.smx] "Nopied◎<15><[U:1:103205717]><>" slayed "MANN CO.<4><[U:1:150941697]><>"
L 06/03/2016 - 21:02:33: [funcommands.smx] "Nopied◎<15><[U:1:103205717]><>" set a TimeBomb on "MAGGOTS!<10><[U:1:295769887]><>"
L 06/03/2016 - 21:04:00: [funcommands.smx] "Nopied◎<15><[U:1:103205717]><>" set a TimeBomb on "Kaboom!<14><BOT><>"
L 06/03/2016 - 21:04:01: [funcommands.smx] "Nopied◎<15><[U:1:103205717]><>" set a TimeBomb on "♪(*´∀｀)(작다)<12><[U:1:209760731]><>"
L 06/03/2016 - 21:12:07: [funcommands.smx] "Nopied◎<15><[U:1:103205717]><>" set a TimeBomb on "MANN CO.<4><[U:1:150941697]><>"
L 06/03/2016 - 21:18:53: [funcommands.smx] "Nopied◎<17><[U:1:103205717]><>" set a TimeBomb on "Tibetfox<3><[U:1:171130010]><>"
L 06/03/2016 - 21:18:54: [funcommands.smx] "Nopied◎<17><[U:1:103205717]><>" set a TimeBomb on "MANN CO.<4><[U:1:150941697]><>"
L 06/03/2016 - 21:18:54: [funcommands.smx] "Nopied◎<17><[U:1:103205717]><>" set a TimeBomb on "Nopied◎<17><[U:1:103205717]><>"
L 06/03/2016 - 21:18:54: [funcommands.smx] "Nopied◎<17><[U:1:103205717]><>" set a TimeBomb on "MAGGOTS!<16><[U:1:295769887]><>"
L 06/03/2016 - 21:18:54: [funcommands.smx] "Nopied◎<17><[U:1:103205717]><>" set a TimeBomb on "♪(*´∀｀)(작다)<12><[U:1:209760731]><>"
L 06/03/2016 - 21:20:50: [playercommands.smx] "Nopied◎<17><[U:1:103205717]><>" slayed "Nopied◎<17><[U:1:103205717]><>"
L 06/03/2016 - 21:26:35: [playercommands.smx] "Nopied◎<17><[U:1:103205717]><>" slayed "Tibetfox<3><[U:1:171130010]><>"
L 06/03/2016 - 21:30:03: [playercommands.smx] "Nopied◎<17><[U:1:103205717]><>" slayed "Kaboom!<14><BOT><>"
L 06/03/2016 - 21:30:04: [playercommands.smx] "Nopied◎<17><[U:1:103205717]><>" slayed "MAGGOTS!<16><[U:1:295769887]><>"
L 06/03/2016 - 21:30:05: [playercommands.smx] "Nopied◎<17><[U:1:103205717]><>" slayed "♪(*´∀｀)(작다)<12><[U:1:209760731]><>"
L 06/03/2016 - 21:31:12: [playercommands.smx] "Nopied◎<17><[U:1:103205717]><>" slayed "Kaboom!<14><BOT><>"
L 06/03/2016 - 21:31:12: [playercommands.smx] "Nopied◎<17><[U:1:103205717]><>" slayed "MANN CO.<4><[U:1:150941697]><>"
L 06/03/2016 - 21:31:12: [playercommands.smx] "Nopied◎<17><[U:1:103205717]><>" slayed "Nopied◎<17><[U:1:103205717]><>"
L 06/03/2016 - 21:31:12: [playercommands.smx] "Nopied◎<17><[U:1:103205717]><>" slayed "MAGGOTS!<16><[U:1:295769887]><>"
L 06/03/2016 - 21:31:12: [playercommands.smx] "Nopied◎<17><[U:1:103205717]><>" slayed "♪(*´∀｀)(작다)<12><[U:1:209760731]><>"
L 06/03/2016 - 21:31:20: Log file closed.
