L 06/06/2016 - 12:38:02: SourceMod log file session started (file "L20160606.log") (Version "1.7.3-dev+5298")
L 06/06/2016 - 12:38:02: -------- Mapchange to vsh_apg_v2 --------
L 06/06/2016 - 12:38:02: [TF2ITEMS] "GiveNamedItem" offset = 472
L 06/06/2016 - 12:38:04: [boss_selection.smx] [FF2boss] Added chat command: ff2boss
L 06/06/2016 - 12:38:04: [boss_selection.smx] [FF2boss] Added chat command: boss
L 06/06/2016 - 12:38:04: [boss_selection.smx] [FF2boss] Added chat command: 보스
L 06/06/2016 - 12:38:04: [boss_selection.smx] [FF2boss] Added chat command: 보스선택
L 06/06/2016 - 12:38:04: [custompart.smx] Debug for CustomPart
L 06/06/2016 - 12:38:04: [freak_fortress_2.smx] ===Freak Fortress 2 Initializing-v1.10.10 Beta===
L 06/06/2016 - 12:38:18: [boss_selection.smx] [FF2boss] Added chat command: ff2boss
L 06/06/2016 - 12:38:18: [boss_selection.smx] [FF2boss] Added chat command: boss
L 06/06/2016 - 12:38:18: [boss_selection.smx] [FF2boss] Added chat command: 보스
L 06/06/2016 - 12:38:18: [boss_selection.smx] [FF2boss] Added chat command: 보스선택
L 06/06/2016 - 12:40:34: [funcommands.smx] "Nopied◎<2><[U:1:103205717]><>" set a TimeBomb on "Nopied◎<2><[U:1:103205717]><>"
L 06/06/2016 - 12:41:18: [freaks\halloween_2014.ff2] Selected 2 by Key: special_greyalien
L 06/06/2016 - 12:42:10: [funcommands.smx] "Nopied◎<2><[U:1:103205717]><>" set a TimeBomb on "Cannon Fodder<3><BOT><>"
L 06/06/2016 - 12:42:10: [funcommands.smx] "Nopied◎<2><[U:1:103205717]><>" set a TimeBomb on "Nopied◎<2><[U:1:103205717]><>"
L 06/06/2016 - 12:42:46: [freaks\halloween_2014.ff2] Selected 2 by Key: special_greyalien
L 06/06/2016 - 12:44:41: [playercommands.smx] "Nopied◎<2><[U:1:103205717]><>" slayed "Nopied◎<2><[U:1:103205717]><>"
L 06/06/2016 - 12:44:41: [playercommands.smx] "Nopied◎<2><[U:1:103205717]><>" slayed "Divide by Zero<3><BOT><>"
L 06/06/2016 - 12:45:04: [basecommands.smx] "Nopied◎<2><[U:1:103205717]><>" kicked "sorry. I can't find target.<4><BOT><>" (reason "")
L 06/06/2016 - 12:45:06: [freaks\halloween_2014.ff2] Selected 2 by Key: special_greyalien
L 06/06/2016 - 12:47:14: [playercommands.smx] "Nopied◎<2><[U:1:103205717]><>" slayed "Divide by Zero<3><BOT><>"
L 06/06/2016 - 15:42:57: Log file closed.
L 06/06/2016 - 15:44:08: SourceMod log file session started (file "L20160606.log") (Version "1.7.3-dev+5298")
L 06/06/2016 - 15:44:08: -------- Mapchange to vsh_apg_v2 --------
L 06/06/2016 - 15:44:08: [TF2ITEMS] "GiveNamedItem" offset = 472
L 06/06/2016 - 15:44:11: [boss_selection.smx] [FF2boss] Added chat command: ff2boss
L 06/06/2016 - 15:44:11: [boss_selection.smx] [FF2boss] Added chat command: boss
L 06/06/2016 - 15:44:11: [boss_selection.smx] [FF2boss] Added chat command: 보스
L 06/06/2016 - 15:44:11: [boss_selection.smx] [FF2boss] Added chat command: 보스선택
L 06/06/2016 - 15:44:11: [custompart.smx] Debug for CustomPart
L 06/06/2016 - 15:44:11: [freak_fortress_2.smx] ===Freak Fortress 2 Initializing-v1.10.10 Beta===
L 06/06/2016 - 15:44:25: [boss_selection.smx] [FF2boss] Added chat command: ff2boss
L 06/06/2016 - 15:44:25: [boss_selection.smx] [FF2boss] Added chat command: boss
L 06/06/2016 - 15:44:25: [boss_selection.smx] [FF2boss] Added chat command: 보스
L 06/06/2016 - 15:44:25: [boss_selection.smx] [FF2boss] Added chat command: 보스선택
L 06/06/2016 - 15:47:34: [funcommands.smx] "Nopied◎<2><[U:1:103205717]><>" set a TimeBomb on "Nopied◎<2><[U:1:103205717]><>"
L 06/06/2016 - 15:47:37: [funcommands.smx] "Nopied◎<2><[U:1:103205717]><>" set a TimeBomb on "The Freeman<4><BOT><>"
L 06/06/2016 - 15:51:29: [playercommands.smx] "Nopied◎<2><[U:1:103205717]><>" slayed "Nopied◎<2><[U:1:103205717]><>"
L 06/06/2016 - 15:52:55: [playercommands.smx] "Nopied◎<2><[U:1:103205717]><>" slayed "The Freeman<4><BOT><>"
L 06/06/2016 - 15:52:55: [playercommands.smx] "Nopied◎<2><[U:1:103205717]><>" slayed "Black Mesa<5><BOT><>"
L 06/06/2016 - 15:59:02: [playercommands.smx] "Nopied◎<2><[U:1:103205717]><>" slayed "The Freeman<4><BOT><>"
L 06/06/2016 - 15:59:03: [playercommands.smx] "Nopied◎<2><[U:1:103205717]><>" slayed "Black Mesa<5><BOT><>"
L 06/06/2016 - 16:06:07: [playercommands.smx] "Nopied◎<2><[U:1:103205717]><>" slayed "Soulless<5><BOT><>"
L 06/06/2016 - 16:13:13: [playercommands.smx] "Nopied◎<2><[U:1:103205717]><>" slayed "Soulless<5><BOT><>"
L 06/06/2016 - 16:14:23: [playercommands.smx] "Nopied◎<2><[U:1:103205717]><>" slayed "The Freeman<4><BOT><>"
L 06/06/2016 - 16:14:24: [playercommands.smx] "Nopied◎<2><[U:1:103205717]><>" slayed "Soulless<5><BOT><>"
L 06/06/2016 - 16:19:16: [playercommands.smx] "Nopied◎<2><[U:1:103205717]><>" slayed "The Freeman<4><BOT><>"
L 06/06/2016 - 16:19:16: [playercommands.smx] "Nopied◎<2><[U:1:103205717]><>" slayed "Soulless<5><BOT><>"
L 06/06/2016 - 16:21:20: [basecommands.smx] "Nopied◎<2><[U:1:103205717]><>" changed map to "vsh_snowflakes_b1"
L 06/06/2016 - 16:21:23: [SM] Changed map to "vsh_snowflakes_b1"
L 06/06/2016 - 16:21:24: -------- Mapchange to vsh_snowflakes_b1 --------
L 06/06/2016 - 16:21:30: [boss_selection.smx] [FF2boss] Added chat command: ff2boss
L 06/06/2016 - 16:21:30: [boss_selection.smx] [FF2boss] Added chat command: boss
L 06/06/2016 - 16:21:30: [boss_selection.smx] [FF2boss] Added chat command: 보스
L 06/06/2016 - 16:21:30: [boss_selection.smx] [FF2boss] Added chat command: 보스선택
L 06/06/2016 - 16:38:36: [playercommands.smx] "Nopied◎<2><[U:1:103205717]><>" slayed "Nopied◎<2><[U:1:103205717]><>"
L 06/06/2016 - 16:42:01: [funcommands.smx] "Nopied◎<2><[U:1:103205717]><>" set a TimeBomb on "[F]sakldkzldxjep<9><[U:1:159644927]><>"
L 06/06/2016 - 16:42:57: Log file closed.
L 06/06/2016 - 19:35:17: SourceMod log file session started (file "L20160606.log") (Version "1.7.3-dev+5298")
L 06/06/2016 - 19:35:17: -------- Mapchange to vsh_apg_v2 --------
L 06/06/2016 - 19:35:18: [TF2ITEMS] "GiveNamedItem" offset = 472
L 06/06/2016 - 19:35:20: [boss_selection.smx] [FF2boss] Added chat command: ff2boss
L 06/06/2016 - 19:35:20: [boss_selection.smx] [FF2boss] Added chat command: boss
L 06/06/2016 - 19:35:20: [boss_selection.smx] [FF2boss] Added chat command: 보스
L 06/06/2016 - 19:35:20: [boss_selection.smx] [FF2boss] Added chat command: 보스선택
L 06/06/2016 - 19:35:20: [custompart.smx] Debug for CustomPart
L 06/06/2016 - 19:35:20: [freak_fortress_2.smx] ===Freak Fortress 2 Initializing-v1.10.10 Beta===
L 06/06/2016 - 19:35:33: [boss_selection.smx] [FF2boss] Added chat command: ff2boss
L 06/06/2016 - 19:35:33: [boss_selection.smx] [FF2boss] Added chat command: boss
L 06/06/2016 - 19:35:33: [boss_selection.smx] [FF2boss] Added chat command: 보스
L 06/06/2016 - 19:35:33: [boss_selection.smx] [FF2boss] Added chat command: 보스선택
L 06/06/2016 - 19:42:13: [funcommands.smx] "Nopied◎<2><[U:1:103205717]><>" set a TimeBomb on "Nopied◎<2><[U:1:103205717]><>"
L 06/06/2016 - 19:52:40: [funcommands.smx] "Nopied◎<2><[U:1:103205717]><>" set a TimeBomb on "Nopied◎<2><[U:1:103205717]><>"
L 06/06/2016 - 19:52:43: [funcommands.smx] "Nopied◎<2><[U:1:103205717]><>" set a TimeBomb on "DandA1025<7><[U:1:150941697]><>"
L 06/06/2016 - 19:54:04: [playercommands.smx] "Nopied◎<2><[U:1:103205717]><>" slayed "Nopied◎<2><[U:1:103205717]><>"
L 06/06/2016 - 19:54:53: [playercommands.smx] "Nopied◎<2><[U:1:103205717]><>" slayed "Nopied◎<2><[U:1:103205717]><>"
L 06/06/2016 - 19:57:53: [playercommands.smx] "Nopied◎<2><[U:1:103205717]><>" slayed "G)O산m연e자d(insue<3><[U:1:61271689]><>"
L 06/06/2016 - 19:57:59: [basecommands.smx] "Nopied◎<2><[U:1:103205717]><>" kicked "sorry. I can't find target.<6><BOT><>" (reason "")
L 06/06/2016 - 20:00:16: [playercommands.smx] "Nopied◎<2><[U:1:103205717]><>" slayed "DandA1025<7><[U:1:150941697]><>"
L 06/06/2016 - 20:04:45: [funcommands.smx] "Nopied◎<2><[U:1:103205717]><>" set a TimeBomb on "G)O산m연e자d(insue<3><[U:1:61271689]><>"
L 06/06/2016 - 20:08:42: [funcommands.smx] "Nopied◎<2><[U:1:103205717]><>" set a TimeBomb on "G)O산m연e자d(insue<3><[U:1:61271689]><>"
L 06/06/2016 - 20:10:03: [funcommands.smx] "Nopied◎<2><[U:1:103205717]><>" set a TimeBomb on "G)O산m연e자d(insue<3><[U:1:61271689]><>"
L 06/06/2016 - 20:10:05: [funcommands.smx] "Nopied◎<2><[U:1:103205717]><>" set a TimeBomb on "♪(*´∀｀)(작다)<4><[U:1:209760731]><>"
L 06/06/2016 - 20:10:07: [funcommands.smx] "Nopied◎<2><[U:1:103205717]><>" removed a TimeBomb on "♪(*´∀｀)(작다)<4><[U:1:209760731]><>"
L 06/06/2016 - 20:10:09: [funcommands.smx] "Nopied◎<2><[U:1:103205717]><>" set a TimeBomb on "♪(*´∀｀)(작다)<4><[U:1:209760731]><>"
L 06/06/2016 - 20:10:09: [funcommands.smx] "Nopied◎<2><[U:1:103205717]><>" set a TimeBomb on "DandA1025<7><[U:1:150941697]><>"
L 06/06/2016 - 20:14:21: [funcommands.smx] "Nopied◎<2><[U:1:103205717]><>" set a TimeBomb on "G)O산m연e자d(insue<3><[U:1:61271689]><>"
L 06/06/2016 - 20:19:37: [funcommands.smx] "Nopied◎<2><[U:1:103205717]><>" set a TimeBomb on "♪(*´∀｀)(작다)<4><[U:1:209760731]><>"
L 06/06/2016 - 20:25:30: [funcommands.smx] "Nopied◎<2><[U:1:103205717]><>" set a TimeBomb on "♪(*´∀｀)(작다)<4><[U:1:209760731]><>"
L 06/06/2016 - 20:25:30: [funcommands.smx] "Nopied◎<2><[U:1:103205717]><>" set a TimeBomb on "DandA1025<7><[U:1:150941697]><>"
L 06/06/2016 - 20:32:40: [funcommands.smx] "Nopied◎<2><[U:1:103205717]><>" set a TimeBomb on "♪(*´∀｀)(작다)<4><[U:1:209760731]><>"
L 06/06/2016 - 20:32:41: [funcommands.smx] "Nopied◎<2><[U:1:103205717]><>" set a TimeBomb on "Nopied◎<2><[U:1:103205717]><>"
L 06/06/2016 - 20:32:42: [funcommands.smx] "Nopied◎<2><[U:1:103205717]><>" removed a TimeBomb on "Nopied◎<2><[U:1:103205717]><>"
L 06/06/2016 - 20:32:42: [funcommands.smx] "Nopied◎<2><[U:1:103205717]><>" removed a TimeBomb on "♪(*´∀｀)(작다)<4><[U:1:209760731]><>"
L 06/06/2016 - 20:32:43: [funcommands.smx] "Nopied◎<2><[U:1:103205717]><>" set a TimeBomb on "Nopied◎<2><[U:1:103205717]><>"
L 06/06/2016 - 20:32:47: [funcommands.smx] "Nopied◎<2><[U:1:103205717]><>" set a TimeBomb on "♪(*´∀｀)(작다)<4><[U:1:209760731]><>"
L 06/06/2016 - 20:34:17: [playercommands.smx] "Nopied◎<2><[U:1:103205717]><>" slayed "Nopied◎<2><[U:1:103205717]><>"
L 06/06/2016 - 20:48:45: [funcommands.smx] "Nopied◎<2><[U:1:103205717]><>" set a TimeBomb on "Nopied◎<2><[U:1:103205717]><>"
L 06/06/2016 - 20:56:32: [freak_fortress_2.smx] "Nopied◎<2><[U:1:103205717]><>" added 123 queue points to "Nopied◎<2><[U:1:103205717]><>"
L 06/06/2016 - 20:58:30: Log file closed.
