L 05/02/2016 - 19:35:40: SourceMod log file session started (file "L20160502.log") (Version "1.7.3-dev+5298")
L 05/02/2016 - 19:35:40: -------- Mapchange to vsh_apg_v2 --------
L 05/02/2016 - 19:35:41: [TF2ITEMS] "GiveNamedItem" offset = 472
L 05/02/2016 - 19:35:43: [boss_selection.smx] [FF2boss] Added chat command: ff2boss
L 05/02/2016 - 19:35:43: [boss_selection.smx] [FF2boss] Added chat command: boss
L 05/02/2016 - 19:35:43: [boss_selection.smx] [FF2boss] Added chat command: 보스
L 05/02/2016 - 19:35:43: [boss_selection.smx] [FF2boss] Added chat command: 보스선택
L 05/02/2016 - 19:35:43: [custompart.smx] Debug for CustomPart
L 05/02/2016 - 19:35:43: [freak_fortress_2.smx] ===Freak Fortress 2 Initializing-v1.10.9 Beta (build manual)===
L 05/02/2016 - 19:35:56: [boss_selection.smx] [FF2boss] Added chat command: ff2boss
L 05/02/2016 - 19:35:56: [boss_selection.smx] [FF2boss] Added chat command: boss
L 05/02/2016 - 19:35:56: [boss_selection.smx] [FF2boss] Added chat command: 보스
L 05/02/2016 - 19:35:56: [boss_selection.smx] [FF2boss] Added chat command: 보스선택
L 05/02/2016 - 19:36:39: [fuckingloser.smx] 라운드 시작.
L 05/02/2016 - 19:36:45: [boss_selection.smx] -1
L 05/02/2016 - 19:38:00: [fuckingloser.smx] 라운드 시작.
L 05/02/2016 - 19:38:43: [boss_selection.smx] 이 클라이언트는 0의 대기포인트를 저장해놓은 상태.
L 05/02/2016 - 19:38:55: [fuckingloser.smx] 라운드 시작.
L 05/02/2016 - 19:42:39: Log file closed.
L 05/02/2016 - 19:42:53: SourceMod log file session started (file "L20160502.log") (Version "1.7.3-dev+5298")
L 05/02/2016 - 19:42:53: -------- Mapchange to vsh_apg_v2 --------
L 05/02/2016 - 19:42:53: [TF2ITEMS] "GiveNamedItem" offset = 472
L 05/02/2016 - 19:42:54: [boss_selection.smx] [FF2boss] Added chat command: ff2boss
L 05/02/2016 - 19:42:54: [boss_selection.smx] [FF2boss] Added chat command: boss
L 05/02/2016 - 19:42:54: [boss_selection.smx] [FF2boss] Added chat command: 보스
L 05/02/2016 - 19:42:54: [boss_selection.smx] [FF2boss] Added chat command: 보스선택
L 05/02/2016 - 19:42:54: [custompart.smx] Debug for CustomPart
L 05/02/2016 - 19:42:54: [freak_fortress_2.smx] ===Freak Fortress 2 Initializing-v1.10.9 Beta (build manual)===
L 05/02/2016 - 19:43:05: [boss_selection.smx] [FF2boss] Added chat command: ff2boss
L 05/02/2016 - 19:43:05: [boss_selection.smx] [FF2boss] Added chat command: boss
L 05/02/2016 - 19:43:05: [boss_selection.smx] [FF2boss] Added chat command: 보스
L 05/02/2016 - 19:43:05: [boss_selection.smx] [FF2boss] Added chat command: 보스선택
L 05/02/2016 - 19:43:34: [fuckingloser.smx] 라운드 시작.
L 05/02/2016 - 19:43:38: [boss_selection.smx] -1
L 05/02/2016 - 19:44:04: [freak_fortress_2.smx] "Nopied◎<2><[U:1:103205717]><>" added 123 queue points to "Nopied◎<2><[U:1:103205717]><>"
L 05/02/2016 - 19:45:07: [fuckingloser.smx] 라운드 시작.
L 05/02/2016 - 19:45:51: Log file closed.
L 05/02/2016 - 19:46:07: SourceMod log file session started (file "L20160502.log") (Version "1.7.3-dev+5298")
L 05/02/2016 - 19:46:07: -------- Mapchange to vsh_apg_v2 --------
L 05/02/2016 - 19:46:07: [TF2ITEMS] "GiveNamedItem" offset = 472
L 05/02/2016 - 19:46:07: [boss_selection.smx] [FF2boss] Added chat command: ff2boss
L 05/02/2016 - 19:46:07: [boss_selection.smx] [FF2boss] Added chat command: boss
L 05/02/2016 - 19:46:07: [boss_selection.smx] [FF2boss] Added chat command: 보스
L 05/02/2016 - 19:46:07: [boss_selection.smx] [FF2boss] Added chat command: 보스선택
L 05/02/2016 - 19:46:07: [custompart.smx] Debug for CustomPart
L 05/02/2016 - 19:46:07: [freak_fortress_2.smx] ===Freak Fortress 2 Initializing-v1.10.9 Beta (build manual)===
L 05/02/2016 - 19:46:18: [boss_selection.smx] [FF2boss] Added chat command: ff2boss
L 05/02/2016 - 19:46:18: [boss_selection.smx] [FF2boss] Added chat command: boss
L 05/02/2016 - 19:46:18: [boss_selection.smx] [FF2boss] Added chat command: 보스
L 05/02/2016 - 19:46:18: [boss_selection.smx] [FF2boss] Added chat command: 보스선택
L 05/02/2016 - 19:46:27: [fuckingloser.smx] 라운드 시작.
L 05/02/2016 - 19:46:32: [boss_selection.smx] -1
L 05/02/2016 - 19:46:51: [freak_fortress_2.smx] "Nopied◎<2><[U:1:103205717]><>" added 123 queue points to "Nopied◎<2><[U:1:103205717]><>"
L 05/02/2016 - 19:48:20: [fuckingloser.smx] 라운드 시작.
L 05/02/2016 - 19:49:56: Log file closed.
L 05/02/2016 - 19:50:07: SourceMod log file session started (file "L20160502.log") (Version "1.7.3-dev+5298")
L 05/02/2016 - 19:50:07: -------- Mapchange to vsh_apg_v2 --------
L 05/02/2016 - 19:50:07: [TF2ITEMS] "GiveNamedItem" offset = 472
L 05/02/2016 - 19:50:07: [boss_selection.smx] [FF2boss] Added chat command: ff2boss
L 05/02/2016 - 19:50:07: [boss_selection.smx] [FF2boss] Added chat command: boss
L 05/02/2016 - 19:50:07: [boss_selection.smx] [FF2boss] Added chat command: 보스
L 05/02/2016 - 19:50:07: [boss_selection.smx] [FF2boss] Added chat command: 보스선택
L 05/02/2016 - 19:50:07: [custompart.smx] Debug for CustomPart
L 05/02/2016 - 19:50:07: [freak_fortress_2.smx] ===Freak Fortress 2 Initializing-v1.10.9 Beta (build manual)===
L 05/02/2016 - 19:50:18: [boss_selection.smx] [FF2boss] Added chat command: ff2boss
L 05/02/2016 - 19:50:18: [boss_selection.smx] [FF2boss] Added chat command: boss
L 05/02/2016 - 19:50:18: [boss_selection.smx] [FF2boss] Added chat command: 보스
L 05/02/2016 - 19:50:18: [boss_selection.smx] [FF2boss] Added chat command: 보스선택
L 05/02/2016 - 19:50:27: [fuckingloser.smx] 라운드 시작.
L 05/02/2016 - 19:50:31: [boss_selection.smx] -1
L 05/02/2016 - 19:52:21: [fuckingloser.smx] 라운드 시작.
L 05/02/2016 - 19:53:19: [playercommands.smx] "Nopied◎<2><[U:1:103205717]><>" slayed "Target Practice<3><BOT><>"
L 05/02/2016 - 19:53:34: [fuckingloser.smx] 라운드 시작.
L 05/02/2016 - 19:53:34: [fuckingloser.smx] 라운드 시작.
L 05/02/2016 - 19:54:09: [boss_selection.smx] 이 클라이언트는 0의 대기포인트를 저장해놓은 상태.
L 05/02/2016 - 19:54:21: [fuckingloser.smx] 라운드 시작.
L 05/02/2016 - 19:54:57: Log file closed.
L 05/02/2016 - 19:55:11: SourceMod log file session started (file "L20160502.log") (Version "1.7.3-dev+5298")
L 05/02/2016 - 19:55:11: -------- Mapchange to vsh_apg_v2 --------
L 05/02/2016 - 19:55:11: [TF2ITEMS] "GiveNamedItem" offset = 472
L 05/02/2016 - 19:55:12: [boss_selection.smx] [FF2boss] Added chat command: ff2boss
L 05/02/2016 - 19:55:12: [boss_selection.smx] [FF2boss] Added chat command: boss
L 05/02/2016 - 19:55:12: [boss_selection.smx] [FF2boss] Added chat command: 보스
L 05/02/2016 - 19:55:12: [boss_selection.smx] [FF2boss] Added chat command: 보스선택
L 05/02/2016 - 19:55:12: [custompart.smx] Debug for CustomPart
L 05/02/2016 - 19:55:12: [freak_fortress_2.smx] ===Freak Fortress 2 Initializing-v1.10.9 Beta (build manual)===
L 05/02/2016 - 19:55:23: [boss_selection.smx] [FF2boss] Added chat command: ff2boss
L 05/02/2016 - 19:55:23: [boss_selection.smx] [FF2boss] Added chat command: boss
L 05/02/2016 - 19:55:23: [boss_selection.smx] [FF2boss] Added chat command: 보스
L 05/02/2016 - 19:55:23: [boss_selection.smx] [FF2boss] Added chat command: 보스선택
L 05/02/2016 - 19:55:29: [fuckingloser.smx] 라운드 시작.
L 05/02/2016 - 19:55:36: [boss_selection.smx] -1
L 05/02/2016 - 19:57:07: [freak_fortress_2.smx] "Nopied◎<3><[U:1:103205717]><>" added 123 queue points to "Nopied◎<3><[U:1:103205717]><>"
L 05/02/2016 - 19:57:25: [fuckingloser.smx] 라운드 시작.
L 05/02/2016 - 19:57:58: [boss_selection.smx] 이 클라이언트는 0의 대기포인트를 저장해놓은 상태.
L 05/02/2016 - 19:58:10: [fuckingloser.smx] 라운드 시작.
L 05/02/2016 - 19:59:37: [boss_selection.smx] -1
L 05/02/2016 - 20:02:27: Log file closed.
L 05/02/2016 - 20:02:39: SourceMod log file session started (file "L20160502.log") (Version "1.7.3-dev+5298")
L 05/02/2016 - 20:02:39: -------- Mapchange to vsh_apg_v2 --------
L 05/02/2016 - 20:02:39: [TF2ITEMS] "GiveNamedItem" offset = 472
L 05/02/2016 - 20:02:39: [boss_selection.smx] [FF2boss] Added chat command: ff2boss
L 05/02/2016 - 20:02:39: [boss_selection.smx] [FF2boss] Added chat command: boss
L 05/02/2016 - 20:02:39: [boss_selection.smx] [FF2boss] Added chat command: 보스
L 05/02/2016 - 20:02:39: [boss_selection.smx] [FF2boss] Added chat command: 보스선택
L 05/02/2016 - 20:02:39: [custompart.smx] Debug for CustomPart
L 05/02/2016 - 20:02:39: [freak_fortress_2.smx] ===Freak Fortress 2 Initializing-v1.10.9 Beta (build manual)===
L 05/02/2016 - 20:02:50: [boss_selection.smx] [FF2boss] Added chat command: ff2boss
L 05/02/2016 - 20:02:50: [boss_selection.smx] [FF2boss] Added chat command: boss
L 05/02/2016 - 20:02:50: [boss_selection.smx] [FF2boss] Added chat command: 보스
L 05/02/2016 - 20:02:50: [boss_selection.smx] [FF2boss] Added chat command: 보스선택
L 05/02/2016 - 20:03:02: [fuckingloser.smx] 라운드 시작.
L 05/02/2016 - 20:03:12: [boss_selection.smx] -1
L 05/02/2016 - 20:03:34: [boss_selection.smx] -1
L 05/02/2016 - 20:04:52: [fuckingloser.smx] 라운드 시작.
L 05/02/2016 - 20:08:16: Log file closed.
L 05/02/2016 - 20:08:26: SourceMod log file session started (file "L20160502.log") (Version "1.7.3-dev+5298")
L 05/02/2016 - 20:08:26: -------- Mapchange to vsh_apg_v2 --------
L 05/02/2016 - 20:08:26: [TF2ITEMS] "GiveNamedItem" offset = 472
L 05/02/2016 - 20:08:27: [boss_selection.smx] [FF2boss] Added chat command: ff2boss
L 05/02/2016 - 20:08:27: [boss_selection.smx] [FF2boss] Added chat command: boss
L 05/02/2016 - 20:08:27: [boss_selection.smx] [FF2boss] Added chat command: 보스
L 05/02/2016 - 20:08:27: [boss_selection.smx] [FF2boss] Added chat command: 보스선택
L 05/02/2016 - 20:08:27: [custompart.smx] Debug for CustomPart
L 05/02/2016 - 20:08:27: [freak_fortress_2.smx] ===Freak Fortress 2 Initializing-v1.10.9 Beta (build manual)===
L 05/02/2016 - 20:08:38: [boss_selection.smx] [FF2boss] Added chat command: ff2boss
L 05/02/2016 - 20:08:38: [boss_selection.smx] [FF2boss] Added chat command: boss
L 05/02/2016 - 20:08:38: [boss_selection.smx] [FF2boss] Added chat command: 보스
L 05/02/2016 - 20:08:38: [boss_selection.smx] [FF2boss] Added chat command: 보스선택
L 05/02/2016 - 20:08:44: [fuckingloser.smx] 라운드 시작.
L 05/02/2016 - 20:08:49: [boss_selection.smx] -1
L 05/02/2016 - 20:10:41: [fuckingloser.smx] 라운드 시작.
L 05/02/2016 - 20:11:46: [playercommands.smx] "Nopied◎<2><[U:1:103205717]><>" slayed "Nopied◎<2><[U:1:103205717]><>"
L 05/02/2016 - 20:11:46: [playercommands.smx] "Nopied◎<2><[U:1:103205717]><>" slayed "Still Alive<3><BOT><>"
L 05/02/2016 - 20:12:01: [fuckingloser.smx] 라운드 시작.
L 05/02/2016 - 20:12:01: [fuckingloser.smx] 라운드 시작.
L 05/02/2016 - 20:12:41: [boss_selection.smx] 이 클라이언트는 0의 대기포인트를 저장해놓은 상태.
L 05/02/2016 - 20:12:53: [fuckingloser.smx] 라운드 시작.
L 05/02/2016 - 20:15:32: [fuckingloser.smx] 라운드 시작.
L 05/02/2016 - 20:17:45: [boss_selection.smx] 이 클라이언트는 0의 대기포인트를 저장해놓은 상태.
L 05/02/2016 - 20:17:57: [fuckingloser.smx] 라운드 시작.
L 05/02/2016 - 20:19:53: [playercommands.smx] "Nopied◎<2><[U:1:103205717]><>" slayed "Nopied◎<2><[U:1:103205717]><>"
L 05/02/2016 - 20:19:53: [playercommands.smx] "Nopied◎<2><[U:1:103205717]><>" slayed "Still Alive<3><BOT><>"
L 05/02/2016 - 20:20:08: [fuckingloser.smx] 라운드 시작.
L 05/02/2016 - 20:20:44: [boss_selection.smx] 이 클라이언트는 0의 대기포인트를 저장해놓은 상태.
L 05/02/2016 - 20:20:50: [freak_fortress_2.smx] "Nopied◎<2><[U:1:103205717]><>" added 123 queue points to "Nopied◎<2><[U:1:103205717]><>"
L 05/02/2016 - 20:20:56: [fuckingloser.smx] 라운드 시작.
L 05/02/2016 - 20:22:13: [boss_selection.smx] 이 클라이언트는 0의 대기포인트를 저장해놓은 상태.
L 05/02/2016 - 20:22:25: [fuckingloser.smx] 라운드 시작.
L 05/02/2016 - 20:24:27: [boss_selection.smx] -1
L 05/02/2016 - 20:24:56: [fuckingloser.smx] 라운드 시작.
L 05/02/2016 - 20:26:14: [boss_selection.smx] 이 클라이언트는 0의 대기포인트를 저장해놓은 상태.
L 05/02/2016 - 20:26:26: [fuckingloser.smx] 라운드 시작.
L 05/02/2016 - 20:27:40: [boss_selection.smx] 이 클라이언트는 0의 대기포인트를 저장해놓은 상태.
L 05/02/2016 - 20:27:52: [fuckingloser.smx] 라운드 시작.
L 05/02/2016 - 20:27:59: Log file closed.
L 05/02/2016 - 22:36:57: SourceMod log file session started (file "L20160502.log") (Version "1.7.3-dev+5298")
L 05/02/2016 - 22:36:57: -------- Mapchange to vsh_apg_v2 --------
L 05/02/2016 - 22:36:57: [TF2ITEMS] "GiveNamedItem" offset = 472
L 05/02/2016 - 22:36:59: [boss_selection.smx] [FF2boss] Added chat command: ff2boss
L 05/02/2016 - 22:36:59: [boss_selection.smx] [FF2boss] Added chat command: boss
L 05/02/2016 - 22:36:59: [boss_selection.smx] [FF2boss] Added chat command: 보스
L 05/02/2016 - 22:36:59: [boss_selection.smx] [FF2boss] Added chat command: 보스선택
L 05/02/2016 - 22:36:59: [custompart.smx] Debug for CustomPart
L 05/02/2016 - 22:36:59: [freak_fortress_2.smx] ===Freak Fortress 2 Initializing-v1.10.9 Beta (build manual)===
L 05/02/2016 - 22:37:12: [boss_selection.smx] [FF2boss] Added chat command: ff2boss
L 05/02/2016 - 22:37:12: [boss_selection.smx] [FF2boss] Added chat command: boss
L 05/02/2016 - 22:37:12: [boss_selection.smx] [FF2boss] Added chat command: 보스
L 05/02/2016 - 22:37:12: [boss_selection.smx] [FF2boss] Added chat command: 보스선택
L 05/02/2016 - 22:38:09: [fuckingloser.smx] 라운드 시작.
L 05/02/2016 - 22:38:27: [boss_selection.smx] -1
L 05/02/2016 - 22:39:17: [fuckingloser.smx] 라운드 시작.
L 05/02/2016 - 22:39:47: Log file closed.
