L 04/04/2016 - 21:52:01: SourceMod log file session started (file "L20160404.log") (Version "1.7.3-dev+5298")
L 04/04/2016 - 21:52:01: -------- Mapchange to arena_badlands --------
L 04/04/2016 - 21:52:01: [TF2ITEMS] "GiveNamedItem" offset = 472
L 04/04/2016 - 21:52:03: [Boss Selection.smx] [FF2boss] Added chat command: ff2boss
L 04/04/2016 - 21:52:03: [Boss Selection.smx] [FF2boss] Added chat command: boss
L 04/04/2016 - 21:52:03: [Boss Selection.smx] [FF2boss] Added chat command: 보스
L 04/04/2016 - 21:52:03: [Boss Selection.smx] [FF2boss] Added chat command: 보스선택
L 04/04/2016 - 21:52:03: [custompart.smx] Debug for CustomPart
L 04/04/2016 - 21:52:03: [freak_fortress_2.smx] ===Freak Fortress 2 Initializing-v1.10.9 Beta (build manual)===
L 04/04/2016 - 21:52:16: [Boss Selection.smx] [FF2boss] Added chat command: ff2boss
L 04/04/2016 - 21:52:16: [Boss Selection.smx] [FF2boss] Added chat command: boss
L 04/04/2016 - 21:52:16: [Boss Selection.smx] [FF2boss] Added chat command: 보스
L 04/04/2016 - 21:52:16: [Boss Selection.smx] [FF2boss] Added chat command: 보스선택
L 04/04/2016 - 21:54:35: [playercommands.smx] "Nopied◎<2><[U:1:103205717]><>" slayed "Nopied◎<2><[U:1:103205717]><>"
L 04/04/2016 - 21:54:35: [playercommands.smx] "Nopied◎<2><[U:1:103205717]><>" slayed "Bot01<3><BOT><>"
L 04/04/2016 - 21:54:35: [playercommands.smx] "Nopied◎<2><[U:1:103205717]><>" slayed "Bot02<4><BOT><>"
L 04/04/2016 - 21:54:35: [playercommands.smx] "Nopied◎<2><[U:1:103205717]><>" slayed "Bot03<5><BOT><>"
L 04/04/2016 - 21:54:35: [playercommands.smx] "Nopied◎<2><[U:1:103205717]><>" slayed "Bot04<6><BOT><>"
L 04/04/2016 - 21:54:35: [playercommands.smx] "Nopied◎<2><[U:1:103205717]><>" slayed "Bot05<7><BOT><>"
L 04/04/2016 - 21:55:54: [playercommands.smx] "Nopied◎<2><[U:1:103205717]><>" slayed "Nopied◎<2><[U:1:103205717]><>"
L 04/04/2016 - 21:57:27: [playercommands.smx] "Nopied◎<2><[U:1:103205717]><>" slayed "Bot02<4><BOT><>"
L 04/04/2016 - 22:02:48: Log file closed.
L 04/04/2016 - 22:03:01: SourceMod log file session started (file "L20160404.log") (Version "1.7.3-dev+5298")
L 04/04/2016 - 22:03:01: -------- Mapchange to arena_badlands --------
L 04/04/2016 - 22:03:01: [TF2ITEMS] "GiveNamedItem" offset = 472
L 04/04/2016 - 22:03:01: [Boss Selection.smx] [FF2boss] Added chat command: ff2boss
L 04/04/2016 - 22:03:01: [Boss Selection.smx] [FF2boss] Added chat command: boss
L 04/04/2016 - 22:03:01: [Boss Selection.smx] [FF2boss] Added chat command: 보스
L 04/04/2016 - 22:03:01: [Boss Selection.smx] [FF2boss] Added chat command: 보스선택
L 04/04/2016 - 22:03:01: [custompart.smx] Debug for CustomPart
L 04/04/2016 - 22:03:01: [freak_fortress_2.smx] ===Freak Fortress 2 Initializing-v1.10.9 Beta (build manual)===
L 04/04/2016 - 22:03:12: [Boss Selection.smx] [FF2boss] Added chat command: ff2boss
L 04/04/2016 - 22:03:12: [Boss Selection.smx] [FF2boss] Added chat command: boss
L 04/04/2016 - 22:03:12: [Boss Selection.smx] [FF2boss] Added chat command: 보스
L 04/04/2016 - 22:03:12: [Boss Selection.smx] [FF2boss] Added chat command: 보스선택
L 04/04/2016 - 22:05:25: [playercommands.smx] "Nopied◎<2><[U:1:103205717]><>" slayed "Nopied◎<2><[U:1:103205717]><>"
L 04/04/2016 - 22:05:25: [playercommands.smx] "Nopied◎<2><[U:1:103205717]><>" slayed "Bot01<3><BOT><>"
L 04/04/2016 - 22:05:25: [playercommands.smx] "Nopied◎<2><[U:1:103205717]><>" slayed "Bot02<4><BOT><>"
L 04/04/2016 - 22:05:25: [playercommands.smx] "Nopied◎<2><[U:1:103205717]><>" slayed "Bot03<5><BOT><>"
L 04/04/2016 - 22:05:25: [playercommands.smx] "Nopied◎<2><[U:1:103205717]><>" slayed "Bot04<6><BOT><>"
L 04/04/2016 - 22:05:25: [playercommands.smx] "Nopied◎<2><[U:1:103205717]><>" slayed "Bot05<7><BOT><>"
L 04/04/2016 - 22:11:48: Log file closed.
L 04/04/2016 - 22:21:05: SourceMod log file session started (file "L20160404.log") (Version "1.7.3-dev+5298")
L 04/04/2016 - 22:21:05: -------- Mapchange to arena_badlands --------
L 04/04/2016 - 22:21:05: [TF2ITEMS] "GiveNamedItem" offset = 472
L 04/04/2016 - 22:21:07: [Boss Selection.smx] [FF2boss] Added chat command: ff2boss
L 04/04/2016 - 22:21:07: [Boss Selection.smx] [FF2boss] Added chat command: boss
L 04/04/2016 - 22:21:07: [Boss Selection.smx] [FF2boss] Added chat command: 보스
L 04/04/2016 - 22:21:07: [Boss Selection.smx] [FF2boss] Added chat command: 보스선택
L 04/04/2016 - 22:21:07: [custompart.smx] Debug for CustomPart
L 04/04/2016 - 22:21:07: [freak_fortress_2.smx] ===Freak Fortress 2 Initializing-v1.10.9 Beta (build manual)===
L 04/04/2016 - 22:21:21: [Boss Selection.smx] [FF2boss] Added chat command: ff2boss
L 04/04/2016 - 22:21:21: [Boss Selection.smx] [FF2boss] Added chat command: boss
L 04/04/2016 - 22:21:21: [Boss Selection.smx] [FF2boss] Added chat command: 보스
L 04/04/2016 - 22:21:21: [Boss Selection.smx] [FF2boss] Added chat command: 보스선택
L 04/04/2016 - 22:32:13: [freak_fortress_2.smx] "Nopied◎<2><[U:1:103205717]><>" added 123 queue points to "Nopied◎<2><[U:1:103205717]><>"
L 04/04/2016 - 22:32:25: [Boss Selection.smx] 선택한 보스 이름: Easter Bunny
L 04/04/2016 - 22:34:24: [playercommands.smx] "Nopied◎<2><[U:1:103205717]><>" slayed "DandA1025<11><[U:1:150941697]><>"
L 04/04/2016 - 22:35:16: [Boss Selection.smx] 선택한 보스 이름: Ninja Spy
L 04/04/2016 - 22:35:38: [playercommands.smx] "Nopied◎<2><[U:1:103205717]><>" slayed "Nopied◎<2><[U:1:103205717]><>"
L 04/04/2016 - 22:49:21: [Boss Selection.smx] 선택한 보스 이름: Ninja Spy
L 04/04/2016 - 22:53:29: Log file closed.
