L 04/03/2016 - 09:26:02: SourceMod log file session started (file "L20160403.log") (Version "1.7.3-dev+5298")
L 04/03/2016 - 09:26:02: -------- Mapchange to arena_badlands --------
L 04/03/2016 - 09:26:02: [TF2ITEMS] "GiveNamedItem" offset = 472
L 04/03/2016 - 09:26:04: [Boss Selection.smx] [FF2boss] Added chat command: ff2boss
L 04/03/2016 - 09:26:04: [Boss Selection.smx] [FF2boss] Added chat command: boss
L 04/03/2016 - 09:26:04: [Boss Selection.smx] [FF2boss] Added chat command: 보스
L 04/03/2016 - 09:26:04: [Boss Selection.smx] [FF2boss] Added chat command: 보스선택
L 04/03/2016 - 09:26:04: [custompart.smx] Debug for CustomPart
L 04/03/2016 - 09:26:04: [freak_fortress_2.smx] ===Freak Fortress 2 Initializing-v1.10.9 Beta (build manual)===
L 04/03/2016 - 09:26:17: [Boss Selection.smx] [FF2boss] Added chat command: ff2boss
L 04/03/2016 - 09:26:17: [Boss Selection.smx] [FF2boss] Added chat command: boss
L 04/03/2016 - 09:26:17: [Boss Selection.smx] [FF2boss] Added chat command: 보스
L 04/03/2016 - 09:26:17: [Boss Selection.smx] [FF2boss] Added chat command: 보스선택
L 04/03/2016 - 09:28:06: [Boss Selection.smx] 선택한 보스 이름: Freddy Krueger
L 04/03/2016 - 09:28:51: [playercommands.smx] "Nopied◎<2><[U:1:103205717]><>" slayed "Nopied◎<2><[U:1:103205717]><>"
L 04/03/2016 - 09:28:51: [playercommands.smx] "Nopied◎<2><[U:1:103205717]><>" slayed "DandA1025<3><[U:1:150941697]><>"
L 04/03/2016 - 09:28:51: [playercommands.smx] "Nopied◎<2><[U:1:103205717]><>" slayed "Bot01<4><BOT><>"
L 04/03/2016 - 09:28:51: [playercommands.smx] "Nopied◎<2><[U:1:103205717]><>" slayed "Bot02<5><BOT><>"
L 04/03/2016 - 09:28:51: [playercommands.smx] "Nopied◎<2><[U:1:103205717]><>" slayed "Bot03<6><BOT><>"
L 04/03/2016 - 09:29:54: -------- Mapchange to arena_badlands --------
L 04/03/2016 - 09:30:00: [Boss Selection.smx] [FF2boss] Added chat command: ff2boss
L 04/03/2016 - 09:30:00: [Boss Selection.smx] [FF2boss] Added chat command: boss
L 04/03/2016 - 09:30:00: [Boss Selection.smx] [FF2boss] Added chat command: 보스
L 04/03/2016 - 09:30:00: [Boss Selection.smx] [FF2boss] Added chat command: 보스선택
L 04/03/2016 - 09:30:21: [Boss Selection.smx] 선택한 보스 이름: Freddy Krueger
L 04/03/2016 - 09:32:51: [playercommands.smx] "Nopied◎<2><[U:1:103205717]><>" slayed "Nopied◎<2><[U:1:103205717]><>"
L 04/03/2016 - 09:32:51: [playercommands.smx] "Nopied◎<2><[U:1:103205717]><>" slayed "DandA1025<3><[U:1:150941697]><>"
L 04/03/2016 - 09:32:51: [playercommands.smx] "Nopied◎<2><[U:1:103205717]><>" slayed "Bot04<7><BOT><>"
L 04/03/2016 - 09:32:51: [playercommands.smx] "Nopied◎<2><[U:1:103205717]><>" slayed "Bot05<8><BOT><>"
L 04/03/2016 - 09:32:51: [playercommands.smx] "Nopied◎<2><[U:1:103205717]><>" slayed "Bot06<9><BOT><>"
L 04/03/2016 - 09:32:51: [playercommands.smx] "Nopied◎<2><[U:1:103205717]><>" slayed "Bot07<10><BOT><>"
L 04/03/2016 - 09:32:51: [playercommands.smx] "Nopied◎<2><[U:1:103205717]><>" slayed "Bot08<11><BOT><>"
L 04/03/2016 - 09:34:47: [playercommands.smx] "Nopied◎<2><[U:1:103205717]><>" slayed "Nopied◎<2><[U:1:103205717]><>"
L 04/03/2016 - 09:35:37: [playercommands.smx] "Nopied◎<2><[U:1:103205717]><>" slayed "Bot04<7><BOT><>"
L 04/03/2016 - 09:38:04: [playercommands.smx] "Nopied◎<2><[U:1:103205717]><>" slayed "Bot07<10><BOT><>"
L 04/03/2016 - 09:38:33: [playercommands.smx] "Nopied◎<2><[U:1:103205717]><>" slayed "Bot08<11><BOT><>"
L 04/03/2016 - 09:47:27: [playercommands.smx] "Nopied◎<2><[U:1:103205717]><>" slayed "Nopied◎<2><[U:1:103205717]><>"
L 04/03/2016 - 09:47:27: [playercommands.smx] "Nopied◎<2><[U:1:103205717]><>" slayed "Bot04<7><BOT><>"
L 04/03/2016 - 09:47:27: [playercommands.smx] "Nopied◎<2><[U:1:103205717]><>" slayed "Bot05<8><BOT><>"
L 04/03/2016 - 09:47:27: [playercommands.smx] "Nopied◎<2><[U:1:103205717]><>" slayed "Bot06<9><BOT><>"
L 04/03/2016 - 09:55:11: [freak_fortress_2.smx] "Nopied◎<2><[U:1:103205717]><>" added 123 queue points to "Nopied◎<2><[U:1:103205717]><>"
L 04/03/2016 - 09:55:18: [playercommands.smx] "Nopied◎<2><[U:1:103205717]><>" slayed "DandA1025<3><[U:1:150941697]><>"
L 04/03/2016 - 09:57:38: [Boss Selection.smx] 선택한 보스 이름: Freddy Krueger
L 04/03/2016 - 09:58:13: [playercommands.smx] "Nopied◎<2><[U:1:103205717]><>" slayed "Bot04<7><BOT><>"
L 04/03/2016 - 09:58:13: [playercommands.smx] "Nopied◎<2><[U:1:103205717]><>" slayed "Bot05<8><BOT><>"
L 04/03/2016 - 09:58:13: [playercommands.smx] "Nopied◎<2><[U:1:103205717]><>" slayed "Bot06<9><BOT><>"
L 04/03/2016 - 09:58:13: [playercommands.smx] "Nopied◎<2><[U:1:103205717]><>" slayed "Bot07<10><BOT><>"
L 04/03/2016 - 09:58:13: [playercommands.smx] "Nopied◎<2><[U:1:103205717]><>" slayed "Bot08<11><BOT><>"
L 04/03/2016 - 09:58:28: Log file closed.
L 04/03/2016 - 10:34:46: SourceMod log file session started (file "L20160403.log") (Version "1.7.3-dev+5298")
L 04/03/2016 - 10:34:46: -------- Mapchange to arena_badlands --------
L 04/03/2016 - 10:34:46: [TF2ITEMS] "GiveNamedItem" offset = 472
L 04/03/2016 - 10:34:47: [Boss Selection.smx] [FF2boss] Added chat command: ff2boss
L 04/03/2016 - 10:34:47: [Boss Selection.smx] [FF2boss] Added chat command: boss
L 04/03/2016 - 10:34:47: [Boss Selection.smx] [FF2boss] Added chat command: 보스
L 04/03/2016 - 10:34:47: [Boss Selection.smx] [FF2boss] Added chat command: 보스선택
L 04/03/2016 - 10:34:47: [custompart.smx] Debug for CustomPart
L 04/03/2016 - 10:34:47: [freak_fortress_2.smx] ===Freak Fortress 2 Initializing-v1.10.9 Beta (build manual)===
L 04/03/2016 - 10:34:58: [Boss Selection.smx] [FF2boss] Added chat command: ff2boss
L 04/03/2016 - 10:34:58: [Boss Selection.smx] [FF2boss] Added chat command: boss
L 04/03/2016 - 10:34:58: [Boss Selection.smx] [FF2boss] Added chat command: 보스
L 04/03/2016 - 10:34:58: [Boss Selection.smx] [FF2boss] Added chat command: 보스선택
L 04/03/2016 - 10:37:19: [freak_fortress_2.smx] "Nopied◎<2><[U:1:103205717]><>" added 1234 queue points to "Bot02<4><BOT><>"
L 04/03/2016 - 10:37:25: [freak_fortress_2.smx] "Nopied◎<2><[U:1:103205717]><>" added 123 queue points to "Nopied◎<2><[U:1:103205717]><>"
L 04/03/2016 - 10:37:44: [playercommands.smx] "Nopied◎<2><[U:1:103205717]><>" slayed "Nopied◎<2><[U:1:103205717]><>"
L 04/03/2016 - 10:37:44: [playercommands.smx] "Nopied◎<2><[U:1:103205717]><>" slayed "Bot01<3><BOT><>"
L 04/03/2016 - 10:37:44: [playercommands.smx] "Nopied◎<2><[U:1:103205717]><>" slayed "Bot02<4><BOT><>"
L 04/03/2016 - 10:37:44: [playercommands.smx] "Nopied◎<2><[U:1:103205717]><>" slayed "Bot03<5><BOT><>"
L 04/03/2016 - 10:37:44: [playercommands.smx] "Nopied◎<2><[U:1:103205717]><>" slayed "Bot04<6><BOT><>"
L 04/03/2016 - 10:37:44: [playercommands.smx] "Nopied◎<2><[U:1:103205717]><>" slayed "Bot05<7><BOT><>"
L 04/03/2016 - 10:39:23: [freak_fortress_2.smx] "Nopied◎<2><[U:1:103205717]><>" added 1234 queue points to "Nopied◎<2><[U:1:103205717]><>"
L 04/03/2016 - 10:39:34: [freak_fortress_2.smx] "Nopied◎<2><[U:1:103205717]><>" added 123 queue points to "Bot02<4><BOT><>"
L 04/03/2016 - 10:48:27: [freak_fortress_2.smx] "Nopied◎<2><[U:1:103205717]><>" added 1234 queue points to "Nopied◎<2><[U:1:103205717]><>"
L 04/03/2016 - 10:48:36: [freak_fortress_2.smx] "Nopied◎<2><[U:1:103205717]><>" added 123 queue points to "Rimuru Temfest<8><[U:1:76700589]><>"
L 04/03/2016 - 10:48:46: [Boss Selection.smx] 선택한 보스 이름: Seeman
L 04/03/2016 - 10:48:51: [playercommands.smx] "Nopied◎<2><[U:1:103205717]><>" slayed "Nopied◎<2><[U:1:103205717]><>"
L 04/03/2016 - 10:48:51: [playercommands.smx] "Nopied◎<2><[U:1:103205717]><>" slayed "Bot01<3><BOT><>"
L 04/03/2016 - 10:48:51: [playercommands.smx] "Nopied◎<2><[U:1:103205717]><>" slayed "Bot02<4><BOT><>"
L 04/03/2016 - 10:48:51: [playercommands.smx] "Nopied◎<2><[U:1:103205717]><>" slayed "Bot03<5><BOT><>"
L 04/03/2016 - 10:48:51: [playercommands.smx] "Nopied◎<2><[U:1:103205717]><>" slayed "Bot04<6><BOT><>"
L 04/03/2016 - 10:48:51: [playercommands.smx] "Nopied◎<2><[U:1:103205717]><>" slayed "Bot05<7><BOT><>"
L 04/03/2016 - 10:48:51: [playercommands.smx] "Nopied◎<2><[U:1:103205717]><>" slayed "Rimuru Temfest<8><[U:1:76700589]><>"
L 04/03/2016 - 10:49:20: [playercommands.smx] "Nopied◎<2><[U:1:103205717]><>" slayed "Nopied◎<2><[U:1:103205717]><>"
L 04/03/2016 - 10:49:20: [playercommands.smx] "Nopied◎<2><[U:1:103205717]><>" slayed "Rimuru Temfest<8><[U:1:76700589]><>"
L 04/03/2016 - 10:53:53: [playercommands.smx] "Nopied◎<2><[U:1:103205717]><>" slayed "Nopied◎<2><[U:1:103205717]><>"
L 04/03/2016 - 10:53:53: [playercommands.smx] "Nopied◎<2><[U:1:103205717]><>" slayed "Bot01<3><BOT><>"
L 04/03/2016 - 10:53:53: [playercommands.smx] "Nopied◎<2><[U:1:103205717]><>" slayed "Bot02<4><BOT><>"
L 04/03/2016 - 10:53:53: [playercommands.smx] "Nopied◎<2><[U:1:103205717]><>" slayed "Bot03<5><BOT><>"
L 04/03/2016 - 10:53:53: [playercommands.smx] "Nopied◎<2><[U:1:103205717]><>" slayed "Bot04<6><BOT><>"
L 04/03/2016 - 10:53:53: [playercommands.smx] "Nopied◎<2><[U:1:103205717]><>" slayed "Bot05<7><BOT><>"
L 04/03/2016 - 10:55:18: [playercommands.smx] "Nopied◎<2><[U:1:103205717]><>" slayed "Rimuru Temfest<8><[U:1:76700589]><>"
L 04/03/2016 - 10:58:07: [playercommands.smx] "Nopied◎<2><[U:1:103205717]><>" slayed "Nopied◎<2><[U:1:103205717]><>"
L 04/03/2016 - 10:58:07: [playercommands.smx] "Nopied◎<2><[U:1:103205717]><>" slayed "Bot01<3><BOT><>"
L 04/03/2016 - 10:58:07: [playercommands.smx] "Nopied◎<2><[U:1:103205717]><>" slayed "Bot02<4><BOT><>"
L 04/03/2016 - 10:58:07: [playercommands.smx] "Nopied◎<2><[U:1:103205717]><>" slayed "Bot03<5><BOT><>"
L 04/03/2016 - 10:58:07: [playercommands.smx] "Nopied◎<2><[U:1:103205717]><>" slayed "Bot04<6><BOT><>"
L 04/03/2016 - 10:58:07: [playercommands.smx] "Nopied◎<2><[U:1:103205717]><>" slayed "Bot05<7><BOT><>"
L 04/03/2016 - 11:00:27: [playercommands.smx] "Nopied◎<2><[U:1:103205717]><>" slayed "Bot01<3><BOT><>"
L 04/03/2016 - 11:00:27: [playercommands.smx] "Nopied◎<2><[U:1:103205717]><>" slayed "Bot02<4><BOT><>"
L 04/03/2016 - 11:00:27: [playercommands.smx] "Nopied◎<2><[U:1:103205717]><>" slayed "Bot03<5><BOT><>"
L 04/03/2016 - 11:00:27: [playercommands.smx] "Nopied◎<2><[U:1:103205717]><>" slayed "Bot04<6><BOT><>"
L 04/03/2016 - 11:00:27: [playercommands.smx] "Nopied◎<2><[U:1:103205717]><>" slayed "Bot05<7><BOT><>"
L 04/03/2016 - 11:00:59: Log file closed.
L 04/03/2016 - 20:28:20: SourceMod log file session started (file "L20160403.log") (Version "1.7.3-dev+5298")
L 04/03/2016 - 20:28:20: -------- Mapchange to arena_badlands --------
L 04/03/2016 - 20:28:21: [TF2ITEMS] "GiveNamedItem" offset = 472
L 04/03/2016 - 20:28:22: [Boss Selection.smx] [FF2boss] Added chat command: ff2boss
L 04/03/2016 - 20:28:22: [Boss Selection.smx] [FF2boss] Added chat command: boss
L 04/03/2016 - 20:28:22: [Boss Selection.smx] [FF2boss] Added chat command: 보스
L 04/03/2016 - 20:28:22: [Boss Selection.smx] [FF2boss] Added chat command: 보스선택
L 04/03/2016 - 20:28:22: [custompart.smx] Debug for CustomPart
L 04/03/2016 - 20:28:22: [freak_fortress_2.smx] ===Freak Fortress 2 Initializing-v1.10.9 Beta (build manual)===
L 04/03/2016 - 20:28:35: [Boss Selection.smx] [FF2boss] Added chat command: ff2boss
L 04/03/2016 - 20:28:35: [Boss Selection.smx] [FF2boss] Added chat command: boss
L 04/03/2016 - 20:28:35: [Boss Selection.smx] [FF2boss] Added chat command: 보스
L 04/03/2016 - 20:28:35: [Boss Selection.smx] [FF2boss] Added chat command: 보스선택
L 04/03/2016 - 20:30:50: [playercommands.smx] "Nopied◎<2><[U:1:103205717]><>" slayed "Nopied◎<2><[U:1:103205717]><>"
L 04/03/2016 - 20:30:50: [playercommands.smx] "Nopied◎<2><[U:1:103205717]><>" slayed "Bot01<3><BOT><>"
L 04/03/2016 - 20:30:51: [playercommands.smx] "Nopied◎<2><[U:1:103205717]><>" slayed "Bot02<4><BOT><>"
L 04/03/2016 - 20:30:51: [playercommands.smx] "Nopied◎<2><[U:1:103205717]><>" slayed "Bot03<5><BOT><>"
L 04/03/2016 - 20:30:51: [playercommands.smx] "Nopied◎<2><[U:1:103205717]><>" slayed "Bot04<6><BOT><>"
L 04/03/2016 - 20:32:26: [playercommands.smx] "Nopied◎<2><[U:1:103205717]><>" slayed "Bot01<3><BOT><>"
L 04/03/2016 - 20:32:26: [playercommands.smx] "Nopied◎<2><[U:1:103205717]><>" slayed "Bot02<4><BOT><>"
L 04/03/2016 - 20:32:26: [playercommands.smx] "Nopied◎<2><[U:1:103205717]><>" slayed "Bot03<5><BOT><>"
L 04/03/2016 - 20:36:10: [Boss Selection.smx] 선택한 보스 이름: Easter Bunny
L 04/03/2016 - 20:47:34: [Boss Selection.smx] 선택한 보스 이름: Freddy Krueger
L 04/03/2016 - 20:57:29: [Boss Selection.smx] 선택한 보스 이름: Easter Bunny
L 04/03/2016 - 20:59:59: [playercommands.smx] "Nopied◎<2><[U:1:103205717]><>" slayed "Nopied◎<2><[U:1:103205717]><>"
L 04/03/2016 - 21:03:01: [playercommands.smx] "Nopied◎<2><[U:1:103205717]><>" slayed "-҉҉҉҉҉o҉҉҉҉҉-<9><[U:1:40881577]><>"
L 04/03/2016 - 21:05:00: [SM] Changed map to "koth_nucleus"
L 04/03/2016 - 21:05:02: -------- Mapchange to koth_nucleus --------
L 04/03/2016 - 21:05:08: [Boss Selection.smx] [FF2boss] Added chat command: ff2boss
L 04/03/2016 - 21:05:08: [Boss Selection.smx] [FF2boss] Added chat command: boss
L 04/03/2016 - 21:05:08: [Boss Selection.smx] [FF2boss] Added chat command: 보스
L 04/03/2016 - 21:05:08: [Boss Selection.smx] [FF2boss] Added chat command: 보스선택
L 04/03/2016 - 21:08:22: [playercommands.smx] "Nopied◎<2><[U:1:103205717]><>" slayed "-҉҉҉҉҉o҉҉҉҉҉-<9><[U:1:40881577]><>"
L 04/03/2016 - 21:08:22: [playercommands.smx] "Nopied◎<2><[U:1:103205717]><>" slayed "SyaMo<13><[U:1:129707074]><>"
L 04/03/2016 - 21:27:25: [playercommands.smx] "Nopied◎<2><[U:1:103205717]><>" slayed "Nopied◎<2><[U:1:103205717]><>"
L 04/03/2016 - 21:27:25: [playercommands.smx] "Nopied◎<2><[U:1:103205717]><>" slayed "의지가 충만해질려나?<14><[U:1:132898783]><>"
L 04/03/2016 - 21:27:25: [playercommands.smx] "Nopied◎<2><[U:1:103205717]><>" slayed "[F]dwgwjw1024[PFBT]<16><[U:1:159644927]><>"
L 04/03/2016 - 21:27:25: [playercommands.smx] "Nopied◎<2><[U:1:103205717]><>" slayed "-҉҉҉҉҉o҉҉҉҉҉-<9><[U:1:40881577]><>"
L 04/03/2016 - 21:28:18: [Boss Selection.smx] 선택한 보스 이름: Freddy Krueger
L 04/03/2016 - 21:28:22: [freak_fortress_2.smx] "Nopied◎<2><[U:1:103205717]><>" added 123 queue points to "Nopied◎<2><[U:1:103205717]><>"
L 04/03/2016 - 21:32:49: [SM] Changed map to "koth_viaduct"
L 04/03/2016 - 21:32:51: -------- Mapchange to koth_viaduct --------
L 04/03/2016 - 21:32:56: [Boss Selection.smx] [FF2boss] Added chat command: ff2boss
L 04/03/2016 - 21:32:56: [Boss Selection.smx] [FF2boss] Added chat command: boss
L 04/03/2016 - 21:32:56: [Boss Selection.smx] [FF2boss] Added chat command: 보스
L 04/03/2016 - 21:32:56: [Boss Selection.smx] [FF2boss] Added chat command: 보스선택
L 04/03/2016 - 21:37:58: [playercommands.smx] "Nopied◎<2><[U:1:103205717]><>" slayed "의지가 충만해질려나?<14><[U:1:132898783]><>"
L 04/03/2016 - 21:41:15: [Boss Selection.smx] 선택한 보스 이름: Demopan
L 04/03/2016 - 21:53:03: [playercommands.smx] "Nopied◎<2><[U:1:103205717]><>" slayed "-҉҉҉҉҉o҉҉҉҉҉-<9><[U:1:40881577]><>"
L 04/03/2016 - 21:53:03: [playercommands.smx] "Nopied◎<2><[U:1:103205717]><>" slayed "SyaMo<13><[U:1:129707074]><>"
L 04/03/2016 - 21:53:03: [playercommands.smx] "Nopied◎<2><[U:1:103205717]><>" slayed "Δ<23><[U:1:168642180]><>"
L 04/03/2016 - 21:57:04: [playercommands.smx] "Nopied◎<2><[U:1:103205717]><>" slayed "도망쳐어어어어<14><[U:1:132898783]><>"
L 04/03/2016 - 21:57:04: [playercommands.smx] "Nopied◎<2><[U:1:103205717]><>" slayed "호르알(nondor egg)<21><[U:1:118878229]><>"
L 04/03/2016 - 21:57:04: [playercommands.smx] "Nopied◎<2><[U:1:103205717]><>" slayed "-҉҉҉҉҉o҉҉҉҉҉-<9><[U:1:40881577]><>"
L 04/03/2016 - 21:57:04: [playercommands.smx] "Nopied◎<2><[U:1:103205717]><>" slayed "Δ<23><[U:1:168642180]><>"
L 04/03/2016 - 21:57:29: [SM] Changed map to "koth_harvest_final"
L 04/03/2016 - 21:57:30: -------- Mapchange to koth_harvest_final --------
L 04/03/2016 - 21:57:35: [Boss Selection.smx] [FF2boss] Added chat command: ff2boss
L 04/03/2016 - 21:57:35: [Boss Selection.smx] [FF2boss] Added chat command: boss
L 04/03/2016 - 21:57:35: [Boss Selection.smx] [FF2boss] Added chat command: 보스
L 04/03/2016 - 21:57:35: [Boss Selection.smx] [FF2boss] Added chat command: 보스선택
L 04/03/2016 - 21:58:12: [freak_fortress_2.smx] "Nopied◎<2><[U:1:103205717]><>" added 100 queue points to "SyaMo<13><[U:1:129707074]><>"
L 04/03/2016 - 22:03:52: [playercommands.smx] "Nopied◎<2><[U:1:103205717]><>" slayed "흐하핡하<15><[U:1:148179089]><>"
L 04/03/2016 - 22:03:52: [playercommands.smx] "Nopied◎<2><[U:1:103205717]><>" slayed "호르알(nondor egg)<21><[U:1:118878229]><>"
L 04/03/2016 - 22:03:52: [playercommands.smx] "Nopied◎<2><[U:1:103205717]><>" slayed "-҉҉҉҉҉o҉҉҉҉҉-<9><[U:1:40881577]><>"
L 04/03/2016 - 22:03:52: [playercommands.smx] "Nopied◎<2><[U:1:103205717]><>" slayed "SyaMo<13><[U:1:129707074]><>"
L 04/03/2016 - 22:03:57: Log file closed.
