L 05/20/2016 - 15:25:00: SourceMod log file session started (file "L20160520.log") (Version "1.7.3-dev+5298")
L 05/20/2016 - 15:25:00: -------- Mapchange to vsh_apg_v2 --------
L 05/20/2016 - 15:25:01: [TF2ITEMS] "GiveNamedItem" offset = 472
L 05/20/2016 - 15:25:03: [boss_selection.smx] [FF2boss] Added chat command: ff2boss
L 05/20/2016 - 15:25:03: [boss_selection.smx] [FF2boss] Added chat command: boss
L 05/20/2016 - 15:25:03: [boss_selection.smx] [FF2boss] Added chat command: 보스
L 05/20/2016 - 15:25:03: [boss_selection.smx] [FF2boss] Added chat command: 보스선택
L 05/20/2016 - 15:25:03: [custompart.smx] Debug for CustomPart
L 05/20/2016 - 15:25:03: [freak_fortress_2.smx] ===Freak Fortress 2 Initializing-v1.10.10 Beta===
L 05/20/2016 - 15:25:16: [boss_selection.smx] [FF2boss] Added chat command: ff2boss
L 05/20/2016 - 15:25:16: [boss_selection.smx] [FF2boss] Added chat command: boss
L 05/20/2016 - 15:25:16: [boss_selection.smx] [FF2boss] Added chat command: 보스
L 05/20/2016 - 15:25:16: [boss_selection.smx] [FF2boss] Added chat command: 보스선택
L 05/20/2016 - 15:27:16: [boss_selection.smx] -1
L 05/20/2016 - 15:31:03: [playercommands.smx] "Nopied◎<2><[U:1:103205717]><>" slayed "Nopied◎<2><[U:1:103205717]><>"
L 05/20/2016 - 15:31:03: [playercommands.smx] "Nopied◎<2><[U:1:103205717]><>" slayed "CryBaby<3><BOT><>"
L 05/20/2016 - 15:34:03: Log file closed.
L 05/20/2016 - 15:34:15: SourceMod log file session started (file "L20160520.log") (Version "1.7.3-dev+5298")
L 05/20/2016 - 15:34:15: -------- Mapchange to vsh_apg_v2 --------
L 05/20/2016 - 15:34:15: [TF2ITEMS] "GiveNamedItem" offset = 472
L 05/20/2016 - 15:34:15: [boss_selection.smx] [FF2boss] Added chat command: ff2boss
L 05/20/2016 - 15:34:15: [boss_selection.smx] [FF2boss] Added chat command: boss
L 05/20/2016 - 15:34:15: [boss_selection.smx] [FF2boss] Added chat command: 보스
L 05/20/2016 - 15:34:15: [boss_selection.smx] [FF2boss] Added chat command: 보스선택
L 05/20/2016 - 15:34:15: [custompart.smx] Debug for CustomPart
L 05/20/2016 - 15:34:15: [freak_fortress_2.smx] ===Freak Fortress 2 Initializing-v1.10.10 Beta===
L 05/20/2016 - 15:34:27: [boss_selection.smx] [FF2boss] Added chat command: ff2boss
L 05/20/2016 - 15:34:27: [boss_selection.smx] [FF2boss] Added chat command: boss
L 05/20/2016 - 15:34:27: [boss_selection.smx] [FF2boss] Added chat command: 보스
L 05/20/2016 - 15:34:27: [boss_selection.smx] [FF2boss] Added chat command: 보스선택
L 05/20/2016 - 15:34:40: [boss_selection.smx] -1
L 05/20/2016 - 15:40:16: [freaks\halloween_2014.ff2] Selected 2 by Key: special_greyalien
L 05/20/2016 - 15:43:01: [playercommands.smx] "Nopied◎<2><[U:1:103205717]><>" slayed "Nopied◎<2><[U:1:103205717]><>"
L 05/20/2016 - 15:43:27: [freaks\halloween_2014.ff2] Selected 2 by Key: special_greyalien
L 05/20/2016 - 15:44:50: [playercommands.smx] "Nopied◎<2><[U:1:103205717]><>" slayed "A Professional With Standards<7><BOT><>"
L 05/20/2016 - 15:45:15: [freaks\halloween_2014.ff2] Selected 2 by Key: special_greyalien
L 05/20/2016 - 15:49:33: [playercommands.smx] "Nopied◎<2><[U:1:103205717]><>" slayed "A Professional With Standards<7><BOT><>"
L 05/20/2016 - 15:50:26: [freak_fortress_2.smx] ===Freak Fortress 2 Initializing-v1.10.10 Beta===
L 05/20/2016 - 15:50:40: [playercommands.smx] "Nopied◎<2><[U:1:103205717]><>" slayed "A Professional With Standards<7><BOT><>"
L 05/20/2016 - 15:51:05: [freaks\halloween_2014.ff2] Selected 2 by Key: special_greyalien
L 05/20/2016 - 15:57:56: [boss_selection.smx] -1
L 05/20/2016 - 16:07:29: [boss_selection.smx] 
L 05/20/2016 - 16:08:06: [playercommands.smx] "Nopied◎<8><[U:1:103205717]><>" slayed "Nopied◎<8><[U:1:103205717]><>"
L 05/20/2016 - 16:08:06: [playercommands.smx] "Nopied◎<8><[U:1:103205717]><>" slayed "The Administrator<9><BOT><>"
L 05/20/2016 - 16:08:06: [playercommands.smx] "Nopied◎<8><[U:1:103205717]><>" slayed "Archimedes!<10><BOT><>"
L 05/20/2016 - 16:08:06: [playercommands.smx] "Nopied◎<8><[U:1:103205717]><>" slayed "It's Filthy in There!<11><BOT><>"
L 05/20/2016 - 16:08:06: [playercommands.smx] "Nopied◎<8><[U:1:103205717]><>" slayed "Kill Me<12><BOT><>"
L 05/20/2016 - 16:08:31: [freaks\halloween_2014.ff2] Selected 2 by Key: special_greyalien
L 05/20/2016 - 16:09:11: Log file closed.
L 05/20/2016 - 16:09:22: SourceMod log file session started (file "L20160520.log") (Version "1.7.3-dev+5298")
L 05/20/2016 - 16:09:22: -------- Mapchange to vsh_apg_v2 --------
L 05/20/2016 - 16:09:22: [TF2ITEMS] "GiveNamedItem" offset = 472
L 05/20/2016 - 16:09:22: [boss_selection.smx] [FF2boss] Added chat command: ff2boss
L 05/20/2016 - 16:09:22: [boss_selection.smx] [FF2boss] Added chat command: boss
L 05/20/2016 - 16:09:22: [boss_selection.smx] [FF2boss] Added chat command: 보스
L 05/20/2016 - 16:09:22: [boss_selection.smx] [FF2boss] Added chat command: 보스선택
L 05/20/2016 - 16:09:22: [custompart.smx] Debug for CustomPart
L 05/20/2016 - 16:09:23: [freak_fortress_2.smx] ===Freak Fortress 2 Initializing-v1.10.10 Beta===
L 05/20/2016 - 16:09:34: [boss_selection.smx] [FF2boss] Added chat command: ff2boss
L 05/20/2016 - 16:09:34: [boss_selection.smx] [FF2boss] Added chat command: boss
L 05/20/2016 - 16:09:34: [boss_selection.smx] [FF2boss] Added chat command: 보스
L 05/20/2016 - 16:09:34: [boss_selection.smx] [FF2boss] Added chat command: 보스선택
L 05/20/2016 - 16:09:45: [boss_selection.smx] -1
L 05/20/2016 - 16:10:32: [boss_selection.smx] -1
L 05/20/2016 - 16:11:37: [freak_fortress_2.smx] "Nopied◎<2><[U:1:103205717]><>" added 123 queue points to "Nopied◎<2><[U:1:103205717]><>"
L 05/20/2016 - 16:11:47: [freaks\halloween_2014.ff2] Selected 2 by Key: special_greyalien
L 05/20/2016 - 16:14:50: [boss_selection.smx] -1
L 05/20/2016 - 16:15:52: [freaks\halloween_2014.ff2] Selected 2 by Key: special_greyalien
L 05/20/2016 - 16:20:41: [boss_selection.smx] 
L 05/20/2016 - 16:21:49: [playercommands.smx] "Nopied◎<2><[U:1:103205717]><>" slayed "나는 브로니다 -_-<7><[U:1:150941697]><>"
L 05/20/2016 - 16:24:51: [playercommands.smx] "Nopied◎<2><[U:1:103205717]><>" slayed "Nopied◎<2><[U:1:103205717]><>"
L 05/20/2016 - 16:37:14: [playercommands.smx] "Nopied◎<2><[U:1:103205717]><>" slayed "나는 브로니다 -_-<7><[U:1:150941697]><>"
L 05/20/2016 - 16:37:39: [freaks\halloween_2014.ff2] Selected 2 by Key: special_greyalien
L 05/20/2016 - 16:44:42: [playercommands.smx] "Nopied◎<2><[U:1:103205717]><>" slayed "Nopied◎<2><[U:1:103205717]><>"
L 05/20/2016 - 16:44:47: [basecommands.smx] "Nopied◎<2><[U:1:103205717]><>" changed map to "vsh_2fortdesk_v8"
L 05/20/2016 - 16:44:50: [SM] Changed map to "vsh_2fortdesk_v8"
L 05/20/2016 - 16:44:52: -------- Mapchange to vsh_2fortdesk_v8 --------
L 05/20/2016 - 16:44:59: [boss_selection.smx] [FF2boss] Added chat command: ff2boss
L 05/20/2016 - 16:44:59: [boss_selection.smx] [FF2boss] Added chat command: boss
L 05/20/2016 - 16:44:59: [boss_selection.smx] [FF2boss] Added chat command: 보스
L 05/20/2016 - 16:44:59: [boss_selection.smx] [FF2boss] Added chat command: 보스선택
L 05/20/2016 - 16:45:08: [boss_selection.smx] -1
L 05/20/2016 - 16:45:13: [boss_selection.smx] -1
L 05/20/2016 - 16:45:27: [boss_selection.smx] -1
L 05/20/2016 - 16:50:43: Log file closed.
L 05/20/2016 - 22:09:05: SourceMod log file session started (file "L20160520.log") (Version "1.7.3-dev+5298")
L 05/20/2016 - 22:09:05: -------- Mapchange to vsh_apg_v2 --------
L 05/20/2016 - 22:09:05: [TF2ITEMS] "GiveNamedItem" offset = 472
L 05/20/2016 - 22:09:08: [boss_selection.smx] [FF2boss] Added chat command: ff2boss
L 05/20/2016 - 22:09:08: [boss_selection.smx] [FF2boss] Added chat command: boss
L 05/20/2016 - 22:09:08: [boss_selection.smx] [FF2boss] Added chat command: 보스
L 05/20/2016 - 22:09:08: [boss_selection.smx] [FF2boss] Added chat command: 보스선택
L 05/20/2016 - 22:09:08: [custompart.smx] Debug for CustomPart
L 05/20/2016 - 22:09:08: [freak_fortress_2.smx] ===Freak Fortress 2 Initializing-v1.10.10 Beta===
L 05/20/2016 - 22:09:24: [boss_selection.smx] [FF2boss] Added chat command: ff2boss
L 05/20/2016 - 22:09:24: [boss_selection.smx] [FF2boss] Added chat command: boss
L 05/20/2016 - 22:09:24: [boss_selection.smx] [FF2boss] Added chat command: 보스
L 05/20/2016 - 22:09:24: [boss_selection.smx] [FF2boss] Added chat command: 보스선택
L 05/20/2016 - 22:09:43: [boss_selection.smx] -1
L 05/20/2016 - 22:15:45: [boss_selection.smx] 
L 05/20/2016 - 22:17:07: [playercommands.smx] "Nopied◎<2><[U:1:103205717]><>" slayed "Nopied◎<2><[U:1:103205717]><>"
L 05/20/2016 - 22:17:07: [playercommands.smx] "Nopied◎<2><[U:1:103205717]><>" slayed "Hat-Wearing MAN<4><BOT><>"
L 05/20/2016 - 22:17:07: [playercommands.smx] "Nopied◎<2><[U:1:103205717]><>" slayed "Me<5><BOT><>"
L 05/20/2016 - 22:17:07: [playercommands.smx] "Nopied◎<2><[U:1:103205717]><>" slayed "Numnutz<6><BOT><>"
L 05/20/2016 - 22:17:07: [playercommands.smx] "Nopied◎<2><[U:1:103205717]><>" slayed "H@XX0RZ<7><BOT><>"
L 05/20/2016 - 22:17:07: [playercommands.smx] "Nopied◎<2><[U:1:103205717]><>" slayed "The G-Man<8><BOT><>"
L 05/20/2016 - 22:17:07: [playercommands.smx] "Nopied◎<2><[U:1:103205717]><>" slayed "Chell<9><BOT><>"
L 05/20/2016 - 22:17:11: [freak_fortress_2.smx] "Nopied◎<2><[U:1:103205717]><>" added 123 queue points to "Nopied◎<2><[U:1:103205717]><>"
L 05/20/2016 - 22:17:32: [freaks\halloween_2014.ff2] Selected 2 by Key: special_greyalien
L 05/20/2016 - 22:19:34: [playercommands.smx] "Nopied◎<2><[U:1:103205717]><>" slayed "Hat-Wearing MAN<4><BOT><>"
L 05/20/2016 - 22:19:34: [playercommands.smx] "Nopied◎<2><[U:1:103205717]><>" slayed "Me<5><BOT><>"
L 05/20/2016 - 22:19:35: [playercommands.smx] "Nopied◎<2><[U:1:103205717]><>" slayed "Numnutz<6><BOT><>"
L 05/20/2016 - 22:19:35: [playercommands.smx] "Nopied◎<2><[U:1:103205717]><>" slayed "H@XX0RZ<7><BOT><>"
L 05/20/2016 - 22:19:36: [playercommands.smx] "Nopied◎<2><[U:1:103205717]><>" slayed "The G-Man<8><BOT><>"
L 05/20/2016 - 22:21:04: [playercommands.smx] "Nopied◎<2><[U:1:103205717]><>" slayed "Nopied◎<2><[U:1:103205717]><>"
L 05/20/2016 - 22:21:13: [freak_fortress_2.smx] "Nopied◎<2><[U:1:103205717]><>" added 11 queue points to "Nopied◎<2><[U:1:103205717]><>"
L 05/20/2016 - 22:21:21: [freak_fortress_2.smx] "Nopied◎<2><[U:1:103205717]><>" added 11 queue points to "Chell<9><BOT><>"
L 05/20/2016 - 22:21:53: [playercommands.smx] "Nopied◎<2><[U:1:103205717]><>" slayed "Chell<9><BOT><>"
L 05/20/2016 - 22:22:02: [freak_fortress_2.smx] "Nopied◎<2><[U:1:103205717]><>" added 25 queue points to "Chell<9><BOT><>"
L 05/20/2016 - 22:22:13: [freak_fortress_2.smx] "Nopied◎<2><[U:1:103205717]><>" added 20 queue points to "Nopied◎<2><[U:1:103205717]><>"
L 05/20/2016 - 22:22:16: [playercommands.smx] "Nopied◎<2><[U:1:103205717]><>" slayed "Nopied◎<2><[U:1:103205717]><>"
L 05/20/2016 - 22:22:47: [freak_fortress_2.smx] "Nopied◎<2><[U:1:103205717]><>" added 60 queue points to "Chell<9><BOT><>"
L 05/20/2016 - 22:22:53: [freak_fortress_2.smx] "Nopied◎<2><[U:1:103205717]><>" added 55 queue points to "Nopied◎<2><[U:1:103205717]><>"
L 05/20/2016 - 22:23:40: [playercommands.smx] "Nopied◎<2><[U:1:103205717]><>" slayed "Nopied◎<2><[U:1:103205717]><>"
L 05/20/2016 - 22:23:40: [playercommands.smx] "Nopied◎<2><[U:1:103205717]><>" slayed "Chell<9><BOT><>"
L 05/20/2016 - 22:24:02: [freak_fortress_2.smx] "Nopied◎<2><[U:1:103205717]><>" added 80 queue points to "Chell<9><BOT><>"
L 05/20/2016 - 22:24:17: [freak_fortress_2.smx] "Nopied◎<2><[U:1:103205717]><>" added 70 queue points to "Nopied◎<2><[U:1:103205717]><>"
L 05/20/2016 - 22:26:21: [playercommands.smx] "Nopied◎<2><[U:1:103205717]><>" slayed "Chell<9><BOT><>"
L 05/20/2016 - 22:26:46: [playercommands.smx] "Nopied◎<2><[U:1:103205717]><>" slayed "[Ch.ZBK]-[GamesOn]<3><[U:1:100562803]><>"
L 05/20/2016 - 22:27:29: [playercommands.smx] "Nopied◎<2><[U:1:103205717]><>" slayed "Nopied◎<2><[U:1:103205717]><>"
L 05/20/2016 - 22:27:29: [playercommands.smx] "Nopied◎<2><[U:1:103205717]><>" slayed "Chell<9><BOT><>"
L 05/20/2016 - 22:29:55: [boss_selection.smx] 
L 05/20/2016 - 22:31:37: [freak_fortress_2.smx] "Nopied◎<2><[U:1:103205717]><>" added 123 queue points to "Nopied◎<2><[U:1:103205717]><>"
L 05/20/2016 - 22:33:01: [playercommands.smx] "Nopied◎<2><[U:1:103205717]><>" slayed "[Ch.ZBK]-[GamesOn]<3><[U:1:100562803]><>"
L 05/20/2016 - 22:33:01: [playercommands.smx] "Nopied◎<2><[U:1:103205717]><>" slayed "Hat-Wearing MAN<4><BOT><>"
L 05/20/2016 - 22:33:01: [playercommands.smx] "Nopied◎<2><[U:1:103205717]><>" slayed "Me<5><BOT><>"
L 05/20/2016 - 22:33:01: [playercommands.smx] "Nopied◎<2><[U:1:103205717]><>" slayed "Numnutz<6><BOT><>"
L 05/20/2016 - 22:33:01: [playercommands.smx] "Nopied◎<2><[U:1:103205717]><>" slayed "H@XX0RZ<7><BOT><>"
L 05/20/2016 - 22:33:01: [playercommands.smx] "Nopied◎<2><[U:1:103205717]><>" slayed "The G-Man<8><BOT><>"
L 05/20/2016 - 22:33:01: [playercommands.smx] "Nopied◎<2><[U:1:103205717]><>" slayed "Chell<9><BOT><>"
L 05/20/2016 - 22:33:59: [freak_fortress_2.smx] "Nopied◎<2><[U:1:103205717]><>" added 123 queue points to "Nopied◎<2><[U:1:103205717]><>"
L 05/20/2016 - 22:34:13: [freak_fortress_2.smx] "Nopied◎<2><[U:1:103205717]><>" added 100 queue points to "[Ch.ZBK]-[GamesOn]<3><[U:1:100562803]><>"
L 05/20/2016 - 22:34:16: [playercommands.smx] "Nopied◎<2><[U:1:103205717]><>" slayed "Nopied◎<2><[U:1:103205717]><>"
L 05/20/2016 - 22:34:21: [freak_fortress_2.smx] "Nopied◎<2><[U:1:103205717]><>" added 123 queue points to "Nopied◎<2><[U:1:103205717]><>"
L 05/20/2016 - 22:34:54: [freak_fortress_2.smx] "Nopied◎<2><[U:1:103205717]><>" added 100 queue points to "[Ch.ZBK]-[GamesOn]<3><[U:1:100562803]><>"
L 05/20/2016 - 22:34:57: [playercommands.smx] "Nopied◎<2><[U:1:103205717]><>" slayed "Nopied◎<2><[U:1:103205717]><>"
L 05/20/2016 - 22:35:01: [freak_fortress_2.smx] "Nopied◎<2><[U:1:103205717]><>" added 123 queue points to "Nopied◎<2><[U:1:103205717]><>"
L 05/20/2016 - 22:36:08: [playercommands.smx] "Nopied◎<2><[U:1:103205717]><>" slayed "티벳여우<10><[U:1:171130010]><>"
L 05/20/2016 - 22:37:32: [playercommands.smx] "Nopied◎<2><[U:1:103205717]><>" slayed "Nopied◎<2><[U:1:103205717]><>"
L 05/20/2016 - 22:37:32: [playercommands.smx] "Nopied◎<2><[U:1:103205717]><>" slayed "[Ch.ZBK]-[GamesOn]<3><[U:1:100562803]><>"
L 05/20/2016 - 22:37:32: [playercommands.smx] "Nopied◎<2><[U:1:103205717]><>" slayed "Hat-Wearing MAN<4><BOT><>"
L 05/20/2016 - 22:37:32: [playercommands.smx] "Nopied◎<2><[U:1:103205717]><>" slayed "Numnutz<6><BOT><>"
L 05/20/2016 - 22:37:32: [playercommands.smx] "Nopied◎<2><[U:1:103205717]><>" slayed "The G-Man<8><BOT><>"
L 05/20/2016 - 22:37:32: [playercommands.smx] "Nopied◎<2><[U:1:103205717]><>" slayed "Chell<9><BOT><>"
L 05/20/2016 - 22:38:46: [playercommands.smx] "Nopied◎<2><[U:1:103205717]><>" slayed "[Ch.ZBK]-[GamesOn]<3><[U:1:100562803]><>"
L 05/20/2016 - 22:41:25: [playercommands.smx] "Nopied◎<2><[U:1:103205717]><>" slayed "Chell<9><BOT><>"
L 05/20/2016 - 22:46:30: [playercommands.smx] "Nopied◎<2><[U:1:103205717]><>" slayed "Nopied◎<2><[U:1:103205717]><>"
L 05/20/2016 - 22:46:30: [playercommands.smx] "Nopied◎<2><[U:1:103205717]><>" slayed "[Ch.ZBK]-[GamesOn]<3><[U:1:100562803]><>"
L 05/20/2016 - 22:46:30: [playercommands.smx] "Nopied◎<2><[U:1:103205717]><>" slayed "Hat-Wearing MAN<4><BOT><>"
L 05/20/2016 - 22:46:30: [playercommands.smx] "Nopied◎<2><[U:1:103205717]><>" slayed "Me<5><BOT><>"
L 05/20/2016 - 22:46:30: [playercommands.smx] "Nopied◎<2><[U:1:103205717]><>" slayed "Numnutz<6><BOT><>"
L 05/20/2016 - 22:46:31: [playercommands.smx] "Nopied◎<2><[U:1:103205717]><>" slayed "H@XX0RZ<7><BOT><>"
L 05/20/2016 - 22:46:31: [playercommands.smx] "Nopied◎<2><[U:1:103205717]><>" slayed "The G-Man<8><BOT><>"
L 05/20/2016 - 22:46:31: [playercommands.smx] "Nopied◎<2><[U:1:103205717]><>" slayed "Chell<9><BOT><>"
L 05/20/2016 - 22:46:34: [boss_selection.smx] 
L 05/20/2016 - 22:46:39: Log file closed.
