L 04/16/2016 - 11:41:03: SourceMod log file session started (file "L20160416.log") (Version "1.7.3-dev+5298")
L 04/16/2016 - 11:41:03: -------- Mapchange to arena_badlands --------
L 04/16/2016 - 11:41:03: [TF2ITEMS] "GiveNamedItem" offset = 472
L 04/16/2016 - 11:41:05: [Boss Selection.smx] [FF2boss] Added chat command: ff2boss
L 04/16/2016 - 11:41:05: [Boss Selection.smx] [FF2boss] Added chat command: boss
L 04/16/2016 - 11:41:05: [Boss Selection.smx] [FF2boss] Added chat command: 보스
L 04/16/2016 - 11:41:05: [Boss Selection.smx] [FF2boss] Added chat command: 보스선택
L 04/16/2016 - 11:41:05: [custompart.smx] Debug for CustomPart
L 04/16/2016 - 11:41:05: [freak_fortress_2.smx] ===Freak Fortress 2 Initializing-v1.10.9 Beta (build manual)===
L 04/16/2016 - 11:41:17: [Boss Selection.smx] [FF2boss] Added chat command: ff2boss
L 04/16/2016 - 11:41:17: [Boss Selection.smx] [FF2boss] Added chat command: boss
L 04/16/2016 - 11:41:17: [Boss Selection.smx] [FF2boss] Added chat command: 보스
L 04/16/2016 - 11:41:17: [Boss Selection.smx] [FF2boss] Added chat command: 보스선택
L 04/16/2016 - 11:52:05: [playercommands.smx] "Nopied◎<2><[U:1:103205717]><>" slayed "Nopied◎<2><[U:1:103205717]><>"
L 04/16/2016 - 11:52:08: [Boss Selection.smx] 이 클라이언트는 0의 대기포인트를 저장해놓은 상태.
L 04/16/2016 - 11:53:47: [playercommands.smx] "Nopied◎<2><[U:1:103205717]><>" slayed "Agent 47<3><[U:1:115826286]><>"
L 04/16/2016 - 11:56:52: Log file closed.
L 04/16/2016 - 17:41:51: SourceMod log file session started (file "L20160416.log") (Version "1.7.3-dev+5298")
L 04/16/2016 - 17:41:51: -------- Mapchange to arena_badlands --------
L 04/16/2016 - 17:41:51: [TF2ITEMS] "GiveNamedItem" offset = 472
L 04/16/2016 - 17:41:53: [Boss Selection.smx] [FF2boss] Added chat command: ff2boss
L 04/16/2016 - 17:41:53: [Boss Selection.smx] [FF2boss] Added chat command: boss
L 04/16/2016 - 17:41:53: [Boss Selection.smx] [FF2boss] Added chat command: 보스
L 04/16/2016 - 17:41:53: [Boss Selection.smx] [FF2boss] Added chat command: 보스선택
L 04/16/2016 - 17:41:53: [custompart.smx] Debug for CustomPart
L 04/16/2016 - 17:41:53: [freak_fortress_2.smx] ===Freak Fortress 2 Initializing-v1.10.9 Beta (build manual)===
L 04/16/2016 - 17:42:04: [Boss Selection.smx] [FF2boss] Added chat command: ff2boss
L 04/16/2016 - 17:42:04: [Boss Selection.smx] [FF2boss] Added chat command: boss
L 04/16/2016 - 17:42:04: [Boss Selection.smx] [FF2boss] Added chat command: 보스
L 04/16/2016 - 17:42:04: [Boss Selection.smx] [FF2boss] Added chat command: 보스선택
L 04/16/2016 - 17:48:03: [playercommands.smx] "Nopied◎<2><[U:1:103205717]><>" slayed "Bot01<3><BOT><>"
L 04/16/2016 - 17:48:03: [playercommands.smx] "Nopied◎<2><[U:1:103205717]><>" slayed "Bot02<4><BOT><>"
L 04/16/2016 - 17:48:03: [playercommands.smx] "Nopied◎<2><[U:1:103205717]><>" slayed "Bot03<5><BOT><>"
L 04/16/2016 - 17:48:03: [playercommands.smx] "Nopied◎<2><[U:1:103205717]><>" slayed "Bot04<6><BOT><>"
L 04/16/2016 - 17:48:03: [playercommands.smx] "Nopied◎<2><[U:1:103205717]><>" slayed "Bot05<7><BOT><>"
L 04/16/2016 - 17:48:33: [playercommands.smx] "Nopied◎<2><[U:1:103205717]><>" slayed "Nopied◎<2><[U:1:103205717]><>"
L 04/16/2016 - 17:48:33: [playercommands.smx] "Nopied◎<2><[U:1:103205717]><>" slayed "Bot01<3><BOT><>"
L 04/16/2016 - 17:48:33: [playercommands.smx] "Nopied◎<2><[U:1:103205717]><>" slayed "Bot02<4><BOT><>"
L 04/16/2016 - 17:48:33: [playercommands.smx] "Nopied◎<2><[U:1:103205717]><>" slayed "Bot03<5><BOT><>"
L 04/16/2016 - 17:48:33: [playercommands.smx] "Nopied◎<2><[U:1:103205717]><>" slayed "Bot04<6><BOT><>"
L 04/16/2016 - 17:48:33: [playercommands.smx] "Nopied◎<2><[U:1:103205717]><>" slayed "Bot05<7><BOT><>"
L 04/16/2016 - 17:49:22: [playercommands.smx] "Nopied◎<2><[U:1:103205717]><>" slayed "Nopied◎<2><[U:1:103205717]><>"
L 04/16/2016 - 17:49:54: [playercommands.smx] "Nopied◎<2><[U:1:103205717]><>" slayed "Nopied◎<2><[U:1:103205717]><>"
L 04/16/2016 - 17:49:54: [playercommands.smx] "Nopied◎<2><[U:1:103205717]><>" slayed "Bot01<3><BOT><>"
L 04/16/2016 - 17:49:54: [playercommands.smx] "Nopied◎<2><[U:1:103205717]><>" slayed "Bot02<4><BOT><>"
L 04/16/2016 - 17:49:54: [playercommands.smx] "Nopied◎<2><[U:1:103205717]><>" slayed "Bot03<5><BOT><>"
L 04/16/2016 - 17:49:54: [playercommands.smx] "Nopied◎<2><[U:1:103205717]><>" slayed "Bot04<6><BOT><>"
L 04/16/2016 - 17:49:54: [playercommands.smx] "Nopied◎<2><[U:1:103205717]><>" slayed "Bot05<7><BOT><>"
L 04/16/2016 - 17:49:54: [playercommands.smx] "Nopied◎<2><[U:1:103205717]><>" slayed "Bot06<8><BOT><>"
L 04/16/2016 - 17:49:57: [Boss Selection.smx] 이 클라이언트는 0의 대기포인트를 저장해놓은 상태.
L 04/16/2016 - 17:51:13: [playercommands.smx] "Nopied◎<2><[U:1:103205717]><>" slayed "Bot01<3><BOT><>"
L 04/16/2016 - 17:51:13: [playercommands.smx] "Nopied◎<2><[U:1:103205717]><>" slayed "Bot02<4><BOT><>"
L 04/16/2016 - 17:51:13: [playercommands.smx] "Nopied◎<2><[U:1:103205717]><>" slayed "Bot03<5><BOT><>"
L 04/16/2016 - 17:51:13: [playercommands.smx] "Nopied◎<2><[U:1:103205717]><>" slayed "Bot04<6><BOT><>"
L 04/16/2016 - 17:51:13: [playercommands.smx] "Nopied◎<2><[U:1:103205717]><>" slayed "Bot05<7><BOT><>"
L 04/16/2016 - 17:51:13: [playercommands.smx] "Nopied◎<2><[U:1:103205717]><>" slayed "Bot06<8><BOT><>"
L 04/16/2016 - 17:55:25: [freak_fortress_2.smx] "Nopied◎<2><[U:1:103205717]><>" added 123456 queue points to "Nopied◎<2><[U:1:103205717]><>"
L 04/16/2016 - 17:57:51: [playercommands.smx] "Nopied◎<2><[U:1:103205717]><>" slayed "Nopied◎<2><[U:1:103205717]><>"
L 04/16/2016 - 17:57:54: [playercommands.smx] "Nopied◎<2><[U:1:103205717]><>" slayed "Bot01<3><BOT><>"
L 04/16/2016 - 17:57:54: [playercommands.smx] "Nopied◎<2><[U:1:103205717]><>" slayed "Bot02<4><BOT><>"
L 04/16/2016 - 17:57:54: [playercommands.smx] "Nopied◎<2><[U:1:103205717]><>" slayed "Bot03<5><BOT><>"
L 04/16/2016 - 17:57:54: [playercommands.smx] "Nopied◎<2><[U:1:103205717]><>" slayed "Bot04<6><BOT><>"
L 04/16/2016 - 17:57:54: [playercommands.smx] "Nopied◎<2><[U:1:103205717]><>" slayed "Bot05<7><BOT><>"
L 04/16/2016 - 17:57:54: [playercommands.smx] "Nopied◎<2><[U:1:103205717]><>" slayed "Bot06<8><BOT><>"
L 04/16/2016 - 17:58:11: [freak_fortress_2.smx] "Nopied◎<2><[U:1:103205717]><>" added 124 queue points to "Nopied◎<2><[U:1:103205717]><>"
L 04/16/2016 - 17:58:20: [playercommands.smx] "Nopied◎<2><[U:1:103205717]><>" slayed "Nopied◎<2><[U:1:103205717]><>"
L 04/16/2016 - 17:58:25: [playercommands.smx] "Nopied◎<2><[U:1:103205717]><>" slayed "Bot01<3><BOT><>"
L 04/16/2016 - 17:58:25: [playercommands.smx] "Nopied◎<2><[U:1:103205717]><>" slayed "Bot02<4><BOT><>"
L 04/16/2016 - 17:58:25: [playercommands.smx] "Nopied◎<2><[U:1:103205717]><>" slayed "Bot03<5><BOT><>"
L 04/16/2016 - 17:58:25: [playercommands.smx] "Nopied◎<2><[U:1:103205717]><>" slayed "Bot04<6><BOT><>"
L 04/16/2016 - 17:58:25: [playercommands.smx] "Nopied◎<2><[U:1:103205717]><>" slayed "Bot05<7><BOT><>"
L 04/16/2016 - 17:58:25: [playercommands.smx] "Nopied◎<2><[U:1:103205717]><>" slayed "Bot06<8><BOT><>"
L 04/16/2016 - 17:59:21: [playercommands.smx] "Nopied◎<2><[U:1:103205717]><>" slayed "Nopied◎<2><[U:1:103205717]><>"
L 04/16/2016 - 17:59:21: [playercommands.smx] "Nopied◎<2><[U:1:103205717]><>" slayed "Bot06<8><BOT><>"
L 04/16/2016 - 18:01:47: [playercommands.smx] "Nopied◎<2><[U:1:103205717]><>" slayed "Nopied◎<2><[U:1:103205717]><>"
L 04/16/2016 - 18:01:47: [playercommands.smx] "Nopied◎<2><[U:1:103205717]><>" slayed "Bot01<3><BOT><>"
L 04/16/2016 - 18:01:47: [playercommands.smx] "Nopied◎<2><[U:1:103205717]><>" slayed "Bot02<4><BOT><>"
L 04/16/2016 - 18:01:47: [playercommands.smx] "Nopied◎<2><[U:1:103205717]><>" slayed "Bot03<5><BOT><>"
L 04/16/2016 - 18:01:47: [playercommands.smx] "Nopied◎<2><[U:1:103205717]><>" slayed "Bot04<6><BOT><>"
L 04/16/2016 - 18:01:47: [playercommands.smx] "Nopied◎<2><[U:1:103205717]><>" slayed "Bot05<7><BOT><>"
L 04/16/2016 - 18:01:47: [playercommands.smx] "Nopied◎<2><[U:1:103205717]><>" slayed "Bot06<8><BOT><>"
L 04/16/2016 - 18:01:51: [Boss Selection.smx] 이 클라이언트는 0의 대기포인트를 저장해놓은 상태.
L 04/16/2016 - 18:01:55: Log file closed.
L 04/16/2016 - 21:40:55: SourceMod log file session started (file "L20160416.log") (Version "1.7.3-dev+5298")
L 04/16/2016 - 21:40:55: -------- Mapchange to arena_badlands --------
L 04/16/2016 - 21:40:55: [TF2ITEMS] "GiveNamedItem" offset = 472
L 04/16/2016 - 21:40:57: [Boss Selection.smx] [FF2boss] Added chat command: ff2boss
L 04/16/2016 - 21:40:57: [Boss Selection.smx] [FF2boss] Added chat command: boss
L 04/16/2016 - 21:40:57: [Boss Selection.smx] [FF2boss] Added chat command: 보스
L 04/16/2016 - 21:40:57: [Boss Selection.smx] [FF2boss] Added chat command: 보스선택
L 04/16/2016 - 21:40:57: [custompart.smx] Debug for CustomPart
L 04/16/2016 - 21:40:57: [freak_fortress_2.smx] ===Freak Fortress 2 Initializing-v1.10.9 Beta (build manual)===
L 04/16/2016 - 21:41:08: [Boss Selection.smx] [FF2boss] Added chat command: ff2boss
L 04/16/2016 - 21:41:08: [Boss Selection.smx] [FF2boss] Added chat command: boss
L 04/16/2016 - 21:41:08: [Boss Selection.smx] [FF2boss] Added chat command: 보스
L 04/16/2016 - 21:41:08: [Boss Selection.smx] [FF2boss] Added chat command: 보스선택
L 04/16/2016 - 21:46:46: [playercommands.smx] "Nopied◎<2><[U:1:103205717]><>" slayed "Nopied◎<2><[U:1:103205717]><>"
L 04/16/2016 - 21:47:34: [playercommands.smx] "Nopied◎<2><[U:1:103205717]><>" slayed "Bot05<8><BOT><>"
L 04/16/2016 - 21:47:34: [playercommands.smx] "Nopied◎<2><[U:1:103205717]><>" slayed "Bot06<9><BOT><>"
L 04/16/2016 - 21:59:06: [playercommands.smx] "Nopied◎<2><[U:1:103205717]><>" slayed "Nopied◎<2><[U:1:103205717]><>"
L 04/16/2016 - 21:59:25: [freak_fortress_2.smx] "Nopied◎<2><[U:1:103205717]><>" added 123 queue points to "Nopied◎<2><[U:1:103205717]><>"
L 04/16/2016 - 21:59:33: [playercommands.smx] "Nopied◎<2><[U:1:103205717]><>" slayed "Nopied◎<2><[U:1:103205717]><>"
L 04/16/2016 - 21:59:36: [playercommands.smx] "Nopied◎<2><[U:1:103205717]><>" slayed "Bot01<4><BOT><>"
L 04/16/2016 - 21:59:36: [playercommands.smx] "Nopied◎<2><[U:1:103205717]><>" slayed "Bot02<5><BOT><>"
L 04/16/2016 - 21:59:36: [playercommands.smx] "Nopied◎<2><[U:1:103205717]><>" slayed "Bot03<6><BOT><>"
L 04/16/2016 - 21:59:36: [playercommands.smx] "Nopied◎<2><[U:1:103205717]><>" slayed "Bot04<7><BOT><>"
L 04/16/2016 - 21:59:36: [playercommands.smx] "Nopied◎<2><[U:1:103205717]><>" slayed "Bot05<8><BOT><>"
L 04/16/2016 - 22:04:20: [playercommands.smx] "Nopied◎<2><[U:1:103205717]><>" slayed "Bot01<4><BOT><>"
L 04/16/2016 - 22:04:20: [playercommands.smx] "Nopied◎<2><[U:1:103205717]><>" slayed "Bot02<5><BOT><>"
L 04/16/2016 - 22:04:20: [playercommands.smx] "Nopied◎<2><[U:1:103205717]><>" slayed "Bot03<6><BOT><>"
L 04/16/2016 - 22:04:20: [playercommands.smx] "Nopied◎<2><[U:1:103205717]><>" slayed "Bot04<7><BOT><>"
L 04/16/2016 - 22:04:20: [playercommands.smx] "Nopied◎<2><[U:1:103205717]><>" slayed "Bot05<8><BOT><>"
L 04/16/2016 - 22:04:20: [playercommands.smx] "Nopied◎<2><[U:1:103205717]><>" slayed "Bot06<9><BOT><>"
L 04/16/2016 - 22:04:23: [Boss Selection.smx] 이 클라이언트는 0의 대기포인트를 저장해놓은 상태.
L 04/16/2016 - 22:05:35: [playercommands.smx] "Nopied◎<2><[U:1:103205717]><>" slayed "Nopied◎<2><[U:1:103205717]><>"
L 04/16/2016 - 22:05:35: [playercommands.smx] "Nopied◎<2><[U:1:103205717]><>" slayed "Bot01<4><BOT><>"
L 04/16/2016 - 22:05:35: [playercommands.smx] "Nopied◎<2><[U:1:103205717]><>" slayed "Bot02<5><BOT><>"
L 04/16/2016 - 22:05:35: [playercommands.smx] "Nopied◎<2><[U:1:103205717]><>" slayed "Bot03<6><BOT><>"
L 04/16/2016 - 22:05:35: [playercommands.smx] "Nopied◎<2><[U:1:103205717]><>" slayed "Bot04<7><BOT><>"
L 04/16/2016 - 22:05:35: [playercommands.smx] "Nopied◎<2><[U:1:103205717]><>" slayed "Bot05<8><BOT><>"
L 04/16/2016 - 22:05:35: [playercommands.smx] "Nopied◎<2><[U:1:103205717]><>" slayed "Bot06<9><BOT><>"
L 04/16/2016 - 22:05:38: [Boss Selection.smx] 이 클라이언트는 0의 대기포인트를 저장해놓은 상태.
L 04/16/2016 - 22:07:03: [Boss Selection.smx] 이 클라이언트는 0의 대기포인트를 저장해놓은 상태.
L 04/16/2016 - 22:07:03: [Boss Selection.smx] 이 클라이언트는 0의 대기포인트를 저장해놓은 상태.
L 04/16/2016 - 22:09:39: [playercommands.smx] "Nopied◎<2><[U:1:103205717]><>" slapped "나는 브로니다! 으아아<12><[U:1:224567350]><>" (damage "5")
L 04/16/2016 - 22:09:40: [playercommands.smx] "Nopied◎<2><[U:1:103205717]><>" slapped "나는 브로니다! 으아아<12><[U:1:224567350]><>" (damage "5")
L 04/16/2016 - 22:09:40: [playercommands.smx] "Nopied◎<2><[U:1:103205717]><>" slapped "나는 브로니다! 으아아<12><[U:1:224567350]><>" (damage "5")
L 04/16/2016 - 22:09:40: [playercommands.smx] "Nopied◎<2><[U:1:103205717]><>" slapped "나는 브로니다! 으아아<12><[U:1:224567350]><>" (damage "5")
L 04/16/2016 - 22:09:40: [playercommands.smx] "Nopied◎<2><[U:1:103205717]><>" slapped "나는 브로니다! 으아아<12><[U:1:224567350]><>" (damage "5")
L 04/16/2016 - 22:09:40: [playercommands.smx] "Nopied◎<2><[U:1:103205717]><>" slapped "나는 브로니다! 으아아<12><[U:1:224567350]><>" (damage "5")
L 04/16/2016 - 22:09:40: [playercommands.smx] "Nopied◎<2><[U:1:103205717]><>" slapped "나는 브로니다! 으아아<12><[U:1:224567350]><>" (damage "5")
L 04/16/2016 - 22:09:40: [playercommands.smx] "Nopied◎<2><[U:1:103205717]><>" slapped "나는 브로니다! 으아아<12><[U:1:224567350]><>" (damage "5")
L 04/16/2016 - 22:09:40: [playercommands.smx] "Nopied◎<2><[U:1:103205717]><>" slapped "나는 브로니다! 으아아<12><[U:1:224567350]><>" (damage "5")
L 04/16/2016 - 22:09:41: [playercommands.smx] "Nopied◎<2><[U:1:103205717]><>" slapped "나는 브로니다! 으아아<12><[U:1:224567350]><>" (damage "5")
L 04/16/2016 - 22:09:41: [playercommands.smx] "Nopied◎<2><[U:1:103205717]><>" slapped "나는 브로니다! 으아아<12><[U:1:224567350]><>" (damage "5")
L 04/16/2016 - 22:09:41: [playercommands.smx] "Nopied◎<2><[U:1:103205717]><>" slapped "나는 브로니다! 으아아<12><[U:1:224567350]><>" (damage "5")
L 04/16/2016 - 22:09:41: [playercommands.smx] "Nopied◎<2><[U:1:103205717]><>" slapped "나는 브로니다! 으아아<12><[U:1:224567350]><>" (damage "5")
L 04/16/2016 - 22:09:41: [playercommands.smx] "Nopied◎<2><[U:1:103205717]><>" slapped "나는 브로니다! 으아아<12><[U:1:224567350]><>" (damage "5")
L 04/16/2016 - 22:09:41: [playercommands.smx] "Nopied◎<2><[U:1:103205717]><>" slapped "나는 브로니다! 으아아<12><[U:1:224567350]><>" (damage "5")
L 04/16/2016 - 22:09:41: [playercommands.smx] "Nopied◎<2><[U:1:103205717]><>" slapped "나는 브로니다! 으아아<12><[U:1:224567350]><>" (damage "5")
L 04/16/2016 - 22:09:42: [playercommands.smx] "Nopied◎<2><[U:1:103205717]><>" slapped "나는 브로니다! 으아아<12><[U:1:224567350]><>" (damage "5")
L 04/16/2016 - 22:09:42: [playercommands.smx] "Nopied◎<2><[U:1:103205717]><>" slapped "나는 브로니다! 으아아<12><[U:1:224567350]><>" (damage "5")
L 04/16/2016 - 22:09:42: [playercommands.smx] "Nopied◎<2><[U:1:103205717]><>" slapped "나는 브로니다! 으아아<12><[U:1:224567350]><>" (damage "5")
L 04/16/2016 - 22:09:42: [playercommands.smx] "Nopied◎<2><[U:1:103205717]><>" slapped "나는 브로니다! 으아아<12><[U:1:224567350]><>" (damage "5")
L 04/16/2016 - 22:09:42: [playercommands.smx] "Nopied◎<2><[U:1:103205717]><>" slapped "나는 브로니다! 으아아<12><[U:1:224567350]><>" (damage "5")
L 04/16/2016 - 22:09:42: [playercommands.smx] "Nopied◎<2><[U:1:103205717]><>" slapped "나는 브로니다! 으아아<12><[U:1:224567350]><>" (damage "5")
L 04/16/2016 - 22:09:43: [playercommands.smx] "Nopied◎<2><[U:1:103205717]><>" slapped "나는 브로니다! 으아아<12><[U:1:224567350]><>" (damage "5")
L 04/16/2016 - 22:09:43: [playercommands.smx] "Nopied◎<2><[U:1:103205717]><>" slapped "나는 브로니다! 으아아<12><[U:1:224567350]><>" (damage "5")
L 04/16/2016 - 22:09:43: [playercommands.smx] "Nopied◎<2><[U:1:103205717]><>" slapped "나는 브로니다! 으아아<12><[U:1:224567350]><>" (damage "5")
L 04/16/2016 - 22:09:43: [playercommands.smx] "Nopied◎<2><[U:1:103205717]><>" slapped "나는 브로니다! 으아아<12><[U:1:224567350]><>" (damage "5")
L 04/16/2016 - 22:09:43: [playercommands.smx] "Nopied◎<2><[U:1:103205717]><>" slapped "나는 브로니다! 으아아<12><[U:1:224567350]><>" (damage "5")
L 04/16/2016 - 22:09:43: [playercommands.smx] "Nopied◎<2><[U:1:103205717]><>" slapped "나는 브로니다! 으아아<12><[U:1:224567350]><>" (damage "5")
L 04/16/2016 - 22:09:44: [playercommands.smx] "Nopied◎<2><[U:1:103205717]><>" slapped "나는 브로니다! 으아아<12><[U:1:224567350]><>" (damage "5")
L 04/16/2016 - 22:09:44: [playercommands.smx] "Nopied◎<2><[U:1:103205717]><>" slapped "나는 브로니다! 으아아<12><[U:1:224567350]><>" (damage "5")
L 04/16/2016 - 22:09:44: [playercommands.smx] "Nopied◎<2><[U:1:103205717]><>" slapped "나는 브로니다! 으아아<12><[U:1:224567350]><>" (damage "5")
L 04/16/2016 - 22:09:44: [playercommands.smx] "Nopied◎<2><[U:1:103205717]><>" slapped "나는 브로니다! 으아아<12><[U:1:224567350]><>" (damage "5")
L 04/16/2016 - 22:09:44: [playercommands.smx] "Nopied◎<2><[U:1:103205717]><>" slapped "나는 브로니다! 으아아<12><[U:1:224567350]><>" (damage "5")
L 04/16/2016 - 22:09:44: [playercommands.smx] "Nopied◎<2><[U:1:103205717]><>" slapped "나는 브로니다! 으아아<12><[U:1:224567350]><>" (damage "5")
L 04/16/2016 - 22:09:45: [playercommands.smx] "Nopied◎<2><[U:1:103205717]><>" slapped "나는 브로니다! 으아아<12><[U:1:224567350]><>" (damage "5")
L 04/16/2016 - 22:09:45: [playercommands.smx] "Nopied◎<2><[U:1:103205717]><>" slapped "나는 브로니다! 으아아<12><[U:1:224567350]><>" (damage "5")
L 04/16/2016 - 22:11:13: [playercommands.smx] "Nopied◎<2><[U:1:103205717]><>" slayed "[F]dwgwjw1024[PFBT]<15><[U:1:159644927]><>"
L 04/16/2016 - 22:11:28: [Boss Selection.smx] 이 클라이언트는 0의 대기포인트를 저장해놓은 상태.
L 04/16/2016 - 22:11:28: [Boss Selection.smx] 이 클라이언트는 0의 대기포인트를 저장해놓은 상태.
L 04/16/2016 - 22:11:28: [Boss Selection.smx] 이 클라이언트는 0의 대기포인트를 저장해놓은 상태.
L 04/16/2016 - 22:11:28: [Boss Selection.smx] 이 클라이언트는 0의 대기포인트를 저장해놓은 상태.
L 04/16/2016 - 22:11:51: [playercommands.smx] "Nopied◎<2><[U:1:103205717]><>" slayed "Bot06<9><BOT><>"
L 04/16/2016 - 22:11:54: [Boss Selection.smx] 이 클라이언트는 0의 대기포인트를 저장해놓은 상태.
L 04/16/2016 - 22:11:54: [Boss Selection.smx] 이 클라이언트는 0의 대기포인트를 저장해놓은 상태.
L 04/16/2016 - 22:11:54: [Boss Selection.smx] 이 클라이언트는 0의 대기포인트를 저장해놓은 상태.
L 04/16/2016 - 22:11:54: [Boss Selection.smx] 이 클라이언트는 0의 대기포인트를 저장해놓은 상태.
L 04/16/2016 - 22:12:18: [freak_fortress_2.smx] "Nopied◎<2><[U:1:103205717]><>" added 123 queue points to "Nopied◎<2><[U:1:103205717]><>"
L 04/16/2016 - 22:14:49: [playercommands.smx] "Nopied◎<2><[U:1:103205717]><>" slayed "Nopied◎<2><[U:1:103205717]><>"
L 04/16/2016 - 22:14:49: [playercommands.smx] "Nopied◎<2><[U:1:103205717]><>" slayed "나에<13><[U:1:175650516]><>"
L 04/16/2016 - 22:14:49: [playercommands.smx] "Nopied◎<2><[U:1:103205717]><>" slayed "나는 브로니다!<14><[U:1:150941697]><>"
L 04/16/2016 - 22:14:49: [playercommands.smx] "Nopied◎<2><[U:1:103205717]><>" slayed "[F]dwgwjw1024[PFBT]<15><[U:1:159644927]><>"
L 04/16/2016 - 22:14:49: [playercommands.smx] "Nopied◎<2><[U:1:103205717]><>" slayed "(1)나는 브로니다!<17><[U:1:171130010]><>"
L 04/16/2016 - 22:14:49: [playercommands.smx] "Nopied◎<2><[U:1:103205717]><>" slayed "GO mediseun<19><[U:1:61271689]><>"
L 04/16/2016 - 22:14:52: [Boss Selection.smx] 이 클라이언트는 0의 대기포인트를 저장해놓은 상태.
L 04/16/2016 - 22:14:52: [Boss Selection.smx] 이 클라이언트는 0의 대기포인트를 저장해놓은 상태.
L 04/16/2016 - 22:14:52: [Boss Selection.smx] 이 클라이언트는 0의 대기포인트를 저장해놓은 상태.
L 04/16/2016 - 22:14:52: [Boss Selection.smx] 이 클라이언트는 0의 대기포인트를 저장해놓은 상태.
L 04/16/2016 - 22:17:02: [playercommands.smx] "Nopied◎<2><[U:1:103205717]><>" slayed "[F]dwgwjw1024[PFBT]<15><[U:1:159644927]><>"
L 04/16/2016 - 22:19:19: [playercommands.smx] "Nopied◎<2><[U:1:103205717]><>" slayed "나는 브로니다!<14><[U:1:150941697]><>"
L 04/16/2016 - 22:20:06: [Boss Selection.smx] 이 클라이언트는 0의 대기포인트를 저장해놓은 상태.
L 04/16/2016 - 22:20:06: [Boss Selection.smx] 이 클라이언트는 0의 대기포인트를 저장해놓은 상태.
L 04/16/2016 - 22:20:06: [Boss Selection.smx] 이 클라이언트는 0의 대기포인트를 저장해놓은 상태.
L 04/16/2016 - 22:20:06: [Boss Selection.smx] 이 클라이언트는 0의 대기포인트를 저장해놓은 상태.
L 04/16/2016 - 22:20:28: [SM] Changed map to "koth_nucleus"
L 04/16/2016 - 22:20:29: -------- Mapchange to koth_nucleus --------
L 04/16/2016 - 22:20:37: [Boss Selection.smx] [FF2boss] Added chat command: ff2boss
L 04/16/2016 - 22:20:37: [Boss Selection.smx] [FF2boss] Added chat command: boss
L 04/16/2016 - 22:20:37: [Boss Selection.smx] [FF2boss] Added chat command: 보스
L 04/16/2016 - 22:20:37: [Boss Selection.smx] [FF2boss] Added chat command: 보스선택
L 04/16/2016 - 22:21:00: [basecommands.smx] "Nopied◎<2><[U:1:103205717]><>" changed map to "arena_nucleus"
L 04/16/2016 - 22:21:03: [SM] Changed map to "arena_nucleus"
L 04/16/2016 - 22:21:04: -------- Mapchange to arena_nucleus --------
L 04/16/2016 - 22:21:08: [Boss Selection.smx] [FF2boss] Added chat command: ff2boss
L 04/16/2016 - 22:21:08: [Boss Selection.smx] [FF2boss] Added chat command: boss
L 04/16/2016 - 22:21:08: [Boss Selection.smx] [FF2boss] Added chat command: 보스
L 04/16/2016 - 22:21:08: [Boss Selection.smx] [FF2boss] Added chat command: 보스선택
L 04/16/2016 - 22:22:32: [Boss Selection.smx] 이 클라이언트는 0의 대기포인트를 저장해놓은 상태.
L 04/16/2016 - 22:22:32: [Boss Selection.smx] 이 클라이언트는 0의 대기포인트를 저장해놓은 상태.
L 04/16/2016 - 22:22:32: [Boss Selection.smx] 이 클라이언트는 0의 대기포인트를 저장해놓은 상태.
L 04/16/2016 - 22:22:32: [Boss Selection.smx] 이 클라이언트는 0의 대기포인트를 저장해놓은 상태.
L 04/16/2016 - 22:23:26: [Boss Selection.smx] 이 클라이언트는 0의 대기포인트를 저장해놓은 상태.
L 04/16/2016 - 22:23:26: [Boss Selection.smx] 이 클라이언트는 0의 대기포인트를 저장해놓은 상태.
L 04/16/2016 - 22:23:26: [Boss Selection.smx] 이 클라이언트는 0의 대기포인트를 저장해놓은 상태.
L 04/16/2016 - 22:24:25: [Boss Selection.smx] 이 클라이언트는 0의 대기포인트를 저장해놓은 상태.
L 04/16/2016 - 22:24:25: [Boss Selection.smx] 이 클라이언트는 0의 대기포인트를 저장해놓은 상태.
L 04/16/2016 - 22:24:25: [Boss Selection.smx] 이 클라이언트는 0의 대기포인트를 저장해놓은 상태.
L 04/16/2016 - 22:30:47: [Boss Selection.smx] 이 클라이언트는 0의 대기포인트를 저장해놓은 상태.
L 04/16/2016 - 22:30:47: [Boss Selection.smx] 이 클라이언트는 0의 대기포인트를 저장해놓은 상태.
L 04/16/2016 - 22:30:47: [Boss Selection.smx] 이 클라이언트는 0의 대기포인트를 저장해놓은 상태.
L 04/16/2016 - 22:30:52: [playercommands.smx] "Nopied◎<2><[U:1:103205717]><>" slayed "Rimuru Temfest<10><[U:1:76700589]><>"
L 04/16/2016 - 22:30:52: [playercommands.smx] "Nopied◎<2><[U:1:103205717]><>" slayed "(1)나는 브로니다!<17><[U:1:171130010]><>"
L 04/16/2016 - 22:31:43: [Boss Selection.smx] 이 클라이언트는 0의 대기포인트를 저장해놓은 상태.
L 04/16/2016 - 22:31:43: [Boss Selection.smx] 이 클라이언트는 0의 대기포인트를 저장해놓은 상태.
L 04/16/2016 - 22:31:43: [Boss Selection.smx] 이 클라이언트는 0의 대기포인트를 저장해놓은 상태.
L 04/16/2016 - 22:32:35: [Boss Selection.smx] 이 클라이언트는 0의 대기포인트를 저장해놓은 상태.
L 04/16/2016 - 22:32:35: [Boss Selection.smx] 이 클라이언트는 0의 대기포인트를 저장해놓은 상태.
L 04/16/2016 - 22:32:35: [Boss Selection.smx] 이 클라이언트는 0의 대기포인트를 저장해놓은 상태.
L 04/16/2016 - 22:37:10: [playercommands.smx] "Nopied◎<2><[U:1:103205717]><>" slayed "나에<13><[U:1:175650516]><>"
L 04/16/2016 - 22:37:13: [Boss Selection.smx] 이 클라이언트는 0의 대기포인트를 저장해놓은 상태.
L 04/16/2016 - 22:37:13: [Boss Selection.smx] 이 클라이언트는 0의 대기포인트를 저장해놓은 상태.
L 04/16/2016 - 22:37:13: [Boss Selection.smx] 이 클라이언트는 0의 대기포인트를 저장해놓은 상태.
L 04/16/2016 - 22:38:40: [Boss Selection.smx] 이 클라이언트는 0의 대기포인트를 저장해놓은 상태.
L 04/16/2016 - 22:38:40: [Boss Selection.smx] 이 클라이언트는 0의 대기포인트를 저장해놓은 상태.
L 04/16/2016 - 22:38:40: [Boss Selection.smx] 이 클라이언트는 0의 대기포인트를 저장해놓은 상태.
L 04/16/2016 - 22:40:20: [playercommands.smx] "Nopied◎<2><[U:1:103205717]><>" slayed "나는 브로니다!<14><[U:1:150941697]><>"
L 04/16/2016 - 22:40:20: [playercommands.smx] "Nopied◎<2><[U:1:103205717]><>" slayed "(1)나는 브로니다!<17><[U:1:171130010]><>"
L 04/16/2016 - 22:40:23: [Boss Selection.smx] 이 클라이언트는 0의 대기포인트를 저장해놓은 상태.
L 04/16/2016 - 22:40:23: [Boss Selection.smx] 이 클라이언트는 0의 대기포인트를 저장해놓은 상태.
L 04/16/2016 - 22:40:23: [Boss Selection.smx] 이 클라이언트는 0의 대기포인트를 저장해놓은 상태.
L 04/16/2016 - 22:43:12: [playercommands.smx] "Nopied◎<2><[U:1:103205717]><>" slayed "Nopied◎<2><[U:1:103205717]><>"
L 04/16/2016 - 22:43:15: [Boss Selection.smx] 이 클라이언트는 0의 대기포인트를 저장해놓은 상태.
L 04/16/2016 - 22:43:15: [Boss Selection.smx] 이 클라이언트는 0의 대기포인트를 저장해놓은 상태.
L 04/16/2016 - 22:43:15: [Boss Selection.smx] 이 클라이언트는 0의 대기포인트를 저장해놓은 상태.
L 04/16/2016 - 22:43:37: [basechat.smx] "Nopied◎<2><[U:1:103205717]><>" triggered sm_say (text 물론 농담이죠)
L 04/16/2016 - 22:44:38: [Boss Selection.smx] 이 클라이언트는 0의 대기포인트를 저장해놓은 상태.
L 04/16/2016 - 22:44:38: [Boss Selection.smx] 이 클라이언트는 0의 대기포인트를 저장해놓은 상태.
L 04/16/2016 - 22:44:38: [Boss Selection.smx] 이 클라이언트는 0의 대기포인트를 저장해놓은 상태.
L 04/16/2016 - 22:44:38: [Boss Selection.smx] 이 클라이언트는 0의 대기포인트를 저장해놓은 상태.
L 04/16/2016 - 22:44:41: [freak_fortress_2.smx] "Nopied◎<2><[U:1:103205717]><>" added 123 queue points to "Nopied◎<2><[U:1:103205717]><>"
L 04/16/2016 - 22:52:59: [Boss Selection.smx] 이 클라이언트는 0의 대기포인트를 저장해놓은 상태.
L 04/16/2016 - 22:52:59: [Boss Selection.smx] 이 클라이언트는 0의 대기포인트를 저장해놓은 상태.
L 04/16/2016 - 22:52:59: [Boss Selection.smx] 이 클라이언트는 0의 대기포인트를 저장해놓은 상태.
L 04/16/2016 - 22:53:02: [playercommands.smx] "Nopied◎<2><[U:1:103205717]><>" slayed "Rimuru Temfest<10><[U:1:76700589]><>"
L 04/16/2016 - 22:53:02: [playercommands.smx] "Nopied◎<2><[U:1:103205717]><>" slayed "나는 브로니다! 으아아<12><[U:1:224567350]><>"
L 04/16/2016 - 22:53:02: [playercommands.smx] "Nopied◎<2><[U:1:103205717]><>" slayed "나는 브로니다!<14><[U:1:150941697]><>"
L 04/16/2016 - 22:54:53: [Boss Selection.smx] 이 클라이언트는 0의 대기포인트를 저장해놓은 상태.
L 04/16/2016 - 22:54:53: [Boss Selection.smx] 이 클라이언트는 0의 대기포인트를 저장해놓은 상태.
L 04/16/2016 - 22:54:53: [Boss Selection.smx] 이 클라이언트는 0의 대기포인트를 저장해놓은 상태.
L 04/16/2016 - 22:54:55: [playercommands.smx] "Nopied◎<2><[U:1:103205717]><>" slayed "후와와 (작다)<18><[U:1:209760731]><>"
L 04/16/2016 - 22:57:35: [playercommands.smx] "Nopied◎<2><[U:1:103205717]><>" slayed "Nopied◎<2><[U:1:103205717]><>"
L 04/16/2016 - 22:57:35: [playercommands.smx] "Nopied◎<2><[U:1:103205717]><>" slayed "Rimuru Temfest<10><[U:1:76700589]><>"
L 04/16/2016 - 22:57:35: [playercommands.smx] "Nopied◎<2><[U:1:103205717]><>" slayed "나는 브로니다! 으아아<12><[U:1:224567350]><>"
L 04/16/2016 - 22:57:35: [playercommands.smx] "Nopied◎<2><[U:1:103205717]><>" slayed "나는 브로니다!<14><[U:1:150941697]><>"
L 04/16/2016 - 22:57:35: [playercommands.smx] "Nopied◎<2><[U:1:103205717]><>" slayed "GO mediseun<19><[U:1:61271689]><>"
L 04/16/2016 - 22:57:38: [Boss Selection.smx] 이 클라이언트는 0의 대기포인트를 저장해놓은 상태.
L 04/16/2016 - 22:57:38: [Boss Selection.smx] 이 클라이언트는 0의 대기포인트를 저장해놓은 상태.
L 04/16/2016 - 22:57:38: [Boss Selection.smx] 이 클라이언트는 0의 대기포인트를 저장해놓은 상태.
L 04/16/2016 - 22:57:38: [Boss Selection.smx] 이 클라이언트는 0의 대기포인트를 저장해놓은 상태.
L 04/16/2016 - 22:58:00: [SM] Changed map to "koth_viaduct"
L 04/16/2016 - 22:58:02: -------- Mapchange to koth_viaduct --------
L 04/16/2016 - 22:58:07: [Boss Selection.smx] [FF2boss] Added chat command: ff2boss
L 04/16/2016 - 22:58:07: [Boss Selection.smx] [FF2boss] Added chat command: boss
L 04/16/2016 - 22:58:07: [Boss Selection.smx] [FF2boss] Added chat command: 보스
L 04/16/2016 - 22:58:07: [Boss Selection.smx] [FF2boss] Added chat command: 보스선택
L 04/16/2016 - 23:03:13: [playercommands.smx] "Nopied◎<2><[U:1:103205717]><>" slapped "나는 브로니다!<14><[U:1:150941697]><>" (damage "10")
L 04/16/2016 - 23:03:13: [playercommands.smx] "Nopied◎<2><[U:1:103205717]><>" slapped "나는 브로니다!<14><[U:1:150941697]><>" (damage "10")
L 04/16/2016 - 23:03:13: [playercommands.smx] "Nopied◎<2><[U:1:103205717]><>" slapped "나는 브로니다!<14><[U:1:150941697]><>" (damage "10")
L 04/16/2016 - 23:03:14: [playercommands.smx] "Nopied◎<2><[U:1:103205717]><>" slapped "나는 브로니다!<14><[U:1:150941697]><>" (damage "10")
L 04/16/2016 - 23:03:14: [playercommands.smx] "Nopied◎<2><[U:1:103205717]><>" slapped "나는 브로니다!<14><[U:1:150941697]><>" (damage "10")
L 04/16/2016 - 23:03:14: [playercommands.smx] "Nopied◎<2><[U:1:103205717]><>" slapped "나는 브로니다!<14><[U:1:150941697]><>" (damage "10")
L 04/16/2016 - 23:03:14: [playercommands.smx] "Nopied◎<2><[U:1:103205717]><>" slapped "나는 브로니다!<14><[U:1:150941697]><>" (damage "10")
L 04/16/2016 - 23:03:14: [playercommands.smx] "Nopied◎<2><[U:1:103205717]><>" slapped "나는 브로니다!<14><[U:1:150941697]><>" (damage "10")
L 04/16/2016 - 23:03:14: [playercommands.smx] "Nopied◎<2><[U:1:103205717]><>" slapped "나는 브로니다!<14><[U:1:150941697]><>" (damage "10")
L 04/16/2016 - 23:03:14: [playercommands.smx] "Nopied◎<2><[U:1:103205717]><>" slapped "나는 브로니다!<14><[U:1:150941697]><>" (damage "10")
L 04/16/2016 - 23:03:15: [playercommands.smx] "Nopied◎<2><[U:1:103205717]><>" slapped "나는 브로니다!<14><[U:1:150941697]><>" (damage "10")
L 04/16/2016 - 23:03:15: [playercommands.smx] "Nopied◎<2><[U:1:103205717]><>" slapped "나는 브로니다!<14><[U:1:150941697]><>" (damage "10")
L 04/16/2016 - 23:03:15: [playercommands.smx] "Nopied◎<2><[U:1:103205717]><>" slapped "나는 브로니다!<14><[U:1:150941697]><>" (damage "10")
L 04/16/2016 - 23:03:15: [playercommands.smx] "Nopied◎<2><[U:1:103205717]><>" slapped "나는 브로니다!<14><[U:1:150941697]><>" (damage "10")
L 04/16/2016 - 23:03:15: [playercommands.smx] "Nopied◎<2><[U:1:103205717]><>" slapped "나는 브로니다!<14><[U:1:150941697]><>" (damage "10")
L 04/16/2016 - 23:03:15: [playercommands.smx] "Nopied◎<2><[U:1:103205717]><>" slapped "나는 브로니다!<14><[U:1:150941697]><>" (damage "10")
L 04/16/2016 - 23:03:16: [playercommands.smx] "Nopied◎<2><[U:1:103205717]><>" slapped "나는 브로니다!<14><[U:1:150941697]><>" (damage "10")
L 04/16/2016 - 23:03:16: [playercommands.smx] "Nopied◎<2><[U:1:103205717]><>" slapped "나는 브로니다!<14><[U:1:150941697]><>" (damage "10")
L 04/16/2016 - 23:03:16: [playercommands.smx] "Nopied◎<2><[U:1:103205717]><>" slapped "나는 브로니다!<14><[U:1:150941697]><>" (damage "10")
L 04/16/2016 - 23:03:16: [playercommands.smx] "Nopied◎<2><[U:1:103205717]><>" slapped "나는 브로니다!<14><[U:1:150941697]><>" (damage "10")
L 04/16/2016 - 23:03:16: [playercommands.smx] "Nopied◎<2><[U:1:103205717]><>" slapped "나는 브로니다!<14><[U:1:150941697]><>" (damage "10")
L 04/16/2016 - 23:03:17: [playercommands.smx] "Nopied◎<2><[U:1:103205717]><>" slapped "나는 브로니다!<14><[U:1:150941697]><>" (damage "10")
L 04/16/2016 - 23:03:17: [playercommands.smx] "Nopied◎<2><[U:1:103205717]><>" slapped "나는 브로니다!<14><[U:1:150941697]><>" (damage "10")
L 04/16/2016 - 23:03:17: [playercommands.smx] "Nopied◎<2><[U:1:103205717]><>" slapped "나는 브로니다!<14><[U:1:150941697]><>" (damage "10")
L 04/16/2016 - 23:03:17: [playercommands.smx] "Nopied◎<2><[U:1:103205717]><>" slapped "나는 브로니다!<14><[U:1:150941697]><>" (damage "10")
L 04/16/2016 - 23:03:17: [playercommands.smx] "Nopied◎<2><[U:1:103205717]><>" slapped "나는 브로니다!<14><[U:1:150941697]><>" (damage "10")
L 04/16/2016 - 23:03:17: [playercommands.smx] "Nopied◎<2><[U:1:103205717]><>" slapped "나는 브로니다!<14><[U:1:150941697]><>" (damage "10")
L 04/16/2016 - 23:03:18: [playercommands.smx] "Nopied◎<2><[U:1:103205717]><>" slapped "나는 브로니다!<14><[U:1:150941697]><>" (damage "10")
L 04/16/2016 - 23:03:18: [playercommands.smx] "Nopied◎<2><[U:1:103205717]><>" slapped "나는 브로니다!<14><[U:1:150941697]><>" (damage "10")
L 04/16/2016 - 23:03:18: [playercommands.smx] "Nopied◎<2><[U:1:103205717]><>" slapped "나는 브로니다!<14><[U:1:150941697]><>" (damage "10")
L 04/16/2016 - 23:03:18: [playercommands.smx] "Nopied◎<2><[U:1:103205717]><>" slapped "나는 브로니다!<14><[U:1:150941697]><>" (damage "10")
L 04/16/2016 - 23:03:19: [playercommands.smx] "Nopied◎<2><[U:1:103205717]><>" slapped "나는 브로니다!<14><[U:1:150941697]><>" (damage "10")
L 04/16/2016 - 23:03:52: [playercommands.smx] "Nopied◎<2><[U:1:103205717]><>" slayed "Rimuru Temfest<10><[U:1:76700589]><>"
L 04/16/2016 - 23:03:52: [playercommands.smx] "Nopied◎<2><[U:1:103205717]><>" slayed "나는 브로니다!<14><[U:1:150941697]><>"
L 04/16/2016 - 23:03:55: [Boss Selection.smx] 이 클라이언트는 0의 대기포인트를 저장해놓은 상태.
L 04/16/2016 - 23:03:55: [Boss Selection.smx] 이 클라이언트는 0의 대기포인트를 저장해놓은 상태.
L 04/16/2016 - 23:03:55: [Boss Selection.smx] 이 클라이언트는 0의 대기포인트를 저장해놓은 상태.
L 04/16/2016 - 23:03:55: [Boss Selection.smx] 이 클라이언트는 0의 대기포인트를 저장해놓은 상태.
L 04/16/2016 - 23:04:49: [Boss Selection.smx] 이 클라이언트는 0의 대기포인트를 저장해놓은 상태.
L 04/16/2016 - 23:04:49: [Boss Selection.smx] 이 클라이언트는 0의 대기포인트를 저장해놓은 상태.
L 04/16/2016 - 23:04:49: [Boss Selection.smx] 이 클라이언트는 0의 대기포인트를 저장해놓은 상태.
L 04/16/2016 - 23:04:49: [Boss Selection.smx] 이 클라이언트는 0의 대기포인트를 저장해놓은 상태.
L 04/16/2016 - 23:08:09: [Boss Selection.smx] 이 클라이언트는 0의 대기포인트를 저장해놓은 상태.
L 04/16/2016 - 23:08:09: [Boss Selection.smx] 이 클라이언트는 0의 대기포인트를 저장해놓은 상태.
L 04/16/2016 - 23:08:09: [Boss Selection.smx] 이 클라이언트는 0의 대기포인트를 저장해놓은 상태.
L 04/16/2016 - 23:08:09: [Boss Selection.smx] 이 클라이언트는 0의 대기포인트를 저장해놓은 상태.
L 04/16/2016 - 23:11:21: [Boss Selection.smx] 이 클라이언트는 0의 대기포인트를 저장해놓은 상태.
L 04/16/2016 - 23:11:21: [Boss Selection.smx] 이 클라이언트는 0의 대기포인트를 저장해놓은 상태.
L 04/16/2016 - 23:11:21: [Boss Selection.smx] 이 클라이언트는 0의 대기포인트를 저장해놓은 상태.
L 04/16/2016 - 23:11:21: [Boss Selection.smx] 이 클라이언트는 0의 대기포인트를 저장해놓은 상태.
L 04/16/2016 - 23:11:32: Log file closed.
