L 02/25/2016 - 00:06:13: SourceMod log file session started (file "L20160225.log") (Version "1.7.3-dev+5298")
L 02/25/2016 - 00:06:13: -------- Mapchange to mvm_rottenburg --------
L 02/25/2016 - 00:06:30: Log file closed.
L 02/25/2016 - 00:06:51: SourceMod log file session started (file "L20160225.log") (Version "1.7.3-dev+5298")
L 02/25/2016 - 00:06:51: -------- Mapchange to mvm_rottenburg --------
L 02/25/2016 - 00:07:03: Log file closed.
L 02/25/2016 - 00:07:23: SourceMod log file session started (file "L20160225.log") (Version "1.7.3-dev+5298")
L 02/25/2016 - 00:07:23: -------- Mapchange to mvm_rottenburg --------
L 02/25/2016 - 00:07:36: Log file closed.
L 02/25/2016 - 13:30:38: SourceMod log file session started (file "L20160225.log") (Version "1.7.3-dev+5298")
L 02/25/2016 - 13:30:38: -------- Mapchange to mvm_rottenburg --------
L 02/25/2016 - 13:30:55: Log file closed.
L 02/25/2016 - 13:31:55: SourceMod log file session started (file "L20160225.log") (Version "1.7.3-dev+5298")
L 02/25/2016 - 13:31:55: -------- Mapchange to mvm_rottenburg --------
L 02/25/2016 - 13:32:09: Log file closed.
L 02/25/2016 - 13:34:00: SourceMod log file session started (file "L20160225.log") (Version "1.7.3-dev+5298")
L 02/25/2016 - 13:34:00: -------- Mapchange to mvm_rottenburg --------
L 02/25/2016 - 13:34:15: Log file closed.
L 02/25/2016 - 13:34:50: SourceMod log file session started (file "L20160225.log") (Version "1.7.3-dev+5298")
L 02/25/2016 - 13:34:50: -------- Mapchange to mvm_rottenburg --------
L 02/25/2016 - 13:35:05: Log file closed.
L 02/25/2016 - 13:44:08: SourceMod log file session started (file "L20160225.log") (Version "1.7.3-dev+5298")
L 02/25/2016 - 13:44:08: -------- Mapchange to mvm_rottenburg --------
L 02/25/2016 - 13:44:23: Log file closed.
L 02/25/2016 - 13:44:41: SourceMod log file session started (file "L20160225.log") (Version "1.7.3-dev+5298")
L 02/25/2016 - 13:44:41: -------- Mapchange to mvm_rottenburg --------
L 02/25/2016 - 13:44:54: Log file closed.
L 02/25/2016 - 13:45:30: SourceMod log file session started (file "L20160225.log") (Version "1.7.3-dev+5298")
L 02/25/2016 - 13:45:30: -------- Mapchange to mvm_rottenburg --------
L 02/25/2016 - 13:45:41: Log file closed.
L 02/25/2016 - 14:52:08: SourceMod log file session started (file "L20160225.log") (Version "1.7.3-dev+5298")
L 02/25/2016 - 14:52:08: -------- Mapchange to mvm_rottenburg --------
L 02/25/2016 - 14:52:22: Log file closed.
L 02/25/2016 - 14:52:47: SourceMod log file session started (file "L20160225.log") (Version "1.7.3-dev+5298")
L 02/25/2016 - 14:52:47: -------- Mapchange to mvm_rottenburg --------
L 02/25/2016 - 14:52:59: Log file closed.
L 02/25/2016 - 14:58:04: SourceMod log file session started (file "L20160225.log") (Version "1.7.3-dev+5298")
L 02/25/2016 - 14:58:04: -------- Mapchange to mvm_rottenburg --------
L 02/25/2016 - 14:58:16: Log file closed.
L 02/25/2016 - 14:58:27: SourceMod log file session started (file "L20160225.log") (Version "1.7.3-dev+5298")
L 02/25/2016 - 14:58:27: -------- Mapchange to mvm_rottenburg --------
L 02/25/2016 - 14:58:39: Log file closed.
L 02/25/2016 - 15:07:12: SourceMod log file session started (file "L20160225.log") (Version "1.7.3-dev+5298")
L 02/25/2016 - 15:07:12: -------- Mapchange to mvm_rottenburg --------
L 02/25/2016 - 15:07:26: Log file closed.
L 02/25/2016 - 15:08:31: SourceMod log file session started (file "L20160225.log") (Version "1.7.3-dev+5298")
L 02/25/2016 - 15:08:31: -------- Mapchange to mvm_rottenburg --------
L 02/25/2016 - 15:08:43: Log file closed.
L 02/25/2016 - 15:52:02: SourceMod log file session started (file "L20160225.log") (Version "1.7.3-dev+5298")
L 02/25/2016 - 15:52:02: -------- Mapchange to arena_badlands --------
L 02/25/2016 - 15:52:48: Log file closed.
L 02/25/2016 - 15:53:25: SourceMod log file session started (file "L20160225.log") (Version "1.7.3-dev+5298")
L 02/25/2016 - 15:53:25: -------- Mapchange to mvm_rottenburg --------
L 02/25/2016 - 15:53:40: Log file closed.
L 02/25/2016 - 15:54:23: SourceMod log file session started (file "L20160225.log") (Version "1.7.3-dev+5298")
L 02/25/2016 - 15:54:23: -------- Mapchange to mvm_bigrock --------
L 02/25/2016 - 15:54:36: Log file closed.
L 02/25/2016 - 15:55:00: SourceMod log file session started (file "L20160225.log") (Version "1.7.3-dev+5298")
L 02/25/2016 - 15:55:00: -------- Mapchange to koth_harvest_final --------
L 02/25/2016 - 15:56:08: Log file closed.
L 02/25/2016 - 15:56:26: SourceMod log file session started (file "L20160225.log") (Version "1.7.3-dev+5298")
L 02/25/2016 - 15:56:26: -------- Mapchange to mvm_rottenburg --------
L 02/25/2016 - 16:00:17: Log file closed.
L 02/25/2016 - 16:00:29: SourceMod log file session started (file "L20160225.log") (Version "1.7.3-dev+5298")
L 02/25/2016 - 16:00:29: -------- Mapchange to mvm_rottenburg --------
L 02/25/2016 - 16:22:41: Log file closed.
