L 06/09/2016 - 19:35:00: SourceMod log file session started (file "L20160609.log") (Version "1.7.3-dev+5298")
L 06/09/2016 - 19:35:00: -------- Mapchange to vsh_apg_v2 --------
L 06/09/2016 - 19:35:00: [TF2ITEMS] "GiveNamedItem" offset = 472
L 06/09/2016 - 19:35:03: [boss_selection.smx] [FF2boss] Added chat command: ff2boss
L 06/09/2016 - 19:35:03: [boss_selection.smx] [FF2boss] Added chat command: boss
L 06/09/2016 - 19:35:03: [boss_selection.smx] [FF2boss] Added chat command: 보스
L 06/09/2016 - 19:35:03: [boss_selection.smx] [FF2boss] Added chat command: 보스선택
L 06/09/2016 - 19:35:03: [custompart.smx] Debug for CustomPart
L 06/09/2016 - 19:35:03: [freak_fortress_2.smx] ===Freak Fortress 2 Initializing-v1.10.10 Beta===
L 06/09/2016 - 19:35:16: [boss_selection.smx] [FF2boss] Added chat command: ff2boss
L 06/09/2016 - 19:35:16: [boss_selection.smx] [FF2boss] Added chat command: boss
L 06/09/2016 - 19:35:16: [boss_selection.smx] [FF2boss] Added chat command: 보스
L 06/09/2016 - 19:35:16: [boss_selection.smx] [FF2boss] Added chat command: 보스선택
L 06/09/2016 - 19:37:56: [funcommands.smx] "Nopied◎<2><[U:1:103205717]><>" set a TimeBomb on "Crowbar<5><BOT><>"
L 06/09/2016 - 19:37:58: [funcommands.smx] "Nopied◎<2><[U:1:103205717]><>" set a TimeBomb on "Nopied◎<2><[U:1:103205717]><>"
L 06/09/2016 - 19:40:06: [funcommands.smx] "Nopied◎<2><[U:1:103205717]><>" set a TimeBomb on "Crowbar<5><BOT><>"
L 06/09/2016 - 19:40:07: [funcommands.smx] "Nopied◎<2><[U:1:103205717]><>" set a TimeBomb on "IvanTheSpaceBiker<6><BOT><>"
L 06/09/2016 - 19:40:54: [freaks\halloween_2014.ff2] Selected 2 by Key: special_greyalien
L 06/09/2016 - 19:41:17: [funcommands.smx] "Nopied◎<2><[U:1:103205717]><>" set a TimeBomb on "Crowbar<5><BOT><>"
L 06/09/2016 - 19:41:18: [funcommands.smx] "Nopied◎<2><[U:1:103205717]><>" set a TimeBomb on "DandA1025<7><[U:1:150941697]><>"
L 06/09/2016 - 19:41:20: [funcommands.smx] "Nopied◎<2><[U:1:103205717]><>" set a TimeBomb on "Nopied◎<2><[U:1:103205717]><>"
L 06/09/2016 - 19:44:15: [funcommands.smx] "Nopied◎<2><[U:1:103205717]><>" set a TimeBomb on "Crowbar<5><BOT><>"
L 06/09/2016 - 19:44:15: [funcommands.smx] "Nopied◎<2><[U:1:103205717]><>" set a TimeBomb on "IvanTheSpaceBiker<6><BOT><>"
L 06/09/2016 - 19:44:18: [funcommands.smx] "Nopied◎<2><[U:1:103205717]><>" set a TimeBomb on "Nopied◎<2><[U:1:103205717]><>"
L 06/09/2016 - 19:46:09: [funcommands.smx] "Nopied◎<2><[U:1:103205717]><>" set a TimeBomb on "DandA1025<7><[U:1:150941697]><>"
L 06/09/2016 - 19:47:50: [playercommands.smx] "Nopied◎<2><[U:1:103205717]><>" slayed "IvanTheSpaceBiker<6><BOT><>"
L 06/09/2016 - 19:48:28: [funcommands.smx] "Nopied◎<2><[U:1:103205717]><>" set a TimeBomb on "Nopied◎<2><[U:1:103205717]><>"
L 06/09/2016 - 19:48:29: [funcommands.smx] "Nopied◎<2><[U:1:103205717]><>" set a TimeBomb on "Crowbar<5><BOT><>"
L 06/09/2016 - 19:48:29: [funcommands.smx] "Nopied◎<2><[U:1:103205717]><>" set a TimeBomb on "IvanTheSpaceBiker<6><BOT><>"
L 06/09/2016 - 19:48:31: [funcommands.smx] "Nopied◎<2><[U:1:103205717]><>" removed a TimeBomb on "Nopied◎<2><[U:1:103205717]><>"
L 06/09/2016 - 19:48:31: [funcommands.smx] "Nopied◎<2><[U:1:103205717]><>" set a TimeBomb on "Nopied◎<2><[U:1:103205717]><>"
L 06/09/2016 - 19:50:01: Log file closed.
L 06/09/2016 - 21:22:08: SourceMod log file session started (file "L20160609.log") (Version "1.7.3-dev+5298")
L 06/09/2016 - 21:22:08: -------- Mapchange to vsh_apg_v2 --------
L 06/09/2016 - 21:22:08: [TF2ITEMS] "GiveNamedItem" offset = 472
L 06/09/2016 - 21:22:10: [boss_selection.smx] [FF2boss] Added chat command: ff2boss
L 06/09/2016 - 21:22:10: [boss_selection.smx] [FF2boss] Added chat command: boss
L 06/09/2016 - 21:22:10: [boss_selection.smx] [FF2boss] Added chat command: 보스
L 06/09/2016 - 21:22:10: [boss_selection.smx] [FF2boss] Added chat command: 보스선택
L 06/09/2016 - 21:22:10: [custompart.smx] Debug for CustomPart
L 06/09/2016 - 21:22:10: [freak_fortress_2.smx] ===Freak Fortress 2 Initializing-v1.10.10 Beta===
L 06/09/2016 - 21:22:23: [boss_selection.smx] [FF2boss] Added chat command: ff2boss
L 06/09/2016 - 21:22:23: [boss_selection.smx] [FF2boss] Added chat command: boss
L 06/09/2016 - 21:22:23: [boss_selection.smx] [FF2boss] Added chat command: 보스
L 06/09/2016 - 21:22:23: [boss_selection.smx] [FF2boss] Added chat command: 보스선택
L 06/09/2016 - 21:24:37: [funcommands.smx] "Nopied◎<2><[U:1:103205717]><>" set a TimeBomb on "Headful of Eyeballs<3><BOT><>"
L 06/09/2016 - 21:29:10: [funcommands.smx] "Nopied◎<2><[U:1:103205717]><>" set a TimeBomb on "Headful of Eyeballs<3><BOT><>"
L 06/09/2016 - 21:29:12: [funcommands.smx] "Nopied◎<2><[U:1:103205717]><>" set a TimeBomb on "Nopied◎<2><[U:1:103205717]><>"
L 06/09/2016 - 21:32:49: [funcommands.smx] "Nopied◎<2><[U:1:103205717]><>" set a TimeBomb on "Headful of Eyeballs<3><BOT><>"
L 06/09/2016 - 21:32:52: [funcommands.smx] "Nopied◎<2><[U:1:103205717]><>" set a TimeBomb on "Nopied◎<2><[U:1:103205717]><>"
L 06/09/2016 - 21:36:38: Log file closed.
L 06/09/2016 - 21:36:51: SourceMod log file session started (file "L20160609.log") (Version "1.7.3-dev+5298")
L 06/09/2016 - 21:36:51: -------- Mapchange to vsh_apg_v2 --------
L 06/09/2016 - 21:36:51: [TF2ITEMS] "GiveNamedItem" offset = 472
L 06/09/2016 - 21:36:53: [boss_selection.smx] [FF2boss] Added chat command: ff2boss
L 06/09/2016 - 21:36:53: [boss_selection.smx] [FF2boss] Added chat command: boss
L 06/09/2016 - 21:36:53: [boss_selection.smx] [FF2boss] Added chat command: 보스
L 06/09/2016 - 21:36:53: [boss_selection.smx] [FF2boss] Added chat command: 보스선택
L 06/09/2016 - 21:36:53: [custompart.smx] Debug for CustomPart
L 06/09/2016 - 21:36:53: [freak_fortress_2.smx] ===Freak Fortress 2 Initializing-v1.10.10 Beta===
L 06/09/2016 - 21:37:05: [boss_selection.smx] [FF2boss] Added chat command: ff2boss
L 06/09/2016 - 21:37:05: [boss_selection.smx] [FF2boss] Added chat command: boss
L 06/09/2016 - 21:37:05: [boss_selection.smx] [FF2boss] Added chat command: 보스
L 06/09/2016 - 21:37:05: [boss_selection.smx] [FF2boss] Added chat command: 보스선택
L 06/09/2016 - 21:40:54: [playercommands.smx] "Nopied◎<2><[U:1:103205717]><>" slayed "Nopied◎<2><[U:1:103205717]><>"
L 06/09/2016 - 21:40:57: [playercommands.smx] "Nopied◎<2><[U:1:103205717]><>" slayed "Crowbar<3><BOT><>"
L 06/09/2016 - 21:45:18: Log file closed.
L 06/09/2016 - 21:48:41: SourceMod log file session started (file "L20160609.log") (Version "1.7.3-dev+5298")
L 06/09/2016 - 21:48:41: -------- Mapchange to vsh_apg_v2 --------
L 06/09/2016 - 21:48:41: [TF2ITEMS] "GiveNamedItem" offset = 472
L 06/09/2016 - 21:48:42: [boss_selection.smx] [FF2boss] Added chat command: ff2boss
L 06/09/2016 - 21:48:42: [boss_selection.smx] [FF2boss] Added chat command: boss
L 06/09/2016 - 21:48:42: [boss_selection.smx] [FF2boss] Added chat command: 보스
L 06/09/2016 - 21:48:42: [boss_selection.smx] [FF2boss] Added chat command: 보스선택
L 06/09/2016 - 21:48:42: [custompart.smx] Debug for CustomPart
L 06/09/2016 - 21:48:42: [freak_fortress_2.smx] ===Freak Fortress 2 Initializing-v1.10.10 Beta===
L 06/09/2016 - 21:48:53: [boss_selection.smx] [FF2boss] Added chat command: ff2boss
L 06/09/2016 - 21:48:53: [boss_selection.smx] [FF2boss] Added chat command: boss
L 06/09/2016 - 21:48:53: [boss_selection.smx] [FF2boss] Added chat command: 보스
L 06/09/2016 - 21:48:53: [boss_selection.smx] [FF2boss] Added chat command: 보스선택
L 06/09/2016 - 22:03:18: [playercommands.smx] "Nopied◎<2><[U:1:103205717]><>" slayed "BeepBeepBoop<6><BOT><>"
L 06/09/2016 - 22:04:02: [playercommands.smx] "Nopied◎<2><[U:1:103205717]><>" slayed "Nopied◎<2><[U:1:103205717]><>"
L 06/09/2016 - 22:05:51: [playercommands.smx] "Nopied◎<2><[U:1:103205717]><>" slayed "CEDA<4><BOT><>"
L 06/09/2016 - 22:16:08: [playercommands.smx] "Nopied◎<2><[U:1:103205717]><>" slayed "BeepBeepBoop<6><BOT><>"
L 06/09/2016 - 22:18:19: [playercommands.smx] "Nopied◎<2><[U:1:103205717]><>" slayed "CEDA<4><BOT><>"
L 06/09/2016 - 22:18:19: [playercommands.smx] "Nopied◎<2><[U:1:103205717]><>" slayed "Nopied◎<2><[U:1:103205717]><>"
L 06/09/2016 - 22:20:38: [playercommands.smx] "Nopied◎<2><[U:1:103205717]><>" slayed "CEDA<4><BOT><>"
L 06/09/2016 - 22:20:39: [playercommands.smx] "Nopied◎<2><[U:1:103205717]><>" slayed "Nopied◎<2><[U:1:103205717]><>"
L 06/09/2016 - 22:25:59: [playercommands.smx] "Nopied◎<2><[U:1:103205717]><>" slayed "CEDA<4><BOT><>"
L 06/09/2016 - 22:26:03: [playercommands.smx] "Nopied◎<2><[U:1:103205717]><>" slayed "CEDA<4><BOT><>"
L 06/09/2016 - 22:26:10: [playercommands.smx] "Nopied◎<2><[U:1:103205717]><>" slayed "CEDA<4><BOT><>"
L 06/09/2016 - 22:26:35: [SM] Changed map to "vsh_apg_v2"
L 06/09/2016 - 22:26:35: -------- Mapchange to vsh_apg_v2 --------
L 06/09/2016 - 22:26:41: [boss_selection.smx] [FF2boss] Added chat command: ff2boss
L 06/09/2016 - 22:26:41: [boss_selection.smx] [FF2boss] Added chat command: boss
L 06/09/2016 - 22:26:41: [boss_selection.smx] [FF2boss] Added chat command: 보스
L 06/09/2016 - 22:26:41: [boss_selection.smx] [FF2boss] Added chat command: 보스선택
L 06/09/2016 - 22:33:12: [playercommands.smx] "Nopied◎<2><[U:1:103205717]><>" slayed "Sinanju<3><[U:1:189750934]><>"
L 06/09/2016 - 22:37:41: [playercommands.smx] "Nopied◎<2><[U:1:103205717]><>" slayed "CreditToTeam<8><BOT><>"
L 06/09/2016 - 22:41:46: [playercommands.smx] "Nopied◎<2><[U:1:103205717]><>" slayed "Someone Else<9><BOT><>"
L 06/09/2016 - 22:55:27: [playercommands.smx] "Nopied◎<2><[U:1:103205717]><>" slayed "Someone Else<9><BOT><>"
L 06/09/2016 - 22:57:45: [freaks\halloween_2014.ff2] Selected 2 by Key: special_greyalien
L 06/09/2016 - 23:03:40: [SM] Changed map to "vsh_apg_v2"
L 06/09/2016 - 23:03:40: -------- Mapchange to vsh_apg_v2 --------
L 06/09/2016 - 23:03:45: [boss_selection.smx] [FF2boss] Added chat command: ff2boss
L 06/09/2016 - 23:03:45: [boss_selection.smx] [FF2boss] Added chat command: boss
L 06/09/2016 - 23:03:45: [boss_selection.smx] [FF2boss] Added chat command: 보스
L 06/09/2016 - 23:03:45: [boss_selection.smx] [FF2boss] Added chat command: 보스선택
L 06/09/2016 - 23:05:27: [playercommands.smx] "Nopied◎<2><[U:1:103205717]><>" slayed "AmNot<13><BOT><>"
L 06/09/2016 - 23:05:52: [freaks\halloween_2014.ff2] Selected 2 by Key: special_greyalien
L 06/09/2016 - 23:07:56: Log file closed.
