L 05/11/2016 - 20:47:30: SourceMod log file session started (file "L20160511.log") (Version "1.7.3-dev+5298")
L 05/11/2016 - 20:47:30: -------- Mapchange to vsh_apg_v2 --------
L 05/11/2016 - 20:47:30: [TF2ITEMS] "GiveNamedItem" offset = 472
L 05/11/2016 - 20:47:32: [boss_selection.smx] [FF2boss] Added chat command: ff2boss
L 05/11/2016 - 20:47:32: [boss_selection.smx] [FF2boss] Added chat command: boss
L 05/11/2016 - 20:47:32: [boss_selection.smx] [FF2boss] Added chat command: 보스
L 05/11/2016 - 20:47:32: [boss_selection.smx] [FF2boss] Added chat command: 보스선택
L 05/11/2016 - 20:47:32: [custompart.smx] Debug for CustomPart
L 05/11/2016 - 20:47:32: [freak_fortress_2.smx] ===Freak Fortress 2 Initializing-v1.10.9 Beta (build manual)===
L 05/11/2016 - 20:47:45: [boss_selection.smx] [FF2boss] Added chat command: ff2boss
L 05/11/2016 - 20:47:45: [boss_selection.smx] [FF2boss] Added chat command: boss
L 05/11/2016 - 20:47:45: [boss_selection.smx] [FF2boss] Added chat command: 보스
L 05/11/2016 - 20:47:45: [boss_selection.smx] [FF2boss] Added chat command: 보스선택
L 05/11/2016 - 20:49:33: [boss_selection.smx] -1
L 05/11/2016 - 20:53:06: [boss_selection.smx] -1
L 05/11/2016 - 20:53:13: [boss_selection.smx] -1
L 05/11/2016 - 20:53:29: [boss_selection.smx] -1
L 05/11/2016 - 20:53:52: [playercommands.smx] "Nopied◎<2><[U:1:103205717]><>" slayed "Nopied◎<2><[U:1:103205717]><>"
L 05/11/2016 - 20:56:17: [playercommands.smx] "Nopied◎<2><[U:1:103205717]><>" slayed "Cariscal<6><[U:1:206722249]><>"
L 05/11/2016 - 20:57:16: [boss_selection.smx] -1
L 05/11/2016 - 20:57:50: [boss_selection.smx] -1
L 05/11/2016 - 21:03:27: [playercommands.smx] "Nopied◎<2><[U:1:103205717]><>" slayed "Numnutz<3><BOT><>"
L 05/11/2016 - 21:05:45: [basecomm.smx] "Nopied◎<2><[U:1:103205717]><>" gagged "티벳여우(M)<9><[U:1:171130010]><>"
L 05/11/2016 - 21:05:59: [basecomm.smx] "Nopied◎<2><[U:1:103205717]><>" ungagged "티벳여우(M)<9><[U:1:171130010]><>"
L 05/11/2016 - 21:06:16: [boss_selection.smx] 
L 05/11/2016 - 21:11:48: [boss_selection.smx] 
L 05/11/2016 - 21:20:14: [playercommands.smx] "Nopied◎<2><[U:1:103205717]><>" slayed "GO mediseun (자연산)<4><[U:1:61271689]><>"
L 05/11/2016 - 21:20:33: Log file closed.
