L 06/10/2016 - 22:05:07: SourceMod log file session started (file "L20160610.log") (Version "1.7.3-dev+5298")
L 06/10/2016 - 22:05:07: -------- Mapchange to vsh_apg_v2 --------
L 06/10/2016 - 22:05:07: [TF2ITEMS] "GiveNamedItem" offset = 472
L 06/10/2016 - 22:05:09: [boss_selection.smx] [FF2boss] Added chat command: ff2boss
L 06/10/2016 - 22:05:09: [boss_selection.smx] [FF2boss] Added chat command: boss
L 06/10/2016 - 22:05:09: [boss_selection.smx] [FF2boss] Added chat command: 보스
L 06/10/2016 - 22:05:09: [boss_selection.smx] [FF2boss] Added chat command: 보스선택
L 06/10/2016 - 22:05:09: [custompart.smx] Debug for CustomPart
L 06/10/2016 - 22:05:09: [freak_fortress_2.smx] ===Freak Fortress 2 Initializing-v1.10.10 Beta===
L 06/10/2016 - 22:05:25: [boss_selection.smx] [FF2boss] Added chat command: ff2boss
L 06/10/2016 - 22:05:25: [boss_selection.smx] [FF2boss] Added chat command: boss
L 06/10/2016 - 22:05:25: [boss_selection.smx] [FF2boss] Added chat command: 보스
L 06/10/2016 - 22:05:25: [boss_selection.smx] [FF2boss] Added chat command: 보스선택
L 06/10/2016 - 22:08:50: [playercommands.smx] "Nopied◎<2><[U:1:103205717]><>" slayed "CreditToTeam<8><BOT><>"
L 06/10/2016 - 22:10:25: [funcommands.smx] "Nopied◎<2><[U:1:103205717]><>" set a TimeBomb on "CreditToTeam<8><BOT><>"
L 06/10/2016 - 22:11:20: [freaks\halloween_2014.ff2] Selected 2 by Key: special_greyalien
L 06/10/2016 - 22:16:28: [freaks\halloween_2014.ff2] Selected 2 by Key: special_greyalien
L 06/10/2016 - 22:20:34: [playercommands.smx] "Nopied◎<2><[U:1:103205717]><>" slayed "CreditToTeam<8><BOT><>"
L 06/10/2016 - 22:23:20: [playercommands.smx] "Nopied◎<2><[U:1:103205717]><>" slayed "CreditToTeam<8><BOT><>"
L 06/10/2016 - 22:26:11: [playercommands.smx] "Nopied◎<2><[U:1:103205717]><>" slayed "CreditToTeam<8><BOT><>"
L 06/10/2016 - 22:35:01: [playercommands.smx] "Nopied◎<2><[U:1:103205717]><>" slayed "CreditToTeam<8><BOT><>"
L 06/10/2016 - 22:38:25: [playercommands.smx] "Nopied◎<2><[U:1:103205717]><>" slayed "CreditToTeam<8><BOT><>"
L 06/10/2016 - 22:43:26: [playercommands.smx] "Nopied◎<2><[U:1:103205717]><>" slayed "CreditToTeam<8><BOT><>"
L 06/10/2016 - 22:44:43: [playercommands.smx] "Nopied◎<2><[U:1:103205717]><>" slayed "Nopied◎<2><[U:1:103205717]><>"
L 06/10/2016 - 22:47:35: [funcommands.smx] "Nopied◎<2><[U:1:103205717]><>" set a TimeBomb on "CreditToTeam<8><BOT><>"
L 06/10/2016 - 22:50:55: [funcommands.smx] "Nopied◎<2><[U:1:103205717]><>" set a TimeBomb on "류승룡기모띠<4><[U:1:239344862]><>"
L 06/10/2016 - 22:50:55: [funcommands.smx] "Nopied◎<2><[U:1:103205717]><>" set a TimeBomb on "-҉҉҉҉҉o҉҉҉҉҉-<5><[U:1:40881577]><>"
L 06/10/2016 - 22:50:55: [funcommands.smx] "Nopied◎<2><[U:1:103205717]><>" set a TimeBomb on "Sinanju<12><[U:1:189750934]><>"
L 06/10/2016 - 22:56:47: [funcommands.smx] "Nopied◎<2><[U:1:103205717]><>" set a TimeBomb on "류승룡기모띠<4><[U:1:239344862]><>"
L 06/10/2016 - 22:59:27: [funcommands.smx] "Nopied◎<2><[U:1:103205717]><>" set a TimeBomb on "-҉҉҉҉҉o҉҉҉҉҉-<5><[U:1:40881577]><>"
L 06/10/2016 - 22:59:28: [funcommands.smx] "Nopied◎<2><[U:1:103205717]><>" set a TimeBomb on "티벳여우<6><[U:1:171130010]><>"
L 06/10/2016 - 22:59:28: [funcommands.smx] "Nopied◎<2><[U:1:103205717]><>" set a TimeBomb on "CreditToTeam<8><BOT><>"
L 06/10/2016 - 22:59:28: [funcommands.smx] "Nopied◎<2><[U:1:103205717]><>" set a TimeBomb on "겨울요정<11><[U:1:89060192]><>"
L 06/10/2016 - 22:59:28: [funcommands.smx] "Nopied◎<2><[U:1:103205717]><>" set a TimeBomb on "Sinanju<12><[U:1:189750934]><>"
L 06/10/2016 - 22:59:29: [funcommands.smx] "Nopied◎<2><[U:1:103205717]><>" set a TimeBomb on "DandA1025<14><[U:1:150941697]><>"
L 06/10/2016 - 23:03:13: [funcommands.smx] "Nopied◎<2><[U:1:103205717]><>" set a TimeBomb on "Nopied◎<2><[U:1:103205717]><>"
L 06/10/2016 - 23:03:13: [funcommands.smx] "Nopied◎<2><[U:1:103205717]><>" set a TimeBomb on "류승룡기모띠<4><[U:1:239344862]><>"
L 06/10/2016 - 23:03:14: [funcommands.smx] "Nopied◎<2><[U:1:103205717]><>" set a TimeBomb on "-҉҉҉҉҉o҉҉҉҉҉-<5><[U:1:40881577]><>"
L 06/10/2016 - 23:03:15: [funcommands.smx] "Nopied◎<2><[U:1:103205717]><>" set a TimeBomb on "♪(*´∀｀)(작다)<7><[U:1:209760731]><>"
L 06/10/2016 - 23:03:15: [funcommands.smx] "Nopied◎<2><[U:1:103205717]><>" set a TimeBomb on "CreditToTeam<8><BOT><>"
L 06/10/2016 - 23:03:15: [funcommands.smx] "Nopied◎<2><[U:1:103205717]><>" set a TimeBomb on "Sinanju<12><[U:1:189750934]><>"
L 06/10/2016 - 23:03:16: [funcommands.smx] "Nopied◎<2><[U:1:103205717]><>" set a TimeBomb on "DandA1025<14><[U:1:150941697]><>"
L 06/10/2016 - 23:06:42: [funcommands.smx] "Nopied◎<2><[U:1:103205717]><>" set a TimeBomb on "CreditToTeam<8><BOT><>"
L 06/10/2016 - 23:07:31: [playercommands.smx] "Nopied◎<2><[U:1:103205717]><>" slayed "Nopied◎<2><[U:1:103205717]><>"
L 06/10/2016 - 23:07:46: [basecommands.smx] "Nopied◎<2><[U:1:103205717]><>" changed map to "vsh_manncohq_v14"
L 06/10/2016 - 23:07:49: [SM] Changed map to "vsh_manncohq_v14"
L 06/10/2016 - 23:07:50: -------- Mapchange to vsh_manncohq_v14 --------
L 06/10/2016 - 23:07:56: [boss_selection.smx] [FF2boss] Added chat command: ff2boss
L 06/10/2016 - 23:07:56: [boss_selection.smx] [FF2boss] Added chat command: boss
L 06/10/2016 - 23:07:56: [boss_selection.smx] [FF2boss] Added chat command: 보스
L 06/10/2016 - 23:07:56: [boss_selection.smx] [FF2boss] Added chat command: 보스선택
L 06/10/2016 - 23:12:39: [funcommands.smx] "Nopied◎<2><[U:1:103205717]><>" set a TimeBomb on "류승룡기모띠<4><[U:1:239344862]><>"
L 06/10/2016 - 23:13:39: [playercommands.smx] "Nopied◎<2><[U:1:103205717]><>" slayed "Someone Else<17><BOT><>"
L 06/10/2016 - 23:15:45: [funcommands.smx] "Nopied◎<2><[U:1:103205717]><>" set a TimeBomb on "류승룡기모띠<4><[U:1:239344862]><>"
L 06/10/2016 - 23:15:45: [funcommands.smx] "Nopied◎<2><[U:1:103205717]><>" set a TimeBomb on "-҉҉҉҉҉o҉҉҉҉҉-<5><[U:1:40881577]><>"
L 06/10/2016 - 23:15:45: [funcommands.smx] "Nopied◎<2><[U:1:103205717]><>" set a TimeBomb on "티벳여우<6><[U:1:171130010]><>"
L 06/10/2016 - 23:15:46: [funcommands.smx] "Nopied◎<2><[U:1:103205717]><>" set a TimeBomb on "♪(*´∀｀)(작다)<7><[U:1:209760731]><>"
L 06/10/2016 - 23:15:46: [funcommands.smx] "Nopied◎<2><[U:1:103205717]><>" set a TimeBomb on "Someone Else<17><BOT><>"
L 06/10/2016 - 23:15:46: [funcommands.smx] "Nopied◎<2><[U:1:103205717]><>" set a TimeBomb on "Sinanju<12><[U:1:189750934]><>"
L 06/10/2016 - 23:15:48: [funcommands.smx] "Nopied◎<2><[U:1:103205717]><>" set a TimeBomb on "DandA1025<14><[U:1:150941697]><>"
L 06/10/2016 - 23:18:35: [funcommands.smx] "Nopied◎<2><[U:1:103205717]><>" set a TimeBomb on "-҉҉҉҉҉o҉҉҉҉҉-<5><[U:1:40881577]><>"
L 06/10/2016 - 23:18:35: [funcommands.smx] "Nopied◎<2><[U:1:103205717]><>" set a TimeBomb on "DandA1025<14><[U:1:150941697]><>"
L 06/10/2016 - 23:18:35: [funcommands.smx] "Nopied◎<2><[U:1:103205717]><>" set a TimeBomb on "겨울요정<18><[U:1:89060192]><>"
L 06/10/2016 - 23:37:04: [freaks\halloween_2014.ff2] Selected 2 by Key: special_greyalien
L 06/10/2016 - 23:43:32: [SM] Changed map to "vsh_manncohq_v14"
L 06/10/2016 - 23:43:33: -------- Mapchange to vsh_manncohq_v14 --------
L 06/10/2016 - 23:43:37: [boss_selection.smx] [FF2boss] Added chat command: ff2boss
L 06/10/2016 - 23:43:37: [boss_selection.smx] [FF2boss] Added chat command: boss
L 06/10/2016 - 23:43:37: [boss_selection.smx] [FF2boss] Added chat command: 보스
L 06/10/2016 - 23:43:37: [boss_selection.smx] [FF2boss] Added chat command: 보스선택
L 06/10/2016 - 23:51:52: [freaks\halloween_2014.ff2] Selected 2 by Key: special_greyalien
L 06/10/2016 - 23:52:45: [playercommands.smx] "Nopied◎<23><[U:1:103205717]><>" slayed "Nopied◎<23><[U:1:103205717]><>"
L 06/10/2016 - 23:52:48: [playercommands.smx] "Nopied◎<23><[U:1:103205717]><>" slayed "MANN CO.<14><[U:1:150941697]><>"
L 06/10/2016 - 23:52:58: [freak_fortress_2.smx] "Nopied◎<23><[U:1:103205717]><>" added 100 queue points to "MANN CO.<14><[U:1:150941697]><>"
L 06/10/2016 - 23:53:14: [playercommands.smx] "Nopied◎<23><[U:1:103205717]><>" slayed "Dog<21><BOT><>"
L 06/10/2016 - 23:53:39: [playercommands.smx] "Nopied◎<23><[U:1:103205717]><>" slayed "Nopied◎<23><[U:1:103205717]><>"
L 06/10/2016 - 23:53:40: [playercommands.smx] "Nopied◎<23><[U:1:103205717]><>" slayed "♪(*´∀｀)(작다)<7><[U:1:209760731]><>"
L 06/10/2016 - 23:55:08: Log file closed.
