L 04/01/2016 - 20:21:30: SourceMod log file session started (file "L20160401.log") (Version "1.7.3-dev+5298")
L 04/01/2016 - 20:21:30: -------- Mapchange to arena_badlands --------
L 04/01/2016 - 20:21:30: [TF2ITEMS] "GiveNamedItem" offset = 472
L 04/01/2016 - 20:21:32: [Boss Selection.smx] [FF2boss] Added chat command: ff2boss
L 04/01/2016 - 20:21:32: [Boss Selection.smx] [FF2boss] Added chat command: boss
L 04/01/2016 - 20:21:32: [Boss Selection.smx] [FF2boss] Added chat command: 보스
L 04/01/2016 - 20:21:32: [Boss Selection.smx] [FF2boss] Added chat command: 보스선택
L 04/01/2016 - 20:21:32: [custompart.smx] Debug for CustomPart
L 04/01/2016 - 20:21:32: [freak_fortress_2.smx] ===Freak Fortress 2 Initializing-v1.10.9 Beta (build manual)===
L 04/01/2016 - 20:21:45: [Boss Selection.smx] [FF2boss] Added chat command: ff2boss
L 04/01/2016 - 20:21:45: [Boss Selection.smx] [FF2boss] Added chat command: boss
L 04/01/2016 - 20:21:45: [Boss Selection.smx] [FF2boss] Added chat command: 보스
L 04/01/2016 - 20:21:45: [Boss Selection.smx] [FF2boss] Added chat command: 보스선택
L 04/01/2016 - 20:23:05: [Boss Selection.smx] ff2boss"
L 04/01/2016 - 20:23:05: [Boss Selection.smx] boss"
L 04/01/2016 - 20:23:05: [Boss Selection.smx] 보스"
L 04/01/2016 - 20:23:05: [Boss Selection.smx] 보스선택"
L 04/01/2016 - 20:23:05: [Boss Selection.smx] "
L 04/01/2016 - 20:23:19: [Boss Selection.smx] ff2boss"
L 04/01/2016 - 20:23:19: [Boss Selection.smx] boss"
L 04/01/2016 - 20:23:19: [Boss Selection.smx] 보스"
L 04/01/2016 - 20:23:19: [Boss Selection.smx] 보스선택"
L 04/01/2016 - 20:23:19: [Boss Selection.smx] "
L 04/01/2016 - 20:23:28: [Boss Selection.smx] ff2boss"
L 04/01/2016 - 20:23:28: [Boss Selection.smx] boss"
L 04/01/2016 - 20:23:28: [Boss Selection.smx] 보스"
L 04/01/2016 - 20:23:28: [Boss Selection.smx] 보스선택"
L 04/01/2016 - 20:23:28: [Boss Selection.smx] "
L 04/01/2016 - 20:23:33: [Boss Selection.smx] ff2boss"
L 04/01/2016 - 20:23:33: [Boss Selection.smx] boss"
L 04/01/2016 - 20:23:33: [Boss Selection.smx] 보스"
L 04/01/2016 - 20:23:33: [Boss Selection.smx] 보스선택"
L 04/01/2016 - 20:23:33: [Boss Selection.smx] "
L 04/01/2016 - 20:23:33: [Boss Selection.smx] ff2boss"
L 04/01/2016 - 20:23:33: [Boss Selection.smx] boss"
L 04/01/2016 - 20:23:33: [Boss Selection.smx] 보스"
L 04/01/2016 - 20:23:33: [Boss Selection.smx] 보스선택"
L 04/01/2016 - 20:23:34: [Boss Selection.smx] "
L 04/01/2016 - 20:23:47: [Boss Selection.smx] ff2boss"
L 04/01/2016 - 20:23:47: [Boss Selection.smx] boss"
L 04/01/2016 - 20:23:47: [Boss Selection.smx] 보스"
L 04/01/2016 - 20:23:47: [Boss Selection.smx] 보스선택"
L 04/01/2016 - 20:23:47: [Boss Selection.smx] "
L 04/01/2016 - 20:23:47: [freak_fortress_2.smx] "Nopied◎<2><[U:1:103205717]><>" added 123456 queue points to "MueoNG<3><[U:1:163233802]><>"
L 04/01/2016 - 20:23:53: [Boss Selection.smx] ff2boss"
L 04/01/2016 - 20:23:53: [Boss Selection.smx] boss"
L 04/01/2016 - 20:23:53: [Boss Selection.smx] 보스"
L 04/01/2016 - 20:23:53: [Boss Selection.smx] 보스선택"
L 04/01/2016 - 20:23:53: [Boss Selection.smx] "
L 04/01/2016 - 20:23:55: [Boss Selection.smx] ff2boss"
L 04/01/2016 - 20:23:55: [Boss Selection.smx] boss"
L 04/01/2016 - 20:23:55: [Boss Selection.smx] 보스"
L 04/01/2016 - 20:23:55: [Boss Selection.smx] 보스선택"
L 04/01/2016 - 20:23:55: [Boss Selection.smx] "
L 04/01/2016 - 20:24:01: [Boss Selection.smx] ff2boss"
L 04/01/2016 - 20:24:01: [Boss Selection.smx] boss"
L 04/01/2016 - 20:24:01: [Boss Selection.smx] 보스"
L 04/01/2016 - 20:24:01: [Boss Selection.smx] 보스선택"
L 04/01/2016 - 20:24:01: [Boss Selection.smx] "
L 04/01/2016 - 20:24:18: [Boss Selection.smx] ff2boss"
L 04/01/2016 - 20:24:18: [Boss Selection.smx] boss"
L 04/01/2016 - 20:24:18: [Boss Selection.smx] 보스"
L 04/01/2016 - 20:24:18: [Boss Selection.smx] 보스선택"
L 04/01/2016 - 20:24:18: [Boss Selection.smx] "
L 04/01/2016 - 20:24:20: [Boss Selection.smx] ff2boss"
L 04/01/2016 - 20:24:20: [Boss Selection.smx] boss"
L 04/01/2016 - 20:24:20: [Boss Selection.smx] 보스"
L 04/01/2016 - 20:24:20: [Boss Selection.smx] 보스선택"
L 04/01/2016 - 20:24:20: [Boss Selection.smx] "
L 04/01/2016 - 20:24:23: [Boss Selection.smx] ff2boss"
L 04/01/2016 - 20:24:23: [Boss Selection.smx] boss"
L 04/01/2016 - 20:24:23: [Boss Selection.smx] 보스"
L 04/01/2016 - 20:24:23: [Boss Selection.smx] 보스선택"
L 04/01/2016 - 20:24:23: [Boss Selection.smx] "
L 04/01/2016 - 20:24:26: [Boss Selection.smx] ff2boss"
L 04/01/2016 - 20:24:26: [Boss Selection.smx] boss"
L 04/01/2016 - 20:24:26: [Boss Selection.smx] 보스"
L 04/01/2016 - 20:24:26: [Boss Selection.smx] 보스선택"
L 04/01/2016 - 20:24:26: [Boss Selection.smx] "
L 04/01/2016 - 20:24:57: [Boss Selection.smx] ff2boss"
L 04/01/2016 - 20:24:57: [Boss Selection.smx] boss"
L 04/01/2016 - 20:24:57: [Boss Selection.smx] 보스"
L 04/01/2016 - 20:24:57: [Boss Selection.smx] 보스선택"
L 04/01/2016 - 20:24:57: [Boss Selection.smx] "
L 04/01/2016 - 20:24:57: [freak_fortress_2.smx] "Nopied◎<2><[U:1:103205717]><>" added 123456 queue points to "MueoNG<3><[U:1:163233802]><>"
L 04/01/2016 - 20:25:01: [Boss Selection.smx] ff2boss"
L 04/01/2016 - 20:25:01: [Boss Selection.smx] 명령어 ff2boss 감지
L 04/01/2016 - 20:25:04: [Boss Selection.smx] 선택한 보스 이름: Seeman
L 04/01/2016 - 20:25:04: [Boss Selection.smx] client index: 1, g_hBossQueue: -1
L 04/01/2016 - 20:25:21: [Boss Selection.smx] ff2boss"
L 04/01/2016 - 20:25:21: [Boss Selection.smx] boss"
L 04/01/2016 - 20:25:21: [Boss Selection.smx] 보스"
L 04/01/2016 - 20:25:21: [Boss Selection.smx] 보스선택"
L 04/01/2016 - 20:25:21: [Boss Selection.smx] "
L 04/01/2016 - 20:25:21: [freak_fortress_2.smx] "Nopied◎<2><[U:1:103205717]><>" added 1234567 queue points to "Nopied◎<2><[U:1:103205717]><>"
L 04/01/2016 - 20:25:31: [Boss Selection.smx] ff2boss"
L 04/01/2016 - 20:25:31: [Boss Selection.smx] boss"
L 04/01/2016 - 20:25:31: [Boss Selection.smx] 보스"
L 04/01/2016 - 20:25:31: [Boss Selection.smx] 보스선택"
L 04/01/2016 - 20:25:31: [Boss Selection.smx] "
L 04/01/2016 - 20:25:31: [playercommands.smx] "Nopied◎<2><[U:1:103205717]><>" slayed "Nopied◎<2><[U:1:103205717]><>"
L 04/01/2016 - 20:26:39: [Boss Selection.smx] ff2boss"
L 04/01/2016 - 20:26:39: [Boss Selection.smx] boss"
L 04/01/2016 - 20:26:39: [Boss Selection.smx] 보스"
L 04/01/2016 - 20:26:39: [Boss Selection.smx] 보스선택"
L 04/01/2016 - 20:26:39: [Boss Selection.smx] "
L 04/01/2016 - 20:26:42: [Boss Selection.smx] ff2boss"
L 04/01/2016 - 20:26:42: [Boss Selection.smx] boss"
L 04/01/2016 - 20:26:42: [Boss Selection.smx] 보스"
L 04/01/2016 - 20:26:42: [Boss Selection.smx] 보스선택"
L 04/01/2016 - 20:26:42: [Boss Selection.smx] "
L 04/01/2016 - 20:26:45: [Boss Selection.smx] ff2boss"
L 04/01/2016 - 20:26:45: [Boss Selection.smx] boss"
L 04/01/2016 - 20:26:45: [Boss Selection.smx] 보스"
L 04/01/2016 - 20:26:45: [Boss Selection.smx] 보스선택"
L 04/01/2016 - 20:26:45: [Boss Selection.smx] "
L 04/01/2016 - 20:27:05: [Boss Selection.smx] ff2boss"
L 04/01/2016 - 20:27:05: [Boss Selection.smx] boss"
L 04/01/2016 - 20:27:05: [Boss Selection.smx] 보스"
L 04/01/2016 - 20:27:05: [Boss Selection.smx] 보스선택"
L 04/01/2016 - 20:27:05: [Boss Selection.smx] "
L 04/01/2016 - 20:27:09: [Boss Selection.smx] ff2boss"
L 04/01/2016 - 20:27:09: [Boss Selection.smx] boss"
L 04/01/2016 - 20:27:09: [Boss Selection.smx] 보스"
L 04/01/2016 - 20:27:09: [Boss Selection.smx] 보스선택"
L 04/01/2016 - 20:27:09: [Boss Selection.smx] "
L 04/01/2016 - 20:28:22: [Boss Selection.smx] ff2boss"
L 04/01/2016 - 20:28:22: [Boss Selection.smx] boss"
L 04/01/2016 - 20:28:22: [Boss Selection.smx] 보스"
L 04/01/2016 - 20:28:22: [Boss Selection.smx] 보스선택"
L 04/01/2016 - 20:28:22: [Boss Selection.smx] "
L 04/01/2016 - 20:28:27: [Boss Selection.smx] ff2boss"
L 04/01/2016 - 20:28:27: [Boss Selection.smx] boss"
L 04/01/2016 - 20:28:27: [Boss Selection.smx] 보스"
L 04/01/2016 - 20:28:27: [Boss Selection.smx] 보스선택"
L 04/01/2016 - 20:28:27: [Boss Selection.smx] "
L 04/01/2016 - 20:28:27: [freak_fortress_2.smx] "Nopied◎<2><[U:1:103205717]><>" added 123 queue points to "MueoNG<3><[U:1:163233802]><>"
L 04/01/2016 - 20:28:38: [Boss Selection.smx] ff2boss"
L 04/01/2016 - 20:28:38: [Boss Selection.smx] boss"
L 04/01/2016 - 20:28:38: [Boss Selection.smx] 보스"
L 04/01/2016 - 20:28:38: [Boss Selection.smx] 보스선택"
L 04/01/2016 - 20:28:38: [Boss Selection.smx] "
L 04/01/2016 - 20:28:48: [Boss Selection.smx] ff2boss"
L 04/01/2016 - 20:28:48: [Boss Selection.smx] boss"
L 04/01/2016 - 20:28:48: [Boss Selection.smx] 보스"
L 04/01/2016 - 20:28:48: [Boss Selection.smx] 보스선택"
L 04/01/2016 - 20:28:48: [Boss Selection.smx] "
L 04/01/2016 - 20:29:00: [Boss Selection.smx] ff2boss"
L 04/01/2016 - 20:29:00: [Boss Selection.smx] boss"
L 04/01/2016 - 20:29:00: [Boss Selection.smx] 보스"
L 04/01/2016 - 20:29:00: [Boss Selection.smx] 보스선택"
L 04/01/2016 - 20:29:00: [Boss Selection.smx] "
L 04/01/2016 - 20:29:02: [Boss Selection.smx] ff2boss"
L 04/01/2016 - 20:29:02: [Boss Selection.smx] boss"
L 04/01/2016 - 20:29:02: [Boss Selection.smx] 보스"
L 04/01/2016 - 20:29:02: [Boss Selection.smx] 보스선택"
L 04/01/2016 - 20:29:02: [Boss Selection.smx] "
L 04/01/2016 - 20:29:05: [Boss Selection.smx] ff2boss"
L 04/01/2016 - 20:29:05: [Boss Selection.smx] boss"
L 04/01/2016 - 20:29:05: [Boss Selection.smx] 보스"
L 04/01/2016 - 20:29:05: [Boss Selection.smx] 보스선택"
L 04/01/2016 - 20:29:05: [Boss Selection.smx] "
L 04/01/2016 - 20:29:08: [Boss Selection.smx] ff2boss"
L 04/01/2016 - 20:29:08: [Boss Selection.smx] boss"
L 04/01/2016 - 20:29:08: [Boss Selection.smx] 보스"
L 04/01/2016 - 20:29:08: [Boss Selection.smx] 보스선택"
L 04/01/2016 - 20:29:08: [Boss Selection.smx] "
L 04/01/2016 - 20:29:18: [Boss Selection.smx] ff2boss"
L 04/01/2016 - 20:29:18: [Boss Selection.smx] boss"
L 04/01/2016 - 20:29:18: [Boss Selection.smx] 보스"
L 04/01/2016 - 20:29:18: [Boss Selection.smx] 보스선택"
L 04/01/2016 - 20:29:18: [Boss Selection.smx] "
L 04/01/2016 - 20:29:22: [Boss Selection.smx] ff2boss"
L 04/01/2016 - 20:29:22: [Boss Selection.smx] boss"
L 04/01/2016 - 20:29:22: [Boss Selection.smx] 보스"
L 04/01/2016 - 20:29:22: [Boss Selection.smx] 보스선택"
L 04/01/2016 - 20:29:22: [Boss Selection.smx] "
L 04/01/2016 - 20:29:26: [Boss Selection.smx] ff2boss"
L 04/01/2016 - 20:29:26: [Boss Selection.smx] boss"
L 04/01/2016 - 20:29:26: [Boss Selection.smx] 보스"
L 04/01/2016 - 20:29:26: [Boss Selection.smx] 보스선택"
L 04/01/2016 - 20:29:26: [Boss Selection.smx] "
L 04/01/2016 - 20:29:31: [Boss Selection.smx] ff2boss"
L 04/01/2016 - 20:29:31: [Boss Selection.smx] boss"
L 04/01/2016 - 20:29:31: [Boss Selection.smx] 보스"
L 04/01/2016 - 20:29:31: [Boss Selection.smx] 보스선택"
L 04/01/2016 - 20:29:31: [Boss Selection.smx] "
L 04/01/2016 - 20:29:32: [Boss Selection.smx] ff2boss"
L 04/01/2016 - 20:29:32: [Boss Selection.smx] boss"
L 04/01/2016 - 20:29:32: [Boss Selection.smx] 보스"
L 04/01/2016 - 20:29:32: [Boss Selection.smx] 보스선택"
L 04/01/2016 - 20:29:32: [Boss Selection.smx] "
L 04/01/2016 - 20:30:01: [Boss Selection.smx] ff2boss"
L 04/01/2016 - 20:30:01: [Boss Selection.smx] boss"
L 04/01/2016 - 20:30:01: [Boss Selection.smx] 보스"
L 04/01/2016 - 20:30:01: [Boss Selection.smx] 보스선택"
L 04/01/2016 - 20:30:01: [Boss Selection.smx] "
L 04/01/2016 - 20:30:09: [Boss Selection.smx] ff2boss"
L 04/01/2016 - 20:30:09: [Boss Selection.smx] boss"
L 04/01/2016 - 20:30:09: [Boss Selection.smx] 보스"
L 04/01/2016 - 20:30:09: [Boss Selection.smx] 보스선택"
L 04/01/2016 - 20:30:09: [Boss Selection.smx] "
L 04/01/2016 - 20:30:10: [Boss Selection.smx] ff2boss"
L 04/01/2016 - 20:30:10: [Boss Selection.smx] boss"
L 04/01/2016 - 20:30:10: [Boss Selection.smx] 보스"
L 04/01/2016 - 20:30:10: [Boss Selection.smx] 보스선택"
L 04/01/2016 - 20:30:10: [Boss Selection.smx] "
L 04/01/2016 - 20:30:22: [Boss Selection.smx] ff2boss"
L 04/01/2016 - 20:30:22: [Boss Selection.smx] boss"
L 04/01/2016 - 20:30:22: [Boss Selection.smx] 보스"
L 04/01/2016 - 20:30:22: [Boss Selection.smx] 보스선택"
L 04/01/2016 - 20:30:22: [Boss Selection.smx] "
L 04/01/2016 - 20:30:25: [Boss Selection.smx] ff2boss"
L 04/01/2016 - 20:30:25: [Boss Selection.smx] boss"
L 04/01/2016 - 20:30:25: [Boss Selection.smx] 보스"
L 04/01/2016 - 20:30:25: [Boss Selection.smx] 보스선택"
L 04/01/2016 - 20:30:25: [Boss Selection.smx] "
L 04/01/2016 - 20:30:33: [Boss Selection.smx] ff2boss"
L 04/01/2016 - 20:30:33: [Boss Selection.smx] boss"
L 04/01/2016 - 20:30:33: [Boss Selection.smx] 보스"
L 04/01/2016 - 20:30:33: [Boss Selection.smx] 보스선택"
L 04/01/2016 - 20:30:33: [Boss Selection.smx] "
L 04/01/2016 - 20:30:37: [Boss Selection.smx] ff2boss"
L 04/01/2016 - 20:30:37: [Boss Selection.smx] boss"
L 04/01/2016 - 20:30:37: [Boss Selection.smx] 보스"
L 04/01/2016 - 20:30:37: [Boss Selection.smx] 보스선택"
L 04/01/2016 - 20:30:37: [Boss Selection.smx] "
L 04/01/2016 - 20:30:39: [Boss Selection.smx] ff2boss"
L 04/01/2016 - 20:30:39: [Boss Selection.smx] boss"
L 04/01/2016 - 20:30:39: [Boss Selection.smx] 보스"
L 04/01/2016 - 20:30:39: [Boss Selection.smx] 보스선택"
L 04/01/2016 - 20:30:39: [Boss Selection.smx] "
L 04/01/2016 - 20:30:46: [Boss Selection.smx] ff2boss"
L 04/01/2016 - 20:30:46: [Boss Selection.smx] boss"
L 04/01/2016 - 20:30:46: [Boss Selection.smx] 보스"
L 04/01/2016 - 20:30:46: [Boss Selection.smx] 보스선택"
L 04/01/2016 - 20:30:46: [Boss Selection.smx] "
L 04/01/2016 - 20:31:38: [Boss Selection.smx] ff2boss"
L 04/01/2016 - 20:31:38: [Boss Selection.smx] boss"
L 04/01/2016 - 20:31:38: [Boss Selection.smx] 보스"
L 04/01/2016 - 20:31:38: [Boss Selection.smx] 보스선택"
L 04/01/2016 - 20:31:38: [Boss Selection.smx] "
L 04/01/2016 - 20:31:44: [Boss Selection.smx] ff2boss"
L 04/01/2016 - 20:31:44: [Boss Selection.smx] boss"
L 04/01/2016 - 20:31:44: [Boss Selection.smx] 보스"
L 04/01/2016 - 20:31:44: [Boss Selection.smx] 보스선택"
L 04/01/2016 - 20:31:44: [Boss Selection.smx] "
L 04/01/2016 - 20:31:59: [Boss Selection.smx] ff2boss"
L 04/01/2016 - 20:31:59: [Boss Selection.smx] boss"
L 04/01/2016 - 20:31:59: [Boss Selection.smx] 보스"
L 04/01/2016 - 20:31:59: [Boss Selection.smx] 명령어 보스 감지
L 04/01/2016 - 20:32:00: [Boss Selection.smx] 선택한 보스 이름: Easter Bunny
L 04/01/2016 - 20:32:00: [Boss Selection.smx] client index: 1, g_hBossQueue: -1
L 04/01/2016 - 20:32:14: [Boss Selection.smx] ff2boss"
L 04/01/2016 - 20:32:14: [Boss Selection.smx] boss"
L 04/01/2016 - 20:32:14: [Boss Selection.smx] 보스"
L 04/01/2016 - 20:32:14: [Boss Selection.smx] 보스선택"
L 04/01/2016 - 20:32:14: [Boss Selection.smx] "
L 04/01/2016 - 20:32:48: [Boss Selection.smx] ff2boss"
L 04/01/2016 - 20:32:48: [Boss Selection.smx] boss"
L 04/01/2016 - 20:32:48: [Boss Selection.smx] 보스"
L 04/01/2016 - 20:32:48: [Boss Selection.smx] 보스선택"
L 04/01/2016 - 20:32:48: [Boss Selection.smx] "
L 04/01/2016 - 20:32:52: [Boss Selection.smx] ff2boss"
L 04/01/2016 - 20:32:52: [Boss Selection.smx] boss"
L 04/01/2016 - 20:32:52: [Boss Selection.smx] 보스"
L 04/01/2016 - 20:32:52: [Boss Selection.smx] 보스선택"
L 04/01/2016 - 20:32:52: [Boss Selection.smx] "
L 04/01/2016 - 20:33:08: [Boss Selection.smx] ff2boss"
L 04/01/2016 - 20:33:08: [Boss Selection.smx] boss"
L 04/01/2016 - 20:33:08: [Boss Selection.smx] 보스"
L 04/01/2016 - 20:33:08: [Boss Selection.smx] 보스선택"
L 04/01/2016 - 20:33:08: [Boss Selection.smx] "
L 04/01/2016 - 20:33:12: [Boss Selection.smx] ff2boss"
L 04/01/2016 - 20:33:12: [Boss Selection.smx] boss"
L 04/01/2016 - 20:33:12: [Boss Selection.smx] 보스"
L 04/01/2016 - 20:33:12: [Boss Selection.smx] 보스선택"
L 04/01/2016 - 20:33:12: [Boss Selection.smx] "
L 04/01/2016 - 20:35:40: [Boss Selection.smx] ff2boss"
L 04/01/2016 - 20:35:40: [Boss Selection.smx] boss"
L 04/01/2016 - 20:35:40: [Boss Selection.smx] 보스"
L 04/01/2016 - 20:35:40: [Boss Selection.smx] 보스선택"
L 04/01/2016 - 20:35:40: [Boss Selection.smx] "
L 04/01/2016 - 20:36:21: [Boss Selection.smx] ff2boss"
L 04/01/2016 - 20:36:22: [Boss Selection.smx] boss"
L 04/01/2016 - 20:36:22: [Boss Selection.smx] 보스"
L 04/01/2016 - 20:36:22: [Boss Selection.smx] 보스선택"
L 04/01/2016 - 20:36:22: [Boss Selection.smx] "
L 04/01/2016 - 20:36:33: [Boss Selection.smx] ff2boss"
L 04/01/2016 - 20:36:33: [Boss Selection.smx] boss"
L 04/01/2016 - 20:36:33: [Boss Selection.smx] 보스"
L 04/01/2016 - 20:36:33: [Boss Selection.smx] 보스선택"
L 04/01/2016 - 20:36:33: [Boss Selection.smx] "
L 04/01/2016 - 20:36:36: [Boss Selection.smx] ff2boss"
L 04/01/2016 - 20:36:36: [Boss Selection.smx] boss"
L 04/01/2016 - 20:36:36: [Boss Selection.smx] 보스"
L 04/01/2016 - 20:36:36: [Boss Selection.smx] 보스선택"
L 04/01/2016 - 20:36:36: [Boss Selection.smx] "
L 04/01/2016 - 20:37:13: [Boss Selection.smx] ff2boss"
L 04/01/2016 - 20:37:13: [Boss Selection.smx] boss"
L 04/01/2016 - 20:37:13: [Boss Selection.smx] 보스"
L 04/01/2016 - 20:37:13: [Boss Selection.smx] 보스선택"
L 04/01/2016 - 20:37:14: [Boss Selection.smx] "
L 04/01/2016 - 20:37:14: [playercommands.smx] "Nopied◎<2><[U:1:103205717]><>" slayed "Nopied◎<2><[U:1:103205717]><>"
L 04/01/2016 - 20:37:14: [playercommands.smx] "Nopied◎<2><[U:1:103205717]><>" slayed "MueoNG<3><[U:1:163233802]><>"
L 04/01/2016 - 20:37:14: [playercommands.smx] "Nopied◎<2><[U:1:103205717]><>" slayed "Bot01<4><BOT><>"
L 04/01/2016 - 20:37:14: [playercommands.smx] "Nopied◎<2><[U:1:103205717]><>" slayed "Bot02<5><BOT><>"
L 04/01/2016 - 20:37:14: [playercommands.smx] "Nopied◎<2><[U:1:103205717]><>" slayed "Bot03<6><BOT><>"
L 04/01/2016 - 20:37:14: [playercommands.smx] "Nopied◎<2><[U:1:103205717]><>" slayed "Bot04<7><BOT><>"
L 04/01/2016 - 20:37:14: [playercommands.smx] "Nopied◎<2><[U:1:103205717]><>" slayed "Bot05<8><BOT><>"
L 04/01/2016 - 20:37:14: [playercommands.smx] "Nopied◎<2><[U:1:103205717]><>" slayed "vero-nika-kastro<9><[U:1:290437974]><>"
L 04/01/2016 - 20:37:21: [Boss Selection.smx] ff2boss"
L 04/01/2016 - 20:37:21: [Boss Selection.smx] boss"
L 04/01/2016 - 20:37:21: [Boss Selection.smx] 보스"
L 04/01/2016 - 20:37:21: [Boss Selection.smx] 보스선택"
L 04/01/2016 - 20:37:21: [Boss Selection.smx] "
L 04/01/2016 - 20:37:21: [freak_fortress_2.smx] "Nopied◎<2><[U:1:103205717]><>" added 1234 queue points to "Nopied◎<2><[U:1:103205717]><>"
L 04/01/2016 - 20:37:23: [Boss Selection.smx] ff2boss"
L 04/01/2016 - 20:37:23: [Boss Selection.smx] boss"
L 04/01/2016 - 20:37:23: [Boss Selection.smx] 보스"
L 04/01/2016 - 20:37:23: [Boss Selection.smx] 명령어 보스 감지
L 04/01/2016 - 20:38:34: [Boss Selection.smx] ff2boss"
L 04/01/2016 - 20:38:34: [Boss Selection.smx] boss"
L 04/01/2016 - 20:38:34: [Boss Selection.smx] 보스"
L 04/01/2016 - 20:38:34: [Boss Selection.smx] 보스선택"
L 04/01/2016 - 20:38:34: [Boss Selection.smx] "
L 04/01/2016 - 20:39:28: [Boss Selection.smx] ff2boss"
L 04/01/2016 - 20:39:28: [Boss Selection.smx] boss"
L 04/01/2016 - 20:39:28: [Boss Selection.smx] 보스"
L 04/01/2016 - 20:39:28: [Boss Selection.smx] 보스선택"
L 04/01/2016 - 20:39:28: [Boss Selection.smx] "
L 04/01/2016 - 20:39:36: [Boss Selection.smx] ff2boss"
L 04/01/2016 - 20:39:36: [Boss Selection.smx] boss"
L 04/01/2016 - 20:39:36: [Boss Selection.smx] 보스"
L 04/01/2016 - 20:39:36: [Boss Selection.smx] 보스선택"
L 04/01/2016 - 20:39:36: [Boss Selection.smx] "
L 04/01/2016 - 20:39:43: [Boss Selection.smx] ff2boss"
L 04/01/2016 - 20:39:43: [Boss Selection.smx] boss"
L 04/01/2016 - 20:39:43: [Boss Selection.smx] 보스"
L 04/01/2016 - 20:39:43: [Boss Selection.smx] 보스선택"
L 04/01/2016 - 20:39:43: [Boss Selection.smx] "
L 04/01/2016 - 20:39:44: [Boss Selection.smx] ff2boss"
L 04/01/2016 - 20:39:44: [Boss Selection.smx] boss"
L 04/01/2016 - 20:39:44: [Boss Selection.smx] 보스"
L 04/01/2016 - 20:39:44: [Boss Selection.smx] 보스선택"
L 04/01/2016 - 20:39:44: [Boss Selection.smx] "
L 04/01/2016 - 20:39:45: [Boss Selection.smx] ff2boss"
L 04/01/2016 - 20:39:45: [Boss Selection.smx] boss"
L 04/01/2016 - 20:39:45: [Boss Selection.smx] 보스"
L 04/01/2016 - 20:39:45: [Boss Selection.smx] 보스선택"
L 04/01/2016 - 20:39:45: [Boss Selection.smx] "
L 04/01/2016 - 20:40:21: [Boss Selection.smx] ff2boss"
L 04/01/2016 - 20:40:21: [Boss Selection.smx] boss"
L 04/01/2016 - 20:40:21: [Boss Selection.smx] 보스"
L 04/01/2016 - 20:40:21: [Boss Selection.smx] 보스선택"
L 04/01/2016 - 20:40:21: [Boss Selection.smx] "
L 04/01/2016 - 20:40:25: [Boss Selection.smx] ff2boss"
L 04/01/2016 - 20:40:25: [Boss Selection.smx] boss"
L 04/01/2016 - 20:40:25: [Boss Selection.smx] 보스"
L 04/01/2016 - 20:40:25: [Boss Selection.smx] 보스선택"
L 04/01/2016 - 20:40:25: [Boss Selection.smx] "
L 04/01/2016 - 20:41:20: [Boss Selection.smx] ff2boss"
L 04/01/2016 - 20:41:20: [Boss Selection.smx] boss"
L 04/01/2016 - 20:41:20: [Boss Selection.smx] 보스"
L 04/01/2016 - 20:41:20: [Boss Selection.smx] 보스선택"
L 04/01/2016 - 20:41:20: [Boss Selection.smx] "
L 04/01/2016 - 20:41:56: [Boss Selection.smx] ff2boss"
L 04/01/2016 - 20:41:56: [Boss Selection.smx] boss"
L 04/01/2016 - 20:41:56: [Boss Selection.smx] 보스"
L 04/01/2016 - 20:41:56: [Boss Selection.smx] 보스선택"
L 04/01/2016 - 20:41:56: [Boss Selection.smx] "
L 04/01/2016 - 20:42:49: [Boss Selection.smx] ff2boss"
L 04/01/2016 - 20:42:49: [Boss Selection.smx] boss"
L 04/01/2016 - 20:42:49: [Boss Selection.smx] 보스"
L 04/01/2016 - 20:42:49: [Boss Selection.smx] 보스선택"
L 04/01/2016 - 20:42:49: [Boss Selection.smx] "
L 04/01/2016 - 20:43:55: [Boss Selection.smx] ff2boss"
L 04/01/2016 - 20:43:55: [Boss Selection.smx] boss"
L 04/01/2016 - 20:43:55: [Boss Selection.smx] 보스"
L 04/01/2016 - 20:43:55: [Boss Selection.smx] 보스선택"
L 04/01/2016 - 20:43:55: [Boss Selection.smx] "
L 04/01/2016 - 20:44:48: [Boss Selection.smx] ff2boss"
L 04/01/2016 - 20:44:48: [Boss Selection.smx] boss"
L 04/01/2016 - 20:44:48: [Boss Selection.smx] 보스"
L 04/01/2016 - 20:44:48: [Boss Selection.smx] 보스선택"
L 04/01/2016 - 20:44:48: [Boss Selection.smx] "
L 04/01/2016 - 20:45:03: -------- Mapchange to mvm_rottenburg --------
L 04/01/2016 - 20:45:10: [Boss Selection.smx] [FF2boss] Added chat command: ff2boss
L 04/01/2016 - 20:45:10: [Boss Selection.smx] [FF2boss] Added chat command: boss
L 04/01/2016 - 20:45:10: [Boss Selection.smx] [FF2boss] Added chat command: 보스
L 04/01/2016 - 20:45:10: [Boss Selection.smx] [FF2boss] Added chat command: 보스선택
L 04/01/2016 - 20:46:01: Log file closed.
L 04/01/2016 - 20:59:40: SourceMod log file session started (file "L20160401.log") (Version "1.7.3-dev+5298")
L 04/01/2016 - 20:59:40: -------- Mapchange to arena_badlands --------
L 04/01/2016 - 20:59:40: [TF2ITEMS] "GiveNamedItem" offset = 472
L 04/01/2016 - 20:59:40: [Boss Selection.smx] [FF2boss] Added chat command: ff2boss
L 04/01/2016 - 20:59:40: [Boss Selection.smx] [FF2boss] Added chat command: boss
L 04/01/2016 - 20:59:40: [Boss Selection.smx] [FF2boss] Added chat command: 보스
L 04/01/2016 - 20:59:40: [Boss Selection.smx] [FF2boss] Added chat command: 보스선택
L 04/01/2016 - 20:59:40: [custompart.smx] Debug for CustomPart
L 04/01/2016 - 20:59:40: [freak_fortress_2.smx] ===Freak Fortress 2 Initializing-v1.10.9 Beta (build manual)===
L 04/01/2016 - 20:59:51: [Boss Selection.smx] [FF2boss] Added chat command: ff2boss
L 04/01/2016 - 20:59:51: [Boss Selection.smx] [FF2boss] Added chat command: boss
L 04/01/2016 - 20:59:51: [Boss Selection.smx] [FF2boss] Added chat command: 보스
L 04/01/2016 - 20:59:51: [Boss Selection.smx] [FF2boss] Added chat command: 보스선택
L 04/01/2016 - 21:01:45: [Boss Selection.smx] ff2boss"
L 04/01/2016 - 21:01:45: [Boss Selection.smx] boss"
L 04/01/2016 - 21:01:45: [Boss Selection.smx] 보스"
L 04/01/2016 - 21:01:45: [Boss Selection.smx] 보스선택"
L 04/01/2016 - 21:01:45: [Boss Selection.smx] "
L 04/01/2016 - 21:01:48: [Boss Selection.smx] ff2boss"
L 04/01/2016 - 21:01:48: [Boss Selection.smx] boss"
L 04/01/2016 - 21:01:48: [Boss Selection.smx] 보스"
L 04/01/2016 - 21:01:48: [Boss Selection.smx] 보스선택"
L 04/01/2016 - 21:01:48: [Boss Selection.smx] "
L 04/01/2016 - 21:03:34: [Boss Selection.smx] ff2boss"
L 04/01/2016 - 21:03:34: [Boss Selection.smx] boss"
L 04/01/2016 - 21:03:34: [Boss Selection.smx] 보스"
L 04/01/2016 - 21:03:34: [Boss Selection.smx] 보스선택"
L 04/01/2016 - 21:03:34: [Boss Selection.smx] "
L 04/01/2016 - 21:03:49: [Boss Selection.smx] ff2boss"
L 04/01/2016 - 21:03:49: [Boss Selection.smx] boss"
L 04/01/2016 - 21:03:49: [Boss Selection.smx] 보스"
L 04/01/2016 - 21:03:49: [Boss Selection.smx] 보스선택"
L 04/01/2016 - 21:03:49: [Boss Selection.smx] "
L 04/01/2016 - 21:05:04: [freak_fortress_2.smx] ===Freak Fortress 2 Initializing-v1.10.9 Beta (build manual)===
L 04/01/2016 - 21:06:00: [freak_fortress_2.smx] ===Freak Fortress 2 Initializing-v1.10.9 Beta (build manual)===
L 04/01/2016 - 21:06:10: [Boss Selection.smx] ff2boss"
L 04/01/2016 - 21:06:10: [Boss Selection.smx] boss"
L 04/01/2016 - 21:06:10: [Boss Selection.smx] 보스"
L 04/01/2016 - 21:06:10: [Boss Selection.smx] 보스선택"
L 04/01/2016 - 21:06:10: [Boss Selection.smx] "
L 04/01/2016 - 21:06:26: [Boss Selection.smx] ff2boss"
L 04/01/2016 - 21:06:26: [Boss Selection.smx] boss"
L 04/01/2016 - 21:06:26: [Boss Selection.smx] 보스"
L 04/01/2016 - 21:06:26: [Boss Selection.smx] 보스선택"
L 04/01/2016 - 21:06:26: [Boss Selection.smx] "
L 04/01/2016 - 21:06:33: [Boss Selection.smx] ff2boss"
L 04/01/2016 - 21:06:33: [Boss Selection.smx] boss"
L 04/01/2016 - 21:06:33: [Boss Selection.smx] 보스"
L 04/01/2016 - 21:06:33: [Boss Selection.smx] 보스선택"
L 04/01/2016 - 21:06:33: [Boss Selection.smx] "
L 04/01/2016 - 21:08:00: [freak_fortress_2.smx] ===Freak Fortress 2 Initializing-v1.10.9 Beta (build manual)===
L 04/01/2016 - 21:08:18: [Boss Selection.smx] ff2boss"
L 04/01/2016 - 21:08:18: [Boss Selection.smx] boss"
L 04/01/2016 - 21:08:18: [Boss Selection.smx] 보스"
L 04/01/2016 - 21:08:18: [Boss Selection.smx] 보스선택"
L 04/01/2016 - 21:08:18: [Boss Selection.smx] "
L 04/01/2016 - 21:09:27: [Boss Selection.smx] ff2boss"
L 04/01/2016 - 21:09:27: [Boss Selection.smx] boss"
L 04/01/2016 - 21:09:27: [Boss Selection.smx] 보스"
L 04/01/2016 - 21:09:27: [Boss Selection.smx] 보스선택"
L 04/01/2016 - 21:09:27: [Boss Selection.smx] "
L 04/01/2016 - 21:11:07: [freak_fortress_2.smx] ===Freak Fortress 2 Initializing-v1.10.9 Beta (build manual)===
L 04/01/2016 - 21:11:29: [freak_fortress_2.smx] ===Freak Fortress 2 Initializing-v1.10.9 Beta (build manual)===
L 04/01/2016 - 21:11:42: [Boss Selection.smx] ff2boss"
L 04/01/2016 - 21:11:42: [Boss Selection.smx] boss"
L 04/01/2016 - 21:11:42: [Boss Selection.smx] 보스"
L 04/01/2016 - 21:11:42: [Boss Selection.smx] 보스선택"
L 04/01/2016 - 21:11:42: [Boss Selection.smx] "
L 04/01/2016 - 21:11:42: [playercommands.smx] "Nopied◎<2><[U:1:103205717]><>" slayed "Nopied◎<2><[U:1:103205717]><>"
L 04/01/2016 - 21:11:42: [playercommands.smx] "Nopied◎<2><[U:1:103205717]><>" slayed "Bot01<3><BOT><>"
L 04/01/2016 - 21:11:42: [playercommands.smx] "Nopied◎<2><[U:1:103205717]><>" slayed "Bot02<4><BOT><>"
L 04/01/2016 - 21:11:42: [playercommands.smx] "Nopied◎<2><[U:1:103205717]><>" slayed "Bot03<5><BOT><>"
L 04/01/2016 - 21:11:42: [playercommands.smx] "Nopied◎<2><[U:1:103205717]><>" slayed "Bot04<6><BOT><>"
L 04/01/2016 - 21:11:42: [playercommands.smx] "Nopied◎<2><[U:1:103205717]><>" slayed "Bot05<7><BOT><>"
L 04/01/2016 - 21:11:42: [playercommands.smx] "Nopied◎<2><[U:1:103205717]><>" slayed "Bot06<8><BOT><>"
L 04/01/2016 - 21:14:06: [Boss Selection.smx] ff2boss"
L 04/01/2016 - 21:14:06: [Boss Selection.smx] boss"
L 04/01/2016 - 21:14:06: [Boss Selection.smx] 보스"
L 04/01/2016 - 21:14:06: [Boss Selection.smx] 보스선택"
L 04/01/2016 - 21:14:06: [Boss Selection.smx] "
L 04/01/2016 - 21:17:05: SourceMod log file session started (file "L20160401.log") (Version "1.7.3-dev+5298")
L 04/01/2016 - 21:17:05: -------- Mapchange to arena_badlands --------
L 04/01/2016 - 21:17:05: [TF2ITEMS] "GiveNamedItem" offset = 472
L 04/01/2016 - 21:17:05: [Boss Selection.smx] [FF2boss] Added chat command: ff2boss
L 04/01/2016 - 21:17:05: [Boss Selection.smx] [FF2boss] Added chat command: boss
L 04/01/2016 - 21:17:05: [Boss Selection.smx] [FF2boss] Added chat command: 보스
L 04/01/2016 - 21:17:05: [Boss Selection.smx] [FF2boss] Added chat command: 보스선택
L 04/01/2016 - 21:17:05: [custompart.smx] Debug for CustomPart
L 04/01/2016 - 21:17:05: [freak_fortress_2.smx] ===Freak Fortress 2 Initializing-v1.10.9 Beta (build manual)===
L 04/01/2016 - 21:17:16: [Boss Selection.smx] [FF2boss] Added chat command: ff2boss
L 04/01/2016 - 21:17:16: [Boss Selection.smx] [FF2boss] Added chat command: boss
L 04/01/2016 - 21:17:16: [Boss Selection.smx] [FF2boss] Added chat command: 보스
L 04/01/2016 - 21:17:16: [Boss Selection.smx] [FF2boss] Added chat command: 보스선택
L 04/01/2016 - 21:19:13: [Boss Selection.smx] ff2boss"
L 04/01/2016 - 21:19:13: [Boss Selection.smx] boss"
L 04/01/2016 - 21:19:13: [Boss Selection.smx] 보스"
L 04/01/2016 - 21:19:13: [Boss Selection.smx] 보스선택"
L 04/01/2016 - 21:19:13: [Boss Selection.smx] "
L 04/01/2016 - 21:19:22: [Boss Selection.smx] ff2boss"
L 04/01/2016 - 21:19:22: [Boss Selection.smx] boss"
L 04/01/2016 - 21:19:22: [Boss Selection.smx] 보스"
L 04/01/2016 - 21:19:22: [Boss Selection.smx] 보스선택"
L 04/01/2016 - 21:19:22: [Boss Selection.smx] "
L 04/01/2016 - 21:20:33: [Boss Selection.smx] ff2boss"
L 04/01/2016 - 21:20:33: [Boss Selection.smx] boss"
L 04/01/2016 - 21:20:33: [Boss Selection.smx] 보스"
L 04/01/2016 - 21:20:33: [Boss Selection.smx] 보스선택"
L 04/01/2016 - 21:20:33: [Boss Selection.smx] "
L 04/01/2016 - 21:22:41: [Boss Selection.smx] ff2boss"
L 04/01/2016 - 21:22:41: [Boss Selection.smx] boss"
L 04/01/2016 - 21:22:41: [Boss Selection.smx] 보스"
L 04/01/2016 - 21:22:41: [Boss Selection.smx] 보스선택"
L 04/01/2016 - 21:22:41: [Boss Selection.smx] "
L 04/01/2016 - 21:22:41: [Boss Selection.smx] 명령어  감지
L 04/01/2016 - 21:23:04: Log file closed.
L 04/01/2016 - 21:23:16: SourceMod log file session started (file "L20160401.log") (Version "1.7.3-dev+5298")
L 04/01/2016 - 21:23:16: -------- Mapchange to arena_badlands --------
L 04/01/2016 - 21:23:16: [TF2ITEMS] "GiveNamedItem" offset = 472
L 04/01/2016 - 21:23:16: [Boss Selection.smx] [FF2boss] Added chat command: ff2boss
L 04/01/2016 - 21:23:16: [Boss Selection.smx] [FF2boss] Added chat command: boss
L 04/01/2016 - 21:23:16: [Boss Selection.smx] [FF2boss] Added chat command: 보스
L 04/01/2016 - 21:23:16: [Boss Selection.smx] [FF2boss] Added chat command: 보스선택
L 04/01/2016 - 21:23:16: [custompart.smx] Debug for CustomPart
L 04/01/2016 - 21:23:16: [freak_fortress_2.smx] ===Freak Fortress 2 Initializing-v1.10.9 Beta (build manual)===
L 04/01/2016 - 21:23:27: [Boss Selection.smx] [FF2boss] Added chat command: ff2boss
L 04/01/2016 - 21:23:27: [Boss Selection.smx] [FF2boss] Added chat command: boss
L 04/01/2016 - 21:23:27: [Boss Selection.smx] [FF2boss] Added chat command: 보스
L 04/01/2016 - 21:23:27: [Boss Selection.smx] [FF2boss] Added chat command: 보스선택
L 04/01/2016 - 21:24:05: [Boss Selection.smx] ff2boss"
L 04/01/2016 - 21:24:05: [Boss Selection.smx] boss"
L 04/01/2016 - 21:24:05: [Boss Selection.smx] 보스"
L 04/01/2016 - 21:24:05: [Boss Selection.smx] 보스선택"
L 04/01/2016 - 21:24:05: [Boss Selection.smx] "
L 04/01/2016 - 21:24:14: [Boss Selection.smx] ff2boss"
L 04/01/2016 - 21:24:14: [Boss Selection.smx] boss"
L 04/01/2016 - 21:24:14: [Boss Selection.smx] 보스"
L 04/01/2016 - 21:24:14: [Boss Selection.smx] 보스선택"
L 04/01/2016 - 21:24:14: [Boss Selection.smx] "
L 04/01/2016 - 21:26:17: [Boss Selection.smx] ff2boss"
L 04/01/2016 - 21:26:17: [Boss Selection.smx] boss"
L 04/01/2016 - 21:26:17: [Boss Selection.smx] 보스"
L 04/01/2016 - 21:26:17: [Boss Selection.smx] 보스선택"
L 04/01/2016 - 21:26:17: [Boss Selection.smx] "
L 04/01/2016 - 21:26:17: [basecommands.smx] "Nopied◎<2><[U:1:103205717]><>" kicked "[F]dwgwjw1024[PFBT]<9><[U:1:159644927]><>" (reason "지금은 안됨.")
L 04/01/2016 - 21:29:31: [Boss Selection.smx] ff2boss"
L 04/01/2016 - 21:29:31: [Boss Selection.smx] boss"
L 04/01/2016 - 21:29:31: [Boss Selection.smx] 보스"
L 04/01/2016 - 21:29:31: [Boss Selection.smx] 보스선택"
L 04/01/2016 - 21:29:31: [Boss Selection.smx] "
L 04/01/2016 - 21:31:53: [Boss Selection.smx] ff2boss"
L 04/01/2016 - 21:31:53: [Boss Selection.smx] boss"
L 04/01/2016 - 21:31:53: [Boss Selection.smx] 보스"
L 04/01/2016 - 21:31:53: [Boss Selection.smx] 보스선택"
L 04/01/2016 - 21:31:53: [Boss Selection.smx] "
L 04/01/2016 - 21:32:08: [Boss Selection.smx] ff2boss"
L 04/01/2016 - 21:32:08: [Boss Selection.smx] boss"
L 04/01/2016 - 21:32:08: [Boss Selection.smx] 보스"
L 04/01/2016 - 21:32:08: [Boss Selection.smx] 보스선택"
L 04/01/2016 - 21:32:08: [Boss Selection.smx] "
L 04/01/2016 - 21:33:28: [Boss Selection.smx] ff2boss"
L 04/01/2016 - 21:33:28: [Boss Selection.smx] boss"
L 04/01/2016 - 21:33:28: [Boss Selection.smx] 보스"
L 04/01/2016 - 21:33:28: [Boss Selection.smx] 보스선택"
L 04/01/2016 - 21:33:28: [Boss Selection.smx] "
