L 04/26/2016 - 19:57:13: SourceMod log file session started (file "L20160426.log") (Version "1.7.3-dev+5298")
L 04/26/2016 - 19:57:13: -------- Mapchange to vsh_apg_v2 --------
L 04/26/2016 - 19:57:13: [TF2ITEMS] "GiveNamedItem" offset = 472
L 04/26/2016 - 19:57:15: [boss_selection.smx] [FF2boss] Added chat command: ff2boss
L 04/26/2016 - 19:57:15: [boss_selection.smx] [FF2boss] Added chat command: boss
L 04/26/2016 - 19:57:15: [boss_selection.smx] [FF2boss] Added chat command: 보스
L 04/26/2016 - 19:57:15: [boss_selection.smx] [FF2boss] Added chat command: 보스선택
L 04/26/2016 - 19:57:15: [custompart.smx] Debug for CustomPart
L 04/26/2016 - 19:57:15: [freak_fortress_2.smx] ===Freak Fortress 2 Initializing-v1.10.9 Beta (build manual)===
L 04/26/2016 - 19:57:28: [boss_selection.smx] [FF2boss] Added chat command: ff2boss
L 04/26/2016 - 19:57:28: [boss_selection.smx] [FF2boss] Added chat command: boss
L 04/26/2016 - 19:57:28: [boss_selection.smx] [FF2boss] Added chat command: 보스
L 04/26/2016 - 19:57:28: [boss_selection.smx] [FF2boss] Added chat command: 보스선택
L 04/26/2016 - 20:00:14: SourceMod log file session started (file "L20160426.log") (Version "1.7.3-dev+5298")
L 04/26/2016 - 20:00:14: -------- Mapchange to vsh_apg_v2 --------
L 04/26/2016 - 20:00:14: [TF2ITEMS] "GiveNamedItem" offset = 472
L 04/26/2016 - 20:00:16: [boss_selection.smx] [FF2boss] Added chat command: ff2boss
L 04/26/2016 - 20:00:16: [boss_selection.smx] [FF2boss] Added chat command: boss
L 04/26/2016 - 20:00:16: [boss_selection.smx] [FF2boss] Added chat command: 보스
L 04/26/2016 - 20:00:16: [boss_selection.smx] [FF2boss] Added chat command: 보스선택
L 04/26/2016 - 20:00:16: [custompart.smx] Debug for CustomPart
L 04/26/2016 - 20:00:16: [freak_fortress_2.smx] ===Freak Fortress 2 Initializing-v1.10.9 Beta (build manual)===
L 04/26/2016 - 20:00:31: [boss_selection.smx] [FF2boss] Added chat command: ff2boss
L 04/26/2016 - 20:00:31: [boss_selection.smx] [FF2boss] Added chat command: boss
L 04/26/2016 - 20:00:31: [boss_selection.smx] [FF2boss] Added chat command: 보스
L 04/26/2016 - 20:00:31: [boss_selection.smx] [FF2boss] Added chat command: 보스선택
L 04/26/2016 - 20:10:28: [fuckingloser.smx] 라운드 시작.
L 04/26/2016 - 20:11:00: [fuckingloser.smx] 라운드 시작.
L 04/26/2016 - 20:14:04: SourceMod log file session started (file "L20160426.log") (Version "1.7.3-dev+5298")
L 04/26/2016 - 20:14:04: -------- Mapchange to vsh_apg_v2 --------
L 04/26/2016 - 20:14:05: [TF2ITEMS] "GiveNamedItem" offset = 472
L 04/26/2016 - 20:14:07: [boss_selection.smx] [FF2boss] Added chat command: ff2boss
L 04/26/2016 - 20:14:07: [boss_selection.smx] [FF2boss] Added chat command: boss
L 04/26/2016 - 20:14:07: [boss_selection.smx] [FF2boss] Added chat command: 보스
L 04/26/2016 - 20:14:07: [boss_selection.smx] [FF2boss] Added chat command: 보스선택
L 04/26/2016 - 20:14:07: [custompart.smx] Debug for CustomPart
L 04/26/2016 - 20:14:07: [freak_fortress_2.smx] ===Freak Fortress 2 Initializing-v1.10.9 Beta (build manual)===
L 04/26/2016 - 20:14:21: [boss_selection.smx] [FF2boss] Added chat command: ff2boss
L 04/26/2016 - 20:14:21: [boss_selection.smx] [FF2boss] Added chat command: boss
L 04/26/2016 - 20:14:21: [boss_selection.smx] [FF2boss] Added chat command: 보스
L 04/26/2016 - 20:14:21: [boss_selection.smx] [FF2boss] Added chat command: 보스선택
L 04/26/2016 - 20:14:33: [fuckingloser.smx] 라운드 시작.
L 04/26/2016 - 20:16:26: [fuckingloser.smx] 라운드 시작.
L 04/26/2016 - 20:16:53: [playercommands.smx] "Nopied◎<2><[U:1:103205717]><>" slayed "Bot10<12><BOT><>"
L 04/26/2016 - 20:16:56: [boss_selection.smx] 이 클라이언트는 0의 대기포인트를 저장해놓은 상태.
L 04/26/2016 - 20:17:08: [fuckingloser.smx] 라운드 시작.
L 04/26/2016 - 20:17:08: [fuckingloser.smx] 라운드 시작.
L 04/26/2016 - 20:19:05: [basecommands.smx] "Nopied◎<2><[U:1:103205717]><>" kicked "Bot01<3><BOT><>" (reason "")
L 04/26/2016 - 20:19:06: [basecommands.smx] "Nopied◎<2><[U:1:103205717]><>" kicked "Bot02<4><BOT><>" (reason "")
L 04/26/2016 - 20:19:07: [basecommands.smx] "Nopied◎<2><[U:1:103205717]><>" kicked "Bot03<5><BOT><>" (reason "")
L 04/26/2016 - 20:19:08: [basecommands.smx] "Nopied◎<2><[U:1:103205717]><>" kicked "Bot04<6><BOT><>" (reason "")
L 04/26/2016 - 20:19:08: [basecommands.smx] "Nopied◎<2><[U:1:103205717]><>" kicked "Bot05<7><BOT><>" (reason "")
L 04/26/2016 - 20:21:25: Log file closed.
L 04/26/2016 - 20:21:36: SourceMod log file session started (file "L20160426.log") (Version "1.7.3-dev+5298")
L 04/26/2016 - 20:21:36: -------- Mapchange to vsh_apg_v2 --------
L 04/26/2016 - 20:21:36: [TF2ITEMS] "GiveNamedItem" offset = 472
L 04/26/2016 - 20:21:37: [boss_selection.smx] [FF2boss] Added chat command: ff2boss
L 04/26/2016 - 20:21:37: [boss_selection.smx] [FF2boss] Added chat command: boss
L 04/26/2016 - 20:21:37: [boss_selection.smx] [FF2boss] Added chat command: 보스
L 04/26/2016 - 20:21:37: [boss_selection.smx] [FF2boss] Added chat command: 보스선택
L 04/26/2016 - 20:21:37: [custompart.smx] Debug for CustomPart
L 04/26/2016 - 20:21:37: [freak_fortress_2.smx] ===Freak Fortress 2 Initializing-v1.10.9 Beta (build manual)===
L 04/26/2016 - 20:21:48: [boss_selection.smx] [FF2boss] Added chat command: ff2boss
L 04/26/2016 - 20:21:48: [boss_selection.smx] [FF2boss] Added chat command: boss
L 04/26/2016 - 20:21:48: [boss_selection.smx] [FF2boss] Added chat command: 보스
L 04/26/2016 - 20:21:48: [boss_selection.smx] [FF2boss] Added chat command: 보스선택
L 04/26/2016 - 20:21:58: [fuckingloser.smx] 라운드 시작.
L 04/26/2016 - 20:23:51: [fuckingloser.smx] 라운드 시작.
L 04/26/2016 - 20:25:54: Log file closed.
L 04/26/2016 - 20:26:05: SourceMod log file session started (file "L20160426.log") (Version "1.7.3-dev+5298")
L 04/26/2016 - 20:26:05: -------- Mapchange to vsh_apg_v2 --------
L 04/26/2016 - 20:26:05: [TF2ITEMS] "GiveNamedItem" offset = 472
L 04/26/2016 - 20:26:06: [boss_selection.smx] [FF2boss] Added chat command: ff2boss
L 04/26/2016 - 20:26:06: [boss_selection.smx] [FF2boss] Added chat command: boss
L 04/26/2016 - 20:26:06: [boss_selection.smx] [FF2boss] Added chat command: 보스
L 04/26/2016 - 20:26:06: [boss_selection.smx] [FF2boss] Added chat command: 보스선택
L 04/26/2016 - 20:26:06: [custompart.smx] Debug for CustomPart
L 04/26/2016 - 20:26:06: [freak_fortress_2.smx] ===Freak Fortress 2 Initializing-v1.10.9 Beta (build manual)===
L 04/26/2016 - 20:26:17: [boss_selection.smx] [FF2boss] Added chat command: ff2boss
L 04/26/2016 - 20:26:17: [boss_selection.smx] [FF2boss] Added chat command: boss
L 04/26/2016 - 20:26:17: [boss_selection.smx] [FF2boss] Added chat command: 보스
L 04/26/2016 - 20:26:17: [boss_selection.smx] [FF2boss] Added chat command: 보스선택
L 04/26/2016 - 20:26:26: [fuckingloser.smx] 라운드 시작.
L 04/26/2016 - 20:28:19: [fuckingloser.smx] 라운드 시작.
L 04/26/2016 - 20:28:53: [playercommands.smx] "Nopied◎<2><[U:1:103205717]><>" slayed "Nom Nom Nom<14><BOT><>"
L 04/26/2016 - 20:28:54: [playercommands.smx] "Nopied◎<2><[U:1:103205717]><>" slayed "GENTLE MANNE of LEISURE<15><BOT><>"
L 04/26/2016 - 20:28:55: [playercommands.smx] "Nopied◎<2><[U:1:103205717]><>" slayed "Tiny Baby Man<16><BOT><>"
L 04/26/2016 - 20:28:56: [playercommands.smx] "Nopied◎<2><[U:1:103205717]><>" slayed "Force of Nature<17><BOT><>"
L 04/26/2016 - 20:28:56: [playercommands.smx] "Nopied◎<2><[U:1:103205717]><>" slayed "Grim Bloody Fable<18><BOT><>"
L 04/26/2016 - 20:28:57: [playercommands.smx] "Nopied◎<2><[U:1:103205717]><>" slayed "A Professional With Standards<19><BOT><>"
L 04/26/2016 - 20:29:09: [playercommands.smx] "Nopied◎<2><[U:1:103205717]><>" slayed "Chucklenuts<24><BOT><>"
L 04/26/2016 - 20:29:12: [boss_selection.smx] 이 클라이언트는 0의 대기포인트를 저장해놓은 상태.
L 04/26/2016 - 20:29:24: [fuckingloser.smx] 라운드 시작.
L 04/26/2016 - 20:29:24: [fuckingloser.smx] 라운드 시작.
L 04/26/2016 - 20:39:30: Log file closed.
L 04/26/2016 - 20:43:05: SourceMod log file session started (file "L20160426.log") (Version "1.7.3-dev+5298")
L 04/26/2016 - 20:43:05: -------- Mapchange to vsh_apg_v2 --------
L 04/26/2016 - 20:43:05: [TF2ITEMS] "GiveNamedItem" offset = 472
L 04/26/2016 - 20:43:06: [boss_selection.smx] [FF2boss] Added chat command: ff2boss
L 04/26/2016 - 20:43:06: [boss_selection.smx] [FF2boss] Added chat command: boss
L 04/26/2016 - 20:43:06: [boss_selection.smx] [FF2boss] Added chat command: 보스
L 04/26/2016 - 20:43:06: [boss_selection.smx] [FF2boss] Added chat command: 보스선택
L 04/26/2016 - 20:43:06: [custompart.smx] Debug for CustomPart
L 04/26/2016 - 20:43:06: [freak_fortress_2.smx] ===Freak Fortress 2 Initializing-v1.10.9 Beta (build manual)===
L 04/26/2016 - 20:43:17: [boss_selection.smx] [FF2boss] Added chat command: ff2boss
L 04/26/2016 - 20:43:17: [boss_selection.smx] [FF2boss] Added chat command: boss
L 04/26/2016 - 20:43:17: [boss_selection.smx] [FF2boss] Added chat command: 보스
L 04/26/2016 - 20:43:17: [boss_selection.smx] [FF2boss] Added chat command: 보스선택
L 04/26/2016 - 20:43:42: [fuckingloser.smx] 라운드 시작.
L 04/26/2016 - 20:45:20: [fuckingloser.smx] 라운드 시작.
L 04/26/2016 - 20:46:42: [playercommands.smx] "Nopied◎<2><[U:1:103205717]><>" slayed "BoomerBile<14><BOT><>"
L 04/26/2016 - 20:46:43: [playercommands.smx] "Nopied◎<2><[U:1:103205717]><>" slayed "Mann Co.<15><BOT><>"
L 04/26/2016 - 20:46:43: [playercommands.smx] "Nopied◎<2><[U:1:103205717]><>" slayed "Kaboom!<16><BOT><>"
L 04/26/2016 - 20:46:43: [playercommands.smx] "Nopied◎<2><[U:1:103205717]><>" slayed "0xDEADBEEF<17><BOT><>"
L 04/26/2016 - 20:46:45: [playercommands.smx] "Nopied◎<2><[U:1:103205717]><>" slayed "SomeDude<18><BOT><>"
L 04/26/2016 - 20:46:45: [playercommands.smx] "Nopied◎<2><[U:1:103205717]><>" slayed "Hostage<19><BOT><>"
L 04/26/2016 - 20:47:10: [boss_selection.smx] 이 클라이언트는 0의 대기포인트를 저장해놓은 상태.
L 04/26/2016 - 20:47:10: [boss_selection.smx] 이 클라이언트는 0의 대기포인트를 저장해놓은 상태.
L 04/26/2016 - 20:47:10: [boss_selection.smx] 이 클라이언트는 0의 대기포인트를 저장해놓은 상태.
L 04/26/2016 - 20:47:10: [boss_selection.smx] 이 클라이언트는 0의 대기포인트를 저장해놓은 상태.
L 04/26/2016 - 20:47:10: [boss_selection.smx] 이 클라이언트는 0의 대기포인트를 저장해놓은 상태.
L 04/26/2016 - 20:47:10: [boss_selection.smx] 이 클라이언트는 0의 대기포인트를 저장해놓은 상태.
L 04/26/2016 - 20:47:10: [boss_selection.smx] 이 클라이언트는 0의 대기포인트를 저장해놓은 상태.
L 04/26/2016 - 20:47:10: [boss_selection.smx] 이 클라이언트는 0의 대기포인트를 저장해놓은 상태.
L 04/26/2016 - 20:47:10: [boss_selection.smx] 이 클라이언트는 0의 대기포인트를 저장해놓은 상태.
L 04/26/2016 - 20:47:10: [boss_selection.smx] 이 클라이언트는 0의 대기포인트를 저장해놓은 상태.
L 04/26/2016 - 20:47:22: [fuckingloser.smx] 라운드 시작.
L 04/26/2016 - 20:47:22: [fuckingloser.smx] 라운드 시작.
L 04/26/2016 - 20:47:58: [boss_selection.smx] 이 클라이언트는 0의 대기포인트를 저장해놓은 상태.
L 04/26/2016 - 20:47:58: [boss_selection.smx] 이 클라이언트는 0의 대기포인트를 저장해놓은 상태.
L 04/26/2016 - 20:47:58: [boss_selection.smx] 이 클라이언트는 0의 대기포인트를 저장해놓은 상태.
L 04/26/2016 - 20:47:58: [boss_selection.smx] 이 클라이언트는 0의 대기포인트를 저장해놓은 상태.
L 04/26/2016 - 20:47:58: [boss_selection.smx] 이 클라이언트는 0의 대기포인트를 저장해놓은 상태.
L 04/26/2016 - 20:47:58: [boss_selection.smx] 이 클라이언트는 0의 대기포인트를 저장해놓은 상태.
L 04/26/2016 - 20:47:58: [boss_selection.smx] 이 클라이언트는 0의 대기포인트를 저장해놓은 상태.
L 04/26/2016 - 20:47:58: [boss_selection.smx] 이 클라이언트는 0의 대기포인트를 저장해놓은 상태.
L 04/26/2016 - 20:47:58: [boss_selection.smx] 이 클라이언트는 0의 대기포인트를 저장해놓은 상태.
L 04/26/2016 - 20:47:58: [boss_selection.smx] 이 클라이언트는 0의 대기포인트를 저장해놓은 상태.
L 04/26/2016 - 20:47:58: [boss_selection.smx] 이 클라이언트는 0의 대기포인트를 저장해놓은 상태.
L 04/26/2016 - 20:48:11: [fuckingloser.smx] 라운드 시작.
L 04/26/2016 - 20:49:51: Log file closed.
L 04/26/2016 - 20:50:12: SourceMod log file session started (file "L20160426.log") (Version "1.7.3-dev+5298")
L 04/26/2016 - 20:50:12: -------- Mapchange to vsh_apg_v2 --------
L 04/26/2016 - 20:50:12: [TF2ITEMS] "GiveNamedItem" offset = 472
L 04/26/2016 - 20:50:13: [boss_selection.smx] [FF2boss] Added chat command: ff2boss
L 04/26/2016 - 20:50:13: [boss_selection.smx] [FF2boss] Added chat command: boss
L 04/26/2016 - 20:50:13: [boss_selection.smx] [FF2boss] Added chat command: 보스
L 04/26/2016 - 20:50:13: [boss_selection.smx] [FF2boss] Added chat command: 보스선택
L 04/26/2016 - 20:50:13: [custompart.smx] Debug for CustomPart
L 04/26/2016 - 20:50:13: [freak_fortress_2.smx] ===Freak Fortress 2 Initializing-v1.10.9 Beta (build manual)===
L 04/26/2016 - 20:50:24: [boss_selection.smx] [FF2boss] Added chat command: ff2boss
L 04/26/2016 - 20:50:24: [boss_selection.smx] [FF2boss] Added chat command: boss
L 04/26/2016 - 20:50:24: [boss_selection.smx] [FF2boss] Added chat command: 보스
L 04/26/2016 - 20:50:24: [boss_selection.smx] [FF2boss] Added chat command: 보스선택
L 04/26/2016 - 20:50:33: [fuckingloser.smx] 라운드 시작.
L 04/26/2016 - 20:52:26: [fuckingloser.smx] 라운드 시작.
L 04/26/2016 - 20:53:04: [playercommands.smx] "Nopied◎<2><[U:1:103205717]><>" slayed "Cannon Fodder<3><BOT><>"
L 04/26/2016 - 20:53:04: [playercommands.smx] "Nopied◎<2><[U:1:103205717]><>" slayed "trigger_hurt<4><BOT><>"
L 04/26/2016 - 20:53:04: [playercommands.smx] "Nopied◎<2><[U:1:103205717]><>" slayed "Nom Nom Nom<5><BOT><>"
L 04/26/2016 - 20:53:05: [playercommands.smx] "Nopied◎<2><[U:1:103205717]><>" slayed "Divide by Zero<6><BOT><>"
L 04/26/2016 - 20:53:05: [playercommands.smx] "Nopied◎<2><[U:1:103205717]><>" slayed "GENTLE MANNE of LEISURE<7><BOT><>"
L 04/26/2016 - 20:53:05: [playercommands.smx] "Nopied◎<2><[U:1:103205717]><>" slayed "MoreGun<8><BOT><>"
L 04/26/2016 - 20:54:26: [fuckingloser.smx] 라운드 시작.
L 04/26/2016 - 20:56:16: Log file closed.
L 04/26/2016 - 20:56:53: SourceMod log file session started (file "L20160426.log") (Version "1.7.3-dev+5298")
L 04/26/2016 - 20:56:53: -------- Mapchange to vsh_apg_v2 --------
L 04/26/2016 - 20:56:53: [TF2ITEMS] "GiveNamedItem" offset = 472
L 04/26/2016 - 20:56:53: [boss_selection.smx] [FF2boss] Added chat command: ff2boss
L 04/26/2016 - 20:56:54: [boss_selection.smx] [FF2boss] Added chat command: boss
L 04/26/2016 - 20:56:54: [boss_selection.smx] [FF2boss] Added chat command: 보스
L 04/26/2016 - 20:56:54: [boss_selection.smx] [FF2boss] Added chat command: 보스선택
L 04/26/2016 - 20:56:54: [custompart.smx] Debug for CustomPart
L 04/26/2016 - 20:56:54: [freak_fortress_2.smx] ===Freak Fortress 2 Initializing-v1.10.9 Beta (build manual)===
L 04/26/2016 - 20:57:05: [boss_selection.smx] [FF2boss] Added chat command: ff2boss
L 04/26/2016 - 20:57:05: [boss_selection.smx] [FF2boss] Added chat command: boss
L 04/26/2016 - 20:57:05: [boss_selection.smx] [FF2boss] Added chat command: 보스
L 04/26/2016 - 20:57:05: [boss_selection.smx] [FF2boss] Added chat command: 보스선택
L 04/26/2016 - 20:57:15: [fuckingloser.smx] 라운드 시작.
L 04/26/2016 - 20:57:20: [boss_selection.smx] 
L 04/26/2016 - 20:59:08: [fuckingloser.smx] 라운드 시작.
L 04/26/2016 - 21:00:09: [freak_fortress_2.smx] "Nopied◎<2><[U:1:103205717]><>" added 123 queue points to "Nopied◎<2><[U:1:103205717]><>"
L 04/26/2016 - 21:00:30: [boss_selection.smx] 
L 04/26/2016 - 21:01:17: [fuckingloser.smx] 라운드 시작.
L 04/26/2016 - 21:02:03: [fuckingloser.smx] 라운드 시작.
L 04/26/2016 - 21:02:25: [playercommands.smx] "Nopied◎<2><[U:1:103205717]><>" slayed "Nopied◎<2><[U:1:103205717]><>"
L 04/26/2016 - 21:02:40: [fuckingloser.smx] 라운드 시작.
L 04/26/2016 - 21:03:00: [playercommands.smx] "Nopied◎<2><[U:1:103205717]><>" slayed "Nopied◎<2><[U:1:103205717]><>"
L 04/26/2016 - 21:03:15: [fuckingloser.smx] 라운드 시작.
L 04/26/2016 - 21:04:30: [fuckingloser.smx] 라운드 시작.
L 04/26/2016 - 21:06:34: [fuckingloser.smx] 라운드 시작.
L 04/26/2016 - 21:07:26: [fuckingloser.smx] 라운드 시작.
L 04/26/2016 - 21:09:06: [fuckingloser.smx] 라운드 시작.
L 04/26/2016 - 21:10:42: [fuckingloser.smx] 라운드 시작.
L 04/26/2016 - 21:13:45: [fuckingloser.smx] 라운드 시작.
L 04/26/2016 - 21:15:16: [funcommands.smx] "Nopied◎<2><[U:1:103205717]><>" froze "프리스크<3><[U:1:323288610]><>"
L 04/26/2016 - 21:15:16: [funcommands.smx] "Nopied◎<2><[U:1:103205717]><>" froze "Nopied◎<2><[U:1:103205717]><>"
L 04/26/2016 - 21:15:17: [funcommands.smx] "Nopied◎<2><[U:1:103205717]><>" froze "프리스크<3><[U:1:323288610]><>"
L 04/26/2016 - 21:15:17: [funcommands.smx] "Nopied◎<2><[U:1:103205717]><>" froze "Nopied◎<2><[U:1:103205717]><>"
L 04/26/2016 - 21:15:20: [funcommands.smx] "Nopied◎<2><[U:1:103205717]><>" set a TimeBomb on "프리스크<3><[U:1:323288610]><>"
L 04/26/2016 - 21:15:20: [funcommands.smx] "Nopied◎<2><[U:1:103205717]><>" set a TimeBomb on "Nopied◎<2><[U:1:103205717]><>"
L 04/26/2016 - 21:15:41: Log file closed.
L 04/26/2016 - 21:17:04: SourceMod log file session started (file "L20160426.log") (Version "1.7.3-dev+5298")
L 04/26/2016 - 21:17:04: -------- Mapchange to vsh_apg_v2 --------
L 04/26/2016 - 21:17:04: [TF2ITEMS] "GiveNamedItem" offset = 472
L 04/26/2016 - 21:17:05: [boss_selection.smx] [FF2boss] Added chat command: ff2boss
L 04/26/2016 - 21:17:05: [boss_selection.smx] [FF2boss] Added chat command: boss
L 04/26/2016 - 21:17:05: [boss_selection.smx] [FF2boss] Added chat command: 보스
L 04/26/2016 - 21:17:05: [boss_selection.smx] [FF2boss] Added chat command: 보스선택
L 04/26/2016 - 21:17:05: [custompart.smx] Debug for CustomPart
L 04/26/2016 - 21:17:05: [freak_fortress_2.smx] ===Freak Fortress 2 Initializing-v1.10.9 Beta (build manual)===
L 04/26/2016 - 21:17:16: [boss_selection.smx] [FF2boss] Added chat command: ff2boss
L 04/26/2016 - 21:17:16: [boss_selection.smx] [FF2boss] Added chat command: boss
L 04/26/2016 - 21:17:16: [boss_selection.smx] [FF2boss] Added chat command: 보스
L 04/26/2016 - 21:17:16: [boss_selection.smx] [FF2boss] Added chat command: 보스선택
L 04/26/2016 - 21:17:25: [fuckingloser.smx] 라운드 시작.
L 04/26/2016 - 21:18:23: [boss_selection.smx] 
L 04/26/2016 - 21:18:34: [boss_selection.smx] 
L 04/26/2016 - 21:19:19: [fuckingloser.smx] 라운드 시작.
L 04/26/2016 - 21:19:37: [playercommands.smx] "Nopied◎<2><[U:1:103205717]><>" slayed "The Combine<7><BOT><>"
L 04/26/2016 - 21:19:37: [playercommands.smx] "Nopied◎<2><[U:1:103205717]><>" slayed "Totally Not A Bot<8><BOT><>"
L 04/26/2016 - 21:19:38: [playercommands.smx] "Nopied◎<2><[U:1:103205717]><>" slayed "Pow!<9><BOT><>"
L 04/26/2016 - 21:19:38: [playercommands.smx] "Nopied◎<2><[U:1:103205717]><>" slayed "Zepheniah Mann<10><BOT><>"
L 04/26/2016 - 21:19:39: [playercommands.smx] "Nopied◎<2><[U:1:103205717]><>" slayed "THEM<11><BOT><>"
L 04/26/2016 - 21:19:39: [playercommands.smx] "Nopied◎<2><[U:1:103205717]><>" slayed "LOS LOS LOS<12><BOT><>"
L 04/26/2016 - 21:19:39: [boss_selection.smx] 
L 04/26/2016 - 21:19:39: [playercommands.smx] "Nopied◎<2><[U:1:103205717]><>" slayed "10001011101<13><BOT><>"
L 04/26/2016 - 21:20:04: [boss_selection.smx] 이 클라이언트는 0의 대기포인트를 저장해놓은 상태.
L 04/26/2016 - 21:20:04: [boss_selection.smx] 이 클라이언트는 0의 대기포인트를 저장해놓은 상태.
L 04/26/2016 - 21:20:04: [boss_selection.smx] 이 클라이언트는 0의 대기포인트를 저장해놓은 상태.
L 04/26/2016 - 21:20:04: [boss_selection.smx] 이 클라이언트는 0의 대기포인트를 저장해놓은 상태.
L 04/26/2016 - 21:20:04: [boss_selection.smx] 이 클라이언트는 0의 대기포인트를 저장해놓은 상태.
L 04/26/2016 - 21:20:04: [boss_selection.smx] 이 클라이언트는 0의 대기포인트를 저장해놓은 상태.
L 04/26/2016 - 21:20:04: [boss_selection.smx] 이 클라이언트는 0의 대기포인트를 저장해놓은 상태.
L 04/26/2016 - 21:20:04: [boss_selection.smx] 이 클라이언트는 0의 대기포인트를 저장해놓은 상태.
L 04/26/2016 - 21:20:04: [boss_selection.smx] 이 클라이언트는 0의 대기포인트를 저장해놓은 상태.
L 04/26/2016 - 21:20:04: [boss_selection.smx] 이 클라이언트는 0의 대기포인트를 저장해놓은 상태.
L 04/26/2016 - 21:20:16: [fuckingloser.smx] 라운드 시작.
L 04/26/2016 - 21:22:15: [basecommands.smx] "Nopied◎<2><[U:1:103205717]><>" kicked "The Combine<7><BOT><>" (reason "")
L 04/26/2016 - 21:22:17: [basecommands.smx] "Nopied◎<2><[U:1:103205717]><>" kicked "Totally Not A Bot<8><BOT><>" (reason "")
L 04/26/2016 - 21:23:16: [boss_selection.smx] 이 클라이언트는 0의 대기포인트를 저장해놓은 상태.
L 04/26/2016 - 21:23:16: [boss_selection.smx] 이 클라이언트는 0의 대기포인트를 저장해놓은 상태.
L 04/26/2016 - 21:23:16: [boss_selection.smx] 이 클라이언트는 0의 대기포인트를 저장해놓은 상태.
L 04/26/2016 - 21:23:16: [boss_selection.smx] 이 클라이언트는 0의 대기포인트를 저장해놓은 상태.
L 04/26/2016 - 21:23:16: [boss_selection.smx] 이 클라이언트는 0의 대기포인트를 저장해놓은 상태.
L 04/26/2016 - 21:23:16: [boss_selection.smx] 이 클라이언트는 0의 대기포인트를 저장해놓은 상태.
L 04/26/2016 - 21:23:16: [boss_selection.smx] 이 클라이언트는 0의 대기포인트를 저장해놓은 상태.
L 04/26/2016 - 21:23:16: [boss_selection.smx] 이 클라이언트는 0의 대기포인트를 저장해놓은 상태.
L 04/26/2016 - 21:23:16: [boss_selection.smx] 이 클라이언트는 0의 대기포인트를 저장해놓은 상태.
L 04/26/2016 - 21:23:16: [boss_selection.smx] 이 클라이언트는 0의 대기포인트를 저장해놓은 상태.
L 04/26/2016 - 21:23:16: [boss_selection.smx] 이 클라이언트는 0의 대기포인트를 저장해놓은 상태.
L 04/26/2016 - 21:23:28: [fuckingloser.smx] 라운드 시작.
L 04/26/2016 - 21:23:36: [boss_selection.smx] 
L 04/26/2016 - 21:25:39: [playercommands.smx] "Nopied◎<2><[U:1:103205717]><>" slapped "나는 브로니다! :)<4><[U:1:150941697]><>" (damage "99")
L 04/26/2016 - 21:25:40: [playercommands.smx] "Nopied◎<2><[U:1:103205717]><>" slapped "나는 브로니다! :)<4><[U:1:150941697]><>" (damage "99")
L 04/26/2016 - 21:25:40: [playercommands.smx] "Nopied◎<2><[U:1:103205717]><>" slapped "나는 브로니다! :)<4><[U:1:150941697]><>" (damage "99")
L 04/26/2016 - 21:25:40: [playercommands.smx] "Nopied◎<2><[U:1:103205717]><>" slapped "나는 브로니다! :)<4><[U:1:150941697]><>" (damage "99")
L 04/26/2016 - 21:25:40: [playercommands.smx] "Nopied◎<2><[U:1:103205717]><>" slapped "나는 브로니다! :)<4><[U:1:150941697]><>" (damage "99")
L 04/26/2016 - 21:25:47: [funcommands.smx] "Nopied◎<2><[U:1:103205717]><>" set a beacon on "나는 브로니다! :)<4><[U:1:150941697]><>"
L 04/26/2016 - 21:26:44: [playercommands.smx] "Nopied◎<2><[U:1:103205717]><>" slayed "나는 브로니다! :)<4><[U:1:150941697]><>"
L 04/26/2016 - 21:26:47: [boss_selection.smx] 이 클라이언트는 0의 대기포인트를 저장해놓은 상태.
L 04/26/2016 - 21:26:47: [boss_selection.smx] 이 클라이언트는 0의 대기포인트를 저장해놓은 상태.
L 04/26/2016 - 21:26:47: [boss_selection.smx] 이 클라이언트는 0의 대기포인트를 저장해놓은 상태.
L 04/26/2016 - 21:26:47: [boss_selection.smx] 이 클라이언트는 0의 대기포인트를 저장해놓은 상태.
L 04/26/2016 - 21:26:47: [boss_selection.smx] 이 클라이언트는 0의 대기포인트를 저장해놓은 상태.
L 04/26/2016 - 21:26:47: [boss_selection.smx] 이 클라이언트는 0의 대기포인트를 저장해놓은 상태.
L 04/26/2016 - 21:26:47: [boss_selection.smx] 이 클라이언트는 0의 대기포인트를 저장해놓은 상태.
L 04/26/2016 - 21:26:47: [boss_selection.smx] 이 클라이언트는 0의 대기포인트를 저장해놓은 상태.
L 04/26/2016 - 21:26:47: [boss_selection.smx] 이 클라이언트는 0의 대기포인트를 저장해놓은 상태.
L 04/26/2016 - 21:26:47: [boss_selection.smx] 이 클라이언트는 0의 대기포인트를 저장해놓은 상태.
L 04/26/2016 - 21:26:47: [boss_selection.smx] 이 클라이언트는 0의 대기포인트를 저장해놓은 상태.
L 04/26/2016 - 21:26:59: [fuckingloser.smx] 라운드 시작.
L 04/26/2016 - 21:28:56: [boss_selection.smx] 
L 04/26/2016 - 21:28:59: [boss_selection.smx] 이 클라이언트는 0의 대기포인트를 저장해놓은 상태.
L 04/26/2016 - 21:28:59: [boss_selection.smx] 이 클라이언트는 0의 대기포인트를 저장해놓은 상태.
L 04/26/2016 - 21:28:59: [boss_selection.smx] 이 클라이언트는 0의 대기포인트를 저장해놓은 상태.
L 04/26/2016 - 21:28:59: [boss_selection.smx] 이 클라이언트는 0의 대기포인트를 저장해놓은 상태.
L 04/26/2016 - 21:28:59: [boss_selection.smx] 이 클라이언트는 0의 대기포인트를 저장해놓은 상태.
L 04/26/2016 - 21:28:59: [boss_selection.smx] 이 클라이언트는 0의 대기포인트를 저장해놓은 상태.
L 04/26/2016 - 21:28:59: [boss_selection.smx] 이 클라이언트는 0의 대기포인트를 저장해놓은 상태.
L 04/26/2016 - 21:28:59: [boss_selection.smx] 이 클라이언트는 0의 대기포인트를 저장해놓은 상태.
L 04/26/2016 - 21:28:59: [boss_selection.smx] 이 클라이언트는 0의 대기포인트를 저장해놓은 상태.
L 04/26/2016 - 21:28:59: [boss_selection.smx] 이 클라이언트는 0의 대기포인트를 저장해놓은 상태.
L 04/26/2016 - 21:28:59: [boss_selection.smx] 이 클라이언트는 0의 대기포인트를 저장해놓은 상태.
L 04/26/2016 - 21:29:11: [fuckingloser.smx] 라운드 시작.
L 04/26/2016 - 21:31:44: [playercommands.smx] "Nopied◎<2><[U:1:103205717]><>" slapped "Rimuru Temfest<3><[U:1:76700589]><>" (damage "1")
L 04/26/2016 - 21:32:08: [boss_selection.smx] 이 클라이언트는 0의 대기포인트를 저장해놓은 상태.
L 04/26/2016 - 21:32:08: [boss_selection.smx] 이 클라이언트는 0의 대기포인트를 저장해놓은 상태.
L 04/26/2016 - 21:32:08: [boss_selection.smx] 이 클라이언트는 0의 대기포인트를 저장해놓은 상태.
L 04/26/2016 - 21:32:08: [boss_selection.smx] 이 클라이언트는 0의 대기포인트를 저장해놓은 상태.
L 04/26/2016 - 21:32:08: [boss_selection.smx] 이 클라이언트는 0의 대기포인트를 저장해놓은 상태.
L 04/26/2016 - 21:32:08: [boss_selection.smx] 이 클라이언트는 0의 대기포인트를 저장해놓은 상태.
L 04/26/2016 - 21:32:08: [boss_selection.smx] 이 클라이언트는 0의 대기포인트를 저장해놓은 상태.
L 04/26/2016 - 21:32:08: [boss_selection.smx] 이 클라이언트는 0의 대기포인트를 저장해놓은 상태.
L 04/26/2016 - 21:32:08: [boss_selection.smx] 이 클라이언트는 0의 대기포인트를 저장해놓은 상태.
L 04/26/2016 - 21:32:08: [boss_selection.smx] 이 클라이언트는 0의 대기포인트를 저장해놓은 상태.
L 04/26/2016 - 21:32:08: [boss_selection.smx] 이 클라이언트는 0의 대기포인트를 저장해놓은 상태.
L 04/26/2016 - 21:32:20: [fuckingloser.smx] 라운드 시작.
L 04/26/2016 - 21:35:18: [playercommands.smx] "Nopied◎<2><[U:1:103205717]><>" slapped "[F]dwgwjw1024[PFBT]<5><[U:1:159644927]><>" (damage "5")
L 04/26/2016 - 21:35:18: [playercommands.smx] "Nopied◎<2><[U:1:103205717]><>" slapped "[F]dwgwjw1024[PFBT]<5><[U:1:159644927]><>" (damage "5")
L 04/26/2016 - 21:35:18: [playercommands.smx] "Nopied◎<2><[U:1:103205717]><>" slapped "[F]dwgwjw1024[PFBT]<5><[U:1:159644927]><>" (damage "5")
L 04/26/2016 - 21:35:19: [playercommands.smx] "Nopied◎<2><[U:1:103205717]><>" slapped "[F]dwgwjw1024[PFBT]<5><[U:1:159644927]><>" (damage "5")
L 04/26/2016 - 21:35:19: [playercommands.smx] "Nopied◎<2><[U:1:103205717]><>" slapped "[F]dwgwjw1024[PFBT]<5><[U:1:159644927]><>" (damage "5")
L 04/26/2016 - 21:35:19: [playercommands.smx] "Nopied◎<2><[U:1:103205717]><>" slapped "[F]dwgwjw1024[PFBT]<5><[U:1:159644927]><>" (damage "5")
L 04/26/2016 - 21:35:19: [playercommands.smx] "Nopied◎<2><[U:1:103205717]><>" slapped "[F]dwgwjw1024[PFBT]<5><[U:1:159644927]><>" (damage "5")
L 04/26/2016 - 21:35:19: [playercommands.smx] "Nopied◎<2><[U:1:103205717]><>" slapped "[F]dwgwjw1024[PFBT]<5><[U:1:159644927]><>" (damage "5")
L 04/26/2016 - 21:35:19: [playercommands.smx] "Nopied◎<2><[U:1:103205717]><>" slapped "[F]dwgwjw1024[PFBT]<5><[U:1:159644927]><>" (damage "5")
L 04/26/2016 - 21:35:20: [playercommands.smx] "Nopied◎<2><[U:1:103205717]><>" slapped "[F]dwgwjw1024[PFBT]<5><[U:1:159644927]><>" (damage "5")
L 04/26/2016 - 21:35:20: [playercommands.smx] "Nopied◎<2><[U:1:103205717]><>" slapped "[F]dwgwjw1024[PFBT]<5><[U:1:159644927]><>" (damage "5")
L 04/26/2016 - 21:35:20: [playercommands.smx] "Nopied◎<2><[U:1:103205717]><>" slapped "[F]dwgwjw1024[PFBT]<5><[U:1:159644927]><>" (damage "5")
L 04/26/2016 - 21:35:20: [playercommands.smx] "Nopied◎<2><[U:1:103205717]><>" slapped "[F]dwgwjw1024[PFBT]<5><[U:1:159644927]><>" (damage "5")
L 04/26/2016 - 21:35:20: [playercommands.smx] "Nopied◎<2><[U:1:103205717]><>" slapped "[F]dwgwjw1024[PFBT]<5><[U:1:159644927]><>" (damage "5")
L 04/26/2016 - 21:35:20: [playercommands.smx] "Nopied◎<2><[U:1:103205717]><>" slapped "[F]dwgwjw1024[PFBT]<5><[U:1:159644927]><>" (damage "5")
L 04/26/2016 - 21:35:21: [playercommands.smx] "Nopied◎<2><[U:1:103205717]><>" slapped "[F]dwgwjw1024[PFBT]<5><[U:1:159644927]><>" (damage "5")
L 04/26/2016 - 21:35:21: [playercommands.smx] "Nopied◎<2><[U:1:103205717]><>" slapped "[F]dwgwjw1024[PFBT]<5><[U:1:159644927]><>" (damage "5")
L 04/26/2016 - 21:35:21: [playercommands.smx] "Nopied◎<2><[U:1:103205717]><>" slapped "[F]dwgwjw1024[PFBT]<5><[U:1:159644927]><>" (damage "5")
L 04/26/2016 - 21:35:21: [playercommands.smx] "Nopied◎<2><[U:1:103205717]><>" slapped "[F]dwgwjw1024[PFBT]<5><[U:1:159644927]><>" (damage "5")
L 04/26/2016 - 21:35:21: [playercommands.smx] "Nopied◎<2><[U:1:103205717]><>" slapped "[F]dwgwjw1024[PFBT]<5><[U:1:159644927]><>" (damage "5")
L 04/26/2016 - 21:35:21: [playercommands.smx] "Nopied◎<2><[U:1:103205717]><>" slapped "[F]dwgwjw1024[PFBT]<5><[U:1:159644927]><>" (damage "5")
L 04/26/2016 - 21:35:24: [playercommands.smx] "Nopied◎<2><[U:1:103205717]><>" slapped "[F]dwgwjw1024[PFBT]<5><[U:1:159644927]><>" (damage "5")
L 04/26/2016 - 21:35:24: [playercommands.smx] "Nopied◎<2><[U:1:103205717]><>" slapped "[F]dwgwjw1024[PFBT]<5><[U:1:159644927]><>" (damage "5")
L 04/26/2016 - 21:35:24: [playercommands.smx] "Nopied◎<2><[U:1:103205717]><>" slapped "[F]dwgwjw1024[PFBT]<5><[U:1:159644927]><>" (damage "5")
L 04/26/2016 - 21:35:24: [playercommands.smx] "Nopied◎<2><[U:1:103205717]><>" slapped "[F]dwgwjw1024[PFBT]<5><[U:1:159644927]><>" (damage "5")
L 04/26/2016 - 21:35:24: [playercommands.smx] "Nopied◎<2><[U:1:103205717]><>" slapped "[F]dwgwjw1024[PFBT]<5><[U:1:159644927]><>" (damage "5")
L 04/26/2016 - 21:35:26: [playercommands.smx] "Nopied◎<2><[U:1:103205717]><>" slapped "[F]dwgwjw1024[PFBT]<5><[U:1:159644927]><>" (damage "5")
L 04/26/2016 - 21:35:26: [playercommands.smx] "Nopied◎<2><[U:1:103205717]><>" slapped "[F]dwgwjw1024[PFBT]<5><[U:1:159644927]><>" (damage "5")
L 04/26/2016 - 21:35:26: [playercommands.smx] "Nopied◎<2><[U:1:103205717]><>" slapped "[F]dwgwjw1024[PFBT]<5><[U:1:159644927]><>" (damage "5")
L 04/26/2016 - 21:35:27: [playercommands.smx] "Nopied◎<2><[U:1:103205717]><>" slapped "[F]dwgwjw1024[PFBT]<5><[U:1:159644927]><>" (damage "5")
L 04/26/2016 - 21:35:27: [playercommands.smx] "Nopied◎<2><[U:1:103205717]><>" slapped "[F]dwgwjw1024[PFBT]<5><[U:1:159644927]><>" (damage "5")
L 04/26/2016 - 21:35:27: [playercommands.smx] "Nopied◎<2><[U:1:103205717]><>" slapped "[F]dwgwjw1024[PFBT]<5><[U:1:159644927]><>" (damage "5")
L 04/26/2016 - 21:35:42: [funcommands.smx] "Nopied◎<2><[U:1:103205717]><>" ignited "[F]dwgwjw1024[PFBT]<5><[U:1:159644927]><>" (seconds "20.000000")
L 04/26/2016 - 21:36:04: [funcommands.smx] "Nopied◎<2><[U:1:103205717]><>" ignited "[F]dwgwjw1024[PFBT]<5><[U:1:159644927]><>" (seconds "20.000000")
L 04/26/2016 - 21:36:18: [funcommands.smx] "Nopied◎<2><[U:1:103205717]><>" ignited "[F]dwgwjw1024[PFBT]<5><[U:1:159644927]><>" (seconds "20.000000")
L 04/26/2016 - 21:36:34: [funcommands.smx] "Nopied◎<2><[U:1:103205717]><>" set a beacon on "[F]dwgwjw1024[PFBT]<5><[U:1:159644927]><>"
L 04/26/2016 - 21:36:39: [funcommands.smx] "Nopied◎<2><[U:1:103205717]><>" set a FreezeBomb on "[F]dwgwjw1024[PFBT]<5><[U:1:159644927]><>"
L 04/26/2016 - 21:36:39: [funcommands.smx] "Nopied◎<2><[U:1:103205717]><>" set a FreezeBomb on "Rimuru Temfest<3><[U:1:76700589]><>"
L 04/26/2016 - 21:36:45: [funcommands.smx] "Nopied◎<2><[U:1:103205717]><>" removed a FreezeBomb on "[F]dwgwjw1024[PFBT]<5><[U:1:159644927]><>"
L 04/26/2016 - 21:36:45: [funcommands.smx] "Nopied◎<2><[U:1:103205717]><>" removed a FreezeBomb on "Rimuru Temfest<3><[U:1:76700589]><>"
L 04/26/2016 - 21:36:54: [playercommands.smx] "Nopied◎<2><[U:1:103205717]><>" slayed "Rimuru Temfest<3><[U:1:76700589]><>"
L 04/26/2016 - 21:36:54: [playercommands.smx] "Nopied◎<2><[U:1:103205717]><>" slayed "[F]dwgwjw1024[PFBT]<5><[U:1:159644927]><>"
L 04/26/2016 - 21:36:57: [boss_selection.smx] 이 클라이언트는 0의 대기포인트를 저장해놓은 상태.
L 04/26/2016 - 21:36:57: [boss_selection.smx] 이 클라이언트는 0의 대기포인트를 저장해놓은 상태.
L 04/26/2016 - 21:36:57: [boss_selection.smx] 이 클라이언트는 0의 대기포인트를 저장해놓은 상태.
L 04/26/2016 - 21:36:57: [boss_selection.smx] 이 클라이언트는 0의 대기포인트를 저장해놓은 상태.
L 04/26/2016 - 21:36:57: [boss_selection.smx] 이 클라이언트는 0의 대기포인트를 저장해놓은 상태.
L 04/26/2016 - 21:36:57: [boss_selection.smx] 이 클라이언트는 0의 대기포인트를 저장해놓은 상태.
L 04/26/2016 - 21:36:57: [boss_selection.smx] 이 클라이언트는 0의 대기포인트를 저장해놓은 상태.
L 04/26/2016 - 21:36:57: [boss_selection.smx] 이 클라이언트는 0의 대기포인트를 저장해놓은 상태.
L 04/26/2016 - 21:36:57: [boss_selection.smx] 이 클라이언트는 0의 대기포인트를 저장해놓은 상태.
L 04/26/2016 - 21:36:57: [boss_selection.smx] 이 클라이언트는 0의 대기포인트를 저장해놓은 상태.
L 04/26/2016 - 21:37:09: [fuckingloser.smx] 라운드 시작.
L 04/26/2016 - 21:39:33: [boss_selection.smx] 이 클라이언트는 0의 대기포인트를 저장해놓은 상태.
L 04/26/2016 - 21:39:33: [boss_selection.smx] 이 클라이언트는 0의 대기포인트를 저장해놓은 상태.
L 04/26/2016 - 21:39:33: [boss_selection.smx] 이 클라이언트는 0의 대기포인트를 저장해놓은 상태.
L 04/26/2016 - 21:39:33: [boss_selection.smx] 이 클라이언트는 0의 대기포인트를 저장해놓은 상태.
L 04/26/2016 - 21:39:33: [boss_selection.smx] 이 클라이언트는 0의 대기포인트를 저장해놓은 상태.
L 04/26/2016 - 21:39:33: [boss_selection.smx] 이 클라이언트는 0의 대기포인트를 저장해놓은 상태.
L 04/26/2016 - 21:39:33: [boss_selection.smx] 이 클라이언트는 0의 대기포인트를 저장해놓은 상태.
L 04/26/2016 - 21:39:33: [boss_selection.smx] 이 클라이언트는 0의 대기포인트를 저장해놓은 상태.
L 04/26/2016 - 21:39:33: [boss_selection.smx] 이 클라이언트는 0의 대기포인트를 저장해놓은 상태.
L 04/26/2016 - 21:39:33: [boss_selection.smx] 이 클라이언트는 0의 대기포인트를 저장해놓은 상태.
L 04/26/2016 - 21:39:45: [fuckingloser.smx] 라운드 시작.
L 04/26/2016 - 21:44:26: [boss_selection.smx] 이 클라이언트는 0의 대기포인트를 저장해놓은 상태.
L 04/26/2016 - 21:44:26: [boss_selection.smx] 이 클라이언트는 0의 대기포인트를 저장해놓은 상태.
L 04/26/2016 - 21:44:26: [boss_selection.smx] 이 클라이언트는 0의 대기포인트를 저장해놓은 상태.
L 04/26/2016 - 21:44:26: [boss_selection.smx] 이 클라이언트는 0의 대기포인트를 저장해놓은 상태.
L 04/26/2016 - 21:44:26: [boss_selection.smx] 이 클라이언트는 0의 대기포인트를 저장해놓은 상태.
L 04/26/2016 - 21:44:26: [boss_selection.smx] 이 클라이언트는 0의 대기포인트를 저장해놓은 상태.
L 04/26/2016 - 21:44:26: [boss_selection.smx] 이 클라이언트는 0의 대기포인트를 저장해놓은 상태.
L 04/26/2016 - 21:44:26: [boss_selection.smx] 이 클라이언트는 0의 대기포인트를 저장해놓은 상태.
L 04/26/2016 - 21:44:26: [boss_selection.smx] 이 클라이언트는 0의 대기포인트를 저장해놓은 상태.
L 04/26/2016 - 21:44:26: [boss_selection.smx] 이 클라이언트는 0의 대기포인트를 저장해놓은 상태.
L 04/26/2016 - 21:44:38: [fuckingloser.smx] 라운드 시작.
L 04/26/2016 - 21:46:33: [boss_selection.smx] 이 클라이언트는 0의 대기포인트를 저장해놓은 상태.
L 04/26/2016 - 21:46:33: [boss_selection.smx] 이 클라이언트는 0의 대기포인트를 저장해놓은 상태.
L 04/26/2016 - 21:46:33: [boss_selection.smx] 이 클라이언트는 0의 대기포인트를 저장해놓은 상태.
L 04/26/2016 - 21:46:33: [boss_selection.smx] 이 클라이언트는 0의 대기포인트를 저장해놓은 상태.
L 04/26/2016 - 21:46:33: [boss_selection.smx] 이 클라이언트는 0의 대기포인트를 저장해놓은 상태.
L 04/26/2016 - 21:46:33: [boss_selection.smx] 이 클라이언트는 0의 대기포인트를 저장해놓은 상태.
L 04/26/2016 - 21:46:33: [boss_selection.smx] 이 클라이언트는 0의 대기포인트를 저장해놓은 상태.
L 04/26/2016 - 21:46:33: [boss_selection.smx] 이 클라이언트는 0의 대기포인트를 저장해놓은 상태.
L 04/26/2016 - 21:46:33: [boss_selection.smx] 이 클라이언트는 0의 대기포인트를 저장해놓은 상태.
L 04/26/2016 - 21:46:33: [boss_selection.smx] 이 클라이언트는 0의 대기포인트를 저장해놓은 상태.
L 04/26/2016 - 21:46:45: [fuckingloser.smx] 라운드 시작.
L 04/26/2016 - 21:52:05: [boss_selection.smx] 이 클라이언트는 0의 대기포인트를 저장해놓은 상태.
L 04/26/2016 - 21:52:05: [boss_selection.smx] 이 클라이언트는 0의 대기포인트를 저장해놓은 상태.
L 04/26/2016 - 21:52:05: [boss_selection.smx] 이 클라이언트는 0의 대기포인트를 저장해놓은 상태.
L 04/26/2016 - 21:52:05: [boss_selection.smx] 이 클라이언트는 0의 대기포인트를 저장해놓은 상태.
L 04/26/2016 - 21:52:05: [boss_selection.smx] 이 클라이언트는 0의 대기포인트를 저장해놓은 상태.
L 04/26/2016 - 21:52:05: [boss_selection.smx] 이 클라이언트는 0의 대기포인트를 저장해놓은 상태.
L 04/26/2016 - 21:52:05: [boss_selection.smx] 이 클라이언트는 0의 대기포인트를 저장해놓은 상태.
L 04/26/2016 - 21:52:05: [boss_selection.smx] 이 클라이언트는 0의 대기포인트를 저장해놓은 상태.
L 04/26/2016 - 21:52:05: [boss_selection.smx] 이 클라이언트는 0의 대기포인트를 저장해놓은 상태.
L 04/26/2016 - 21:52:05: [boss_selection.smx] 이 클라이언트는 0의 대기포인트를 저장해놓은 상태.
L 04/26/2016 - 21:52:05: [boss_selection.smx] 이 클라이언트는 0의 대기포인트를 저장해놓은 상태.
L 04/26/2016 - 21:52:17: [fuckingloser.smx] 라운드 시작.
L 04/26/2016 - 21:53:47: [boss_selection.smx] 
L 04/26/2016 - 21:56:37: [boss_selection.smx] 이 클라이언트는 0의 대기포인트를 저장해놓은 상태.
L 04/26/2016 - 21:56:37: [boss_selection.smx] 이 클라이언트는 0의 대기포인트를 저장해놓은 상태.
L 04/26/2016 - 21:56:37: [boss_selection.smx] 이 클라이언트는 0의 대기포인트를 저장해놓은 상태.
L 04/26/2016 - 21:56:37: [boss_selection.smx] 이 클라이언트는 0의 대기포인트를 저장해놓은 상태.
L 04/26/2016 - 21:56:37: [boss_selection.smx] 이 클라이언트는 0의 대기포인트를 저장해놓은 상태.
L 04/26/2016 - 21:56:37: [boss_selection.smx] 이 클라이언트는 0의 대기포인트를 저장해놓은 상태.
L 04/26/2016 - 21:56:37: [boss_selection.smx] 이 클라이언트는 0의 대기포인트를 저장해놓은 상태.
L 04/26/2016 - 21:56:37: [boss_selection.smx] 이 클라이언트는 0의 대기포인트를 저장해놓은 상태.
L 04/26/2016 - 21:56:37: [boss_selection.smx] 이 클라이언트는 0의 대기포인트를 저장해놓은 상태.
L 04/26/2016 - 21:56:37: [boss_selection.smx] 이 클라이언트는 0의 대기포인트를 저장해놓은 상태.
L 04/26/2016 - 21:56:37: [boss_selection.smx] 이 클라이언트는 0의 대기포인트를 저장해놓은 상태.
L 04/26/2016 - 21:56:49: [fuckingloser.smx] 라운드 시작.
L 04/26/2016 - 21:57:11: [playercommands.smx] "Nopied◎<2><[U:1:103205717]><>" slayed "0<32><BOT><>"
L 04/26/2016 - 21:57:14: [boss_selection.smx] 이 클라이언트는 0의 대기포인트를 저장해놓은 상태.
L 04/26/2016 - 21:57:14: [boss_selection.smx] 이 클라이언트는 0의 대기포인트를 저장해놓은 상태.
L 04/26/2016 - 21:57:14: [boss_selection.smx] 이 클라이언트는 0의 대기포인트를 저장해놓은 상태.
L 04/26/2016 - 21:57:14: [boss_selection.smx] 이 클라이언트는 0의 대기포인트를 저장해놓은 상태.
L 04/26/2016 - 21:57:14: [boss_selection.smx] 이 클라이언트는 0의 대기포인트를 저장해놓은 상태.
L 04/26/2016 - 21:57:14: [boss_selection.smx] 이 클라이언트는 0의 대기포인트를 저장해놓은 상태.
L 04/26/2016 - 21:57:14: [boss_selection.smx] 이 클라이언트는 0의 대기포인트를 저장해놓은 상태.
L 04/26/2016 - 21:57:14: [boss_selection.smx] 이 클라이언트는 0의 대기포인트를 저장해놓은 상태.
L 04/26/2016 - 21:57:14: [boss_selection.smx] 이 클라이언트는 0의 대기포인트를 저장해놓은 상태.
L 04/26/2016 - 21:57:14: [boss_selection.smx] 이 클라이언트는 0의 대기포인트를 저장해놓은 상태.
L 04/26/2016 - 21:57:26: [fuckingloser.smx] 라운드 시작.
L 04/26/2016 - 21:59:50: [playercommands.smx] "Nopied◎<2><[U:1:103205717]><>" slapped "Rimuru Temfest<3><[U:1:76700589]><>" (damage "5")
L 04/26/2016 - 21:59:53: [playercommands.smx] "Nopied◎<2><[U:1:103205717]><>" slapped "Rimuru Temfest<3><[U:1:76700589]><>" (damage "1")
L 04/26/2016 - 21:59:54: [playercommands.smx] "Nopied◎<2><[U:1:103205717]><>" slapped "Rimuru Temfest<3><[U:1:76700589]><>" (damage "1")
L 04/26/2016 - 22:00:13: [boss_selection.smx] 이 클라이언트는 0의 대기포인트를 저장해놓은 상태.
L 04/26/2016 - 22:00:13: [boss_selection.smx] 이 클라이언트는 0의 대기포인트를 저장해놓은 상태.
L 04/26/2016 - 22:00:13: [boss_selection.smx] 이 클라이언트는 0의 대기포인트를 저장해놓은 상태.
L 04/26/2016 - 22:00:13: [boss_selection.smx] 이 클라이언트는 0의 대기포인트를 저장해놓은 상태.
L 04/26/2016 - 22:00:13: [boss_selection.smx] 이 클라이언트는 0의 대기포인트를 저장해놓은 상태.
L 04/26/2016 - 22:00:13: [boss_selection.smx] 이 클라이언트는 0의 대기포인트를 저장해놓은 상태.
L 04/26/2016 - 22:00:13: [boss_selection.smx] 이 클라이언트는 0의 대기포인트를 저장해놓은 상태.
L 04/26/2016 - 22:00:13: [boss_selection.smx] 이 클라이언트는 0의 대기포인트를 저장해놓은 상태.
L 04/26/2016 - 22:00:13: [boss_selection.smx] 이 클라이언트는 0의 대기포인트를 저장해놓은 상태.
L 04/26/2016 - 22:00:13: [boss_selection.smx] 이 클라이언트는 0의 대기포인트를 저장해놓은 상태.
L 04/26/2016 - 22:00:13: [boss_selection.smx] 이 클라이언트는 0의 대기포인트를 저장해놓은 상태.
L 04/26/2016 - 22:00:25: [fuckingloser.smx] 라운드 시작.
L 04/26/2016 - 22:02:36: [boss_selection.smx] 이 클라이언트는 0의 대기포인트를 저장해놓은 상태.
L 04/26/2016 - 22:02:36: [boss_selection.smx] 이 클라이언트는 0의 대기포인트를 저장해놓은 상태.
L 04/26/2016 - 22:02:36: [boss_selection.smx] 이 클라이언트는 0의 대기포인트를 저장해놓은 상태.
L 04/26/2016 - 22:02:36: [boss_selection.smx] 이 클라이언트는 0의 대기포인트를 저장해놓은 상태.
L 04/26/2016 - 22:02:36: [boss_selection.smx] 이 클라이언트는 0의 대기포인트를 저장해놓은 상태.
L 04/26/2016 - 22:02:36: [boss_selection.smx] 이 클라이언트는 0의 대기포인트를 저장해놓은 상태.
L 04/26/2016 - 22:02:36: [boss_selection.smx] 이 클라이언트는 0의 대기포인트를 저장해놓은 상태.
L 04/26/2016 - 22:02:36: [boss_selection.smx] 이 클라이언트는 0의 대기포인트를 저장해놓은 상태.
L 04/26/2016 - 22:02:36: [boss_selection.smx] 이 클라이언트는 0의 대기포인트를 저장해놓은 상태.
L 04/26/2016 - 22:02:36: [boss_selection.smx] 이 클라이언트는 0의 대기포인트를 저장해놓은 상태.
L 04/26/2016 - 22:02:36: [boss_selection.smx] 이 클라이언트는 0의 대기포인트를 저장해놓은 상태.
L 04/26/2016 - 22:02:48: [fuckingloser.smx] 라운드 시작.
L 04/26/2016 - 22:05:09: [boss_selection.smx] 이 클라이언트는 0의 대기포인트를 저장해놓은 상태.
L 04/26/2016 - 22:05:09: [boss_selection.smx] 이 클라이언트는 0의 대기포인트를 저장해놓은 상태.
L 04/26/2016 - 22:05:09: [boss_selection.smx] 이 클라이언트는 0의 대기포인트를 저장해놓은 상태.
L 04/26/2016 - 22:05:09: [boss_selection.smx] 이 클라이언트는 0의 대기포인트를 저장해놓은 상태.
L 04/26/2016 - 22:05:09: [boss_selection.smx] 이 클라이언트는 0의 대기포인트를 저장해놓은 상태.
L 04/26/2016 - 22:05:09: [boss_selection.smx] 이 클라이언트는 0의 대기포인트를 저장해놓은 상태.
L 04/26/2016 - 22:05:09: [boss_selection.smx] 이 클라이언트는 0의 대기포인트를 저장해놓은 상태.
L 04/26/2016 - 22:05:09: [boss_selection.smx] 이 클라이언트는 0의 대기포인트를 저장해놓은 상태.
L 04/26/2016 - 22:05:09: [boss_selection.smx] 이 클라이언트는 0의 대기포인트를 저장해놓은 상태.
L 04/26/2016 - 22:05:09: [boss_selection.smx] 이 클라이언트는 0의 대기포인트를 저장해놓은 상태.
L 04/26/2016 - 22:05:09: [boss_selection.smx] 이 클라이언트는 0의 대기포인트를 저장해놓은 상태.
L 04/26/2016 - 22:05:21: [fuckingloser.smx] 라운드 시작.
L 04/26/2016 - 22:08:29: [funcommands.smx] "Nopied◎<2><[U:1:103205717]><>" froze "나는 브로니다! :)<4><[U:1:150941697]><>"
L 04/26/2016 - 22:08:39: [funcommands.smx] "Nopied◎<2><[U:1:103205717]><>" set a TimeBomb on "나는 브로니다!(작다)<19><[U:1:209760731]><>"
L 04/26/2016 - 22:08:52: [boss_selection.smx] 이 클라이언트는 0의 대기포인트를 저장해놓은 상태.
L 04/26/2016 - 22:08:52: [boss_selection.smx] 이 클라이언트는 0의 대기포인트를 저장해놓은 상태.
L 04/26/2016 - 22:08:52: [boss_selection.smx] 이 클라이언트는 0의 대기포인트를 저장해놓은 상태.
L 04/26/2016 - 22:08:52: [boss_selection.smx] 이 클라이언트는 0의 대기포인트를 저장해놓은 상태.
L 04/26/2016 - 22:08:52: [boss_selection.smx] 이 클라이언트는 0의 대기포인트를 저장해놓은 상태.
L 04/26/2016 - 22:08:52: [boss_selection.smx] 이 클라이언트는 0의 대기포인트를 저장해놓은 상태.
L 04/26/2016 - 22:08:52: [boss_selection.smx] 이 클라이언트는 0의 대기포인트를 저장해놓은 상태.
L 04/26/2016 - 22:08:52: [boss_selection.smx] 이 클라이언트는 0의 대기포인트를 저장해놓은 상태.
L 04/26/2016 - 22:08:52: [boss_selection.smx] 이 클라이언트는 0의 대기포인트를 저장해놓은 상태.
L 04/26/2016 - 22:08:52: [boss_selection.smx] 이 클라이언트는 0의 대기포인트를 저장해놓은 상태.
L 04/26/2016 - 22:08:52: [boss_selection.smx] 이 클라이언트는 0의 대기포인트를 저장해놓은 상태.
L 04/26/2016 - 22:09:04: [fuckingloser.smx] 라운드 시작.
L 04/26/2016 - 22:09:29: [playercommands.smx] "Nopied◎<2><[U:1:103205717]><>" slayed "나는 브로니다! :)<4><[U:1:150941697]><>"
L 04/26/2016 - 22:09:29: [playercommands.smx] "Nopied◎<2><[U:1:103205717]><>" slayed "[F]dwgwjw1024[PFBT]<5><[U:1:159644927]><>"
L 04/26/2016 - 22:09:29: [playercommands.smx] "Nopied◎<2><[U:1:103205717]><>" slayed "BeepBeepBoop<22><BOT><>"
L 04/26/2016 - 22:09:29: [playercommands.smx] "Nopied◎<2><[U:1:103205717]><>" slayed "CreditToTeam<23><BOT><>"
L 04/26/2016 - 22:09:29: [playercommands.smx] "Nopied◎<2><[U:1:103205717]><>" slayed "Someone Else<24><BOT><>"
L 04/26/2016 - 22:09:29: [playercommands.smx] "Nopied◎<2><[U:1:103205717]><>" slayed "Dog<25><BOT><>"
L 04/26/2016 - 22:09:29: [playercommands.smx] "Nopied◎<2><[U:1:103205717]><>" slayed "AmNot<26><BOT><>"
L 04/26/2016 - 22:09:29: [playercommands.smx] "Nopied◎<2><[U:1:103205717]><>" slayed "HI THERE<27><BOT><>"
L 04/26/2016 - 22:09:29: [playercommands.smx] "Nopied◎<2><[U:1:103205717]><>" slayed "GLaDOS<28><BOT><>"
L 04/26/2016 - 22:09:29: [playercommands.smx] "Nopied◎<2><[U:1:103205717]><>" slayed "Headful of Eyeballs<29><BOT><>"
L 04/26/2016 - 22:09:29: [playercommands.smx] "Nopied◎<2><[U:1:103205717]><>" slayed "Aperture Science Prototype XR7<30><BOT><>"
L 04/26/2016 - 22:09:29: [playercommands.smx] "Nopied◎<2><[U:1:103205717]><>" slayed "AimBot<31><BOT><>"
L 04/26/2016 - 22:09:29: [playercommands.smx] "Nopied◎<2><[U:1:103205717]><>" slayed "나는 브로니다!(작다)<19><[U:1:209760731]><>"
L 04/26/2016 - 22:09:29: [playercommands.smx] "Nopied◎<2><[U:1:103205717]><>" slayed "GO mediseun<20><[U:1:61271689]><>"
L 04/26/2016 - 22:09:29: [playercommands.smx] "Nopied◎<2><[U:1:103205717]><>" slayed "0<32><BOT><>"
L 04/26/2016 - 22:09:32: [boss_selection.smx] 이 클라이언트는 0의 대기포인트를 저장해놓은 상태.
L 04/26/2016 - 22:09:32: [boss_selection.smx] 이 클라이언트는 0의 대기포인트를 저장해놓은 상태.
L 04/26/2016 - 22:09:32: [boss_selection.smx] 이 클라이언트는 0의 대기포인트를 저장해놓은 상태.
L 04/26/2016 - 22:09:32: [boss_selection.smx] 이 클라이언트는 0의 대기포인트를 저장해놓은 상태.
L 04/26/2016 - 22:09:32: [boss_selection.smx] 이 클라이언트는 0의 대기포인트를 저장해놓은 상태.
L 04/26/2016 - 22:09:32: [boss_selection.smx] 이 클라이언트는 0의 대기포인트를 저장해놓은 상태.
L 04/26/2016 - 22:09:32: [boss_selection.smx] 이 클라이언트는 0의 대기포인트를 저장해놓은 상태.
L 04/26/2016 - 22:09:32: [boss_selection.smx] 이 클라이언트는 0의 대기포인트를 저장해놓은 상태.
L 04/26/2016 - 22:09:32: [boss_selection.smx] 이 클라이언트는 0의 대기포인트를 저장해놓은 상태.
L 04/26/2016 - 22:09:32: [boss_selection.smx] 이 클라이언트는 0의 대기포인트를 저장해놓은 상태.
L 04/26/2016 - 22:09:32: [boss_selection.smx] 이 클라이언트는 0의 대기포인트를 저장해놓은 상태.
L 04/26/2016 - 22:09:33: [playercommands.smx] "Nopied◎<2><[U:1:103205717]><>" slayed "Nopied◎<2><[U:1:103205717]><>"
L 04/26/2016 - 22:09:43: [basecommands.smx] "Nopied◎<2><[U:1:103205717]><>" kicked "나는 브로니다! :)<4><[U:1:150941697]><>" (reason "")
L 04/26/2016 - 22:09:43: [basecommands.smx] "Nopied◎<2><[U:1:103205717]><>" kicked "[F]dwgwjw1024[PFBT]<5><[U:1:159644927]><>" (reason "")
L 04/26/2016 - 22:09:43: [basecommands.smx] "Nopied◎<2><[U:1:103205717]><>" kicked "BeepBeepBoop<22><BOT><>" (reason "")
L 04/26/2016 - 22:09:43: [basecommands.smx] "Nopied◎<2><[U:1:103205717]><>" kicked "CreditToTeam<23><BOT><>" (reason "")
L 04/26/2016 - 22:09:43: [basecommands.smx] "Nopied◎<2><[U:1:103205717]><>" kicked "Someone Else<24><BOT><>" (reason "")
L 04/26/2016 - 22:09:43: [basecommands.smx] "Nopied◎<2><[U:1:103205717]><>" kicked "Dog<25><BOT><>" (reason "")
L 04/26/2016 - 22:09:43: [basecommands.smx] "Nopied◎<2><[U:1:103205717]><>" kicked "AmNot<26><BOT><>" (reason "")
L 04/26/2016 - 22:09:43: [basecommands.smx] "Nopied◎<2><[U:1:103205717]><>" kicked "HI THERE<27><BOT><>" (reason "")
L 04/26/2016 - 22:09:43: [basecommands.smx] "Nopied◎<2><[U:1:103205717]><>" kicked "GLaDOS<28><BOT><>" (reason "")
L 04/26/2016 - 22:09:43: [basecommands.smx] "Nopied◎<2><[U:1:103205717]><>" kicked "Headful of Eyeballs<29><BOT><>" (reason "")
L 04/26/2016 - 22:09:43: [basecommands.smx] "Nopied◎<2><[U:1:103205717]><>" kicked "Aperture Science Prototype XR7<30><BOT><>" (reason "")
L 04/26/2016 - 22:09:43: [basecommands.smx] "Nopied◎<2><[U:1:103205717]><>" kicked "AimBot<31><BOT><>" (reason "")
L 04/26/2016 - 22:09:43: [basecommands.smx] "Nopied◎<2><[U:1:103205717]><>" kicked "나는 브로니다!(작다)<19><[U:1:209760731]><>" (reason "")
L 04/26/2016 - 22:09:43: [basecommands.smx] "Nopied◎<2><[U:1:103205717]><>" kicked "GO mediseun<20><[U:1:61271689]><>" (reason "")
L 04/26/2016 - 22:09:43: [basecommands.smx] "Nopied◎<2><[U:1:103205717]><>" kicked "0<32><BOT><>" (reason "")
L 04/26/2016 - 22:09:43: [basecommands.smx] "Nopied◎<2><[U:1:103205717]><>" kicked "Nopied◎<2><[U:1:103205717]><>" (reason "")
L 04/26/2016 - 22:09:44: [fuckingloser.smx] 라운드 시작.
L 04/26/2016 - 22:09:51: Log file closed.
