L 04/05/2016 - 21:07:24: SourceMod log file session started (file "L20160405.log") (Version "1.7.3-dev+5298")
L 04/05/2016 - 21:07:24: -------- Mapchange to arena_badlands --------
L 04/05/2016 - 21:07:25: [TF2ITEMS] "GiveNamedItem" offset = 472
L 04/05/2016 - 21:07:26: [Boss Selection.smx] [FF2boss] Added chat command: ff2boss
L 04/05/2016 - 21:07:26: [Boss Selection.smx] [FF2boss] Added chat command: boss
L 04/05/2016 - 21:07:26: [Boss Selection.smx] [FF2boss] Added chat command: ë³´ìŠ¤
L 04/05/2016 - 21:07:26: [Boss Selection.smx] [FF2boss] Added chat command: ë³´ìŠ¤ì„ íƒ
L 04/05/2016 - 21:07:26: [custompart.smx] Debug for CustomPart
L 04/05/2016 - 21:07:26: [freak_fortress_2.smx] ===Freak Fortress 2 Initializing-v1.10.9 Beta (build manual)===
L 04/05/2016 - 21:07:39: [Boss Selection.smx] [FF2boss] Added chat command: ff2boss
L 04/05/2016 - 21:07:39: [Boss Selection.smx] [FF2boss] Added chat command: boss
L 04/05/2016 - 21:07:39: [Boss Selection.smx] [FF2boss] Added chat command: ë³´ìŠ¤
L 04/05/2016 - 21:07:39: [Boss Selection.smx] [FF2boss] Added chat command: ë³´ìŠ¤ì„ íƒ
L 04/05/2016 - 21:08:51: [Boss Selection.smx] ì„ íƒí•œ ë³´ìŠ¤ ì´ë¦„: Freddy Krueger
L 04/05/2016 - 21:22:02: Log file closed.
L 04/05/2016 - 21:22:13: SourceMod log file session started (file "L20160405.log") (Version "1.7.3-dev+5298")
L 04/05/2016 - 21:22:13: -------- Mapchange to arena_badlands --------
L 04/05/2016 - 21:22:13: [TF2ITEMS] "GiveNamedItem" offset = 472
L 04/05/2016 - 21:22:14: [Boss Selection.smx] [FF2boss] Added chat command: ff2boss
L 04/05/2016 - 21:22:14: [Boss Selection.smx] [FF2boss] Added chat command: boss
L 04/05/2016 - 21:22:14: [Boss Selection.smx] [FF2boss] Added chat command: ë³´ìŠ¤
L 04/05/2016 - 21:22:14: [Boss Selection.smx] [FF2boss] Added chat command: ë³´ìŠ¤ì„ íƒ
L 04/05/2016 - 21:22:14: [custompart.smx] Debug for CustomPart
L 04/05/2016 - 21:22:14: [freak_fortress_2.smx] ===Freak Fortress 2 Initializing-v1.10.9 Beta (build manual)===
L 04/05/2016 - 21:22:25: [Boss Selection.smx] [FF2boss] Added chat command: ff2boss
L 04/05/2016 - 21:22:25: [Boss Selection.smx] [FF2boss] Added chat command: boss
L 04/05/2016 - 21:22:25: [Boss Selection.smx] [FF2boss] Added chat command: ë³´ìŠ¤
L 04/05/2016 - 21:22:25: [Boss Selection.smx] [FF2boss] Added chat command: ë³´ìŠ¤ì„ íƒ
L 04/05/2016 - 21:23:21: [Boss Selection.smx] ì„ íƒí•œ ë³´ìŠ¤ ì´ë¦„: Horseless Headless Horsemann Jr.
L 04/05/2016 - 21:25:30: -------- Mapchange to arena_badlands --------
L 04/05/2016 - 21:25:36: [Boss Selection.smx] [FF2boss] Added chat command: ff2boss
L 04/05/2016 - 21:25:36: [Boss Selection.smx] [FF2boss] Added chat command: boss
L 04/05/2016 - 21:25:36: [Boss Selection.smx] [FF2boss] Added chat command: ë³´ìŠ¤
L 04/05/2016 - 21:25:36: [Boss Selection.smx] [FF2boss] Added chat command: ë³´ìŠ¤ì„ íƒ
L 04/05/2016 - 21:31:57: [Boss Selection.smx] ì„ íƒí•œ ë³´ìŠ¤ ì´ë¦„: Freddy Krueger
L 04/05/2016 - 21:34:22: [Boss Selection.smx] ì„ íƒí•œ ë³´ìŠ¤ ì´ë¦„: Easter Bunny
L 04/05/2016 - 21:41:16: [Boss Selection.smx] ì„ íƒí•œ ë³´ìŠ¤ ì´ë¦„: Ninja Spy
L 04/05/2016 - 21:41:22: [Boss Selection.smx] ì„ íƒí•œ ë³´ìŠ¤ ì´ë¦„: GentleSpy
L 04/05/2016 - 21:45:10: [Boss Selection.smx] ì„ íƒí•œ ë³´ìŠ¤ ì´ë¦„: Demopan
L 04/05/2016 - 21:46:00: [basecommands.smx] "Nopiedâ—<5><[U:1:103205717]><>" kicked "í›„ì™€ì™€ (ì‘ë‹¤)<6><[U:1:209760731]><>" (reason "ì¥ë§‰ì„ ë“¤ì¶”ê³  ì„œë²„ì— ë“¤ì–´ì™”ì§€ë§Œ.. ê·¸ ê³³ì—” ì˜¤ì")
L 04/05/2016 - 21:46:00: [basecommands.smx] "Nopiedâ—<5><[U:1:103205717]><>" kicked "í‹°ë²³ì—¬ìš°<7><[U:1:171130010]><>" (reason "ì¥ë§‰ì„ ë“¤ì¶”ê³  ì„œë²„ì— ë“¤ì–´ì™”ì§€ë§Œ.. ê·¸ ê³³ì—” ì˜¤ì")
L 04/05/2016 - 21:46:00: [basecommands.smx] "Nopiedâ—<5><[U:1:103205717]><>" kicked "Î”<8><[U:1:168642180]><>" (reason "ì¥ë§‰ì„ ë“¤ì¶”ê³  ì„œë²„ì— ë“¤ì–´ì™”ì§€ë§Œ.. ê·¸ ê³³ì—” ì˜¤ì")
L 04/05/2016 - 21:46:00: [basecommands.smx] "Nopiedâ—<5><[U:1:103205717]><>" kicked "Nopiedâ—<5><[U:1:103205717]><>" (reason "ì¥ë§‰ì„ ë“¤ì¶”ê³  ì„œë²„ì— ë“¤ì–´ì™”ì§€ë§Œ.. ê·¸ ê³³ì—” ì˜¤ì")
L 04/05/2016 - 21:46:10: Log file closed.
L 04/05/2016 - 22:51:48: SourceMod log file session started (file "L20160405.log") (Version "1.7.3-dev+5298")
L 04/05/2016 - 22:51:48: -------- Mapchange to arena_badlands --------
L 04/05/2016 - 22:51:48: [TF2ITEMS] "GiveNamedItem" offset = 472
L 04/05/2016 - 22:51:50: [Boss Selection.smx] [FF2boss] Added chat command: ff2boss
L 04/05/2016 - 22:51:50: [Boss Selection.smx] [FF2boss] Added chat command: boss
L 04/05/2016 - 22:51:50: [Boss Selection.smx] [FF2boss] Added chat command: ë³´ìŠ¤
L 04/05/2016 - 22:51:50: [Boss Selection.smx] [FF2boss] Added chat command: ë³´ìŠ¤ì„ íƒ
L 04/05/2016 - 22:51:50: [custompart.smx] Debug for CustomPart
L 04/05/2016 - 22:51:50: [freak_fortress_2.smx] ===Freak Fortress 2 Initializing-v1.10.9 Beta (build manual)===
L 04/05/2016 - 22:52:04: [Boss Selection.smx] [FF2boss] Added chat command: ff2boss
L 04/05/2016 - 22:52:04: [Boss Selection.smx] [FF2boss] Added chat command: boss
L 04/05/2016 - 22:52:04: [Boss Selection.smx] [FF2boss] Added chat command: ë³´ìŠ¤
L 04/05/2016 - 22:52:04: [Boss Selection.smx] [FF2boss] Added chat command: ë³´ìŠ¤ì„ íƒ
L 04/05/2016 - 23:06:55: Log file closed.
L 04/05/2016 - 23:07:05: SourceMod log file session started (file "L20160405.log") (Version "1.7.3-dev+5298")
L 04/05/2016 - 23:07:05: -------- Mapchange to arena_badlands --------
L 04/05/2016 - 23:07:05: [TF2ITEMS] "GiveNamedItem" offset = 472
L 04/05/2016 - 23:07:06: [Boss Selection.smx] [FF2boss] Added chat command: ff2boss
L 04/05/2016 - 23:07:06: [Boss Selection.smx] [FF2boss] Added chat command: boss
L 04/05/2016 - 23:07:06: [Boss Selection.smx] [FF2boss] Added chat command: ë³´ìŠ¤
L 04/05/2016 - 23:07:06: [Boss Selection.smx] [FF2boss] Added chat command: ë³´ìŠ¤ì„ íƒ
L 04/05/2016 - 23:07:06: [custompart.smx] Debug for CustomPart
L 04/05/2016 - 23:07:06: [freak_fortress_2.smx] ===Freak Fortress 2 Initializing-v1.10.9 Beta (build manual)===
L 04/05/2016 - 23:07:17: [Boss Selection.smx] [FF2boss] Added chat command: ff2boss
L 04/05/2016 - 23:07:17: [Boss Selection.smx] [FF2boss] Added chat command: boss
L 04/05/2016 - 23:07:17: [Boss Selection.smx] [FF2boss] Added chat command: ë³´ìŠ¤
L 04/05/2016 - 23:07:17: [Boss Selection.smx] [FF2boss] Added chat command: ë³´ìŠ¤ì„ íƒ
L 04/05/2016 - 23:11:14: Log file closed.
