L 05/27/2016 - 21:28:44: SourceMod log file session started (file "L20160527.log") (Version "1.7.3-dev+5298")
L 05/27/2016 - 21:28:44: -------- Mapchange to vsh_apg_v2 --------
L 05/27/2016 - 21:28:44: [TF2ITEMS] "GiveNamedItem" offset = 472
L 05/27/2016 - 21:28:46: [boss_selection.smx] [FF2boss] Added chat command: ff2boss
L 05/27/2016 - 21:28:46: [boss_selection.smx] [FF2boss] Added chat command: boss
L 05/27/2016 - 21:28:46: [boss_selection.smx] [FF2boss] Added chat command: 보스
L 05/27/2016 - 21:28:46: [boss_selection.smx] [FF2boss] Added chat command: 보스선택
L 05/27/2016 - 21:28:46: [custompart.smx] Debug for CustomPart
L 05/27/2016 - 21:28:46: [freak_fortress_2.smx] ===Freak Fortress 2 Initializing-v1.10.10 Beta===
L 05/27/2016 - 21:29:00: [boss_selection.smx] [FF2boss] Added chat command: ff2boss
L 05/27/2016 - 21:29:00: [boss_selection.smx] [FF2boss] Added chat command: boss
L 05/27/2016 - 21:29:00: [boss_selection.smx] [FF2boss] Added chat command: 보스
L 05/27/2016 - 21:29:00: [boss_selection.smx] [FF2boss] Added chat command: 보스선택
L 05/27/2016 - 21:29:00: [UPDATER] Successfully updated gamedata file "sdktools.games/engine.insurgency.txt"
L 05/27/2016 - 21:29:00: [UPDATER] SourceMod has been updated, please reload it or restart your server.
L 05/27/2016 - 21:32:56: [boss_selection.smx] -1
L 05/27/2016 - 21:34:05: [boss_selection.smx] -1
L 05/27/2016 - 21:34:10: [boss_selection.smx] -1
L 05/27/2016 - 21:35:15: [boss_selection.smx] -1
L 05/27/2016 - 21:35:33: [boss_selection.smx] -1
L 05/27/2016 - 21:36:35: [boss_selection.smx] -1
L 05/27/2016 - 21:39:14: [playercommands.smx] "Nopied◎<2><[U:1:103205717]><>" slayed "Nopied◎<2><[U:1:103205717]><>"
L 05/27/2016 - 21:44:16: [boss_selection.smx] -1
L 05/27/2016 - 21:45:37: [playercommands.smx] "Nopied◎<2><[U:1:103205717]><>" slayed "DandA1025<7><[U:1:150941697]><>"
L 05/27/2016 - 21:49:21: [boss_selection.smx] -1
L 05/27/2016 - 21:51:58: [playercommands.smx] "Nopied◎<2><[U:1:103205717]><>" slayed "MAGGOTS!<5><[U:1:295769887]><>"
L 05/27/2016 - 21:54:21: [playercommands.smx] "Nopied◎<2><[U:1:103205717]><>" slayed "GO mediseun (자연산)<3><[U:1:61271689]><>"
L 05/27/2016 - 21:54:46: [freaks\halloween_2014.ff2] Selected 2 by Key: special_greyalien
L 05/27/2016 - 22:01:25: [boss_selection.smx] -1
L 05/27/2016 - 22:04:57: [boss_selection.smx] -1
L 05/27/2016 - 22:08:57: [boss_selection.smx] -1
L 05/27/2016 - 22:09:51: [basecommands.smx] "Nopied◎<2><[U:1:103205717]><>" changed map to "vsh_rooftop_b2"
L 05/27/2016 - 22:09:54: [SM] Changed map to "vsh_rooftop_b2"
L 05/27/2016 - 22:09:55: -------- Mapchange to vsh_rooftop_b2 --------
L 05/27/2016 - 22:10:03: [boss_selection.smx] [FF2boss] Added chat command: ff2boss
L 05/27/2016 - 22:10:03: [boss_selection.smx] [FF2boss] Added chat command: boss
L 05/27/2016 - 22:10:03: [boss_selection.smx] [FF2boss] Added chat command: 보스
L 05/27/2016 - 22:10:03: [boss_selection.smx] [FF2boss] Added chat command: 보스선택
L 05/27/2016 - 22:10:11: [boss_selection.smx] -1
L 05/27/2016 - 22:11:25: [boss_selection.smx] -1
L 05/27/2016 - 22:11:29: [boss_selection.smx] -1
L 05/27/2016 - 22:11:40: [boss_selection.smx] -1
L 05/27/2016 - 22:11:40: [boss_selection.smx] -1
L 05/27/2016 - 22:11:46: [freaks\halloween_2014.ff2] Selected 2 by Key: special_greyalien
L 05/27/2016 - 22:11:50: [boss_selection.smx] -1
L 05/27/2016 - 22:12:04: [boss_selection.smx] -1
L 05/27/2016 - 22:12:37: [boss_selection.smx] -1
L 05/27/2016 - 22:14:05: [boss_selection.smx] -1
L 05/27/2016 - 22:16:31: [boss_selection.smx] -1
L 05/27/2016 - 22:17:36: [funcommands.smx] "Nopied◎<2><[U:1:103205717]><>" set a TimeBomb on "♪(*´∀｀)(작다)<6><[U:1:209760731]><>"
L 05/27/2016 - 22:17:38: [funcommands.smx] "Nopied◎<2><[U:1:103205717]><>" removed a TimeBomb on "♪(*´∀｀)(작다)<6><[U:1:209760731]><>"
L 05/27/2016 - 22:17:40: [funcommands.smx] "Nopied◎<2><[U:1:103205717]><>" set a TimeBomb on "チベト狐<14><[U:1:171130010]><>"
L 05/27/2016 - 22:17:41: [boss_selection.smx] -1
L 05/27/2016 - 22:17:45: [funcommands.smx] "Nopied◎<2><[U:1:103205717]><>" removed a TimeBomb on "チベト狐<14><[U:1:171130010]><>"
L 05/27/2016 - 22:17:50: [funcommands.smx] "Nopied◎<2><[U:1:103205717]><>" set a TimeBomb on "Nopied◎<2><[U:1:103205717]><>"
L 05/27/2016 - 22:17:51: [funcommands.smx] "Nopied◎<2><[U:1:103205717]><>" removed a TimeBomb on "Nopied◎<2><[U:1:103205717]><>"
L 05/27/2016 - 22:17:52: [funcommands.smx] "Nopied◎<2><[U:1:103205717]><>" set a TimeBomb on "DandA1025<7><[U:1:150941697]><>"
L 05/27/2016 - 22:17:53: [funcommands.smx] "Nopied◎<2><[U:1:103205717]><>" set a TimeBomb on "Nopied◎<2><[U:1:103205717]><>"
L 05/27/2016 - 22:17:54: [funcommands.smx] "Nopied◎<2><[U:1:103205717]><>" removed a TimeBomb on "DandA1025<7><[U:1:150941697]><>"
L 05/27/2016 - 22:17:54: [funcommands.smx] "Nopied◎<2><[U:1:103205717]><>" removed a TimeBomb on "Nopied◎<2><[U:1:103205717]><>"
L 05/27/2016 - 22:18:00: [funcommands.smx] "Nopied◎<2><[U:1:103205717]><>" set a TimeBomb on "Nopied◎<2><[U:1:103205717]><>"
L 05/27/2016 - 22:24:35: [freaks\halloween_2014.ff2] Selected 2 by Key: special_greyalien
L 05/27/2016 - 22:37:41: [boss_selection.smx] 
L 05/27/2016 - 22:44:46: [basecommands.smx] "Nopied◎<2><[U:1:103205717]><>" kicked "GO mediseun (자연산)<3><[U:1:61271689]><>" (reason "멀록")
L 05/27/2016 - 22:44:46: [basecommands.smx] "Nopied◎<2><[U:1:103205717]><>" kicked "MAGGOTS!<18><[U:1:295769887]><>" (reason "멀록")
L 05/27/2016 - 22:44:46: [basecommands.smx] "Nopied◎<2><[U:1:103205717]><>" kicked "♪(*´∀｀)(작다)<6><[U:1:209760731]><>" (reason "멀록")
L 05/27/2016 - 22:44:46: [basecommands.smx] "Nopied◎<2><[U:1:103205717]><>" kicked "DandA1025<7><[U:1:150941697]><>" (reason "멀록")
L 05/27/2016 - 22:44:46: [basecommands.smx] "Nopied◎<2><[U:1:103205717]><>" kicked "[F]sakldkzldxjep<10><[U:1:159644927]><>" (reason "멀록")
L 05/27/2016 - 22:44:46: [basecommands.smx] "Nopied◎<2><[U:1:103205717]><>" kicked "チベト狐<14><[U:1:171130010]><>" (reason "멀록")
L 05/27/2016 - 22:44:46: [basecommands.smx] "Nopied◎<2><[U:1:103205717]><>" kicked "Nopied◎<2><[U:1:103205717]><>" (reason "멀록")
L 05/27/2016 - 22:44:53: Log file closed.
