L 04/22/2016 - 19:13:48: SourceMod log file session started (file "L20160422.log") (Version "1.7.3-dev+5298")
L 04/22/2016 - 19:13:48: -------- Mapchange to vsh_apg_v2 --------
L 04/22/2016 - 19:13:48: [TF2ITEMS] "GiveNamedItem" offset = 472
L 04/22/2016 - 19:13:50: [Boss Selection.smx] [FF2boss] Added chat command: ff2boss
L 04/22/2016 - 19:13:50: [Boss Selection.smx] [FF2boss] Added chat command: boss
L 04/22/2016 - 19:13:50: [Boss Selection.smx] [FF2boss] Added chat command: 보스
L 04/22/2016 - 19:13:50: [Boss Selection.smx] [FF2boss] Added chat command: 보스선택
L 04/22/2016 - 19:13:50: [custompart.smx] Debug for CustomPart
L 04/22/2016 - 19:13:50: [freak_fortress_2.smx] ===Freak Fortress 2 Initializing-v1.10.9 Beta (build manual)===
L 04/22/2016 - 19:14:04: [Boss Selection.smx] [FF2boss] Added chat command: ff2boss
L 04/22/2016 - 19:14:04: [Boss Selection.smx] [FF2boss] Added chat command: boss
L 04/22/2016 - 19:14:04: [Boss Selection.smx] [FF2boss] Added chat command: 보스
L 04/22/2016 - 19:14:04: [Boss Selection.smx] [FF2boss] Added chat command: 보스선택
L 04/22/2016 - 19:23:40: Log file closed.
L 04/22/2016 - 19:51:15: SourceMod log file session started (file "L20160422.log") (Version "1.7.3-dev+5298")
L 04/22/2016 - 19:51:15: -------- Mapchange to vsh_apg_v2 --------
L 04/22/2016 - 19:51:15: [TF2ITEMS] "GiveNamedItem" offset = 472
L 04/22/2016 - 19:51:17: [Boss Selection.smx] [FF2boss] Added chat command: ff2boss
L 04/22/2016 - 19:51:17: [Boss Selection.smx] [FF2boss] Added chat command: boss
L 04/22/2016 - 19:51:17: [Boss Selection.smx] [FF2boss] Added chat command: 보스
L 04/22/2016 - 19:51:17: [Boss Selection.smx] [FF2boss] Added chat command: 보스선택
L 04/22/2016 - 19:51:17: [custompart.smx] Debug for CustomPart
L 04/22/2016 - 19:51:17: [freak_fortress_2.smx] ===Freak Fortress 2 Initializing-v1.10.9 Beta (build manual)===
L 04/22/2016 - 19:51:30: [Boss Selection.smx] [FF2boss] Added chat command: ff2boss
L 04/22/2016 - 19:51:30: [Boss Selection.smx] [FF2boss] Added chat command: boss
L 04/22/2016 - 19:51:30: [Boss Selection.smx] [FF2boss] Added chat command: 보스
L 04/22/2016 - 19:51:30: [Boss Selection.smx] [FF2boss] Added chat command: 보스선택
L 04/22/2016 - 20:02:18: [playercommands.smx] "Nopied◎<2><[U:1:103205717]><>" slayed "Nopied◎<2><[U:1:103205717]><>"
L 04/22/2016 - 20:02:19: [playercommands.smx] "Nopied◎<2><[U:1:103205717]><>" slayed "Bot01<3><BOT><>"
L 04/22/2016 - 20:02:19: [playercommands.smx] "Nopied◎<2><[U:1:103205717]><>" slayed "Bot02<4><BOT><>"
L 04/22/2016 - 20:02:19: [playercommands.smx] "Nopied◎<2><[U:1:103205717]><>" slayed "Bot03<5><BOT><>"
L 04/22/2016 - 20:02:19: [playercommands.smx] "Nopied◎<2><[U:1:103205717]><>" slayed "Bot04<6><BOT><>"
L 04/22/2016 - 20:02:19: [playercommands.smx] "Nopied◎<2><[U:1:103205717]><>" slayed "Bot05<7><BOT><>"
L 04/22/2016 - 20:02:19: [playercommands.smx] "Nopied◎<2><[U:1:103205717]><>" slayed "Bot06<8><BOT><>"
L 04/22/2016 - 20:10:42: [playercommands.smx] "Nopied◎<2><[U:1:103205717]><>" slayed "Nopied◎<2><[U:1:103205717]><>"
L 04/22/2016 - 20:10:42: [playercommands.smx] "Nopied◎<2><[U:1:103205717]><>" slayed "Bot01<3><BOT><>"
L 04/22/2016 - 20:10:42: [playercommands.smx] "Nopied◎<2><[U:1:103205717]><>" slayed "Bot02<4><BOT><>"
L 04/22/2016 - 20:10:42: [playercommands.smx] "Nopied◎<2><[U:1:103205717]><>" slayed "Bot03<5><BOT><>"
L 04/22/2016 - 20:10:42: [playercommands.smx] "Nopied◎<2><[U:1:103205717]><>" slayed "Bot04<6><BOT><>"
L 04/22/2016 - 20:10:42: [playercommands.smx] "Nopied◎<2><[U:1:103205717]><>" slayed "Bot05<7><BOT><>"
L 04/22/2016 - 20:10:42: [playercommands.smx] "Nopied◎<2><[U:1:103205717]><>" slayed "Bot06<8><BOT><>"
L 04/22/2016 - 20:10:42: [playercommands.smx] "Nopied◎<2><[U:1:103205717]><>" slayed "나는 브로니다!<11><[U:1:150941697]><>"
L 04/22/2016 - 20:10:45: [Boss Selection.smx] 이 클라이언트는 0의 대기포인트를 저장해놓은 상태.
L 04/22/2016 - 20:15:42: [playercommands.smx] "Nopied◎<2><[U:1:103205717]><>" slayed "Nopied◎<2><[U:1:103205717]><>"
L 04/22/2016 - 20:15:42: [playercommands.smx] "Nopied◎<2><[U:1:103205717]><>" slayed "Bot01<3><BOT><>"
L 04/22/2016 - 20:15:42: [playercommands.smx] "Nopied◎<2><[U:1:103205717]><>" slayed "Bot02<4><BOT><>"
L 04/22/2016 - 20:15:42: [playercommands.smx] "Nopied◎<2><[U:1:103205717]><>" slayed "Bot03<5><BOT><>"
L 04/22/2016 - 20:15:42: [playercommands.smx] "Nopied◎<2><[U:1:103205717]><>" slayed "Bot04<6><BOT><>"
L 04/22/2016 - 20:15:42: [playercommands.smx] "Nopied◎<2><[U:1:103205717]><>" slayed "Bot05<7><BOT><>"
L 04/22/2016 - 20:15:42: [playercommands.smx] "Nopied◎<2><[U:1:103205717]><>" slayed "Bot06<8><BOT><>"
L 04/22/2016 - 20:15:42: [playercommands.smx] "Nopied◎<2><[U:1:103205717]><>" slayed "Agent 47<10><[U:1:115826286]><>"
L 04/22/2016 - 20:15:46: [Boss Selection.smx] 이 클라이언트는 0의 대기포인트를 저장해놓은 상태.
L 04/22/2016 - 20:18:04: [playercommands.smx] "Nopied◎<2><[U:1:103205717]><>" slayed "Nopied◎<2><[U:1:103205717]><>"
L 04/22/2016 - 20:18:04: [playercommands.smx] "Nopied◎<2><[U:1:103205717]><>" slayed "Agent 47<10><[U:1:115826286]><>"
L 04/22/2016 - 20:18:04: [playercommands.smx] "Nopied◎<2><[U:1:103205717]><>" slayed "나는 브로니다!<11><[U:1:150941697]><>"
L 04/22/2016 - 20:18:07: [Boss Selection.smx] 이 클라이언트는 0의 대기포인트를 저장해놓은 상태.
L 04/22/2016 - 20:18:10: Log file closed.
L 04/22/2016 - 20:18:22: SourceMod log file session started (file "L20160422.log") (Version "1.7.3-dev+5298")
L 04/22/2016 - 20:18:22: -------- Mapchange to vsh_apg_v2 --------
L 04/22/2016 - 20:18:22: [TF2ITEMS] "GiveNamedItem" offset = 472
L 04/22/2016 - 20:18:23: [Boss Selection.smx] [FF2boss] Added chat command: ff2boss
L 04/22/2016 - 20:18:23: [Boss Selection.smx] [FF2boss] Added chat command: boss
L 04/22/2016 - 20:18:23: [Boss Selection.smx] [FF2boss] Added chat command: 보스
L 04/22/2016 - 20:18:23: [Boss Selection.smx] [FF2boss] Added chat command: 보스선택
L 04/22/2016 - 20:18:23: [custompart.smx] Debug for CustomPart
L 04/22/2016 - 20:18:23: [freak_fortress_2.smx] ===Freak Fortress 2 Initializing-v1.10.9 Beta (build manual)===
L 04/22/2016 - 20:18:34: [Boss Selection.smx] [FF2boss] Added chat command: ff2boss
L 04/22/2016 - 20:18:34: [Boss Selection.smx] [FF2boss] Added chat command: boss
L 04/22/2016 - 20:18:34: [Boss Selection.smx] [FF2boss] Added chat command: 보스
L 04/22/2016 - 20:18:34: [Boss Selection.smx] [FF2boss] Added chat command: 보스선택
L 04/22/2016 - 20:27:37: SourceMod log file session started (file "L20160422.log") (Version "1.7.3-dev+5298")
L 04/22/2016 - 20:27:37: -------- Mapchange to vsh_apg_v2 --------
L 04/22/2016 - 20:27:37: [TF2ITEMS] "GiveNamedItem" offset = 472
L 04/22/2016 - 20:27:37: [Boss Selection.smx] [FF2boss] Added chat command: ff2boss
L 04/22/2016 - 20:27:37: [Boss Selection.smx] [FF2boss] Added chat command: boss
L 04/22/2016 - 20:27:37: [Boss Selection.smx] [FF2boss] Added chat command: 보스
L 04/22/2016 - 20:27:37: [Boss Selection.smx] [FF2boss] Added chat command: 보스선택
L 04/22/2016 - 20:27:37: [custompart.smx] Debug for CustomPart
L 04/22/2016 - 20:27:37: [freak_fortress_2.smx] ===Freak Fortress 2 Initializing-v1.10.9 Beta (build manual)===
L 04/22/2016 - 20:27:48: [Boss Selection.smx] [FF2boss] Added chat command: ff2boss
L 04/22/2016 - 20:27:48: [Boss Selection.smx] [FF2boss] Added chat command: boss
L 04/22/2016 - 20:27:48: [Boss Selection.smx] [FF2boss] Added chat command: 보스
L 04/22/2016 - 20:27:48: [Boss Selection.smx] [FF2boss] Added chat command: 보스선택
L 04/22/2016 - 20:32:56: [playercommands.smx] "Nopied◎<2><[U:1:103205717]><>" slayed "Nopied◎<2><[U:1:103205717]><>"
L 04/22/2016 - 20:32:56: [playercommands.smx] "Nopied◎<2><[U:1:103205717]><>" slayed "나는 브로니다!<5><[U:1:150941697]><>"
L 04/22/2016 - 20:33:54: [playercommands.smx] "Nopied◎<2><[U:1:103205717]><>" slayed "나는 브로니다!<5><[U:1:150941697]><>"
L 04/22/2016 - 20:33:54: [playercommands.smx] "Nopied◎<2><[U:1:103205717]><>" slayed "GO mediseun<6><[U:1:61271689]><>"
L 04/22/2016 - 20:39:09: [Boss Selection.smx] 이 클라이언트는 0의 대기포인트를 저장해놓은 상태.
L 04/22/2016 - 20:40:08: [Boss Selection.smx] 이 클라이언트는 0의 대기포인트를 저장해놓은 상태.
L 04/22/2016 - 20:41:41: [Boss Selection.smx] 이 클라이언트는 0의 대기포인트를 저장해놓은 상태.
L 04/22/2016 - 20:42:16: [playercommands.smx] "Nopied◎<2><[U:1:103205717]><>" slayed "Nopied◎<2><[U:1:103205717]><>"
L 04/22/2016 - 20:42:19: [Boss Selection.smx] 이 클라이언트는 0의 대기포인트를 저장해놓은 상태.
L 04/22/2016 - 20:46:57: [basecommands.smx] "Nopied◎<2><[U:1:103205717]><>" kicked "나는 브로니다!<9><[U:1:150941697]><>" (reason "멀록")
L 04/22/2016 - 20:46:57: [basecommands.smx] "Nopied◎<2><[U:1:103205717]><>" kicked "GO mediseun<8><[U:1:61271689]><>" (reason "멀록")
L 04/22/2016 - 20:46:57: [basecommands.smx] "Nopied◎<2><[U:1:103205717]><>" kicked "Nopied◎<2><[U:1:103205717]><>" (reason "멀록")
L 04/22/2016 - 20:47:03: Log file closed.
