L 04/17/2016 - 22:01:31: SourceMod log file session started (file "L20160417.log") (Version "1.7.3-dev+5298")
L 04/17/2016 - 22:01:31: -------- Mapchange to arena_badlands --------
L 04/17/2016 - 22:01:32: [TF2ITEMS] "GiveNamedItem" offset = 472
L 04/17/2016 - 22:01:34: [Boss Selection.smx] [FF2boss] Added chat command: ff2boss
L 04/17/2016 - 22:01:34: [Boss Selection.smx] [FF2boss] Added chat command: boss
L 04/17/2016 - 22:01:34: [Boss Selection.smx] [FF2boss] Added chat command: 보스
L 04/17/2016 - 22:01:34: [Boss Selection.smx] [FF2boss] Added chat command: 보스선택
L 04/17/2016 - 22:01:34: [custompart.smx] Debug for CustomPart
L 04/17/2016 - 22:01:34: [freak_fortress_2.smx] ===Freak Fortress 2 Initializing-v1.10.9 Beta (build manual)===
L 04/17/2016 - 22:01:46: [Boss Selection.smx] [FF2boss] Added chat command: ff2boss
L 04/17/2016 - 22:01:47: [Boss Selection.smx] [FF2boss] Added chat command: boss
L 04/17/2016 - 22:01:47: [Boss Selection.smx] [FF2boss] Added chat command: 보스
L 04/17/2016 - 22:01:47: [Boss Selection.smx] [FF2boss] Added chat command: 보스선택
L 04/17/2016 - 22:09:25: -------- Mapchange to arena_nucleus --------
L 04/17/2016 - 22:09:31: [Boss Selection.smx] [FF2boss] Added chat command: ff2boss
L 04/17/2016 - 22:09:31: [Boss Selection.smx] [FF2boss] Added chat command: boss
L 04/17/2016 - 22:09:31: [Boss Selection.smx] [FF2boss] Added chat command: 보스
L 04/17/2016 - 22:09:31: [Boss Selection.smx] [FF2boss] Added chat command: 보스선택
L 04/17/2016 - 22:10:38: -------- Mapchange to arena_badlands --------
L 04/17/2016 - 22:10:38: [Boss Selection.smx] [FF2boss] Added chat command: ff2boss
L 04/17/2016 - 22:10:38: [Boss Selection.smx] [FF2boss] Added chat command: boss
L 04/17/2016 - 22:10:38: [Boss Selection.smx] [FF2boss] Added chat command: 보스
L 04/17/2016 - 22:10:38: [Boss Selection.smx] [FF2boss] Added chat command: 보스선택
L 04/17/2016 - 22:10:38: [freak_fortress_2.smx] ===Freak Fortress 2 Initializing-v1.10.9 Beta (build manual)===
L 04/17/2016 - 22:10:43: [Boss Selection.smx] [FF2boss] Added chat command: ff2boss
L 04/17/2016 - 22:10:43: [Boss Selection.smx] [FF2boss] Added chat command: boss
L 04/17/2016 - 22:10:43: [Boss Selection.smx] [FF2boss] Added chat command: 보스
L 04/17/2016 - 22:10:43: [Boss Selection.smx] [FF2boss] Added chat command: 보스선택
L 04/17/2016 - 22:15:37: [Boss Selection.smx] 이 클라이언트는 0의 대기포인트를 저장해놓은 상태.
L 04/17/2016 - 22:17:28: [freak_fortress_2.smx] "Nopied◎<10><[U:1:103205717]><>" added 123 queue points to "Nopied◎<10><[U:1:103205717]><>"
L 04/17/2016 - 22:22:34: [Boss Selection.smx] 이 클라이언트는 0의 대기포인트를 저장해놓은 상태.
L 04/17/2016 - 22:22:34: [Boss Selection.smx] 이 클라이언트는 0의 대기포인트를 저장해놓은 상태.
L 04/17/2016 - 22:24:46: [Boss Selection.smx] 이 클라이언트는 0의 대기포인트를 저장해놓은 상태.
L 04/17/2016 - 22:28:24: [Boss Selection.smx] 이 클라이언트는 0의 대기포인트를 저장해놓은 상태.
L 04/17/2016 - 22:28:24: [Boss Selection.smx] 이 클라이언트는 0의 대기포인트를 저장해놓은 상태.
L 04/17/2016 - 22:28:24: [Boss Selection.smx] 이 클라이언트는 0의 대기포인트를 저장해놓은 상태.
L 04/17/2016 - 22:31:39: [Boss Selection.smx] 이 클라이언트는 0의 대기포인트를 저장해놓은 상태.
L 04/17/2016 - 22:31:39: [Boss Selection.smx] 이 클라이언트는 0의 대기포인트를 저장해놓은 상태.
L 04/17/2016 - 22:31:39: [Boss Selection.smx] 이 클라이언트는 0의 대기포인트를 저장해놓은 상태.
L 04/17/2016 - 22:31:53: [freak_fortress_2.smx] "Nopied◎<10><[U:1:103205717]><>" added 1234 queue points to "Nopied◎<10><[U:1:103205717]><>"
L 04/17/2016 - 22:41:59: [playercommands.smx] "Nopied◎<10><[U:1:103205717]><>" slayed "(1)나는 브로니다!<16><[U:1:209760731]><>"
L 04/17/2016 - 22:41:59: [playercommands.smx] "Nopied◎<10><[U:1:103205717]><>" slayed "나는 브로니다! 으아아<17><[U:1:224567350]><>"
L 04/17/2016 - 22:42:02: [Boss Selection.smx] 이 클라이언트는 0의 대기포인트를 저장해놓은 상태.
L 04/17/2016 - 22:42:02: [Boss Selection.smx] 이 클라이언트는 0의 대기포인트를 저장해놓은 상태.
L 04/17/2016 - 22:42:02: [Boss Selection.smx] 이 클라이언트는 0의 대기포인트를 저장해놓은 상태.
L 04/17/2016 - 22:44:54: [playercommands.smx] "Nopied◎<10><[U:1:103205717]><>" slayed "Nopied◎<10><[U:1:103205717]><>"
L 04/17/2016 - 22:44:54: [playercommands.smx] "Nopied◎<10><[U:1:103205717]><>" slayed "나는 브로니다!<11><[U:1:150941697]><>"
L 04/17/2016 - 22:44:54: [playercommands.smx] "Nopied◎<10><[U:1:103205717]><>" slayed "Rimuru Temfest<12><[U:1:76700589]><>"
L 04/17/2016 - 22:44:54: [playercommands.smx] "Nopied◎<10><[U:1:103205717]><>" slayed "[KOR]dwgwjw1024[PFBT]<19><[U:1:159644927]><>"
L 04/17/2016 - 22:44:54: [playercommands.smx] "Nopied◎<10><[U:1:103205717]><>" slayed "(1)나는 브로니다!<16><[U:1:209760731]><>"
L 04/17/2016 - 22:44:54: [playercommands.smx] "Nopied◎<10><[U:1:103205717]><>" slayed "나는 브로니다! 으아아<17><[U:1:224567350]><>"
L 04/17/2016 - 22:44:54: [playercommands.smx] "Nopied◎<10><[U:1:103205717]><>" slayed "깜찍이 ♥ @ _ @<21><[U:1:108655766]><>"
L 04/17/2016 - 22:44:57: [Boss Selection.smx] 이 클라이언트는 0의 대기포인트를 저장해놓은 상태.
L 04/17/2016 - 22:44:57: [Boss Selection.smx] 이 클라이언트는 0의 대기포인트를 저장해놓은 상태.
L 04/17/2016 - 22:44:57: [Boss Selection.smx] 이 클라이언트는 0의 대기포인트를 저장해놓은 상태.
L 04/17/2016 - 22:48:29: [Boss Selection.smx] 이 클라이언트는 0의 대기포인트를 저장해놓은 상태.
L 04/17/2016 - 22:48:29: [Boss Selection.smx] 이 클라이언트는 0의 대기포인트를 저장해놓은 상태.
L 04/17/2016 - 22:48:29: [Boss Selection.smx] 이 클라이언트는 0의 대기포인트를 저장해놓은 상태.
L 04/17/2016 - 22:48:51: [SM] Changed map to "koth_nucleus"
L 04/17/2016 - 22:48:53: -------- Mapchange to koth_nucleus --------
L 04/17/2016 - 22:48:55: [Boss Selection.smx] [FF2boss] Added chat command: ff2boss
L 04/17/2016 - 22:48:55: [Boss Selection.smx] [FF2boss] Added chat command: boss
L 04/17/2016 - 22:48:55: [Boss Selection.smx] [FF2boss] Added chat command: 보스
L 04/17/2016 - 22:48:55: [Boss Selection.smx] [FF2boss] Added chat command: 보스선택
L 04/17/2016 - 22:48:55: [freak_fortress_2.smx] ===Freak Fortress 2 Initializing-v1.10.9 Beta (build manual)===
L 04/17/2016 - 22:49:00: [Boss Selection.smx] [FF2boss] Added chat command: ff2boss
L 04/17/2016 - 22:49:00: [Boss Selection.smx] [FF2boss] Added chat command: boss
L 04/17/2016 - 22:49:00: [Boss Selection.smx] [FF2boss] Added chat command: 보스
L 04/17/2016 - 22:49:00: [Boss Selection.smx] [FF2boss] Added chat command: 보스선택
L 04/17/2016 - 22:49:26: -------- Mapchange to arena_nucleus --------
L 04/17/2016 - 22:49:31: [Boss Selection.smx] [FF2boss] Added chat command: ff2boss
L 04/17/2016 - 22:49:31: [Boss Selection.smx] [FF2boss] Added chat command: boss
L 04/17/2016 - 22:49:31: [Boss Selection.smx] [FF2boss] Added chat command: 보스
L 04/17/2016 - 22:49:31: [Boss Selection.smx] [FF2boss] Added chat command: 보스선택
L 04/17/2016 - 22:50:21: [freak_fortress_2.smx] "Nopied◎<10><[U:1:103205717]><>" added 124 queue points to "Nopied◎<10><[U:1:103205717]><>"
L 04/17/2016 - 22:51:35: [Boss Selection.smx] 이 클라이언트는 0의 대기포인트를 저장해놓은 상태.
L 04/17/2016 - 22:51:35: [Boss Selection.smx] 이 클라이언트는 20의 대기포인트를 저장해놓은 상태.
L 04/17/2016 - 22:57:06: [playercommands.smx] "Nopied◎<10><[U:1:103205717]><>" slapped "나는 브로니다! 으아아<17><[U:1:224567350]><>" (damage "1")
L 04/17/2016 - 22:57:06: [playercommands.smx] "Nopied◎<10><[U:1:103205717]><>" slapped "나는 브로니다! 으아아<17><[U:1:224567350]><>" (damage "1")
L 04/17/2016 - 22:57:07: [playercommands.smx] "Nopied◎<10><[U:1:103205717]><>" slapped "나는 브로니다! 으아아<17><[U:1:224567350]><>" (damage "1")
L 04/17/2016 - 22:57:07: [playercommands.smx] "Nopied◎<10><[U:1:103205717]><>" slapped "나는 브로니다! 으아아<17><[U:1:224567350]><>" (damage "1")
L 04/17/2016 - 22:57:07: [playercommands.smx] "Nopied◎<10><[U:1:103205717]><>" slapped "나는 브로니다! 으아아<17><[U:1:224567350]><>" (damage "1")
L 04/17/2016 - 22:57:07: [playercommands.smx] "Nopied◎<10><[U:1:103205717]><>" slapped "나는 브로니다! 으아아<17><[U:1:224567350]><>" (damage "1")
L 04/17/2016 - 22:57:07: [playercommands.smx] "Nopied◎<10><[U:1:103205717]><>" slapped "나는 브로니다! 으아아<17><[U:1:224567350]><>" (damage "1")
L 04/17/2016 - 22:57:08: [playercommands.smx] "Nopied◎<10><[U:1:103205717]><>" slapped "나는 브로니다! 으아아<17><[U:1:224567350]><>" (damage "1")
L 04/17/2016 - 22:57:08: [playercommands.smx] "Nopied◎<10><[U:1:103205717]><>" slapped "나는 브로니다! 으아아<17><[U:1:224567350]><>" (damage "1")
L 04/17/2016 - 22:57:08: [playercommands.smx] "Nopied◎<10><[U:1:103205717]><>" slapped "나는 브로니다! 으아아<17><[U:1:224567350]><>" (damage "1")
L 04/17/2016 - 22:57:08: [playercommands.smx] "Nopied◎<10><[U:1:103205717]><>" slapped "나는 브로니다! 으아아<17><[U:1:224567350]><>" (damage "1")
L 04/17/2016 - 22:57:08: [playercommands.smx] "Nopied◎<10><[U:1:103205717]><>" slapped "나는 브로니다! 으아아<17><[U:1:224567350]><>" (damage "1")
L 04/17/2016 - 22:57:09: [playercommands.smx] "Nopied◎<10><[U:1:103205717]><>" slapped "나는 브로니다! 으아아<17><[U:1:224567350]><>" (damage "1")
L 04/17/2016 - 22:57:09: [playercommands.smx] "Nopied◎<10><[U:1:103205717]><>" slapped "나는 브로니다! 으아아<17><[U:1:224567350]><>" (damage "1")
L 04/17/2016 - 22:57:09: [playercommands.smx] "Nopied◎<10><[U:1:103205717]><>" slapped "나는 브로니다! 으아아<17><[U:1:224567350]><>" (damage "1")
L 04/17/2016 - 22:57:09: [playercommands.smx] "Nopied◎<10><[U:1:103205717]><>" slapped "나는 브로니다! 으아아<17><[U:1:224567350]><>" (damage "1")
L 04/17/2016 - 22:57:09: [playercommands.smx] "Nopied◎<10><[U:1:103205717]><>" slapped "나는 브로니다! 으아아<17><[U:1:224567350]><>" (damage "1")
L 04/17/2016 - 22:57:09: [playercommands.smx] "Nopied◎<10><[U:1:103205717]><>" slapped "나는 브로니다! 으아아<17><[U:1:224567350]><>" (damage "1")
L 04/17/2016 - 22:57:10: [playercommands.smx] "Nopied◎<10><[U:1:103205717]><>" slapped "나는 브로니다! 으아아<17><[U:1:224567350]><>" (damage "1")
L 04/17/2016 - 22:57:10: [playercommands.smx] "Nopied◎<10><[U:1:103205717]><>" slapped "나는 브로니다! 으아아<17><[U:1:224567350]><>" (damage "1")
L 04/17/2016 - 22:57:10: [playercommands.smx] "Nopied◎<10><[U:1:103205717]><>" slapped "나는 브로니다! 으아아<17><[U:1:224567350]><>" (damage "1")
L 04/17/2016 - 22:57:10: [playercommands.smx] "Nopied◎<10><[U:1:103205717]><>" slapped "나는 브로니다! 으아아<17><[U:1:224567350]><>" (damage "1")
L 04/17/2016 - 22:57:10: [playercommands.smx] "Nopied◎<10><[U:1:103205717]><>" slapped "나는 브로니다! 으아아<17><[U:1:224567350]><>" (damage "1")
L 04/17/2016 - 22:57:11: [playercommands.smx] "Nopied◎<10><[U:1:103205717]><>" slapped "나는 브로니다! 으아아<17><[U:1:224567350]><>" (damage "1")
L 04/17/2016 - 22:57:11: [playercommands.smx] "Nopied◎<10><[U:1:103205717]><>" slapped "나는 브로니다! 으아아<17><[U:1:224567350]><>" (damage "1")
L 04/17/2016 - 22:57:11: [playercommands.smx] "Nopied◎<10><[U:1:103205717]><>" slapped "나는 브로니다! 으아아<17><[U:1:224567350]><>" (damage "1")
L 04/17/2016 - 22:58:02: [playercommands.smx] "Nopied◎<10><[U:1:103205717]><>" slapped "(1)나는 브로니다!<16><[U:1:209760731]><>" (damage "1")
L 04/17/2016 - 22:58:02: [playercommands.smx] "Nopied◎<10><[U:1:103205717]><>" slapped "(1)나는 브로니다!<16><[U:1:209760731]><>" (damage "1")
L 04/17/2016 - 22:58:02: [playercommands.smx] "Nopied◎<10><[U:1:103205717]><>" slapped "(1)나는 브로니다!<16><[U:1:209760731]><>" (damage "1")
L 04/17/2016 - 22:58:02: [playercommands.smx] "Nopied◎<10><[U:1:103205717]><>" slapped "(1)나는 브로니다!<16><[U:1:209760731]><>" (damage "1")
L 04/17/2016 - 22:58:02: [playercommands.smx] "Nopied◎<10><[U:1:103205717]><>" slapped "(1)나는 브로니다!<16><[U:1:209760731]><>" (damage "1")
L 04/17/2016 - 22:58:02: [Boss Selection.smx] 이 클라이언트는 0의 대기포인트를 저장해놓은 상태.
L 04/17/2016 - 22:58:02: [Boss Selection.smx] 이 클라이언트는 20의 대기포인트를 저장해놓은 상태.
L 04/17/2016 - 22:58:03: [playercommands.smx] "Nopied◎<10><[U:1:103205717]><>" slapped "(1)나는 브로니다!<16><[U:1:209760731]><>" (damage "1")
L 04/17/2016 - 22:58:03: [playercommands.smx] "Nopied◎<10><[U:1:103205717]><>" slapped "(1)나는 브로니다!<16><[U:1:209760731]><>" (damage "1")
L 04/17/2016 - 22:58:03: [playercommands.smx] "Nopied◎<10><[U:1:103205717]><>" slapped "(1)나는 브로니다!<16><[U:1:209760731]><>" (damage "1")
L 04/17/2016 - 22:58:03: [playercommands.smx] "Nopied◎<10><[U:1:103205717]><>" slapped "(1)나는 브로니다!<16><[U:1:209760731]><>" (damage "1")
L 04/17/2016 - 22:58:03: [playercommands.smx] "Nopied◎<10><[U:1:103205717]><>" slapped "(1)나는 브로니다!<16><[U:1:209760731]><>" (damage "1")
L 04/17/2016 - 22:58:03: [playercommands.smx] "Nopied◎<10><[U:1:103205717]><>" slapped "(1)나는 브로니다!<16><[U:1:209760731]><>" (damage "1")
L 04/17/2016 - 22:58:04: [playercommands.smx] "Nopied◎<10><[U:1:103205717]><>" slapped "(1)나는 브로니다!<16><[U:1:209760731]><>" (damage "1")
L 04/17/2016 - 22:58:04: [playercommands.smx] "Nopied◎<10><[U:1:103205717]><>" slapped "(1)나는 브로니다!<16><[U:1:209760731]><>" (damage "1")
L 04/17/2016 - 22:58:04: [playercommands.smx] "Nopied◎<10><[U:1:103205717]><>" slapped "(1)나는 브로니다!<16><[U:1:209760731]><>" (damage "1")
L 04/17/2016 - 22:58:04: [playercommands.smx] "Nopied◎<10><[U:1:103205717]><>" slapped "(1)나는 브로니다!<16><[U:1:209760731]><>" (damage "1")
L 04/17/2016 - 22:58:04: [playercommands.smx] "Nopied◎<10><[U:1:103205717]><>" slapped "(1)나는 브로니다!<16><[U:1:209760731]><>" (damage "1")
L 04/17/2016 - 23:00:56: [Boss Selection.smx] 이 클라이언트는 0의 대기포인트를 저장해놓은 상태.
L 04/17/2016 - 23:00:56: [Boss Selection.smx] 이 클라이언트는 20의 대기포인트를 저장해놓은 상태.
L 04/17/2016 - 23:02:38: [Boss Selection.smx] 이 클라이언트는 0의 대기포인트를 저장해놓은 상태.
L 04/17/2016 - 23:02:38: [Boss Selection.smx] 이 클라이언트는 20의 대기포인트를 저장해놓은 상태.
L 04/17/2016 - 23:09:23: [Boss Selection.smx] 이 클라이언트는 0의 대기포인트를 저장해놓은 상태.
L 04/17/2016 - 23:09:23: [Boss Selection.smx] 이 클라이언트는 20의 대기포인트를 저장해놓은 상태.
L 04/17/2016 - 23:09:56: [Boss Selection.smx] 이 클라이언트는 0의 대기포인트를 저장해놓은 상태.
L 04/17/2016 - 23:09:56: [Boss Selection.smx] 이 클라이언트는 20의 대기포인트를 저장해놓은 상태.
L 04/17/2016 - 23:12:19: [Boss Selection.smx] 이 클라이언트는 0의 대기포인트를 저장해놓은 상태.
L 04/17/2016 - 23:12:19: [Boss Selection.smx] 이 클라이언트는 20의 대기포인트를 저장해놓은 상태.
L 04/17/2016 - 23:12:28: [freak_fortress_2.smx] "Nopied◎<10><[U:1:103205717]><>" added 123 queue points to "Nopied◎<10><[U:1:103205717]><>"
L 04/17/2016 - 23:13:05: [Boss Selection.smx] 이 클라이언트는 0의 대기포인트를 저장해놓은 상태.
L 04/17/2016 - 23:13:05: [Boss Selection.smx] 이 클라이언트는 20의 대기포인트를 저장해놓은 상태.
L 04/17/2016 - 23:13:12: [freak_fortress_2.smx] "Nopied◎<10><[U:1:103205717]><>" added 124 queue points to "Nopied◎<10><[U:1:103205717]><>"
L 04/17/2016 - 23:15:12: [Boss Selection.smx] 이 클라이언트는 0의 대기포인트를 저장해놓은 상태.
L 04/17/2016 - 23:15:12: [Boss Selection.smx] 이 클라이언트는 20의 대기포인트를 저장해놓은 상태.
L 04/17/2016 - 23:15:32: Log file closed.
