L 04/24/2016 - 12:16:51: SourceMod log file session started (file "L20160424.log") (Version "1.7.3-dev+5298")
L 04/24/2016 - 12:16:51: -------- Mapchange to vsh_apg_v2 --------
L 04/24/2016 - 12:16:51: [TF2ITEMS] "GiveNamedItem" offset = 472
L 04/24/2016 - 12:16:53: [Boss Selection.smx] [FF2boss] Added chat command: ff2boss
L 04/24/2016 - 12:16:53: [Boss Selection.smx] [FF2boss] Added chat command: boss
L 04/24/2016 - 12:16:53: [Boss Selection.smx] [FF2boss] Added chat command: 보스
L 04/24/2016 - 12:16:53: [Boss Selection.smx] [FF2boss] Added chat command: 보스선택
L 04/24/2016 - 12:16:53: [custompart.smx] Debug for CustomPart
L 04/24/2016 - 12:16:53: [freak_fortress_2.smx] ===Freak Fortress 2 Initializing-v1.10.9 Beta (build manual)===
L 04/24/2016 - 12:17:06: [Boss Selection.smx] [FF2boss] Added chat command: ff2boss
L 04/24/2016 - 12:17:06: [Boss Selection.smx] [FF2boss] Added chat command: boss
L 04/24/2016 - 12:17:06: [Boss Selection.smx] [FF2boss] Added chat command: 보스
L 04/24/2016 - 12:17:06: [Boss Selection.smx] [FF2boss] Added chat command: 보스선택
L 04/24/2016 - 12:21:46: [playercommands.smx] "Nopied◎<2><[U:1:103205717]><>" slayed "Bot01<3><BOT><>"
L 04/24/2016 - 12:21:46: [playercommands.smx] "Nopied◎<2><[U:1:103205717]><>" slayed "Bot02<4><BOT><>"
L 04/24/2016 - 12:21:46: [playercommands.smx] "Nopied◎<2><[U:1:103205717]><>" slayed "Bot03<5><BOT><>"
L 04/24/2016 - 12:26:51: [playercommands.smx] "Nopied◎<2><[U:1:103205717]><>" slayed "Bot01<3><BOT><>"
L 04/24/2016 - 12:26:51: [playercommands.smx] "Nopied◎<2><[U:1:103205717]><>" slayed "Bot02<4><BOT><>"
L 04/24/2016 - 12:31:07: [playercommands.smx] "Nopied◎<2><[U:1:103205717]><>" slayed "Nopied◎<2><[U:1:103205717]><>"
L 04/24/2016 - 12:39:48: [playercommands.smx] "Nopied◎<2><[U:1:103205717]><>" slayed "Bot01<3><BOT><>"
L 04/24/2016 - 12:39:48: [playercommands.smx] "Nopied◎<2><[U:1:103205717]><>" slayed "Bot02<4><BOT><>"
L 04/24/2016 - 12:39:57: Log file closed.
L 04/24/2016 - 14:18:09: SourceMod log file session started (file "L20160424.log") (Version "1.7.3-dev+5298")
L 04/24/2016 - 14:18:09: -------- Mapchange to vsh_apg_v2 --------
L 04/24/2016 - 14:18:09: [TF2ITEMS] "GiveNamedItem" offset = 472
L 04/24/2016 - 14:18:12: [Boss Selection.smx] [FF2boss] Added chat command: ff2boss
L 04/24/2016 - 14:18:12: [Boss Selection.smx] [FF2boss] Added chat command: boss
L 04/24/2016 - 14:18:12: [Boss Selection.smx] [FF2boss] Added chat command: 보스
L 04/24/2016 - 14:18:12: [Boss Selection.smx] [FF2boss] Added chat command: 보스선택
L 04/24/2016 - 14:18:12: [custompart.smx] Debug for CustomPart
L 04/24/2016 - 14:18:12: [freak_fortress_2.smx] ===Freak Fortress 2 Initializing-v1.10.9 Beta (build manual)===
L 04/24/2016 - 14:18:26: [Boss Selection.smx] [FF2boss] Added chat command: ff2boss
L 04/24/2016 - 14:18:26: [Boss Selection.smx] [FF2boss] Added chat command: boss
L 04/24/2016 - 14:18:26: [Boss Selection.smx] [FF2boss] Added chat command: 보스
L 04/24/2016 - 14:18:26: [Boss Selection.smx] [FF2boss] Added chat command: 보스선택
L 04/24/2016 - 14:39:02: Log file closed.
L 04/24/2016 - 18:48:16: SourceMod log file session started (file "L20160424.log") (Version "1.7.3-dev+5298")
L 04/24/2016 - 18:48:16: -------- Mapchange to vsh_apg_v2 --------
L 04/24/2016 - 18:48:16: [TF2ITEMS] "GiveNamedItem" offset = 472
L 04/24/2016 - 18:48:19: [Boss Selection.smx] [FF2boss] Added chat command: ff2boss
L 04/24/2016 - 18:48:19: [Boss Selection.smx] [FF2boss] Added chat command: boss
L 04/24/2016 - 18:48:19: [Boss Selection.smx] [FF2boss] Added chat command: 보스
L 04/24/2016 - 18:48:19: [Boss Selection.smx] [FF2boss] Added chat command: 보스선택
L 04/24/2016 - 18:48:19: [custompart.smx] Debug for CustomPart
L 04/24/2016 - 18:48:19: [freak_fortress_2.smx] ===Freak Fortress 2 Initializing-v1.10.9 Beta (build manual)===
L 04/24/2016 - 18:48:33: [Boss Selection.smx] [FF2boss] Added chat command: ff2boss
L 04/24/2016 - 18:48:33: [Boss Selection.smx] [FF2boss] Added chat command: boss
L 04/24/2016 - 18:48:33: [Boss Selection.smx] [FF2boss] Added chat command: 보스
L 04/24/2016 - 18:48:33: [Boss Selection.smx] [FF2boss] Added chat command: 보스선택
L 04/24/2016 - 19:27:05: Log file closed.
L 04/24/2016 - 19:33:22: SourceMod log file session started (file "L20160424.log") (Version "1.7.3-dev+5298")
L 04/24/2016 - 19:33:22: -------- Mapchange to vsh_apg_v2 --------
L 04/24/2016 - 19:33:22: [TF2ITEMS] "GiveNamedItem" offset = 472
L 04/24/2016 - 19:33:24: [Boss Selection.smx] [FF2boss] Added chat command: ff2boss
L 04/24/2016 - 19:33:24: [Boss Selection.smx] [FF2boss] Added chat command: boss
L 04/24/2016 - 19:33:24: [Boss Selection.smx] [FF2boss] Added chat command: 보스
L 04/24/2016 - 19:33:24: [Boss Selection.smx] [FF2boss] Added chat command: 보스선택
L 04/24/2016 - 19:33:24: [custompart.smx] Debug for CustomPart
L 04/24/2016 - 19:33:24: [freak_fortress_2.smx] ===Freak Fortress 2 Initializing-v1.10.9 Beta (build manual)===
L 04/24/2016 - 19:33:36: [Boss Selection.smx] [FF2boss] Added chat command: ff2boss
L 04/24/2016 - 19:33:36: [Boss Selection.smx] [FF2boss] Added chat command: boss
L 04/24/2016 - 19:33:36: [Boss Selection.smx] [FF2boss] Added chat command: 보스
L 04/24/2016 - 19:33:36: [Boss Selection.smx] [FF2boss] Added chat command: 보스선택
L 04/24/2016 - 20:05:10: [freak_fortress_2.smx] "Nopied◎<7><[U:1:103205717]><>" added 123 queue points to "Nopied◎<7><[U:1:103205717]><>"
L 04/24/2016 - 20:09:44: [playercommands.smx] "Nopied◎<7><[U:1:103205717]><>" slayed "Bot01<2><BOT><>"
L 04/24/2016 - 20:09:44: [playercommands.smx] "Nopied◎<7><[U:1:103205717]><>" slayed "Bot02<3><BOT><>"
L 04/24/2016 - 20:09:44: [playercommands.smx] "Nopied◎<7><[U:1:103205717]><>" slayed "Bot03<4><BOT><>"
L 04/24/2016 - 20:09:44: [playercommands.smx] "Nopied◎<7><[U:1:103205717]><>" slayed "Bot04<5><BOT><>"
L 04/24/2016 - 20:09:44: [playercommands.smx] "Nopied◎<7><[U:1:103205717]><>" slayed "Bot05<6><BOT><>"
L 04/24/2016 - 20:09:44: [playercommands.smx] "Nopied◎<7><[U:1:103205717]><>" slayed "Nopied◎<7><[U:1:103205717]><>"
L 04/24/2016 - 20:10:15: [playercommands.smx] "Nopied◎<7><[U:1:103205717]><>" slayed "Nopied◎<7><[U:1:103205717]><>"
L 04/24/2016 - 20:10:20: [freak_fortress_2.smx] "Nopied◎<7><[U:1:103205717]><>" added 123 queue points to "Nopied◎<7><[U:1:103205717]><>"
L 04/24/2016 - 20:19:38: [playercommands.smx] "Nopied◎<7><[U:1:103205717]><>" slayed "Bot01<2><BOT><>"
L 04/24/2016 - 20:19:38: [playercommands.smx] "Nopied◎<7><[U:1:103205717]><>" slayed "Bot02<3><BOT><>"
L 04/24/2016 - 20:19:38: [playercommands.smx] "Nopied◎<7><[U:1:103205717]><>" slayed "Bot03<4><BOT><>"
L 04/24/2016 - 20:19:38: [playercommands.smx] "Nopied◎<7><[U:1:103205717]><>" slayed "Bot04<5><BOT><>"
L 04/24/2016 - 20:19:38: [playercommands.smx] "Nopied◎<7><[U:1:103205717]><>" slayed "Bot05<6><BOT><>"
L 04/24/2016 - 20:20:56: Log file closed.
L 04/24/2016 - 20:21:07: SourceMod log file session started (file "L20160424.log") (Version "1.7.3-dev+5298")
L 04/24/2016 - 20:21:07: -------- Mapchange to vsh_apg_v2 --------
L 04/24/2016 - 20:21:07: [TF2ITEMS] "GiveNamedItem" offset = 472
L 04/24/2016 - 20:21:07: [Boss Selection.smx] [FF2boss] Added chat command: ff2boss
L 04/24/2016 - 20:21:07: [Boss Selection.smx] [FF2boss] Added chat command: boss
L 04/24/2016 - 20:21:07: [Boss Selection.smx] [FF2boss] Added chat command: 보스
L 04/24/2016 - 20:21:07: [Boss Selection.smx] [FF2boss] Added chat command: 보스선택
L 04/24/2016 - 20:21:07: [custompart.smx] Debug for CustomPart
L 04/24/2016 - 20:21:07: [freak_fortress_2.smx] ===Freak Fortress 2 Initializing-v1.10.9 Beta (build manual)===
L 04/24/2016 - 20:21:18: [Boss Selection.smx] [FF2boss] Added chat command: ff2boss
L 04/24/2016 - 20:21:18: [Boss Selection.smx] [FF2boss] Added chat command: boss
L 04/24/2016 - 20:21:18: [Boss Selection.smx] [FF2boss] Added chat command: 보스
L 04/24/2016 - 20:21:18: [Boss Selection.smx] [FF2boss] Added chat command: 보스선택
L 04/24/2016 - 20:23:46: [playercommands.smx] "Nopied◎<2><[U:1:103205717]><>" slayed "Nopied◎<2><[U:1:103205717]><>"
L 04/24/2016 - 20:23:46: [playercommands.smx] "Nopied◎<2><[U:1:103205717]><>" slayed "Bot01<3><BOT><>"
L 04/24/2016 - 20:23:46: [playercommands.smx] "Nopied◎<2><[U:1:103205717]><>" slayed "Bot02<4><BOT><>"
L 04/24/2016 - 20:23:46: [playercommands.smx] "Nopied◎<2><[U:1:103205717]><>" slayed "Bot03<5><BOT><>"
L 04/24/2016 - 20:23:46: [playercommands.smx] "Nopied◎<2><[U:1:103205717]><>" slayed "Bot04<6><BOT><>"
L 04/24/2016 - 20:23:46: [playercommands.smx] "Nopied◎<2><[U:1:103205717]><>" slayed "Bot05<7><BOT><>"
L 04/24/2016 - 20:23:46: [playercommands.smx] "Nopied◎<2><[U:1:103205717]><>" slayed "Bot06<8><BOT><>"
L 04/24/2016 - 20:33:25: [playercommands.smx] "Nopied◎<2><[U:1:103205717]><>" slapped "Nopied◎<2><[U:1:103205717]><>" (damage "1")
L 04/24/2016 - 20:33:25: [playercommands.smx] "Nopied◎<2><[U:1:103205717]><>" slapped "Nopied◎<2><[U:1:103205717]><>" (damage "1")
L 04/24/2016 - 20:33:26: [playercommands.smx] "Nopied◎<2><[U:1:103205717]><>" slapped "Nopied◎<2><[U:1:103205717]><>" (damage "1")
L 04/24/2016 - 20:33:26: [playercommands.smx] "Nopied◎<2><[U:1:103205717]><>" slapped "Nopied◎<2><[U:1:103205717]><>" (damage "1")
L 04/24/2016 - 20:33:26: [playercommands.smx] "Nopied◎<2><[U:1:103205717]><>" slapped "Nopied◎<2><[U:1:103205717]><>" (damage "1")
L 04/24/2016 - 20:33:27: [playercommands.smx] "Nopied◎<2><[U:1:103205717]><>" slapped "Nopied◎<2><[U:1:103205717]><>" (damage "1")
L 04/24/2016 - 20:33:27: [playercommands.smx] "Nopied◎<2><[U:1:103205717]><>" slapped "Nopied◎<2><[U:1:103205717]><>" (damage "1")
L 04/24/2016 - 20:33:28: [playercommands.smx] "Nopied◎<2><[U:1:103205717]><>" slapped "Nopied◎<2><[U:1:103205717]><>" (damage "1")
L 04/24/2016 - 20:33:29: [playercommands.smx] "Nopied◎<2><[U:1:103205717]><>" slapped "Nopied◎<2><[U:1:103205717]><>" (damage "1")
L 04/24/2016 - 20:33:29: [playercommands.smx] "Nopied◎<2><[U:1:103205717]><>" slapped "Nopied◎<2><[U:1:103205717]><>" (damage "1")
L 04/24/2016 - 20:33:29: [playercommands.smx] "Nopied◎<2><[U:1:103205717]><>" slapped "Nopied◎<2><[U:1:103205717]><>" (damage "1")
L 04/24/2016 - 20:33:30: [playercommands.smx] "Nopied◎<2><[U:1:103205717]><>" slapped "Nopied◎<2><[U:1:103205717]><>" (damage "1")
L 04/24/2016 - 20:33:30: [playercommands.smx] "Nopied◎<2><[U:1:103205717]><>" slapped "Nopied◎<2><[U:1:103205717]><>" (damage "1")
L 04/24/2016 - 20:33:30: [playercommands.smx] "Nopied◎<2><[U:1:103205717]><>" slapped "Nopied◎<2><[U:1:103205717]><>" (damage "1")
L 04/24/2016 - 20:33:31: [playercommands.smx] "Nopied◎<2><[U:1:103205717]><>" slapped "Bot02<4><BOT><>" (damage "1")
L 04/24/2016 - 20:33:31: [playercommands.smx] "Nopied◎<2><[U:1:103205717]><>" slapped "Bot03<5><BOT><>" (damage "1")
L 04/24/2016 - 20:33:31: [playercommands.smx] "Nopied◎<2><[U:1:103205717]><>" slapped "Bot02<4><BOT><>" (damage "1")
L 04/24/2016 - 20:33:31: [playercommands.smx] "Nopied◎<2><[U:1:103205717]><>" slapped "Bot03<5><BOT><>" (damage "1")
L 04/24/2016 - 20:33:31: [playercommands.smx] "Nopied◎<2><[U:1:103205717]><>" slapped "Bot02<4><BOT><>" (damage "1")
L 04/24/2016 - 20:33:31: [playercommands.smx] "Nopied◎<2><[U:1:103205717]><>" slapped "Bot02<4><BOT><>" (damage "1")
L 04/24/2016 - 20:33:31: [playercommands.smx] "Nopied◎<2><[U:1:103205717]><>" slapped "Bot03<5><BOT><>" (damage "1")
L 04/24/2016 - 20:33:32: [playercommands.smx] "Nopied◎<2><[U:1:103205717]><>" slapped "Bot02<4><BOT><>" (damage "1")
L 04/24/2016 - 20:33:32: [playercommands.smx] "Nopied◎<2><[U:1:103205717]><>" slapped "Bot03<5><BOT><>" (damage "1")
L 04/24/2016 - 20:33:32: [playercommands.smx] "Nopied◎<2><[U:1:103205717]><>" slapped "Bot02<4><BOT><>" (damage "1")
L 04/24/2016 - 20:33:32: [playercommands.smx] "Nopied◎<2><[U:1:103205717]><>" slapped "Bot03<5><BOT><>" (damage "1")
L 04/24/2016 - 20:33:32: [playercommands.smx] "Nopied◎<2><[U:1:103205717]><>" slapped "Bot02<4><BOT><>" (damage "1")
L 04/24/2016 - 20:33:32: [playercommands.smx] "Nopied◎<2><[U:1:103205717]><>" slapped "Bot02<4><BOT><>" (damage "1")
L 04/24/2016 - 20:33:32: [playercommands.smx] "Nopied◎<2><[U:1:103205717]><>" slapped "Bot02<4><BOT><>" (damage "1")
L 04/24/2016 - 20:33:33: [playercommands.smx] "Nopied◎<2><[U:1:103205717]><>" slapped "Bot02<4><BOT><>" (damage "1")
L 04/24/2016 - 20:33:36: [playercommands.smx] "Nopied◎<2><[U:1:103205717]><>" slapped "Bot03<5><BOT><>" (damage "50")
L 04/24/2016 - 20:33:36: [playercommands.smx] "Nopied◎<2><[U:1:103205717]><>" slapped "Bot03<5><BOT><>" (damage "50")
L 04/24/2016 - 20:33:37: [playercommands.smx] "Nopied◎<2><[U:1:103205717]><>" slapped "Bot03<5><BOT><>" (damage "50")
L 04/24/2016 - 20:33:37: [playercommands.smx] "Nopied◎<2><[U:1:103205717]><>" slapped "Bot02<4><BOT><>" (damage "50")
L 04/24/2016 - 20:33:37: [playercommands.smx] "Nopied◎<2><[U:1:103205717]><>" slapped "Bot02<4><BOT><>" (damage "50")
L 04/24/2016 - 20:33:37: [playercommands.smx] "Nopied◎<2><[U:1:103205717]><>" slapped "Bot02<4><BOT><>" (damage "50")
L 04/24/2016 - 20:33:39: [playercommands.smx] "Nopied◎<2><[U:1:103205717]><>" slapped "Bot05<7><BOT><>" (damage "50")
L 04/24/2016 - 20:33:39: [playercommands.smx] "Nopied◎<2><[U:1:103205717]><>" slapped "Bot04<6><BOT><>" (damage "50")
L 04/24/2016 - 20:33:40: [playercommands.smx] "Nopied◎<2><[U:1:103205717]><>" slapped "Bot05<7><BOT><>" (damage "50")
L 04/24/2016 - 20:33:40: [playercommands.smx] "Nopied◎<2><[U:1:103205717]><>" slapped "Bot04<6><BOT><>" (damage "50")
L 04/24/2016 - 20:33:40: [playercommands.smx] "Nopied◎<2><[U:1:103205717]><>" slapped "Bot05<7><BOT><>" (damage "50")
L 04/24/2016 - 20:33:40: [playercommands.smx] "Nopied◎<2><[U:1:103205717]><>" slapped "Bot04<6><BOT><>" (damage "50")
L 04/24/2016 - 20:33:40: [playercommands.smx] "Nopied◎<2><[U:1:103205717]><>" slapped "Bot04<6><BOT><>" (damage "50")
L 04/24/2016 - 20:45:25: Log file closed.
L 04/24/2016 - 21:08:54: SourceMod log file session started (file "L20160424.log") (Version "1.7.3-dev+5298")
L 04/24/2016 - 21:08:54: -------- Mapchange to vsh_apg_v2 --------
L 04/24/2016 - 21:08:54: [TF2ITEMS] "GiveNamedItem" offset = 472
L 04/24/2016 - 21:08:55: [Boss Selection.smx] [FF2boss] Added chat command: ff2boss
L 04/24/2016 - 21:08:55: [Boss Selection.smx] [FF2boss] Added chat command: boss
L 04/24/2016 - 21:08:55: [Boss Selection.smx] [FF2boss] Added chat command: 보스
L 04/24/2016 - 21:08:55: [Boss Selection.smx] [FF2boss] Added chat command: 보스선택
L 04/24/2016 - 21:08:55: [custompart.smx] Debug for CustomPart
L 04/24/2016 - 21:08:55: [freak_fortress_2.smx] ===Freak Fortress 2 Initializing-v1.10.9 Beta (build manual)===
L 04/24/2016 - 21:09:06: [Boss Selection.smx] [FF2boss] Added chat command: ff2boss
L 04/24/2016 - 21:09:06: [Boss Selection.smx] [FF2boss] Added chat command: boss
L 04/24/2016 - 21:09:06: [Boss Selection.smx] [FF2boss] Added chat command: 보스
L 04/24/2016 - 21:09:06: [Boss Selection.smx] [FF2boss] Added chat command: 보스선택
L 04/24/2016 - 21:15:28: Log file closed.
L 04/24/2016 - 21:36:01: SourceMod log file session started (file "L20160424.log") (Version "1.7.3-dev+5298")
L 04/24/2016 - 21:36:01: -------- Mapchange to vsh_apg_v2 --------
L 04/24/2016 - 21:36:01: [TF2ITEMS] "GiveNamedItem" offset = 472
L 04/24/2016 - 21:36:01: [Boss Selection.smx] [FF2boss] Added chat command: ff2boss
L 04/24/2016 - 21:36:01: [Boss Selection.smx] [FF2boss] Added chat command: boss
L 04/24/2016 - 21:36:01: [Boss Selection.smx] [FF2boss] Added chat command: 보스
L 04/24/2016 - 21:36:01: [Boss Selection.smx] [FF2boss] Added chat command: 보스선택
L 04/24/2016 - 21:36:01: [custompart.smx] Debug for CustomPart
L 04/24/2016 - 21:36:01: [freak_fortress_2.smx] ===Freak Fortress 2 Initializing-v1.10.9 Beta (build manual)===
L 04/24/2016 - 21:36:13: [Boss Selection.smx] [FF2boss] Added chat command: ff2boss
L 04/24/2016 - 21:36:13: [Boss Selection.smx] [FF2boss] Added chat command: boss
L 04/24/2016 - 21:36:13: [Boss Selection.smx] [FF2boss] Added chat command: 보스
L 04/24/2016 - 21:36:13: [Boss Selection.smx] [FF2boss] Added chat command: 보스선택
L 04/24/2016 - 21:39:01: [Boss Selection.smx] 이 클라이언트는 20의 대기포인트를 저장해놓은 상태.
L 04/24/2016 - 21:42:41: [Boss Selection.smx] 이 클라이언트는 20의 대기포인트를 저장해놓은 상태.
L 04/24/2016 - 21:43:53: [playercommands.smx] "Nopied◎<2><[U:1:103205717]><>" slayed "Nopied◎<2><[U:1:103205717]><>"
L 04/24/2016 - 21:43:57: [Boss Selection.smx] 이 클라이언트는 20의 대기포인트를 저장해놓은 상태.
L 04/24/2016 - 21:45:45: Log file closed.
L 04/24/2016 - 21:45:57: SourceMod log file session started (file "L20160424.log") (Version "1.7.3-dev+5298")
L 04/24/2016 - 21:45:57: -------- Mapchange to vsh_apg_v2 --------
L 04/24/2016 - 21:45:57: [TF2ITEMS] "GiveNamedItem" offset = 472
L 04/24/2016 - 21:45:58: [Boss Selection.smx] [FF2boss] Added chat command: ff2boss
L 04/24/2016 - 21:45:58: [Boss Selection.smx] [FF2boss] Added chat command: boss
L 04/24/2016 - 21:45:58: [Boss Selection.smx] [FF2boss] Added chat command: 보스
L 04/24/2016 - 21:45:58: [Boss Selection.smx] [FF2boss] Added chat command: 보스선택
L 04/24/2016 - 21:45:58: [custompart.smx] Debug for CustomPart
L 04/24/2016 - 21:45:58: [freak_fortress_2.smx] ===Freak Fortress 2 Initializing-v1.10.9 Beta (build manual)===
L 04/24/2016 - 21:46:09: [Boss Selection.smx] [FF2boss] Added chat command: ff2boss
L 04/24/2016 - 21:46:09: [Boss Selection.smx] [FF2boss] Added chat command: boss
L 04/24/2016 - 21:46:09: [Boss Selection.smx] [FF2boss] Added chat command: 보스
L 04/24/2016 - 21:46:09: [Boss Selection.smx] [FF2boss] Added chat command: 보스선택
L 04/24/2016 - 21:49:59: [Boss Selection.smx] 이 클라이언트는 20의 대기포인트를 저장해놓은 상태.
L 04/24/2016 - 21:50:25: [playercommands.smx] "Nopied◎<2><[U:1:103205717]><>" slayed "Nopied◎<2><[U:1:103205717]><>"
L 04/24/2016 - 21:50:25: [playercommands.smx] "Nopied◎<2><[U:1:103205717]><>" slayed "나는 브로니다! :)<3><[U:1:150941697]><>"
L 04/24/2016 - 21:50:25: [playercommands.smx] "Nopied◎<2><[U:1:103205717]><>" slayed "나는 브로니다!(작다)<8><[U:1:209760731]><>"
L 04/24/2016 - 21:50:25: [playercommands.smx] "Nopied◎<2><[U:1:103205717]><>" slayed "GO mediseun<9><[U:1:61271689]><>"
L 04/24/2016 - 21:50:25: [playercommands.smx] "Nopied◎<2><[U:1:103205717]><>" slayed "나는 브로니다! 으아아<10><[U:1:224567350]><>"
L 04/24/2016 - 21:50:28: [Boss Selection.smx] 이 클라이언트는 20의 대기포인트를 저장해놓은 상태.
L 04/24/2016 - 21:50:34: [freak_fortress_2.smx] "Nopied◎<2><[U:1:103205717]><>" added 123 queue points to "Nopied◎<2><[U:1:103205717]><>"
L 04/24/2016 - 21:54:32: [Boss Selection.smx] 이 클라이언트는 20의 대기포인트를 저장해놓은 상태.
L 04/24/2016 - 21:56:12: [Boss Selection.smx] 이 클라이언트는 20의 대기포인트를 저장해놓은 상태.
L 04/24/2016 - 21:59:31: [Boss Selection.smx] 이 클라이언트는 20의 대기포인트를 저장해놓은 상태.
L 04/24/2016 - 22:01:27: [funcommands.smx] "Nopied◎<2><[U:1:103205717]><>" froze "나는 브로니다! :)<12><[U:1:150941697]><>"
L 04/24/2016 - 22:01:36: [Boss Selection.smx] 이 클라이언트는 20의 대기포인트를 저장해놓은 상태.
L 04/24/2016 - 22:05:53: [playercommands.smx] "Nopied◎<2><[U:1:103205717]><>" slayed "[KOR]dwgwjw1024[PFBT]<11><[U:1:159644927]><>"
L 04/24/2016 - 22:05:56: [Boss Selection.smx] 이 클라이언트는 20의 대기포인트를 저장해놓은 상태.
L 04/24/2016 - 22:09:27: [Boss Selection.smx] 이 클라이언트는 0의 대기포인트를 저장해놓은 상태.
L 04/24/2016 - 22:09:27: [Boss Selection.smx] 이 클라이언트는 20의 대기포인트를 저장해놓은 상태.
L 04/24/2016 - 22:11:28: [Boss Selection.smx] 이 클라이언트는 0의 대기포인트를 저장해놓은 상태.
L 04/24/2016 - 22:11:28: [Boss Selection.smx] 이 클라이언트는 20의 대기포인트를 저장해놓은 상태.
L 04/24/2016 - 22:16:51: [Boss Selection.smx] 이 클라이언트는 0의 대기포인트를 저장해놓은 상태.
L 04/24/2016 - 22:16:51: [Boss Selection.smx] 이 클라이언트는 20의 대기포인트를 저장해놓은 상태.
L 04/24/2016 - 22:17:21: [freak_fortress_2.smx] "Nopied◎<2><[U:1:103205717]><>" added 123 queue points to "Nopied◎<2><[U:1:103205717]><>"
L 04/24/2016 - 22:20:07: [Boss Selection.smx] 이 클라이언트는 0의 대기포인트를 저장해놓은 상태.
L 04/24/2016 - 22:20:07: [Boss Selection.smx] 이 클라이언트는 20의 대기포인트를 저장해놓은 상태.
L 04/24/2016 - 22:22:35: [Boss Selection.smx] 이 클라이언트는 0의 대기포인트를 저장해놓은 상태.
L 04/24/2016 - 22:22:35: [Boss Selection.smx] 이 클라이언트는 20의 대기포인트를 저장해놓은 상태.
L 04/24/2016 - 22:22:57: [SM] Changed map to "koth_nucleus"
L 04/24/2016 - 22:22:59: -------- Mapchange to koth_nucleus --------
L 04/24/2016 - 22:23:05: [Boss Selection.smx] [FF2boss] Added chat command: ff2boss
L 04/24/2016 - 22:23:05: [Boss Selection.smx] [FF2boss] Added chat command: boss
L 04/24/2016 - 22:23:05: [Boss Selection.smx] [FF2boss] Added chat command: 보스
L 04/24/2016 - 22:23:05: [Boss Selection.smx] [FF2boss] Added chat command: 보스선택
L 04/24/2016 - 22:23:40: [basecommands.smx] "Nopied◎<2><[U:1:103205717]><>" changed map to "vsh_2fortdesk_v8"
L 04/24/2016 - 22:23:43: [SM] Changed map to "vsh_2fortdesk_v8"
L 04/24/2016 - 22:23:45: -------- Mapchange to vsh_2fortdesk_v8 --------
L 04/24/2016 - 22:23:50: [Boss Selection.smx] [FF2boss] Added chat command: ff2boss
L 04/24/2016 - 22:23:50: [Boss Selection.smx] [FF2boss] Added chat command: boss
L 04/24/2016 - 22:23:50: [Boss Selection.smx] [FF2boss] Added chat command: 보스
L 04/24/2016 - 22:23:50: [Boss Selection.smx] [FF2boss] Added chat command: 보스선택
L 04/24/2016 - 22:27:09: [Boss Selection.smx] 이 클라이언트는 20의 대기포인트를 저장해놓은 상태.
L 04/24/2016 - 22:27:35: [freak_fortress_2.smx] "Nopied◎<2><[U:1:103205717]><>" added 124 queue points to "Nopied◎<2><[U:1:103205717]><>"
L 04/24/2016 - 22:30:22: [playercommands.smx] "Nopied◎<2><[U:1:103205717]><>" slayed "[KOR]dwgwjw1024[PFBT]<11><[U:1:159644927]><>"
L 04/24/2016 - 22:30:22: [playercommands.smx] "Nopied◎<2><[U:1:103205717]><>" slayed "GO mediseun<22><[U:1:61271689]><>"
L 04/24/2016 - 22:30:25: [Boss Selection.smx] 이 클라이언트는 20의 대기포인트를 저장해놓은 상태.
L 04/24/2016 - 22:33:57: [basecommands.smx] "Nopied◎<2><[U:1:103205717]><>" changed map to "arena_badlands"
L 04/24/2016 - 22:34:00: [SM] Changed map to "arena_badlands"
L 04/24/2016 - 22:34:02: -------- Mapchange to arena_badlands --------
L 04/24/2016 - 22:34:07: [Boss Selection.smx] [FF2boss] Added chat command: ff2boss
L 04/24/2016 - 22:34:07: [Boss Selection.smx] [FF2boss] Added chat command: boss
L 04/24/2016 - 22:34:07: [Boss Selection.smx] [FF2boss] Added chat command: 보스
L 04/24/2016 - 22:34:07: [Boss Selection.smx] [FF2boss] Added chat command: 보스선택
L 04/24/2016 - 22:41:03: [playercommands.smx] "Nopied◎<2><[U:1:103205717]><>" slayed "[KOR]dwgwjw1024[PFBT]<11><[U:1:159644927]><>"
L 04/24/2016 - 22:41:03: [playercommands.smx] "Nopied◎<2><[U:1:103205717]><>" slayed "GO mediseun<22><[U:1:61271689]><>"
L 04/24/2016 - 22:41:03: [playercommands.smx] "Nopied◎<2><[U:1:103205717]><>" slayed "Bёtrαyαl fαster thαn l!ght<27><[U:1:45110770]><>"
L 04/24/2016 - 22:41:03: [playercommands.smx] "Nopied◎<2><[U:1:103205717]><>" slayed "나는 브로니다! :)<23><[U:1:150941697]><>"
L 04/24/2016 - 22:41:09: Log file closed.
